[2022-03-17 16:03:43,980] {processor.py:163} INFO - Started process (PID=44986) to work on /Users/louisekirkham/Documents/linkedin_learning/Ex_Files_Data_Engineering_Foundations/airflow_env/lib/python3.9/site-packages/airflow/example_dags/example_bash_operator.py
[2022-03-17 16:03:43,981] {processor.py:642} INFO - Processing file /Users/louisekirkham/Documents/linkedin_learning/Ex_Files_Data_Engineering_Foundations/airflow_env/lib/python3.9/site-packages/airflow/example_dags/example_bash_operator.py for tasks to queue
[2022-03-17 16:03:43,981] {logging_mixin.py:109} INFO - [2022-03-17 16:03:43,981] {dagbag.py:500} INFO - Filling up the DagBag from /Users/louisekirkham/Documents/linkedin_learning/Ex_Files_Data_Engineering_Foundations/airflow_env/lib/python3.9/site-packages/airflow/example_dags/example_bash_operator.py
[2022-03-17 16:03:44,016] {processor.py:654} INFO - DAG(s) dict_keys(['example_bash_operator']) retrieved from /Users/louisekirkham/Documents/linkedin_learning/Ex_Files_Data_Engineering_Foundations/airflow_env/lib/python3.9/site-packages/airflow/example_dags/example_bash_operator.py
[2022-03-17 16:03:44,031] {logging_mixin.py:109} INFO - [2022-03-17 16:03:44,031] {dag.py:2398} INFO - Sync 1 DAGs
[2022-03-17 16:03:44,039] {logging_mixin.py:109} INFO - [2022-03-17 16:03:44,039] {dag.py:2937} INFO - Setting next_dagrun for example_bash_operator to 2022-03-16 00:00:00+00:00
[2022-03-17 16:03:44,045] {processor.py:171} INFO - Processing /Users/louisekirkham/Documents/linkedin_learning/Ex_Files_Data_Engineering_Foundations/airflow_env/lib/python3.9/site-packages/airflow/example_dags/example_bash_operator.py took 0.066 seconds
[2022-03-17 16:35:38,874] {processor.py:163} INFO - Started process (PID=45156) to work on /Users/louisekirkham/Documents/linkedin_learning/Ex_Files_Data_Engineering_Foundations/airflow_env/lib/python3.9/site-packages/airflow/example_dags/example_bash_operator.py
[2022-03-17 16:35:38,874] {processor.py:642} INFO - Processing file /Users/louisekirkham/Documents/linkedin_learning/Ex_Files_Data_Engineering_Foundations/airflow_env/lib/python3.9/site-packages/airflow/example_dags/example_bash_operator.py for tasks to queue
[2022-03-17 16:35:38,875] {logging_mixin.py:109} INFO - [2022-03-17 16:35:38,874] {dagbag.py:500} INFO - Filling up the DagBag from /Users/louisekirkham/Documents/linkedin_learning/Ex_Files_Data_Engineering_Foundations/airflow_env/lib/python3.9/site-packages/airflow/example_dags/example_bash_operator.py
[2022-03-17 16:35:38,907] {processor.py:654} INFO - DAG(s) dict_keys(['example_bash_operator']) retrieved from /Users/louisekirkham/Documents/linkedin_learning/Ex_Files_Data_Engineering_Foundations/airflow_env/lib/python3.9/site-packages/airflow/example_dags/example_bash_operator.py
[2022-03-17 16:35:38,922] {logging_mixin.py:109} INFO - [2022-03-17 16:35:38,922] {dag.py:2398} INFO - Sync 1 DAGs
[2022-03-17 16:35:38,931] {logging_mixin.py:109} INFO - [2022-03-17 16:35:38,931] {dag.py:2937} INFO - Setting next_dagrun for example_bash_operator to 2022-03-16 00:00:00+00:00
[2022-03-17 16:35:38,938] {processor.py:171} INFO - Processing /Users/louisekirkham/Documents/linkedin_learning/Ex_Files_Data_Engineering_Foundations/airflow_env/lib/python3.9/site-packages/airflow/example_dags/example_bash_operator.py took 0.064 seconds
[2022-03-17 16:37:06,380] {processor.py:163} INFO - Started process (PID=45233) to work on /Users/louisekirkham/Documents/linkedin_learning/Ex_Files_Data_Engineering_Foundations/airflow_env/lib/python3.9/site-packages/airflow/example_dags/example_bash_operator.py
[2022-03-17 16:37:06,381] {processor.py:642} INFO - Processing file /Users/louisekirkham/Documents/linkedin_learning/Ex_Files_Data_Engineering_Foundations/airflow_env/lib/python3.9/site-packages/airflow/example_dags/example_bash_operator.py for tasks to queue
[2022-03-17 16:37:06,381] {logging_mixin.py:109} INFO - [2022-03-17 16:37:06,381] {dagbag.py:500} INFO - Filling up the DagBag from /Users/louisekirkham/Documents/linkedin_learning/Ex_Files_Data_Engineering_Foundations/airflow_env/lib/python3.9/site-packages/airflow/example_dags/example_bash_operator.py
[2022-03-17 16:37:06,416] {processor.py:654} INFO - DAG(s) dict_keys(['example_bash_operator']) retrieved from /Users/louisekirkham/Documents/linkedin_learning/Ex_Files_Data_Engineering_Foundations/airflow_env/lib/python3.9/site-packages/airflow/example_dags/example_bash_operator.py
[2022-03-17 16:37:06,434] {logging_mixin.py:109} INFO - [2022-03-17 16:37:06,434] {dag.py:2398} INFO - Sync 1 DAGs
[2022-03-17 16:37:06,445] {logging_mixin.py:109} INFO - [2022-03-17 16:37:06,445] {dag.py:2937} INFO - Setting next_dagrun for example_bash_operator to 2022-03-16 00:00:00+00:00
[2022-03-17 16:37:06,452] {processor.py:171} INFO - Processing /Users/louisekirkham/Documents/linkedin_learning/Ex_Files_Data_Engineering_Foundations/airflow_env/lib/python3.9/site-packages/airflow/example_dags/example_bash_operator.py took 0.072 seconds
[2022-03-17 16:38:27,952] {processor.py:163} INFO - Started process (PID=45310) to work on /Users/louisekirkham/Documents/linkedin_learning/Ex_Files_Data_Engineering_Foundations/airflow_env/lib/python3.9/site-packages/airflow/example_dags/example_bash_operator.py
[2022-03-17 16:38:27,952] {processor.py:642} INFO - Processing file /Users/louisekirkham/Documents/linkedin_learning/Ex_Files_Data_Engineering_Foundations/airflow_env/lib/python3.9/site-packages/airflow/example_dags/example_bash_operator.py for tasks to queue
[2022-03-17 16:38:27,952] {logging_mixin.py:109} INFO - [2022-03-17 16:38:27,952] {dagbag.py:500} INFO - Filling up the DagBag from /Users/louisekirkham/Documents/linkedin_learning/Ex_Files_Data_Engineering_Foundations/airflow_env/lib/python3.9/site-packages/airflow/example_dags/example_bash_operator.py
[2022-03-17 16:38:27,980] {processor.py:654} INFO - DAG(s) dict_keys(['example_bash_operator']) retrieved from /Users/louisekirkham/Documents/linkedin_learning/Ex_Files_Data_Engineering_Foundations/airflow_env/lib/python3.9/site-packages/airflow/example_dags/example_bash_operator.py
[2022-03-17 16:38:27,993] {logging_mixin.py:109} INFO - [2022-03-17 16:38:27,993] {dag.py:2398} INFO - Sync 1 DAGs
[2022-03-17 16:38:28,001] {logging_mixin.py:109} INFO - [2022-03-17 16:38:28,000] {dag.py:2937} INFO - Setting next_dagrun for example_bash_operator to 2022-03-16 00:00:00+00:00
[2022-03-17 16:38:28,008] {processor.py:171} INFO - Processing /Users/louisekirkham/Documents/linkedin_learning/Ex_Files_Data_Engineering_Foundations/airflow_env/lib/python3.9/site-packages/airflow/example_dags/example_bash_operator.py took 0.057 seconds
[2022-03-17 16:39:48,282] {processor.py:163} INFO - Started process (PID=45373) to work on /Users/louisekirkham/Documents/linkedin_learning/Ex_Files_Data_Engineering_Foundations/airflow_env/lib/python3.9/site-packages/airflow/example_dags/example_bash_operator.py
[2022-03-17 16:39:48,282] {processor.py:642} INFO - Processing file /Users/louisekirkham/Documents/linkedin_learning/Ex_Files_Data_Engineering_Foundations/airflow_env/lib/python3.9/site-packages/airflow/example_dags/example_bash_operator.py for tasks to queue
[2022-03-17 16:39:48,282] {logging_mixin.py:109} INFO - [2022-03-17 16:39:48,282] {dagbag.py:500} INFO - Filling up the DagBag from /Users/louisekirkham/Documents/linkedin_learning/Ex_Files_Data_Engineering_Foundations/airflow_env/lib/python3.9/site-packages/airflow/example_dags/example_bash_operator.py
[2022-03-17 16:39:48,310] {processor.py:654} INFO - DAG(s) dict_keys(['example_bash_operator']) retrieved from /Users/louisekirkham/Documents/linkedin_learning/Ex_Files_Data_Engineering_Foundations/airflow_env/lib/python3.9/site-packages/airflow/example_dags/example_bash_operator.py
[2022-03-17 16:39:48,322] {logging_mixin.py:109} INFO - [2022-03-17 16:39:48,322] {dag.py:2398} INFO - Sync 1 DAGs
[2022-03-17 16:39:48,329] {logging_mixin.py:109} INFO - [2022-03-17 16:39:48,329] {dag.py:2937} INFO - Setting next_dagrun for example_bash_operator to 2022-03-16 00:00:00+00:00
[2022-03-17 16:39:48,335] {processor.py:171} INFO - Processing /Users/louisekirkham/Documents/linkedin_learning/Ex_Files_Data_Engineering_Foundations/airflow_env/lib/python3.9/site-packages/airflow/example_dags/example_bash_operator.py took 0.054 seconds
[2022-03-17 16:41:08,748] {processor.py:163} INFO - Started process (PID=45431) to work on /Users/louisekirkham/Documents/linkedin_learning/Ex_Files_Data_Engineering_Foundations/airflow_env/lib/python3.9/site-packages/airflow/example_dags/example_bash_operator.py
[2022-03-17 16:41:08,749] {processor.py:642} INFO - Processing file /Users/louisekirkham/Documents/linkedin_learning/Ex_Files_Data_Engineering_Foundations/airflow_env/lib/python3.9/site-packages/airflow/example_dags/example_bash_operator.py for tasks to queue
[2022-03-17 16:41:08,749] {logging_mixin.py:109} INFO - [2022-03-17 16:41:08,749] {dagbag.py:500} INFO - Filling up the DagBag from /Users/louisekirkham/Documents/linkedin_learning/Ex_Files_Data_Engineering_Foundations/airflow_env/lib/python3.9/site-packages/airflow/example_dags/example_bash_operator.py
[2022-03-17 16:41:08,777] {processor.py:654} INFO - DAG(s) dict_keys(['example_bash_operator']) retrieved from /Users/louisekirkham/Documents/linkedin_learning/Ex_Files_Data_Engineering_Foundations/airflow_env/lib/python3.9/site-packages/airflow/example_dags/example_bash_operator.py
[2022-03-17 16:41:08,790] {logging_mixin.py:109} INFO - [2022-03-17 16:41:08,790] {dag.py:2398} INFO - Sync 1 DAGs
[2022-03-17 16:41:08,798] {logging_mixin.py:109} INFO - [2022-03-17 16:41:08,798] {dag.py:2937} INFO - Setting next_dagrun for example_bash_operator to 2022-03-16 00:00:00+00:00
[2022-03-17 16:41:08,804] {processor.py:171} INFO - Processing /Users/louisekirkham/Documents/linkedin_learning/Ex_Files_Data_Engineering_Foundations/airflow_env/lib/python3.9/site-packages/airflow/example_dags/example_bash_operator.py took 0.057 seconds
[2022-03-17 16:42:30,465] {processor.py:163} INFO - Started process (PID=45496) to work on /Users/louisekirkham/Documents/linkedin_learning/Ex_Files_Data_Engineering_Foundations/airflow_env/lib/python3.9/site-packages/airflow/example_dags/example_bash_operator.py
[2022-03-17 16:42:30,466] {processor.py:642} INFO - Processing file /Users/louisekirkham/Documents/linkedin_learning/Ex_Files_Data_Engineering_Foundations/airflow_env/lib/python3.9/site-packages/airflow/example_dags/example_bash_operator.py for tasks to queue
[2022-03-17 16:42:30,466] {logging_mixin.py:109} INFO - [2022-03-17 16:42:30,466] {dagbag.py:500} INFO - Filling up the DagBag from /Users/louisekirkham/Documents/linkedin_learning/Ex_Files_Data_Engineering_Foundations/airflow_env/lib/python3.9/site-packages/airflow/example_dags/example_bash_operator.py
[2022-03-17 16:42:30,499] {processor.py:654} INFO - DAG(s) dict_keys(['example_bash_operator']) retrieved from /Users/louisekirkham/Documents/linkedin_learning/Ex_Files_Data_Engineering_Foundations/airflow_env/lib/python3.9/site-packages/airflow/example_dags/example_bash_operator.py
[2022-03-17 16:42:30,515] {logging_mixin.py:109} INFO - [2022-03-17 16:42:30,515] {dag.py:2398} INFO - Sync 1 DAGs
[2022-03-17 16:42:30,524] {logging_mixin.py:109} INFO - [2022-03-17 16:42:30,524] {dag.py:2937} INFO - Setting next_dagrun for example_bash_operator to 2022-03-16 00:00:00+00:00
[2022-03-17 16:42:30,531] {processor.py:171} INFO - Processing /Users/louisekirkham/Documents/linkedin_learning/Ex_Files_Data_Engineering_Foundations/airflow_env/lib/python3.9/site-packages/airflow/example_dags/example_bash_operator.py took 0.066 seconds
[2022-03-17 16:43:52,031] {processor.py:163} INFO - Started process (PID=45586) to work on /Users/louisekirkham/Documents/linkedin_learning/Ex_Files_Data_Engineering_Foundations/airflow_env/lib/python3.9/site-packages/airflow/example_dags/example_bash_operator.py
[2022-03-17 16:43:52,032] {processor.py:642} INFO - Processing file /Users/louisekirkham/Documents/linkedin_learning/Ex_Files_Data_Engineering_Foundations/airflow_env/lib/python3.9/site-packages/airflow/example_dags/example_bash_operator.py for tasks to queue
[2022-03-17 16:43:52,032] {logging_mixin.py:109} INFO - [2022-03-17 16:43:52,032] {dagbag.py:500} INFO - Filling up the DagBag from /Users/louisekirkham/Documents/linkedin_learning/Ex_Files_Data_Engineering_Foundations/airflow_env/lib/python3.9/site-packages/airflow/example_dags/example_bash_operator.py
[2022-03-17 16:43:52,061] {processor.py:654} INFO - DAG(s) dict_keys(['example_bash_operator']) retrieved from /Users/louisekirkham/Documents/linkedin_learning/Ex_Files_Data_Engineering_Foundations/airflow_env/lib/python3.9/site-packages/airflow/example_dags/example_bash_operator.py
[2022-03-17 16:43:52,075] {logging_mixin.py:109} INFO - [2022-03-17 16:43:52,075] {dag.py:2398} INFO - Sync 1 DAGs
[2022-03-17 16:43:52,083] {logging_mixin.py:109} INFO - [2022-03-17 16:43:52,083] {dag.py:2937} INFO - Setting next_dagrun for example_bash_operator to 2022-03-16 00:00:00+00:00
[2022-03-17 16:43:52,090] {processor.py:171} INFO - Processing /Users/louisekirkham/Documents/linkedin_learning/Ex_Files_Data_Engineering_Foundations/airflow_env/lib/python3.9/site-packages/airflow/example_dags/example_bash_operator.py took 0.059 seconds
[2022-03-17 16:45:12,831] {processor.py:163} INFO - Started process (PID=45655) to work on /Users/louisekirkham/Documents/linkedin_learning/Ex_Files_Data_Engineering_Foundations/airflow_env/lib/python3.9/site-packages/airflow/example_dags/example_bash_operator.py
[2022-03-17 16:45:12,831] {processor.py:642} INFO - Processing file /Users/louisekirkham/Documents/linkedin_learning/Ex_Files_Data_Engineering_Foundations/airflow_env/lib/python3.9/site-packages/airflow/example_dags/example_bash_operator.py for tasks to queue
[2022-03-17 16:45:12,832] {logging_mixin.py:109} INFO - [2022-03-17 16:45:12,832] {dagbag.py:500} INFO - Filling up the DagBag from /Users/louisekirkham/Documents/linkedin_learning/Ex_Files_Data_Engineering_Foundations/airflow_env/lib/python3.9/site-packages/airflow/example_dags/example_bash_operator.py
[2022-03-17 16:45:12,860] {processor.py:654} INFO - DAG(s) dict_keys(['example_bash_operator']) retrieved from /Users/louisekirkham/Documents/linkedin_learning/Ex_Files_Data_Engineering_Foundations/airflow_env/lib/python3.9/site-packages/airflow/example_dags/example_bash_operator.py
[2022-03-17 16:45:12,873] {logging_mixin.py:109} INFO - [2022-03-17 16:45:12,873] {dag.py:2398} INFO - Sync 1 DAGs
[2022-03-17 16:45:12,881] {logging_mixin.py:109} INFO - [2022-03-17 16:45:12,881] {dag.py:2937} INFO - Setting next_dagrun for example_bash_operator to 2022-03-16 00:00:00+00:00
[2022-03-17 16:45:12,889] {processor.py:171} INFO - Processing /Users/louisekirkham/Documents/linkedin_learning/Ex_Files_Data_Engineering_Foundations/airflow_env/lib/python3.9/site-packages/airflow/example_dags/example_bash_operator.py took 0.059 seconds
[2022-03-17 17:07:37,287] {processor.py:163} INFO - Started process (PID=45830) to work on /Users/louisekirkham/Documents/linkedin_learning/Ex_Files_Data_Engineering_Foundations/airflow_env/lib/python3.9/site-packages/airflow/example_dags/example_bash_operator.py
[2022-03-17 17:07:37,289] {processor.py:642} INFO - Processing file /Users/louisekirkham/Documents/linkedin_learning/Ex_Files_Data_Engineering_Foundations/airflow_env/lib/python3.9/site-packages/airflow/example_dags/example_bash_operator.py for tasks to queue
[2022-03-17 17:07:37,289] {logging_mixin.py:109} INFO - [2022-03-17 17:07:37,289] {dagbag.py:500} INFO - Filling up the DagBag from /Users/louisekirkham/Documents/linkedin_learning/Ex_Files_Data_Engineering_Foundations/airflow_env/lib/python3.9/site-packages/airflow/example_dags/example_bash_operator.py
[2022-03-17 17:07:37,319] {processor.py:654} INFO - DAG(s) dict_keys(['example_bash_operator']) retrieved from /Users/louisekirkham/Documents/linkedin_learning/Ex_Files_Data_Engineering_Foundations/airflow_env/lib/python3.9/site-packages/airflow/example_dags/example_bash_operator.py
[2022-03-17 17:07:37,332] {logging_mixin.py:109} INFO - [2022-03-17 17:07:37,332] {dag.py:2398} INFO - Sync 1 DAGs
[2022-03-17 17:07:37,339] {logging_mixin.py:109} INFO - [2022-03-17 17:07:37,339] {dag.py:2937} INFO - Setting next_dagrun for example_bash_operator to 2022-03-16 00:00:00+00:00
[2022-03-17 17:07:37,345] {processor.py:171} INFO - Processing /Users/louisekirkham/Documents/linkedin_learning/Ex_Files_Data_Engineering_Foundations/airflow_env/lib/python3.9/site-packages/airflow/example_dags/example_bash_operator.py took 0.058 seconds
[2022-03-17 17:08:59,412] {processor.py:163} INFO - Started process (PID=45892) to work on /Users/louisekirkham/Documents/linkedin_learning/Ex_Files_Data_Engineering_Foundations/airflow_env/lib/python3.9/site-packages/airflow/example_dags/example_bash_operator.py
[2022-03-17 17:08:59,414] {processor.py:642} INFO - Processing file /Users/louisekirkham/Documents/linkedin_learning/Ex_Files_Data_Engineering_Foundations/airflow_env/lib/python3.9/site-packages/airflow/example_dags/example_bash_operator.py for tasks to queue
[2022-03-17 17:08:59,414] {logging_mixin.py:109} INFO - [2022-03-17 17:08:59,414] {dagbag.py:500} INFO - Filling up the DagBag from /Users/louisekirkham/Documents/linkedin_learning/Ex_Files_Data_Engineering_Foundations/airflow_env/lib/python3.9/site-packages/airflow/example_dags/example_bash_operator.py
[2022-03-17 17:08:59,441] {processor.py:654} INFO - DAG(s) dict_keys(['example_bash_operator']) retrieved from /Users/louisekirkham/Documents/linkedin_learning/Ex_Files_Data_Engineering_Foundations/airflow_env/lib/python3.9/site-packages/airflow/example_dags/example_bash_operator.py
[2022-03-17 17:08:59,453] {logging_mixin.py:109} INFO - [2022-03-17 17:08:59,453] {dag.py:2398} INFO - Sync 1 DAGs
[2022-03-17 17:08:59,460] {logging_mixin.py:109} INFO - [2022-03-17 17:08:59,460] {dag.py:2937} INFO - Setting next_dagrun for example_bash_operator to 2022-03-16 00:00:00+00:00
[2022-03-17 17:08:59,466] {processor.py:171} INFO - Processing /Users/louisekirkham/Documents/linkedin_learning/Ex_Files_Data_Engineering_Foundations/airflow_env/lib/python3.9/site-packages/airflow/example_dags/example_bash_operator.py took 0.054 seconds
[2022-03-17 17:10:25,252] {processor.py:163} INFO - Started process (PID=45962) to work on /Users/louisekirkham/Documents/linkedin_learning/Ex_Files_Data_Engineering_Foundations/airflow_env/lib/python3.9/site-packages/airflow/example_dags/example_bash_operator.py
[2022-03-17 17:10:25,254] {processor.py:642} INFO - Processing file /Users/louisekirkham/Documents/linkedin_learning/Ex_Files_Data_Engineering_Foundations/airflow_env/lib/python3.9/site-packages/airflow/example_dags/example_bash_operator.py for tasks to queue
[2022-03-17 17:10:25,254] {logging_mixin.py:109} INFO - [2022-03-17 17:10:25,254] {dagbag.py:500} INFO - Filling up the DagBag from /Users/louisekirkham/Documents/linkedin_learning/Ex_Files_Data_Engineering_Foundations/airflow_env/lib/python3.9/site-packages/airflow/example_dags/example_bash_operator.py
[2022-03-17 17:10:25,281] {processor.py:654} INFO - DAG(s) dict_keys(['example_bash_operator']) retrieved from /Users/louisekirkham/Documents/linkedin_learning/Ex_Files_Data_Engineering_Foundations/airflow_env/lib/python3.9/site-packages/airflow/example_dags/example_bash_operator.py
[2022-03-17 17:10:25,295] {logging_mixin.py:109} INFO - [2022-03-17 17:10:25,294] {dag.py:2398} INFO - Sync 1 DAGs
[2022-03-17 17:10:25,302] {logging_mixin.py:109} INFO - [2022-03-17 17:10:25,302] {dag.py:2937} INFO - Setting next_dagrun for example_bash_operator to 2022-03-16 00:00:00+00:00
[2022-03-17 17:10:25,308] {processor.py:171} INFO - Processing /Users/louisekirkham/Documents/linkedin_learning/Ex_Files_Data_Engineering_Foundations/airflow_env/lib/python3.9/site-packages/airflow/example_dags/example_bash_operator.py took 0.056 seconds
[2022-03-17 19:12:52,058] {processor.py:163} INFO - Started process (PID=46072) to work on /Users/louisekirkham/Documents/linkedin_learning/Ex_Files_Data_Engineering_Foundations/airflow_env/lib/python3.9/site-packages/airflow/example_dags/example_bash_operator.py
[2022-03-17 19:12:52,059] {processor.py:642} INFO - Processing file /Users/louisekirkham/Documents/linkedin_learning/Ex_Files_Data_Engineering_Foundations/airflow_env/lib/python3.9/site-packages/airflow/example_dags/example_bash_operator.py for tasks to queue
[2022-03-17 19:12:52,060] {logging_mixin.py:109} INFO - [2022-03-17 19:12:52,060] {dagbag.py:500} INFO - Filling up the DagBag from /Users/louisekirkham/Documents/linkedin_learning/Ex_Files_Data_Engineering_Foundations/airflow_env/lib/python3.9/site-packages/airflow/example_dags/example_bash_operator.py
[2022-03-17 19:12:52,142] {processor.py:654} INFO - DAG(s) dict_keys(['example_bash_operator']) retrieved from /Users/louisekirkham/Documents/linkedin_learning/Ex_Files_Data_Engineering_Foundations/airflow_env/lib/python3.9/site-packages/airflow/example_dags/example_bash_operator.py
[2022-03-17 19:12:52,178] {logging_mixin.py:109} INFO - [2022-03-17 19:12:52,178] {dag.py:2398} INFO - Sync 1 DAGs
[2022-03-17 19:12:52,202] {logging_mixin.py:109} INFO - [2022-03-17 19:12:52,202] {dag.py:2937} INFO - Setting next_dagrun for example_bash_operator to 2022-03-16 00:00:00+00:00
[2022-03-17 19:12:52,215] {processor.py:171} INFO - Processing /Users/louisekirkham/Documents/linkedin_learning/Ex_Files_Data_Engineering_Foundations/airflow_env/lib/python3.9/site-packages/airflow/example_dags/example_bash_operator.py took 0.158 seconds
