[2022-03-17 16:03:20,023] {processor.py:163} INFO - Started process (PID=44966) to work on /Users/louisekirkham/Documents/linkedin_learning/Ex_Files_Data_Engineering_Foundations/airflow_env/lib/python3.9/site-packages/airflow/example_dags/example_latest_only_with_trigger.py
[2022-03-17 16:03:20,023] {processor.py:642} INFO - Processing file /Users/louisekirkham/Documents/linkedin_learning/Ex_Files_Data_Engineering_Foundations/airflow_env/lib/python3.9/site-packages/airflow/example_dags/example_latest_only_with_trigger.py for tasks to queue
[2022-03-17 16:03:20,023] {logging_mixin.py:109} INFO - [2022-03-17 16:03:20,023] {dagbag.py:500} INFO - Filling up the DagBag from /Users/louisekirkham/Documents/linkedin_learning/Ex_Files_Data_Engineering_Foundations/airflow_env/lib/python3.9/site-packages/airflow/example_dags/example_latest_only_with_trigger.py
[2022-03-17 16:03:20,054] {processor.py:654} INFO - DAG(s) dict_keys(['latest_only_with_trigger']) retrieved from /Users/louisekirkham/Documents/linkedin_learning/Ex_Files_Data_Engineering_Foundations/airflow_env/lib/python3.9/site-packages/airflow/example_dags/example_latest_only_with_trigger.py
[2022-03-17 16:03:20,068] {logging_mixin.py:109} INFO - [2022-03-17 16:03:20,068] {dag.py:2398} INFO - Sync 1 DAGs
[2022-03-17 16:03:20,075] {logging_mixin.py:109} INFO - [2022-03-17 16:03:20,075] {dag.py:2937} INFO - Setting next_dagrun for latest_only_with_trigger to 2022-03-17T12:03:20.074886+00:00
[2022-03-17 16:03:20,084] {processor.py:171} INFO - Processing /Users/louisekirkham/Documents/linkedin_learning/Ex_Files_Data_Engineering_Foundations/airflow_env/lib/python3.9/site-packages/airflow/example_dags/example_latest_only_with_trigger.py took 0.062 seconds
[2022-03-17 16:34:57,180] {processor.py:163} INFO - Started process (PID=45125) to work on /Users/louisekirkham/Documents/linkedin_learning/Ex_Files_Data_Engineering_Foundations/airflow_env/lib/python3.9/site-packages/airflow/example_dags/example_latest_only_with_trigger.py
[2022-03-17 16:34:57,181] {processor.py:642} INFO - Processing file /Users/louisekirkham/Documents/linkedin_learning/Ex_Files_Data_Engineering_Foundations/airflow_env/lib/python3.9/site-packages/airflow/example_dags/example_latest_only_with_trigger.py for tasks to queue
[2022-03-17 16:34:57,182] {logging_mixin.py:109} INFO - [2022-03-17 16:34:57,181] {dagbag.py:500} INFO - Filling up the DagBag from /Users/louisekirkham/Documents/linkedin_learning/Ex_Files_Data_Engineering_Foundations/airflow_env/lib/python3.9/site-packages/airflow/example_dags/example_latest_only_with_trigger.py
[2022-03-17 16:34:57,210] {processor.py:654} INFO - DAG(s) dict_keys(['latest_only_with_trigger']) retrieved from /Users/louisekirkham/Documents/linkedin_learning/Ex_Files_Data_Engineering_Foundations/airflow_env/lib/python3.9/site-packages/airflow/example_dags/example_latest_only_with_trigger.py
[2022-03-17 16:34:57,223] {logging_mixin.py:109} INFO - [2022-03-17 16:34:57,223] {dag.py:2398} INFO - Sync 1 DAGs
[2022-03-17 16:34:57,230] {logging_mixin.py:109} INFO - [2022-03-17 16:34:57,230] {dag.py:2937} INFO - Setting next_dagrun for latest_only_with_trigger to 2022-03-17T12:34:57.230530+00:00
[2022-03-17 16:34:57,236] {processor.py:171} INFO - Processing /Users/louisekirkham/Documents/linkedin_learning/Ex_Files_Data_Engineering_Foundations/airflow_env/lib/python3.9/site-packages/airflow/example_dags/example_latest_only_with_trigger.py took 0.057 seconds
[2022-03-17 16:36:30,435] {processor.py:163} INFO - Started process (PID=45208) to work on /Users/louisekirkham/Documents/linkedin_learning/Ex_Files_Data_Engineering_Foundations/airflow_env/lib/python3.9/site-packages/airflow/example_dags/example_latest_only_with_trigger.py
[2022-03-17 16:36:30,436] {processor.py:642} INFO - Processing file /Users/louisekirkham/Documents/linkedin_learning/Ex_Files_Data_Engineering_Foundations/airflow_env/lib/python3.9/site-packages/airflow/example_dags/example_latest_only_with_trigger.py for tasks to queue
[2022-03-17 16:36:30,437] {logging_mixin.py:109} INFO - [2022-03-17 16:36:30,437] {dagbag.py:500} INFO - Filling up the DagBag from /Users/louisekirkham/Documents/linkedin_learning/Ex_Files_Data_Engineering_Foundations/airflow_env/lib/python3.9/site-packages/airflow/example_dags/example_latest_only_with_trigger.py
[2022-03-17 16:36:30,472] {processor.py:654} INFO - DAG(s) dict_keys(['latest_only_with_trigger']) retrieved from /Users/louisekirkham/Documents/linkedin_learning/Ex_Files_Data_Engineering_Foundations/airflow_env/lib/python3.9/site-packages/airflow/example_dags/example_latest_only_with_trigger.py
[2022-03-17 16:36:30,488] {logging_mixin.py:109} INFO - [2022-03-17 16:36:30,488] {dag.py:2398} INFO - Sync 1 DAGs
[2022-03-17 16:36:30,497] {logging_mixin.py:109} INFO - [2022-03-17 16:36:30,497] {dag.py:2937} INFO - Setting next_dagrun for latest_only_with_trigger to 2022-03-17T12:36:30.497280+00:00
[2022-03-17 16:36:30,504] {processor.py:171} INFO - Processing /Users/louisekirkham/Documents/linkedin_learning/Ex_Files_Data_Engineering_Foundations/airflow_env/lib/python3.9/site-packages/airflow/example_dags/example_latest_only_with_trigger.py took 0.070 seconds
[2022-03-17 16:37:51,141] {processor.py:163} INFO - Started process (PID=45283) to work on /Users/louisekirkham/Documents/linkedin_learning/Ex_Files_Data_Engineering_Foundations/airflow_env/lib/python3.9/site-packages/airflow/example_dags/example_latest_only_with_trigger.py
[2022-03-17 16:37:51,142] {processor.py:642} INFO - Processing file /Users/louisekirkham/Documents/linkedin_learning/Ex_Files_Data_Engineering_Foundations/airflow_env/lib/python3.9/site-packages/airflow/example_dags/example_latest_only_with_trigger.py for tasks to queue
[2022-03-17 16:37:51,142] {logging_mixin.py:109} INFO - [2022-03-17 16:37:51,142] {dagbag.py:500} INFO - Filling up the DagBag from /Users/louisekirkham/Documents/linkedin_learning/Ex_Files_Data_Engineering_Foundations/airflow_env/lib/python3.9/site-packages/airflow/example_dags/example_latest_only_with_trigger.py
[2022-03-17 16:37:51,169] {processor.py:654} INFO - DAG(s) dict_keys(['latest_only_with_trigger']) retrieved from /Users/louisekirkham/Documents/linkedin_learning/Ex_Files_Data_Engineering_Foundations/airflow_env/lib/python3.9/site-packages/airflow/example_dags/example_latest_only_with_trigger.py
[2022-03-17 16:37:51,184] {logging_mixin.py:109} INFO - [2022-03-17 16:37:51,184] {dag.py:2398} INFO - Sync 1 DAGs
[2022-03-17 16:37:51,191] {logging_mixin.py:109} INFO - [2022-03-17 16:37:51,191] {dag.py:2937} INFO - Setting next_dagrun for latest_only_with_trigger to 2022-03-17T12:37:51.191761+00:00
[2022-03-17 16:37:51,198] {processor.py:171} INFO - Processing /Users/louisekirkham/Documents/linkedin_learning/Ex_Files_Data_Engineering_Foundations/airflow_env/lib/python3.9/site-packages/airflow/example_dags/example_latest_only_with_trigger.py took 0.057 seconds
[2022-03-17 16:39:12,389] {processor.py:163} INFO - Started process (PID=45351) to work on /Users/louisekirkham/Documents/linkedin_learning/Ex_Files_Data_Engineering_Foundations/airflow_env/lib/python3.9/site-packages/airflow/example_dags/example_latest_only_with_trigger.py
[2022-03-17 16:39:12,390] {processor.py:642} INFO - Processing file /Users/louisekirkham/Documents/linkedin_learning/Ex_Files_Data_Engineering_Foundations/airflow_env/lib/python3.9/site-packages/airflow/example_dags/example_latest_only_with_trigger.py for tasks to queue
[2022-03-17 16:39:12,390] {logging_mixin.py:109} INFO - [2022-03-17 16:39:12,390] {dagbag.py:500} INFO - Filling up the DagBag from /Users/louisekirkham/Documents/linkedin_learning/Ex_Files_Data_Engineering_Foundations/airflow_env/lib/python3.9/site-packages/airflow/example_dags/example_latest_only_with_trigger.py
[2022-03-17 16:39:12,418] {processor.py:654} INFO - DAG(s) dict_keys(['latest_only_with_trigger']) retrieved from /Users/louisekirkham/Documents/linkedin_learning/Ex_Files_Data_Engineering_Foundations/airflow_env/lib/python3.9/site-packages/airflow/example_dags/example_latest_only_with_trigger.py
[2022-03-17 16:39:12,431] {logging_mixin.py:109} INFO - [2022-03-17 16:39:12,431] {dag.py:2398} INFO - Sync 1 DAGs
[2022-03-17 16:39:12,438] {logging_mixin.py:109} INFO - [2022-03-17 16:39:12,438] {dag.py:2937} INFO - Setting next_dagrun for latest_only_with_trigger to 2022-03-17T12:39:12.438054+00:00
[2022-03-17 16:39:12,445] {processor.py:171} INFO - Processing /Users/louisekirkham/Documents/linkedin_learning/Ex_Files_Data_Engineering_Foundations/airflow_env/lib/python3.9/site-packages/airflow/example_dags/example_latest_only_with_trigger.py took 0.056 seconds
[2022-03-17 16:40:32,766] {processor.py:163} INFO - Started process (PID=45410) to work on /Users/louisekirkham/Documents/linkedin_learning/Ex_Files_Data_Engineering_Foundations/airflow_env/lib/python3.9/site-packages/airflow/example_dags/example_latest_only_with_trigger.py
[2022-03-17 16:40:32,767] {processor.py:642} INFO - Processing file /Users/louisekirkham/Documents/linkedin_learning/Ex_Files_Data_Engineering_Foundations/airflow_env/lib/python3.9/site-packages/airflow/example_dags/example_latest_only_with_trigger.py for tasks to queue
[2022-03-17 16:40:32,767] {logging_mixin.py:109} INFO - [2022-03-17 16:40:32,767] {dagbag.py:500} INFO - Filling up the DagBag from /Users/louisekirkham/Documents/linkedin_learning/Ex_Files_Data_Engineering_Foundations/airflow_env/lib/python3.9/site-packages/airflow/example_dags/example_latest_only_with_trigger.py
[2022-03-17 16:40:32,795] {processor.py:654} INFO - DAG(s) dict_keys(['latest_only_with_trigger']) retrieved from /Users/louisekirkham/Documents/linkedin_learning/Ex_Files_Data_Engineering_Foundations/airflow_env/lib/python3.9/site-packages/airflow/example_dags/example_latest_only_with_trigger.py
[2022-03-17 16:40:32,809] {logging_mixin.py:109} INFO - [2022-03-17 16:40:32,809] {dag.py:2398} INFO - Sync 1 DAGs
[2022-03-17 16:40:32,816] {logging_mixin.py:109} INFO - [2022-03-17 16:40:32,816] {dag.py:2937} INFO - Setting next_dagrun for latest_only_with_trigger to 2022-03-17T12:40:32.816369+00:00
[2022-03-17 16:40:32,823] {processor.py:171} INFO - Processing /Users/louisekirkham/Documents/linkedin_learning/Ex_Files_Data_Engineering_Foundations/airflow_env/lib/python3.9/site-packages/airflow/example_dags/example_latest_only_with_trigger.py took 0.058 seconds
[2022-03-17 16:41:52,972] {processor.py:163} INFO - Started process (PID=45468) to work on /Users/louisekirkham/Documents/linkedin_learning/Ex_Files_Data_Engineering_Foundations/airflow_env/lib/python3.9/site-packages/airflow/example_dags/example_latest_only_with_trigger.py
[2022-03-17 16:41:52,972] {processor.py:642} INFO - Processing file /Users/louisekirkham/Documents/linkedin_learning/Ex_Files_Data_Engineering_Foundations/airflow_env/lib/python3.9/site-packages/airflow/example_dags/example_latest_only_with_trigger.py for tasks to queue
[2022-03-17 16:41:52,972] {logging_mixin.py:109} INFO - [2022-03-17 16:41:52,972] {dagbag.py:500} INFO - Filling up the DagBag from /Users/louisekirkham/Documents/linkedin_learning/Ex_Files_Data_Engineering_Foundations/airflow_env/lib/python3.9/site-packages/airflow/example_dags/example_latest_only_with_trigger.py
[2022-03-17 16:41:52,996] {processor.py:654} INFO - DAG(s) dict_keys(['latest_only_with_trigger']) retrieved from /Users/louisekirkham/Documents/linkedin_learning/Ex_Files_Data_Engineering_Foundations/airflow_env/lib/python3.9/site-packages/airflow/example_dags/example_latest_only_with_trigger.py
[2022-03-17 16:41:53,011] {logging_mixin.py:109} INFO - [2022-03-17 16:41:53,011] {dag.py:2398} INFO - Sync 1 DAGs
[2022-03-17 16:41:53,018] {logging_mixin.py:109} INFO - [2022-03-17 16:41:53,018] {dag.py:2937} INFO - Setting next_dagrun for latest_only_with_trigger to 2022-03-17T12:41:53.018246+00:00
[2022-03-17 16:41:53,025] {processor.py:171} INFO - Processing /Users/louisekirkham/Documents/linkedin_learning/Ex_Files_Data_Engineering_Foundations/airflow_env/lib/python3.9/site-packages/airflow/example_dags/example_latest_only_with_trigger.py took 0.053 seconds
[2022-03-17 16:43:15,273] {processor.py:163} INFO - Started process (PID=45558) to work on /Users/louisekirkham/Documents/linkedin_learning/Ex_Files_Data_Engineering_Foundations/airflow_env/lib/python3.9/site-packages/airflow/example_dags/example_latest_only_with_trigger.py
[2022-03-17 16:43:15,273] {processor.py:642} INFO - Processing file /Users/louisekirkham/Documents/linkedin_learning/Ex_Files_Data_Engineering_Foundations/airflow_env/lib/python3.9/site-packages/airflow/example_dags/example_latest_only_with_trigger.py for tasks to queue
[2022-03-17 16:43:15,274] {logging_mixin.py:109} INFO - [2022-03-17 16:43:15,274] {dagbag.py:500} INFO - Filling up the DagBag from /Users/louisekirkham/Documents/linkedin_learning/Ex_Files_Data_Engineering_Foundations/airflow_env/lib/python3.9/site-packages/airflow/example_dags/example_latest_only_with_trigger.py
[2022-03-17 16:43:15,305] {processor.py:654} INFO - DAG(s) dict_keys(['latest_only_with_trigger']) retrieved from /Users/louisekirkham/Documents/linkedin_learning/Ex_Files_Data_Engineering_Foundations/airflow_env/lib/python3.9/site-packages/airflow/example_dags/example_latest_only_with_trigger.py
[2022-03-17 16:43:15,320] {logging_mixin.py:109} INFO - [2022-03-17 16:43:15,320] {dag.py:2398} INFO - Sync 1 DAGs
[2022-03-17 16:43:15,328] {logging_mixin.py:109} INFO - [2022-03-17 16:43:15,328] {dag.py:2937} INFO - Setting next_dagrun for latest_only_with_trigger to 2022-03-17T12:43:15.328630+00:00
[2022-03-17 16:43:15,336] {processor.py:171} INFO - Processing /Users/louisekirkham/Documents/linkedin_learning/Ex_Files_Data_Engineering_Foundations/airflow_env/lib/python3.9/site-packages/airflow/example_dags/example_latest_only_with_trigger.py took 0.064 seconds
[2022-03-17 16:44:36,337] {processor.py:163} INFO - Started process (PID=45630) to work on /Users/louisekirkham/Documents/linkedin_learning/Ex_Files_Data_Engineering_Foundations/airflow_env/lib/python3.9/site-packages/airflow/example_dags/example_latest_only_with_trigger.py
[2022-03-17 16:44:36,337] {processor.py:642} INFO - Processing file /Users/louisekirkham/Documents/linkedin_learning/Ex_Files_Data_Engineering_Foundations/airflow_env/lib/python3.9/site-packages/airflow/example_dags/example_latest_only_with_trigger.py for tasks to queue
[2022-03-17 16:44:36,337] {logging_mixin.py:109} INFO - [2022-03-17 16:44:36,337] {dagbag.py:500} INFO - Filling up the DagBag from /Users/louisekirkham/Documents/linkedin_learning/Ex_Files_Data_Engineering_Foundations/airflow_env/lib/python3.9/site-packages/airflow/example_dags/example_latest_only_with_trigger.py
[2022-03-17 16:44:36,364] {processor.py:654} INFO - DAG(s) dict_keys(['latest_only_with_trigger']) retrieved from /Users/louisekirkham/Documents/linkedin_learning/Ex_Files_Data_Engineering_Foundations/airflow_env/lib/python3.9/site-packages/airflow/example_dags/example_latest_only_with_trigger.py
[2022-03-17 16:44:36,378] {logging_mixin.py:109} INFO - [2022-03-17 16:44:36,378] {dag.py:2398} INFO - Sync 1 DAGs
[2022-03-17 16:44:36,385] {logging_mixin.py:109} INFO - [2022-03-17 16:44:36,385] {dag.py:2937} INFO - Setting next_dagrun for latest_only_with_trigger to 2022-03-17T12:44:36.385131+00:00
[2022-03-17 16:44:36,392] {processor.py:171} INFO - Processing /Users/louisekirkham/Documents/linkedin_learning/Ex_Files_Data_Engineering_Foundations/airflow_env/lib/python3.9/site-packages/airflow/example_dags/example_latest_only_with_trigger.py took 0.056 seconds
[2022-03-17 17:06:48,616] {processor.py:163} INFO - Started process (PID=45800) to work on /Users/louisekirkham/Documents/linkedin_learning/Ex_Files_Data_Engineering_Foundations/airflow_env/lib/python3.9/site-packages/airflow/example_dags/example_latest_only_with_trigger.py
[2022-03-17 17:06:48,618] {processor.py:642} INFO - Processing file /Users/louisekirkham/Documents/linkedin_learning/Ex_Files_Data_Engineering_Foundations/airflow_env/lib/python3.9/site-packages/airflow/example_dags/example_latest_only_with_trigger.py for tasks to queue
[2022-03-17 17:06:48,618] {logging_mixin.py:109} INFO - [2022-03-17 17:06:48,618] {dagbag.py:500} INFO - Filling up the DagBag from /Users/louisekirkham/Documents/linkedin_learning/Ex_Files_Data_Engineering_Foundations/airflow_env/lib/python3.9/site-packages/airflow/example_dags/example_latest_only_with_trigger.py
[2022-03-17 17:06:48,663] {processor.py:654} INFO - DAG(s) dict_keys(['latest_only_with_trigger']) retrieved from /Users/louisekirkham/Documents/linkedin_learning/Ex_Files_Data_Engineering_Foundations/airflow_env/lib/python3.9/site-packages/airflow/example_dags/example_latest_only_with_trigger.py
[2022-03-17 17:06:48,676] {logging_mixin.py:109} INFO - [2022-03-17 17:06:48,676] {dag.py:2398} INFO - Sync 1 DAGs
[2022-03-17 17:06:48,683] {logging_mixin.py:109} INFO - [2022-03-17 17:06:48,682] {dag.py:2937} INFO - Setting next_dagrun for latest_only_with_trigger to 2022-03-17T13:06:48.682822+00:00
[2022-03-17 17:06:48,689] {processor.py:171} INFO - Processing /Users/louisekirkham/Documents/linkedin_learning/Ex_Files_Data_Engineering_Foundations/airflow_env/lib/python3.9/site-packages/airflow/example_dags/example_latest_only_with_trigger.py took 0.073 seconds
[2022-03-17 17:08:23,172] {processor.py:163} INFO - Started process (PID=45872) to work on /Users/louisekirkham/Documents/linkedin_learning/Ex_Files_Data_Engineering_Foundations/airflow_env/lib/python3.9/site-packages/airflow/example_dags/example_latest_only_with_trigger.py
[2022-03-17 17:08:23,173] {processor.py:642} INFO - Processing file /Users/louisekirkham/Documents/linkedin_learning/Ex_Files_Data_Engineering_Foundations/airflow_env/lib/python3.9/site-packages/airflow/example_dags/example_latest_only_with_trigger.py for tasks to queue
[2022-03-17 17:08:23,173] {logging_mixin.py:109} INFO - [2022-03-17 17:08:23,173] {dagbag.py:500} INFO - Filling up the DagBag from /Users/louisekirkham/Documents/linkedin_learning/Ex_Files_Data_Engineering_Foundations/airflow_env/lib/python3.9/site-packages/airflow/example_dags/example_latest_only_with_trigger.py
[2022-03-17 17:08:23,203] {processor.py:654} INFO - DAG(s) dict_keys(['latest_only_with_trigger']) retrieved from /Users/louisekirkham/Documents/linkedin_learning/Ex_Files_Data_Engineering_Foundations/airflow_env/lib/python3.9/site-packages/airflow/example_dags/example_latest_only_with_trigger.py
[2022-03-17 17:08:23,218] {logging_mixin.py:109} INFO - [2022-03-17 17:08:23,218] {dag.py:2398} INFO - Sync 1 DAGs
[2022-03-17 17:08:23,226] {logging_mixin.py:109} INFO - [2022-03-17 17:08:23,226] {dag.py:2937} INFO - Setting next_dagrun for latest_only_with_trigger to 2022-03-17T13:08:23.226143+00:00
[2022-03-17 17:08:23,233] {processor.py:171} INFO - Processing /Users/louisekirkham/Documents/linkedin_learning/Ex_Files_Data_Engineering_Foundations/airflow_env/lib/python3.9/site-packages/airflow/example_dags/example_latest_only_with_trigger.py took 0.062 seconds
[2022-03-17 17:09:49,109] {processor.py:163} INFO - Started process (PID=45943) to work on /Users/louisekirkham/Documents/linkedin_learning/Ex_Files_Data_Engineering_Foundations/airflow_env/lib/python3.9/site-packages/airflow/example_dags/example_latest_only_with_trigger.py
[2022-03-17 17:09:49,111] {processor.py:642} INFO - Processing file /Users/louisekirkham/Documents/linkedin_learning/Ex_Files_Data_Engineering_Foundations/airflow_env/lib/python3.9/site-packages/airflow/example_dags/example_latest_only_with_trigger.py for tasks to queue
[2022-03-17 17:09:49,112] {logging_mixin.py:109} INFO - [2022-03-17 17:09:49,111] {dagbag.py:500} INFO - Filling up the DagBag from /Users/louisekirkham/Documents/linkedin_learning/Ex_Files_Data_Engineering_Foundations/airflow_env/lib/python3.9/site-packages/airflow/example_dags/example_latest_only_with_trigger.py
[2022-03-17 17:09:49,141] {processor.py:654} INFO - DAG(s) dict_keys(['latest_only_with_trigger']) retrieved from /Users/louisekirkham/Documents/linkedin_learning/Ex_Files_Data_Engineering_Foundations/airflow_env/lib/python3.9/site-packages/airflow/example_dags/example_latest_only_with_trigger.py
[2022-03-17 17:09:49,154] {logging_mixin.py:109} INFO - [2022-03-17 17:09:49,154] {dag.py:2398} INFO - Sync 1 DAGs
[2022-03-17 17:09:49,161] {logging_mixin.py:109} INFO - [2022-03-17 17:09:49,160] {dag.py:2937} INFO - Setting next_dagrun for latest_only_with_trigger to 2022-03-17T13:09:49.160871+00:00
[2022-03-17 17:09:49,167] {processor.py:171} INFO - Processing /Users/louisekirkham/Documents/linkedin_learning/Ex_Files_Data_Engineering_Foundations/airflow_env/lib/python3.9/site-packages/airflow/example_dags/example_latest_only_with_trigger.py took 0.058 seconds
[2022-03-17 17:11:09,576] {processor.py:163} INFO - Started process (PID=45999) to work on /Users/louisekirkham/Documents/linkedin_learning/Ex_Files_Data_Engineering_Foundations/airflow_env/lib/python3.9/site-packages/airflow/example_dags/example_latest_only_with_trigger.py
[2022-03-17 17:11:09,576] {processor.py:642} INFO - Processing file /Users/louisekirkham/Documents/linkedin_learning/Ex_Files_Data_Engineering_Foundations/airflow_env/lib/python3.9/site-packages/airflow/example_dags/example_latest_only_with_trigger.py for tasks to queue
[2022-03-17 17:11:09,576] {logging_mixin.py:109} INFO - [2022-03-17 17:11:09,576] {dagbag.py:500} INFO - Filling up the DagBag from /Users/louisekirkham/Documents/linkedin_learning/Ex_Files_Data_Engineering_Foundations/airflow_env/lib/python3.9/site-packages/airflow/example_dags/example_latest_only_with_trigger.py
[2022-03-17 17:11:09,602] {processor.py:654} INFO - DAG(s) dict_keys(['latest_only_with_trigger']) retrieved from /Users/louisekirkham/Documents/linkedin_learning/Ex_Files_Data_Engineering_Foundations/airflow_env/lib/python3.9/site-packages/airflow/example_dags/example_latest_only_with_trigger.py
[2022-03-17 17:11:09,615] {logging_mixin.py:109} INFO - [2022-03-17 17:11:09,615] {dag.py:2398} INFO - Sync 1 DAGs
[2022-03-17 17:11:09,622] {logging_mixin.py:109} INFO - [2022-03-17 17:11:09,622] {dag.py:2937} INFO - Setting next_dagrun for latest_only_with_trigger to 2022-03-17T13:11:09.622388+00:00
[2022-03-17 17:11:09,628] {processor.py:171} INFO - Processing /Users/louisekirkham/Documents/linkedin_learning/Ex_Files_Data_Engineering_Foundations/airflow_env/lib/python3.9/site-packages/airflow/example_dags/example_latest_only_with_trigger.py took 0.053 seconds
[2022-03-17 19:13:58,678] {processor.py:163} INFO - Started process (PID=46143) to work on /Users/louisekirkham/Documents/linkedin_learning/Ex_Files_Data_Engineering_Foundations/airflow_env/lib/python3.9/site-packages/airflow/example_dags/example_latest_only_with_trigger.py
[2022-03-17 19:13:58,680] {processor.py:642} INFO - Processing file /Users/louisekirkham/Documents/linkedin_learning/Ex_Files_Data_Engineering_Foundations/airflow_env/lib/python3.9/site-packages/airflow/example_dags/example_latest_only_with_trigger.py for tasks to queue
[2022-03-17 19:13:58,681] {logging_mixin.py:109} INFO - [2022-03-17 19:13:58,680] {dagbag.py:500} INFO - Filling up the DagBag from /Users/louisekirkham/Documents/linkedin_learning/Ex_Files_Data_Engineering_Foundations/airflow_env/lib/python3.9/site-packages/airflow/example_dags/example_latest_only_with_trigger.py
[2022-03-17 19:13:58,713] {processor.py:654} INFO - DAG(s) dict_keys(['latest_only_with_trigger']) retrieved from /Users/louisekirkham/Documents/linkedin_learning/Ex_Files_Data_Engineering_Foundations/airflow_env/lib/python3.9/site-packages/airflow/example_dags/example_latest_only_with_trigger.py
[2022-03-17 19:13:58,727] {logging_mixin.py:109} INFO - [2022-03-17 19:13:58,727] {dag.py:2398} INFO - Sync 1 DAGs
[2022-03-17 19:13:58,735] {logging_mixin.py:109} INFO - [2022-03-17 19:13:58,734] {dag.py:2937} INFO - Setting next_dagrun for latest_only_with_trigger to 2022-03-17T15:13:58.734837+00:00
[2022-03-17 19:13:58,741] {processor.py:171} INFO - Processing /Users/louisekirkham/Documents/linkedin_learning/Ex_Files_Data_Engineering_Foundations/airflow_env/lib/python3.9/site-packages/airflow/example_dags/example_latest_only_with_trigger.py took 0.064 seconds
