[2022-03-17 16:02:12,499] {processor.py:163} INFO - Started process (PID=44877) to work on /Users/louisekirkham/Documents/linkedin_learning/Ex_Files_Data_Engineering_Foundations/airflow_env/lib/python3.9/site-packages/airflow/example_dags/example_trigger_target_dag.py
[2022-03-17 16:02:12,500] {processor.py:642} INFO - Processing file /Users/louisekirkham/Documents/linkedin_learning/Ex_Files_Data_Engineering_Foundations/airflow_env/lib/python3.9/site-packages/airflow/example_dags/example_trigger_target_dag.py for tasks to queue
[2022-03-17 16:02:12,500] {logging_mixin.py:109} INFO - [2022-03-17 16:02:12,500] {dagbag.py:500} INFO - Filling up the DagBag from /Users/louisekirkham/Documents/linkedin_learning/Ex_Files_Data_Engineering_Foundations/airflow_env/lib/python3.9/site-packages/airflow/example_dags/example_trigger_target_dag.py
[2022-03-17 16:02:12,550] {processor.py:654} INFO - DAG(s) dict_keys(['example_trigger_target_dag']) retrieved from /Users/louisekirkham/Documents/linkedin_learning/Ex_Files_Data_Engineering_Foundations/airflow_env/lib/python3.9/site-packages/airflow/example_dags/example_trigger_target_dag.py
[2022-03-17 16:02:12,569] {logging_mixin.py:109} INFO - [2022-03-17 16:02:12,569] {dag.py:2398} INFO - Sync 1 DAGs
[2022-03-17 16:02:12,578] {logging_mixin.py:109} INFO - [2022-03-17 16:02:12,578] {dag.py:2937} INFO - Setting next_dagrun for example_trigger_target_dag to None
[2022-03-17 16:02:12,585] {processor.py:171} INFO - Processing /Users/louisekirkham/Documents/linkedin_learning/Ex_Files_Data_Engineering_Foundations/airflow_env/lib/python3.9/site-packages/airflow/example_dags/example_trigger_target_dag.py took 0.087 seconds
[2022-03-17 16:02:53,718] {processor.py:163} INFO - Started process (PID=44938) to work on /Users/louisekirkham/Documents/linkedin_learning/Ex_Files_Data_Engineering_Foundations/airflow_env/lib/python3.9/site-packages/airflow/example_dags/example_trigger_target_dag.py
[2022-03-17 16:02:53,718] {processor.py:642} INFO - Processing file /Users/louisekirkham/Documents/linkedin_learning/Ex_Files_Data_Engineering_Foundations/airflow_env/lib/python3.9/site-packages/airflow/example_dags/example_trigger_target_dag.py for tasks to queue
[2022-03-17 16:02:53,718] {logging_mixin.py:109} INFO - [2022-03-17 16:02:53,718] {dagbag.py:500} INFO - Filling up the DagBag from /Users/louisekirkham/Documents/linkedin_learning/Ex_Files_Data_Engineering_Foundations/airflow_env/lib/python3.9/site-packages/airflow/example_dags/example_trigger_target_dag.py
[2022-03-17 16:02:53,758] {processor.py:654} INFO - DAG(s) dict_keys(['example_trigger_target_dag']) retrieved from /Users/louisekirkham/Documents/linkedin_learning/Ex_Files_Data_Engineering_Foundations/airflow_env/lib/python3.9/site-packages/airflow/example_dags/example_trigger_target_dag.py
[2022-03-17 16:02:53,773] {logging_mixin.py:109} INFO - [2022-03-17 16:02:53,772] {dag.py:2398} INFO - Sync 1 DAGs
[2022-03-17 16:02:53,780] {logging_mixin.py:109} INFO - [2022-03-17 16:02:53,780] {dag.py:2937} INFO - Setting next_dagrun for example_trigger_target_dag to None
[2022-03-17 16:02:53,787] {processor.py:171} INFO - Processing /Users/louisekirkham/Documents/linkedin_learning/Ex_Files_Data_Engineering_Foundations/airflow_env/lib/python3.9/site-packages/airflow/example_dags/example_trigger_target_dag.py took 0.070 seconds
[2022-03-17 16:34:25,542] {processor.py:163} INFO - Started process (PID=45085) to work on /Users/louisekirkham/Documents/linkedin_learning/Ex_Files_Data_Engineering_Foundations/airflow_env/lib/python3.9/site-packages/airflow/example_dags/example_trigger_target_dag.py
[2022-03-17 16:34:25,545] {processor.py:642} INFO - Processing file /Users/louisekirkham/Documents/linkedin_learning/Ex_Files_Data_Engineering_Foundations/airflow_env/lib/python3.9/site-packages/airflow/example_dags/example_trigger_target_dag.py for tasks to queue
[2022-03-17 16:34:25,546] {logging_mixin.py:109} INFO - [2022-03-17 16:34:25,546] {dagbag.py:500} INFO - Filling up the DagBag from /Users/louisekirkham/Documents/linkedin_learning/Ex_Files_Data_Engineering_Foundations/airflow_env/lib/python3.9/site-packages/airflow/example_dags/example_trigger_target_dag.py
[2022-03-17 16:34:25,737] {processor.py:654} INFO - DAG(s) dict_keys(['example_trigger_target_dag']) retrieved from /Users/louisekirkham/Documents/linkedin_learning/Ex_Files_Data_Engineering_Foundations/airflow_env/lib/python3.9/site-packages/airflow/example_dags/example_trigger_target_dag.py
[2022-03-17 16:34:25,757] {logging_mixin.py:109} INFO - [2022-03-17 16:34:25,756] {dag.py:2398} INFO - Sync 1 DAGs
[2022-03-17 16:34:25,767] {logging_mixin.py:109} INFO - [2022-03-17 16:34:25,767] {dag.py:2937} INFO - Setting next_dagrun for example_trigger_target_dag to None
[2022-03-17 16:34:25,775] {processor.py:171} INFO - Processing /Users/louisekirkham/Documents/linkedin_learning/Ex_Files_Data_Engineering_Foundations/airflow_env/lib/python3.9/site-packages/airflow/example_dags/example_trigger_target_dag.py took 0.236 seconds
[2022-03-17 16:35:17,507] {processor.py:163} INFO - Started process (PID=45135) to work on /Users/louisekirkham/Documents/linkedin_learning/Ex_Files_Data_Engineering_Foundations/airflow_env/lib/python3.9/site-packages/airflow/example_dags/example_trigger_target_dag.py
[2022-03-17 16:35:17,508] {processor.py:642} INFO - Processing file /Users/louisekirkham/Documents/linkedin_learning/Ex_Files_Data_Engineering_Foundations/airflow_env/lib/python3.9/site-packages/airflow/example_dags/example_trigger_target_dag.py for tasks to queue
[2022-03-17 16:35:17,508] {logging_mixin.py:109} INFO - [2022-03-17 16:35:17,508] {dagbag.py:500} INFO - Filling up the DagBag from /Users/louisekirkham/Documents/linkedin_learning/Ex_Files_Data_Engineering_Foundations/airflow_env/lib/python3.9/site-packages/airflow/example_dags/example_trigger_target_dag.py
[2022-03-17 16:35:17,545] {processor.py:654} INFO - DAG(s) dict_keys(['example_trigger_target_dag']) retrieved from /Users/louisekirkham/Documents/linkedin_learning/Ex_Files_Data_Engineering_Foundations/airflow_env/lib/python3.9/site-packages/airflow/example_dags/example_trigger_target_dag.py
[2022-03-17 16:35:17,558] {logging_mixin.py:109} INFO - [2022-03-17 16:35:17,558] {dag.py:2398} INFO - Sync 1 DAGs
[2022-03-17 16:35:17,565] {logging_mixin.py:109} INFO - [2022-03-17 16:35:17,565] {dag.py:2937} INFO - Setting next_dagrun for example_trigger_target_dag to None
[2022-03-17 16:35:17,576] {processor.py:171} INFO - Processing /Users/louisekirkham/Documents/linkedin_learning/Ex_Files_Data_Engineering_Foundations/airflow_env/lib/python3.9/site-packages/airflow/example_dags/example_trigger_target_dag.py took 0.070 seconds
[2022-03-17 16:36:05,849] {processor.py:163} INFO - Started process (PID=45196) to work on /Users/louisekirkham/Documents/linkedin_learning/Ex_Files_Data_Engineering_Foundations/airflow_env/lib/python3.9/site-packages/airflow/example_dags/example_trigger_target_dag.py
[2022-03-17 16:36:05,849] {processor.py:642} INFO - Processing file /Users/louisekirkham/Documents/linkedin_learning/Ex_Files_Data_Engineering_Foundations/airflow_env/lib/python3.9/site-packages/airflow/example_dags/example_trigger_target_dag.py for tasks to queue
[2022-03-17 16:36:05,850] {logging_mixin.py:109} INFO - [2022-03-17 16:36:05,850] {dagbag.py:500} INFO - Filling up the DagBag from /Users/louisekirkham/Documents/linkedin_learning/Ex_Files_Data_Engineering_Foundations/airflow_env/lib/python3.9/site-packages/airflow/example_dags/example_trigger_target_dag.py
[2022-03-17 16:36:05,904] {processor.py:654} INFO - DAG(s) dict_keys(['example_trigger_target_dag']) retrieved from /Users/louisekirkham/Documents/linkedin_learning/Ex_Files_Data_Engineering_Foundations/airflow_env/lib/python3.9/site-packages/airflow/example_dags/example_trigger_target_dag.py
[2022-03-17 16:36:05,917] {logging_mixin.py:109} INFO - [2022-03-17 16:36:05,917] {dag.py:2398} INFO - Sync 1 DAGs
[2022-03-17 16:36:05,924] {logging_mixin.py:109} INFO - [2022-03-17 16:36:05,924] {dag.py:2937} INFO - Setting next_dagrun for example_trigger_target_dag to None
[2022-03-17 16:36:05,930] {processor.py:171} INFO - Processing /Users/louisekirkham/Documents/linkedin_learning/Ex_Files_Data_Engineering_Foundations/airflow_env/lib/python3.9/site-packages/airflow/example_dags/example_trigger_target_dag.py took 0.082 seconds
[2022-03-17 16:37:26,903] {processor.py:163} INFO - Started process (PID=45268) to work on /Users/louisekirkham/Documents/linkedin_learning/Ex_Files_Data_Engineering_Foundations/airflow_env/lib/python3.9/site-packages/airflow/example_dags/example_trigger_target_dag.py
[2022-03-17 16:37:26,903] {processor.py:642} INFO - Processing file /Users/louisekirkham/Documents/linkedin_learning/Ex_Files_Data_Engineering_Foundations/airflow_env/lib/python3.9/site-packages/airflow/example_dags/example_trigger_target_dag.py for tasks to queue
[2022-03-17 16:37:26,904] {logging_mixin.py:109} INFO - [2022-03-17 16:37:26,904] {dagbag.py:500} INFO - Filling up the DagBag from /Users/louisekirkham/Documents/linkedin_learning/Ex_Files_Data_Engineering_Foundations/airflow_env/lib/python3.9/site-packages/airflow/example_dags/example_trigger_target_dag.py
[2022-03-17 16:37:26,944] {processor.py:654} INFO - DAG(s) dict_keys(['example_trigger_target_dag']) retrieved from /Users/louisekirkham/Documents/linkedin_learning/Ex_Files_Data_Engineering_Foundations/airflow_env/lib/python3.9/site-packages/airflow/example_dags/example_trigger_target_dag.py
[2022-03-17 16:37:26,960] {logging_mixin.py:109} INFO - [2022-03-17 16:37:26,960] {dag.py:2398} INFO - Sync 1 DAGs
[2022-03-17 16:37:26,967] {logging_mixin.py:109} INFO - [2022-03-17 16:37:26,967] {dag.py:2937} INFO - Setting next_dagrun for example_trigger_target_dag to None
[2022-03-17 16:37:26,973] {processor.py:171} INFO - Processing /Users/louisekirkham/Documents/linkedin_learning/Ex_Files_Data_Engineering_Foundations/airflow_env/lib/python3.9/site-packages/airflow/example_dags/example_trigger_target_dag.py took 0.071 seconds
[2022-03-17 16:38:48,004] {processor.py:163} INFO - Started process (PID=45335) to work on /Users/louisekirkham/Documents/linkedin_learning/Ex_Files_Data_Engineering_Foundations/airflow_env/lib/python3.9/site-packages/airflow/example_dags/example_trigger_target_dag.py
[2022-03-17 16:38:48,004] {processor.py:642} INFO - Processing file /Users/louisekirkham/Documents/linkedin_learning/Ex_Files_Data_Engineering_Foundations/airflow_env/lib/python3.9/site-packages/airflow/example_dags/example_trigger_target_dag.py for tasks to queue
[2022-03-17 16:38:48,005] {logging_mixin.py:109} INFO - [2022-03-17 16:38:48,005] {dagbag.py:500} INFO - Filling up the DagBag from /Users/louisekirkham/Documents/linkedin_learning/Ex_Files_Data_Engineering_Foundations/airflow_env/lib/python3.9/site-packages/airflow/example_dags/example_trigger_target_dag.py
[2022-03-17 16:38:48,042] {processor.py:654} INFO - DAG(s) dict_keys(['example_trigger_target_dag']) retrieved from /Users/louisekirkham/Documents/linkedin_learning/Ex_Files_Data_Engineering_Foundations/airflow_env/lib/python3.9/site-packages/airflow/example_dags/example_trigger_target_dag.py
[2022-03-17 16:38:48,054] {logging_mixin.py:109} INFO - [2022-03-17 16:38:48,054] {dag.py:2398} INFO - Sync 1 DAGs
[2022-03-17 16:38:48,061] {logging_mixin.py:109} INFO - [2022-03-17 16:38:48,061] {dag.py:2937} INFO - Setting next_dagrun for example_trigger_target_dag to None
[2022-03-17 16:38:48,068] {processor.py:171} INFO - Processing /Users/louisekirkham/Documents/linkedin_learning/Ex_Files_Data_Engineering_Foundations/airflow_env/lib/python3.9/site-packages/airflow/example_dags/example_trigger_target_dag.py took 0.064 seconds
[2022-03-17 16:40:08,597] {processor.py:163} INFO - Started process (PID=45398) to work on /Users/louisekirkham/Documents/linkedin_learning/Ex_Files_Data_Engineering_Foundations/airflow_env/lib/python3.9/site-packages/airflow/example_dags/example_trigger_target_dag.py
[2022-03-17 16:40:08,598] {processor.py:642} INFO - Processing file /Users/louisekirkham/Documents/linkedin_learning/Ex_Files_Data_Engineering_Foundations/airflow_env/lib/python3.9/site-packages/airflow/example_dags/example_trigger_target_dag.py for tasks to queue
[2022-03-17 16:40:08,598] {logging_mixin.py:109} INFO - [2022-03-17 16:40:08,598] {dagbag.py:500} INFO - Filling up the DagBag from /Users/louisekirkham/Documents/linkedin_learning/Ex_Files_Data_Engineering_Foundations/airflow_env/lib/python3.9/site-packages/airflow/example_dags/example_trigger_target_dag.py
[2022-03-17 16:40:08,633] {processor.py:654} INFO - DAG(s) dict_keys(['example_trigger_target_dag']) retrieved from /Users/louisekirkham/Documents/linkedin_learning/Ex_Files_Data_Engineering_Foundations/airflow_env/lib/python3.9/site-packages/airflow/example_dags/example_trigger_target_dag.py
[2022-03-17 16:40:08,647] {logging_mixin.py:109} INFO - [2022-03-17 16:40:08,647] {dag.py:2398} INFO - Sync 1 DAGs
[2022-03-17 16:40:08,655] {logging_mixin.py:109} INFO - [2022-03-17 16:40:08,655] {dag.py:2937} INFO - Setting next_dagrun for example_trigger_target_dag to None
[2022-03-17 16:40:08,661] {processor.py:171} INFO - Processing /Users/louisekirkham/Documents/linkedin_learning/Ex_Files_Data_Engineering_Foundations/airflow_env/lib/python3.9/site-packages/airflow/example_dags/example_trigger_target_dag.py took 0.065 seconds
[2022-03-17 16:41:28,812] {processor.py:163} INFO - Started process (PID=45456) to work on /Users/louisekirkham/Documents/linkedin_learning/Ex_Files_Data_Engineering_Foundations/airflow_env/lib/python3.9/site-packages/airflow/example_dags/example_trigger_target_dag.py
[2022-03-17 16:41:28,812] {processor.py:642} INFO - Processing file /Users/louisekirkham/Documents/linkedin_learning/Ex_Files_Data_Engineering_Foundations/airflow_env/lib/python3.9/site-packages/airflow/example_dags/example_trigger_target_dag.py for tasks to queue
[2022-03-17 16:41:28,812] {logging_mixin.py:109} INFO - [2022-03-17 16:41:28,812] {dagbag.py:500} INFO - Filling up the DagBag from /Users/louisekirkham/Documents/linkedin_learning/Ex_Files_Data_Engineering_Foundations/airflow_env/lib/python3.9/site-packages/airflow/example_dags/example_trigger_target_dag.py
[2022-03-17 16:41:28,848] {processor.py:654} INFO - DAG(s) dict_keys(['example_trigger_target_dag']) retrieved from /Users/louisekirkham/Documents/linkedin_learning/Ex_Files_Data_Engineering_Foundations/airflow_env/lib/python3.9/site-packages/airflow/example_dags/example_trigger_target_dag.py
[2022-03-17 16:41:28,861] {logging_mixin.py:109} INFO - [2022-03-17 16:41:28,860] {dag.py:2398} INFO - Sync 1 DAGs
[2022-03-17 16:41:28,867] {logging_mixin.py:109} INFO - [2022-03-17 16:41:28,867] {dag.py:2937} INFO - Setting next_dagrun for example_trigger_target_dag to None
[2022-03-17 16:41:28,873] {processor.py:171} INFO - Processing /Users/louisekirkham/Documents/linkedin_learning/Ex_Files_Data_Engineering_Foundations/airflow_env/lib/python3.9/site-packages/airflow/example_dags/example_trigger_target_dag.py took 0.062 seconds
[2022-03-17 16:42:51,564] {processor.py:163} INFO - Started process (PID=45533) to work on /Users/louisekirkham/Documents/linkedin_learning/Ex_Files_Data_Engineering_Foundations/airflow_env/lib/python3.9/site-packages/airflow/example_dags/example_trigger_target_dag.py
[2022-03-17 16:42:51,564] {processor.py:642} INFO - Processing file /Users/louisekirkham/Documents/linkedin_learning/Ex_Files_Data_Engineering_Foundations/airflow_env/lib/python3.9/site-packages/airflow/example_dags/example_trigger_target_dag.py for tasks to queue
[2022-03-17 16:42:51,564] {logging_mixin.py:109} INFO - [2022-03-17 16:42:51,564] {dagbag.py:500} INFO - Filling up the DagBag from /Users/louisekirkham/Documents/linkedin_learning/Ex_Files_Data_Engineering_Foundations/airflow_env/lib/python3.9/site-packages/airflow/example_dags/example_trigger_target_dag.py
[2022-03-17 16:42:51,607] {processor.py:654} INFO - DAG(s) dict_keys(['example_trigger_target_dag']) retrieved from /Users/louisekirkham/Documents/linkedin_learning/Ex_Files_Data_Engineering_Foundations/airflow_env/lib/python3.9/site-packages/airflow/example_dags/example_trigger_target_dag.py
[2022-03-17 16:42:51,624] {logging_mixin.py:109} INFO - [2022-03-17 16:42:51,624] {dag.py:2398} INFO - Sync 1 DAGs
[2022-03-17 16:42:51,633] {logging_mixin.py:109} INFO - [2022-03-17 16:42:51,633] {dag.py:2937} INFO - Setting next_dagrun for example_trigger_target_dag to None
[2022-03-17 16:42:51,641] {processor.py:171} INFO - Processing /Users/louisekirkham/Documents/linkedin_learning/Ex_Files_Data_Engineering_Foundations/airflow_env/lib/python3.9/site-packages/airflow/example_dags/example_trigger_target_dag.py took 0.078 seconds
[2022-03-17 16:44:12,591] {processor.py:163} INFO - Started process (PID=45611) to work on /Users/louisekirkham/Documents/linkedin_learning/Ex_Files_Data_Engineering_Foundations/airflow_env/lib/python3.9/site-packages/airflow/example_dags/example_trigger_target_dag.py
[2022-03-17 16:44:12,592] {processor.py:642} INFO - Processing file /Users/louisekirkham/Documents/linkedin_learning/Ex_Files_Data_Engineering_Foundations/airflow_env/lib/python3.9/site-packages/airflow/example_dags/example_trigger_target_dag.py for tasks to queue
[2022-03-17 16:44:12,592] {logging_mixin.py:109} INFO - [2022-03-17 16:44:12,592] {dagbag.py:500} INFO - Filling up the DagBag from /Users/louisekirkham/Documents/linkedin_learning/Ex_Files_Data_Engineering_Foundations/airflow_env/lib/python3.9/site-packages/airflow/example_dags/example_trigger_target_dag.py
[2022-03-17 16:44:12,636] {processor.py:654} INFO - DAG(s) dict_keys(['example_trigger_target_dag']) retrieved from /Users/louisekirkham/Documents/linkedin_learning/Ex_Files_Data_Engineering_Foundations/airflow_env/lib/python3.9/site-packages/airflow/example_dags/example_trigger_target_dag.py
[2022-03-17 16:44:12,650] {logging_mixin.py:109} INFO - [2022-03-17 16:44:12,650] {dag.py:2398} INFO - Sync 1 DAGs
[2022-03-17 16:44:12,659] {logging_mixin.py:109} INFO - [2022-03-17 16:44:12,658] {dag.py:2937} INFO - Setting next_dagrun for example_trigger_target_dag to None
[2022-03-17 16:44:12,665] {processor.py:171} INFO - Processing /Users/louisekirkham/Documents/linkedin_learning/Ex_Files_Data_Engineering_Foundations/airflow_env/lib/python3.9/site-packages/airflow/example_dags/example_trigger_target_dag.py took 0.074 seconds
[2022-03-17 16:45:33,212] {processor.py:163} INFO - Started process (PID=45683) to work on /Users/louisekirkham/Documents/linkedin_learning/Ex_Files_Data_Engineering_Foundations/airflow_env/lib/python3.9/site-packages/airflow/example_dags/example_trigger_target_dag.py
[2022-03-17 16:45:33,213] {processor.py:642} INFO - Processing file /Users/louisekirkham/Documents/linkedin_learning/Ex_Files_Data_Engineering_Foundations/airflow_env/lib/python3.9/site-packages/airflow/example_dags/example_trigger_target_dag.py for tasks to queue
[2022-03-17 16:45:33,213] {logging_mixin.py:109} INFO - [2022-03-17 16:45:33,213] {dagbag.py:500} INFO - Filling up the DagBag from /Users/louisekirkham/Documents/linkedin_learning/Ex_Files_Data_Engineering_Foundations/airflow_env/lib/python3.9/site-packages/airflow/example_dags/example_trigger_target_dag.py
[2022-03-17 16:45:33,250] {processor.py:654} INFO - DAG(s) dict_keys(['example_trigger_target_dag']) retrieved from /Users/louisekirkham/Documents/linkedin_learning/Ex_Files_Data_Engineering_Foundations/airflow_env/lib/python3.9/site-packages/airflow/example_dags/example_trigger_target_dag.py
[2022-03-17 16:45:33,264] {logging_mixin.py:109} INFO - [2022-03-17 16:45:33,264] {dag.py:2398} INFO - Sync 1 DAGs
[2022-03-17 16:45:33,271] {logging_mixin.py:109} INFO - [2022-03-17 16:45:33,271] {dag.py:2937} INFO - Setting next_dagrun for example_trigger_target_dag to None
[2022-03-17 16:45:33,277] {processor.py:171} INFO - Processing /Users/louisekirkham/Documents/linkedin_learning/Ex_Files_Data_Engineering_Foundations/airflow_env/lib/python3.9/site-packages/airflow/example_dags/example_trigger_target_dag.py took 0.066 seconds
[2022-03-17 17:07:09,545] {processor.py:163} INFO - Started process (PID=45816) to work on /Users/louisekirkham/Documents/linkedin_learning/Ex_Files_Data_Engineering_Foundations/airflow_env/lib/python3.9/site-packages/airflow/example_dags/example_trigger_target_dag.py
[2022-03-17 17:07:09,547] {processor.py:642} INFO - Processing file /Users/louisekirkham/Documents/linkedin_learning/Ex_Files_Data_Engineering_Foundations/airflow_env/lib/python3.9/site-packages/airflow/example_dags/example_trigger_target_dag.py for tasks to queue
[2022-03-17 17:07:09,547] {logging_mixin.py:109} INFO - [2022-03-17 17:07:09,547] {dagbag.py:500} INFO - Filling up the DagBag from /Users/louisekirkham/Documents/linkedin_learning/Ex_Files_Data_Engineering_Foundations/airflow_env/lib/python3.9/site-packages/airflow/example_dags/example_trigger_target_dag.py
[2022-03-17 17:07:09,592] {processor.py:654} INFO - DAG(s) dict_keys(['example_trigger_target_dag']) retrieved from /Users/louisekirkham/Documents/linkedin_learning/Ex_Files_Data_Engineering_Foundations/airflow_env/lib/python3.9/site-packages/airflow/example_dags/example_trigger_target_dag.py
[2022-03-17 17:07:09,607] {logging_mixin.py:109} INFO - [2022-03-17 17:07:09,606] {dag.py:2398} INFO - Sync 1 DAGs
[2022-03-17 17:07:09,614] {logging_mixin.py:109} INFO - [2022-03-17 17:07:09,614] {dag.py:2937} INFO - Setting next_dagrun for example_trigger_target_dag to None
[2022-03-17 17:07:09,621] {processor.py:171} INFO - Processing /Users/louisekirkham/Documents/linkedin_learning/Ex_Files_Data_Engineering_Foundations/airflow_env/lib/python3.9/site-packages/airflow/example_dags/example_trigger_target_dag.py took 0.076 seconds
[2022-03-17 17:08:03,086] {processor.py:163} INFO - Started process (PID=45861) to work on /Users/louisekirkham/Documents/linkedin_learning/Ex_Files_Data_Engineering_Foundations/airflow_env/lib/python3.9/site-packages/airflow/example_dags/example_trigger_target_dag.py
[2022-03-17 17:08:03,087] {processor.py:642} INFO - Processing file /Users/louisekirkham/Documents/linkedin_learning/Ex_Files_Data_Engineering_Foundations/airflow_env/lib/python3.9/site-packages/airflow/example_dags/example_trigger_target_dag.py for tasks to queue
[2022-03-17 17:08:03,087] {logging_mixin.py:109} INFO - [2022-03-17 17:08:03,087] {dagbag.py:500} INFO - Filling up the DagBag from /Users/louisekirkham/Documents/linkedin_learning/Ex_Files_Data_Engineering_Foundations/airflow_env/lib/python3.9/site-packages/airflow/example_dags/example_trigger_target_dag.py
[2022-03-17 17:08:03,128] {processor.py:654} INFO - DAG(s) dict_keys(['example_trigger_target_dag']) retrieved from /Users/louisekirkham/Documents/linkedin_learning/Ex_Files_Data_Engineering_Foundations/airflow_env/lib/python3.9/site-packages/airflow/example_dags/example_trigger_target_dag.py
[2022-03-17 17:08:03,143] {logging_mixin.py:109} INFO - [2022-03-17 17:08:03,143] {dag.py:2398} INFO - Sync 1 DAGs
[2022-03-17 17:08:03,151] {logging_mixin.py:109} INFO - [2022-03-17 17:08:03,151] {dag.py:2937} INFO - Setting next_dagrun for example_trigger_target_dag to None
[2022-03-17 17:08:03,157] {processor.py:171} INFO - Processing /Users/louisekirkham/Documents/linkedin_learning/Ex_Files_Data_Engineering_Foundations/airflow_env/lib/python3.9/site-packages/airflow/example_dags/example_trigger_target_dag.py took 0.072 seconds
[2022-03-17 17:09:26,242] {processor.py:163} INFO - Started process (PID=45925) to work on /Users/louisekirkham/Documents/linkedin_learning/Ex_Files_Data_Engineering_Foundations/airflow_env/lib/python3.9/site-packages/airflow/example_dags/example_trigger_target_dag.py
[2022-03-17 17:09:26,244] {processor.py:642} INFO - Processing file /Users/louisekirkham/Documents/linkedin_learning/Ex_Files_Data_Engineering_Foundations/airflow_env/lib/python3.9/site-packages/airflow/example_dags/example_trigger_target_dag.py for tasks to queue
[2022-03-17 17:09:26,244] {logging_mixin.py:109} INFO - [2022-03-17 17:09:26,244] {dagbag.py:500} INFO - Filling up the DagBag from /Users/louisekirkham/Documents/linkedin_learning/Ex_Files_Data_Engineering_Foundations/airflow_env/lib/python3.9/site-packages/airflow/example_dags/example_trigger_target_dag.py
[2022-03-17 17:09:26,289] {processor.py:654} INFO - DAG(s) dict_keys(['example_trigger_target_dag']) retrieved from /Users/louisekirkham/Documents/linkedin_learning/Ex_Files_Data_Engineering_Foundations/airflow_env/lib/python3.9/site-packages/airflow/example_dags/example_trigger_target_dag.py
[2022-03-17 17:09:26,305] {logging_mixin.py:109} INFO - [2022-03-17 17:09:26,305] {dag.py:2398} INFO - Sync 1 DAGs
[2022-03-17 17:09:26,314] {logging_mixin.py:109} INFO - [2022-03-17 17:09:26,314] {dag.py:2937} INFO - Setting next_dagrun for example_trigger_target_dag to None
[2022-03-17 17:09:26,321] {processor.py:171} INFO - Processing /Users/louisekirkham/Documents/linkedin_learning/Ex_Files_Data_Engineering_Foundations/airflow_env/lib/python3.9/site-packages/airflow/example_dags/example_trigger_target_dag.py took 0.079 seconds
[2022-03-17 17:10:47,411] {processor.py:163} INFO - Started process (PID=45988) to work on /Users/louisekirkham/Documents/linkedin_learning/Ex_Files_Data_Engineering_Foundations/airflow_env/lib/python3.9/site-packages/airflow/example_dags/example_trigger_target_dag.py
[2022-03-17 17:10:47,411] {processor.py:642} INFO - Processing file /Users/louisekirkham/Documents/linkedin_learning/Ex_Files_Data_Engineering_Foundations/airflow_env/lib/python3.9/site-packages/airflow/example_dags/example_trigger_target_dag.py for tasks to queue
[2022-03-17 17:10:47,411] {logging_mixin.py:109} INFO - [2022-03-17 17:10:47,411] {dagbag.py:500} INFO - Filling up the DagBag from /Users/louisekirkham/Documents/linkedin_learning/Ex_Files_Data_Engineering_Foundations/airflow_env/lib/python3.9/site-packages/airflow/example_dags/example_trigger_target_dag.py
[2022-03-17 17:10:47,444] {processor.py:654} INFO - DAG(s) dict_keys(['example_trigger_target_dag']) retrieved from /Users/louisekirkham/Documents/linkedin_learning/Ex_Files_Data_Engineering_Foundations/airflow_env/lib/python3.9/site-packages/airflow/example_dags/example_trigger_target_dag.py
[2022-03-17 17:10:47,456] {logging_mixin.py:109} INFO - [2022-03-17 17:10:47,456] {dag.py:2398} INFO - Sync 1 DAGs
[2022-03-17 17:10:47,462] {logging_mixin.py:109} INFO - [2022-03-17 17:10:47,462] {dag.py:2937} INFO - Setting next_dagrun for example_trigger_target_dag to None
[2022-03-17 17:10:47,469] {processor.py:171} INFO - Processing /Users/louisekirkham/Documents/linkedin_learning/Ex_Files_Data_Engineering_Foundations/airflow_env/lib/python3.9/site-packages/airflow/example_dags/example_trigger_target_dag.py took 0.059 seconds
[2022-03-17 19:13:35,186] {processor.py:163} INFO - Started process (PID=46131) to work on /Users/louisekirkham/Documents/linkedin_learning/Ex_Files_Data_Engineering_Foundations/airflow_env/lib/python3.9/site-packages/airflow/example_dags/example_trigger_target_dag.py
[2022-03-17 19:13:35,187] {processor.py:642} INFO - Processing file /Users/louisekirkham/Documents/linkedin_learning/Ex_Files_Data_Engineering_Foundations/airflow_env/lib/python3.9/site-packages/airflow/example_dags/example_trigger_target_dag.py for tasks to queue
[2022-03-17 19:13:35,187] {logging_mixin.py:109} INFO - [2022-03-17 19:13:35,187] {dagbag.py:500} INFO - Filling up the DagBag from /Users/louisekirkham/Documents/linkedin_learning/Ex_Files_Data_Engineering_Foundations/airflow_env/lib/python3.9/site-packages/airflow/example_dags/example_trigger_target_dag.py
[2022-03-17 19:13:35,226] {processor.py:654} INFO - DAG(s) dict_keys(['example_trigger_target_dag']) retrieved from /Users/louisekirkham/Documents/linkedin_learning/Ex_Files_Data_Engineering_Foundations/airflow_env/lib/python3.9/site-packages/airflow/example_dags/example_trigger_target_dag.py
[2022-03-17 19:13:35,241] {logging_mixin.py:109} INFO - [2022-03-17 19:13:35,241] {dag.py:2398} INFO - Sync 1 DAGs
[2022-03-17 19:13:35,248] {logging_mixin.py:109} INFO - [2022-03-17 19:13:35,248] {dag.py:2937} INFO - Setting next_dagrun for example_trigger_target_dag to None
[2022-03-17 19:13:35,255] {processor.py:171} INFO - Processing /Users/louisekirkham/Documents/linkedin_learning/Ex_Files_Data_Engineering_Foundations/airflow_env/lib/python3.9/site-packages/airflow/example_dags/example_trigger_target_dag.py took 0.070 seconds
