[2022-03-17 16:02:10,117] {processor.py:163} INFO - Started process (PID=44876) to work on /Users/louisekirkham/Documents/linkedin_learning/Ex_Files_Data_Engineering_Foundations/airflow_env/lib/python3.9/site-packages/airflow/example_dags/example_xcom.py
[2022-03-17 16:02:10,117] {processor.py:642} INFO - Processing file /Users/louisekirkham/Documents/linkedin_learning/Ex_Files_Data_Engineering_Foundations/airflow_env/lib/python3.9/site-packages/airflow/example_dags/example_xcom.py for tasks to queue
[2022-03-17 16:02:10,117] {logging_mixin.py:109} INFO - [2022-03-17 16:02:10,117] {dagbag.py:500} INFO - Filling up the DagBag from /Users/louisekirkham/Documents/linkedin_learning/Ex_Files_Data_Engineering_Foundations/airflow_env/lib/python3.9/site-packages/airflow/example_dags/example_xcom.py
[2022-03-17 16:02:10,159] {processor.py:654} INFO - DAG(s) dict_keys(['example_xcom']) retrieved from /Users/louisekirkham/Documents/linkedin_learning/Ex_Files_Data_Engineering_Foundations/airflow_env/lib/python3.9/site-packages/airflow/example_dags/example_xcom.py
[2022-03-17 16:02:10,348] {logging_mixin.py:109} INFO - [2022-03-17 16:02:10,348] {dag.py:2398} INFO - Sync 1 DAGs
[2022-03-17 16:02:10,359] {logging_mixin.py:109} INFO - [2022-03-17 16:02:10,359] {dag.py:2937} INFO - Setting next_dagrun for example_xcom to 2021-01-01T00:00:00+00:00
[2022-03-17 16:02:10,369] {processor.py:171} INFO - Processing /Users/louisekirkham/Documents/linkedin_learning/Ex_Files_Data_Engineering_Foundations/airflow_env/lib/python3.9/site-packages/airflow/example_dags/example_xcom.py took 0.253 seconds
[2022-03-17 16:02:51,349] {processor.py:163} INFO - Started process (PID=44936) to work on /Users/louisekirkham/Documents/linkedin_learning/Ex_Files_Data_Engineering_Foundations/airflow_env/lib/python3.9/site-packages/airflow/example_dags/example_xcom.py
[2022-03-17 16:02:51,350] {processor.py:642} INFO - Processing file /Users/louisekirkham/Documents/linkedin_learning/Ex_Files_Data_Engineering_Foundations/airflow_env/lib/python3.9/site-packages/airflow/example_dags/example_xcom.py for tasks to queue
[2022-03-17 16:02:51,350] {logging_mixin.py:109} INFO - [2022-03-17 16:02:51,350] {dagbag.py:500} INFO - Filling up the DagBag from /Users/louisekirkham/Documents/linkedin_learning/Ex_Files_Data_Engineering_Foundations/airflow_env/lib/python3.9/site-packages/airflow/example_dags/example_xcom.py
[2022-03-17 16:02:51,390] {processor.py:654} INFO - DAG(s) dict_keys(['example_xcom']) retrieved from /Users/louisekirkham/Documents/linkedin_learning/Ex_Files_Data_Engineering_Foundations/airflow_env/lib/python3.9/site-packages/airflow/example_dags/example_xcom.py
[2022-03-17 16:02:51,568] {logging_mixin.py:109} INFO - [2022-03-17 16:02:51,567] {dag.py:2398} INFO - Sync 1 DAGs
[2022-03-17 16:02:51,576] {logging_mixin.py:109} INFO - [2022-03-17 16:02:51,576] {dag.py:2937} INFO - Setting next_dagrun for example_xcom to 2021-01-01T00:00:00+00:00
[2022-03-17 16:02:51,584] {processor.py:171} INFO - Processing /Users/louisekirkham/Documents/linkedin_learning/Ex_Files_Data_Engineering_Foundations/airflow_env/lib/python3.9/site-packages/airflow/example_dags/example_xcom.py took 0.236 seconds
[2022-03-17 16:34:16,439] {processor.py:163} INFO - Started process (PID=45081) to work on /Users/louisekirkham/Documents/linkedin_learning/Ex_Files_Data_Engineering_Foundations/airflow_env/lib/python3.9/site-packages/airflow/example_dags/example_xcom.py
[2022-03-17 16:34:16,450] {processor.py:642} INFO - Processing file /Users/louisekirkham/Documents/linkedin_learning/Ex_Files_Data_Engineering_Foundations/airflow_env/lib/python3.9/site-packages/airflow/example_dags/example_xcom.py for tasks to queue
[2022-03-17 16:34:16,495] {logging_mixin.py:109} INFO - [2022-03-17 16:34:16,484] {dagbag.py:500} INFO - Filling up the DagBag from /Users/louisekirkham/Documents/linkedin_learning/Ex_Files_Data_Engineering_Foundations/airflow_env/lib/python3.9/site-packages/airflow/example_dags/example_xcom.py
[2022-03-17 16:34:17,182] {processor.py:654} INFO - DAG(s) dict_keys(['example_xcom']) retrieved from /Users/louisekirkham/Documents/linkedin_learning/Ex_Files_Data_Engineering_Foundations/airflow_env/lib/python3.9/site-packages/airflow/example_dags/example_xcom.py
[2022-03-17 16:34:18,362] {logging_mixin.py:109} INFO - [2022-03-17 16:34:18,361] {dag.py:2398} INFO - Sync 1 DAGs
[2022-03-17 16:34:18,374] {logging_mixin.py:109} INFO - [2022-03-17 16:34:18,374] {dag.py:2937} INFO - Setting next_dagrun for example_xcom to 2021-01-01T00:00:00+00:00
[2022-03-17 16:34:18,394] {processor.py:171} INFO - Processing /Users/louisekirkham/Documents/linkedin_learning/Ex_Files_Data_Engineering_Foundations/airflow_env/lib/python3.9/site-packages/airflow/example_dags/example_xcom.py took 1.972 seconds
[2022-03-17 16:35:15,233] {processor.py:163} INFO - Started process (PID=45134) to work on /Users/louisekirkham/Documents/linkedin_learning/Ex_Files_Data_Engineering_Foundations/airflow_env/lib/python3.9/site-packages/airflow/example_dags/example_xcom.py
[2022-03-17 16:35:15,235] {processor.py:642} INFO - Processing file /Users/louisekirkham/Documents/linkedin_learning/Ex_Files_Data_Engineering_Foundations/airflow_env/lib/python3.9/site-packages/airflow/example_dags/example_xcom.py for tasks to queue
[2022-03-17 16:35:15,235] {logging_mixin.py:109} INFO - [2022-03-17 16:35:15,235] {dagbag.py:500} INFO - Filling up the DagBag from /Users/louisekirkham/Documents/linkedin_learning/Ex_Files_Data_Engineering_Foundations/airflow_env/lib/python3.9/site-packages/airflow/example_dags/example_xcom.py
[2022-03-17 16:35:15,273] {processor.py:654} INFO - DAG(s) dict_keys(['example_xcom']) retrieved from /Users/louisekirkham/Documents/linkedin_learning/Ex_Files_Data_Engineering_Foundations/airflow_env/lib/python3.9/site-packages/airflow/example_dags/example_xcom.py
[2022-03-17 16:35:15,431] {logging_mixin.py:109} INFO - [2022-03-17 16:35:15,431] {dag.py:2398} INFO - Sync 1 DAGs
[2022-03-17 16:35:15,439] {logging_mixin.py:109} INFO - [2022-03-17 16:35:15,439] {dag.py:2937} INFO - Setting next_dagrun for example_xcom to 2021-01-01T00:00:00+00:00
[2022-03-17 16:35:15,447] {processor.py:171} INFO - Processing /Users/louisekirkham/Documents/linkedin_learning/Ex_Files_Data_Engineering_Foundations/airflow_env/lib/python3.9/site-packages/airflow/example_dags/example_xcom.py took 0.215 seconds
[2022-03-17 16:36:04,138] {processor.py:163} INFO - Started process (PID=45195) to work on /Users/louisekirkham/Documents/linkedin_learning/Ex_Files_Data_Engineering_Foundations/airflow_env/lib/python3.9/site-packages/airflow/example_dags/example_xcom.py
[2022-03-17 16:36:04,139] {processor.py:642} INFO - Processing file /Users/louisekirkham/Documents/linkedin_learning/Ex_Files_Data_Engineering_Foundations/airflow_env/lib/python3.9/site-packages/airflow/example_dags/example_xcom.py for tasks to queue
[2022-03-17 16:36:04,139] {logging_mixin.py:109} INFO - [2022-03-17 16:36:04,139] {dagbag.py:500} INFO - Filling up the DagBag from /Users/louisekirkham/Documents/linkedin_learning/Ex_Files_Data_Engineering_Foundations/airflow_env/lib/python3.9/site-packages/airflow/example_dags/example_xcom.py
[2022-03-17 16:36:04,177] {processor.py:654} INFO - DAG(s) dict_keys(['example_xcom']) retrieved from /Users/louisekirkham/Documents/linkedin_learning/Ex_Files_Data_Engineering_Foundations/airflow_env/lib/python3.9/site-packages/airflow/example_dags/example_xcom.py
[2022-03-17 16:36:04,339] {logging_mixin.py:109} INFO - [2022-03-17 16:36:04,339] {dag.py:2398} INFO - Sync 1 DAGs
[2022-03-17 16:36:04,347] {logging_mixin.py:109} INFO - [2022-03-17 16:36:04,347] {dag.py:2937} INFO - Setting next_dagrun for example_xcom to 2021-01-01T00:00:00+00:00
[2022-03-17 16:36:04,354] {processor.py:171} INFO - Processing /Users/louisekirkham/Documents/linkedin_learning/Ex_Files_Data_Engineering_Foundations/airflow_env/lib/python3.9/site-packages/airflow/example_dags/example_xcom.py took 0.216 seconds
[2022-03-17 16:37:24,582] {processor.py:163} INFO - Started process (PID=45267) to work on /Users/louisekirkham/Documents/linkedin_learning/Ex_Files_Data_Engineering_Foundations/airflow_env/lib/python3.9/site-packages/airflow/example_dags/example_xcom.py
[2022-03-17 16:37:24,582] {processor.py:642} INFO - Processing file /Users/louisekirkham/Documents/linkedin_learning/Ex_Files_Data_Engineering_Foundations/airflow_env/lib/python3.9/site-packages/airflow/example_dags/example_xcom.py for tasks to queue
[2022-03-17 16:37:24,582] {logging_mixin.py:109} INFO - [2022-03-17 16:37:24,582] {dagbag.py:500} INFO - Filling up the DagBag from /Users/louisekirkham/Documents/linkedin_learning/Ex_Files_Data_Engineering_Foundations/airflow_env/lib/python3.9/site-packages/airflow/example_dags/example_xcom.py
[2022-03-17 16:37:24,621] {processor.py:654} INFO - DAG(s) dict_keys(['example_xcom']) retrieved from /Users/louisekirkham/Documents/linkedin_learning/Ex_Files_Data_Engineering_Foundations/airflow_env/lib/python3.9/site-packages/airflow/example_dags/example_xcom.py
[2022-03-17 16:37:24,790] {logging_mixin.py:109} INFO - [2022-03-17 16:37:24,790] {dag.py:2398} INFO - Sync 1 DAGs
[2022-03-17 16:37:24,798] {logging_mixin.py:109} INFO - [2022-03-17 16:37:24,798] {dag.py:2937} INFO - Setting next_dagrun for example_xcom to 2021-01-01T00:00:00+00:00
[2022-03-17 16:37:24,806] {processor.py:171} INFO - Processing /Users/louisekirkham/Documents/linkedin_learning/Ex_Files_Data_Engineering_Foundations/airflow_env/lib/python3.9/site-packages/airflow/example_dags/example_xcom.py took 0.225 seconds
[2022-03-17 16:38:45,767] {processor.py:163} INFO - Started process (PID=45334) to work on /Users/louisekirkham/Documents/linkedin_learning/Ex_Files_Data_Engineering_Foundations/airflow_env/lib/python3.9/site-packages/airflow/example_dags/example_xcom.py
[2022-03-17 16:38:45,767] {processor.py:642} INFO - Processing file /Users/louisekirkham/Documents/linkedin_learning/Ex_Files_Data_Engineering_Foundations/airflow_env/lib/python3.9/site-packages/airflow/example_dags/example_xcom.py for tasks to queue
[2022-03-17 16:38:45,767] {logging_mixin.py:109} INFO - [2022-03-17 16:38:45,767] {dagbag.py:500} INFO - Filling up the DagBag from /Users/louisekirkham/Documents/linkedin_learning/Ex_Files_Data_Engineering_Foundations/airflow_env/lib/python3.9/site-packages/airflow/example_dags/example_xcom.py
[2022-03-17 16:38:45,804] {processor.py:654} INFO - DAG(s) dict_keys(['example_xcom']) retrieved from /Users/louisekirkham/Documents/linkedin_learning/Ex_Files_Data_Engineering_Foundations/airflow_env/lib/python3.9/site-packages/airflow/example_dags/example_xcom.py
[2022-03-17 16:38:45,963] {logging_mixin.py:109} INFO - [2022-03-17 16:38:45,963] {dag.py:2398} INFO - Sync 1 DAGs
[2022-03-17 16:38:45,971] {logging_mixin.py:109} INFO - [2022-03-17 16:38:45,971] {dag.py:2937} INFO - Setting next_dagrun for example_xcom to 2021-01-01T00:00:00+00:00
[2022-03-17 16:38:45,978] {processor.py:171} INFO - Processing /Users/louisekirkham/Documents/linkedin_learning/Ex_Files_Data_Engineering_Foundations/airflow_env/lib/python3.9/site-packages/airflow/example_dags/example_xcom.py took 0.212 seconds
[2022-03-17 16:40:06,263] {processor.py:163} INFO - Started process (PID=45397) to work on /Users/louisekirkham/Documents/linkedin_learning/Ex_Files_Data_Engineering_Foundations/airflow_env/lib/python3.9/site-packages/airflow/example_dags/example_xcom.py
[2022-03-17 16:40:06,263] {processor.py:642} INFO - Processing file /Users/louisekirkham/Documents/linkedin_learning/Ex_Files_Data_Engineering_Foundations/airflow_env/lib/python3.9/site-packages/airflow/example_dags/example_xcom.py for tasks to queue
[2022-03-17 16:40:06,264] {logging_mixin.py:109} INFO - [2022-03-17 16:40:06,264] {dagbag.py:500} INFO - Filling up the DagBag from /Users/louisekirkham/Documents/linkedin_learning/Ex_Files_Data_Engineering_Foundations/airflow_env/lib/python3.9/site-packages/airflow/example_dags/example_xcom.py
[2022-03-17 16:40:06,304] {processor.py:654} INFO - DAG(s) dict_keys(['example_xcom']) retrieved from /Users/louisekirkham/Documents/linkedin_learning/Ex_Files_Data_Engineering_Foundations/airflow_env/lib/python3.9/site-packages/airflow/example_dags/example_xcom.py
[2022-03-17 16:40:06,486] {logging_mixin.py:109} INFO - [2022-03-17 16:40:06,485] {dag.py:2398} INFO - Sync 1 DAGs
[2022-03-17 16:40:06,495] {logging_mixin.py:109} INFO - [2022-03-17 16:40:06,495] {dag.py:2937} INFO - Setting next_dagrun for example_xcom to 2021-01-01T00:00:00+00:00
[2022-03-17 16:40:06,502] {processor.py:171} INFO - Processing /Users/louisekirkham/Documents/linkedin_learning/Ex_Files_Data_Engineering_Foundations/airflow_env/lib/python3.9/site-packages/airflow/example_dags/example_xcom.py took 0.240 seconds
[2022-03-17 16:41:26,577] {processor.py:163} INFO - Started process (PID=45455) to work on /Users/louisekirkham/Documents/linkedin_learning/Ex_Files_Data_Engineering_Foundations/airflow_env/lib/python3.9/site-packages/airflow/example_dags/example_xcom.py
[2022-03-17 16:41:26,577] {processor.py:642} INFO - Processing file /Users/louisekirkham/Documents/linkedin_learning/Ex_Files_Data_Engineering_Foundations/airflow_env/lib/python3.9/site-packages/airflow/example_dags/example_xcom.py for tasks to queue
[2022-03-17 16:41:26,577] {logging_mixin.py:109} INFO - [2022-03-17 16:41:26,577] {dagbag.py:500} INFO - Filling up the DagBag from /Users/louisekirkham/Documents/linkedin_learning/Ex_Files_Data_Engineering_Foundations/airflow_env/lib/python3.9/site-packages/airflow/example_dags/example_xcom.py
[2022-03-17 16:41:26,614] {processor.py:654} INFO - DAG(s) dict_keys(['example_xcom']) retrieved from /Users/louisekirkham/Documents/linkedin_learning/Ex_Files_Data_Engineering_Foundations/airflow_env/lib/python3.9/site-packages/airflow/example_dags/example_xcom.py
[2022-03-17 16:41:26,771] {logging_mixin.py:109} INFO - [2022-03-17 16:41:26,771] {dag.py:2398} INFO - Sync 1 DAGs
[2022-03-17 16:41:26,778] {logging_mixin.py:109} INFO - [2022-03-17 16:41:26,778] {dag.py:2937} INFO - Setting next_dagrun for example_xcom to 2021-01-01T00:00:00+00:00
[2022-03-17 16:41:26,786] {processor.py:171} INFO - Processing /Users/louisekirkham/Documents/linkedin_learning/Ex_Files_Data_Engineering_Foundations/airflow_env/lib/python3.9/site-packages/airflow/example_dags/example_xcom.py took 0.210 seconds
[2022-03-17 16:42:48,897] {processor.py:163} INFO - Started process (PID=45531) to work on /Users/louisekirkham/Documents/linkedin_learning/Ex_Files_Data_Engineering_Foundations/airflow_env/lib/python3.9/site-packages/airflow/example_dags/example_xcom.py
[2022-03-17 16:42:48,898] {processor.py:642} INFO - Processing file /Users/louisekirkham/Documents/linkedin_learning/Ex_Files_Data_Engineering_Foundations/airflow_env/lib/python3.9/site-packages/airflow/example_dags/example_xcom.py for tasks to queue
[2022-03-17 16:42:48,898] {logging_mixin.py:109} INFO - [2022-03-17 16:42:48,898] {dagbag.py:500} INFO - Filling up the DagBag from /Users/louisekirkham/Documents/linkedin_learning/Ex_Files_Data_Engineering_Foundations/airflow_env/lib/python3.9/site-packages/airflow/example_dags/example_xcom.py
[2022-03-17 16:42:48,941] {processor.py:654} INFO - DAG(s) dict_keys(['example_xcom']) retrieved from /Users/louisekirkham/Documents/linkedin_learning/Ex_Files_Data_Engineering_Foundations/airflow_env/lib/python3.9/site-packages/airflow/example_dags/example_xcom.py
[2022-03-17 16:42:49,138] {logging_mixin.py:109} INFO - [2022-03-17 16:42:49,138] {dag.py:2398} INFO - Sync 1 DAGs
[2022-03-17 16:42:49,147] {logging_mixin.py:109} INFO - [2022-03-17 16:42:49,147] {dag.py:2937} INFO - Setting next_dagrun for example_xcom to 2021-01-01T00:00:00+00:00
[2022-03-17 16:42:49,156] {processor.py:171} INFO - Processing /Users/louisekirkham/Documents/linkedin_learning/Ex_Files_Data_Engineering_Foundations/airflow_env/lib/python3.9/site-packages/airflow/example_dags/example_xcom.py took 0.259 seconds
[2022-03-17 16:44:10,213] {processor.py:163} INFO - Started process (PID=45610) to work on /Users/louisekirkham/Documents/linkedin_learning/Ex_Files_Data_Engineering_Foundations/airflow_env/lib/python3.9/site-packages/airflow/example_dags/example_xcom.py
[2022-03-17 16:44:10,215] {processor.py:642} INFO - Processing file /Users/louisekirkham/Documents/linkedin_learning/Ex_Files_Data_Engineering_Foundations/airflow_env/lib/python3.9/site-packages/airflow/example_dags/example_xcom.py for tasks to queue
[2022-03-17 16:44:10,215] {logging_mixin.py:109} INFO - [2022-03-17 16:44:10,215] {dagbag.py:500} INFO - Filling up the DagBag from /Users/louisekirkham/Documents/linkedin_learning/Ex_Files_Data_Engineering_Foundations/airflow_env/lib/python3.9/site-packages/airflow/example_dags/example_xcom.py
[2022-03-17 16:44:10,253] {processor.py:654} INFO - DAG(s) dict_keys(['example_xcom']) retrieved from /Users/louisekirkham/Documents/linkedin_learning/Ex_Files_Data_Engineering_Foundations/airflow_env/lib/python3.9/site-packages/airflow/example_dags/example_xcom.py
[2022-03-17 16:44:10,412] {logging_mixin.py:109} INFO - [2022-03-17 16:44:10,412] {dag.py:2398} INFO - Sync 1 DAGs
[2022-03-17 16:44:10,419] {logging_mixin.py:109} INFO - [2022-03-17 16:44:10,419] {dag.py:2937} INFO - Setting next_dagrun for example_xcom to 2021-01-01T00:00:00+00:00
[2022-03-17 16:44:10,426] {processor.py:171} INFO - Processing /Users/louisekirkham/Documents/linkedin_learning/Ex_Files_Data_Engineering_Foundations/airflow_env/lib/python3.9/site-packages/airflow/example_dags/example_xcom.py took 0.214 seconds
[2022-03-17 16:45:30,950] {processor.py:163} INFO - Started process (PID=45682) to work on /Users/louisekirkham/Documents/linkedin_learning/Ex_Files_Data_Engineering_Foundations/airflow_env/lib/python3.9/site-packages/airflow/example_dags/example_xcom.py
[2022-03-17 16:45:30,952] {processor.py:642} INFO - Processing file /Users/louisekirkham/Documents/linkedin_learning/Ex_Files_Data_Engineering_Foundations/airflow_env/lib/python3.9/site-packages/airflow/example_dags/example_xcom.py for tasks to queue
[2022-03-17 16:45:30,952] {logging_mixin.py:109} INFO - [2022-03-17 16:45:30,952] {dagbag.py:500} INFO - Filling up the DagBag from /Users/louisekirkham/Documents/linkedin_learning/Ex_Files_Data_Engineering_Foundations/airflow_env/lib/python3.9/site-packages/airflow/example_dags/example_xcom.py
[2022-03-17 16:45:30,993] {processor.py:654} INFO - DAG(s) dict_keys(['example_xcom']) retrieved from /Users/louisekirkham/Documents/linkedin_learning/Ex_Files_Data_Engineering_Foundations/airflow_env/lib/python3.9/site-packages/airflow/example_dags/example_xcom.py
[2022-03-17 16:45:31,154] {logging_mixin.py:109} INFO - [2022-03-17 16:45:31,153] {dag.py:2398} INFO - Sync 1 DAGs
[2022-03-17 16:45:31,161] {logging_mixin.py:109} INFO - [2022-03-17 16:45:31,161] {dag.py:2937} INFO - Setting next_dagrun for example_xcom to 2021-01-01T00:00:00+00:00
[2022-03-17 16:45:31,168] {processor.py:171} INFO - Processing /Users/louisekirkham/Documents/linkedin_learning/Ex_Files_Data_Engineering_Foundations/airflow_env/lib/python3.9/site-packages/airflow/example_dags/example_xcom.py took 0.219 seconds
[2022-03-17 17:07:07,912] {processor.py:163} INFO - Started process (PID=45815) to work on /Users/louisekirkham/Documents/linkedin_learning/Ex_Files_Data_Engineering_Foundations/airflow_env/lib/python3.9/site-packages/airflow/example_dags/example_xcom.py
[2022-03-17 17:07:07,913] {processor.py:642} INFO - Processing file /Users/louisekirkham/Documents/linkedin_learning/Ex_Files_Data_Engineering_Foundations/airflow_env/lib/python3.9/site-packages/airflow/example_dags/example_xcom.py for tasks to queue
[2022-03-17 17:07:07,913] {logging_mixin.py:109} INFO - [2022-03-17 17:07:07,913] {dagbag.py:500} INFO - Filling up the DagBag from /Users/louisekirkham/Documents/linkedin_learning/Ex_Files_Data_Engineering_Foundations/airflow_env/lib/python3.9/site-packages/airflow/example_dags/example_xcom.py
[2022-03-17 17:07:07,963] {processor.py:654} INFO - DAG(s) dict_keys(['example_xcom']) retrieved from /Users/louisekirkham/Documents/linkedin_learning/Ex_Files_Data_Engineering_Foundations/airflow_env/lib/python3.9/site-packages/airflow/example_dags/example_xcom.py
[2022-03-17 17:07:08,159] {logging_mixin.py:109} INFO - [2022-03-17 17:07:08,158] {dag.py:2398} INFO - Sync 1 DAGs
[2022-03-17 17:07:08,167] {logging_mixin.py:109} INFO - [2022-03-17 17:07:08,167] {dag.py:2937} INFO - Setting next_dagrun for example_xcom to 2021-01-01T00:00:00+00:00
[2022-03-17 17:07:08,174] {processor.py:171} INFO - Processing /Users/louisekirkham/Documents/linkedin_learning/Ex_Files_Data_Engineering_Foundations/airflow_env/lib/python3.9/site-packages/airflow/example_dags/example_xcom.py took 0.263 seconds
[2022-03-17 17:08:01,320] {processor.py:163} INFO - Started process (PID=45860) to work on /Users/louisekirkham/Documents/linkedin_learning/Ex_Files_Data_Engineering_Foundations/airflow_env/lib/python3.9/site-packages/airflow/example_dags/example_xcom.py
[2022-03-17 17:08:01,322] {processor.py:642} INFO - Processing file /Users/louisekirkham/Documents/linkedin_learning/Ex_Files_Data_Engineering_Foundations/airflow_env/lib/python3.9/site-packages/airflow/example_dags/example_xcom.py for tasks to queue
[2022-03-17 17:08:01,323] {logging_mixin.py:109} INFO - [2022-03-17 17:08:01,322] {dagbag.py:500} INFO - Filling up the DagBag from /Users/louisekirkham/Documents/linkedin_learning/Ex_Files_Data_Engineering_Foundations/airflow_env/lib/python3.9/site-packages/airflow/example_dags/example_xcom.py
[2022-03-17 17:08:01,359] {processor.py:654} INFO - DAG(s) dict_keys(['example_xcom']) retrieved from /Users/louisekirkham/Documents/linkedin_learning/Ex_Files_Data_Engineering_Foundations/airflow_env/lib/python3.9/site-packages/airflow/example_dags/example_xcom.py
[2022-03-17 17:08:01,517] {logging_mixin.py:109} INFO - [2022-03-17 17:08:01,517] {dag.py:2398} INFO - Sync 1 DAGs
[2022-03-17 17:08:01,525] {logging_mixin.py:109} INFO - [2022-03-17 17:08:01,525] {dag.py:2937} INFO - Setting next_dagrun for example_xcom to 2021-01-01T00:00:00+00:00
[2022-03-17 17:08:01,532] {processor.py:171} INFO - Processing /Users/louisekirkham/Documents/linkedin_learning/Ex_Files_Data_Engineering_Foundations/airflow_env/lib/python3.9/site-packages/airflow/example_dags/example_xcom.py took 0.212 seconds
[2022-03-17 17:09:24,513] {processor.py:163} INFO - Started process (PID=45924) to work on /Users/louisekirkham/Documents/linkedin_learning/Ex_Files_Data_Engineering_Foundations/airflow_env/lib/python3.9/site-packages/airflow/example_dags/example_xcom.py
[2022-03-17 17:09:24,514] {processor.py:642} INFO - Processing file /Users/louisekirkham/Documents/linkedin_learning/Ex_Files_Data_Engineering_Foundations/airflow_env/lib/python3.9/site-packages/airflow/example_dags/example_xcom.py for tasks to queue
[2022-03-17 17:09:24,515] {logging_mixin.py:109} INFO - [2022-03-17 17:09:24,515] {dagbag.py:500} INFO - Filling up the DagBag from /Users/louisekirkham/Documents/linkedin_learning/Ex_Files_Data_Engineering_Foundations/airflow_env/lib/python3.9/site-packages/airflow/example_dags/example_xcom.py
[2022-03-17 17:09:24,558] {processor.py:654} INFO - DAG(s) dict_keys(['example_xcom']) retrieved from /Users/louisekirkham/Documents/linkedin_learning/Ex_Files_Data_Engineering_Foundations/airflow_env/lib/python3.9/site-packages/airflow/example_dags/example_xcom.py
[2022-03-17 17:09:24,741] {logging_mixin.py:109} INFO - [2022-03-17 17:09:24,741] {dag.py:2398} INFO - Sync 1 DAGs
[2022-03-17 17:09:24,750] {logging_mixin.py:109} INFO - [2022-03-17 17:09:24,750] {dag.py:2937} INFO - Setting next_dagrun for example_xcom to 2021-01-01T00:00:00+00:00
[2022-03-17 17:09:24,757] {processor.py:171} INFO - Processing /Users/louisekirkham/Documents/linkedin_learning/Ex_Files_Data_Engineering_Foundations/airflow_env/lib/python3.9/site-packages/airflow/example_dags/example_xcom.py took 0.244 seconds
[2022-03-17 17:10:45,878] {processor.py:163} INFO - Started process (PID=45987) to work on /Users/louisekirkham/Documents/linkedin_learning/Ex_Files_Data_Engineering_Foundations/airflow_env/lib/python3.9/site-packages/airflow/example_dags/example_xcom.py
[2022-03-17 17:10:45,879] {processor.py:642} INFO - Processing file /Users/louisekirkham/Documents/linkedin_learning/Ex_Files_Data_Engineering_Foundations/airflow_env/lib/python3.9/site-packages/airflow/example_dags/example_xcom.py for tasks to queue
[2022-03-17 17:10:45,879] {logging_mixin.py:109} INFO - [2022-03-17 17:10:45,879] {dagbag.py:500} INFO - Filling up the DagBag from /Users/louisekirkham/Documents/linkedin_learning/Ex_Files_Data_Engineering_Foundations/airflow_env/lib/python3.9/site-packages/airflow/example_dags/example_xcom.py
[2022-03-17 17:10:45,916] {processor.py:654} INFO - DAG(s) dict_keys(['example_xcom']) retrieved from /Users/louisekirkham/Documents/linkedin_learning/Ex_Files_Data_Engineering_Foundations/airflow_env/lib/python3.9/site-packages/airflow/example_dags/example_xcom.py
[2022-03-17 17:10:46,078] {logging_mixin.py:109} INFO - [2022-03-17 17:10:46,077] {dag.py:2398} INFO - Sync 1 DAGs
[2022-03-17 17:10:46,085] {logging_mixin.py:109} INFO - [2022-03-17 17:10:46,085] {dag.py:2937} INFO - Setting next_dagrun for example_xcom to 2021-01-01T00:00:00+00:00
[2022-03-17 17:10:46,092] {processor.py:171} INFO - Processing /Users/louisekirkham/Documents/linkedin_learning/Ex_Files_Data_Engineering_Foundations/airflow_env/lib/python3.9/site-packages/airflow/example_dags/example_xcom.py took 0.215 seconds
[2022-03-17 19:13:32,782] {processor.py:163} INFO - Started process (PID=46130) to work on /Users/louisekirkham/Documents/linkedin_learning/Ex_Files_Data_Engineering_Foundations/airflow_env/lib/python3.9/site-packages/airflow/example_dags/example_xcom.py
[2022-03-17 19:13:32,783] {processor.py:642} INFO - Processing file /Users/louisekirkham/Documents/linkedin_learning/Ex_Files_Data_Engineering_Foundations/airflow_env/lib/python3.9/site-packages/airflow/example_dags/example_xcom.py for tasks to queue
[2022-03-17 19:13:32,783] {logging_mixin.py:109} INFO - [2022-03-17 19:13:32,783] {dagbag.py:500} INFO - Filling up the DagBag from /Users/louisekirkham/Documents/linkedin_learning/Ex_Files_Data_Engineering_Foundations/airflow_env/lib/python3.9/site-packages/airflow/example_dags/example_xcom.py
[2022-03-17 19:13:32,837] {processor.py:654} INFO - DAG(s) dict_keys(['example_xcom']) retrieved from /Users/louisekirkham/Documents/linkedin_learning/Ex_Files_Data_Engineering_Foundations/airflow_env/lib/python3.9/site-packages/airflow/example_dags/example_xcom.py
[2022-03-17 19:13:33,052] {logging_mixin.py:109} INFO - [2022-03-17 19:13:33,052] {dag.py:2398} INFO - Sync 1 DAGs
[2022-03-17 19:13:33,062] {logging_mixin.py:109} INFO - [2022-03-17 19:13:33,062] {dag.py:2937} INFO - Setting next_dagrun for example_xcom to 2021-01-01T00:00:00+00:00
[2022-03-17 19:13:33,072] {processor.py:171} INFO - Processing /Users/louisekirkham/Documents/linkedin_learning/Ex_Files_Data_Engineering_Foundations/airflow_env/lib/python3.9/site-packages/airflow/example_dags/example_xcom.py took 0.291 seconds
