[2022-03-17 16:02:07,821] {processor.py:163} INFO - Started process (PID=44875) to work on /Users/louisekirkham/Documents/linkedin_learning/Ex_Files_Data_Engineering_Foundations/airflow_env/lib/python3.9/site-packages/airflow/example_dags/example_xcomargs.py
[2022-03-17 16:02:07,821] {processor.py:642} INFO - Processing file /Users/louisekirkham/Documents/linkedin_learning/Ex_Files_Data_Engineering_Foundations/airflow_env/lib/python3.9/site-packages/airflow/example_dags/example_xcomargs.py for tasks to queue
[2022-03-17 16:02:07,821] {logging_mixin.py:109} INFO - [2022-03-17 16:02:07,821] {dagbag.py:500} INFO - Filling up the DagBag from /Users/louisekirkham/Documents/linkedin_learning/Ex_Files_Data_Engineering_Foundations/airflow_env/lib/python3.9/site-packages/airflow/example_dags/example_xcomargs.py
[2022-03-17 16:02:07,864] {processor.py:654} INFO - DAG(s) dict_keys(['example_xcom_args', 'example_xcom_args_with_operators']) retrieved from /Users/louisekirkham/Documents/linkedin_learning/Ex_Files_Data_Engineering_Foundations/airflow_env/lib/python3.9/site-packages/airflow/example_dags/example_xcomargs.py
[2022-03-17 16:02:08,052] {logging_mixin.py:109} INFO - [2022-03-17 16:02:08,052] {dag.py:2398} INFO - Sync 2 DAGs
[2022-03-17 16:02:08,060] {logging_mixin.py:109} INFO - [2022-03-17 16:02:08,060] {dag.py:2937} INFO - Setting next_dagrun for example_xcom_args to None
[2022-03-17 16:02:08,060] {logging_mixin.py:109} INFO - [2022-03-17 16:02:08,060] {dag.py:2937} INFO - Setting next_dagrun for example_xcom_args_with_operators to None
[2022-03-17 16:02:08,067] {processor.py:171} INFO - Processing /Users/louisekirkham/Documents/linkedin_learning/Ex_Files_Data_Engineering_Foundations/airflow_env/lib/python3.9/site-packages/airflow/example_dags/example_xcomargs.py took 0.247 seconds
[2022-03-17 16:02:49,271] {processor.py:163} INFO - Started process (PID=44935) to work on /Users/louisekirkham/Documents/linkedin_learning/Ex_Files_Data_Engineering_Foundations/airflow_env/lib/python3.9/site-packages/airflow/example_dags/example_xcomargs.py
[2022-03-17 16:02:49,271] {processor.py:642} INFO - Processing file /Users/louisekirkham/Documents/linkedin_learning/Ex_Files_Data_Engineering_Foundations/airflow_env/lib/python3.9/site-packages/airflow/example_dags/example_xcomargs.py for tasks to queue
[2022-03-17 16:02:49,272] {logging_mixin.py:109} INFO - [2022-03-17 16:02:49,272] {dagbag.py:500} INFO - Filling up the DagBag from /Users/louisekirkham/Documents/linkedin_learning/Ex_Files_Data_Engineering_Foundations/airflow_env/lib/python3.9/site-packages/airflow/example_dags/example_xcomargs.py
[2022-03-17 16:02:49,312] {processor.py:654} INFO - DAG(s) dict_keys(['example_xcom_args', 'example_xcom_args_with_operators']) retrieved from /Users/louisekirkham/Documents/linkedin_learning/Ex_Files_Data_Engineering_Foundations/airflow_env/lib/python3.9/site-packages/airflow/example_dags/example_xcomargs.py
[2022-03-17 16:02:49,481] {logging_mixin.py:109} INFO - [2022-03-17 16:02:49,481] {dag.py:2398} INFO - Sync 2 DAGs
[2022-03-17 16:02:49,489] {logging_mixin.py:109} INFO - [2022-03-17 16:02:49,489] {dag.py:2937} INFO - Setting next_dagrun for example_xcom_args to None
[2022-03-17 16:02:49,489] {logging_mixin.py:109} INFO - [2022-03-17 16:02:49,489] {dag.py:2937} INFO - Setting next_dagrun for example_xcom_args_with_operators to None
[2022-03-17 16:02:49,496] {processor.py:171} INFO - Processing /Users/louisekirkham/Documents/linkedin_learning/Ex_Files_Data_Engineering_Foundations/airflow_env/lib/python3.9/site-packages/airflow/example_dags/example_xcomargs.py took 0.226 seconds
[2022-03-17 16:34:08,828] {processor.py:163} INFO - Started process (PID=45062) to work on /Users/louisekirkham/Documents/linkedin_learning/Ex_Files_Data_Engineering_Foundations/airflow_env/lib/python3.9/site-packages/airflow/example_dags/example_xcomargs.py
[2022-03-17 16:34:08,829] {processor.py:642} INFO - Processing file /Users/louisekirkham/Documents/linkedin_learning/Ex_Files_Data_Engineering_Foundations/airflow_env/lib/python3.9/site-packages/airflow/example_dags/example_xcomargs.py for tasks to queue
[2022-03-17 16:34:08,831] {logging_mixin.py:109} INFO - [2022-03-17 16:34:08,830] {dagbag.py:500} INFO - Filling up the DagBag from /Users/louisekirkham/Documents/linkedin_learning/Ex_Files_Data_Engineering_Foundations/airflow_env/lib/python3.9/site-packages/airflow/example_dags/example_xcomargs.py
[2022-03-17 16:34:08,998] {processor.py:654} INFO - DAG(s) dict_keys(['example_xcom_args', 'example_xcom_args_with_operators']) retrieved from /Users/louisekirkham/Documents/linkedin_learning/Ex_Files_Data_Engineering_Foundations/airflow_env/lib/python3.9/site-packages/airflow/example_dags/example_xcomargs.py
[2022-03-17 16:34:09,763] {logging_mixin.py:109} INFO - [2022-03-17 16:34:09,761] {dag.py:2398} INFO - Sync 2 DAGs
[2022-03-17 16:34:09,786] {logging_mixin.py:109} INFO - [2022-03-17 16:34:09,786] {dag.py:2937} INFO - Setting next_dagrun for example_xcom_args to None
[2022-03-17 16:34:09,787] {logging_mixin.py:109} INFO - [2022-03-17 16:34:09,786] {dag.py:2937} INFO - Setting next_dagrun for example_xcom_args_with_operators to None
[2022-03-17 16:34:09,797] {processor.py:171} INFO - Processing /Users/louisekirkham/Documents/linkedin_learning/Ex_Files_Data_Engineering_Foundations/airflow_env/lib/python3.9/site-packages/airflow/example_dags/example_xcomargs.py took 0.970 seconds
[2022-03-17 16:35:13,263] {processor.py:163} INFO - Started process (PID=45133) to work on /Users/louisekirkham/Documents/linkedin_learning/Ex_Files_Data_Engineering_Foundations/airflow_env/lib/python3.9/site-packages/airflow/example_dags/example_xcomargs.py
[2022-03-17 16:35:13,264] {processor.py:642} INFO - Processing file /Users/louisekirkham/Documents/linkedin_learning/Ex_Files_Data_Engineering_Foundations/airflow_env/lib/python3.9/site-packages/airflow/example_dags/example_xcomargs.py for tasks to queue
[2022-03-17 16:35:13,265] {logging_mixin.py:109} INFO - [2022-03-17 16:35:13,265] {dagbag.py:500} INFO - Filling up the DagBag from /Users/louisekirkham/Documents/linkedin_learning/Ex_Files_Data_Engineering_Foundations/airflow_env/lib/python3.9/site-packages/airflow/example_dags/example_xcomargs.py
[2022-03-17 16:35:13,301] {processor.py:654} INFO - DAG(s) dict_keys(['example_xcom_args', 'example_xcom_args_with_operators']) retrieved from /Users/louisekirkham/Documents/linkedin_learning/Ex_Files_Data_Engineering_Foundations/airflow_env/lib/python3.9/site-packages/airflow/example_dags/example_xcomargs.py
[2022-03-17 16:35:13,466] {logging_mixin.py:109} INFO - [2022-03-17 16:35:13,466] {dag.py:2398} INFO - Sync 2 DAGs
[2022-03-17 16:35:13,474] {logging_mixin.py:109} INFO - [2022-03-17 16:35:13,474] {dag.py:2937} INFO - Setting next_dagrun for example_xcom_args to None
[2022-03-17 16:35:13,474] {logging_mixin.py:109} INFO - [2022-03-17 16:35:13,474] {dag.py:2937} INFO - Setting next_dagrun for example_xcom_args_with_operators to None
[2022-03-17 16:35:13,481] {processor.py:171} INFO - Processing /Users/louisekirkham/Documents/linkedin_learning/Ex_Files_Data_Engineering_Foundations/airflow_env/lib/python3.9/site-packages/airflow/example_dags/example_xcomargs.py took 0.219 seconds
[2022-03-17 16:36:01,881] {processor.py:163} INFO - Started process (PID=45194) to work on /Users/louisekirkham/Documents/linkedin_learning/Ex_Files_Data_Engineering_Foundations/airflow_env/lib/python3.9/site-packages/airflow/example_dags/example_xcomargs.py
[2022-03-17 16:36:01,882] {processor.py:642} INFO - Processing file /Users/louisekirkham/Documents/linkedin_learning/Ex_Files_Data_Engineering_Foundations/airflow_env/lib/python3.9/site-packages/airflow/example_dags/example_xcomargs.py for tasks to queue
[2022-03-17 16:36:01,882] {logging_mixin.py:109} INFO - [2022-03-17 16:36:01,882] {dagbag.py:500} INFO - Filling up the DagBag from /Users/louisekirkham/Documents/linkedin_learning/Ex_Files_Data_Engineering_Foundations/airflow_env/lib/python3.9/site-packages/airflow/example_dags/example_xcomargs.py
[2022-03-17 16:36:01,926] {processor.py:654} INFO - DAG(s) dict_keys(['example_xcom_args', 'example_xcom_args_with_operators']) retrieved from /Users/louisekirkham/Documents/linkedin_learning/Ex_Files_Data_Engineering_Foundations/airflow_env/lib/python3.9/site-packages/airflow/example_dags/example_xcomargs.py
[2022-03-17 16:36:02,096] {logging_mixin.py:109} INFO - [2022-03-17 16:36:02,096] {dag.py:2398} INFO - Sync 2 DAGs
[2022-03-17 16:36:02,105] {logging_mixin.py:109} INFO - [2022-03-17 16:36:02,105] {dag.py:2937} INFO - Setting next_dagrun for example_xcom_args to None
[2022-03-17 16:36:02,105] {logging_mixin.py:109} INFO - [2022-03-17 16:36:02,105] {dag.py:2937} INFO - Setting next_dagrun for example_xcom_args_with_operators to None
[2022-03-17 16:36:02,111] {processor.py:171} INFO - Processing /Users/louisekirkham/Documents/linkedin_learning/Ex_Files_Data_Engineering_Foundations/airflow_env/lib/python3.9/site-packages/airflow/example_dags/example_xcomargs.py took 0.231 seconds
[2022-03-17 16:36:46,591] {processor.py:163} INFO - Started process (PID=45222) to work on /Users/louisekirkham/Documents/linkedin_learning/Ex_Files_Data_Engineering_Foundations/airflow_env/lib/python3.9/site-packages/airflow/example_dags/example_xcomargs.py
[2022-03-17 16:36:46,591] {processor.py:642} INFO - Processing file /Users/louisekirkham/Documents/linkedin_learning/Ex_Files_Data_Engineering_Foundations/airflow_env/lib/python3.9/site-packages/airflow/example_dags/example_xcomargs.py for tasks to queue
[2022-03-17 16:36:46,592] {logging_mixin.py:109} INFO - [2022-03-17 16:36:46,592] {dagbag.py:500} INFO - Filling up the DagBag from /Users/louisekirkham/Documents/linkedin_learning/Ex_Files_Data_Engineering_Foundations/airflow_env/lib/python3.9/site-packages/airflow/example_dags/example_xcomargs.py
[2022-03-17 16:36:46,633] {processor.py:654} INFO - DAG(s) dict_keys(['example_xcom_args', 'example_xcom_args_with_operators']) retrieved from /Users/louisekirkham/Documents/linkedin_learning/Ex_Files_Data_Engineering_Foundations/airflow_env/lib/python3.9/site-packages/airflow/example_dags/example_xcomargs.py
[2022-03-17 16:36:46,825] {logging_mixin.py:109} INFO - [2022-03-17 16:36:46,825] {dag.py:2398} INFO - Sync 2 DAGs
[2022-03-17 16:36:46,834] {logging_mixin.py:109} INFO - [2022-03-17 16:36:46,833] {dag.py:2937} INFO - Setting next_dagrun for example_xcom_args to None
[2022-03-17 16:36:46,834] {logging_mixin.py:109} INFO - [2022-03-17 16:36:46,834] {dag.py:2937} INFO - Setting next_dagrun for example_xcom_args_with_operators to None
[2022-03-17 16:36:46,842] {processor.py:171} INFO - Processing /Users/louisekirkham/Documents/linkedin_learning/Ex_Files_Data_Engineering_Foundations/airflow_env/lib/python3.9/site-packages/airflow/example_dags/example_xcomargs.py took 0.251 seconds
[2022-03-17 16:38:07,512] {processor.py:163} INFO - Started process (PID=45293) to work on /Users/louisekirkham/Documents/linkedin_learning/Ex_Files_Data_Engineering_Foundations/airflow_env/lib/python3.9/site-packages/airflow/example_dags/example_xcomargs.py
[2022-03-17 16:38:07,512] {processor.py:642} INFO - Processing file /Users/louisekirkham/Documents/linkedin_learning/Ex_Files_Data_Engineering_Foundations/airflow_env/lib/python3.9/site-packages/airflow/example_dags/example_xcomargs.py for tasks to queue
[2022-03-17 16:38:07,512] {logging_mixin.py:109} INFO - [2022-03-17 16:38:07,512] {dagbag.py:500} INFO - Filling up the DagBag from /Users/louisekirkham/Documents/linkedin_learning/Ex_Files_Data_Engineering_Foundations/airflow_env/lib/python3.9/site-packages/airflow/example_dags/example_xcomargs.py
[2022-03-17 16:38:07,556] {processor.py:654} INFO - DAG(s) dict_keys(['example_xcom_args', 'example_xcom_args_with_operators']) retrieved from /Users/louisekirkham/Documents/linkedin_learning/Ex_Files_Data_Engineering_Foundations/airflow_env/lib/python3.9/site-packages/airflow/example_dags/example_xcomargs.py
[2022-03-17 16:38:07,731] {logging_mixin.py:109} INFO - [2022-03-17 16:38:07,731] {dag.py:2398} INFO - Sync 2 DAGs
[2022-03-17 16:38:07,739] {logging_mixin.py:109} INFO - [2022-03-17 16:38:07,739] {dag.py:2937} INFO - Setting next_dagrun for example_xcom_args to None
[2022-03-17 16:38:07,740] {logging_mixin.py:109} INFO - [2022-03-17 16:38:07,739] {dag.py:2937} INFO - Setting next_dagrun for example_xcom_args_with_operators to None
[2022-03-17 16:38:07,747] {processor.py:171} INFO - Processing /Users/louisekirkham/Documents/linkedin_learning/Ex_Files_Data_Engineering_Foundations/airflow_env/lib/python3.9/site-packages/airflow/example_dags/example_xcomargs.py took 0.235 seconds
[2022-03-17 16:39:28,426] {processor.py:163} INFO - Started process (PID=45361) to work on /Users/louisekirkham/Documents/linkedin_learning/Ex_Files_Data_Engineering_Foundations/airflow_env/lib/python3.9/site-packages/airflow/example_dags/example_xcomargs.py
[2022-03-17 16:39:28,426] {processor.py:642} INFO - Processing file /Users/louisekirkham/Documents/linkedin_learning/Ex_Files_Data_Engineering_Foundations/airflow_env/lib/python3.9/site-packages/airflow/example_dags/example_xcomargs.py for tasks to queue
[2022-03-17 16:39:28,427] {logging_mixin.py:109} INFO - [2022-03-17 16:39:28,427] {dagbag.py:500} INFO - Filling up the DagBag from /Users/louisekirkham/Documents/linkedin_learning/Ex_Files_Data_Engineering_Foundations/airflow_env/lib/python3.9/site-packages/airflow/example_dags/example_xcomargs.py
[2022-03-17 16:39:28,464] {processor.py:654} INFO - DAG(s) dict_keys(['example_xcom_args', 'example_xcom_args_with_operators']) retrieved from /Users/louisekirkham/Documents/linkedin_learning/Ex_Files_Data_Engineering_Foundations/airflow_env/lib/python3.9/site-packages/airflow/example_dags/example_xcomargs.py
[2022-03-17 16:39:28,625] {logging_mixin.py:109} INFO - [2022-03-17 16:39:28,625] {dag.py:2398} INFO - Sync 2 DAGs
[2022-03-17 16:39:28,632] {logging_mixin.py:109} INFO - [2022-03-17 16:39:28,632] {dag.py:2937} INFO - Setting next_dagrun for example_xcom_args to None
[2022-03-17 16:39:28,632] {logging_mixin.py:109} INFO - [2022-03-17 16:39:28,632] {dag.py:2937} INFO - Setting next_dagrun for example_xcom_args_with_operators to None
[2022-03-17 16:39:28,640] {processor.py:171} INFO - Processing /Users/louisekirkham/Documents/linkedin_learning/Ex_Files_Data_Engineering_Foundations/airflow_env/lib/python3.9/site-packages/airflow/example_dags/example_xcomargs.py took 0.215 seconds
[2022-03-17 16:40:48,907] {processor.py:163} INFO - Started process (PID=45418) to work on /Users/louisekirkham/Documents/linkedin_learning/Ex_Files_Data_Engineering_Foundations/airflow_env/lib/python3.9/site-packages/airflow/example_dags/example_xcomargs.py
[2022-03-17 16:40:48,907] {processor.py:642} INFO - Processing file /Users/louisekirkham/Documents/linkedin_learning/Ex_Files_Data_Engineering_Foundations/airflow_env/lib/python3.9/site-packages/airflow/example_dags/example_xcomargs.py for tasks to queue
[2022-03-17 16:40:48,907] {logging_mixin.py:109} INFO - [2022-03-17 16:40:48,907] {dagbag.py:500} INFO - Filling up the DagBag from /Users/louisekirkham/Documents/linkedin_learning/Ex_Files_Data_Engineering_Foundations/airflow_env/lib/python3.9/site-packages/airflow/example_dags/example_xcomargs.py
[2022-03-17 16:40:48,942] {processor.py:654} INFO - DAG(s) dict_keys(['example_xcom_args', 'example_xcom_args_with_operators']) retrieved from /Users/louisekirkham/Documents/linkedin_learning/Ex_Files_Data_Engineering_Foundations/airflow_env/lib/python3.9/site-packages/airflow/example_dags/example_xcomargs.py
[2022-03-17 16:40:49,102] {logging_mixin.py:109} INFO - [2022-03-17 16:40:49,102] {dag.py:2398} INFO - Sync 2 DAGs
[2022-03-17 16:40:49,109] {logging_mixin.py:109} INFO - [2022-03-17 16:40:49,109] {dag.py:2937} INFO - Setting next_dagrun for example_xcom_args to None
[2022-03-17 16:40:49,109] {logging_mixin.py:109} INFO - [2022-03-17 16:40:49,109] {dag.py:2937} INFO - Setting next_dagrun for example_xcom_args_with_operators to None
[2022-03-17 16:40:49,117] {processor.py:171} INFO - Processing /Users/louisekirkham/Documents/linkedin_learning/Ex_Files_Data_Engineering_Foundations/airflow_env/lib/python3.9/site-packages/airflow/example_dags/example_xcomargs.py took 0.211 seconds
[2022-03-17 16:42:09,636] {processor.py:163} INFO - Started process (PID=45480) to work on /Users/louisekirkham/Documents/linkedin_learning/Ex_Files_Data_Engineering_Foundations/airflow_env/lib/python3.9/site-packages/airflow/example_dags/example_xcomargs.py
[2022-03-17 16:42:09,636] {processor.py:642} INFO - Processing file /Users/louisekirkham/Documents/linkedin_learning/Ex_Files_Data_Engineering_Foundations/airflow_env/lib/python3.9/site-packages/airflow/example_dags/example_xcomargs.py for tasks to queue
[2022-03-17 16:42:09,638] {logging_mixin.py:109} INFO - [2022-03-17 16:42:09,638] {dagbag.py:500} INFO - Filling up the DagBag from /Users/louisekirkham/Documents/linkedin_learning/Ex_Files_Data_Engineering_Foundations/airflow_env/lib/python3.9/site-packages/airflow/example_dags/example_xcomargs.py
[2022-03-17 16:42:09,683] {processor.py:654} INFO - DAG(s) dict_keys(['example_xcom_args', 'example_xcom_args_with_operators']) retrieved from /Users/louisekirkham/Documents/linkedin_learning/Ex_Files_Data_Engineering_Foundations/airflow_env/lib/python3.9/site-packages/airflow/example_dags/example_xcomargs.py
[2022-03-17 16:42:09,877] {logging_mixin.py:109} INFO - [2022-03-17 16:42:09,877] {dag.py:2398} INFO - Sync 2 DAGs
[2022-03-17 16:42:09,887] {logging_mixin.py:109} INFO - [2022-03-17 16:42:09,887] {dag.py:2937} INFO - Setting next_dagrun for example_xcom_args to None
[2022-03-17 16:42:09,887] {logging_mixin.py:109} INFO - [2022-03-17 16:42:09,887] {dag.py:2937} INFO - Setting next_dagrun for example_xcom_args_with_operators to None
[2022-03-17 16:42:09,896] {processor.py:171} INFO - Processing /Users/louisekirkham/Documents/linkedin_learning/Ex_Files_Data_Engineering_Foundations/airflow_env/lib/python3.9/site-packages/airflow/example_dags/example_xcomargs.py took 0.261 seconds
[2022-03-17 16:43:31,452] {processor.py:163} INFO - Started process (PID=45572) to work on /Users/louisekirkham/Documents/linkedin_learning/Ex_Files_Data_Engineering_Foundations/airflow_env/lib/python3.9/site-packages/airflow/example_dags/example_xcomargs.py
[2022-03-17 16:43:31,453] {processor.py:642} INFO - Processing file /Users/louisekirkham/Documents/linkedin_learning/Ex_Files_Data_Engineering_Foundations/airflow_env/lib/python3.9/site-packages/airflow/example_dags/example_xcomargs.py for tasks to queue
[2022-03-17 16:43:31,453] {logging_mixin.py:109} INFO - [2022-03-17 16:43:31,453] {dagbag.py:500} INFO - Filling up the DagBag from /Users/louisekirkham/Documents/linkedin_learning/Ex_Files_Data_Engineering_Foundations/airflow_env/lib/python3.9/site-packages/airflow/example_dags/example_xcomargs.py
[2022-03-17 16:43:31,495] {processor.py:654} INFO - DAG(s) dict_keys(['example_xcom_args', 'example_xcom_args_with_operators']) retrieved from /Users/louisekirkham/Documents/linkedin_learning/Ex_Files_Data_Engineering_Foundations/airflow_env/lib/python3.9/site-packages/airflow/example_dags/example_xcomargs.py
[2022-03-17 16:43:31,679] {logging_mixin.py:109} INFO - [2022-03-17 16:43:31,678] {dag.py:2398} INFO - Sync 2 DAGs
[2022-03-17 16:43:31,689] {logging_mixin.py:109} INFO - [2022-03-17 16:43:31,689] {dag.py:2937} INFO - Setting next_dagrun for example_xcom_args to None
[2022-03-17 16:43:31,690] {logging_mixin.py:109} INFO - [2022-03-17 16:43:31,690] {dag.py:2937} INFO - Setting next_dagrun for example_xcom_args_with_operators to None
[2022-03-17 16:43:31,697] {processor.py:171} INFO - Processing /Users/louisekirkham/Documents/linkedin_learning/Ex_Files_Data_Engineering_Foundations/airflow_env/lib/python3.9/site-packages/airflow/example_dags/example_xcomargs.py took 0.245 seconds
[2022-03-17 16:44:52,447] {processor.py:163} INFO - Started process (PID=45645) to work on /Users/louisekirkham/Documents/linkedin_learning/Ex_Files_Data_Engineering_Foundations/airflow_env/lib/python3.9/site-packages/airflow/example_dags/example_xcomargs.py
[2022-03-17 16:44:52,447] {processor.py:642} INFO - Processing file /Users/louisekirkham/Documents/linkedin_learning/Ex_Files_Data_Engineering_Foundations/airflow_env/lib/python3.9/site-packages/airflow/example_dags/example_xcomargs.py for tasks to queue
[2022-03-17 16:44:52,448] {logging_mixin.py:109} INFO - [2022-03-17 16:44:52,448] {dagbag.py:500} INFO - Filling up the DagBag from /Users/louisekirkham/Documents/linkedin_learning/Ex_Files_Data_Engineering_Foundations/airflow_env/lib/python3.9/site-packages/airflow/example_dags/example_xcomargs.py
[2022-03-17 16:44:52,489] {processor.py:654} INFO - DAG(s) dict_keys(['example_xcom_args', 'example_xcom_args_with_operators']) retrieved from /Users/louisekirkham/Documents/linkedin_learning/Ex_Files_Data_Engineering_Foundations/airflow_env/lib/python3.9/site-packages/airflow/example_dags/example_xcomargs.py
[2022-03-17 16:44:52,674] {logging_mixin.py:109} INFO - [2022-03-17 16:44:52,674] {dag.py:2398} INFO - Sync 2 DAGs
[2022-03-17 16:44:52,682] {logging_mixin.py:109} INFO - [2022-03-17 16:44:52,682] {dag.py:2937} INFO - Setting next_dagrun for example_xcom_args to None
[2022-03-17 16:44:52,683] {logging_mixin.py:109} INFO - [2022-03-17 16:44:52,683] {dag.py:2937} INFO - Setting next_dagrun for example_xcom_args_with_operators to None
[2022-03-17 16:44:52,690] {processor.py:171} INFO - Processing /Users/louisekirkham/Documents/linkedin_learning/Ex_Files_Data_Engineering_Foundations/airflow_env/lib/python3.9/site-packages/airflow/example_dags/example_xcomargs.py took 0.244 seconds
[2022-03-17 17:07:05,522] {processor.py:163} INFO - Started process (PID=45811) to work on /Users/louisekirkham/Documents/linkedin_learning/Ex_Files_Data_Engineering_Foundations/airflow_env/lib/python3.9/site-packages/airflow/example_dags/example_xcomargs.py
[2022-03-17 17:07:05,524] {processor.py:642} INFO - Processing file /Users/louisekirkham/Documents/linkedin_learning/Ex_Files_Data_Engineering_Foundations/airflow_env/lib/python3.9/site-packages/airflow/example_dags/example_xcomargs.py for tasks to queue
[2022-03-17 17:07:05,525] {logging_mixin.py:109} INFO - [2022-03-17 17:07:05,525] {dagbag.py:500} INFO - Filling up the DagBag from /Users/louisekirkham/Documents/linkedin_learning/Ex_Files_Data_Engineering_Foundations/airflow_env/lib/python3.9/site-packages/airflow/example_dags/example_xcomargs.py
[2022-03-17 17:07:05,566] {processor.py:654} INFO - DAG(s) dict_keys(['example_xcom_args', 'example_xcom_args_with_operators']) retrieved from /Users/louisekirkham/Documents/linkedin_learning/Ex_Files_Data_Engineering_Foundations/airflow_env/lib/python3.9/site-packages/airflow/example_dags/example_xcomargs.py
[2022-03-17 17:07:05,736] {logging_mixin.py:109} INFO - [2022-03-17 17:07:05,736] {dag.py:2398} INFO - Sync 2 DAGs
[2022-03-17 17:07:05,745] {logging_mixin.py:109} INFO - [2022-03-17 17:07:05,745] {dag.py:2937} INFO - Setting next_dagrun for example_xcom_args to None
[2022-03-17 17:07:05,745] {logging_mixin.py:109} INFO - [2022-03-17 17:07:05,745] {dag.py:2937} INFO - Setting next_dagrun for example_xcom_args_with_operators to None
[2022-03-17 17:07:05,753] {processor.py:171} INFO - Processing /Users/louisekirkham/Documents/linkedin_learning/Ex_Files_Data_Engineering_Foundations/airflow_env/lib/python3.9/site-packages/airflow/example_dags/example_xcomargs.py took 0.231 seconds
[2022-03-17 17:07:59,037] {processor.py:163} INFO - Started process (PID=45859) to work on /Users/louisekirkham/Documents/linkedin_learning/Ex_Files_Data_Engineering_Foundations/airflow_env/lib/python3.9/site-packages/airflow/example_dags/example_xcomargs.py
[2022-03-17 17:07:59,038] {processor.py:642} INFO - Processing file /Users/louisekirkham/Documents/linkedin_learning/Ex_Files_Data_Engineering_Foundations/airflow_env/lib/python3.9/site-packages/airflow/example_dags/example_xcomargs.py for tasks to queue
[2022-03-17 17:07:59,039] {logging_mixin.py:109} INFO - [2022-03-17 17:07:59,039] {dagbag.py:500} INFO - Filling up the DagBag from /Users/louisekirkham/Documents/linkedin_learning/Ex_Files_Data_Engineering_Foundations/airflow_env/lib/python3.9/site-packages/airflow/example_dags/example_xcomargs.py
[2022-03-17 17:07:59,082] {processor.py:654} INFO - DAG(s) dict_keys(['example_xcom_args', 'example_xcom_args_with_operators']) retrieved from /Users/louisekirkham/Documents/linkedin_learning/Ex_Files_Data_Engineering_Foundations/airflow_env/lib/python3.9/site-packages/airflow/example_dags/example_xcomargs.py
[2022-03-17 17:07:59,261] {logging_mixin.py:109} INFO - [2022-03-17 17:07:59,261] {dag.py:2398} INFO - Sync 2 DAGs
[2022-03-17 17:07:59,270] {logging_mixin.py:109} INFO - [2022-03-17 17:07:59,270] {dag.py:2937} INFO - Setting next_dagrun for example_xcom_args to None
[2022-03-17 17:07:59,270] {logging_mixin.py:109} INFO - [2022-03-17 17:07:59,270] {dag.py:2937} INFO - Setting next_dagrun for example_xcom_args_with_operators to None
[2022-03-17 17:07:59,278] {processor.py:171} INFO - Processing /Users/louisekirkham/Documents/linkedin_learning/Ex_Files_Data_Engineering_Foundations/airflow_env/lib/python3.9/site-packages/airflow/example_dags/example_xcomargs.py took 0.242 seconds
[2022-03-17 17:09:22,150] {processor.py:163} INFO - Started process (PID=45923) to work on /Users/louisekirkham/Documents/linkedin_learning/Ex_Files_Data_Engineering_Foundations/airflow_env/lib/python3.9/site-packages/airflow/example_dags/example_xcomargs.py
[2022-03-17 17:09:22,151] {processor.py:642} INFO - Processing file /Users/louisekirkham/Documents/linkedin_learning/Ex_Files_Data_Engineering_Foundations/airflow_env/lib/python3.9/site-packages/airflow/example_dags/example_xcomargs.py for tasks to queue
[2022-03-17 17:09:22,151] {logging_mixin.py:109} INFO - [2022-03-17 17:09:22,151] {dagbag.py:500} INFO - Filling up the DagBag from /Users/louisekirkham/Documents/linkedin_learning/Ex_Files_Data_Engineering_Foundations/airflow_env/lib/python3.9/site-packages/airflow/example_dags/example_xcomargs.py
[2022-03-17 17:09:22,193] {processor.py:654} INFO - DAG(s) dict_keys(['example_xcom_args', 'example_xcom_args_with_operators']) retrieved from /Users/louisekirkham/Documents/linkedin_learning/Ex_Files_Data_Engineering_Foundations/airflow_env/lib/python3.9/site-packages/airflow/example_dags/example_xcomargs.py
[2022-03-17 17:09:22,373] {logging_mixin.py:109} INFO - [2022-03-17 17:09:22,372] {dag.py:2398} INFO - Sync 2 DAGs
[2022-03-17 17:09:22,385] {logging_mixin.py:109} INFO - [2022-03-17 17:09:22,385] {dag.py:2937} INFO - Setting next_dagrun for example_xcom_args to None
[2022-03-17 17:09:22,385] {logging_mixin.py:109} INFO - [2022-03-17 17:09:22,385] {dag.py:2937} INFO - Setting next_dagrun for example_xcom_args_with_operators to None
[2022-03-17 17:09:22,394] {processor.py:171} INFO - Processing /Users/louisekirkham/Documents/linkedin_learning/Ex_Files_Data_Engineering_Foundations/airflow_env/lib/python3.9/site-packages/airflow/example_dags/example_xcomargs.py took 0.245 seconds
[2022-03-17 17:10:43,663] {processor.py:163} INFO - Started process (PID=45986) to work on /Users/louisekirkham/Documents/linkedin_learning/Ex_Files_Data_Engineering_Foundations/airflow_env/lib/python3.9/site-packages/airflow/example_dags/example_xcomargs.py
[2022-03-17 17:10:43,664] {processor.py:642} INFO - Processing file /Users/louisekirkham/Documents/linkedin_learning/Ex_Files_Data_Engineering_Foundations/airflow_env/lib/python3.9/site-packages/airflow/example_dags/example_xcomargs.py for tasks to queue
[2022-03-17 17:10:43,664] {logging_mixin.py:109} INFO - [2022-03-17 17:10:43,664] {dagbag.py:500} INFO - Filling up the DagBag from /Users/louisekirkham/Documents/linkedin_learning/Ex_Files_Data_Engineering_Foundations/airflow_env/lib/python3.9/site-packages/airflow/example_dags/example_xcomargs.py
[2022-03-17 17:10:43,701] {processor.py:654} INFO - DAG(s) dict_keys(['example_xcom_args', 'example_xcom_args_with_operators']) retrieved from /Users/louisekirkham/Documents/linkedin_learning/Ex_Files_Data_Engineering_Foundations/airflow_env/lib/python3.9/site-packages/airflow/example_dags/example_xcomargs.py
[2022-03-17 17:10:43,859] {logging_mixin.py:109} INFO - [2022-03-17 17:10:43,859] {dag.py:2398} INFO - Sync 2 DAGs
[2022-03-17 17:10:43,867] {logging_mixin.py:109} INFO - [2022-03-17 17:10:43,867] {dag.py:2937} INFO - Setting next_dagrun for example_xcom_args to None
[2022-03-17 17:10:43,868] {logging_mixin.py:109} INFO - [2022-03-17 17:10:43,868] {dag.py:2937} INFO - Setting next_dagrun for example_xcom_args_with_operators to None
[2022-03-17 17:10:43,874] {processor.py:171} INFO - Processing /Users/louisekirkham/Documents/linkedin_learning/Ex_Files_Data_Engineering_Foundations/airflow_env/lib/python3.9/site-packages/airflow/example_dags/example_xcomargs.py took 0.212 seconds
[2022-03-17 19:13:29,813] {processor.py:163} INFO - Started process (PID=46116) to work on /Users/louisekirkham/Documents/linkedin_learning/Ex_Files_Data_Engineering_Foundations/airflow_env/lib/python3.9/site-packages/airflow/example_dags/example_xcomargs.py
[2022-03-17 19:13:29,814] {processor.py:642} INFO - Processing file /Users/louisekirkham/Documents/linkedin_learning/Ex_Files_Data_Engineering_Foundations/airflow_env/lib/python3.9/site-packages/airflow/example_dags/example_xcomargs.py for tasks to queue
[2022-03-17 19:13:29,815] {logging_mixin.py:109} INFO - [2022-03-17 19:13:29,815] {dagbag.py:500} INFO - Filling up the DagBag from /Users/louisekirkham/Documents/linkedin_learning/Ex_Files_Data_Engineering_Foundations/airflow_env/lib/python3.9/site-packages/airflow/example_dags/example_xcomargs.py
[2022-03-17 19:13:29,881] {processor.py:654} INFO - DAG(s) dict_keys(['example_xcom_args', 'example_xcom_args_with_operators']) retrieved from /Users/louisekirkham/Documents/linkedin_learning/Ex_Files_Data_Engineering_Foundations/airflow_env/lib/python3.9/site-packages/airflow/example_dags/example_xcomargs.py
[2022-03-17 19:13:30,337] {logging_mixin.py:109} INFO - [2022-03-17 19:13:30,337] {dag.py:2398} INFO - Sync 2 DAGs
[2022-03-17 19:13:30,349] {logging_mixin.py:109} INFO - [2022-03-17 19:13:30,349] {dag.py:2937} INFO - Setting next_dagrun for example_xcom_args to None
[2022-03-17 19:13:30,350] {logging_mixin.py:109} INFO - [2022-03-17 19:13:30,350] {dag.py:2937} INFO - Setting next_dagrun for example_xcom_args_with_operators to None
[2022-03-17 19:13:30,359] {processor.py:171} INFO - Processing /Users/louisekirkham/Documents/linkedin_learning/Ex_Files_Data_Engineering_Foundations/airflow_env/lib/python3.9/site-packages/airflow/example_dags/example_xcomargs.py took 0.548 seconds
