[2022-03-17 16:03:25,845] {processor.py:163} INFO - Started process (PID=44969) to work on /Users/louisekirkham/Documents/linkedin_learning/Ex_Files_Data_Engineering_Foundations/airflow_env/lib/python3.9/site-packages/airflow/example_dags/example_external_task_marker_dag.py
[2022-03-17 16:03:25,845] {processor.py:642} INFO - Processing file /Users/louisekirkham/Documents/linkedin_learning/Ex_Files_Data_Engineering_Foundations/airflow_env/lib/python3.9/site-packages/airflow/example_dags/example_external_task_marker_dag.py for tasks to queue
[2022-03-17 16:03:25,846] {logging_mixin.py:109} INFO - [2022-03-17 16:03:25,846] {dagbag.py:500} INFO - Filling up the DagBag from /Users/louisekirkham/Documents/linkedin_learning/Ex_Files_Data_Engineering_Foundations/airflow_env/lib/python3.9/site-packages/airflow/example_dags/example_external_task_marker_dag.py
[2022-03-17 16:03:25,877] {processor.py:654} INFO - DAG(s) dict_keys(['example_external_task_marker_parent', 'example_external_task_marker_child']) retrieved from /Users/louisekirkham/Documents/linkedin_learning/Ex_Files_Data_Engineering_Foundations/airflow_env/lib/python3.9/site-packages/airflow/example_dags/example_external_task_marker_dag.py
[2022-03-17 16:03:25,895] {logging_mixin.py:109} INFO - [2022-03-17 16:03:25,895] {dag.py:2398} INFO - Sync 2 DAGs
[2022-03-17 16:03:25,902] {logging_mixin.py:109} INFO - [2022-03-17 16:03:25,902] {dag.py:2937} INFO - Setting next_dagrun for example_external_task_marker_child to None
[2022-03-17 16:03:25,903] {logging_mixin.py:109} INFO - [2022-03-17 16:03:25,903] {dag.py:2937} INFO - Setting next_dagrun for example_external_task_marker_parent to None
[2022-03-17 16:03:25,909] {processor.py:171} INFO - Processing /Users/louisekirkham/Documents/linkedin_learning/Ex_Files_Data_Engineering_Foundations/airflow_env/lib/python3.9/site-packages/airflow/example_dags/example_external_task_marker_dag.py took 0.065 seconds
[2022-03-17 16:35:21,463] {processor.py:163} INFO - Started process (PID=45137) to work on /Users/louisekirkham/Documents/linkedin_learning/Ex_Files_Data_Engineering_Foundations/airflow_env/lib/python3.9/site-packages/airflow/example_dags/example_external_task_marker_dag.py
[2022-03-17 16:35:21,465] {processor.py:642} INFO - Processing file /Users/louisekirkham/Documents/linkedin_learning/Ex_Files_Data_Engineering_Foundations/airflow_env/lib/python3.9/site-packages/airflow/example_dags/example_external_task_marker_dag.py for tasks to queue
[2022-03-17 16:35:21,466] {logging_mixin.py:109} INFO - [2022-03-17 16:35:21,466] {dagbag.py:500} INFO - Filling up the DagBag from /Users/louisekirkham/Documents/linkedin_learning/Ex_Files_Data_Engineering_Foundations/airflow_env/lib/python3.9/site-packages/airflow/example_dags/example_external_task_marker_dag.py
[2022-03-17 16:35:21,494] {processor.py:654} INFO - DAG(s) dict_keys(['example_external_task_marker_parent', 'example_external_task_marker_child']) retrieved from /Users/louisekirkham/Documents/linkedin_learning/Ex_Files_Data_Engineering_Foundations/airflow_env/lib/python3.9/site-packages/airflow/example_dags/example_external_task_marker_dag.py
[2022-03-17 16:35:21,512] {logging_mixin.py:109} INFO - [2022-03-17 16:35:21,511] {dag.py:2398} INFO - Sync 2 DAGs
[2022-03-17 16:35:21,518] {logging_mixin.py:109} INFO - [2022-03-17 16:35:21,518] {dag.py:2937} INFO - Setting next_dagrun for example_external_task_marker_child to None
[2022-03-17 16:35:21,518] {logging_mixin.py:109} INFO - [2022-03-17 16:35:21,518] {dag.py:2937} INFO - Setting next_dagrun for example_external_task_marker_parent to None
[2022-03-17 16:35:21,526] {processor.py:171} INFO - Processing /Users/louisekirkham/Documents/linkedin_learning/Ex_Files_Data_Engineering_Foundations/airflow_env/lib/python3.9/site-packages/airflow/example_dags/example_external_task_marker_dag.py took 0.063 seconds
[2022-03-17 16:36:50,268] {processor.py:163} INFO - Started process (PID=45225) to work on /Users/louisekirkham/Documents/linkedin_learning/Ex_Files_Data_Engineering_Foundations/airflow_env/lib/python3.9/site-packages/airflow/example_dags/example_external_task_marker_dag.py
[2022-03-17 16:36:50,269] {processor.py:642} INFO - Processing file /Users/louisekirkham/Documents/linkedin_learning/Ex_Files_Data_Engineering_Foundations/airflow_env/lib/python3.9/site-packages/airflow/example_dags/example_external_task_marker_dag.py for tasks to queue
[2022-03-17 16:36:50,269] {logging_mixin.py:109} INFO - [2022-03-17 16:36:50,269] {dagbag.py:500} INFO - Filling up the DagBag from /Users/louisekirkham/Documents/linkedin_learning/Ex_Files_Data_Engineering_Foundations/airflow_env/lib/python3.9/site-packages/airflow/example_dags/example_external_task_marker_dag.py
[2022-03-17 16:36:50,300] {processor.py:654} INFO - DAG(s) dict_keys(['example_external_task_marker_parent', 'example_external_task_marker_child']) retrieved from /Users/louisekirkham/Documents/linkedin_learning/Ex_Files_Data_Engineering_Foundations/airflow_env/lib/python3.9/site-packages/airflow/example_dags/example_external_task_marker_dag.py
[2022-03-17 16:36:50,316] {logging_mixin.py:109} INFO - [2022-03-17 16:36:50,316] {dag.py:2398} INFO - Sync 2 DAGs
[2022-03-17 16:36:50,323] {logging_mixin.py:109} INFO - [2022-03-17 16:36:50,323] {dag.py:2937} INFO - Setting next_dagrun for example_external_task_marker_child to None
[2022-03-17 16:36:50,324] {logging_mixin.py:109} INFO - [2022-03-17 16:36:50,324] {dag.py:2937} INFO - Setting next_dagrun for example_external_task_marker_parent to None
[2022-03-17 16:36:50,332] {processor.py:171} INFO - Processing /Users/louisekirkham/Documents/linkedin_learning/Ex_Files_Data_Engineering_Foundations/airflow_env/lib/python3.9/site-packages/airflow/example_dags/example_external_task_marker_dag.py took 0.064 seconds
[2022-03-17 16:38:12,007] {processor.py:163} INFO - Started process (PID=45298) to work on /Users/louisekirkham/Documents/linkedin_learning/Ex_Files_Data_Engineering_Foundations/airflow_env/lib/python3.9/site-packages/airflow/example_dags/example_external_task_marker_dag.py
[2022-03-17 16:38:12,007] {processor.py:642} INFO - Processing file /Users/louisekirkham/Documents/linkedin_learning/Ex_Files_Data_Engineering_Foundations/airflow_env/lib/python3.9/site-packages/airflow/example_dags/example_external_task_marker_dag.py for tasks to queue
[2022-03-17 16:38:12,007] {logging_mixin.py:109} INFO - [2022-03-17 16:38:12,007] {dagbag.py:500} INFO - Filling up the DagBag from /Users/louisekirkham/Documents/linkedin_learning/Ex_Files_Data_Engineering_Foundations/airflow_env/lib/python3.9/site-packages/airflow/example_dags/example_external_task_marker_dag.py
[2022-03-17 16:38:12,036] {processor.py:654} INFO - DAG(s) dict_keys(['example_external_task_marker_parent', 'example_external_task_marker_child']) retrieved from /Users/louisekirkham/Documents/linkedin_learning/Ex_Files_Data_Engineering_Foundations/airflow_env/lib/python3.9/site-packages/airflow/example_dags/example_external_task_marker_dag.py
[2022-03-17 16:38:12,052] {logging_mixin.py:109} INFO - [2022-03-17 16:38:12,052] {dag.py:2398} INFO - Sync 2 DAGs
[2022-03-17 16:38:12,060] {logging_mixin.py:109} INFO - [2022-03-17 16:38:12,060] {dag.py:2937} INFO - Setting next_dagrun for example_external_task_marker_child to None
[2022-03-17 16:38:12,060] {logging_mixin.py:109} INFO - [2022-03-17 16:38:12,060] {dag.py:2937} INFO - Setting next_dagrun for example_external_task_marker_parent to None
[2022-03-17 16:38:12,067] {processor.py:171} INFO - Processing /Users/louisekirkham/Documents/linkedin_learning/Ex_Files_Data_Engineering_Foundations/airflow_env/lib/python3.9/site-packages/airflow/example_dags/example_external_task_marker_dag.py took 0.061 seconds
[2022-03-17 16:39:32,258] {processor.py:163} INFO - Started process (PID=45363) to work on /Users/louisekirkham/Documents/linkedin_learning/Ex_Files_Data_Engineering_Foundations/airflow_env/lib/python3.9/site-packages/airflow/example_dags/example_external_task_marker_dag.py
[2022-03-17 16:39:32,259] {processor.py:642} INFO - Processing file /Users/louisekirkham/Documents/linkedin_learning/Ex_Files_Data_Engineering_Foundations/airflow_env/lib/python3.9/site-packages/airflow/example_dags/example_external_task_marker_dag.py for tasks to queue
[2022-03-17 16:39:32,259] {logging_mixin.py:109} INFO - [2022-03-17 16:39:32,259] {dagbag.py:500} INFO - Filling up the DagBag from /Users/louisekirkham/Documents/linkedin_learning/Ex_Files_Data_Engineering_Foundations/airflow_env/lib/python3.9/site-packages/airflow/example_dags/example_external_task_marker_dag.py
[2022-03-17 16:39:32,285] {processor.py:654} INFO - DAG(s) dict_keys(['example_external_task_marker_parent', 'example_external_task_marker_child']) retrieved from /Users/louisekirkham/Documents/linkedin_learning/Ex_Files_Data_Engineering_Foundations/airflow_env/lib/python3.9/site-packages/airflow/example_dags/example_external_task_marker_dag.py
[2022-03-17 16:39:32,299] {logging_mixin.py:109} INFO - [2022-03-17 16:39:32,299] {dag.py:2398} INFO - Sync 2 DAGs
[2022-03-17 16:39:32,306] {logging_mixin.py:109} INFO - [2022-03-17 16:39:32,306] {dag.py:2937} INFO - Setting next_dagrun for example_external_task_marker_child to None
[2022-03-17 16:39:32,306] {logging_mixin.py:109} INFO - [2022-03-17 16:39:32,306] {dag.py:2937} INFO - Setting next_dagrun for example_external_task_marker_parent to None
[2022-03-17 16:39:32,313] {processor.py:171} INFO - Processing /Users/louisekirkham/Documents/linkedin_learning/Ex_Files_Data_Engineering_Foundations/airflow_env/lib/python3.9/site-packages/airflow/example_dags/example_external_task_marker_dag.py took 0.055 seconds
[2022-03-17 16:40:52,722] {processor.py:163} INFO - Started process (PID=45420) to work on /Users/louisekirkham/Documents/linkedin_learning/Ex_Files_Data_Engineering_Foundations/airflow_env/lib/python3.9/site-packages/airflow/example_dags/example_external_task_marker_dag.py
[2022-03-17 16:40:52,723] {processor.py:642} INFO - Processing file /Users/louisekirkham/Documents/linkedin_learning/Ex_Files_Data_Engineering_Foundations/airflow_env/lib/python3.9/site-packages/airflow/example_dags/example_external_task_marker_dag.py for tasks to queue
[2022-03-17 16:40:52,723] {logging_mixin.py:109} INFO - [2022-03-17 16:40:52,723] {dagbag.py:500} INFO - Filling up the DagBag from /Users/louisekirkham/Documents/linkedin_learning/Ex_Files_Data_Engineering_Foundations/airflow_env/lib/python3.9/site-packages/airflow/example_dags/example_external_task_marker_dag.py
[2022-03-17 16:40:52,747] {processor.py:654} INFO - DAG(s) dict_keys(['example_external_task_marker_parent', 'example_external_task_marker_child']) retrieved from /Users/louisekirkham/Documents/linkedin_learning/Ex_Files_Data_Engineering_Foundations/airflow_env/lib/python3.9/site-packages/airflow/example_dags/example_external_task_marker_dag.py
[2022-03-17 16:40:52,761] {logging_mixin.py:109} INFO - [2022-03-17 16:40:52,760] {dag.py:2398} INFO - Sync 2 DAGs
[2022-03-17 16:40:52,768] {logging_mixin.py:109} INFO - [2022-03-17 16:40:52,768] {dag.py:2937} INFO - Setting next_dagrun for example_external_task_marker_child to None
[2022-03-17 16:40:52,768] {logging_mixin.py:109} INFO - [2022-03-17 16:40:52,768] {dag.py:2937} INFO - Setting next_dagrun for example_external_task_marker_parent to None
[2022-03-17 16:40:52,774] {processor.py:171} INFO - Processing /Users/louisekirkham/Documents/linkedin_learning/Ex_Files_Data_Engineering_Foundations/airflow_env/lib/python3.9/site-packages/airflow/example_dags/example_external_task_marker_dag.py took 0.053 seconds
[2022-03-17 16:42:14,131] {processor.py:163} INFO - Started process (PID=45482) to work on /Users/louisekirkham/Documents/linkedin_learning/Ex_Files_Data_Engineering_Foundations/airflow_env/lib/python3.9/site-packages/airflow/example_dags/example_external_task_marker_dag.py
[2022-03-17 16:42:14,132] {processor.py:642} INFO - Processing file /Users/louisekirkham/Documents/linkedin_learning/Ex_Files_Data_Engineering_Foundations/airflow_env/lib/python3.9/site-packages/airflow/example_dags/example_external_task_marker_dag.py for tasks to queue
[2022-03-17 16:42:14,132] {logging_mixin.py:109} INFO - [2022-03-17 16:42:14,132] {dagbag.py:500} INFO - Filling up the DagBag from /Users/louisekirkham/Documents/linkedin_learning/Ex_Files_Data_Engineering_Foundations/airflow_env/lib/python3.9/site-packages/airflow/example_dags/example_external_task_marker_dag.py
[2022-03-17 16:42:14,162] {processor.py:654} INFO - DAG(s) dict_keys(['example_external_task_marker_parent', 'example_external_task_marker_child']) retrieved from /Users/louisekirkham/Documents/linkedin_learning/Ex_Files_Data_Engineering_Foundations/airflow_env/lib/python3.9/site-packages/airflow/example_dags/example_external_task_marker_dag.py
[2022-03-17 16:42:14,179] {logging_mixin.py:109} INFO - [2022-03-17 16:42:14,179] {dag.py:2398} INFO - Sync 2 DAGs
[2022-03-17 16:42:14,187] {logging_mixin.py:109} INFO - [2022-03-17 16:42:14,187] {dag.py:2937} INFO - Setting next_dagrun for example_external_task_marker_child to None
[2022-03-17 16:42:14,187] {logging_mixin.py:109} INFO - [2022-03-17 16:42:14,187] {dag.py:2937} INFO - Setting next_dagrun for example_external_task_marker_parent to None
[2022-03-17 16:42:14,194] {processor.py:171} INFO - Processing /Users/louisekirkham/Documents/linkedin_learning/Ex_Files_Data_Engineering_Foundations/airflow_env/lib/python3.9/site-packages/airflow/example_dags/example_external_task_marker_dag.py took 0.064 seconds
[2022-03-17 16:43:35,911] {processor.py:163} INFO - Started process (PID=45574) to work on /Users/louisekirkham/Documents/linkedin_learning/Ex_Files_Data_Engineering_Foundations/airflow_env/lib/python3.9/site-packages/airflow/example_dags/example_external_task_marker_dag.py
[2022-03-17 16:43:35,911] {processor.py:642} INFO - Processing file /Users/louisekirkham/Documents/linkedin_learning/Ex_Files_Data_Engineering_Foundations/airflow_env/lib/python3.9/site-packages/airflow/example_dags/example_external_task_marker_dag.py for tasks to queue
[2022-03-17 16:43:35,911] {logging_mixin.py:109} INFO - [2022-03-17 16:43:35,911] {dagbag.py:500} INFO - Filling up the DagBag from /Users/louisekirkham/Documents/linkedin_learning/Ex_Files_Data_Engineering_Foundations/airflow_env/lib/python3.9/site-packages/airflow/example_dags/example_external_task_marker_dag.py
[2022-03-17 16:43:35,937] {processor.py:654} INFO - DAG(s) dict_keys(['example_external_task_marker_parent', 'example_external_task_marker_child']) retrieved from /Users/louisekirkham/Documents/linkedin_learning/Ex_Files_Data_Engineering_Foundations/airflow_env/lib/python3.9/site-packages/airflow/example_dags/example_external_task_marker_dag.py
[2022-03-17 16:43:35,951] {logging_mixin.py:109} INFO - [2022-03-17 16:43:35,951] {dag.py:2398} INFO - Sync 2 DAGs
[2022-03-17 16:43:35,958] {logging_mixin.py:109} INFO - [2022-03-17 16:43:35,958] {dag.py:2937} INFO - Setting next_dagrun for example_external_task_marker_child to None
[2022-03-17 16:43:35,958] {logging_mixin.py:109} INFO - [2022-03-17 16:43:35,958] {dag.py:2937} INFO - Setting next_dagrun for example_external_task_marker_parent to None
[2022-03-17 16:43:35,965] {processor.py:171} INFO - Processing /Users/louisekirkham/Documents/linkedin_learning/Ex_Files_Data_Engineering_Foundations/airflow_env/lib/python3.9/site-packages/airflow/example_dags/example_external_task_marker_dag.py took 0.055 seconds
[2022-03-17 16:44:56,895] {processor.py:163} INFO - Started process (PID=45647) to work on /Users/louisekirkham/Documents/linkedin_learning/Ex_Files_Data_Engineering_Foundations/airflow_env/lib/python3.9/site-packages/airflow/example_dags/example_external_task_marker_dag.py
[2022-03-17 16:44:56,895] {processor.py:642} INFO - Processing file /Users/louisekirkham/Documents/linkedin_learning/Ex_Files_Data_Engineering_Foundations/airflow_env/lib/python3.9/site-packages/airflow/example_dags/example_external_task_marker_dag.py for tasks to queue
[2022-03-17 16:44:56,895] {logging_mixin.py:109} INFO - [2022-03-17 16:44:56,895] {dagbag.py:500} INFO - Filling up the DagBag from /Users/louisekirkham/Documents/linkedin_learning/Ex_Files_Data_Engineering_Foundations/airflow_env/lib/python3.9/site-packages/airflow/example_dags/example_external_task_marker_dag.py
[2022-03-17 16:44:56,925] {processor.py:654} INFO - DAG(s) dict_keys(['example_external_task_marker_parent', 'example_external_task_marker_child']) retrieved from /Users/louisekirkham/Documents/linkedin_learning/Ex_Files_Data_Engineering_Foundations/airflow_env/lib/python3.9/site-packages/airflow/example_dags/example_external_task_marker_dag.py
[2022-03-17 16:44:56,943] {logging_mixin.py:109} INFO - [2022-03-17 16:44:56,943] {dag.py:2398} INFO - Sync 2 DAGs
[2022-03-17 16:44:56,951] {logging_mixin.py:109} INFO - [2022-03-17 16:44:56,951] {dag.py:2937} INFO - Setting next_dagrun for example_external_task_marker_child to None
[2022-03-17 16:44:56,951] {logging_mixin.py:109} INFO - [2022-03-17 16:44:56,951] {dag.py:2937} INFO - Setting next_dagrun for example_external_task_marker_parent to None
[2022-03-17 16:44:56,957] {processor.py:171} INFO - Processing /Users/louisekirkham/Documents/linkedin_learning/Ex_Files_Data_Engineering_Foundations/airflow_env/lib/python3.9/site-packages/airflow/example_dags/example_external_task_marker_dag.py took 0.063 seconds
[2022-03-17 17:07:21,770] {processor.py:163} INFO - Started process (PID=45822) to work on /Users/louisekirkham/Documents/linkedin_learning/Ex_Files_Data_Engineering_Foundations/airflow_env/lib/python3.9/site-packages/airflow/example_dags/example_external_task_marker_dag.py
[2022-03-17 17:07:21,772] {processor.py:642} INFO - Processing file /Users/louisekirkham/Documents/linkedin_learning/Ex_Files_Data_Engineering_Foundations/airflow_env/lib/python3.9/site-packages/airflow/example_dags/example_external_task_marker_dag.py for tasks to queue
[2022-03-17 17:07:21,772] {logging_mixin.py:109} INFO - [2022-03-17 17:07:21,772] {dagbag.py:500} INFO - Filling up the DagBag from /Users/louisekirkham/Documents/linkedin_learning/Ex_Files_Data_Engineering_Foundations/airflow_env/lib/python3.9/site-packages/airflow/example_dags/example_external_task_marker_dag.py
[2022-03-17 17:07:21,800] {processor.py:654} INFO - DAG(s) dict_keys(['example_external_task_marker_parent', 'example_external_task_marker_child']) retrieved from /Users/louisekirkham/Documents/linkedin_learning/Ex_Files_Data_Engineering_Foundations/airflow_env/lib/python3.9/site-packages/airflow/example_dags/example_external_task_marker_dag.py
[2022-03-17 17:07:21,815] {logging_mixin.py:109} INFO - [2022-03-17 17:07:21,815] {dag.py:2398} INFO - Sync 2 DAGs
[2022-03-17 17:07:21,821] {logging_mixin.py:109} INFO - [2022-03-17 17:07:21,821] {dag.py:2937} INFO - Setting next_dagrun for example_external_task_marker_child to None
[2022-03-17 17:07:21,822] {logging_mixin.py:109} INFO - [2022-03-17 17:07:21,821] {dag.py:2937} INFO - Setting next_dagrun for example_external_task_marker_parent to None
[2022-03-17 17:07:21,828] {processor.py:171} INFO - Processing /Users/louisekirkham/Documents/linkedin_learning/Ex_Files_Data_Engineering_Foundations/airflow_env/lib/python3.9/site-packages/airflow/example_dags/example_external_task_marker_dag.py took 0.058 seconds
[2022-03-17 17:08:43,321] {processor.py:163} INFO - Started process (PID=45884) to work on /Users/louisekirkham/Documents/linkedin_learning/Ex_Files_Data_Engineering_Foundations/airflow_env/lib/python3.9/site-packages/airflow/example_dags/example_external_task_marker_dag.py
[2022-03-17 17:08:43,322] {processor.py:642} INFO - Processing file /Users/louisekirkham/Documents/linkedin_learning/Ex_Files_Data_Engineering_Foundations/airflow_env/lib/python3.9/site-packages/airflow/example_dags/example_external_task_marker_dag.py for tasks to queue
[2022-03-17 17:08:43,323] {logging_mixin.py:109} INFO - [2022-03-17 17:08:43,322] {dagbag.py:500} INFO - Filling up the DagBag from /Users/louisekirkham/Documents/linkedin_learning/Ex_Files_Data_Engineering_Foundations/airflow_env/lib/python3.9/site-packages/airflow/example_dags/example_external_task_marker_dag.py
[2022-03-17 17:08:43,350] {processor.py:654} INFO - DAG(s) dict_keys(['example_external_task_marker_parent', 'example_external_task_marker_child']) retrieved from /Users/louisekirkham/Documents/linkedin_learning/Ex_Files_Data_Engineering_Foundations/airflow_env/lib/python3.9/site-packages/airflow/example_dags/example_external_task_marker_dag.py
[2022-03-17 17:08:43,365] {logging_mixin.py:109} INFO - [2022-03-17 17:08:43,365] {dag.py:2398} INFO - Sync 2 DAGs
[2022-03-17 17:08:43,372] {logging_mixin.py:109} INFO - [2022-03-17 17:08:43,372] {dag.py:2937} INFO - Setting next_dagrun for example_external_task_marker_child to None
[2022-03-17 17:08:43,372] {logging_mixin.py:109} INFO - [2022-03-17 17:08:43,372] {dag.py:2937} INFO - Setting next_dagrun for example_external_task_marker_parent to None
[2022-03-17 17:08:43,379] {processor.py:171} INFO - Processing /Users/louisekirkham/Documents/linkedin_learning/Ex_Files_Data_Engineering_Foundations/airflow_env/lib/python3.9/site-packages/airflow/example_dags/example_external_task_marker_dag.py took 0.058 seconds
[2022-03-17 17:10:09,098] {processor.py:163} INFO - Started process (PID=45953) to work on /Users/louisekirkham/Documents/linkedin_learning/Ex_Files_Data_Engineering_Foundations/airflow_env/lib/python3.9/site-packages/airflow/example_dags/example_external_task_marker_dag.py
[2022-03-17 17:10:09,099] {processor.py:642} INFO - Processing file /Users/louisekirkham/Documents/linkedin_learning/Ex_Files_Data_Engineering_Foundations/airflow_env/lib/python3.9/site-packages/airflow/example_dags/example_external_task_marker_dag.py for tasks to queue
[2022-03-17 17:10:09,100] {logging_mixin.py:109} INFO - [2022-03-17 17:10:09,100] {dagbag.py:500} INFO - Filling up the DagBag from /Users/louisekirkham/Documents/linkedin_learning/Ex_Files_Data_Engineering_Foundations/airflow_env/lib/python3.9/site-packages/airflow/example_dags/example_external_task_marker_dag.py
[2022-03-17 17:10:09,127] {processor.py:654} INFO - DAG(s) dict_keys(['example_external_task_marker_parent', 'example_external_task_marker_child']) retrieved from /Users/louisekirkham/Documents/linkedin_learning/Ex_Files_Data_Engineering_Foundations/airflow_env/lib/python3.9/site-packages/airflow/example_dags/example_external_task_marker_dag.py
[2022-03-17 17:10:09,142] {logging_mixin.py:109} INFO - [2022-03-17 17:10:09,142] {dag.py:2398} INFO - Sync 2 DAGs
[2022-03-17 17:10:09,148] {logging_mixin.py:109} INFO - [2022-03-17 17:10:09,148] {dag.py:2937} INFO - Setting next_dagrun for example_external_task_marker_child to None
[2022-03-17 17:10:09,149] {logging_mixin.py:109} INFO - [2022-03-17 17:10:09,149] {dag.py:2937} INFO - Setting next_dagrun for example_external_task_marker_parent to None
[2022-03-17 17:10:09,155] {processor.py:171} INFO - Processing /Users/louisekirkham/Documents/linkedin_learning/Ex_Files_Data_Engineering_Foundations/airflow_env/lib/python3.9/site-packages/airflow/example_dags/example_external_task_marker_dag.py took 0.058 seconds
[2022-03-17 17:11:29,784] {processor.py:163} INFO - Started process (PID=46011) to work on /Users/louisekirkham/Documents/linkedin_learning/Ex_Files_Data_Engineering_Foundations/airflow_env/lib/python3.9/site-packages/airflow/example_dags/example_external_task_marker_dag.py
[2022-03-17 17:11:29,784] {processor.py:642} INFO - Processing file /Users/louisekirkham/Documents/linkedin_learning/Ex_Files_Data_Engineering_Foundations/airflow_env/lib/python3.9/site-packages/airflow/example_dags/example_external_task_marker_dag.py for tasks to queue
[2022-03-17 17:11:29,784] {logging_mixin.py:109} INFO - [2022-03-17 17:11:29,784] {dagbag.py:500} INFO - Filling up the DagBag from /Users/louisekirkham/Documents/linkedin_learning/Ex_Files_Data_Engineering_Foundations/airflow_env/lib/python3.9/site-packages/airflow/example_dags/example_external_task_marker_dag.py
[2022-03-17 17:11:29,810] {processor.py:654} INFO - DAG(s) dict_keys(['example_external_task_marker_parent', 'example_external_task_marker_child']) retrieved from /Users/louisekirkham/Documents/linkedin_learning/Ex_Files_Data_Engineering_Foundations/airflow_env/lib/python3.9/site-packages/airflow/example_dags/example_external_task_marker_dag.py
[2022-03-17 17:11:29,825] {logging_mixin.py:109} INFO - [2022-03-17 17:11:29,824] {dag.py:2398} INFO - Sync 2 DAGs
[2022-03-17 17:11:29,832] {logging_mixin.py:109} INFO - [2022-03-17 17:11:29,831] {dag.py:2937} INFO - Setting next_dagrun for example_external_task_marker_child to None
[2022-03-17 17:11:29,832] {logging_mixin.py:109} INFO - [2022-03-17 17:11:29,832] {dag.py:2937} INFO - Setting next_dagrun for example_external_task_marker_parent to None
[2022-03-17 17:11:29,838] {processor.py:171} INFO - Processing /Users/louisekirkham/Documents/linkedin_learning/Ex_Files_Data_Engineering_Foundations/airflow_env/lib/python3.9/site-packages/airflow/example_dags/example_external_task_marker_dag.py took 0.055 seconds
[2022-03-17 19:14:04,545] {processor.py:163} INFO - Started process (PID=46170) to work on /Users/louisekirkham/Documents/linkedin_learning/Ex_Files_Data_Engineering_Foundations/airflow_env/lib/python3.9/site-packages/airflow/example_dags/example_external_task_marker_dag.py
[2022-03-17 19:14:04,547] {processor.py:642} INFO - Processing file /Users/louisekirkham/Documents/linkedin_learning/Ex_Files_Data_Engineering_Foundations/airflow_env/lib/python3.9/site-packages/airflow/example_dags/example_external_task_marker_dag.py for tasks to queue
[2022-03-17 19:14:04,547] {logging_mixin.py:109} INFO - [2022-03-17 19:14:04,547] {dagbag.py:500} INFO - Filling up the DagBag from /Users/louisekirkham/Documents/linkedin_learning/Ex_Files_Data_Engineering_Foundations/airflow_env/lib/python3.9/site-packages/airflow/example_dags/example_external_task_marker_dag.py
[2022-03-17 19:14:04,578] {processor.py:654} INFO - DAG(s) dict_keys(['example_external_task_marker_parent', 'example_external_task_marker_child']) retrieved from /Users/louisekirkham/Documents/linkedin_learning/Ex_Files_Data_Engineering_Foundations/airflow_env/lib/python3.9/site-packages/airflow/example_dags/example_external_task_marker_dag.py
[2022-03-17 19:14:04,592] {logging_mixin.py:109} INFO - [2022-03-17 19:14:04,592] {dag.py:2398} INFO - Sync 2 DAGs
[2022-03-17 19:14:04,599] {logging_mixin.py:109} INFO - [2022-03-17 19:14:04,599] {dag.py:2937} INFO - Setting next_dagrun for example_external_task_marker_child to None
[2022-03-17 19:14:04,599] {logging_mixin.py:109} INFO - [2022-03-17 19:14:04,599] {dag.py:2937} INFO - Setting next_dagrun for example_external_task_marker_parent to None
[2022-03-17 19:14:04,608] {processor.py:171} INFO - Processing /Users/louisekirkham/Documents/linkedin_learning/Ex_Files_Data_Engineering_Foundations/airflow_env/lib/python3.9/site-packages/airflow/example_dags/example_external_task_marker_dag.py took 0.063 seconds
