[2022-03-17 16:03:05,528] {processor.py:163} INFO - Started process (PID=44952) to work on /Users/louisekirkham/Documents/linkedin_learning/Ex_Files_Data_Engineering_Foundations/airflow_env/lib/python3.9/site-packages/airflow/example_dags/example_subdag_operator.py
[2022-03-17 16:03:05,529] {processor.py:642} INFO - Processing file /Users/louisekirkham/Documents/linkedin_learning/Ex_Files_Data_Engineering_Foundations/airflow_env/lib/python3.9/site-packages/airflow/example_dags/example_subdag_operator.py for tasks to queue
[2022-03-17 16:03:05,529] {logging_mixin.py:109} INFO - [2022-03-17 16:03:05,529] {dagbag.py:500} INFO - Filling up the DagBag from /Users/louisekirkham/Documents/linkedin_learning/Ex_Files_Data_Engineering_Foundations/airflow_env/lib/python3.9/site-packages/airflow/example_dags/example_subdag_operator.py
[2022-03-17 16:03:05,563] {processor.py:654} INFO - DAG(s) dict_keys(['example_subdag_operator.section-1', 'example_subdag_operator.section-2', 'example_subdag_operator']) retrieved from /Users/louisekirkham/Documents/linkedin_learning/Ex_Files_Data_Engineering_Foundations/airflow_env/lib/python3.9/site-packages/airflow/example_dags/example_subdag_operator.py
[2022-03-17 16:03:05,577] {logging_mixin.py:109} INFO - [2022-03-17 16:03:05,577] {dag.py:2398} INFO - Sync 3 DAGs
[2022-03-17 16:03:05,585] {logging_mixin.py:109} INFO - [2022-03-17 16:03:05,584] {dag.py:2937} INFO - Setting next_dagrun for example_subdag_operator to 2022-03-15T00:00:00+00:00
[2022-03-17 16:03:05,585] {logging_mixin.py:109} INFO - [2022-03-17 16:03:05,585] {dag.py:2937} INFO - Setting next_dagrun for example_subdag_operator.section-1 to None
[2022-03-17 16:03:05,585] {logging_mixin.py:109} INFO - [2022-03-17 16:03:05,585] {dag.py:2937} INFO - Setting next_dagrun for example_subdag_operator.section-2 to None
[2022-03-17 16:03:05,589] {logging_mixin.py:109} INFO - [2022-03-17 16:03:05,589] {dag.py:2398} INFO - Sync 2 DAGs
[2022-03-17 16:03:05,594] {logging_mixin.py:109} INFO - [2022-03-17 16:03:05,594] {dag.py:2937} INFO - Setting next_dagrun for example_subdag_operator.section-1 to None
[2022-03-17 16:03:05,594] {logging_mixin.py:109} INFO - [2022-03-17 16:03:05,594] {dag.py:2937} INFO - Setting next_dagrun for example_subdag_operator.section-2 to None
[2022-03-17 16:03:05,600] {processor.py:171} INFO - Processing /Users/louisekirkham/Documents/linkedin_learning/Ex_Files_Data_Engineering_Foundations/airflow_env/lib/python3.9/site-packages/airflow/example_dags/example_subdag_operator.py took 0.072 seconds
[2022-03-17 16:34:42,988] {processor.py:163} INFO - Started process (PID=45095) to work on /Users/louisekirkham/Documents/linkedin_learning/Ex_Files_Data_Engineering_Foundations/airflow_env/lib/python3.9/site-packages/airflow/example_dags/example_subdag_operator.py
[2022-03-17 16:34:42,990] {processor.py:642} INFO - Processing file /Users/louisekirkham/Documents/linkedin_learning/Ex_Files_Data_Engineering_Foundations/airflow_env/lib/python3.9/site-packages/airflow/example_dags/example_subdag_operator.py for tasks to queue
[2022-03-17 16:34:42,990] {logging_mixin.py:109} INFO - [2022-03-17 16:34:42,990] {dagbag.py:500} INFO - Filling up the DagBag from /Users/louisekirkham/Documents/linkedin_learning/Ex_Files_Data_Engineering_Foundations/airflow_env/lib/python3.9/site-packages/airflow/example_dags/example_subdag_operator.py
[2022-03-17 16:34:43,026] {processor.py:654} INFO - DAG(s) dict_keys(['example_subdag_operator.section-1', 'example_subdag_operator.section-2', 'example_subdag_operator']) retrieved from /Users/louisekirkham/Documents/linkedin_learning/Ex_Files_Data_Engineering_Foundations/airflow_env/lib/python3.9/site-packages/airflow/example_dags/example_subdag_operator.py
[2022-03-17 16:34:43,040] {logging_mixin.py:109} INFO - [2022-03-17 16:34:43,040] {dag.py:2398} INFO - Sync 3 DAGs
[2022-03-17 16:34:43,047] {logging_mixin.py:109} INFO - [2022-03-17 16:34:43,047] {dag.py:2937} INFO - Setting next_dagrun for example_subdag_operator to 2022-03-15T00:00:00+00:00
[2022-03-17 16:34:43,047] {logging_mixin.py:109} INFO - [2022-03-17 16:34:43,047] {dag.py:2937} INFO - Setting next_dagrun for example_subdag_operator.section-1 to None
[2022-03-17 16:34:43,047] {logging_mixin.py:109} INFO - [2022-03-17 16:34:43,047] {dag.py:2937} INFO - Setting next_dagrun for example_subdag_operator.section-2 to None
[2022-03-17 16:34:43,050] {logging_mixin.py:109} INFO - [2022-03-17 16:34:43,050] {dag.py:2398} INFO - Sync 2 DAGs
[2022-03-17 16:34:43,055] {logging_mixin.py:109} INFO - [2022-03-17 16:34:43,055] {dag.py:2937} INFO - Setting next_dagrun for example_subdag_operator.section-1 to None
[2022-03-17 16:34:43,055] {logging_mixin.py:109} INFO - [2022-03-17 16:34:43,055] {dag.py:2937} INFO - Setting next_dagrun for example_subdag_operator.section-2 to None
[2022-03-17 16:34:43,060] {processor.py:171} INFO - Processing /Users/louisekirkham/Documents/linkedin_learning/Ex_Files_Data_Engineering_Foundations/airflow_env/lib/python3.9/site-packages/airflow/example_dags/example_subdag_operator.py took 0.073 seconds
[2022-03-17 16:36:16,219] {processor.py:163} INFO - Started process (PID=45201) to work on /Users/louisekirkham/Documents/linkedin_learning/Ex_Files_Data_Engineering_Foundations/airflow_env/lib/python3.9/site-packages/airflow/example_dags/example_subdag_operator.py
[2022-03-17 16:36:16,219] {processor.py:642} INFO - Processing file /Users/louisekirkham/Documents/linkedin_learning/Ex_Files_Data_Engineering_Foundations/airflow_env/lib/python3.9/site-packages/airflow/example_dags/example_subdag_operator.py for tasks to queue
[2022-03-17 16:36:16,220] {logging_mixin.py:109} INFO - [2022-03-17 16:36:16,220] {dagbag.py:500} INFO - Filling up the DagBag from /Users/louisekirkham/Documents/linkedin_learning/Ex_Files_Data_Engineering_Foundations/airflow_env/lib/python3.9/site-packages/airflow/example_dags/example_subdag_operator.py
[2022-03-17 16:36:16,253] {processor.py:654} INFO - DAG(s) dict_keys(['example_subdag_operator.section-1', 'example_subdag_operator.section-2', 'example_subdag_operator']) retrieved from /Users/louisekirkham/Documents/linkedin_learning/Ex_Files_Data_Engineering_Foundations/airflow_env/lib/python3.9/site-packages/airflow/example_dags/example_subdag_operator.py
[2022-03-17 16:36:16,267] {logging_mixin.py:109} INFO - [2022-03-17 16:36:16,267] {dag.py:2398} INFO - Sync 3 DAGs
[2022-03-17 16:36:16,274] {logging_mixin.py:109} INFO - [2022-03-17 16:36:16,274] {dag.py:2937} INFO - Setting next_dagrun for example_subdag_operator to 2022-03-15T00:00:00+00:00
[2022-03-17 16:36:16,274] {logging_mixin.py:109} INFO - [2022-03-17 16:36:16,274] {dag.py:2937} INFO - Setting next_dagrun for example_subdag_operator.section-1 to None
[2022-03-17 16:36:16,274] {logging_mixin.py:109} INFO - [2022-03-17 16:36:16,274] {dag.py:2937} INFO - Setting next_dagrun for example_subdag_operator.section-2 to None
[2022-03-17 16:36:16,277] {logging_mixin.py:109} INFO - [2022-03-17 16:36:16,277] {dag.py:2398} INFO - Sync 2 DAGs
[2022-03-17 16:36:16,281] {logging_mixin.py:109} INFO - [2022-03-17 16:36:16,281] {dag.py:2937} INFO - Setting next_dagrun for example_subdag_operator.section-1 to None
[2022-03-17 16:36:16,281] {logging_mixin.py:109} INFO - [2022-03-17 16:36:16,281] {dag.py:2937} INFO - Setting next_dagrun for example_subdag_operator.section-2 to None
[2022-03-17 16:36:16,286] {processor.py:171} INFO - Processing /Users/louisekirkham/Documents/linkedin_learning/Ex_Files_Data_Engineering_Foundations/airflow_env/lib/python3.9/site-packages/airflow/example_dags/example_subdag_operator.py took 0.068 seconds
[2022-03-17 16:37:36,961] {processor.py:163} INFO - Started process (PID=45273) to work on /Users/louisekirkham/Documents/linkedin_learning/Ex_Files_Data_Engineering_Foundations/airflow_env/lib/python3.9/site-packages/airflow/example_dags/example_subdag_operator.py
[2022-03-17 16:37:36,961] {processor.py:642} INFO - Processing file /Users/louisekirkham/Documents/linkedin_learning/Ex_Files_Data_Engineering_Foundations/airflow_env/lib/python3.9/site-packages/airflow/example_dags/example_subdag_operator.py for tasks to queue
[2022-03-17 16:37:36,962] {logging_mixin.py:109} INFO - [2022-03-17 16:37:36,962] {dagbag.py:500} INFO - Filling up the DagBag from /Users/louisekirkham/Documents/linkedin_learning/Ex_Files_Data_Engineering_Foundations/airflow_env/lib/python3.9/site-packages/airflow/example_dags/example_subdag_operator.py
[2022-03-17 16:37:36,995] {processor.py:654} INFO - DAG(s) dict_keys(['example_subdag_operator.section-1', 'example_subdag_operator.section-2', 'example_subdag_operator']) retrieved from /Users/louisekirkham/Documents/linkedin_learning/Ex_Files_Data_Engineering_Foundations/airflow_env/lib/python3.9/site-packages/airflow/example_dags/example_subdag_operator.py
[2022-03-17 16:37:37,011] {logging_mixin.py:109} INFO - [2022-03-17 16:37:37,011] {dag.py:2398} INFO - Sync 3 DAGs
[2022-03-17 16:37:37,020] {logging_mixin.py:109} INFO - [2022-03-17 16:37:37,020] {dag.py:2937} INFO - Setting next_dagrun for example_subdag_operator to 2022-03-15T00:00:00+00:00
[2022-03-17 16:37:37,020] {logging_mixin.py:109} INFO - [2022-03-17 16:37:37,020] {dag.py:2937} INFO - Setting next_dagrun for example_subdag_operator.section-1 to None
[2022-03-17 16:37:37,020] {logging_mixin.py:109} INFO - [2022-03-17 16:37:37,020] {dag.py:2937} INFO - Setting next_dagrun for example_subdag_operator.section-2 to None
[2022-03-17 16:37:37,024] {logging_mixin.py:109} INFO - [2022-03-17 16:37:37,024] {dag.py:2398} INFO - Sync 2 DAGs
[2022-03-17 16:37:37,028] {logging_mixin.py:109} INFO - [2022-03-17 16:37:37,028] {dag.py:2937} INFO - Setting next_dagrun for example_subdag_operator.section-1 to None
[2022-03-17 16:37:37,028] {logging_mixin.py:109} INFO - [2022-03-17 16:37:37,028] {dag.py:2937} INFO - Setting next_dagrun for example_subdag_operator.section-2 to None
[2022-03-17 16:37:37,034] {processor.py:171} INFO - Processing /Users/louisekirkham/Documents/linkedin_learning/Ex_Files_Data_Engineering_Foundations/airflow_env/lib/python3.9/site-packages/airflow/example_dags/example_subdag_operator.py took 0.074 seconds
[2022-03-17 16:38:58,118] {processor.py:163} INFO - Started process (PID=45340) to work on /Users/louisekirkham/Documents/linkedin_learning/Ex_Files_Data_Engineering_Foundations/airflow_env/lib/python3.9/site-packages/airflow/example_dags/example_subdag_operator.py
[2022-03-17 16:38:58,118] {processor.py:642} INFO - Processing file /Users/louisekirkham/Documents/linkedin_learning/Ex_Files_Data_Engineering_Foundations/airflow_env/lib/python3.9/site-packages/airflow/example_dags/example_subdag_operator.py for tasks to queue
[2022-03-17 16:38:58,118] {logging_mixin.py:109} INFO - [2022-03-17 16:38:58,118] {dagbag.py:500} INFO - Filling up the DagBag from /Users/louisekirkham/Documents/linkedin_learning/Ex_Files_Data_Engineering_Foundations/airflow_env/lib/python3.9/site-packages/airflow/example_dags/example_subdag_operator.py
[2022-03-17 16:38:58,151] {processor.py:654} INFO - DAG(s) dict_keys(['example_subdag_operator.section-1', 'example_subdag_operator.section-2', 'example_subdag_operator']) retrieved from /Users/louisekirkham/Documents/linkedin_learning/Ex_Files_Data_Engineering_Foundations/airflow_env/lib/python3.9/site-packages/airflow/example_dags/example_subdag_operator.py
[2022-03-17 16:38:58,165] {logging_mixin.py:109} INFO - [2022-03-17 16:38:58,165] {dag.py:2398} INFO - Sync 3 DAGs
[2022-03-17 16:38:58,172] {logging_mixin.py:109} INFO - [2022-03-17 16:38:58,172] {dag.py:2937} INFO - Setting next_dagrun for example_subdag_operator to 2022-03-15T00:00:00+00:00
[2022-03-17 16:38:58,173] {logging_mixin.py:109} INFO - [2022-03-17 16:38:58,173] {dag.py:2937} INFO - Setting next_dagrun for example_subdag_operator.section-1 to None
[2022-03-17 16:38:58,173] {logging_mixin.py:109} INFO - [2022-03-17 16:38:58,173] {dag.py:2937} INFO - Setting next_dagrun for example_subdag_operator.section-2 to None
[2022-03-17 16:38:58,176] {logging_mixin.py:109} INFO - [2022-03-17 16:38:58,176] {dag.py:2398} INFO - Sync 2 DAGs
[2022-03-17 16:38:58,181] {logging_mixin.py:109} INFO - [2022-03-17 16:38:58,181] {dag.py:2937} INFO - Setting next_dagrun for example_subdag_operator.section-1 to None
[2022-03-17 16:38:58,181] {logging_mixin.py:109} INFO - [2022-03-17 16:38:58,181] {dag.py:2937} INFO - Setting next_dagrun for example_subdag_operator.section-2 to None
[2022-03-17 16:38:58,187] {processor.py:171} INFO - Processing /Users/louisekirkham/Documents/linkedin_learning/Ex_Files_Data_Engineering_Foundations/airflow_env/lib/python3.9/site-packages/airflow/example_dags/example_subdag_operator.py took 0.070 seconds
[2022-03-17 16:40:18,484] {processor.py:163} INFO - Started process (PID=45403) to work on /Users/louisekirkham/Documents/linkedin_learning/Ex_Files_Data_Engineering_Foundations/airflow_env/lib/python3.9/site-packages/airflow/example_dags/example_subdag_operator.py
[2022-03-17 16:40:18,484] {processor.py:642} INFO - Processing file /Users/louisekirkham/Documents/linkedin_learning/Ex_Files_Data_Engineering_Foundations/airflow_env/lib/python3.9/site-packages/airflow/example_dags/example_subdag_operator.py for tasks to queue
[2022-03-17 16:40:18,484] {logging_mixin.py:109} INFO - [2022-03-17 16:40:18,484] {dagbag.py:500} INFO - Filling up the DagBag from /Users/louisekirkham/Documents/linkedin_learning/Ex_Files_Data_Engineering_Foundations/airflow_env/lib/python3.9/site-packages/airflow/example_dags/example_subdag_operator.py
[2022-03-17 16:40:18,518] {processor.py:654} INFO - DAG(s) dict_keys(['example_subdag_operator.section-1', 'example_subdag_operator.section-2', 'example_subdag_operator']) retrieved from /Users/louisekirkham/Documents/linkedin_learning/Ex_Files_Data_Engineering_Foundations/airflow_env/lib/python3.9/site-packages/airflow/example_dags/example_subdag_operator.py
[2022-03-17 16:40:18,534] {logging_mixin.py:109} INFO - [2022-03-17 16:40:18,534] {dag.py:2398} INFO - Sync 3 DAGs
[2022-03-17 16:40:18,542] {logging_mixin.py:109} INFO - [2022-03-17 16:40:18,542] {dag.py:2937} INFO - Setting next_dagrun for example_subdag_operator to 2022-03-15T00:00:00+00:00
[2022-03-17 16:40:18,542] {logging_mixin.py:109} INFO - [2022-03-17 16:40:18,542] {dag.py:2937} INFO - Setting next_dagrun for example_subdag_operator.section-1 to None
[2022-03-17 16:40:18,542] {logging_mixin.py:109} INFO - [2022-03-17 16:40:18,542] {dag.py:2937} INFO - Setting next_dagrun for example_subdag_operator.section-2 to None
[2022-03-17 16:40:18,546] {logging_mixin.py:109} INFO - [2022-03-17 16:40:18,546] {dag.py:2398} INFO - Sync 2 DAGs
[2022-03-17 16:40:18,550] {logging_mixin.py:109} INFO - [2022-03-17 16:40:18,550] {dag.py:2937} INFO - Setting next_dagrun for example_subdag_operator.section-1 to None
[2022-03-17 16:40:18,550] {logging_mixin.py:109} INFO - [2022-03-17 16:40:18,550] {dag.py:2937} INFO - Setting next_dagrun for example_subdag_operator.section-2 to None
[2022-03-17 16:40:18,556] {processor.py:171} INFO - Processing /Users/louisekirkham/Documents/linkedin_learning/Ex_Files_Data_Engineering_Foundations/airflow_env/lib/python3.9/site-packages/airflow/example_dags/example_subdag_operator.py took 0.072 seconds
[2022-03-17 16:41:38,851] {processor.py:163} INFO - Started process (PID=45461) to work on /Users/louisekirkham/Documents/linkedin_learning/Ex_Files_Data_Engineering_Foundations/airflow_env/lib/python3.9/site-packages/airflow/example_dags/example_subdag_operator.py
[2022-03-17 16:41:38,851] {processor.py:642} INFO - Processing file /Users/louisekirkham/Documents/linkedin_learning/Ex_Files_Data_Engineering_Foundations/airflow_env/lib/python3.9/site-packages/airflow/example_dags/example_subdag_operator.py for tasks to queue
[2022-03-17 16:41:38,851] {logging_mixin.py:109} INFO - [2022-03-17 16:41:38,851] {dagbag.py:500} INFO - Filling up the DagBag from /Users/louisekirkham/Documents/linkedin_learning/Ex_Files_Data_Engineering_Foundations/airflow_env/lib/python3.9/site-packages/airflow/example_dags/example_subdag_operator.py
[2022-03-17 16:41:38,881] {processor.py:654} INFO - DAG(s) dict_keys(['example_subdag_operator.section-1', 'example_subdag_operator.section-2', 'example_subdag_operator']) retrieved from /Users/louisekirkham/Documents/linkedin_learning/Ex_Files_Data_Engineering_Foundations/airflow_env/lib/python3.9/site-packages/airflow/example_dags/example_subdag_operator.py
[2022-03-17 16:41:38,895] {logging_mixin.py:109} INFO - [2022-03-17 16:41:38,894] {dag.py:2398} INFO - Sync 3 DAGs
[2022-03-17 16:41:38,901] {logging_mixin.py:109} INFO - [2022-03-17 16:41:38,900] {dag.py:2937} INFO - Setting next_dagrun for example_subdag_operator to 2022-03-15T00:00:00+00:00
[2022-03-17 16:41:38,901] {logging_mixin.py:109} INFO - [2022-03-17 16:41:38,901] {dag.py:2937} INFO - Setting next_dagrun for example_subdag_operator.section-1 to None
[2022-03-17 16:41:38,901] {logging_mixin.py:109} INFO - [2022-03-17 16:41:38,901] {dag.py:2937} INFO - Setting next_dagrun for example_subdag_operator.section-2 to None
[2022-03-17 16:41:38,904] {logging_mixin.py:109} INFO - [2022-03-17 16:41:38,904] {dag.py:2398} INFO - Sync 2 DAGs
[2022-03-17 16:41:38,907] {logging_mixin.py:109} INFO - [2022-03-17 16:41:38,907] {dag.py:2937} INFO - Setting next_dagrun for example_subdag_operator.section-1 to None
[2022-03-17 16:41:38,907] {logging_mixin.py:109} INFO - [2022-03-17 16:41:38,907] {dag.py:2937} INFO - Setting next_dagrun for example_subdag_operator.section-2 to None
[2022-03-17 16:41:38,912] {processor.py:171} INFO - Processing /Users/louisekirkham/Documents/linkedin_learning/Ex_Files_Data_Engineering_Foundations/airflow_env/lib/python3.9/site-packages/airflow/example_dags/example_subdag_operator.py took 0.062 seconds
[2022-03-17 16:43:01,091] {processor.py:163} INFO - Started process (PID=45551) to work on /Users/louisekirkham/Documents/linkedin_learning/Ex_Files_Data_Engineering_Foundations/airflow_env/lib/python3.9/site-packages/airflow/example_dags/example_subdag_operator.py
[2022-03-17 16:43:01,092] {processor.py:642} INFO - Processing file /Users/louisekirkham/Documents/linkedin_learning/Ex_Files_Data_Engineering_Foundations/airflow_env/lib/python3.9/site-packages/airflow/example_dags/example_subdag_operator.py for tasks to queue
[2022-03-17 16:43:01,092] {logging_mixin.py:109} INFO - [2022-03-17 16:43:01,092] {dagbag.py:500} INFO - Filling up the DagBag from /Users/louisekirkham/Documents/linkedin_learning/Ex_Files_Data_Engineering_Foundations/airflow_env/lib/python3.9/site-packages/airflow/example_dags/example_subdag_operator.py
[2022-03-17 16:43:01,123] {processor.py:654} INFO - DAG(s) dict_keys(['example_subdag_operator.section-1', 'example_subdag_operator.section-2', 'example_subdag_operator']) retrieved from /Users/louisekirkham/Documents/linkedin_learning/Ex_Files_Data_Engineering_Foundations/airflow_env/lib/python3.9/site-packages/airflow/example_dags/example_subdag_operator.py
[2022-03-17 16:43:01,139] {logging_mixin.py:109} INFO - [2022-03-17 16:43:01,139] {dag.py:2398} INFO - Sync 3 DAGs
[2022-03-17 16:43:01,146] {logging_mixin.py:109} INFO - [2022-03-17 16:43:01,146] {dag.py:2937} INFO - Setting next_dagrun for example_subdag_operator to 2022-03-15T00:00:00+00:00
[2022-03-17 16:43:01,147] {logging_mixin.py:109} INFO - [2022-03-17 16:43:01,147] {dag.py:2937} INFO - Setting next_dagrun for example_subdag_operator.section-1 to None
[2022-03-17 16:43:01,147] {logging_mixin.py:109} INFO - [2022-03-17 16:43:01,147] {dag.py:2937} INFO - Setting next_dagrun for example_subdag_operator.section-2 to None
[2022-03-17 16:43:01,150] {logging_mixin.py:109} INFO - [2022-03-17 16:43:01,150] {dag.py:2398} INFO - Sync 2 DAGs
[2022-03-17 16:43:01,155] {logging_mixin.py:109} INFO - [2022-03-17 16:43:01,155] {dag.py:2937} INFO - Setting next_dagrun for example_subdag_operator.section-1 to None
[2022-03-17 16:43:01,155] {logging_mixin.py:109} INFO - [2022-03-17 16:43:01,155] {dag.py:2937} INFO - Setting next_dagrun for example_subdag_operator.section-2 to None
[2022-03-17 16:43:01,160] {processor.py:171} INFO - Processing /Users/louisekirkham/Documents/linkedin_learning/Ex_Files_Data_Engineering_Foundations/airflow_env/lib/python3.9/site-packages/airflow/example_dags/example_subdag_operator.py took 0.070 seconds
[2022-03-17 16:44:22,374] {processor.py:163} INFO - Started process (PID=45620) to work on /Users/louisekirkham/Documents/linkedin_learning/Ex_Files_Data_Engineering_Foundations/airflow_env/lib/python3.9/site-packages/airflow/example_dags/example_subdag_operator.py
[2022-03-17 16:44:22,374] {processor.py:642} INFO - Processing file /Users/louisekirkham/Documents/linkedin_learning/Ex_Files_Data_Engineering_Foundations/airflow_env/lib/python3.9/site-packages/airflow/example_dags/example_subdag_operator.py for tasks to queue
[2022-03-17 16:44:22,374] {logging_mixin.py:109} INFO - [2022-03-17 16:44:22,374] {dagbag.py:500} INFO - Filling up the DagBag from /Users/louisekirkham/Documents/linkedin_learning/Ex_Files_Data_Engineering_Foundations/airflow_env/lib/python3.9/site-packages/airflow/example_dags/example_subdag_operator.py
[2022-03-17 16:44:22,408] {processor.py:654} INFO - DAG(s) dict_keys(['example_subdag_operator.section-1', 'example_subdag_operator.section-2', 'example_subdag_operator']) retrieved from /Users/louisekirkham/Documents/linkedin_learning/Ex_Files_Data_Engineering_Foundations/airflow_env/lib/python3.9/site-packages/airflow/example_dags/example_subdag_operator.py
[2022-03-17 16:44:22,423] {logging_mixin.py:109} INFO - [2022-03-17 16:44:22,423] {dag.py:2398} INFO - Sync 3 DAGs
[2022-03-17 16:44:22,431] {logging_mixin.py:109} INFO - [2022-03-17 16:44:22,430] {dag.py:2937} INFO - Setting next_dagrun for example_subdag_operator to 2022-03-15T00:00:00+00:00
[2022-03-17 16:44:22,431] {logging_mixin.py:109} INFO - [2022-03-17 16:44:22,431] {dag.py:2937} INFO - Setting next_dagrun for example_subdag_operator.section-1 to None
[2022-03-17 16:44:22,431] {logging_mixin.py:109} INFO - [2022-03-17 16:44:22,431] {dag.py:2937} INFO - Setting next_dagrun for example_subdag_operator.section-2 to None
[2022-03-17 16:44:22,434] {logging_mixin.py:109} INFO - [2022-03-17 16:44:22,434] {dag.py:2398} INFO - Sync 2 DAGs
[2022-03-17 16:44:22,438] {logging_mixin.py:109} INFO - [2022-03-17 16:44:22,438] {dag.py:2937} INFO - Setting next_dagrun for example_subdag_operator.section-1 to None
[2022-03-17 16:44:22,438] {logging_mixin.py:109} INFO - [2022-03-17 16:44:22,438] {dag.py:2937} INFO - Setting next_dagrun for example_subdag_operator.section-2 to None
[2022-03-17 16:44:22,443] {processor.py:171} INFO - Processing /Users/louisekirkham/Documents/linkedin_learning/Ex_Files_Data_Engineering_Foundations/airflow_env/lib/python3.9/site-packages/airflow/example_dags/example_subdag_operator.py took 0.070 seconds
[2022-03-17 16:56:48,979] {processor.py:163} INFO - Started process (PID=45722) to work on /Users/louisekirkham/Documents/linkedin_learning/Ex_Files_Data_Engineering_Foundations/airflow_env/lib/python3.9/site-packages/airflow/example_dags/example_subdag_operator.py
[2022-03-17 16:56:48,988] {processor.py:642} INFO - Processing file /Users/louisekirkham/Documents/linkedin_learning/Ex_Files_Data_Engineering_Foundations/airflow_env/lib/python3.9/site-packages/airflow/example_dags/example_subdag_operator.py for tasks to queue
[2022-03-17 16:56:48,996] {logging_mixin.py:109} INFO - [2022-03-17 16:56:48,993] {dagbag.py:500} INFO - Filling up the DagBag from /Users/louisekirkham/Documents/linkedin_learning/Ex_Files_Data_Engineering_Foundations/airflow_env/lib/python3.9/site-packages/airflow/example_dags/example_subdag_operator.py
[2022-03-17 16:56:50,779] {processor.py:654} INFO - DAG(s) dict_keys(['example_subdag_operator.section-1', 'example_subdag_operator.section-2', 'example_subdag_operator']) retrieved from /Users/louisekirkham/Documents/linkedin_learning/Ex_Files_Data_Engineering_Foundations/airflow_env/lib/python3.9/site-packages/airflow/example_dags/example_subdag_operator.py
[2022-03-17 16:56:51,193] {logging_mixin.py:109} INFO - [2022-03-17 16:56:51,190] {dag.py:2398} INFO - Sync 3 DAGs
[2022-03-17 16:56:51,408] {logging_mixin.py:109} INFO - [2022-03-17 16:56:51,406] {dag.py:2937} INFO - Setting next_dagrun for example_subdag_operator to 2022-03-15T00:00:00+00:00
[2022-03-17 16:56:51,412] {logging_mixin.py:109} INFO - [2022-03-17 16:56:51,411] {dag.py:2937} INFO - Setting next_dagrun for example_subdag_operator.section-1 to None
[2022-03-17 16:56:51,417] {logging_mixin.py:109} INFO - [2022-03-17 16:56:51,416] {dag.py:2937} INFO - Setting next_dagrun for example_subdag_operator.section-2 to None
[2022-03-17 16:56:51,498] {logging_mixin.py:109} INFO - [2022-03-17 16:56:51,496] {dag.py:2398} INFO - Sync 2 DAGs
[2022-03-17 16:56:51,665] {logging_mixin.py:109} INFO - [2022-03-17 16:56:51,664] {dag.py:2937} INFO - Setting next_dagrun for example_subdag_operator.section-1 to None
[2022-03-17 16:56:51,668] {logging_mixin.py:109} INFO - [2022-03-17 16:56:51,668] {dag.py:2937} INFO - Setting next_dagrun for example_subdag_operator.section-2 to None
[2022-03-17 16:56:51,771] {processor.py:171} INFO - Processing /Users/louisekirkham/Documents/linkedin_learning/Ex_Files_Data_Engineering_Foundations/airflow_env/lib/python3.9/site-packages/airflow/example_dags/example_subdag_operator.py took 2.804 seconds
[2022-03-17 17:08:09,294] {processor.py:163} INFO - Started process (PID=45865) to work on /Users/louisekirkham/Documents/linkedin_learning/Ex_Files_Data_Engineering_Foundations/airflow_env/lib/python3.9/site-packages/airflow/example_dags/example_subdag_operator.py
[2022-03-17 17:08:09,295] {processor.py:642} INFO - Processing file /Users/louisekirkham/Documents/linkedin_learning/Ex_Files_Data_Engineering_Foundations/airflow_env/lib/python3.9/site-packages/airflow/example_dags/example_subdag_operator.py for tasks to queue
[2022-03-17 17:08:09,296] {logging_mixin.py:109} INFO - [2022-03-17 17:08:09,295] {dagbag.py:500} INFO - Filling up the DagBag from /Users/louisekirkham/Documents/linkedin_learning/Ex_Files_Data_Engineering_Foundations/airflow_env/lib/python3.9/site-packages/airflow/example_dags/example_subdag_operator.py
[2022-03-17 17:08:09,343] {processor.py:654} INFO - DAG(s) dict_keys(['example_subdag_operator.section-1', 'example_subdag_operator.section-2', 'example_subdag_operator']) retrieved from /Users/louisekirkham/Documents/linkedin_learning/Ex_Files_Data_Engineering_Foundations/airflow_env/lib/python3.9/site-packages/airflow/example_dags/example_subdag_operator.py
[2022-03-17 17:08:09,361] {logging_mixin.py:109} INFO - [2022-03-17 17:08:09,361] {dag.py:2398} INFO - Sync 3 DAGs
[2022-03-17 17:08:09,370] {logging_mixin.py:109} INFO - [2022-03-17 17:08:09,370] {dag.py:2937} INFO - Setting next_dagrun for example_subdag_operator to 2022-03-15T00:00:00+00:00
[2022-03-17 17:08:09,370] {logging_mixin.py:109} INFO - [2022-03-17 17:08:09,370] {dag.py:2937} INFO - Setting next_dagrun for example_subdag_operator.section-1 to None
[2022-03-17 17:08:09,370] {logging_mixin.py:109} INFO - [2022-03-17 17:08:09,370] {dag.py:2937} INFO - Setting next_dagrun for example_subdag_operator.section-2 to None
[2022-03-17 17:08:09,373] {logging_mixin.py:109} INFO - [2022-03-17 17:08:09,373] {dag.py:2398} INFO - Sync 2 DAGs
[2022-03-17 17:08:09,379] {logging_mixin.py:109} INFO - [2022-03-17 17:08:09,379] {dag.py:2937} INFO - Setting next_dagrun for example_subdag_operator.section-1 to None
[2022-03-17 17:08:09,380] {logging_mixin.py:109} INFO - [2022-03-17 17:08:09,380] {dag.py:2937} INFO - Setting next_dagrun for example_subdag_operator.section-2 to None
[2022-03-17 17:08:09,386] {processor.py:171} INFO - Processing /Users/louisekirkham/Documents/linkedin_learning/Ex_Files_Data_Engineering_Foundations/airflow_env/lib/python3.9/site-packages/airflow/example_dags/example_subdag_operator.py took 0.094 seconds
[2022-03-17 17:09:35,163] {processor.py:163} INFO - Started process (PID=45932) to work on /Users/louisekirkham/Documents/linkedin_learning/Ex_Files_Data_Engineering_Foundations/airflow_env/lib/python3.9/site-packages/airflow/example_dags/example_subdag_operator.py
[2022-03-17 17:09:35,164] {processor.py:642} INFO - Processing file /Users/louisekirkham/Documents/linkedin_learning/Ex_Files_Data_Engineering_Foundations/airflow_env/lib/python3.9/site-packages/airflow/example_dags/example_subdag_operator.py for tasks to queue
[2022-03-17 17:09:35,164] {logging_mixin.py:109} INFO - [2022-03-17 17:09:35,164] {dagbag.py:500} INFO - Filling up the DagBag from /Users/louisekirkham/Documents/linkedin_learning/Ex_Files_Data_Engineering_Foundations/airflow_env/lib/python3.9/site-packages/airflow/example_dags/example_subdag_operator.py
[2022-03-17 17:09:35,207] {processor.py:654} INFO - DAG(s) dict_keys(['example_subdag_operator.section-1', 'example_subdag_operator.section-2', 'example_subdag_operator']) retrieved from /Users/louisekirkham/Documents/linkedin_learning/Ex_Files_Data_Engineering_Foundations/airflow_env/lib/python3.9/site-packages/airflow/example_dags/example_subdag_operator.py
[2022-03-17 17:09:35,226] {logging_mixin.py:109} INFO - [2022-03-17 17:09:35,226] {dag.py:2398} INFO - Sync 3 DAGs
[2022-03-17 17:09:35,236] {logging_mixin.py:109} INFO - [2022-03-17 17:09:35,235] {dag.py:2937} INFO - Setting next_dagrun for example_subdag_operator to 2022-03-15T00:00:00+00:00
[2022-03-17 17:09:35,236] {logging_mixin.py:109} INFO - [2022-03-17 17:09:35,236] {dag.py:2937} INFO - Setting next_dagrun for example_subdag_operator.section-1 to None
[2022-03-17 17:09:35,236] {logging_mixin.py:109} INFO - [2022-03-17 17:09:35,236] {dag.py:2937} INFO - Setting next_dagrun for example_subdag_operator.section-2 to None
[2022-03-17 17:09:35,239] {logging_mixin.py:109} INFO - [2022-03-17 17:09:35,239] {dag.py:2398} INFO - Sync 2 DAGs
[2022-03-17 17:09:35,244] {logging_mixin.py:109} INFO - [2022-03-17 17:09:35,244] {dag.py:2937} INFO - Setting next_dagrun for example_subdag_operator.section-1 to None
[2022-03-17 17:09:35,244] {logging_mixin.py:109} INFO - [2022-03-17 17:09:35,244] {dag.py:2937} INFO - Setting next_dagrun for example_subdag_operator.section-2 to None
[2022-03-17 17:09:35,250] {processor.py:171} INFO - Processing /Users/louisekirkham/Documents/linkedin_learning/Ex_Files_Data_Engineering_Foundations/airflow_env/lib/python3.9/site-packages/airflow/example_dags/example_subdag_operator.py took 0.087 seconds
[2022-03-17 17:10:55,439] {processor.py:163} INFO - Started process (PID=45992) to work on /Users/louisekirkham/Documents/linkedin_learning/Ex_Files_Data_Engineering_Foundations/airflow_env/lib/python3.9/site-packages/airflow/example_dags/example_subdag_operator.py
[2022-03-17 17:10:55,439] {processor.py:642} INFO - Processing file /Users/louisekirkham/Documents/linkedin_learning/Ex_Files_Data_Engineering_Foundations/airflow_env/lib/python3.9/site-packages/airflow/example_dags/example_subdag_operator.py for tasks to queue
[2022-03-17 17:10:55,439] {logging_mixin.py:109} INFO - [2022-03-17 17:10:55,439] {dagbag.py:500} INFO - Filling up the DagBag from /Users/louisekirkham/Documents/linkedin_learning/Ex_Files_Data_Engineering_Foundations/airflow_env/lib/python3.9/site-packages/airflow/example_dags/example_subdag_operator.py
[2022-03-17 17:10:55,469] {processor.py:654} INFO - DAG(s) dict_keys(['example_subdag_operator.section-1', 'example_subdag_operator.section-2', 'example_subdag_operator']) retrieved from /Users/louisekirkham/Documents/linkedin_learning/Ex_Files_Data_Engineering_Foundations/airflow_env/lib/python3.9/site-packages/airflow/example_dags/example_subdag_operator.py
[2022-03-17 17:10:55,483] {logging_mixin.py:109} INFO - [2022-03-17 17:10:55,483] {dag.py:2398} INFO - Sync 3 DAGs
[2022-03-17 17:10:55,490] {logging_mixin.py:109} INFO - [2022-03-17 17:10:55,490] {dag.py:2937} INFO - Setting next_dagrun for example_subdag_operator to 2022-03-15T00:00:00+00:00
[2022-03-17 17:10:55,490] {logging_mixin.py:109} INFO - [2022-03-17 17:10:55,490] {dag.py:2937} INFO - Setting next_dagrun for example_subdag_operator.section-1 to None
[2022-03-17 17:10:55,490] {logging_mixin.py:109} INFO - [2022-03-17 17:10:55,490] {dag.py:2937} INFO - Setting next_dagrun for example_subdag_operator.section-2 to None
[2022-03-17 17:10:55,493] {logging_mixin.py:109} INFO - [2022-03-17 17:10:55,493] {dag.py:2398} INFO - Sync 2 DAGs
[2022-03-17 17:10:55,497] {logging_mixin.py:109} INFO - [2022-03-17 17:10:55,497] {dag.py:2937} INFO - Setting next_dagrun for example_subdag_operator.section-1 to None
[2022-03-17 17:10:55,497] {logging_mixin.py:109} INFO - [2022-03-17 17:10:55,497] {dag.py:2937} INFO - Setting next_dagrun for example_subdag_operator.section-2 to None
[2022-03-17 17:10:55,502] {processor.py:171} INFO - Processing /Users/louisekirkham/Documents/linkedin_learning/Ex_Files_Data_Engineering_Foundations/airflow_env/lib/python3.9/site-packages/airflow/example_dags/example_subdag_operator.py took 0.064 seconds
[2022-03-17 19:13:44,526] {processor.py:163} INFO - Started process (PID=46136) to work on /Users/louisekirkham/Documents/linkedin_learning/Ex_Files_Data_Engineering_Foundations/airflow_env/lib/python3.9/site-packages/airflow/example_dags/example_subdag_operator.py
[2022-03-17 19:13:44,528] {processor.py:642} INFO - Processing file /Users/louisekirkham/Documents/linkedin_learning/Ex_Files_Data_Engineering_Foundations/airflow_env/lib/python3.9/site-packages/airflow/example_dags/example_subdag_operator.py for tasks to queue
[2022-03-17 19:13:44,528] {logging_mixin.py:109} INFO - [2022-03-17 19:13:44,528] {dagbag.py:500} INFO - Filling up the DagBag from /Users/louisekirkham/Documents/linkedin_learning/Ex_Files_Data_Engineering_Foundations/airflow_env/lib/python3.9/site-packages/airflow/example_dags/example_subdag_operator.py
[2022-03-17 19:13:44,565] {processor.py:654} INFO - DAG(s) dict_keys(['example_subdag_operator.section-1', 'example_subdag_operator.section-2', 'example_subdag_operator']) retrieved from /Users/louisekirkham/Documents/linkedin_learning/Ex_Files_Data_Engineering_Foundations/airflow_env/lib/python3.9/site-packages/airflow/example_dags/example_subdag_operator.py
[2022-03-17 19:13:44,583] {logging_mixin.py:109} INFO - [2022-03-17 19:13:44,583] {dag.py:2398} INFO - Sync 3 DAGs
[2022-03-17 19:13:44,590] {logging_mixin.py:109} INFO - [2022-03-17 19:13:44,590] {dag.py:2937} INFO - Setting next_dagrun for example_subdag_operator to 2022-03-15T00:00:00+00:00
[2022-03-17 19:13:44,591] {logging_mixin.py:109} INFO - [2022-03-17 19:13:44,591] {dag.py:2937} INFO - Setting next_dagrun for example_subdag_operator.section-1 to None
[2022-03-17 19:13:44,591] {logging_mixin.py:109} INFO - [2022-03-17 19:13:44,591] {dag.py:2937} INFO - Setting next_dagrun for example_subdag_operator.section-2 to None
[2022-03-17 19:13:44,594] {logging_mixin.py:109} INFO - [2022-03-17 19:13:44,594] {dag.py:2398} INFO - Sync 2 DAGs
[2022-03-17 19:13:44,599] {logging_mixin.py:109} INFO - [2022-03-17 19:13:44,598] {dag.py:2937} INFO - Setting next_dagrun for example_subdag_operator.section-1 to None
[2022-03-17 19:13:44,599] {logging_mixin.py:109} INFO - [2022-03-17 19:13:44,599] {dag.py:2937} INFO - Setting next_dagrun for example_subdag_operator.section-2 to None
[2022-03-17 19:13:44,604] {processor.py:171} INFO - Processing /Users/louisekirkham/Documents/linkedin_learning/Ex_Files_Data_Engineering_Foundations/airflow_env/lib/python3.9/site-packages/airflow/example_dags/example_subdag_operator.py took 0.078 seconds
