[2022-03-17 16:03:21,679] {processor.py:163} INFO - Started process (PID=44967) to work on /Users/louisekirkham/Documents/linkedin_learning/Ex_Files_Data_Engineering_Foundations/airflow_env/lib/python3.9/site-packages/airflow/example_dags/example_latest_only.py
[2022-03-17 16:03:21,679] {processor.py:642} INFO - Processing file /Users/louisekirkham/Documents/linkedin_learning/Ex_Files_Data_Engineering_Foundations/airflow_env/lib/python3.9/site-packages/airflow/example_dags/example_latest_only.py for tasks to queue
[2022-03-17 16:03:21,679] {logging_mixin.py:109} INFO - [2022-03-17 16:03:21,679] {dagbag.py:500} INFO - Filling up the DagBag from /Users/louisekirkham/Documents/linkedin_learning/Ex_Files_Data_Engineering_Foundations/airflow_env/lib/python3.9/site-packages/airflow/example_dags/example_latest_only.py
[2022-03-17 16:03:21,707] {processor.py:654} INFO - DAG(s) dict_keys(['latest_only']) retrieved from /Users/louisekirkham/Documents/linkedin_learning/Ex_Files_Data_Engineering_Foundations/airflow_env/lib/python3.9/site-packages/airflow/example_dags/example_latest_only.py
[2022-03-17 16:03:21,720] {logging_mixin.py:109} INFO - [2022-03-17 16:03:21,720] {dag.py:2398} INFO - Sync 1 DAGs
[2022-03-17 16:03:21,728] {logging_mixin.py:109} INFO - [2022-03-17 16:03:21,728] {dag.py:2937} INFO - Setting next_dagrun for latest_only to 2022-03-17T12:03:21.727937+00:00
[2022-03-17 16:03:21,734] {processor.py:171} INFO - Processing /Users/louisekirkham/Documents/linkedin_learning/Ex_Files_Data_Engineering_Foundations/airflow_env/lib/python3.9/site-packages/airflow/example_dags/example_latest_only.py took 0.056 seconds
[2022-03-17 16:34:59,235] {processor.py:163} INFO - Started process (PID=45126) to work on /Users/louisekirkham/Documents/linkedin_learning/Ex_Files_Data_Engineering_Foundations/airflow_env/lib/python3.9/site-packages/airflow/example_dags/example_latest_only.py
[2022-03-17 16:34:59,237] {processor.py:642} INFO - Processing file /Users/louisekirkham/Documents/linkedin_learning/Ex_Files_Data_Engineering_Foundations/airflow_env/lib/python3.9/site-packages/airflow/example_dags/example_latest_only.py for tasks to queue
[2022-03-17 16:34:59,237] {logging_mixin.py:109} INFO - [2022-03-17 16:34:59,237] {dagbag.py:500} INFO - Filling up the DagBag from /Users/louisekirkham/Documents/linkedin_learning/Ex_Files_Data_Engineering_Foundations/airflow_env/lib/python3.9/site-packages/airflow/example_dags/example_latest_only.py
[2022-03-17 16:34:59,264] {processor.py:654} INFO - DAG(s) dict_keys(['latest_only']) retrieved from /Users/louisekirkham/Documents/linkedin_learning/Ex_Files_Data_Engineering_Foundations/airflow_env/lib/python3.9/site-packages/airflow/example_dags/example_latest_only.py
[2022-03-17 16:34:59,276] {logging_mixin.py:109} INFO - [2022-03-17 16:34:59,276] {dag.py:2398} INFO - Sync 1 DAGs
[2022-03-17 16:34:59,284] {logging_mixin.py:109} INFO - [2022-03-17 16:34:59,284] {dag.py:2937} INFO - Setting next_dagrun for latest_only to 2022-03-17T12:34:59.283892+00:00
[2022-03-17 16:34:59,289] {processor.py:171} INFO - Processing /Users/louisekirkham/Documents/linkedin_learning/Ex_Files_Data_Engineering_Foundations/airflow_env/lib/python3.9/site-packages/airflow/example_dags/example_latest_only.py took 0.055 seconds
[2022-03-17 16:36:32,531] {processor.py:163} INFO - Started process (PID=45212) to work on /Users/louisekirkham/Documents/linkedin_learning/Ex_Files_Data_Engineering_Foundations/airflow_env/lib/python3.9/site-packages/airflow/example_dags/example_latest_only.py
[2022-03-17 16:36:32,532] {processor.py:642} INFO - Processing file /Users/louisekirkham/Documents/linkedin_learning/Ex_Files_Data_Engineering_Foundations/airflow_env/lib/python3.9/site-packages/airflow/example_dags/example_latest_only.py for tasks to queue
[2022-03-17 16:36:32,532] {logging_mixin.py:109} INFO - [2022-03-17 16:36:32,532] {dagbag.py:500} INFO - Filling up the DagBag from /Users/louisekirkham/Documents/linkedin_learning/Ex_Files_Data_Engineering_Foundations/airflow_env/lib/python3.9/site-packages/airflow/example_dags/example_latest_only.py
[2022-03-17 16:36:32,561] {processor.py:654} INFO - DAG(s) dict_keys(['latest_only']) retrieved from /Users/louisekirkham/Documents/linkedin_learning/Ex_Files_Data_Engineering_Foundations/airflow_env/lib/python3.9/site-packages/airflow/example_dags/example_latest_only.py
[2022-03-17 16:36:32,574] {logging_mixin.py:109} INFO - [2022-03-17 16:36:32,574] {dag.py:2398} INFO - Sync 1 DAGs
[2022-03-17 16:36:32,580] {logging_mixin.py:109} INFO - [2022-03-17 16:36:32,580] {dag.py:2937} INFO - Setting next_dagrun for latest_only to 2022-03-17T12:36:32.580764+00:00
[2022-03-17 16:36:32,587] {processor.py:171} INFO - Processing /Users/louisekirkham/Documents/linkedin_learning/Ex_Files_Data_Engineering_Foundations/airflow_env/lib/python3.9/site-packages/airflow/example_dags/example_latest_only.py took 0.056 seconds
[2022-03-17 16:37:53,195] {processor.py:163} INFO - Started process (PID=45284) to work on /Users/louisekirkham/Documents/linkedin_learning/Ex_Files_Data_Engineering_Foundations/airflow_env/lib/python3.9/site-packages/airflow/example_dags/example_latest_only.py
[2022-03-17 16:37:53,195] {processor.py:642} INFO - Processing file /Users/louisekirkham/Documents/linkedin_learning/Ex_Files_Data_Engineering_Foundations/airflow_env/lib/python3.9/site-packages/airflow/example_dags/example_latest_only.py for tasks to queue
[2022-03-17 16:37:53,196] {logging_mixin.py:109} INFO - [2022-03-17 16:37:53,196] {dagbag.py:500} INFO - Filling up the DagBag from /Users/louisekirkham/Documents/linkedin_learning/Ex_Files_Data_Engineering_Foundations/airflow_env/lib/python3.9/site-packages/airflow/example_dags/example_latest_only.py
[2022-03-17 16:37:53,221] {processor.py:654} INFO - DAG(s) dict_keys(['latest_only']) retrieved from /Users/louisekirkham/Documents/linkedin_learning/Ex_Files_Data_Engineering_Foundations/airflow_env/lib/python3.9/site-packages/airflow/example_dags/example_latest_only.py
[2022-03-17 16:37:53,235] {logging_mixin.py:109} INFO - [2022-03-17 16:37:53,234] {dag.py:2398} INFO - Sync 1 DAGs
[2022-03-17 16:37:53,242] {logging_mixin.py:109} INFO - [2022-03-17 16:37:53,242] {dag.py:2937} INFO - Setting next_dagrun for latest_only to 2022-03-17T12:37:53.242201+00:00
[2022-03-17 16:37:53,249] {processor.py:171} INFO - Processing /Users/louisekirkham/Documents/linkedin_learning/Ex_Files_Data_Engineering_Foundations/airflow_env/lib/python3.9/site-packages/airflow/example_dags/example_latest_only.py took 0.054 seconds
[2022-03-17 16:39:14,163] {processor.py:163} INFO - Started process (PID=45352) to work on /Users/louisekirkham/Documents/linkedin_learning/Ex_Files_Data_Engineering_Foundations/airflow_env/lib/python3.9/site-packages/airflow/example_dags/example_latest_only.py
[2022-03-17 16:39:14,163] {processor.py:642} INFO - Processing file /Users/louisekirkham/Documents/linkedin_learning/Ex_Files_Data_Engineering_Foundations/airflow_env/lib/python3.9/site-packages/airflow/example_dags/example_latest_only.py for tasks to queue
[2022-03-17 16:39:14,163] {logging_mixin.py:109} INFO - [2022-03-17 16:39:14,163] {dagbag.py:500} INFO - Filling up the DagBag from /Users/louisekirkham/Documents/linkedin_learning/Ex_Files_Data_Engineering_Foundations/airflow_env/lib/python3.9/site-packages/airflow/example_dags/example_latest_only.py
[2022-03-17 16:39:14,188] {processor.py:654} INFO - DAG(s) dict_keys(['latest_only']) retrieved from /Users/louisekirkham/Documents/linkedin_learning/Ex_Files_Data_Engineering_Foundations/airflow_env/lib/python3.9/site-packages/airflow/example_dags/example_latest_only.py
[2022-03-17 16:39:14,202] {logging_mixin.py:109} INFO - [2022-03-17 16:39:14,201] {dag.py:2398} INFO - Sync 1 DAGs
[2022-03-17 16:39:14,208] {logging_mixin.py:109} INFO - [2022-03-17 16:39:14,208] {dag.py:2937} INFO - Setting next_dagrun for latest_only to 2022-03-17T12:39:14.208301+00:00
[2022-03-17 16:39:14,215] {processor.py:171} INFO - Processing /Users/louisekirkham/Documents/linkedin_learning/Ex_Files_Data_Engineering_Foundations/airflow_env/lib/python3.9/site-packages/airflow/example_dags/example_latest_only.py took 0.053 seconds
[2022-03-17 16:40:34,647] {processor.py:163} INFO - Started process (PID=45411) to work on /Users/louisekirkham/Documents/linkedin_learning/Ex_Files_Data_Engineering_Foundations/airflow_env/lib/python3.9/site-packages/airflow/example_dags/example_latest_only.py
[2022-03-17 16:40:34,648] {processor.py:642} INFO - Processing file /Users/louisekirkham/Documents/linkedin_learning/Ex_Files_Data_Engineering_Foundations/airflow_env/lib/python3.9/site-packages/airflow/example_dags/example_latest_only.py for tasks to queue
[2022-03-17 16:40:34,648] {logging_mixin.py:109} INFO - [2022-03-17 16:40:34,648] {dagbag.py:500} INFO - Filling up the DagBag from /Users/louisekirkham/Documents/linkedin_learning/Ex_Files_Data_Engineering_Foundations/airflow_env/lib/python3.9/site-packages/airflow/example_dags/example_latest_only.py
[2022-03-17 16:40:34,680] {processor.py:654} INFO - DAG(s) dict_keys(['latest_only']) retrieved from /Users/louisekirkham/Documents/linkedin_learning/Ex_Files_Data_Engineering_Foundations/airflow_env/lib/python3.9/site-packages/airflow/example_dags/example_latest_only.py
[2022-03-17 16:40:34,694] {logging_mixin.py:109} INFO - [2022-03-17 16:40:34,694] {dag.py:2398} INFO - Sync 1 DAGs
[2022-03-17 16:40:34,702] {logging_mixin.py:109} INFO - [2022-03-17 16:40:34,702] {dag.py:2937} INFO - Setting next_dagrun for latest_only to 2022-03-17T12:40:34.702120+00:00
[2022-03-17 16:40:34,709] {processor.py:171} INFO - Processing /Users/louisekirkham/Documents/linkedin_learning/Ex_Files_Data_Engineering_Foundations/airflow_env/lib/python3.9/site-packages/airflow/example_dags/example_latest_only.py took 0.062 seconds
[2022-03-17 16:41:54,875] {processor.py:163} INFO - Started process (PID=45469) to work on /Users/louisekirkham/Documents/linkedin_learning/Ex_Files_Data_Engineering_Foundations/airflow_env/lib/python3.9/site-packages/airflow/example_dags/example_latest_only.py
[2022-03-17 16:41:54,875] {processor.py:642} INFO - Processing file /Users/louisekirkham/Documents/linkedin_learning/Ex_Files_Data_Engineering_Foundations/airflow_env/lib/python3.9/site-packages/airflow/example_dags/example_latest_only.py for tasks to queue
[2022-03-17 16:41:54,875] {logging_mixin.py:109} INFO - [2022-03-17 16:41:54,875] {dagbag.py:500} INFO - Filling up the DagBag from /Users/louisekirkham/Documents/linkedin_learning/Ex_Files_Data_Engineering_Foundations/airflow_env/lib/python3.9/site-packages/airflow/example_dags/example_latest_only.py
[2022-03-17 16:41:54,900] {processor.py:654} INFO - DAG(s) dict_keys(['latest_only']) retrieved from /Users/louisekirkham/Documents/linkedin_learning/Ex_Files_Data_Engineering_Foundations/airflow_env/lib/python3.9/site-packages/airflow/example_dags/example_latest_only.py
[2022-03-17 16:41:54,913] {logging_mixin.py:109} INFO - [2022-03-17 16:41:54,913] {dag.py:2398} INFO - Sync 1 DAGs
[2022-03-17 16:41:54,919] {logging_mixin.py:109} INFO - [2022-03-17 16:41:54,919] {dag.py:2937} INFO - Setting next_dagrun for latest_only to 2022-03-17T12:41:54.919792+00:00
[2022-03-17 16:41:54,926] {processor.py:171} INFO - Processing /Users/louisekirkham/Documents/linkedin_learning/Ex_Files_Data_Engineering_Foundations/airflow_env/lib/python3.9/site-packages/airflow/example_dags/example_latest_only.py took 0.052 seconds
[2022-03-17 16:43:17,411] {processor.py:163} INFO - Started process (PID=45562) to work on /Users/louisekirkham/Documents/linkedin_learning/Ex_Files_Data_Engineering_Foundations/airflow_env/lib/python3.9/site-packages/airflow/example_dags/example_latest_only.py
[2022-03-17 16:43:17,411] {processor.py:642} INFO - Processing file /Users/louisekirkham/Documents/linkedin_learning/Ex_Files_Data_Engineering_Foundations/airflow_env/lib/python3.9/site-packages/airflow/example_dags/example_latest_only.py for tasks to queue
[2022-03-17 16:43:17,411] {logging_mixin.py:109} INFO - [2022-03-17 16:43:17,411] {dagbag.py:500} INFO - Filling up the DagBag from /Users/louisekirkham/Documents/linkedin_learning/Ex_Files_Data_Engineering_Foundations/airflow_env/lib/python3.9/site-packages/airflow/example_dags/example_latest_only.py
[2022-03-17 16:43:17,440] {processor.py:654} INFO - DAG(s) dict_keys(['latest_only']) retrieved from /Users/louisekirkham/Documents/linkedin_learning/Ex_Files_Data_Engineering_Foundations/airflow_env/lib/python3.9/site-packages/airflow/example_dags/example_latest_only.py
[2022-03-17 16:43:17,453] {logging_mixin.py:109} INFO - [2022-03-17 16:43:17,453] {dag.py:2398} INFO - Sync 1 DAGs
[2022-03-17 16:43:17,461] {logging_mixin.py:109} INFO - [2022-03-17 16:43:17,460] {dag.py:2937} INFO - Setting next_dagrun for latest_only to 2022-03-17T12:43:17.460865+00:00
[2022-03-17 16:43:17,468] {processor.py:171} INFO - Processing /Users/louisekirkham/Documents/linkedin_learning/Ex_Files_Data_Engineering_Foundations/airflow_env/lib/python3.9/site-packages/airflow/example_dags/example_latest_only.py took 0.058 seconds
[2022-03-17 16:44:38,416] {processor.py:163} INFO - Started process (PID=45633) to work on /Users/louisekirkham/Documents/linkedin_learning/Ex_Files_Data_Engineering_Foundations/airflow_env/lib/python3.9/site-packages/airflow/example_dags/example_latest_only.py
[2022-03-17 16:44:38,416] {processor.py:642} INFO - Processing file /Users/louisekirkham/Documents/linkedin_learning/Ex_Files_Data_Engineering_Foundations/airflow_env/lib/python3.9/site-packages/airflow/example_dags/example_latest_only.py for tasks to queue
[2022-03-17 16:44:38,417] {logging_mixin.py:109} INFO - [2022-03-17 16:44:38,417] {dagbag.py:500} INFO - Filling up the DagBag from /Users/louisekirkham/Documents/linkedin_learning/Ex_Files_Data_Engineering_Foundations/airflow_env/lib/python3.9/site-packages/airflow/example_dags/example_latest_only.py
[2022-03-17 16:44:38,444] {processor.py:654} INFO - DAG(s) dict_keys(['latest_only']) retrieved from /Users/louisekirkham/Documents/linkedin_learning/Ex_Files_Data_Engineering_Foundations/airflow_env/lib/python3.9/site-packages/airflow/example_dags/example_latest_only.py
[2022-03-17 16:44:38,457] {logging_mixin.py:109} INFO - [2022-03-17 16:44:38,457] {dag.py:2398} INFO - Sync 1 DAGs
[2022-03-17 16:44:38,464] {logging_mixin.py:109} INFO - [2022-03-17 16:44:38,464] {dag.py:2937} INFO - Setting next_dagrun for latest_only to 2022-03-17T12:44:38.464344+00:00
[2022-03-17 16:44:38,470] {processor.py:171} INFO - Processing /Users/louisekirkham/Documents/linkedin_learning/Ex_Files_Data_Engineering_Foundations/airflow_env/lib/python3.9/site-packages/airflow/example_dags/example_latest_only.py took 0.055 seconds
[2022-03-17 17:06:50,681] {processor.py:163} INFO - Started process (PID=45801) to work on /Users/louisekirkham/Documents/linkedin_learning/Ex_Files_Data_Engineering_Foundations/airflow_env/lib/python3.9/site-packages/airflow/example_dags/example_latest_only.py
[2022-03-17 17:06:50,681] {processor.py:642} INFO - Processing file /Users/louisekirkham/Documents/linkedin_learning/Ex_Files_Data_Engineering_Foundations/airflow_env/lib/python3.9/site-packages/airflow/example_dags/example_latest_only.py for tasks to queue
[2022-03-17 17:06:50,682] {logging_mixin.py:109} INFO - [2022-03-17 17:06:50,682] {dagbag.py:500} INFO - Filling up the DagBag from /Users/louisekirkham/Documents/linkedin_learning/Ex_Files_Data_Engineering_Foundations/airflow_env/lib/python3.9/site-packages/airflow/example_dags/example_latest_only.py
[2022-03-17 17:06:50,712] {processor.py:654} INFO - DAG(s) dict_keys(['latest_only']) retrieved from /Users/louisekirkham/Documents/linkedin_learning/Ex_Files_Data_Engineering_Foundations/airflow_env/lib/python3.9/site-packages/airflow/example_dags/example_latest_only.py
[2022-03-17 17:06:50,725] {logging_mixin.py:109} INFO - [2022-03-17 17:06:50,725] {dag.py:2398} INFO - Sync 1 DAGs
[2022-03-17 17:06:50,733] {logging_mixin.py:109} INFO - [2022-03-17 17:06:50,733] {dag.py:2937} INFO - Setting next_dagrun for latest_only to 2022-03-17T13:06:50.733454+00:00
[2022-03-17 17:06:50,741] {processor.py:171} INFO - Processing /Users/louisekirkham/Documents/linkedin_learning/Ex_Files_Data_Engineering_Foundations/airflow_env/lib/python3.9/site-packages/airflow/example_dags/example_latest_only.py took 0.061 seconds
[2022-03-17 17:08:25,422] {processor.py:163} INFO - Started process (PID=45873) to work on /Users/louisekirkham/Documents/linkedin_learning/Ex_Files_Data_Engineering_Foundations/airflow_env/lib/python3.9/site-packages/airflow/example_dags/example_latest_only.py
[2022-03-17 17:08:25,423] {processor.py:642} INFO - Processing file /Users/louisekirkham/Documents/linkedin_learning/Ex_Files_Data_Engineering_Foundations/airflow_env/lib/python3.9/site-packages/airflow/example_dags/example_latest_only.py for tasks to queue
[2022-03-17 17:08:25,424] {logging_mixin.py:109} INFO - [2022-03-17 17:08:25,423] {dagbag.py:500} INFO - Filling up the DagBag from /Users/louisekirkham/Documents/linkedin_learning/Ex_Files_Data_Engineering_Foundations/airflow_env/lib/python3.9/site-packages/airflow/example_dags/example_latest_only.py
[2022-03-17 17:08:25,452] {processor.py:654} INFO - DAG(s) dict_keys(['latest_only']) retrieved from /Users/louisekirkham/Documents/linkedin_learning/Ex_Files_Data_Engineering_Foundations/airflow_env/lib/python3.9/site-packages/airflow/example_dags/example_latest_only.py
[2022-03-17 17:08:25,466] {logging_mixin.py:109} INFO - [2022-03-17 17:08:25,466] {dag.py:2398} INFO - Sync 1 DAGs
[2022-03-17 17:08:25,474] {logging_mixin.py:109} INFO - [2022-03-17 17:08:25,474] {dag.py:2937} INFO - Setting next_dagrun for latest_only to 2022-03-17T13:08:25.473850+00:00
[2022-03-17 17:08:25,482] {processor.py:171} INFO - Processing /Users/louisekirkham/Documents/linkedin_learning/Ex_Files_Data_Engineering_Foundations/airflow_env/lib/python3.9/site-packages/airflow/example_dags/example_latest_only.py took 0.061 seconds
[2022-03-17 17:09:51,031] {processor.py:163} INFO - Started process (PID=45944) to work on /Users/louisekirkham/Documents/linkedin_learning/Ex_Files_Data_Engineering_Foundations/airflow_env/lib/python3.9/site-packages/airflow/example_dags/example_latest_only.py
[2022-03-17 17:09:51,032] {processor.py:642} INFO - Processing file /Users/louisekirkham/Documents/linkedin_learning/Ex_Files_Data_Engineering_Foundations/airflow_env/lib/python3.9/site-packages/airflow/example_dags/example_latest_only.py for tasks to queue
[2022-03-17 17:09:51,032] {logging_mixin.py:109} INFO - [2022-03-17 17:09:51,032] {dagbag.py:500} INFO - Filling up the DagBag from /Users/louisekirkham/Documents/linkedin_learning/Ex_Files_Data_Engineering_Foundations/airflow_env/lib/python3.9/site-packages/airflow/example_dags/example_latest_only.py
[2022-03-17 17:09:51,058] {processor.py:654} INFO - DAG(s) dict_keys(['latest_only']) retrieved from /Users/louisekirkham/Documents/linkedin_learning/Ex_Files_Data_Engineering_Foundations/airflow_env/lib/python3.9/site-packages/airflow/example_dags/example_latest_only.py
[2022-03-17 17:09:51,071] {logging_mixin.py:109} INFO - [2022-03-17 17:09:51,070] {dag.py:2398} INFO - Sync 1 DAGs
[2022-03-17 17:09:51,077] {logging_mixin.py:109} INFO - [2022-03-17 17:09:51,077] {dag.py:2937} INFO - Setting next_dagrun for latest_only to 2022-03-17T13:09:51.077727+00:00
[2022-03-17 17:09:51,083] {processor.py:171} INFO - Processing /Users/louisekirkham/Documents/linkedin_learning/Ex_Files_Data_Engineering_Foundations/airflow_env/lib/python3.9/site-packages/airflow/example_dags/example_latest_only.py took 0.054 seconds
[2022-03-17 17:11:11,590] {processor.py:163} INFO - Started process (PID=46000) to work on /Users/louisekirkham/Documents/linkedin_learning/Ex_Files_Data_Engineering_Foundations/airflow_env/lib/python3.9/site-packages/airflow/example_dags/example_latest_only.py
[2022-03-17 17:11:11,591] {processor.py:642} INFO - Processing file /Users/louisekirkham/Documents/linkedin_learning/Ex_Files_Data_Engineering_Foundations/airflow_env/lib/python3.9/site-packages/airflow/example_dags/example_latest_only.py for tasks to queue
[2022-03-17 17:11:11,591] {logging_mixin.py:109} INFO - [2022-03-17 17:11:11,591] {dagbag.py:500} INFO - Filling up the DagBag from /Users/louisekirkham/Documents/linkedin_learning/Ex_Files_Data_Engineering_Foundations/airflow_env/lib/python3.9/site-packages/airflow/example_dags/example_latest_only.py
[2022-03-17 17:11:11,616] {processor.py:654} INFO - DAG(s) dict_keys(['latest_only']) retrieved from /Users/louisekirkham/Documents/linkedin_learning/Ex_Files_Data_Engineering_Foundations/airflow_env/lib/python3.9/site-packages/airflow/example_dags/example_latest_only.py
[2022-03-17 17:11:11,628] {logging_mixin.py:109} INFO - [2022-03-17 17:11:11,628] {dag.py:2398} INFO - Sync 1 DAGs
[2022-03-17 17:11:11,635] {logging_mixin.py:109} INFO - [2022-03-17 17:11:11,635] {dag.py:2937} INFO - Setting next_dagrun for latest_only to 2022-03-17T13:11:11.635006+00:00
[2022-03-17 17:11:11,641] {processor.py:171} INFO - Processing /Users/louisekirkham/Documents/linkedin_learning/Ex_Files_Data_Engineering_Foundations/airflow_env/lib/python3.9/site-packages/airflow/example_dags/example_latest_only.py took 0.051 seconds
[2022-03-17 19:14:00,537] {processor.py:163} INFO - Started process (PID=46156) to work on /Users/louisekirkham/Documents/linkedin_learning/Ex_Files_Data_Engineering_Foundations/airflow_env/lib/python3.9/site-packages/airflow/example_dags/example_latest_only.py
[2022-03-17 19:14:00,538] {processor.py:642} INFO - Processing file /Users/louisekirkham/Documents/linkedin_learning/Ex_Files_Data_Engineering_Foundations/airflow_env/lib/python3.9/site-packages/airflow/example_dags/example_latest_only.py for tasks to queue
[2022-03-17 19:14:00,538] {logging_mixin.py:109} INFO - [2022-03-17 19:14:00,538] {dagbag.py:500} INFO - Filling up the DagBag from /Users/louisekirkham/Documents/linkedin_learning/Ex_Files_Data_Engineering_Foundations/airflow_env/lib/python3.9/site-packages/airflow/example_dags/example_latest_only.py
[2022-03-17 19:14:00,564] {processor.py:654} INFO - DAG(s) dict_keys(['latest_only']) retrieved from /Users/louisekirkham/Documents/linkedin_learning/Ex_Files_Data_Engineering_Foundations/airflow_env/lib/python3.9/site-packages/airflow/example_dags/example_latest_only.py
[2022-03-17 19:14:00,576] {logging_mixin.py:109} INFO - [2022-03-17 19:14:00,576] {dag.py:2398} INFO - Sync 1 DAGs
[2022-03-17 19:14:00,583] {logging_mixin.py:109} INFO - [2022-03-17 19:14:00,583] {dag.py:2937} INFO - Setting next_dagrun for latest_only to 2022-03-17T15:14:00.583173+00:00
[2022-03-17 19:14:00,589] {processor.py:171} INFO - Processing /Users/louisekirkham/Documents/linkedin_learning/Ex_Files_Data_Engineering_Foundations/airflow_env/lib/python3.9/site-packages/airflow/example_dags/example_latest_only.py took 0.053 seconds
