[2022-03-17 16:03:03,399] {processor.py:163} INFO - Started process (PID=44949) to work on /Users/louisekirkham/Documents/linkedin_learning/Ex_Files_Data_Engineering_Foundations/airflow_env/lib/python3.9/site-packages/airflow/example_dags/example_task_group.py
[2022-03-17 16:03:03,400] {processor.py:642} INFO - Processing file /Users/louisekirkham/Documents/linkedin_learning/Ex_Files_Data_Engineering_Foundations/airflow_env/lib/python3.9/site-packages/airflow/example_dags/example_task_group.py for tasks to queue
[2022-03-17 16:03:03,400] {logging_mixin.py:109} INFO - [2022-03-17 16:03:03,400] {dagbag.py:500} INFO - Filling up the DagBag from /Users/louisekirkham/Documents/linkedin_learning/Ex_Files_Data_Engineering_Foundations/airflow_env/lib/python3.9/site-packages/airflow/example_dags/example_task_group.py
[2022-03-17 16:03:03,428] {processor.py:654} INFO - DAG(s) dict_keys(['example_task_group']) retrieved from /Users/louisekirkham/Documents/linkedin_learning/Ex_Files_Data_Engineering_Foundations/airflow_env/lib/python3.9/site-packages/airflow/example_dags/example_task_group.py
[2022-03-17 16:03:03,441] {logging_mixin.py:109} INFO - [2022-03-17 16:03:03,441] {dag.py:2398} INFO - Sync 1 DAGs
[2022-03-17 16:03:03,448] {logging_mixin.py:109} INFO - [2022-03-17 16:03:03,448] {dag.py:2937} INFO - Setting next_dagrun for example_task_group to 2022-03-16T16:03:03.448328+00:00
[2022-03-17 16:03:03,455] {processor.py:171} INFO - Processing /Users/louisekirkham/Documents/linkedin_learning/Ex_Files_Data_Engineering_Foundations/airflow_env/lib/python3.9/site-packages/airflow/example_dags/example_task_group.py took 0.057 seconds
[2022-03-17 16:34:40,953] {processor.py:163} INFO - Started process (PID=45094) to work on /Users/louisekirkham/Documents/linkedin_learning/Ex_Files_Data_Engineering_Foundations/airflow_env/lib/python3.9/site-packages/airflow/example_dags/example_task_group.py
[2022-03-17 16:34:40,955] {processor.py:642} INFO - Processing file /Users/louisekirkham/Documents/linkedin_learning/Ex_Files_Data_Engineering_Foundations/airflow_env/lib/python3.9/site-packages/airflow/example_dags/example_task_group.py for tasks to queue
[2022-03-17 16:34:40,955] {logging_mixin.py:109} INFO - [2022-03-17 16:34:40,955] {dagbag.py:500} INFO - Filling up the DagBag from /Users/louisekirkham/Documents/linkedin_learning/Ex_Files_Data_Engineering_Foundations/airflow_env/lib/python3.9/site-packages/airflow/example_dags/example_task_group.py
[2022-03-17 16:34:40,987] {processor.py:654} INFO - DAG(s) dict_keys(['example_task_group']) retrieved from /Users/louisekirkham/Documents/linkedin_learning/Ex_Files_Data_Engineering_Foundations/airflow_env/lib/python3.9/site-packages/airflow/example_dags/example_task_group.py
[2022-03-17 16:34:41,001] {logging_mixin.py:109} INFO - [2022-03-17 16:34:41,000] {dag.py:2398} INFO - Sync 1 DAGs
[2022-03-17 16:34:41,008] {logging_mixin.py:109} INFO - [2022-03-17 16:34:41,008] {dag.py:2937} INFO - Setting next_dagrun for example_task_group to 2022-03-16T16:34:41.008237+00:00
[2022-03-17 16:34:41,014] {processor.py:171} INFO - Processing /Users/louisekirkham/Documents/linkedin_learning/Ex_Files_Data_Engineering_Foundations/airflow_env/lib/python3.9/site-packages/airflow/example_dags/example_task_group.py took 0.061 seconds
[2022-03-17 16:36:14,173] {processor.py:163} INFO - Started process (PID=45200) to work on /Users/louisekirkham/Documents/linkedin_learning/Ex_Files_Data_Engineering_Foundations/airflow_env/lib/python3.9/site-packages/airflow/example_dags/example_task_group.py
[2022-03-17 16:36:14,174] {processor.py:642} INFO - Processing file /Users/louisekirkham/Documents/linkedin_learning/Ex_Files_Data_Engineering_Foundations/airflow_env/lib/python3.9/site-packages/airflow/example_dags/example_task_group.py for tasks to queue
[2022-03-17 16:36:14,174] {logging_mixin.py:109} INFO - [2022-03-17 16:36:14,174] {dagbag.py:500} INFO - Filling up the DagBag from /Users/louisekirkham/Documents/linkedin_learning/Ex_Files_Data_Engineering_Foundations/airflow_env/lib/python3.9/site-packages/airflow/example_dags/example_task_group.py
[2022-03-17 16:36:14,202] {processor.py:654} INFO - DAG(s) dict_keys(['example_task_group']) retrieved from /Users/louisekirkham/Documents/linkedin_learning/Ex_Files_Data_Engineering_Foundations/airflow_env/lib/python3.9/site-packages/airflow/example_dags/example_task_group.py
[2022-03-17 16:36:14,216] {logging_mixin.py:109} INFO - [2022-03-17 16:36:14,216] {dag.py:2398} INFO - Sync 1 DAGs
[2022-03-17 16:36:14,222] {logging_mixin.py:109} INFO - [2022-03-17 16:36:14,222] {dag.py:2937} INFO - Setting next_dagrun for example_task_group to 2022-03-16T16:36:14.222312+00:00
[2022-03-17 16:36:14,229] {processor.py:171} INFO - Processing /Users/louisekirkham/Documents/linkedin_learning/Ex_Files_Data_Engineering_Foundations/airflow_env/lib/python3.9/site-packages/airflow/example_dags/example_task_group.py took 0.056 seconds
[2022-03-17 16:37:35,318] {processor.py:163} INFO - Started process (PID=45272) to work on /Users/louisekirkham/Documents/linkedin_learning/Ex_Files_Data_Engineering_Foundations/airflow_env/lib/python3.9/site-packages/airflow/example_dags/example_task_group.py
[2022-03-17 16:37:35,318] {processor.py:642} INFO - Processing file /Users/louisekirkham/Documents/linkedin_learning/Ex_Files_Data_Engineering_Foundations/airflow_env/lib/python3.9/site-packages/airflow/example_dags/example_task_group.py for tasks to queue
[2022-03-17 16:37:35,318] {logging_mixin.py:109} INFO - [2022-03-17 16:37:35,318] {dagbag.py:500} INFO - Filling up the DagBag from /Users/louisekirkham/Documents/linkedin_learning/Ex_Files_Data_Engineering_Foundations/airflow_env/lib/python3.9/site-packages/airflow/example_dags/example_task_group.py
[2022-03-17 16:37:35,347] {processor.py:654} INFO - DAG(s) dict_keys(['example_task_group']) retrieved from /Users/louisekirkham/Documents/linkedin_learning/Ex_Files_Data_Engineering_Foundations/airflow_env/lib/python3.9/site-packages/airflow/example_dags/example_task_group.py
[2022-03-17 16:37:35,361] {logging_mixin.py:109} INFO - [2022-03-17 16:37:35,361] {dag.py:2398} INFO - Sync 1 DAGs
[2022-03-17 16:37:35,368] {logging_mixin.py:109} INFO - [2022-03-17 16:37:35,368] {dag.py:2937} INFO - Setting next_dagrun for example_task_group to 2022-03-16T16:37:35.367956+00:00
[2022-03-17 16:37:35,375] {processor.py:171} INFO - Processing /Users/louisekirkham/Documents/linkedin_learning/Ex_Files_Data_Engineering_Foundations/airflow_env/lib/python3.9/site-packages/airflow/example_dags/example_task_group.py took 0.058 seconds
[2022-03-17 16:38:56,443] {processor.py:163} INFO - Started process (PID=45339) to work on /Users/louisekirkham/Documents/linkedin_learning/Ex_Files_Data_Engineering_Foundations/airflow_env/lib/python3.9/site-packages/airflow/example_dags/example_task_group.py
[2022-03-17 16:38:56,443] {processor.py:642} INFO - Processing file /Users/louisekirkham/Documents/linkedin_learning/Ex_Files_Data_Engineering_Foundations/airflow_env/lib/python3.9/site-packages/airflow/example_dags/example_task_group.py for tasks to queue
[2022-03-17 16:38:56,443] {logging_mixin.py:109} INFO - [2022-03-17 16:38:56,443] {dagbag.py:500} INFO - Filling up the DagBag from /Users/louisekirkham/Documents/linkedin_learning/Ex_Files_Data_Engineering_Foundations/airflow_env/lib/python3.9/site-packages/airflow/example_dags/example_task_group.py
[2022-03-17 16:38:56,470] {processor.py:654} INFO - DAG(s) dict_keys(['example_task_group']) retrieved from /Users/louisekirkham/Documents/linkedin_learning/Ex_Files_Data_Engineering_Foundations/airflow_env/lib/python3.9/site-packages/airflow/example_dags/example_task_group.py
[2022-03-17 16:38:56,484] {logging_mixin.py:109} INFO - [2022-03-17 16:38:56,484] {dag.py:2398} INFO - Sync 1 DAGs
[2022-03-17 16:38:56,490] {logging_mixin.py:109} INFO - [2022-03-17 16:38:56,490] {dag.py:2937} INFO - Setting next_dagrun for example_task_group to 2022-03-16T16:38:56.490382+00:00
[2022-03-17 16:38:56,497] {processor.py:171} INFO - Processing /Users/louisekirkham/Documents/linkedin_learning/Ex_Files_Data_Engineering_Foundations/airflow_env/lib/python3.9/site-packages/airflow/example_dags/example_task_group.py took 0.055 seconds
[2022-03-17 16:40:17,147] {processor.py:163} INFO - Started process (PID=45402) to work on /Users/louisekirkham/Documents/linkedin_learning/Ex_Files_Data_Engineering_Foundations/airflow_env/lib/python3.9/site-packages/airflow/example_dags/example_task_group.py
[2022-03-17 16:40:17,148] {processor.py:642} INFO - Processing file /Users/louisekirkham/Documents/linkedin_learning/Ex_Files_Data_Engineering_Foundations/airflow_env/lib/python3.9/site-packages/airflow/example_dags/example_task_group.py for tasks to queue
[2022-03-17 16:40:17,148] {logging_mixin.py:109} INFO - [2022-03-17 16:40:17,148] {dagbag.py:500} INFO - Filling up the DagBag from /Users/louisekirkham/Documents/linkedin_learning/Ex_Files_Data_Engineering_Foundations/airflow_env/lib/python3.9/site-packages/airflow/example_dags/example_task_group.py
[2022-03-17 16:40:17,175] {processor.py:654} INFO - DAG(s) dict_keys(['example_task_group']) retrieved from /Users/louisekirkham/Documents/linkedin_learning/Ex_Files_Data_Engineering_Foundations/airflow_env/lib/python3.9/site-packages/airflow/example_dags/example_task_group.py
[2022-03-17 16:40:17,189] {logging_mixin.py:109} INFO - [2022-03-17 16:40:17,189] {dag.py:2398} INFO - Sync 1 DAGs
[2022-03-17 16:40:17,196] {logging_mixin.py:109} INFO - [2022-03-17 16:40:17,196] {dag.py:2937} INFO - Setting next_dagrun for example_task_group to 2022-03-16T16:40:17.196200+00:00
[2022-03-17 16:40:17,203] {processor.py:171} INFO - Processing /Users/louisekirkham/Documents/linkedin_learning/Ex_Files_Data_Engineering_Foundations/airflow_env/lib/python3.9/site-packages/airflow/example_dags/example_task_group.py took 0.056 seconds
[2022-03-17 16:41:37,128] {processor.py:163} INFO - Started process (PID=45460) to work on /Users/louisekirkham/Documents/linkedin_learning/Ex_Files_Data_Engineering_Foundations/airflow_env/lib/python3.9/site-packages/airflow/example_dags/example_task_group.py
[2022-03-17 16:41:37,128] {processor.py:642} INFO - Processing file /Users/louisekirkham/Documents/linkedin_learning/Ex_Files_Data_Engineering_Foundations/airflow_env/lib/python3.9/site-packages/airflow/example_dags/example_task_group.py for tasks to queue
[2022-03-17 16:41:37,128] {logging_mixin.py:109} INFO - [2022-03-17 16:41:37,128] {dagbag.py:500} INFO - Filling up the DagBag from /Users/louisekirkham/Documents/linkedin_learning/Ex_Files_Data_Engineering_Foundations/airflow_env/lib/python3.9/site-packages/airflow/example_dags/example_task_group.py
[2022-03-17 16:41:37,156] {processor.py:654} INFO - DAG(s) dict_keys(['example_task_group']) retrieved from /Users/louisekirkham/Documents/linkedin_learning/Ex_Files_Data_Engineering_Foundations/airflow_env/lib/python3.9/site-packages/airflow/example_dags/example_task_group.py
[2022-03-17 16:41:37,171] {logging_mixin.py:109} INFO - [2022-03-17 16:41:37,171] {dag.py:2398} INFO - Sync 1 DAGs
[2022-03-17 16:41:37,178] {logging_mixin.py:109} INFO - [2022-03-17 16:41:37,178] {dag.py:2937} INFO - Setting next_dagrun for example_task_group to 2022-03-16T16:41:37.178286+00:00
[2022-03-17 16:41:37,185] {processor.py:171} INFO - Processing /Users/louisekirkham/Documents/linkedin_learning/Ex_Files_Data_Engineering_Foundations/airflow_env/lib/python3.9/site-packages/airflow/example_dags/example_task_group.py took 0.058 seconds
[2022-03-17 16:42:58,900] {processor.py:163} INFO - Started process (PID=45547) to work on /Users/louisekirkham/Documents/linkedin_learning/Ex_Files_Data_Engineering_Foundations/airflow_env/lib/python3.9/site-packages/airflow/example_dags/example_task_group.py
[2022-03-17 16:42:58,901] {processor.py:642} INFO - Processing file /Users/louisekirkham/Documents/linkedin_learning/Ex_Files_Data_Engineering_Foundations/airflow_env/lib/python3.9/site-packages/airflow/example_dags/example_task_group.py for tasks to queue
[2022-03-17 16:42:58,901] {logging_mixin.py:109} INFO - [2022-03-17 16:42:58,901] {dagbag.py:500} INFO - Filling up the DagBag from /Users/louisekirkham/Documents/linkedin_learning/Ex_Files_Data_Engineering_Foundations/airflow_env/lib/python3.9/site-packages/airflow/example_dags/example_task_group.py
[2022-03-17 16:42:58,934] {processor.py:654} INFO - DAG(s) dict_keys(['example_task_group']) retrieved from /Users/louisekirkham/Documents/linkedin_learning/Ex_Files_Data_Engineering_Foundations/airflow_env/lib/python3.9/site-packages/airflow/example_dags/example_task_group.py
[2022-03-17 16:42:58,953] {logging_mixin.py:109} INFO - [2022-03-17 16:42:58,953] {dag.py:2398} INFO - Sync 1 DAGs
[2022-03-17 16:42:58,961] {logging_mixin.py:109} INFO - [2022-03-17 16:42:58,961] {dag.py:2937} INFO - Setting next_dagrun for example_task_group to 2022-03-16T16:42:58.961140+00:00
[2022-03-17 16:42:58,969] {processor.py:171} INFO - Processing /Users/louisekirkham/Documents/linkedin_learning/Ex_Files_Data_Engineering_Foundations/airflow_env/lib/python3.9/site-packages/airflow/example_dags/example_task_group.py took 0.069 seconds
[2022-03-17 16:44:20,261] {processor.py:163} INFO - Started process (PID=45619) to work on /Users/louisekirkham/Documents/linkedin_learning/Ex_Files_Data_Engineering_Foundations/airflow_env/lib/python3.9/site-packages/airflow/example_dags/example_task_group.py
[2022-03-17 16:44:20,262] {processor.py:642} INFO - Processing file /Users/louisekirkham/Documents/linkedin_learning/Ex_Files_Data_Engineering_Foundations/airflow_env/lib/python3.9/site-packages/airflow/example_dags/example_task_group.py for tasks to queue
[2022-03-17 16:44:20,262] {logging_mixin.py:109} INFO - [2022-03-17 16:44:20,262] {dagbag.py:500} INFO - Filling up the DagBag from /Users/louisekirkham/Documents/linkedin_learning/Ex_Files_Data_Engineering_Foundations/airflow_env/lib/python3.9/site-packages/airflow/example_dags/example_task_group.py
[2022-03-17 16:44:20,294] {processor.py:654} INFO - DAG(s) dict_keys(['example_task_group']) retrieved from /Users/louisekirkham/Documents/linkedin_learning/Ex_Files_Data_Engineering_Foundations/airflow_env/lib/python3.9/site-packages/airflow/example_dags/example_task_group.py
[2022-03-17 16:44:20,309] {logging_mixin.py:109} INFO - [2022-03-17 16:44:20,309] {dag.py:2398} INFO - Sync 1 DAGs
[2022-03-17 16:44:20,317] {logging_mixin.py:109} INFO - [2022-03-17 16:44:20,317] {dag.py:2937} INFO - Setting next_dagrun for example_task_group to 2022-03-16T16:44:20.317032+00:00
[2022-03-17 16:44:20,323] {processor.py:171} INFO - Processing /Users/louisekirkham/Documents/linkedin_learning/Ex_Files_Data_Engineering_Foundations/airflow_env/lib/python3.9/site-packages/airflow/example_dags/example_task_group.py took 0.062 seconds
[2022-03-17 16:56:14,112] {processor.py:163} INFO - Started process (PID=45721) to work on /Users/louisekirkham/Documents/linkedin_learning/Ex_Files_Data_Engineering_Foundations/airflow_env/lib/python3.9/site-packages/airflow/example_dags/example_task_group.py
[2022-03-17 16:56:14,114] {processor.py:642} INFO - Processing file /Users/louisekirkham/Documents/linkedin_learning/Ex_Files_Data_Engineering_Foundations/airflow_env/lib/python3.9/site-packages/airflow/example_dags/example_task_group.py for tasks to queue
[2022-03-17 16:56:14,114] {logging_mixin.py:109} INFO - [2022-03-17 16:56:14,114] {dagbag.py:500} INFO - Filling up the DagBag from /Users/louisekirkham/Documents/linkedin_learning/Ex_Files_Data_Engineering_Foundations/airflow_env/lib/python3.9/site-packages/airflow/example_dags/example_task_group.py
[2022-03-17 16:56:14,143] {processor.py:654} INFO - DAG(s) dict_keys(['example_task_group']) retrieved from /Users/louisekirkham/Documents/linkedin_learning/Ex_Files_Data_Engineering_Foundations/airflow_env/lib/python3.9/site-packages/airflow/example_dags/example_task_group.py
[2022-03-17 16:56:14,158] {logging_mixin.py:109} INFO - [2022-03-17 16:56:14,158] {dag.py:2398} INFO - Sync 1 DAGs
[2022-03-17 16:56:14,165] {logging_mixin.py:109} INFO - [2022-03-17 16:56:14,165] {dag.py:2937} INFO - Setting next_dagrun for example_task_group to 2022-03-16T16:56:14.165208+00:00
[2022-03-17 16:56:14,171] {processor.py:171} INFO - Processing /Users/louisekirkham/Documents/linkedin_learning/Ex_Files_Data_Engineering_Foundations/airflow_env/lib/python3.9/site-packages/airflow/example_dags/example_task_group.py took 0.059 seconds
[2022-03-17 17:07:17,722] {processor.py:163} INFO - Started process (PID=45820) to work on /Users/louisekirkham/Documents/linkedin_learning/Ex_Files_Data_Engineering_Foundations/airflow_env/lib/python3.9/site-packages/airflow/example_dags/example_task_group.py
[2022-03-17 17:07:17,724] {processor.py:642} INFO - Processing file /Users/louisekirkham/Documents/linkedin_learning/Ex_Files_Data_Engineering_Foundations/airflow_env/lib/python3.9/site-packages/airflow/example_dags/example_task_group.py for tasks to queue
[2022-03-17 17:07:17,725] {logging_mixin.py:109} INFO - [2022-03-17 17:07:17,724] {dagbag.py:500} INFO - Filling up the DagBag from /Users/louisekirkham/Documents/linkedin_learning/Ex_Files_Data_Engineering_Foundations/airflow_env/lib/python3.9/site-packages/airflow/example_dags/example_task_group.py
[2022-03-17 17:07:17,755] {processor.py:654} INFO - DAG(s) dict_keys(['example_task_group']) retrieved from /Users/louisekirkham/Documents/linkedin_learning/Ex_Files_Data_Engineering_Foundations/airflow_env/lib/python3.9/site-packages/airflow/example_dags/example_task_group.py
[2022-03-17 17:07:17,769] {logging_mixin.py:109} INFO - [2022-03-17 17:07:17,769] {dag.py:2398} INFO - Sync 1 DAGs
[2022-03-17 17:07:17,775] {logging_mixin.py:109} INFO - [2022-03-17 17:07:17,775] {dag.py:2937} INFO - Setting next_dagrun for example_task_group to 2022-03-16T17:07:17.775544+00:00
[2022-03-17 17:07:17,783] {processor.py:171} INFO - Processing /Users/louisekirkham/Documents/linkedin_learning/Ex_Files_Data_Engineering_Foundations/airflow_env/lib/python3.9/site-packages/airflow/example_dags/example_task_group.py took 0.061 seconds
[2022-03-17 17:08:39,246] {processor.py:163} INFO - Started process (PID=45882) to work on /Users/louisekirkham/Documents/linkedin_learning/Ex_Files_Data_Engineering_Foundations/airflow_env/lib/python3.9/site-packages/airflow/example_dags/example_task_group.py
[2022-03-17 17:08:39,248] {processor.py:642} INFO - Processing file /Users/louisekirkham/Documents/linkedin_learning/Ex_Files_Data_Engineering_Foundations/airflow_env/lib/python3.9/site-packages/airflow/example_dags/example_task_group.py for tasks to queue
[2022-03-17 17:08:39,249] {logging_mixin.py:109} INFO - [2022-03-17 17:08:39,249] {dagbag.py:500} INFO - Filling up the DagBag from /Users/louisekirkham/Documents/linkedin_learning/Ex_Files_Data_Engineering_Foundations/airflow_env/lib/python3.9/site-packages/airflow/example_dags/example_task_group.py
[2022-03-17 17:08:39,276] {processor.py:654} INFO - DAG(s) dict_keys(['example_task_group']) retrieved from /Users/louisekirkham/Documents/linkedin_learning/Ex_Files_Data_Engineering_Foundations/airflow_env/lib/python3.9/site-packages/airflow/example_dags/example_task_group.py
[2022-03-17 17:08:39,290] {logging_mixin.py:109} INFO - [2022-03-17 17:08:39,290] {dag.py:2398} INFO - Sync 1 DAGs
[2022-03-17 17:08:39,296] {logging_mixin.py:109} INFO - [2022-03-17 17:08:39,296] {dag.py:2937} INFO - Setting next_dagrun for example_task_group to 2022-03-16T17:08:39.296676+00:00
[2022-03-17 17:08:39,302] {processor.py:171} INFO - Processing /Users/louisekirkham/Documents/linkedin_learning/Ex_Files_Data_Engineering_Foundations/airflow_env/lib/python3.9/site-packages/airflow/example_dags/example_task_group.py took 0.057 seconds
[2022-03-17 17:10:05,076] {processor.py:163} INFO - Started process (PID=45951) to work on /Users/louisekirkham/Documents/linkedin_learning/Ex_Files_Data_Engineering_Foundations/airflow_env/lib/python3.9/site-packages/airflow/example_dags/example_task_group.py
[2022-03-17 17:10:05,078] {processor.py:642} INFO - Processing file /Users/louisekirkham/Documents/linkedin_learning/Ex_Files_Data_Engineering_Foundations/airflow_env/lib/python3.9/site-packages/airflow/example_dags/example_task_group.py for tasks to queue
[2022-03-17 17:10:05,078] {logging_mixin.py:109} INFO - [2022-03-17 17:10:05,078] {dagbag.py:500} INFO - Filling up the DagBag from /Users/louisekirkham/Documents/linkedin_learning/Ex_Files_Data_Engineering_Foundations/airflow_env/lib/python3.9/site-packages/airflow/example_dags/example_task_group.py
[2022-03-17 17:10:05,105] {processor.py:654} INFO - DAG(s) dict_keys(['example_task_group']) retrieved from /Users/louisekirkham/Documents/linkedin_learning/Ex_Files_Data_Engineering_Foundations/airflow_env/lib/python3.9/site-packages/airflow/example_dags/example_task_group.py
[2022-03-17 17:10:05,118] {logging_mixin.py:109} INFO - [2022-03-17 17:10:05,118] {dag.py:2398} INFO - Sync 1 DAGs
[2022-03-17 17:10:05,124] {logging_mixin.py:109} INFO - [2022-03-17 17:10:05,124] {dag.py:2937} INFO - Setting next_dagrun for example_task_group to 2022-03-16T17:10:05.124184+00:00
[2022-03-17 17:10:05,130] {processor.py:171} INFO - Processing /Users/louisekirkham/Documents/linkedin_learning/Ex_Files_Data_Engineering_Foundations/airflow_env/lib/python3.9/site-packages/airflow/example_dags/example_task_group.py took 0.054 seconds
[2022-03-17 17:11:25,718] {processor.py:163} INFO - Started process (PID=46009) to work on /Users/louisekirkham/Documents/linkedin_learning/Ex_Files_Data_Engineering_Foundations/airflow_env/lib/python3.9/site-packages/airflow/example_dags/example_task_group.py
[2022-03-17 17:11:25,718] {processor.py:642} INFO - Processing file /Users/louisekirkham/Documents/linkedin_learning/Ex_Files_Data_Engineering_Foundations/airflow_env/lib/python3.9/site-packages/airflow/example_dags/example_task_group.py for tasks to queue
[2022-03-17 17:11:25,718] {logging_mixin.py:109} INFO - [2022-03-17 17:11:25,718] {dagbag.py:500} INFO - Filling up the DagBag from /Users/louisekirkham/Documents/linkedin_learning/Ex_Files_Data_Engineering_Foundations/airflow_env/lib/python3.9/site-packages/airflow/example_dags/example_task_group.py
[2022-03-17 17:11:25,747] {processor.py:654} INFO - DAG(s) dict_keys(['example_task_group']) retrieved from /Users/louisekirkham/Documents/linkedin_learning/Ex_Files_Data_Engineering_Foundations/airflow_env/lib/python3.9/site-packages/airflow/example_dags/example_task_group.py
[2022-03-17 17:11:25,764] {logging_mixin.py:109} INFO - [2022-03-17 17:11:25,764] {dag.py:2398} INFO - Sync 1 DAGs
[2022-03-17 17:11:25,772] {logging_mixin.py:109} INFO - [2022-03-17 17:11:25,772] {dag.py:2937} INFO - Setting next_dagrun for example_task_group to 2022-03-16T17:11:25.772241+00:00
[2022-03-17 17:11:25,779] {processor.py:171} INFO - Processing /Users/louisekirkham/Documents/linkedin_learning/Ex_Files_Data_Engineering_Foundations/airflow_env/lib/python3.9/site-packages/airflow/example_dags/example_task_group.py took 0.062 seconds
[2022-03-17 19:13:42,492] {processor.py:163} INFO - Started process (PID=46135) to work on /Users/louisekirkham/Documents/linkedin_learning/Ex_Files_Data_Engineering_Foundations/airflow_env/lib/python3.9/site-packages/airflow/example_dags/example_task_group.py
[2022-03-17 19:13:42,493] {processor.py:642} INFO - Processing file /Users/louisekirkham/Documents/linkedin_learning/Ex_Files_Data_Engineering_Foundations/airflow_env/lib/python3.9/site-packages/airflow/example_dags/example_task_group.py for tasks to queue
[2022-03-17 19:13:42,493] {logging_mixin.py:109} INFO - [2022-03-17 19:13:42,493] {dagbag.py:500} INFO - Filling up the DagBag from /Users/louisekirkham/Documents/linkedin_learning/Ex_Files_Data_Engineering_Foundations/airflow_env/lib/python3.9/site-packages/airflow/example_dags/example_task_group.py
[2022-03-17 19:13:42,523] {processor.py:654} INFO - DAG(s) dict_keys(['example_task_group']) retrieved from /Users/louisekirkham/Documents/linkedin_learning/Ex_Files_Data_Engineering_Foundations/airflow_env/lib/python3.9/site-packages/airflow/example_dags/example_task_group.py
[2022-03-17 19:13:42,539] {logging_mixin.py:109} INFO - [2022-03-17 19:13:42,539] {dag.py:2398} INFO - Sync 1 DAGs
[2022-03-17 19:13:42,547] {logging_mixin.py:109} INFO - [2022-03-17 19:13:42,547] {dag.py:2937} INFO - Setting next_dagrun for example_task_group to 2022-03-16T19:13:42.547173+00:00
[2022-03-17 19:13:42,554] {processor.py:171} INFO - Processing /Users/louisekirkham/Documents/linkedin_learning/Ex_Files_Data_Engineering_Foundations/airflow_env/lib/python3.9/site-packages/airflow/example_dags/example_task_group.py took 0.063 seconds
