[2022-03-17 16:03:14,209] {processor.py:163} INFO - Started process (PID=44956) to work on /Users/louisekirkham/Documents/linkedin_learning/Ex_Files_Data_Engineering_Foundations/airflow_env/lib/python3.9/site-packages/airflow/example_dags/example_python_operator.py
[2022-03-17 16:03:14,209] {processor.py:642} INFO - Processing file /Users/louisekirkham/Documents/linkedin_learning/Ex_Files_Data_Engineering_Foundations/airflow_env/lib/python3.9/site-packages/airflow/example_dags/example_python_operator.py for tasks to queue
[2022-03-17 16:03:14,210] {logging_mixin.py:109} INFO - [2022-03-17 16:03:14,210] {dagbag.py:500} INFO - Filling up the DagBag from /Users/louisekirkham/Documents/linkedin_learning/Ex_Files_Data_Engineering_Foundations/airflow_env/lib/python3.9/site-packages/airflow/example_dags/example_python_operator.py
[2022-03-17 16:03:14,555] {processor.py:654} INFO - DAG(s) dict_keys(['example_python_operator']) retrieved from /Users/louisekirkham/Documents/linkedin_learning/Ex_Files_Data_Engineering_Foundations/airflow_env/lib/python3.9/site-packages/airflow/example_dags/example_python_operator.py
[2022-03-17 16:03:14,592] {logging_mixin.py:109} INFO - [2022-03-17 16:03:14,592] {dag.py:2398} INFO - Sync 1 DAGs
[2022-03-17 16:03:14,613] {logging_mixin.py:109} INFO - [2022-03-17 16:03:14,613] {dag.py:2937} INFO - Setting next_dagrun for example_python_operator to None
[2022-03-17 16:03:14,627] {processor.py:171} INFO - Processing /Users/louisekirkham/Documents/linkedin_learning/Ex_Files_Data_Engineering_Foundations/airflow_env/lib/python3.9/site-packages/airflow/example_dags/example_python_operator.py took 0.419 seconds
[2022-03-17 16:34:51,076] {processor.py:163} INFO - Started process (PID=45109) to work on /Users/louisekirkham/Documents/linkedin_learning/Ex_Files_Data_Engineering_Foundations/airflow_env/lib/python3.9/site-packages/airflow/example_dags/example_python_operator.py
[2022-03-17 16:34:51,077] {processor.py:642} INFO - Processing file /Users/louisekirkham/Documents/linkedin_learning/Ex_Files_Data_Engineering_Foundations/airflow_env/lib/python3.9/site-packages/airflow/example_dags/example_python_operator.py for tasks to queue
[2022-03-17 16:34:51,078] {logging_mixin.py:109} INFO - [2022-03-17 16:34:51,078] {dagbag.py:500} INFO - Filling up the DagBag from /Users/louisekirkham/Documents/linkedin_learning/Ex_Files_Data_Engineering_Foundations/airflow_env/lib/python3.9/site-packages/airflow/example_dags/example_python_operator.py
[2022-03-17 16:34:51,117] {processor.py:654} INFO - DAG(s) dict_keys(['example_python_operator']) retrieved from /Users/louisekirkham/Documents/linkedin_learning/Ex_Files_Data_Engineering_Foundations/airflow_env/lib/python3.9/site-packages/airflow/example_dags/example_python_operator.py
[2022-03-17 16:34:51,131] {logging_mixin.py:109} INFO - [2022-03-17 16:34:51,131] {dag.py:2398} INFO - Sync 1 DAGs
[2022-03-17 16:34:51,137] {logging_mixin.py:109} INFO - [2022-03-17 16:34:51,137] {dag.py:2937} INFO - Setting next_dagrun for example_python_operator to None
[2022-03-17 16:34:51,144] {processor.py:171} INFO - Processing /Users/louisekirkham/Documents/linkedin_learning/Ex_Files_Data_Engineering_Foundations/airflow_env/lib/python3.9/site-packages/airflow/example_dags/example_python_operator.py took 0.069 seconds
[2022-03-17 16:36:24,239] {processor.py:163} INFO - Started process (PID=45205) to work on /Users/louisekirkham/Documents/linkedin_learning/Ex_Files_Data_Engineering_Foundations/airflow_env/lib/python3.9/site-packages/airflow/example_dags/example_python_operator.py
[2022-03-17 16:36:24,239] {processor.py:642} INFO - Processing file /Users/louisekirkham/Documents/linkedin_learning/Ex_Files_Data_Engineering_Foundations/airflow_env/lib/python3.9/site-packages/airflow/example_dags/example_python_operator.py for tasks to queue
[2022-03-17 16:36:24,240] {logging_mixin.py:109} INFO - [2022-03-17 16:36:24,240] {dagbag.py:500} INFO - Filling up the DagBag from /Users/louisekirkham/Documents/linkedin_learning/Ex_Files_Data_Engineering_Foundations/airflow_env/lib/python3.9/site-packages/airflow/example_dags/example_python_operator.py
[2022-03-17 16:36:24,279] {processor.py:654} INFO - DAG(s) dict_keys(['example_python_operator']) retrieved from /Users/louisekirkham/Documents/linkedin_learning/Ex_Files_Data_Engineering_Foundations/airflow_env/lib/python3.9/site-packages/airflow/example_dags/example_python_operator.py
[2022-03-17 16:36:24,292] {logging_mixin.py:109} INFO - [2022-03-17 16:36:24,292] {dag.py:2398} INFO - Sync 1 DAGs
[2022-03-17 16:36:24,299] {logging_mixin.py:109} INFO - [2022-03-17 16:36:24,299] {dag.py:2937} INFO - Setting next_dagrun for example_python_operator to None
[2022-03-17 16:36:24,306] {processor.py:171} INFO - Processing /Users/louisekirkham/Documents/linkedin_learning/Ex_Files_Data_Engineering_Foundations/airflow_env/lib/python3.9/site-packages/airflow/example_dags/example_python_operator.py took 0.067 seconds
[2022-03-17 16:37:44,897] {processor.py:163} INFO - Started process (PID=45277) to work on /Users/louisekirkham/Documents/linkedin_learning/Ex_Files_Data_Engineering_Foundations/airflow_env/lib/python3.9/site-packages/airflow/example_dags/example_python_operator.py
[2022-03-17 16:37:44,897] {processor.py:642} INFO - Processing file /Users/louisekirkham/Documents/linkedin_learning/Ex_Files_Data_Engineering_Foundations/airflow_env/lib/python3.9/site-packages/airflow/example_dags/example_python_operator.py for tasks to queue
[2022-03-17 16:37:44,897] {logging_mixin.py:109} INFO - [2022-03-17 16:37:44,897] {dagbag.py:500} INFO - Filling up the DagBag from /Users/louisekirkham/Documents/linkedin_learning/Ex_Files_Data_Engineering_Foundations/airflow_env/lib/python3.9/site-packages/airflow/example_dags/example_python_operator.py
[2022-03-17 16:37:44,935] {processor.py:654} INFO - DAG(s) dict_keys(['example_python_operator']) retrieved from /Users/louisekirkham/Documents/linkedin_learning/Ex_Files_Data_Engineering_Foundations/airflow_env/lib/python3.9/site-packages/airflow/example_dags/example_python_operator.py
[2022-03-17 16:37:44,949] {logging_mixin.py:109} INFO - [2022-03-17 16:37:44,949] {dag.py:2398} INFO - Sync 1 DAGs
[2022-03-17 16:37:44,956] {logging_mixin.py:109} INFO - [2022-03-17 16:37:44,956] {dag.py:2937} INFO - Setting next_dagrun for example_python_operator to None
[2022-03-17 16:37:44,962] {processor.py:171} INFO - Processing /Users/louisekirkham/Documents/linkedin_learning/Ex_Files_Data_Engineering_Foundations/airflow_env/lib/python3.9/site-packages/airflow/example_dags/example_python_operator.py took 0.065 seconds
[2022-03-17 16:39:06,234] {processor.py:163} INFO - Started process (PID=45344) to work on /Users/louisekirkham/Documents/linkedin_learning/Ex_Files_Data_Engineering_Foundations/airflow_env/lib/python3.9/site-packages/airflow/example_dags/example_python_operator.py
[2022-03-17 16:39:06,235] {processor.py:642} INFO - Processing file /Users/louisekirkham/Documents/linkedin_learning/Ex_Files_Data_Engineering_Foundations/airflow_env/lib/python3.9/site-packages/airflow/example_dags/example_python_operator.py for tasks to queue
[2022-03-17 16:39:06,235] {logging_mixin.py:109} INFO - [2022-03-17 16:39:06,235] {dagbag.py:500} INFO - Filling up the DagBag from /Users/louisekirkham/Documents/linkedin_learning/Ex_Files_Data_Engineering_Foundations/airflow_env/lib/python3.9/site-packages/airflow/example_dags/example_python_operator.py
[2022-03-17 16:39:06,273] {processor.py:654} INFO - DAG(s) dict_keys(['example_python_operator']) retrieved from /Users/louisekirkham/Documents/linkedin_learning/Ex_Files_Data_Engineering_Foundations/airflow_env/lib/python3.9/site-packages/airflow/example_dags/example_python_operator.py
[2022-03-17 16:39:06,287] {logging_mixin.py:109} INFO - [2022-03-17 16:39:06,287] {dag.py:2398} INFO - Sync 1 DAGs
[2022-03-17 16:39:06,293] {logging_mixin.py:109} INFO - [2022-03-17 16:39:06,293] {dag.py:2937} INFO - Setting next_dagrun for example_python_operator to None
[2022-03-17 16:39:06,299] {processor.py:171} INFO - Processing /Users/louisekirkham/Documents/linkedin_learning/Ex_Files_Data_Engineering_Foundations/airflow_env/lib/python3.9/site-packages/airflow/example_dags/example_python_operator.py took 0.066 seconds
[2022-03-17 16:40:26,581] {processor.py:163} INFO - Started process (PID=45407) to work on /Users/louisekirkham/Documents/linkedin_learning/Ex_Files_Data_Engineering_Foundations/airflow_env/lib/python3.9/site-packages/airflow/example_dags/example_python_operator.py
[2022-03-17 16:40:26,581] {processor.py:642} INFO - Processing file /Users/louisekirkham/Documents/linkedin_learning/Ex_Files_Data_Engineering_Foundations/airflow_env/lib/python3.9/site-packages/airflow/example_dags/example_python_operator.py for tasks to queue
[2022-03-17 16:40:26,581] {logging_mixin.py:109} INFO - [2022-03-17 16:40:26,581] {dagbag.py:500} INFO - Filling up the DagBag from /Users/louisekirkham/Documents/linkedin_learning/Ex_Files_Data_Engineering_Foundations/airflow_env/lib/python3.9/site-packages/airflow/example_dags/example_python_operator.py
[2022-03-17 16:40:26,617] {processor.py:654} INFO - DAG(s) dict_keys(['example_python_operator']) retrieved from /Users/louisekirkham/Documents/linkedin_learning/Ex_Files_Data_Engineering_Foundations/airflow_env/lib/python3.9/site-packages/airflow/example_dags/example_python_operator.py
[2022-03-17 16:40:26,630] {logging_mixin.py:109} INFO - [2022-03-17 16:40:26,630] {dag.py:2398} INFO - Sync 1 DAGs
[2022-03-17 16:40:26,637] {logging_mixin.py:109} INFO - [2022-03-17 16:40:26,637] {dag.py:2937} INFO - Setting next_dagrun for example_python_operator to None
[2022-03-17 16:40:26,644] {processor.py:171} INFO - Processing /Users/louisekirkham/Documents/linkedin_learning/Ex_Files_Data_Engineering_Foundations/airflow_env/lib/python3.9/site-packages/airflow/example_dags/example_python_operator.py took 0.064 seconds
[2022-03-17 16:41:46,942] {processor.py:163} INFO - Started process (PID=45465) to work on /Users/louisekirkham/Documents/linkedin_learning/Ex_Files_Data_Engineering_Foundations/airflow_env/lib/python3.9/site-packages/airflow/example_dags/example_python_operator.py
[2022-03-17 16:41:46,943] {processor.py:642} INFO - Processing file /Users/louisekirkham/Documents/linkedin_learning/Ex_Files_Data_Engineering_Foundations/airflow_env/lib/python3.9/site-packages/airflow/example_dags/example_python_operator.py for tasks to queue
[2022-03-17 16:41:46,943] {logging_mixin.py:109} INFO - [2022-03-17 16:41:46,943] {dagbag.py:500} INFO - Filling up the DagBag from /Users/louisekirkham/Documents/linkedin_learning/Ex_Files_Data_Engineering_Foundations/airflow_env/lib/python3.9/site-packages/airflow/example_dags/example_python_operator.py
[2022-03-17 16:41:46,986] {processor.py:654} INFO - DAG(s) dict_keys(['example_python_operator']) retrieved from /Users/louisekirkham/Documents/linkedin_learning/Ex_Files_Data_Engineering_Foundations/airflow_env/lib/python3.9/site-packages/airflow/example_dags/example_python_operator.py
[2022-03-17 16:41:47,002] {logging_mixin.py:109} INFO - [2022-03-17 16:41:47,002] {dag.py:2398} INFO - Sync 1 DAGs
[2022-03-17 16:41:47,009] {logging_mixin.py:109} INFO - [2022-03-17 16:41:47,009] {dag.py:2937} INFO - Setting next_dagrun for example_python_operator to None
[2022-03-17 16:41:47,016] {processor.py:171} INFO - Processing /Users/louisekirkham/Documents/linkedin_learning/Ex_Files_Data_Engineering_Foundations/airflow_env/lib/python3.9/site-packages/airflow/example_dags/example_python_operator.py took 0.074 seconds
[2022-03-17 16:43:09,305] {processor.py:163} INFO - Started process (PID=45555) to work on /Users/louisekirkham/Documents/linkedin_learning/Ex_Files_Data_Engineering_Foundations/airflow_env/lib/python3.9/site-packages/airflow/example_dags/example_python_operator.py
[2022-03-17 16:43:09,305] {processor.py:642} INFO - Processing file /Users/louisekirkham/Documents/linkedin_learning/Ex_Files_Data_Engineering_Foundations/airflow_env/lib/python3.9/site-packages/airflow/example_dags/example_python_operator.py for tasks to queue
[2022-03-17 16:43:09,305] {logging_mixin.py:109} INFO - [2022-03-17 16:43:09,305] {dagbag.py:500} INFO - Filling up the DagBag from /Users/louisekirkham/Documents/linkedin_learning/Ex_Files_Data_Engineering_Foundations/airflow_env/lib/python3.9/site-packages/airflow/example_dags/example_python_operator.py
[2022-03-17 16:43:09,342] {processor.py:654} INFO - DAG(s) dict_keys(['example_python_operator']) retrieved from /Users/louisekirkham/Documents/linkedin_learning/Ex_Files_Data_Engineering_Foundations/airflow_env/lib/python3.9/site-packages/airflow/example_dags/example_python_operator.py
[2022-03-17 16:43:09,355] {logging_mixin.py:109} INFO - [2022-03-17 16:43:09,355] {dag.py:2398} INFO - Sync 1 DAGs
[2022-03-17 16:43:09,361] {logging_mixin.py:109} INFO - [2022-03-17 16:43:09,361] {dag.py:2937} INFO - Setting next_dagrun for example_python_operator to None
[2022-03-17 16:43:09,368] {processor.py:171} INFO - Processing /Users/louisekirkham/Documents/linkedin_learning/Ex_Files_Data_Engineering_Foundations/airflow_env/lib/python3.9/site-packages/airflow/example_dags/example_python_operator.py took 0.064 seconds
[2022-03-17 16:44:30,761] {processor.py:163} INFO - Started process (PID=45627) to work on /Users/louisekirkham/Documents/linkedin_learning/Ex_Files_Data_Engineering_Foundations/airflow_env/lib/python3.9/site-packages/airflow/example_dags/example_python_operator.py
[2022-03-17 16:44:30,762] {processor.py:642} INFO - Processing file /Users/louisekirkham/Documents/linkedin_learning/Ex_Files_Data_Engineering_Foundations/airflow_env/lib/python3.9/site-packages/airflow/example_dags/example_python_operator.py for tasks to queue
[2022-03-17 16:44:30,762] {logging_mixin.py:109} INFO - [2022-03-17 16:44:30,762] {dagbag.py:500} INFO - Filling up the DagBag from /Users/louisekirkham/Documents/linkedin_learning/Ex_Files_Data_Engineering_Foundations/airflow_env/lib/python3.9/site-packages/airflow/example_dags/example_python_operator.py
[2022-03-17 16:44:30,803] {processor.py:654} INFO - DAG(s) dict_keys(['example_python_operator']) retrieved from /Users/louisekirkham/Documents/linkedin_learning/Ex_Files_Data_Engineering_Foundations/airflow_env/lib/python3.9/site-packages/airflow/example_dags/example_python_operator.py
[2022-03-17 16:44:30,818] {logging_mixin.py:109} INFO - [2022-03-17 16:44:30,817] {dag.py:2398} INFO - Sync 1 DAGs
[2022-03-17 16:44:30,825] {logging_mixin.py:109} INFO - [2022-03-17 16:44:30,825] {dag.py:2937} INFO - Setting next_dagrun for example_python_operator to None
[2022-03-17 16:44:30,831] {processor.py:171} INFO - Processing /Users/louisekirkham/Documents/linkedin_learning/Ex_Files_Data_Engineering_Foundations/airflow_env/lib/python3.9/site-packages/airflow/example_dags/example_python_operator.py took 0.070 seconds
[2022-03-17 17:06:42,091] {processor.py:163} INFO - Started process (PID=45784) to work on /Users/louisekirkham/Documents/linkedin_learning/Ex_Files_Data_Engineering_Foundations/airflow_env/lib/python3.9/site-packages/airflow/example_dags/example_python_operator.py
[2022-03-17 17:06:42,092] {processor.py:642} INFO - Processing file /Users/louisekirkham/Documents/linkedin_learning/Ex_Files_Data_Engineering_Foundations/airflow_env/lib/python3.9/site-packages/airflow/example_dags/example_python_operator.py for tasks to queue
[2022-03-17 17:06:42,092] {logging_mixin.py:109} INFO - [2022-03-17 17:06:42,092] {dagbag.py:500} INFO - Filling up the DagBag from /Users/louisekirkham/Documents/linkedin_learning/Ex_Files_Data_Engineering_Foundations/airflow_env/lib/python3.9/site-packages/airflow/example_dags/example_python_operator.py
[2022-03-17 17:06:42,139] {processor.py:654} INFO - DAG(s) dict_keys(['example_python_operator']) retrieved from /Users/louisekirkham/Documents/linkedin_learning/Ex_Files_Data_Engineering_Foundations/airflow_env/lib/python3.9/site-packages/airflow/example_dags/example_python_operator.py
[2022-03-17 17:06:42,155] {logging_mixin.py:109} INFO - [2022-03-17 17:06:42,155] {dag.py:2398} INFO - Sync 1 DAGs
[2022-03-17 17:06:42,163] {logging_mixin.py:109} INFO - [2022-03-17 17:06:42,163] {dag.py:2937} INFO - Setting next_dagrun for example_python_operator to None
[2022-03-17 17:06:42,170] {processor.py:171} INFO - Processing /Users/louisekirkham/Documents/linkedin_learning/Ex_Files_Data_Engineering_Foundations/airflow_env/lib/python3.9/site-packages/airflow/example_dags/example_python_operator.py took 0.080 seconds
[2022-03-17 17:08:17,692] {processor.py:163} INFO - Started process (PID=45869) to work on /Users/louisekirkham/Documents/linkedin_learning/Ex_Files_Data_Engineering_Foundations/airflow_env/lib/python3.9/site-packages/airflow/example_dags/example_python_operator.py
[2022-03-17 17:08:17,694] {processor.py:642} INFO - Processing file /Users/louisekirkham/Documents/linkedin_learning/Ex_Files_Data_Engineering_Foundations/airflow_env/lib/python3.9/site-packages/airflow/example_dags/example_python_operator.py for tasks to queue
[2022-03-17 17:08:17,694] {logging_mixin.py:109} INFO - [2022-03-17 17:08:17,694] {dagbag.py:500} INFO - Filling up the DagBag from /Users/louisekirkham/Documents/linkedin_learning/Ex_Files_Data_Engineering_Foundations/airflow_env/lib/python3.9/site-packages/airflow/example_dags/example_python_operator.py
[2022-03-17 17:08:17,732] {processor.py:654} INFO - DAG(s) dict_keys(['example_python_operator']) retrieved from /Users/louisekirkham/Documents/linkedin_learning/Ex_Files_Data_Engineering_Foundations/airflow_env/lib/python3.9/site-packages/airflow/example_dags/example_python_operator.py
[2022-03-17 17:08:17,745] {logging_mixin.py:109} INFO - [2022-03-17 17:08:17,745] {dag.py:2398} INFO - Sync 1 DAGs
[2022-03-17 17:08:17,751] {logging_mixin.py:109} INFO - [2022-03-17 17:08:17,751] {dag.py:2937} INFO - Setting next_dagrun for example_python_operator to None
[2022-03-17 17:08:17,758] {processor.py:171} INFO - Processing /Users/louisekirkham/Documents/linkedin_learning/Ex_Files_Data_Engineering_Foundations/airflow_env/lib/python3.9/site-packages/airflow/example_dags/example_python_operator.py took 0.066 seconds
[2022-03-17 17:09:42,804] {processor.py:163} INFO - Started process (PID=45936) to work on /Users/louisekirkham/Documents/linkedin_learning/Ex_Files_Data_Engineering_Foundations/airflow_env/lib/python3.9/site-packages/airflow/example_dags/example_python_operator.py
[2022-03-17 17:09:42,805] {processor.py:642} INFO - Processing file /Users/louisekirkham/Documents/linkedin_learning/Ex_Files_Data_Engineering_Foundations/airflow_env/lib/python3.9/site-packages/airflow/example_dags/example_python_operator.py for tasks to queue
[2022-03-17 17:09:42,806] {logging_mixin.py:109} INFO - [2022-03-17 17:09:42,806] {dagbag.py:500} INFO - Filling up the DagBag from /Users/louisekirkham/Documents/linkedin_learning/Ex_Files_Data_Engineering_Foundations/airflow_env/lib/python3.9/site-packages/airflow/example_dags/example_python_operator.py
[2022-03-17 17:09:42,850] {processor.py:654} INFO - DAG(s) dict_keys(['example_python_operator']) retrieved from /Users/louisekirkham/Documents/linkedin_learning/Ex_Files_Data_Engineering_Foundations/airflow_env/lib/python3.9/site-packages/airflow/example_dags/example_python_operator.py
[2022-03-17 17:09:42,864] {logging_mixin.py:109} INFO - [2022-03-17 17:09:42,863] {dag.py:2398} INFO - Sync 1 DAGs
[2022-03-17 17:09:42,872] {logging_mixin.py:109} INFO - [2022-03-17 17:09:42,871] {dag.py:2937} INFO - Setting next_dagrun for example_python_operator to None
[2022-03-17 17:09:42,881] {processor.py:171} INFO - Processing /Users/louisekirkham/Documents/linkedin_learning/Ex_Files_Data_Engineering_Foundations/airflow_env/lib/python3.9/site-packages/airflow/example_dags/example_python_operator.py took 0.077 seconds
[2022-03-17 17:11:03,495] {processor.py:163} INFO - Started process (PID=45996) to work on /Users/louisekirkham/Documents/linkedin_learning/Ex_Files_Data_Engineering_Foundations/airflow_env/lib/python3.9/site-packages/airflow/example_dags/example_python_operator.py
[2022-03-17 17:11:03,495] {processor.py:642} INFO - Processing file /Users/louisekirkham/Documents/linkedin_learning/Ex_Files_Data_Engineering_Foundations/airflow_env/lib/python3.9/site-packages/airflow/example_dags/example_python_operator.py for tasks to queue
[2022-03-17 17:11:03,496] {logging_mixin.py:109} INFO - [2022-03-17 17:11:03,496] {dagbag.py:500} INFO - Filling up the DagBag from /Users/louisekirkham/Documents/linkedin_learning/Ex_Files_Data_Engineering_Foundations/airflow_env/lib/python3.9/site-packages/airflow/example_dags/example_python_operator.py
[2022-03-17 17:11:03,534] {processor.py:654} INFO - DAG(s) dict_keys(['example_python_operator']) retrieved from /Users/louisekirkham/Documents/linkedin_learning/Ex_Files_Data_Engineering_Foundations/airflow_env/lib/python3.9/site-packages/airflow/example_dags/example_python_operator.py
[2022-03-17 17:11:03,547] {logging_mixin.py:109} INFO - [2022-03-17 17:11:03,547] {dag.py:2398} INFO - Sync 1 DAGs
[2022-03-17 17:11:03,554] {logging_mixin.py:109} INFO - [2022-03-17 17:11:03,553] {dag.py:2937} INFO - Setting next_dagrun for example_python_operator to None
[2022-03-17 17:11:03,559] {processor.py:171} INFO - Processing /Users/louisekirkham/Documents/linkedin_learning/Ex_Files_Data_Engineering_Foundations/airflow_env/lib/python3.9/site-packages/airflow/example_dags/example_python_operator.py took 0.065 seconds
[2022-03-17 19:13:52,612] {processor.py:163} INFO - Started process (PID=46140) to work on /Users/louisekirkham/Documents/linkedin_learning/Ex_Files_Data_Engineering_Foundations/airflow_env/lib/python3.9/site-packages/airflow/example_dags/example_python_operator.py
[2022-03-17 19:13:52,614] {processor.py:642} INFO - Processing file /Users/louisekirkham/Documents/linkedin_learning/Ex_Files_Data_Engineering_Foundations/airflow_env/lib/python3.9/site-packages/airflow/example_dags/example_python_operator.py for tasks to queue
[2022-03-17 19:13:52,614] {logging_mixin.py:109} INFO - [2022-03-17 19:13:52,614] {dagbag.py:500} INFO - Filling up the DagBag from /Users/louisekirkham/Documents/linkedin_learning/Ex_Files_Data_Engineering_Foundations/airflow_env/lib/python3.9/site-packages/airflow/example_dags/example_python_operator.py
[2022-03-17 19:13:52,649] {processor.py:654} INFO - DAG(s) dict_keys(['example_python_operator']) retrieved from /Users/louisekirkham/Documents/linkedin_learning/Ex_Files_Data_Engineering_Foundations/airflow_env/lib/python3.9/site-packages/airflow/example_dags/example_python_operator.py
[2022-03-17 19:13:52,663] {logging_mixin.py:109} INFO - [2022-03-17 19:13:52,663] {dag.py:2398} INFO - Sync 1 DAGs
[2022-03-17 19:13:52,669] {logging_mixin.py:109} INFO - [2022-03-17 19:13:52,669] {dag.py:2937} INFO - Setting next_dagrun for example_python_operator to None
[2022-03-17 19:13:52,676] {processor.py:171} INFO - Processing /Users/louisekirkham/Documents/linkedin_learning/Ex_Files_Data_Engineering_Foundations/airflow_env/lib/python3.9/site-packages/airflow/example_dags/example_python_operator.py took 0.065 seconds
