[2022-03-17 16:03:27,783] {processor.py:163} INFO - Started process (PID=44970) to work on /Users/louisekirkham/Documents/linkedin_learning/Ex_Files_Data_Engineering_Foundations/airflow_env/lib/python3.9/site-packages/airflow/example_dags/example_dag_decorator.py
[2022-03-17 16:03:27,784] {processor.py:642} INFO - Processing file /Users/louisekirkham/Documents/linkedin_learning/Ex_Files_Data_Engineering_Foundations/airflow_env/lib/python3.9/site-packages/airflow/example_dags/example_dag_decorator.py for tasks to queue
[2022-03-17 16:03:27,784] {logging_mixin.py:109} INFO - [2022-03-17 16:03:27,784] {dagbag.py:500} INFO - Filling up the DagBag from /Users/louisekirkham/Documents/linkedin_learning/Ex_Files_Data_Engineering_Foundations/airflow_env/lib/python3.9/site-packages/airflow/example_dags/example_dag_decorator.py
[2022-03-17 16:03:27,822] {processor.py:654} INFO - DAG(s) dict_keys(['example_dag_decorator']) retrieved from /Users/louisekirkham/Documents/linkedin_learning/Ex_Files_Data_Engineering_Foundations/airflow_env/lib/python3.9/site-packages/airflow/example_dags/example_dag_decorator.py
[2022-03-17 16:03:27,987] {logging_mixin.py:109} INFO - [2022-03-17 16:03:27,987] {dag.py:2398} INFO - Sync 1 DAGs
[2022-03-17 16:03:27,997] {logging_mixin.py:109} INFO - [2022-03-17 16:03:27,997] {dag.py:2937} INFO - Setting next_dagrun for example_dag_decorator to None
[2022-03-17 16:03:28,005] {processor.py:171} INFO - Processing /Users/louisekirkham/Documents/linkedin_learning/Ex_Files_Data_Engineering_Foundations/airflow_env/lib/python3.9/site-packages/airflow/example_dags/example_dag_decorator.py took 0.222 seconds
[2022-03-17 16:35:23,517] {processor.py:163} INFO - Started process (PID=45138) to work on /Users/louisekirkham/Documents/linkedin_learning/Ex_Files_Data_Engineering_Foundations/airflow_env/lib/python3.9/site-packages/airflow/example_dags/example_dag_decorator.py
[2022-03-17 16:35:23,519] {processor.py:642} INFO - Processing file /Users/louisekirkham/Documents/linkedin_learning/Ex_Files_Data_Engineering_Foundations/airflow_env/lib/python3.9/site-packages/airflow/example_dags/example_dag_decorator.py for tasks to queue
[2022-03-17 16:35:23,519] {logging_mixin.py:109} INFO - [2022-03-17 16:35:23,519] {dagbag.py:500} INFO - Filling up the DagBag from /Users/louisekirkham/Documents/linkedin_learning/Ex_Files_Data_Engineering_Foundations/airflow_env/lib/python3.9/site-packages/airflow/example_dags/example_dag_decorator.py
[2022-03-17 16:35:23,558] {processor.py:654} INFO - DAG(s) dict_keys(['example_dag_decorator']) retrieved from /Users/louisekirkham/Documents/linkedin_learning/Ex_Files_Data_Engineering_Foundations/airflow_env/lib/python3.9/site-packages/airflow/example_dags/example_dag_decorator.py
[2022-03-17 16:35:23,723] {logging_mixin.py:109} INFO - [2022-03-17 16:35:23,723] {dag.py:2398} INFO - Sync 1 DAGs
[2022-03-17 16:35:23,733] {logging_mixin.py:109} INFO - [2022-03-17 16:35:23,733] {dag.py:2937} INFO - Setting next_dagrun for example_dag_decorator to None
[2022-03-17 16:35:23,740] {processor.py:171} INFO - Processing /Users/louisekirkham/Documents/linkedin_learning/Ex_Files_Data_Engineering_Foundations/airflow_env/lib/python3.9/site-packages/airflow/example_dags/example_dag_decorator.py took 0.224 seconds
[2022-03-17 16:36:52,390] {processor.py:163} INFO - Started process (PID=45226) to work on /Users/louisekirkham/Documents/linkedin_learning/Ex_Files_Data_Engineering_Foundations/airflow_env/lib/python3.9/site-packages/airflow/example_dags/example_dag_decorator.py
[2022-03-17 16:36:52,390] {processor.py:642} INFO - Processing file /Users/louisekirkham/Documents/linkedin_learning/Ex_Files_Data_Engineering_Foundations/airflow_env/lib/python3.9/site-packages/airflow/example_dags/example_dag_decorator.py for tasks to queue
[2022-03-17 16:36:52,391] {logging_mixin.py:109} INFO - [2022-03-17 16:36:52,391] {dagbag.py:500} INFO - Filling up the DagBag from /Users/louisekirkham/Documents/linkedin_learning/Ex_Files_Data_Engineering_Foundations/airflow_env/lib/python3.9/site-packages/airflow/example_dags/example_dag_decorator.py
[2022-03-17 16:36:52,436] {processor.py:654} INFO - DAG(s) dict_keys(['example_dag_decorator']) retrieved from /Users/louisekirkham/Documents/linkedin_learning/Ex_Files_Data_Engineering_Foundations/airflow_env/lib/python3.9/site-packages/airflow/example_dags/example_dag_decorator.py
[2022-03-17 16:36:52,610] {logging_mixin.py:109} INFO - [2022-03-17 16:36:52,610] {dag.py:2398} INFO - Sync 1 DAGs
[2022-03-17 16:36:52,620] {logging_mixin.py:109} INFO - [2022-03-17 16:36:52,620] {dag.py:2937} INFO - Setting next_dagrun for example_dag_decorator to None
[2022-03-17 16:36:52,628] {processor.py:171} INFO - Processing /Users/louisekirkham/Documents/linkedin_learning/Ex_Files_Data_Engineering_Foundations/airflow_env/lib/python3.9/site-packages/airflow/example_dags/example_dag_decorator.py took 0.239 seconds
[2022-03-17 16:38:13,881] {processor.py:163} INFO - Started process (PID=45299) to work on /Users/louisekirkham/Documents/linkedin_learning/Ex_Files_Data_Engineering_Foundations/airflow_env/lib/python3.9/site-packages/airflow/example_dags/example_dag_decorator.py
[2022-03-17 16:38:13,882] {processor.py:642} INFO - Processing file /Users/louisekirkham/Documents/linkedin_learning/Ex_Files_Data_Engineering_Foundations/airflow_env/lib/python3.9/site-packages/airflow/example_dags/example_dag_decorator.py for tasks to queue
[2022-03-17 16:38:13,882] {logging_mixin.py:109} INFO - [2022-03-17 16:38:13,882] {dagbag.py:500} INFO - Filling up the DagBag from /Users/louisekirkham/Documents/linkedin_learning/Ex_Files_Data_Engineering_Foundations/airflow_env/lib/python3.9/site-packages/airflow/example_dags/example_dag_decorator.py
[2022-03-17 16:38:13,923] {processor.py:654} INFO - DAG(s) dict_keys(['example_dag_decorator']) retrieved from /Users/louisekirkham/Documents/linkedin_learning/Ex_Files_Data_Engineering_Foundations/airflow_env/lib/python3.9/site-packages/airflow/example_dags/example_dag_decorator.py
[2022-03-17 16:38:14,110] {logging_mixin.py:109} INFO - [2022-03-17 16:38:14,110] {dag.py:2398} INFO - Sync 1 DAGs
[2022-03-17 16:38:14,118] {logging_mixin.py:109} INFO - [2022-03-17 16:38:14,118] {dag.py:2937} INFO - Setting next_dagrun for example_dag_decorator to None
[2022-03-17 16:38:14,127] {processor.py:171} INFO - Processing /Users/louisekirkham/Documents/linkedin_learning/Ex_Files_Data_Engineering_Foundations/airflow_env/lib/python3.9/site-packages/airflow/example_dags/example_dag_decorator.py took 0.246 seconds
[2022-03-17 16:39:34,284] {processor.py:163} INFO - Started process (PID=45364) to work on /Users/louisekirkham/Documents/linkedin_learning/Ex_Files_Data_Engineering_Foundations/airflow_env/lib/python3.9/site-packages/airflow/example_dags/example_dag_decorator.py
[2022-03-17 16:39:34,284] {processor.py:642} INFO - Processing file /Users/louisekirkham/Documents/linkedin_learning/Ex_Files_Data_Engineering_Foundations/airflow_env/lib/python3.9/site-packages/airflow/example_dags/example_dag_decorator.py for tasks to queue
[2022-03-17 16:39:34,284] {logging_mixin.py:109} INFO - [2022-03-17 16:39:34,284] {dagbag.py:500} INFO - Filling up the DagBag from /Users/louisekirkham/Documents/linkedin_learning/Ex_Files_Data_Engineering_Foundations/airflow_env/lib/python3.9/site-packages/airflow/example_dags/example_dag_decorator.py
[2022-03-17 16:39:34,321] {processor.py:654} INFO - DAG(s) dict_keys(['example_dag_decorator']) retrieved from /Users/louisekirkham/Documents/linkedin_learning/Ex_Files_Data_Engineering_Foundations/airflow_env/lib/python3.9/site-packages/airflow/example_dags/example_dag_decorator.py
[2022-03-17 16:39:34,472] {logging_mixin.py:109} INFO - [2022-03-17 16:39:34,472] {dag.py:2398} INFO - Sync 1 DAGs
[2022-03-17 16:39:34,479] {logging_mixin.py:109} INFO - [2022-03-17 16:39:34,479] {dag.py:2937} INFO - Setting next_dagrun for example_dag_decorator to None
[2022-03-17 16:39:34,486] {processor.py:171} INFO - Processing /Users/louisekirkham/Documents/linkedin_learning/Ex_Files_Data_Engineering_Foundations/airflow_env/lib/python3.9/site-packages/airflow/example_dags/example_dag_decorator.py took 0.203 seconds
[2022-03-17 16:40:54,730] {processor.py:163} INFO - Started process (PID=45421) to work on /Users/louisekirkham/Documents/linkedin_learning/Ex_Files_Data_Engineering_Foundations/airflow_env/lib/python3.9/site-packages/airflow/example_dags/example_dag_decorator.py
[2022-03-17 16:40:54,731] {processor.py:642} INFO - Processing file /Users/louisekirkham/Documents/linkedin_learning/Ex_Files_Data_Engineering_Foundations/airflow_env/lib/python3.9/site-packages/airflow/example_dags/example_dag_decorator.py for tasks to queue
[2022-03-17 16:40:54,731] {logging_mixin.py:109} INFO - [2022-03-17 16:40:54,731] {dagbag.py:500} INFO - Filling up the DagBag from /Users/louisekirkham/Documents/linkedin_learning/Ex_Files_Data_Engineering_Foundations/airflow_env/lib/python3.9/site-packages/airflow/example_dags/example_dag_decorator.py
[2022-03-17 16:40:54,768] {processor.py:654} INFO - DAG(s) dict_keys(['example_dag_decorator']) retrieved from /Users/louisekirkham/Documents/linkedin_learning/Ex_Files_Data_Engineering_Foundations/airflow_env/lib/python3.9/site-packages/airflow/example_dags/example_dag_decorator.py
[2022-03-17 16:40:54,926] {logging_mixin.py:109} INFO - [2022-03-17 16:40:54,926] {dag.py:2398} INFO - Sync 1 DAGs
[2022-03-17 16:40:54,933] {logging_mixin.py:109} INFO - [2022-03-17 16:40:54,933] {dag.py:2937} INFO - Setting next_dagrun for example_dag_decorator to None
[2022-03-17 16:40:54,941] {processor.py:171} INFO - Processing /Users/louisekirkham/Documents/linkedin_learning/Ex_Files_Data_Engineering_Foundations/airflow_env/lib/python3.9/site-packages/airflow/example_dags/example_dag_decorator.py took 0.211 seconds
[2022-03-17 16:42:15,961] {processor.py:163} INFO - Started process (PID=45485) to work on /Users/louisekirkham/Documents/linkedin_learning/Ex_Files_Data_Engineering_Foundations/airflow_env/lib/python3.9/site-packages/airflow/example_dags/example_dag_decorator.py
[2022-03-17 16:42:15,961] {processor.py:642} INFO - Processing file /Users/louisekirkham/Documents/linkedin_learning/Ex_Files_Data_Engineering_Foundations/airflow_env/lib/python3.9/site-packages/airflow/example_dags/example_dag_decorator.py for tasks to queue
[2022-03-17 16:42:15,961] {logging_mixin.py:109} INFO - [2022-03-17 16:42:15,961] {dagbag.py:500} INFO - Filling up the DagBag from /Users/louisekirkham/Documents/linkedin_learning/Ex_Files_Data_Engineering_Foundations/airflow_env/lib/python3.9/site-packages/airflow/example_dags/example_dag_decorator.py
[2022-03-17 16:42:16,001] {processor.py:654} INFO - DAG(s) dict_keys(['example_dag_decorator']) retrieved from /Users/louisekirkham/Documents/linkedin_learning/Ex_Files_Data_Engineering_Foundations/airflow_env/lib/python3.9/site-packages/airflow/example_dags/example_dag_decorator.py
[2022-03-17 16:42:16,172] {logging_mixin.py:109} INFO - [2022-03-17 16:42:16,172] {dag.py:2398} INFO - Sync 1 DAGs
[2022-03-17 16:42:16,180] {logging_mixin.py:109} INFO - [2022-03-17 16:42:16,180] {dag.py:2937} INFO - Setting next_dagrun for example_dag_decorator to None
[2022-03-17 16:42:16,188] {processor.py:171} INFO - Processing /Users/louisekirkham/Documents/linkedin_learning/Ex_Files_Data_Engineering_Foundations/airflow_env/lib/python3.9/site-packages/airflow/example_dags/example_dag_decorator.py took 0.228 seconds
[2022-03-17 16:43:37,750] {processor.py:163} INFO - Started process (PID=45575) to work on /Users/louisekirkham/Documents/linkedin_learning/Ex_Files_Data_Engineering_Foundations/airflow_env/lib/python3.9/site-packages/airflow/example_dags/example_dag_decorator.py
[2022-03-17 16:43:37,750] {processor.py:642} INFO - Processing file /Users/louisekirkham/Documents/linkedin_learning/Ex_Files_Data_Engineering_Foundations/airflow_env/lib/python3.9/site-packages/airflow/example_dags/example_dag_decorator.py for tasks to queue
[2022-03-17 16:43:37,750] {logging_mixin.py:109} INFO - [2022-03-17 16:43:37,750] {dagbag.py:500} INFO - Filling up the DagBag from /Users/louisekirkham/Documents/linkedin_learning/Ex_Files_Data_Engineering_Foundations/airflow_env/lib/python3.9/site-packages/airflow/example_dags/example_dag_decorator.py
[2022-03-17 16:43:37,787] {processor.py:654} INFO - DAG(s) dict_keys(['example_dag_decorator']) retrieved from /Users/louisekirkham/Documents/linkedin_learning/Ex_Files_Data_Engineering_Foundations/airflow_env/lib/python3.9/site-packages/airflow/example_dags/example_dag_decorator.py
[2022-03-17 16:43:37,957] {logging_mixin.py:109} INFO - [2022-03-17 16:43:37,956] {dag.py:2398} INFO - Sync 1 DAGs
[2022-03-17 16:43:37,966] {logging_mixin.py:109} INFO - [2022-03-17 16:43:37,965] {dag.py:2937} INFO - Setting next_dagrun for example_dag_decorator to None
[2022-03-17 16:43:37,973] {processor.py:171} INFO - Processing /Users/louisekirkham/Documents/linkedin_learning/Ex_Files_Data_Engineering_Foundations/airflow_env/lib/python3.9/site-packages/airflow/example_dags/example_dag_decorator.py took 0.224 seconds
[2022-03-17 16:44:58,724] {processor.py:163} INFO - Started process (PID=45648) to work on /Users/louisekirkham/Documents/linkedin_learning/Ex_Files_Data_Engineering_Foundations/airflow_env/lib/python3.9/site-packages/airflow/example_dags/example_dag_decorator.py
[2022-03-17 16:44:58,724] {processor.py:642} INFO - Processing file /Users/louisekirkham/Documents/linkedin_learning/Ex_Files_Data_Engineering_Foundations/airflow_env/lib/python3.9/site-packages/airflow/example_dags/example_dag_decorator.py for tasks to queue
[2022-03-17 16:44:58,724] {logging_mixin.py:109} INFO - [2022-03-17 16:44:58,724] {dagbag.py:500} INFO - Filling up the DagBag from /Users/louisekirkham/Documents/linkedin_learning/Ex_Files_Data_Engineering_Foundations/airflow_env/lib/python3.9/site-packages/airflow/example_dags/example_dag_decorator.py
[2022-03-17 16:44:58,761] {processor.py:654} INFO - DAG(s) dict_keys(['example_dag_decorator']) retrieved from /Users/louisekirkham/Documents/linkedin_learning/Ex_Files_Data_Engineering_Foundations/airflow_env/lib/python3.9/site-packages/airflow/example_dags/example_dag_decorator.py
[2022-03-17 16:44:58,921] {logging_mixin.py:109} INFO - [2022-03-17 16:44:58,921] {dag.py:2398} INFO - Sync 1 DAGs
[2022-03-17 16:44:58,928] {logging_mixin.py:109} INFO - [2022-03-17 16:44:58,928] {dag.py:2937} INFO - Setting next_dagrun for example_dag_decorator to None
[2022-03-17 16:44:58,935] {processor.py:171} INFO - Processing /Users/louisekirkham/Documents/linkedin_learning/Ex_Files_Data_Engineering_Foundations/airflow_env/lib/python3.9/site-packages/airflow/example_dags/example_dag_decorator.py took 0.212 seconds
[2022-03-17 17:07:23,808] {processor.py:163} INFO - Started process (PID=45823) to work on /Users/louisekirkham/Documents/linkedin_learning/Ex_Files_Data_Engineering_Foundations/airflow_env/lib/python3.9/site-packages/airflow/example_dags/example_dag_decorator.py
[2022-03-17 17:07:23,809] {processor.py:642} INFO - Processing file /Users/louisekirkham/Documents/linkedin_learning/Ex_Files_Data_Engineering_Foundations/airflow_env/lib/python3.9/site-packages/airflow/example_dags/example_dag_decorator.py for tasks to queue
[2022-03-17 17:07:23,810] {logging_mixin.py:109} INFO - [2022-03-17 17:07:23,810] {dagbag.py:500} INFO - Filling up the DagBag from /Users/louisekirkham/Documents/linkedin_learning/Ex_Files_Data_Engineering_Foundations/airflow_env/lib/python3.9/site-packages/airflow/example_dags/example_dag_decorator.py
[2022-03-17 17:07:23,848] {processor.py:654} INFO - DAG(s) dict_keys(['example_dag_decorator']) retrieved from /Users/louisekirkham/Documents/linkedin_learning/Ex_Files_Data_Engineering_Foundations/airflow_env/lib/python3.9/site-packages/airflow/example_dags/example_dag_decorator.py
[2022-03-17 17:07:24,005] {logging_mixin.py:109} INFO - [2022-03-17 17:07:24,005] {dag.py:2398} INFO - Sync 1 DAGs
[2022-03-17 17:07:24,013] {logging_mixin.py:109} INFO - [2022-03-17 17:07:24,013] {dag.py:2937} INFO - Setting next_dagrun for example_dag_decorator to None
[2022-03-17 17:07:24,019] {processor.py:171} INFO - Processing /Users/louisekirkham/Documents/linkedin_learning/Ex_Files_Data_Engineering_Foundations/airflow_env/lib/python3.9/site-packages/airflow/example_dags/example_dag_decorator.py took 0.212 seconds
[2022-03-17 17:08:45,273] {processor.py:163} INFO - Started process (PID=45885) to work on /Users/louisekirkham/Documents/linkedin_learning/Ex_Files_Data_Engineering_Foundations/airflow_env/lib/python3.9/site-packages/airflow/example_dags/example_dag_decorator.py
[2022-03-17 17:08:45,274] {processor.py:642} INFO - Processing file /Users/louisekirkham/Documents/linkedin_learning/Ex_Files_Data_Engineering_Foundations/airflow_env/lib/python3.9/site-packages/airflow/example_dags/example_dag_decorator.py for tasks to queue
[2022-03-17 17:08:45,274] {logging_mixin.py:109} INFO - [2022-03-17 17:08:45,274] {dagbag.py:500} INFO - Filling up the DagBag from /Users/louisekirkham/Documents/linkedin_learning/Ex_Files_Data_Engineering_Foundations/airflow_env/lib/python3.9/site-packages/airflow/example_dags/example_dag_decorator.py
[2022-03-17 17:08:45,314] {processor.py:654} INFO - DAG(s) dict_keys(['example_dag_decorator']) retrieved from /Users/louisekirkham/Documents/linkedin_learning/Ex_Files_Data_Engineering_Foundations/airflow_env/lib/python3.9/site-packages/airflow/example_dags/example_dag_decorator.py
[2022-03-17 17:08:45,470] {logging_mixin.py:109} INFO - [2022-03-17 17:08:45,469] {dag.py:2398} INFO - Sync 1 DAGs
[2022-03-17 17:08:45,477] {logging_mixin.py:109} INFO - [2022-03-17 17:08:45,477] {dag.py:2937} INFO - Setting next_dagrun for example_dag_decorator to None
[2022-03-17 17:08:45,484] {processor.py:171} INFO - Processing /Users/louisekirkham/Documents/linkedin_learning/Ex_Files_Data_Engineering_Foundations/airflow_env/lib/python3.9/site-packages/airflow/example_dags/example_dag_decorator.py took 0.212 seconds
[2022-03-17 17:10:11,130] {processor.py:163} INFO - Started process (PID=45954) to work on /Users/louisekirkham/Documents/linkedin_learning/Ex_Files_Data_Engineering_Foundations/airflow_env/lib/python3.9/site-packages/airflow/example_dags/example_dag_decorator.py
[2022-03-17 17:10:11,132] {processor.py:642} INFO - Processing file /Users/louisekirkham/Documents/linkedin_learning/Ex_Files_Data_Engineering_Foundations/airflow_env/lib/python3.9/site-packages/airflow/example_dags/example_dag_decorator.py for tasks to queue
[2022-03-17 17:10:11,133] {logging_mixin.py:109} INFO - [2022-03-17 17:10:11,132] {dagbag.py:500} INFO - Filling up the DagBag from /Users/louisekirkham/Documents/linkedin_learning/Ex_Files_Data_Engineering_Foundations/airflow_env/lib/python3.9/site-packages/airflow/example_dags/example_dag_decorator.py
[2022-03-17 17:10:11,172] {processor.py:654} INFO - DAG(s) dict_keys(['example_dag_decorator']) retrieved from /Users/louisekirkham/Documents/linkedin_learning/Ex_Files_Data_Engineering_Foundations/airflow_env/lib/python3.9/site-packages/airflow/example_dags/example_dag_decorator.py
[2022-03-17 17:10:11,332] {logging_mixin.py:109} INFO - [2022-03-17 17:10:11,332] {dag.py:2398} INFO - Sync 1 DAGs
[2022-03-17 17:10:11,340] {logging_mixin.py:109} INFO - [2022-03-17 17:10:11,340] {dag.py:2937} INFO - Setting next_dagrun for example_dag_decorator to None
[2022-03-17 17:10:11,347] {processor.py:171} INFO - Processing /Users/louisekirkham/Documents/linkedin_learning/Ex_Files_Data_Engineering_Foundations/airflow_env/lib/python3.9/site-packages/airflow/example_dags/example_dag_decorator.py took 0.217 seconds
[2022-03-17 17:11:31,720] {processor.py:163} INFO - Started process (PID=46012) to work on /Users/louisekirkham/Documents/linkedin_learning/Ex_Files_Data_Engineering_Foundations/airflow_env/lib/python3.9/site-packages/airflow/example_dags/example_dag_decorator.py
[2022-03-17 17:11:31,720] {processor.py:642} INFO - Processing file /Users/louisekirkham/Documents/linkedin_learning/Ex_Files_Data_Engineering_Foundations/airflow_env/lib/python3.9/site-packages/airflow/example_dags/example_dag_decorator.py for tasks to queue
[2022-03-17 17:11:31,720] {logging_mixin.py:109} INFO - [2022-03-17 17:11:31,720] {dagbag.py:500} INFO - Filling up the DagBag from /Users/louisekirkham/Documents/linkedin_learning/Ex_Files_Data_Engineering_Foundations/airflow_env/lib/python3.9/site-packages/airflow/example_dags/example_dag_decorator.py
[2022-03-17 17:11:31,756] {processor.py:654} INFO - DAG(s) dict_keys(['example_dag_decorator']) retrieved from /Users/louisekirkham/Documents/linkedin_learning/Ex_Files_Data_Engineering_Foundations/airflow_env/lib/python3.9/site-packages/airflow/example_dags/example_dag_decorator.py
[2022-03-17 17:11:31,915] {logging_mixin.py:109} INFO - [2022-03-17 17:11:31,915] {dag.py:2398} INFO - Sync 1 DAGs
[2022-03-17 17:11:31,923] {logging_mixin.py:109} INFO - [2022-03-17 17:11:31,923] {dag.py:2937} INFO - Setting next_dagrun for example_dag_decorator to None
[2022-03-17 17:11:31,929] {processor.py:171} INFO - Processing /Users/louisekirkham/Documents/linkedin_learning/Ex_Files_Data_Engineering_Foundations/airflow_env/lib/python3.9/site-packages/airflow/example_dags/example_dag_decorator.py took 0.210 seconds
[2022-03-17 19:14:06,615] {processor.py:163} INFO - Started process (PID=46171) to work on /Users/louisekirkham/Documents/linkedin_learning/Ex_Files_Data_Engineering_Foundations/airflow_env/lib/python3.9/site-packages/airflow/example_dags/example_dag_decorator.py
[2022-03-17 19:14:06,617] {processor.py:642} INFO - Processing file /Users/louisekirkham/Documents/linkedin_learning/Ex_Files_Data_Engineering_Foundations/airflow_env/lib/python3.9/site-packages/airflow/example_dags/example_dag_decorator.py for tasks to queue
[2022-03-17 19:14:06,617] {logging_mixin.py:109} INFO - [2022-03-17 19:14:06,617] {dagbag.py:500} INFO - Filling up the DagBag from /Users/louisekirkham/Documents/linkedin_learning/Ex_Files_Data_Engineering_Foundations/airflow_env/lib/python3.9/site-packages/airflow/example_dags/example_dag_decorator.py
[2022-03-17 19:14:06,656] {processor.py:654} INFO - DAG(s) dict_keys(['example_dag_decorator']) retrieved from /Users/louisekirkham/Documents/linkedin_learning/Ex_Files_Data_Engineering_Foundations/airflow_env/lib/python3.9/site-packages/airflow/example_dags/example_dag_decorator.py
[2022-03-17 19:14:06,826] {logging_mixin.py:109} INFO - [2022-03-17 19:14:06,826] {dag.py:2398} INFO - Sync 1 DAGs
[2022-03-17 19:14:06,833] {logging_mixin.py:109} INFO - [2022-03-17 19:14:06,833] {dag.py:2937} INFO - Setting next_dagrun for example_dag_decorator to None
[2022-03-17 19:14:06,840] {processor.py:171} INFO - Processing /Users/louisekirkham/Documents/linkedin_learning/Ex_Files_Data_Engineering_Foundations/airflow_env/lib/python3.9/site-packages/airflow/example_dags/example_dag_decorator.py took 0.225 seconds
