[2022-03-17 16:03:35,365] {processor.py:163} INFO - Started process (PID=44980) to work on /Users/louisekirkham/Documents/linkedin_learning/Ex_Files_Data_Engineering_Foundations/airflow_env/lib/python3.9/site-packages/airflow/example_dags/example_branch_operator.py
[2022-03-17 16:03:35,365] {processor.py:642} INFO - Processing file /Users/louisekirkham/Documents/linkedin_learning/Ex_Files_Data_Engineering_Foundations/airflow_env/lib/python3.9/site-packages/airflow/example_dags/example_branch_operator.py for tasks to queue
[2022-03-17 16:03:35,365] {logging_mixin.py:109} INFO - [2022-03-17 16:03:35,365] {dagbag.py:500} INFO - Filling up the DagBag from /Users/louisekirkham/Documents/linkedin_learning/Ex_Files_Data_Engineering_Foundations/airflow_env/lib/python3.9/site-packages/airflow/example_dags/example_branch_operator.py
[2022-03-17 16:03:35,406] {processor.py:654} INFO - DAG(s) dict_keys(['example_branch_operator']) retrieved from /Users/louisekirkham/Documents/linkedin_learning/Ex_Files_Data_Engineering_Foundations/airflow_env/lib/python3.9/site-packages/airflow/example_dags/example_branch_operator.py
[2022-03-17 16:03:35,421] {logging_mixin.py:109} INFO - [2022-03-17 16:03:35,421] {dag.py:2398} INFO - Sync 1 DAGs
[2022-03-17 16:03:35,429] {logging_mixin.py:109} INFO - [2022-03-17 16:03:35,429] {dag.py:2937} INFO - Setting next_dagrun for example_branch_operator to 2022-03-16 00:00:00+00:00
[2022-03-17 16:03:35,436] {processor.py:171} INFO - Processing /Users/louisekirkham/Documents/linkedin_learning/Ex_Files_Data_Engineering_Foundations/airflow_env/lib/python3.9/site-packages/airflow/example_dags/example_branch_operator.py took 0.072 seconds
[2022-03-17 16:35:30,223] {processor.py:163} INFO - Started process (PID=45141) to work on /Users/louisekirkham/Documents/linkedin_learning/Ex_Files_Data_Engineering_Foundations/airflow_env/lib/python3.9/site-packages/airflow/example_dags/example_branch_operator.py
[2022-03-17 16:35:30,224] {processor.py:642} INFO - Processing file /Users/louisekirkham/Documents/linkedin_learning/Ex_Files_Data_Engineering_Foundations/airflow_env/lib/python3.9/site-packages/airflow/example_dags/example_branch_operator.py for tasks to queue
[2022-03-17 16:35:30,225] {logging_mixin.py:109} INFO - [2022-03-17 16:35:30,225] {dagbag.py:500} INFO - Filling up the DagBag from /Users/louisekirkham/Documents/linkedin_learning/Ex_Files_Data_Engineering_Foundations/airflow_env/lib/python3.9/site-packages/airflow/example_dags/example_branch_operator.py
[2022-03-17 16:35:30,300] {processor.py:654} INFO - DAG(s) dict_keys(['example_branch_operator']) retrieved from /Users/louisekirkham/Documents/linkedin_learning/Ex_Files_Data_Engineering_Foundations/airflow_env/lib/python3.9/site-packages/airflow/example_dags/example_branch_operator.py
[2022-03-17 16:35:30,330] {logging_mixin.py:109} INFO - [2022-03-17 16:35:30,329] {dag.py:2398} INFO - Sync 1 DAGs
[2022-03-17 16:35:30,348] {logging_mixin.py:109} INFO - [2022-03-17 16:35:30,348] {dag.py:2937} INFO - Setting next_dagrun for example_branch_operator to 2022-03-16 00:00:00+00:00
[2022-03-17 16:35:30,356] {processor.py:171} INFO - Processing /Users/louisekirkham/Documents/linkedin_learning/Ex_Files_Data_Engineering_Foundations/airflow_env/lib/python3.9/site-packages/airflow/example_dags/example_branch_operator.py took 0.135 seconds
[2022-03-17 16:36:58,851] {processor.py:163} INFO - Started process (PID=45229) to work on /Users/louisekirkham/Documents/linkedin_learning/Ex_Files_Data_Engineering_Foundations/airflow_env/lib/python3.9/site-packages/airflow/example_dags/example_branch_operator.py
[2022-03-17 16:36:58,851] {processor.py:642} INFO - Processing file /Users/louisekirkham/Documents/linkedin_learning/Ex_Files_Data_Engineering_Foundations/airflow_env/lib/python3.9/site-packages/airflow/example_dags/example_branch_operator.py for tasks to queue
[2022-03-17 16:36:58,852] {logging_mixin.py:109} INFO - [2022-03-17 16:36:58,851] {dagbag.py:500} INFO - Filling up the DagBag from /Users/louisekirkham/Documents/linkedin_learning/Ex_Files_Data_Engineering_Foundations/airflow_env/lib/python3.9/site-packages/airflow/example_dags/example_branch_operator.py
[2022-03-17 16:36:58,886] {processor.py:654} INFO - DAG(s) dict_keys(['example_branch_operator']) retrieved from /Users/louisekirkham/Documents/linkedin_learning/Ex_Files_Data_Engineering_Foundations/airflow_env/lib/python3.9/site-packages/airflow/example_dags/example_branch_operator.py
[2022-03-17 16:36:58,900] {logging_mixin.py:109} INFO - [2022-03-17 16:36:58,900] {dag.py:2398} INFO - Sync 1 DAGs
[2022-03-17 16:36:58,907] {logging_mixin.py:109} INFO - [2022-03-17 16:36:58,907] {dag.py:2937} INFO - Setting next_dagrun for example_branch_operator to 2022-03-16 00:00:00+00:00
[2022-03-17 16:36:58,914] {processor.py:171} INFO - Processing /Users/louisekirkham/Documents/linkedin_learning/Ex_Files_Data_Engineering_Foundations/airflow_env/lib/python3.9/site-packages/airflow/example_dags/example_branch_operator.py took 0.064 seconds
[2022-03-17 16:38:20,179] {processor.py:163} INFO - Started process (PID=45306) to work on /Users/louisekirkham/Documents/linkedin_learning/Ex_Files_Data_Engineering_Foundations/airflow_env/lib/python3.9/site-packages/airflow/example_dags/example_branch_operator.py
[2022-03-17 16:38:20,179] {processor.py:642} INFO - Processing file /Users/louisekirkham/Documents/linkedin_learning/Ex_Files_Data_Engineering_Foundations/airflow_env/lib/python3.9/site-packages/airflow/example_dags/example_branch_operator.py for tasks to queue
[2022-03-17 16:38:20,180] {logging_mixin.py:109} INFO - [2022-03-17 16:38:20,180] {dagbag.py:500} INFO - Filling up the DagBag from /Users/louisekirkham/Documents/linkedin_learning/Ex_Files_Data_Engineering_Foundations/airflow_env/lib/python3.9/site-packages/airflow/example_dags/example_branch_operator.py
[2022-03-17 16:38:20,216] {processor.py:654} INFO - DAG(s) dict_keys(['example_branch_operator']) retrieved from /Users/louisekirkham/Documents/linkedin_learning/Ex_Files_Data_Engineering_Foundations/airflow_env/lib/python3.9/site-packages/airflow/example_dags/example_branch_operator.py
[2022-03-17 16:38:20,229] {logging_mixin.py:109} INFO - [2022-03-17 16:38:20,229] {dag.py:2398} INFO - Sync 1 DAGs
[2022-03-17 16:38:20,237] {logging_mixin.py:109} INFO - [2022-03-17 16:38:20,237] {dag.py:2937} INFO - Setting next_dagrun for example_branch_operator to 2022-03-16 00:00:00+00:00
[2022-03-17 16:38:20,243] {processor.py:171} INFO - Processing /Users/louisekirkham/Documents/linkedin_learning/Ex_Files_Data_Engineering_Foundations/airflow_env/lib/python3.9/site-packages/airflow/example_dags/example_branch_operator.py took 0.065 seconds
[2022-03-17 16:39:40,494] {processor.py:163} INFO - Started process (PID=45369) to work on /Users/louisekirkham/Documents/linkedin_learning/Ex_Files_Data_Engineering_Foundations/airflow_env/lib/python3.9/site-packages/airflow/example_dags/example_branch_operator.py
[2022-03-17 16:39:40,494] {processor.py:642} INFO - Processing file /Users/louisekirkham/Documents/linkedin_learning/Ex_Files_Data_Engineering_Foundations/airflow_env/lib/python3.9/site-packages/airflow/example_dags/example_branch_operator.py for tasks to queue
[2022-03-17 16:39:40,494] {logging_mixin.py:109} INFO - [2022-03-17 16:39:40,494] {dagbag.py:500} INFO - Filling up the DagBag from /Users/louisekirkham/Documents/linkedin_learning/Ex_Files_Data_Engineering_Foundations/airflow_env/lib/python3.9/site-packages/airflow/example_dags/example_branch_operator.py
[2022-03-17 16:39:40,530] {processor.py:654} INFO - DAG(s) dict_keys(['example_branch_operator']) retrieved from /Users/louisekirkham/Documents/linkedin_learning/Ex_Files_Data_Engineering_Foundations/airflow_env/lib/python3.9/site-packages/airflow/example_dags/example_branch_operator.py
[2022-03-17 16:39:40,544] {logging_mixin.py:109} INFO - [2022-03-17 16:39:40,544] {dag.py:2398} INFO - Sync 1 DAGs
[2022-03-17 16:39:40,551] {logging_mixin.py:109} INFO - [2022-03-17 16:39:40,551] {dag.py:2937} INFO - Setting next_dagrun for example_branch_operator to 2022-03-16 00:00:00+00:00
[2022-03-17 16:39:40,558] {processor.py:171} INFO - Processing /Users/louisekirkham/Documents/linkedin_learning/Ex_Files_Data_Engineering_Foundations/airflow_env/lib/python3.9/site-packages/airflow/example_dags/example_branch_operator.py took 0.065 seconds
[2022-03-17 16:41:00,948] {processor.py:163} INFO - Started process (PID=45424) to work on /Users/louisekirkham/Documents/linkedin_learning/Ex_Files_Data_Engineering_Foundations/airflow_env/lib/python3.9/site-packages/airflow/example_dags/example_branch_operator.py
[2022-03-17 16:41:00,948] {processor.py:642} INFO - Processing file /Users/louisekirkham/Documents/linkedin_learning/Ex_Files_Data_Engineering_Foundations/airflow_env/lib/python3.9/site-packages/airflow/example_dags/example_branch_operator.py for tasks to queue
[2022-03-17 16:41:00,948] {logging_mixin.py:109} INFO - [2022-03-17 16:41:00,948] {dagbag.py:500} INFO - Filling up the DagBag from /Users/louisekirkham/Documents/linkedin_learning/Ex_Files_Data_Engineering_Foundations/airflow_env/lib/python3.9/site-packages/airflow/example_dags/example_branch_operator.py
[2022-03-17 16:41:00,982] {processor.py:654} INFO - DAG(s) dict_keys(['example_branch_operator']) retrieved from /Users/louisekirkham/Documents/linkedin_learning/Ex_Files_Data_Engineering_Foundations/airflow_env/lib/python3.9/site-packages/airflow/example_dags/example_branch_operator.py
[2022-03-17 16:41:00,996] {logging_mixin.py:109} INFO - [2022-03-17 16:41:00,996] {dag.py:2398} INFO - Sync 1 DAGs
[2022-03-17 16:41:01,005] {logging_mixin.py:109} INFO - [2022-03-17 16:41:01,004] {dag.py:2937} INFO - Setting next_dagrun for example_branch_operator to 2022-03-16 00:00:00+00:00
[2022-03-17 16:41:01,011] {processor.py:171} INFO - Processing /Users/louisekirkham/Documents/linkedin_learning/Ex_Files_Data_Engineering_Foundations/airflow_env/lib/python3.9/site-packages/airflow/example_dags/example_branch_operator.py took 0.064 seconds
[2022-03-17 16:42:22,304] {processor.py:163} INFO - Started process (PID=45489) to work on /Users/louisekirkham/Documents/linkedin_learning/Ex_Files_Data_Engineering_Foundations/airflow_env/lib/python3.9/site-packages/airflow/example_dags/example_branch_operator.py
[2022-03-17 16:42:22,304] {processor.py:642} INFO - Processing file /Users/louisekirkham/Documents/linkedin_learning/Ex_Files_Data_Engineering_Foundations/airflow_env/lib/python3.9/site-packages/airflow/example_dags/example_branch_operator.py for tasks to queue
[2022-03-17 16:42:22,305] {logging_mixin.py:109} INFO - [2022-03-17 16:42:22,305] {dagbag.py:500} INFO - Filling up the DagBag from /Users/louisekirkham/Documents/linkedin_learning/Ex_Files_Data_Engineering_Foundations/airflow_env/lib/python3.9/site-packages/airflow/example_dags/example_branch_operator.py
[2022-03-17 16:42:22,344] {processor.py:654} INFO - DAG(s) dict_keys(['example_branch_operator']) retrieved from /Users/louisekirkham/Documents/linkedin_learning/Ex_Files_Data_Engineering_Foundations/airflow_env/lib/python3.9/site-packages/airflow/example_dags/example_branch_operator.py
[2022-03-17 16:42:22,359] {logging_mixin.py:109} INFO - [2022-03-17 16:42:22,359] {dag.py:2398} INFO - Sync 1 DAGs
[2022-03-17 16:42:22,368] {logging_mixin.py:109} INFO - [2022-03-17 16:42:22,368] {dag.py:2937} INFO - Setting next_dagrun for example_branch_operator to 2022-03-16 00:00:00+00:00
[2022-03-17 16:42:22,375] {processor.py:171} INFO - Processing /Users/louisekirkham/Documents/linkedin_learning/Ex_Files_Data_Engineering_Foundations/airflow_env/lib/python3.9/site-packages/airflow/example_dags/example_branch_operator.py took 0.072 seconds
[2022-03-17 16:43:44,046] {processor.py:163} INFO - Started process (PID=45578) to work on /Users/louisekirkham/Documents/linkedin_learning/Ex_Files_Data_Engineering_Foundations/airflow_env/lib/python3.9/site-packages/airflow/example_dags/example_branch_operator.py
[2022-03-17 16:43:44,046] {processor.py:642} INFO - Processing file /Users/louisekirkham/Documents/linkedin_learning/Ex_Files_Data_Engineering_Foundations/airflow_env/lib/python3.9/site-packages/airflow/example_dags/example_branch_operator.py for tasks to queue
[2022-03-17 16:43:44,046] {logging_mixin.py:109} INFO - [2022-03-17 16:43:44,046] {dagbag.py:500} INFO - Filling up the DagBag from /Users/louisekirkham/Documents/linkedin_learning/Ex_Files_Data_Engineering_Foundations/airflow_env/lib/python3.9/site-packages/airflow/example_dags/example_branch_operator.py
[2022-03-17 16:43:44,085] {processor.py:654} INFO - DAG(s) dict_keys(['example_branch_operator']) retrieved from /Users/louisekirkham/Documents/linkedin_learning/Ex_Files_Data_Engineering_Foundations/airflow_env/lib/python3.9/site-packages/airflow/example_dags/example_branch_operator.py
[2022-03-17 16:43:44,099] {logging_mixin.py:109} INFO - [2022-03-17 16:43:44,099] {dag.py:2398} INFO - Sync 1 DAGs
[2022-03-17 16:43:44,108] {logging_mixin.py:109} INFO - [2022-03-17 16:43:44,108] {dag.py:2937} INFO - Setting next_dagrun for example_branch_operator to 2022-03-16 00:00:00+00:00
[2022-03-17 16:43:44,115] {processor.py:171} INFO - Processing /Users/louisekirkham/Documents/linkedin_learning/Ex_Files_Data_Engineering_Foundations/airflow_env/lib/python3.9/site-packages/airflow/example_dags/example_branch_operator.py took 0.070 seconds
[2022-03-17 16:45:04,947] {processor.py:163} INFO - Started process (PID=45651) to work on /Users/louisekirkham/Documents/linkedin_learning/Ex_Files_Data_Engineering_Foundations/airflow_env/lib/python3.9/site-packages/airflow/example_dags/example_branch_operator.py
[2022-03-17 16:45:04,948] {processor.py:642} INFO - Processing file /Users/louisekirkham/Documents/linkedin_learning/Ex_Files_Data_Engineering_Foundations/airflow_env/lib/python3.9/site-packages/airflow/example_dags/example_branch_operator.py for tasks to queue
[2022-03-17 16:45:04,948] {logging_mixin.py:109} INFO - [2022-03-17 16:45:04,948] {dagbag.py:500} INFO - Filling up the DagBag from /Users/louisekirkham/Documents/linkedin_learning/Ex_Files_Data_Engineering_Foundations/airflow_env/lib/python3.9/site-packages/airflow/example_dags/example_branch_operator.py
[2022-03-17 16:45:04,981] {processor.py:654} INFO - DAG(s) dict_keys(['example_branch_operator']) retrieved from /Users/louisekirkham/Documents/linkedin_learning/Ex_Files_Data_Engineering_Foundations/airflow_env/lib/python3.9/site-packages/airflow/example_dags/example_branch_operator.py
[2022-03-17 16:45:04,995] {logging_mixin.py:109} INFO - [2022-03-17 16:45:04,995] {dag.py:2398} INFO - Sync 1 DAGs
[2022-03-17 16:45:05,003] {logging_mixin.py:109} INFO - [2022-03-17 16:45:05,003] {dag.py:2937} INFO - Setting next_dagrun for example_branch_operator to 2022-03-16 00:00:00+00:00
[2022-03-17 16:45:05,012] {processor.py:171} INFO - Processing /Users/louisekirkham/Documents/linkedin_learning/Ex_Files_Data_Engineering_Foundations/airflow_env/lib/python3.9/site-packages/airflow/example_dags/example_branch_operator.py took 0.065 seconds
[2022-03-17 17:07:29,829] {processor.py:163} INFO - Started process (PID=45826) to work on /Users/louisekirkham/Documents/linkedin_learning/Ex_Files_Data_Engineering_Foundations/airflow_env/lib/python3.9/site-packages/airflow/example_dags/example_branch_operator.py
[2022-03-17 17:07:29,830] {processor.py:642} INFO - Processing file /Users/louisekirkham/Documents/linkedin_learning/Ex_Files_Data_Engineering_Foundations/airflow_env/lib/python3.9/site-packages/airflow/example_dags/example_branch_operator.py for tasks to queue
[2022-03-17 17:07:29,831] {logging_mixin.py:109} INFO - [2022-03-17 17:07:29,831] {dagbag.py:500} INFO - Filling up the DagBag from /Users/louisekirkham/Documents/linkedin_learning/Ex_Files_Data_Engineering_Foundations/airflow_env/lib/python3.9/site-packages/airflow/example_dags/example_branch_operator.py
[2022-03-17 17:07:29,867] {processor.py:654} INFO - DAG(s) dict_keys(['example_branch_operator']) retrieved from /Users/louisekirkham/Documents/linkedin_learning/Ex_Files_Data_Engineering_Foundations/airflow_env/lib/python3.9/site-packages/airflow/example_dags/example_branch_operator.py
[2022-03-17 17:07:29,881] {logging_mixin.py:109} INFO - [2022-03-17 17:07:29,880] {dag.py:2398} INFO - Sync 1 DAGs
[2022-03-17 17:07:29,888] {logging_mixin.py:109} INFO - [2022-03-17 17:07:29,888] {dag.py:2937} INFO - Setting next_dagrun for example_branch_operator to 2022-03-16 00:00:00+00:00
[2022-03-17 17:07:29,894] {processor.py:171} INFO - Processing /Users/louisekirkham/Documents/linkedin_learning/Ex_Files_Data_Engineering_Foundations/airflow_env/lib/python3.9/site-packages/airflow/example_dags/example_branch_operator.py took 0.065 seconds
[2022-03-17 17:08:51,483] {processor.py:163} INFO - Started process (PID=45888) to work on /Users/louisekirkham/Documents/linkedin_learning/Ex_Files_Data_Engineering_Foundations/airflow_env/lib/python3.9/site-packages/airflow/example_dags/example_branch_operator.py
[2022-03-17 17:08:51,485] {processor.py:642} INFO - Processing file /Users/louisekirkham/Documents/linkedin_learning/Ex_Files_Data_Engineering_Foundations/airflow_env/lib/python3.9/site-packages/airflow/example_dags/example_branch_operator.py for tasks to queue
[2022-03-17 17:08:51,486] {logging_mixin.py:109} INFO - [2022-03-17 17:08:51,486] {dagbag.py:500} INFO - Filling up the DagBag from /Users/louisekirkham/Documents/linkedin_learning/Ex_Files_Data_Engineering_Foundations/airflow_env/lib/python3.9/site-packages/airflow/example_dags/example_branch_operator.py
[2022-03-17 17:08:51,524] {processor.py:654} INFO - DAG(s) dict_keys(['example_branch_operator']) retrieved from /Users/louisekirkham/Documents/linkedin_learning/Ex_Files_Data_Engineering_Foundations/airflow_env/lib/python3.9/site-packages/airflow/example_dags/example_branch_operator.py
[2022-03-17 17:08:51,537] {logging_mixin.py:109} INFO - [2022-03-17 17:08:51,537] {dag.py:2398} INFO - Sync 1 DAGs
[2022-03-17 17:08:51,545] {logging_mixin.py:109} INFO - [2022-03-17 17:08:51,545] {dag.py:2937} INFO - Setting next_dagrun for example_branch_operator to 2022-03-16 00:00:00+00:00
[2022-03-17 17:08:51,551] {processor.py:171} INFO - Processing /Users/louisekirkham/Documents/linkedin_learning/Ex_Files_Data_Engineering_Foundations/airflow_env/lib/python3.9/site-packages/airflow/example_dags/example_branch_operator.py took 0.068 seconds
[2022-03-17 17:10:17,181] {processor.py:163} INFO - Started process (PID=45957) to work on /Users/louisekirkham/Documents/linkedin_learning/Ex_Files_Data_Engineering_Foundations/airflow_env/lib/python3.9/site-packages/airflow/example_dags/example_branch_operator.py
[2022-03-17 17:10:17,182] {processor.py:642} INFO - Processing file /Users/louisekirkham/Documents/linkedin_learning/Ex_Files_Data_Engineering_Foundations/airflow_env/lib/python3.9/site-packages/airflow/example_dags/example_branch_operator.py for tasks to queue
[2022-03-17 17:10:17,183] {logging_mixin.py:109} INFO - [2022-03-17 17:10:17,182] {dagbag.py:500} INFO - Filling up the DagBag from /Users/louisekirkham/Documents/linkedin_learning/Ex_Files_Data_Engineering_Foundations/airflow_env/lib/python3.9/site-packages/airflow/example_dags/example_branch_operator.py
[2022-03-17 17:10:17,218] {processor.py:654} INFO - DAG(s) dict_keys(['example_branch_operator']) retrieved from /Users/louisekirkham/Documents/linkedin_learning/Ex_Files_Data_Engineering_Foundations/airflow_env/lib/python3.9/site-packages/airflow/example_dags/example_branch_operator.py
[2022-03-17 17:10:17,232] {logging_mixin.py:109} INFO - [2022-03-17 17:10:17,232] {dag.py:2398} INFO - Sync 1 DAGs
[2022-03-17 17:10:17,240] {logging_mixin.py:109} INFO - [2022-03-17 17:10:17,240] {dag.py:2937} INFO - Setting next_dagrun for example_branch_operator to 2022-03-16 00:00:00+00:00
[2022-03-17 17:10:17,246] {processor.py:171} INFO - Processing /Users/louisekirkham/Documents/linkedin_learning/Ex_Files_Data_Engineering_Foundations/airflow_env/lib/python3.9/site-packages/airflow/example_dags/example_branch_operator.py took 0.066 seconds
[2022-03-17 17:11:37,818] {processor.py:163} INFO - Started process (PID=46015) to work on /Users/louisekirkham/Documents/linkedin_learning/Ex_Files_Data_Engineering_Foundations/airflow_env/lib/python3.9/site-packages/airflow/example_dags/example_branch_operator.py
[2022-03-17 17:11:37,818] {processor.py:642} INFO - Processing file /Users/louisekirkham/Documents/linkedin_learning/Ex_Files_Data_Engineering_Foundations/airflow_env/lib/python3.9/site-packages/airflow/example_dags/example_branch_operator.py for tasks to queue
[2022-03-17 17:11:37,819] {logging_mixin.py:109} INFO - [2022-03-17 17:11:37,818] {dagbag.py:500} INFO - Filling up the DagBag from /Users/louisekirkham/Documents/linkedin_learning/Ex_Files_Data_Engineering_Foundations/airflow_env/lib/python3.9/site-packages/airflow/example_dags/example_branch_operator.py
[2022-03-17 17:11:37,875] {processor.py:654} INFO - DAG(s) dict_keys(['example_branch_operator']) retrieved from /Users/louisekirkham/Documents/linkedin_learning/Ex_Files_Data_Engineering_Foundations/airflow_env/lib/python3.9/site-packages/airflow/example_dags/example_branch_operator.py
[2022-03-17 17:11:37,899] {logging_mixin.py:109} INFO - [2022-03-17 17:11:37,899] {dag.py:2398} INFO - Sync 1 DAGs
[2022-03-17 17:11:37,913] {logging_mixin.py:109} INFO - [2022-03-17 17:11:37,913] {dag.py:2937} INFO - Setting next_dagrun for example_branch_operator to 2022-03-16 00:00:00+00:00
[2022-03-17 17:11:37,921] {processor.py:171} INFO - Processing /Users/louisekirkham/Documents/linkedin_learning/Ex_Files_Data_Engineering_Foundations/airflow_env/lib/python3.9/site-packages/airflow/example_dags/example_branch_operator.py took 0.104 seconds
