[2022-03-17 16:03:39,262] {processor.py:163} INFO - Started process (PID=44982) to work on /Users/louisekirkham/Documents/linkedin_learning/Ex_Files_Data_Engineering_Foundations/airflow_env/lib/python3.9/site-packages/airflow/example_dags/example_branch_day_of_week_operator.py
[2022-03-17 16:03:39,262] {processor.py:642} INFO - Processing file /Users/louisekirkham/Documents/linkedin_learning/Ex_Files_Data_Engineering_Foundations/airflow_env/lib/python3.9/site-packages/airflow/example_dags/example_branch_day_of_week_operator.py for tasks to queue
[2022-03-17 16:03:39,262] {logging_mixin.py:109} INFO - [2022-03-17 16:03:39,262] {dagbag.py:500} INFO - Filling up the DagBag from /Users/louisekirkham/Documents/linkedin_learning/Ex_Files_Data_Engineering_Foundations/airflow_env/lib/python3.9/site-packages/airflow/example_dags/example_branch_day_of_week_operator.py
[2022-03-17 16:03:39,293] {processor.py:654} INFO - DAG(s) dict_keys(['example_weekday_branch_operator']) retrieved from /Users/louisekirkham/Documents/linkedin_learning/Ex_Files_Data_Engineering_Foundations/airflow_env/lib/python3.9/site-packages/airflow/example_dags/example_branch_day_of_week_operator.py
[2022-03-17 16:03:39,306] {logging_mixin.py:109} INFO - [2022-03-17 16:03:39,306] {dag.py:2398} INFO - Sync 1 DAGs
[2022-03-17 16:03:39,315] {logging_mixin.py:109} INFO - [2022-03-17 16:03:39,315] {dag.py:2937} INFO - Setting next_dagrun for example_weekday_branch_operator to 2022-03-16 00:00:00+00:00
[2022-03-17 16:03:39,323] {processor.py:171} INFO - Processing /Users/louisekirkham/Documents/linkedin_learning/Ex_Files_Data_Engineering_Foundations/airflow_env/lib/python3.9/site-packages/airflow/example_dags/example_branch_day_of_week_operator.py took 0.062 seconds
[2022-03-17 16:35:34,832] {processor.py:163} INFO - Started process (PID=45150) to work on /Users/louisekirkham/Documents/linkedin_learning/Ex_Files_Data_Engineering_Foundations/airflow_env/lib/python3.9/site-packages/airflow/example_dags/example_branch_day_of_week_operator.py
[2022-03-17 16:35:34,833] {processor.py:642} INFO - Processing file /Users/louisekirkham/Documents/linkedin_learning/Ex_Files_Data_Engineering_Foundations/airflow_env/lib/python3.9/site-packages/airflow/example_dags/example_branch_day_of_week_operator.py for tasks to queue
[2022-03-17 16:35:34,833] {logging_mixin.py:109} INFO - [2022-03-17 16:35:34,833] {dagbag.py:500} INFO - Filling up the DagBag from /Users/louisekirkham/Documents/linkedin_learning/Ex_Files_Data_Engineering_Foundations/airflow_env/lib/python3.9/site-packages/airflow/example_dags/example_branch_day_of_week_operator.py
[2022-03-17 16:35:34,863] {processor.py:654} INFO - DAG(s) dict_keys(['example_weekday_branch_operator']) retrieved from /Users/louisekirkham/Documents/linkedin_learning/Ex_Files_Data_Engineering_Foundations/airflow_env/lib/python3.9/site-packages/airflow/example_dags/example_branch_day_of_week_operator.py
[2022-03-17 16:35:34,876] {logging_mixin.py:109} INFO - [2022-03-17 16:35:34,876] {dag.py:2398} INFO - Sync 1 DAGs
[2022-03-17 16:35:34,883] {logging_mixin.py:109} INFO - [2022-03-17 16:35:34,883] {dag.py:2937} INFO - Setting next_dagrun for example_weekday_branch_operator to 2022-03-16 00:00:00+00:00
[2022-03-17 16:35:34,890] {processor.py:171} INFO - Processing /Users/louisekirkham/Documents/linkedin_learning/Ex_Files_Data_Engineering_Foundations/airflow_env/lib/python3.9/site-packages/airflow/example_dags/example_branch_day_of_week_operator.py took 0.058 seconds
[2022-03-17 16:37:02,767] {processor.py:163} INFO - Started process (PID=45231) to work on /Users/louisekirkham/Documents/linkedin_learning/Ex_Files_Data_Engineering_Foundations/airflow_env/lib/python3.9/site-packages/airflow/example_dags/example_branch_day_of_week_operator.py
[2022-03-17 16:37:02,767] {processor.py:642} INFO - Processing file /Users/louisekirkham/Documents/linkedin_learning/Ex_Files_Data_Engineering_Foundations/airflow_env/lib/python3.9/site-packages/airflow/example_dags/example_branch_day_of_week_operator.py for tasks to queue
[2022-03-17 16:37:02,767] {logging_mixin.py:109} INFO - [2022-03-17 16:37:02,767] {dagbag.py:500} INFO - Filling up the DagBag from /Users/louisekirkham/Documents/linkedin_learning/Ex_Files_Data_Engineering_Foundations/airflow_env/lib/python3.9/site-packages/airflow/example_dags/example_branch_day_of_week_operator.py
[2022-03-17 16:37:02,798] {processor.py:654} INFO - DAG(s) dict_keys(['example_weekday_branch_operator']) retrieved from /Users/louisekirkham/Documents/linkedin_learning/Ex_Files_Data_Engineering_Foundations/airflow_env/lib/python3.9/site-packages/airflow/example_dags/example_branch_day_of_week_operator.py
[2022-03-17 16:37:02,812] {logging_mixin.py:109} INFO - [2022-03-17 16:37:02,812] {dag.py:2398} INFO - Sync 1 DAGs
[2022-03-17 16:37:02,819] {logging_mixin.py:109} INFO - [2022-03-17 16:37:02,819] {dag.py:2937} INFO - Setting next_dagrun for example_weekday_branch_operator to 2022-03-16 00:00:00+00:00
[2022-03-17 16:37:02,827] {processor.py:171} INFO - Processing /Users/louisekirkham/Documents/linkedin_learning/Ex_Files_Data_Engineering_Foundations/airflow_env/lib/python3.9/site-packages/airflow/example_dags/example_branch_day_of_week_operator.py took 0.061 seconds
[2022-03-17 16:38:24,303] {processor.py:163} INFO - Started process (PID=45308) to work on /Users/louisekirkham/Documents/linkedin_learning/Ex_Files_Data_Engineering_Foundations/airflow_env/lib/python3.9/site-packages/airflow/example_dags/example_branch_day_of_week_operator.py
[2022-03-17 16:38:24,303] {processor.py:642} INFO - Processing file /Users/louisekirkham/Documents/linkedin_learning/Ex_Files_Data_Engineering_Foundations/airflow_env/lib/python3.9/site-packages/airflow/example_dags/example_branch_day_of_week_operator.py for tasks to queue
[2022-03-17 16:38:24,304] {logging_mixin.py:109} INFO - [2022-03-17 16:38:24,304] {dagbag.py:500} INFO - Filling up the DagBag from /Users/louisekirkham/Documents/linkedin_learning/Ex_Files_Data_Engineering_Foundations/airflow_env/lib/python3.9/site-packages/airflow/example_dags/example_branch_day_of_week_operator.py
[2022-03-17 16:38:24,328] {processor.py:654} INFO - DAG(s) dict_keys(['example_weekday_branch_operator']) retrieved from /Users/louisekirkham/Documents/linkedin_learning/Ex_Files_Data_Engineering_Foundations/airflow_env/lib/python3.9/site-packages/airflow/example_dags/example_branch_day_of_week_operator.py
[2022-03-17 16:38:24,340] {logging_mixin.py:109} INFO - [2022-03-17 16:38:24,340] {dag.py:2398} INFO - Sync 1 DAGs
[2022-03-17 16:38:24,348] {logging_mixin.py:109} INFO - [2022-03-17 16:38:24,347] {dag.py:2937} INFO - Setting next_dagrun for example_weekday_branch_operator to 2022-03-16 00:00:00+00:00
[2022-03-17 16:38:24,354] {processor.py:171} INFO - Processing /Users/louisekirkham/Documents/linkedin_learning/Ex_Files_Data_Engineering_Foundations/airflow_env/lib/python3.9/site-packages/airflow/example_dags/example_branch_day_of_week_operator.py took 0.052 seconds
[2022-03-17 16:39:44,619] {processor.py:163} INFO - Started process (PID=45371) to work on /Users/louisekirkham/Documents/linkedin_learning/Ex_Files_Data_Engineering_Foundations/airflow_env/lib/python3.9/site-packages/airflow/example_dags/example_branch_day_of_week_operator.py
[2022-03-17 16:39:44,620] {processor.py:642} INFO - Processing file /Users/louisekirkham/Documents/linkedin_learning/Ex_Files_Data_Engineering_Foundations/airflow_env/lib/python3.9/site-packages/airflow/example_dags/example_branch_day_of_week_operator.py for tasks to queue
[2022-03-17 16:39:44,620] {logging_mixin.py:109} INFO - [2022-03-17 16:39:44,620] {dagbag.py:500} INFO - Filling up the DagBag from /Users/louisekirkham/Documents/linkedin_learning/Ex_Files_Data_Engineering_Foundations/airflow_env/lib/python3.9/site-packages/airflow/example_dags/example_branch_day_of_week_operator.py
[2022-03-17 16:39:44,646] {processor.py:654} INFO - DAG(s) dict_keys(['example_weekday_branch_operator']) retrieved from /Users/louisekirkham/Documents/linkedin_learning/Ex_Files_Data_Engineering_Foundations/airflow_env/lib/python3.9/site-packages/airflow/example_dags/example_branch_day_of_week_operator.py
[2022-03-17 16:39:44,659] {logging_mixin.py:109} INFO - [2022-03-17 16:39:44,658] {dag.py:2398} INFO - Sync 1 DAGs
[2022-03-17 16:39:44,666] {logging_mixin.py:109} INFO - [2022-03-17 16:39:44,666] {dag.py:2937} INFO - Setting next_dagrun for example_weekday_branch_operator to 2022-03-16 00:00:00+00:00
[2022-03-17 16:39:44,673] {processor.py:171} INFO - Processing /Users/louisekirkham/Documents/linkedin_learning/Ex_Files_Data_Engineering_Foundations/airflow_env/lib/python3.9/site-packages/airflow/example_dags/example_branch_day_of_week_operator.py took 0.054 seconds
[2022-03-17 16:41:05,055] {processor.py:163} INFO - Started process (PID=45426) to work on /Users/louisekirkham/Documents/linkedin_learning/Ex_Files_Data_Engineering_Foundations/airflow_env/lib/python3.9/site-packages/airflow/example_dags/example_branch_day_of_week_operator.py
[2022-03-17 16:41:05,056] {processor.py:642} INFO - Processing file /Users/louisekirkham/Documents/linkedin_learning/Ex_Files_Data_Engineering_Foundations/airflow_env/lib/python3.9/site-packages/airflow/example_dags/example_branch_day_of_week_operator.py for tasks to queue
[2022-03-17 16:41:05,056] {logging_mixin.py:109} INFO - [2022-03-17 16:41:05,056] {dagbag.py:500} INFO - Filling up the DagBag from /Users/louisekirkham/Documents/linkedin_learning/Ex_Files_Data_Engineering_Foundations/airflow_env/lib/python3.9/site-packages/airflow/example_dags/example_branch_day_of_week_operator.py
[2022-03-17 16:41:05,082] {processor.py:654} INFO - DAG(s) dict_keys(['example_weekday_branch_operator']) retrieved from /Users/louisekirkham/Documents/linkedin_learning/Ex_Files_Data_Engineering_Foundations/airflow_env/lib/python3.9/site-packages/airflow/example_dags/example_branch_day_of_week_operator.py
[2022-03-17 16:41:05,095] {logging_mixin.py:109} INFO - [2022-03-17 16:41:05,095] {dag.py:2398} INFO - Sync 1 DAGs
[2022-03-17 16:41:05,102] {logging_mixin.py:109} INFO - [2022-03-17 16:41:05,102] {dag.py:2937} INFO - Setting next_dagrun for example_weekday_branch_operator to 2022-03-16 00:00:00+00:00
[2022-03-17 16:41:05,109] {processor.py:171} INFO - Processing /Users/louisekirkham/Documents/linkedin_learning/Ex_Files_Data_Engineering_Foundations/airflow_env/lib/python3.9/site-packages/airflow/example_dags/example_branch_day_of_week_operator.py took 0.055 seconds
[2022-03-17 16:42:26,135] {processor.py:163} INFO - Started process (PID=45493) to work on /Users/louisekirkham/Documents/linkedin_learning/Ex_Files_Data_Engineering_Foundations/airflow_env/lib/python3.9/site-packages/airflow/example_dags/example_branch_day_of_week_operator.py
[2022-03-17 16:42:26,136] {processor.py:642} INFO - Processing file /Users/louisekirkham/Documents/linkedin_learning/Ex_Files_Data_Engineering_Foundations/airflow_env/lib/python3.9/site-packages/airflow/example_dags/example_branch_day_of_week_operator.py for tasks to queue
[2022-03-17 16:42:26,136] {logging_mixin.py:109} INFO - [2022-03-17 16:42:26,136] {dagbag.py:500} INFO - Filling up the DagBag from /Users/louisekirkham/Documents/linkedin_learning/Ex_Files_Data_Engineering_Foundations/airflow_env/lib/python3.9/site-packages/airflow/example_dags/example_branch_day_of_week_operator.py
[2022-03-17 16:42:26,164] {processor.py:654} INFO - DAG(s) dict_keys(['example_weekday_branch_operator']) retrieved from /Users/louisekirkham/Documents/linkedin_learning/Ex_Files_Data_Engineering_Foundations/airflow_env/lib/python3.9/site-packages/airflow/example_dags/example_branch_day_of_week_operator.py
[2022-03-17 16:42:26,178] {logging_mixin.py:109} INFO - [2022-03-17 16:42:26,178] {dag.py:2398} INFO - Sync 1 DAGs
[2022-03-17 16:42:26,186] {logging_mixin.py:109} INFO - [2022-03-17 16:42:26,186] {dag.py:2937} INFO - Setting next_dagrun for example_weekday_branch_operator to 2022-03-16 00:00:00+00:00
[2022-03-17 16:42:26,193] {processor.py:171} INFO - Processing /Users/louisekirkham/Documents/linkedin_learning/Ex_Files_Data_Engineering_Foundations/airflow_env/lib/python3.9/site-packages/airflow/example_dags/example_branch_day_of_week_operator.py took 0.058 seconds
[2022-03-17 16:43:47,802] {processor.py:163} INFO - Started process (PID=45584) to work on /Users/louisekirkham/Documents/linkedin_learning/Ex_Files_Data_Engineering_Foundations/airflow_env/lib/python3.9/site-packages/airflow/example_dags/example_branch_day_of_week_operator.py
[2022-03-17 16:43:47,802] {processor.py:642} INFO - Processing file /Users/louisekirkham/Documents/linkedin_learning/Ex_Files_Data_Engineering_Foundations/airflow_env/lib/python3.9/site-packages/airflow/example_dags/example_branch_day_of_week_operator.py for tasks to queue
[2022-03-17 16:43:47,802] {logging_mixin.py:109} INFO - [2022-03-17 16:43:47,802] {dagbag.py:500} INFO - Filling up the DagBag from /Users/louisekirkham/Documents/linkedin_learning/Ex_Files_Data_Engineering_Foundations/airflow_env/lib/python3.9/site-packages/airflow/example_dags/example_branch_day_of_week_operator.py
[2022-03-17 16:43:47,830] {processor.py:654} INFO - DAG(s) dict_keys(['example_weekday_branch_operator']) retrieved from /Users/louisekirkham/Documents/linkedin_learning/Ex_Files_Data_Engineering_Foundations/airflow_env/lib/python3.9/site-packages/airflow/example_dags/example_branch_day_of_week_operator.py
[2022-03-17 16:43:47,843] {logging_mixin.py:109} INFO - [2022-03-17 16:43:47,843] {dag.py:2398} INFO - Sync 1 DAGs
[2022-03-17 16:43:47,851] {logging_mixin.py:109} INFO - [2022-03-17 16:43:47,851] {dag.py:2937} INFO - Setting next_dagrun for example_weekday_branch_operator to 2022-03-16 00:00:00+00:00
[2022-03-17 16:43:47,858] {processor.py:171} INFO - Processing /Users/louisekirkham/Documents/linkedin_learning/Ex_Files_Data_Engineering_Foundations/airflow_env/lib/python3.9/site-packages/airflow/example_dags/example_branch_day_of_week_operator.py took 0.057 seconds
[2022-03-17 16:45:08,705] {processor.py:163} INFO - Started process (PID=45653) to work on /Users/louisekirkham/Documents/linkedin_learning/Ex_Files_Data_Engineering_Foundations/airflow_env/lib/python3.9/site-packages/airflow/example_dags/example_branch_day_of_week_operator.py
[2022-03-17 16:45:08,706] {processor.py:642} INFO - Processing file /Users/louisekirkham/Documents/linkedin_learning/Ex_Files_Data_Engineering_Foundations/airflow_env/lib/python3.9/site-packages/airflow/example_dags/example_branch_day_of_week_operator.py for tasks to queue
[2022-03-17 16:45:08,706] {logging_mixin.py:109} INFO - [2022-03-17 16:45:08,706] {dagbag.py:500} INFO - Filling up the DagBag from /Users/louisekirkham/Documents/linkedin_learning/Ex_Files_Data_Engineering_Foundations/airflow_env/lib/python3.9/site-packages/airflow/example_dags/example_branch_day_of_week_operator.py
[2022-03-17 16:45:08,732] {processor.py:654} INFO - DAG(s) dict_keys(['example_weekday_branch_operator']) retrieved from /Users/louisekirkham/Documents/linkedin_learning/Ex_Files_Data_Engineering_Foundations/airflow_env/lib/python3.9/site-packages/airflow/example_dags/example_branch_day_of_week_operator.py
[2022-03-17 16:45:08,745] {logging_mixin.py:109} INFO - [2022-03-17 16:45:08,745] {dag.py:2398} INFO - Sync 1 DAGs
[2022-03-17 16:45:08,753] {logging_mixin.py:109} INFO - [2022-03-17 16:45:08,753] {dag.py:2937} INFO - Setting next_dagrun for example_weekday_branch_operator to 2022-03-16 00:00:00+00:00
[2022-03-17 16:45:08,760] {processor.py:171} INFO - Processing /Users/louisekirkham/Documents/linkedin_learning/Ex_Files_Data_Engineering_Foundations/airflow_env/lib/python3.9/site-packages/airflow/example_dags/example_branch_day_of_week_operator.py took 0.055 seconds
[2022-03-17 17:07:33,220] {processor.py:163} INFO - Started process (PID=45828) to work on /Users/louisekirkham/Documents/linkedin_learning/Ex_Files_Data_Engineering_Foundations/airflow_env/lib/python3.9/site-packages/airflow/example_dags/example_branch_day_of_week_operator.py
[2022-03-17 17:07:33,222] {processor.py:642} INFO - Processing file /Users/louisekirkham/Documents/linkedin_learning/Ex_Files_Data_Engineering_Foundations/airflow_env/lib/python3.9/site-packages/airflow/example_dags/example_branch_day_of_week_operator.py for tasks to queue
[2022-03-17 17:07:33,222] {logging_mixin.py:109} INFO - [2022-03-17 17:07:33,222] {dagbag.py:500} INFO - Filling up the DagBag from /Users/louisekirkham/Documents/linkedin_learning/Ex_Files_Data_Engineering_Foundations/airflow_env/lib/python3.9/site-packages/airflow/example_dags/example_branch_day_of_week_operator.py
[2022-03-17 17:07:33,253] {processor.py:654} INFO - DAG(s) dict_keys(['example_weekday_branch_operator']) retrieved from /Users/louisekirkham/Documents/linkedin_learning/Ex_Files_Data_Engineering_Foundations/airflow_env/lib/python3.9/site-packages/airflow/example_dags/example_branch_day_of_week_operator.py
[2022-03-17 17:07:33,266] {logging_mixin.py:109} INFO - [2022-03-17 17:07:33,266] {dag.py:2398} INFO - Sync 1 DAGs
[2022-03-17 17:07:33,273] {logging_mixin.py:109} INFO - [2022-03-17 17:07:33,273] {dag.py:2937} INFO - Setting next_dagrun for example_weekday_branch_operator to 2022-03-16 00:00:00+00:00
[2022-03-17 17:07:33,279] {processor.py:171} INFO - Processing /Users/louisekirkham/Documents/linkedin_learning/Ex_Files_Data_Engineering_Foundations/airflow_env/lib/python3.9/site-packages/airflow/example_dags/example_branch_day_of_week_operator.py took 0.060 seconds
[2022-03-17 17:08:55,337] {processor.py:163} INFO - Started process (PID=45890) to work on /Users/louisekirkham/Documents/linkedin_learning/Ex_Files_Data_Engineering_Foundations/airflow_env/lib/python3.9/site-packages/airflow/example_dags/example_branch_day_of_week_operator.py
[2022-03-17 17:08:55,337] {processor.py:642} INFO - Processing file /Users/louisekirkham/Documents/linkedin_learning/Ex_Files_Data_Engineering_Foundations/airflow_env/lib/python3.9/site-packages/airflow/example_dags/example_branch_day_of_week_operator.py for tasks to queue
[2022-03-17 17:08:55,338] {logging_mixin.py:109} INFO - [2022-03-17 17:08:55,338] {dagbag.py:500} INFO - Filling up the DagBag from /Users/louisekirkham/Documents/linkedin_learning/Ex_Files_Data_Engineering_Foundations/airflow_env/lib/python3.9/site-packages/airflow/example_dags/example_branch_day_of_week_operator.py
[2022-03-17 17:08:55,367] {processor.py:654} INFO - DAG(s) dict_keys(['example_weekday_branch_operator']) retrieved from /Users/louisekirkham/Documents/linkedin_learning/Ex_Files_Data_Engineering_Foundations/airflow_env/lib/python3.9/site-packages/airflow/example_dags/example_branch_day_of_week_operator.py
[2022-03-17 17:08:55,381] {logging_mixin.py:109} INFO - [2022-03-17 17:08:55,381] {dag.py:2398} INFO - Sync 1 DAGs
[2022-03-17 17:08:55,389] {logging_mixin.py:109} INFO - [2022-03-17 17:08:55,389] {dag.py:2937} INFO - Setting next_dagrun for example_weekday_branch_operator to 2022-03-16 00:00:00+00:00
[2022-03-17 17:08:55,395] {processor.py:171} INFO - Processing /Users/louisekirkham/Documents/linkedin_learning/Ex_Files_Data_Engineering_Foundations/airflow_env/lib/python3.9/site-packages/airflow/example_dags/example_branch_day_of_week_operator.py took 0.059 seconds
[2022-03-17 17:10:21,169] {processor.py:163} INFO - Started process (PID=45960) to work on /Users/louisekirkham/Documents/linkedin_learning/Ex_Files_Data_Engineering_Foundations/airflow_env/lib/python3.9/site-packages/airflow/example_dags/example_branch_day_of_week_operator.py
[2022-03-17 17:10:21,171] {processor.py:642} INFO - Processing file /Users/louisekirkham/Documents/linkedin_learning/Ex_Files_Data_Engineering_Foundations/airflow_env/lib/python3.9/site-packages/airflow/example_dags/example_branch_day_of_week_operator.py for tasks to queue
[2022-03-17 17:10:21,172] {logging_mixin.py:109} INFO - [2022-03-17 17:10:21,172] {dagbag.py:500} INFO - Filling up the DagBag from /Users/louisekirkham/Documents/linkedin_learning/Ex_Files_Data_Engineering_Foundations/airflow_env/lib/python3.9/site-packages/airflow/example_dags/example_branch_day_of_week_operator.py
[2022-03-17 17:10:21,201] {processor.py:654} INFO - DAG(s) dict_keys(['example_weekday_branch_operator']) retrieved from /Users/louisekirkham/Documents/linkedin_learning/Ex_Files_Data_Engineering_Foundations/airflow_env/lib/python3.9/site-packages/airflow/example_dags/example_branch_day_of_week_operator.py
[2022-03-17 17:10:21,214] {logging_mixin.py:109} INFO - [2022-03-17 17:10:21,214] {dag.py:2398} INFO - Sync 1 DAGs
[2022-03-17 17:10:21,221] {logging_mixin.py:109} INFO - [2022-03-17 17:10:21,221] {dag.py:2937} INFO - Setting next_dagrun for example_weekday_branch_operator to 2022-03-16 00:00:00+00:00
[2022-03-17 17:10:21,228] {processor.py:171} INFO - Processing /Users/louisekirkham/Documents/linkedin_learning/Ex_Files_Data_Engineering_Foundations/airflow_env/lib/python3.9/site-packages/airflow/example_dags/example_branch_day_of_week_operator.py took 0.059 seconds
[2022-03-17 19:11:41,326] {processor.py:163} INFO - Started process (PID=46021) to work on /Users/louisekirkham/Documents/linkedin_learning/Ex_Files_Data_Engineering_Foundations/airflow_env/lib/python3.9/site-packages/airflow/example_dags/example_branch_day_of_week_operator.py
[2022-03-17 19:11:41,822] {processor.py:642} INFO - Processing file /Users/louisekirkham/Documents/linkedin_learning/Ex_Files_Data_Engineering_Foundations/airflow_env/lib/python3.9/site-packages/airflow/example_dags/example_branch_day_of_week_operator.py for tasks to queue
[2022-03-17 19:11:41,823] {logging_mixin.py:109} INFO - [2022-03-17 19:11:41,823] {dagbag.py:500} INFO - Filling up the DagBag from /Users/louisekirkham/Documents/linkedin_learning/Ex_Files_Data_Engineering_Foundations/airflow_env/lib/python3.9/site-packages/airflow/example_dags/example_branch_day_of_week_operator.py
[2022-03-17 19:11:42,098] {processor.py:654} INFO - DAG(s) dict_keys(['example_weekday_branch_operator']) retrieved from /Users/louisekirkham/Documents/linkedin_learning/Ex_Files_Data_Engineering_Foundations/airflow_env/lib/python3.9/site-packages/airflow/example_dags/example_branch_day_of_week_operator.py
[2022-03-17 19:11:42,133] {logging_mixin.py:109} INFO - [2022-03-17 19:11:42,133] {dag.py:2398} INFO - Sync 1 DAGs
[2022-03-17 19:11:42,204] {logging_mixin.py:109} INFO - [2022-03-17 19:11:42,203] {dag.py:2937} INFO - Setting next_dagrun for example_weekday_branch_operator to 2022-03-16 00:00:00+00:00
[2022-03-17 19:11:42,225] {processor.py:171} INFO - Processing /Users/louisekirkham/Documents/linkedin_learning/Ex_Files_Data_Engineering_Foundations/airflow_env/lib/python3.9/site-packages/airflow/example_dags/example_branch_day_of_week_operator.py took 0.900 seconds
