[2022-03-17 16:03:09,652] {processor.py:163} INFO - Started process (PID=44954) to work on /Users/louisekirkham/Documents/linkedin_learning/Ex_Files_Data_Engineering_Foundations/airflow_env/lib/python3.9/site-packages/airflow/example_dags/example_skip_dag.py
[2022-03-17 16:03:09,652] {processor.py:642} INFO - Processing file /Users/louisekirkham/Documents/linkedin_learning/Ex_Files_Data_Engineering_Foundations/airflow_env/lib/python3.9/site-packages/airflow/example_dags/example_skip_dag.py for tasks to queue
[2022-03-17 16:03:09,652] {logging_mixin.py:109} INFO - [2022-03-17 16:03:09,652] {dagbag.py:500} INFO - Filling up the DagBag from /Users/louisekirkham/Documents/linkedin_learning/Ex_Files_Data_Engineering_Foundations/airflow_env/lib/python3.9/site-packages/airflow/example_dags/example_skip_dag.py
[2022-03-17 16:03:09,690] {processor.py:654} INFO - DAG(s) dict_keys(['example_skip_dag']) retrieved from /Users/louisekirkham/Documents/linkedin_learning/Ex_Files_Data_Engineering_Foundations/airflow_env/lib/python3.9/site-packages/airflow/example_dags/example_skip_dag.py
[2022-03-17 16:03:09,710] {logging_mixin.py:109} INFO - [2022-03-17 16:03:09,710] {dag.py:2398} INFO - Sync 1 DAGs
[2022-03-17 16:03:09,720] {logging_mixin.py:109} INFO - [2022-03-17 16:03:09,720] {dag.py:2937} INFO - Setting next_dagrun for example_skip_dag to 2022-03-16T16:03:09.720479+00:00
[2022-03-17 16:03:09,728] {processor.py:171} INFO - Processing /Users/louisekirkham/Documents/linkedin_learning/Ex_Files_Data_Engineering_Foundations/airflow_env/lib/python3.9/site-packages/airflow/example_dags/example_skip_dag.py took 0.076 seconds
[2022-03-17 16:34:47,027] {processor.py:163} INFO - Started process (PID=45097) to work on /Users/louisekirkham/Documents/linkedin_learning/Ex_Files_Data_Engineering_Foundations/airflow_env/lib/python3.9/site-packages/airflow/example_dags/example_skip_dag.py
[2022-03-17 16:34:47,028] {processor.py:642} INFO - Processing file /Users/louisekirkham/Documents/linkedin_learning/Ex_Files_Data_Engineering_Foundations/airflow_env/lib/python3.9/site-packages/airflow/example_dags/example_skip_dag.py for tasks to queue
[2022-03-17 16:34:47,028] {logging_mixin.py:109} INFO - [2022-03-17 16:34:47,028] {dagbag.py:500} INFO - Filling up the DagBag from /Users/louisekirkham/Documents/linkedin_learning/Ex_Files_Data_Engineering_Foundations/airflow_env/lib/python3.9/site-packages/airflow/example_dags/example_skip_dag.py
[2022-03-17 16:34:47,056] {processor.py:654} INFO - DAG(s) dict_keys(['example_skip_dag']) retrieved from /Users/louisekirkham/Documents/linkedin_learning/Ex_Files_Data_Engineering_Foundations/airflow_env/lib/python3.9/site-packages/airflow/example_dags/example_skip_dag.py
[2022-03-17 16:34:47,070] {logging_mixin.py:109} INFO - [2022-03-17 16:34:47,070] {dag.py:2398} INFO - Sync 1 DAGs
[2022-03-17 16:34:47,079] {logging_mixin.py:109} INFO - [2022-03-17 16:34:47,079] {dag.py:2937} INFO - Setting next_dagrun for example_skip_dag to 2022-03-16T16:34:47.079595+00:00
[2022-03-17 16:34:47,086] {processor.py:171} INFO - Processing /Users/louisekirkham/Documents/linkedin_learning/Ex_Files_Data_Engineering_Foundations/airflow_env/lib/python3.9/site-packages/airflow/example_dags/example_skip_dag.py took 0.059 seconds
[2022-03-17 16:36:20,270] {processor.py:163} INFO - Started process (PID=45203) to work on /Users/louisekirkham/Documents/linkedin_learning/Ex_Files_Data_Engineering_Foundations/airflow_env/lib/python3.9/site-packages/airflow/example_dags/example_skip_dag.py
[2022-03-17 16:36:20,270] {processor.py:642} INFO - Processing file /Users/louisekirkham/Documents/linkedin_learning/Ex_Files_Data_Engineering_Foundations/airflow_env/lib/python3.9/site-packages/airflow/example_dags/example_skip_dag.py for tasks to queue
[2022-03-17 16:36:20,270] {logging_mixin.py:109} INFO - [2022-03-17 16:36:20,270] {dagbag.py:500} INFO - Filling up the DagBag from /Users/louisekirkham/Documents/linkedin_learning/Ex_Files_Data_Engineering_Foundations/airflow_env/lib/python3.9/site-packages/airflow/example_dags/example_skip_dag.py
[2022-03-17 16:36:20,299] {processor.py:654} INFO - DAG(s) dict_keys(['example_skip_dag']) retrieved from /Users/louisekirkham/Documents/linkedin_learning/Ex_Files_Data_Engineering_Foundations/airflow_env/lib/python3.9/site-packages/airflow/example_dags/example_skip_dag.py
[2022-03-17 16:36:20,314] {logging_mixin.py:109} INFO - [2022-03-17 16:36:20,314] {dag.py:2398} INFO - Sync 1 DAGs
[2022-03-17 16:36:20,322] {logging_mixin.py:109} INFO - [2022-03-17 16:36:20,322] {dag.py:2937} INFO - Setting next_dagrun for example_skip_dag to 2022-03-16T16:36:20.322434+00:00
[2022-03-17 16:36:20,330] {processor.py:171} INFO - Processing /Users/louisekirkham/Documents/linkedin_learning/Ex_Files_Data_Engineering_Foundations/airflow_env/lib/python3.9/site-packages/airflow/example_dags/example_skip_dag.py took 0.061 seconds
[2022-03-17 16:37:40,655] {processor.py:163} INFO - Started process (PID=45275) to work on /Users/louisekirkham/Documents/linkedin_learning/Ex_Files_Data_Engineering_Foundations/airflow_env/lib/python3.9/site-packages/airflow/example_dags/example_skip_dag.py
[2022-03-17 16:37:40,655] {processor.py:642} INFO - Processing file /Users/louisekirkham/Documents/linkedin_learning/Ex_Files_Data_Engineering_Foundations/airflow_env/lib/python3.9/site-packages/airflow/example_dags/example_skip_dag.py for tasks to queue
[2022-03-17 16:37:40,656] {logging_mixin.py:109} INFO - [2022-03-17 16:37:40,655] {dagbag.py:500} INFO - Filling up the DagBag from /Users/louisekirkham/Documents/linkedin_learning/Ex_Files_Data_Engineering_Foundations/airflow_env/lib/python3.9/site-packages/airflow/example_dags/example_skip_dag.py
[2022-03-17 16:37:40,684] {processor.py:654} INFO - DAG(s) dict_keys(['example_skip_dag']) retrieved from /Users/louisekirkham/Documents/linkedin_learning/Ex_Files_Data_Engineering_Foundations/airflow_env/lib/python3.9/site-packages/airflow/example_dags/example_skip_dag.py
[2022-03-17 16:37:40,699] {logging_mixin.py:109} INFO - [2022-03-17 16:37:40,699] {dag.py:2398} INFO - Sync 1 DAGs
[2022-03-17 16:37:40,707] {logging_mixin.py:109} INFO - [2022-03-17 16:37:40,706] {dag.py:2937} INFO - Setting next_dagrun for example_skip_dag to 2022-03-16T16:37:40.706855+00:00
[2022-03-17 16:37:40,714] {processor.py:171} INFO - Processing /Users/louisekirkham/Documents/linkedin_learning/Ex_Files_Data_Engineering_Foundations/airflow_env/lib/python3.9/site-packages/airflow/example_dags/example_skip_dag.py took 0.060 seconds
[2022-03-17 16:39:02,303] {processor.py:163} INFO - Started process (PID=45342) to work on /Users/louisekirkham/Documents/linkedin_learning/Ex_Files_Data_Engineering_Foundations/airflow_env/lib/python3.9/site-packages/airflow/example_dags/example_skip_dag.py
[2022-03-17 16:39:02,303] {processor.py:642} INFO - Processing file /Users/louisekirkham/Documents/linkedin_learning/Ex_Files_Data_Engineering_Foundations/airflow_env/lib/python3.9/site-packages/airflow/example_dags/example_skip_dag.py for tasks to queue
[2022-03-17 16:39:02,304] {logging_mixin.py:109} INFO - [2022-03-17 16:39:02,304] {dagbag.py:500} INFO - Filling up the DagBag from /Users/louisekirkham/Documents/linkedin_learning/Ex_Files_Data_Engineering_Foundations/airflow_env/lib/python3.9/site-packages/airflow/example_dags/example_skip_dag.py
[2022-03-17 16:39:02,333] {processor.py:654} INFO - DAG(s) dict_keys(['example_skip_dag']) retrieved from /Users/louisekirkham/Documents/linkedin_learning/Ex_Files_Data_Engineering_Foundations/airflow_env/lib/python3.9/site-packages/airflow/example_dags/example_skip_dag.py
[2022-03-17 16:39:02,347] {logging_mixin.py:109} INFO - [2022-03-17 16:39:02,347] {dag.py:2398} INFO - Sync 1 DAGs
[2022-03-17 16:39:02,354] {logging_mixin.py:109} INFO - [2022-03-17 16:39:02,354] {dag.py:2937} INFO - Setting next_dagrun for example_skip_dag to 2022-03-16T16:39:02.354273+00:00
[2022-03-17 16:39:02,361] {processor.py:171} INFO - Processing /Users/louisekirkham/Documents/linkedin_learning/Ex_Files_Data_Engineering_Foundations/airflow_env/lib/python3.9/site-packages/airflow/example_dags/example_skip_dag.py took 0.058 seconds
[2022-03-17 16:40:22,699] {processor.py:163} INFO - Started process (PID=45405) to work on /Users/louisekirkham/Documents/linkedin_learning/Ex_Files_Data_Engineering_Foundations/airflow_env/lib/python3.9/site-packages/airflow/example_dags/example_skip_dag.py
[2022-03-17 16:40:22,700] {processor.py:642} INFO - Processing file /Users/louisekirkham/Documents/linkedin_learning/Ex_Files_Data_Engineering_Foundations/airflow_env/lib/python3.9/site-packages/airflow/example_dags/example_skip_dag.py for tasks to queue
[2022-03-17 16:40:22,700] {logging_mixin.py:109} INFO - [2022-03-17 16:40:22,700] {dagbag.py:500} INFO - Filling up the DagBag from /Users/louisekirkham/Documents/linkedin_learning/Ex_Files_Data_Engineering_Foundations/airflow_env/lib/python3.9/site-packages/airflow/example_dags/example_skip_dag.py
[2022-03-17 16:40:22,725] {processor.py:654} INFO - DAG(s) dict_keys(['example_skip_dag']) retrieved from /Users/louisekirkham/Documents/linkedin_learning/Ex_Files_Data_Engineering_Foundations/airflow_env/lib/python3.9/site-packages/airflow/example_dags/example_skip_dag.py
[2022-03-17 16:40:22,738] {logging_mixin.py:109} INFO - [2022-03-17 16:40:22,738] {dag.py:2398} INFO - Sync 1 DAGs
[2022-03-17 16:40:22,744] {logging_mixin.py:109} INFO - [2022-03-17 16:40:22,744] {dag.py:2937} INFO - Setting next_dagrun for example_skip_dag to 2022-03-16T16:40:22.744758+00:00
[2022-03-17 16:40:22,752] {processor.py:171} INFO - Processing /Users/louisekirkham/Documents/linkedin_learning/Ex_Files_Data_Engineering_Foundations/airflow_env/lib/python3.9/site-packages/airflow/example_dags/example_skip_dag.py took 0.053 seconds
[2022-03-17 16:41:42,936] {processor.py:163} INFO - Started process (PID=45463) to work on /Users/louisekirkham/Documents/linkedin_learning/Ex_Files_Data_Engineering_Foundations/airflow_env/lib/python3.9/site-packages/airflow/example_dags/example_skip_dag.py
[2022-03-17 16:41:42,937] {processor.py:642} INFO - Processing file /Users/louisekirkham/Documents/linkedin_learning/Ex_Files_Data_Engineering_Foundations/airflow_env/lib/python3.9/site-packages/airflow/example_dags/example_skip_dag.py for tasks to queue
[2022-03-17 16:41:42,937] {logging_mixin.py:109} INFO - [2022-03-17 16:41:42,937] {dagbag.py:500} INFO - Filling up the DagBag from /Users/louisekirkham/Documents/linkedin_learning/Ex_Files_Data_Engineering_Foundations/airflow_env/lib/python3.9/site-packages/airflow/example_dags/example_skip_dag.py
[2022-03-17 16:41:42,963] {processor.py:654} INFO - DAG(s) dict_keys(['example_skip_dag']) retrieved from /Users/louisekirkham/Documents/linkedin_learning/Ex_Files_Data_Engineering_Foundations/airflow_env/lib/python3.9/site-packages/airflow/example_dags/example_skip_dag.py
[2022-03-17 16:41:42,976] {logging_mixin.py:109} INFO - [2022-03-17 16:41:42,976] {dag.py:2398} INFO - Sync 1 DAGs
[2022-03-17 16:41:42,983] {logging_mixin.py:109} INFO - [2022-03-17 16:41:42,982] {dag.py:2937} INFO - Setting next_dagrun for example_skip_dag to 2022-03-16T16:41:42.982861+00:00
[2022-03-17 16:41:42,990] {processor.py:171} INFO - Processing /Users/louisekirkham/Documents/linkedin_learning/Ex_Files_Data_Engineering_Foundations/airflow_env/lib/python3.9/site-packages/airflow/example_dags/example_skip_dag.py took 0.054 seconds
[2022-03-17 16:43:05,295] {processor.py:163} INFO - Started process (PID=45553) to work on /Users/louisekirkham/Documents/linkedin_learning/Ex_Files_Data_Engineering_Foundations/airflow_env/lib/python3.9/site-packages/airflow/example_dags/example_skip_dag.py
[2022-03-17 16:43:05,295] {processor.py:642} INFO - Processing file /Users/louisekirkham/Documents/linkedin_learning/Ex_Files_Data_Engineering_Foundations/airflow_env/lib/python3.9/site-packages/airflow/example_dags/example_skip_dag.py for tasks to queue
[2022-03-17 16:43:05,296] {logging_mixin.py:109} INFO - [2022-03-17 16:43:05,296] {dagbag.py:500} INFO - Filling up the DagBag from /Users/louisekirkham/Documents/linkedin_learning/Ex_Files_Data_Engineering_Foundations/airflow_env/lib/python3.9/site-packages/airflow/example_dags/example_skip_dag.py
[2022-03-17 16:43:05,321] {processor.py:654} INFO - DAG(s) dict_keys(['example_skip_dag']) retrieved from /Users/louisekirkham/Documents/linkedin_learning/Ex_Files_Data_Engineering_Foundations/airflow_env/lib/python3.9/site-packages/airflow/example_dags/example_skip_dag.py
[2022-03-17 16:43:05,334] {logging_mixin.py:109} INFO - [2022-03-17 16:43:05,334] {dag.py:2398} INFO - Sync 1 DAGs
[2022-03-17 16:43:05,341] {logging_mixin.py:109} INFO - [2022-03-17 16:43:05,341] {dag.py:2937} INFO - Setting next_dagrun for example_skip_dag to 2022-03-16T16:43:05.341366+00:00
[2022-03-17 16:43:05,351] {processor.py:171} INFO - Processing /Users/louisekirkham/Documents/linkedin_learning/Ex_Files_Data_Engineering_Foundations/airflow_env/lib/python3.9/site-packages/airflow/example_dags/example_skip_dag.py took 0.057 seconds
[2022-03-17 16:44:26,536] {processor.py:163} INFO - Started process (PID=45622) to work on /Users/louisekirkham/Documents/linkedin_learning/Ex_Files_Data_Engineering_Foundations/airflow_env/lib/python3.9/site-packages/airflow/example_dags/example_skip_dag.py
[2022-03-17 16:44:26,536] {processor.py:642} INFO - Processing file /Users/louisekirkham/Documents/linkedin_learning/Ex_Files_Data_Engineering_Foundations/airflow_env/lib/python3.9/site-packages/airflow/example_dags/example_skip_dag.py for tasks to queue
[2022-03-17 16:44:26,536] {logging_mixin.py:109} INFO - [2022-03-17 16:44:26,536] {dagbag.py:500} INFO - Filling up the DagBag from /Users/louisekirkham/Documents/linkedin_learning/Ex_Files_Data_Engineering_Foundations/airflow_env/lib/python3.9/site-packages/airflow/example_dags/example_skip_dag.py
[2022-03-17 16:44:26,564] {processor.py:654} INFO - DAG(s) dict_keys(['example_skip_dag']) retrieved from /Users/louisekirkham/Documents/linkedin_learning/Ex_Files_Data_Engineering_Foundations/airflow_env/lib/python3.9/site-packages/airflow/example_dags/example_skip_dag.py
[2022-03-17 16:44:26,577] {logging_mixin.py:109} INFO - [2022-03-17 16:44:26,577] {dag.py:2398} INFO - Sync 1 DAGs
[2022-03-17 16:44:26,585] {logging_mixin.py:109} INFO - [2022-03-17 16:44:26,585] {dag.py:2937} INFO - Setting next_dagrun for example_skip_dag to 2022-03-16T16:44:26.585593+00:00
[2022-03-17 16:44:26,592] {processor.py:171} INFO - Processing /Users/louisekirkham/Documents/linkedin_learning/Ex_Files_Data_Engineering_Foundations/airflow_env/lib/python3.9/site-packages/airflow/example_dags/example_skip_dag.py took 0.057 seconds
[2022-03-17 17:06:37,424] {processor.py:163} INFO - Started process (PID=45761) to work on /Users/louisekirkham/Documents/linkedin_learning/Ex_Files_Data_Engineering_Foundations/airflow_env/lib/python3.9/site-packages/airflow/example_dags/example_skip_dag.py
[2022-03-17 17:06:37,424] {processor.py:642} INFO - Processing file /Users/louisekirkham/Documents/linkedin_learning/Ex_Files_Data_Engineering_Foundations/airflow_env/lib/python3.9/site-packages/airflow/example_dags/example_skip_dag.py for tasks to queue
[2022-03-17 17:06:37,425] {logging_mixin.py:109} INFO - [2022-03-17 17:06:37,425] {dagbag.py:500} INFO - Filling up the DagBag from /Users/louisekirkham/Documents/linkedin_learning/Ex_Files_Data_Engineering_Foundations/airflow_env/lib/python3.9/site-packages/airflow/example_dags/example_skip_dag.py
[2022-03-17 17:06:37,470] {processor.py:654} INFO - DAG(s) dict_keys(['example_skip_dag']) retrieved from /Users/louisekirkham/Documents/linkedin_learning/Ex_Files_Data_Engineering_Foundations/airflow_env/lib/python3.9/site-packages/airflow/example_dags/example_skip_dag.py
[2022-03-17 17:06:37,491] {logging_mixin.py:109} INFO - [2022-03-17 17:06:37,491] {dag.py:2398} INFO - Sync 1 DAGs
[2022-03-17 17:06:37,512] {logging_mixin.py:109} INFO - [2022-03-17 17:06:37,512] {dag.py:2937} INFO - Setting next_dagrun for example_skip_dag to 2022-03-16T17:06:37.512029+00:00
[2022-03-17 17:06:37,524] {processor.py:171} INFO - Processing /Users/louisekirkham/Documents/linkedin_learning/Ex_Files_Data_Engineering_Foundations/airflow_env/lib/python3.9/site-packages/airflow/example_dags/example_skip_dag.py took 0.101 seconds
[2022-03-17 17:08:13,684] {processor.py:163} INFO - Started process (PID=45867) to work on /Users/louisekirkham/Documents/linkedin_learning/Ex_Files_Data_Engineering_Foundations/airflow_env/lib/python3.9/site-packages/airflow/example_dags/example_skip_dag.py
[2022-03-17 17:08:13,684] {processor.py:642} INFO - Processing file /Users/louisekirkham/Documents/linkedin_learning/Ex_Files_Data_Engineering_Foundations/airflow_env/lib/python3.9/site-packages/airflow/example_dags/example_skip_dag.py for tasks to queue
[2022-03-17 17:08:13,685] {logging_mixin.py:109} INFO - [2022-03-17 17:08:13,685] {dagbag.py:500} INFO - Filling up the DagBag from /Users/louisekirkham/Documents/linkedin_learning/Ex_Files_Data_Engineering_Foundations/airflow_env/lib/python3.9/site-packages/airflow/example_dags/example_skip_dag.py
[2022-03-17 17:08:13,714] {processor.py:654} INFO - DAG(s) dict_keys(['example_skip_dag']) retrieved from /Users/louisekirkham/Documents/linkedin_learning/Ex_Files_Data_Engineering_Foundations/airflow_env/lib/python3.9/site-packages/airflow/example_dags/example_skip_dag.py
[2022-03-17 17:08:13,729] {logging_mixin.py:109} INFO - [2022-03-17 17:08:13,729] {dag.py:2398} INFO - Sync 1 DAGs
[2022-03-17 17:08:13,736] {logging_mixin.py:109} INFO - [2022-03-17 17:08:13,736] {dag.py:2937} INFO - Setting next_dagrun for example_skip_dag to 2022-03-16T17:08:13.736185+00:00
[2022-03-17 17:08:13,742] {processor.py:171} INFO - Processing /Users/louisekirkham/Documents/linkedin_learning/Ex_Files_Data_Engineering_Foundations/airflow_env/lib/python3.9/site-packages/airflow/example_dags/example_skip_dag.py took 0.059 seconds
[2022-03-17 17:09:38,967] {processor.py:163} INFO - Started process (PID=45934) to work on /Users/louisekirkham/Documents/linkedin_learning/Ex_Files_Data_Engineering_Foundations/airflow_env/lib/python3.9/site-packages/airflow/example_dags/example_skip_dag.py
[2022-03-17 17:09:38,968] {processor.py:642} INFO - Processing file /Users/louisekirkham/Documents/linkedin_learning/Ex_Files_Data_Engineering_Foundations/airflow_env/lib/python3.9/site-packages/airflow/example_dags/example_skip_dag.py for tasks to queue
[2022-03-17 17:09:38,968] {logging_mixin.py:109} INFO - [2022-03-17 17:09:38,968] {dagbag.py:500} INFO - Filling up the DagBag from /Users/louisekirkham/Documents/linkedin_learning/Ex_Files_Data_Engineering_Foundations/airflow_env/lib/python3.9/site-packages/airflow/example_dags/example_skip_dag.py
[2022-03-17 17:09:38,994] {processor.py:654} INFO - DAG(s) dict_keys(['example_skip_dag']) retrieved from /Users/louisekirkham/Documents/linkedin_learning/Ex_Files_Data_Engineering_Foundations/airflow_env/lib/python3.9/site-packages/airflow/example_dags/example_skip_dag.py
[2022-03-17 17:09:39,008] {logging_mixin.py:109} INFO - [2022-03-17 17:09:39,008] {dag.py:2398} INFO - Sync 1 DAGs
[2022-03-17 17:09:39,015] {logging_mixin.py:109} INFO - [2022-03-17 17:09:39,015] {dag.py:2937} INFO - Setting next_dagrun for example_skip_dag to 2022-03-16T17:09:39.015671+00:00
[2022-03-17 17:09:39,022] {processor.py:171} INFO - Processing /Users/louisekirkham/Documents/linkedin_learning/Ex_Files_Data_Engineering_Foundations/airflow_env/lib/python3.9/site-packages/airflow/example_dags/example_skip_dag.py took 0.056 seconds
[2022-03-17 17:10:59,487] {processor.py:163} INFO - Started process (PID=45994) to work on /Users/louisekirkham/Documents/linkedin_learning/Ex_Files_Data_Engineering_Foundations/airflow_env/lib/python3.9/site-packages/airflow/example_dags/example_skip_dag.py
[2022-03-17 17:10:59,487] {processor.py:642} INFO - Processing file /Users/louisekirkham/Documents/linkedin_learning/Ex_Files_Data_Engineering_Foundations/airflow_env/lib/python3.9/site-packages/airflow/example_dags/example_skip_dag.py for tasks to queue
[2022-03-17 17:10:59,488] {logging_mixin.py:109} INFO - [2022-03-17 17:10:59,487] {dagbag.py:500} INFO - Filling up the DagBag from /Users/louisekirkham/Documents/linkedin_learning/Ex_Files_Data_Engineering_Foundations/airflow_env/lib/python3.9/site-packages/airflow/example_dags/example_skip_dag.py
[2022-03-17 17:10:59,514] {processor.py:654} INFO - DAG(s) dict_keys(['example_skip_dag']) retrieved from /Users/louisekirkham/Documents/linkedin_learning/Ex_Files_Data_Engineering_Foundations/airflow_env/lib/python3.9/site-packages/airflow/example_dags/example_skip_dag.py
[2022-03-17 17:10:59,527] {logging_mixin.py:109} INFO - [2022-03-17 17:10:59,527] {dag.py:2398} INFO - Sync 1 DAGs
[2022-03-17 17:10:59,534] {logging_mixin.py:109} INFO - [2022-03-17 17:10:59,534] {dag.py:2937} INFO - Setting next_dagrun for example_skip_dag to 2022-03-16T17:10:59.534232+00:00
[2022-03-17 17:10:59,541] {processor.py:171} INFO - Processing /Users/louisekirkham/Documents/linkedin_learning/Ex_Files_Data_Engineering_Foundations/airflow_env/lib/python3.9/site-packages/airflow/example_dags/example_skip_dag.py took 0.054 seconds
[2022-03-17 19:13:48,581] {processor.py:163} INFO - Started process (PID=46138) to work on /Users/louisekirkham/Documents/linkedin_learning/Ex_Files_Data_Engineering_Foundations/airflow_env/lib/python3.9/site-packages/airflow/example_dags/example_skip_dag.py
[2022-03-17 19:13:48,582] {processor.py:642} INFO - Processing file /Users/louisekirkham/Documents/linkedin_learning/Ex_Files_Data_Engineering_Foundations/airflow_env/lib/python3.9/site-packages/airflow/example_dags/example_skip_dag.py for tasks to queue
[2022-03-17 19:13:48,582] {logging_mixin.py:109} INFO - [2022-03-17 19:13:48,582] {dagbag.py:500} INFO - Filling up the DagBag from /Users/louisekirkham/Documents/linkedin_learning/Ex_Files_Data_Engineering_Foundations/airflow_env/lib/python3.9/site-packages/airflow/example_dags/example_skip_dag.py
[2022-03-17 19:13:48,607] {processor.py:654} INFO - DAG(s) dict_keys(['example_skip_dag']) retrieved from /Users/louisekirkham/Documents/linkedin_learning/Ex_Files_Data_Engineering_Foundations/airflow_env/lib/python3.9/site-packages/airflow/example_dags/example_skip_dag.py
[2022-03-17 19:13:48,621] {logging_mixin.py:109} INFO - [2022-03-17 19:13:48,620] {dag.py:2398} INFO - Sync 1 DAGs
[2022-03-17 19:13:48,627] {logging_mixin.py:109} INFO - [2022-03-17 19:13:48,627] {dag.py:2937} INFO - Setting next_dagrun for example_skip_dag to 2022-03-16T19:13:48.627256+00:00
[2022-03-17 19:13:48,636] {processor.py:171} INFO - Processing /Users/louisekirkham/Documents/linkedin_learning/Ex_Files_Data_Engineering_Foundations/airflow_env/lib/python3.9/site-packages/airflow/example_dags/example_skip_dag.py took 0.056 seconds
