[2022-03-17 16:03:30,979] {processor.py:163} INFO - Started process (PID=44971) to work on /Users/louisekirkham/Documents/linkedin_learning/Ex_Files_Data_Engineering_Foundations/airflow_env/lib/python3.9/site-packages/airflow/example_dags/example_complex.py
[2022-03-17 16:03:30,980] {processor.py:642} INFO - Processing file /Users/louisekirkham/Documents/linkedin_learning/Ex_Files_Data_Engineering_Foundations/airflow_env/lib/python3.9/site-packages/airflow/example_dags/example_complex.py for tasks to queue
[2022-03-17 16:03:30,980] {logging_mixin.py:109} INFO - [2022-03-17 16:03:30,980] {dagbag.py:500} INFO - Filling up the DagBag from /Users/louisekirkham/Documents/linkedin_learning/Ex_Files_Data_Engineering_Foundations/airflow_env/lib/python3.9/site-packages/airflow/example_dags/example_complex.py
[2022-03-17 16:03:31,020] {processor.py:654} INFO - DAG(s) dict_keys(['example_complex']) retrieved from /Users/louisekirkham/Documents/linkedin_learning/Ex_Files_Data_Engineering_Foundations/airflow_env/lib/python3.9/site-packages/airflow/example_dags/example_complex.py
[2022-03-17 16:03:31,041] {logging_mixin.py:109} INFO - [2022-03-17 16:03:31,040] {dag.py:2398} INFO - Sync 1 DAGs
[2022-03-17 16:03:31,051] {logging_mixin.py:109} INFO - [2022-03-17 16:03:31,050] {dag.py:2937} INFO - Setting next_dagrun for example_complex to None
[2022-03-17 16:03:31,057] {processor.py:171} INFO - Processing /Users/louisekirkham/Documents/linkedin_learning/Ex_Files_Data_Engineering_Foundations/airflow_env/lib/python3.9/site-packages/airflow/example_dags/example_complex.py took 0.079 seconds
[2022-03-17 16:35:25,388] {processor.py:163} INFO - Started process (PID=45139) to work on /Users/louisekirkham/Documents/linkedin_learning/Ex_Files_Data_Engineering_Foundations/airflow_env/lib/python3.9/site-packages/airflow/example_dags/example_complex.py
[2022-03-17 16:35:25,390] {processor.py:642} INFO - Processing file /Users/louisekirkham/Documents/linkedin_learning/Ex_Files_Data_Engineering_Foundations/airflow_env/lib/python3.9/site-packages/airflow/example_dags/example_complex.py for tasks to queue
[2022-03-17 16:35:25,390] {logging_mixin.py:109} INFO - [2022-03-17 16:35:25,390] {dagbag.py:500} INFO - Filling up the DagBag from /Users/louisekirkham/Documents/linkedin_learning/Ex_Files_Data_Engineering_Foundations/airflow_env/lib/python3.9/site-packages/airflow/example_dags/example_complex.py
[2022-03-17 16:35:25,426] {processor.py:654} INFO - DAG(s) dict_keys(['example_complex']) retrieved from /Users/louisekirkham/Documents/linkedin_learning/Ex_Files_Data_Engineering_Foundations/airflow_env/lib/python3.9/site-packages/airflow/example_dags/example_complex.py
[2022-03-17 16:35:25,445] {logging_mixin.py:109} INFO - [2022-03-17 16:35:25,445] {dag.py:2398} INFO - Sync 1 DAGs
[2022-03-17 16:35:25,454] {logging_mixin.py:109} INFO - [2022-03-17 16:35:25,453] {dag.py:2937} INFO - Setting next_dagrun for example_complex to None
[2022-03-17 16:35:25,461] {processor.py:171} INFO - Processing /Users/louisekirkham/Documents/linkedin_learning/Ex_Files_Data_Engineering_Foundations/airflow_env/lib/python3.9/site-packages/airflow/example_dags/example_complex.py took 0.074 seconds
[2022-03-17 16:36:54,629] {processor.py:163} INFO - Started process (PID=45227) to work on /Users/louisekirkham/Documents/linkedin_learning/Ex_Files_Data_Engineering_Foundations/airflow_env/lib/python3.9/site-packages/airflow/example_dags/example_complex.py
[2022-03-17 16:36:54,630] {processor.py:642} INFO - Processing file /Users/louisekirkham/Documents/linkedin_learning/Ex_Files_Data_Engineering_Foundations/airflow_env/lib/python3.9/site-packages/airflow/example_dags/example_complex.py for tasks to queue
[2022-03-17 16:36:54,630] {logging_mixin.py:109} INFO - [2022-03-17 16:36:54,630] {dagbag.py:500} INFO - Filling up the DagBag from /Users/louisekirkham/Documents/linkedin_learning/Ex_Files_Data_Engineering_Foundations/airflow_env/lib/python3.9/site-packages/airflow/example_dags/example_complex.py
[2022-03-17 16:36:54,661] {processor.py:654} INFO - DAG(s) dict_keys(['example_complex']) retrieved from /Users/louisekirkham/Documents/linkedin_learning/Ex_Files_Data_Engineering_Foundations/airflow_env/lib/python3.9/site-packages/airflow/example_dags/example_complex.py
[2022-03-17 16:36:54,677] {logging_mixin.py:109} INFO - [2022-03-17 16:36:54,677] {dag.py:2398} INFO - Sync 1 DAGs
[2022-03-17 16:36:54,683] {logging_mixin.py:109} INFO - [2022-03-17 16:36:54,683] {dag.py:2937} INFO - Setting next_dagrun for example_complex to None
[2022-03-17 16:36:54,694] {processor.py:171} INFO - Processing /Users/louisekirkham/Documents/linkedin_learning/Ex_Files_Data_Engineering_Foundations/airflow_env/lib/python3.9/site-packages/airflow/example_dags/example_complex.py took 0.066 seconds
[2022-03-17 16:38:16,186] {processor.py:163} INFO - Started process (PID=45303) to work on /Users/louisekirkham/Documents/linkedin_learning/Ex_Files_Data_Engineering_Foundations/airflow_env/lib/python3.9/site-packages/airflow/example_dags/example_complex.py
[2022-03-17 16:38:16,186] {processor.py:642} INFO - Processing file /Users/louisekirkham/Documents/linkedin_learning/Ex_Files_Data_Engineering_Foundations/airflow_env/lib/python3.9/site-packages/airflow/example_dags/example_complex.py for tasks to queue
[2022-03-17 16:38:16,186] {logging_mixin.py:109} INFO - [2022-03-17 16:38:16,186] {dagbag.py:500} INFO - Filling up the DagBag from /Users/louisekirkham/Documents/linkedin_learning/Ex_Files_Data_Engineering_Foundations/airflow_env/lib/python3.9/site-packages/airflow/example_dags/example_complex.py
[2022-03-17 16:38:16,215] {processor.py:654} INFO - DAG(s) dict_keys(['example_complex']) retrieved from /Users/louisekirkham/Documents/linkedin_learning/Ex_Files_Data_Engineering_Foundations/airflow_env/lib/python3.9/site-packages/airflow/example_dags/example_complex.py
[2022-03-17 16:38:16,232] {logging_mixin.py:109} INFO - [2022-03-17 16:38:16,232] {dag.py:2398} INFO - Sync 1 DAGs
[2022-03-17 16:38:16,238] {logging_mixin.py:109} INFO - [2022-03-17 16:38:16,238] {dag.py:2937} INFO - Setting next_dagrun for example_complex to None
[2022-03-17 16:38:16,245] {processor.py:171} INFO - Processing /Users/louisekirkham/Documents/linkedin_learning/Ex_Files_Data_Engineering_Foundations/airflow_env/lib/python3.9/site-packages/airflow/example_dags/example_complex.py took 0.060 seconds
[2022-03-17 16:39:36,495] {processor.py:163} INFO - Started process (PID=45365) to work on /Users/louisekirkham/Documents/linkedin_learning/Ex_Files_Data_Engineering_Foundations/airflow_env/lib/python3.9/site-packages/airflow/example_dags/example_complex.py
[2022-03-17 16:39:36,495] {processor.py:642} INFO - Processing file /Users/louisekirkham/Documents/linkedin_learning/Ex_Files_Data_Engineering_Foundations/airflow_env/lib/python3.9/site-packages/airflow/example_dags/example_complex.py for tasks to queue
[2022-03-17 16:39:36,496] {logging_mixin.py:109} INFO - [2022-03-17 16:39:36,496] {dagbag.py:500} INFO - Filling up the DagBag from /Users/louisekirkham/Documents/linkedin_learning/Ex_Files_Data_Engineering_Foundations/airflow_env/lib/python3.9/site-packages/airflow/example_dags/example_complex.py
[2022-03-17 16:39:36,524] {processor.py:654} INFO - DAG(s) dict_keys(['example_complex']) retrieved from /Users/louisekirkham/Documents/linkedin_learning/Ex_Files_Data_Engineering_Foundations/airflow_env/lib/python3.9/site-packages/airflow/example_dags/example_complex.py
[2022-03-17 16:39:36,541] {logging_mixin.py:109} INFO - [2022-03-17 16:39:36,541] {dag.py:2398} INFO - Sync 1 DAGs
[2022-03-17 16:39:36,547] {logging_mixin.py:109} INFO - [2022-03-17 16:39:36,547] {dag.py:2937} INFO - Setting next_dagrun for example_complex to None
[2022-03-17 16:39:36,554] {processor.py:171} INFO - Processing /Users/louisekirkham/Documents/linkedin_learning/Ex_Files_Data_Engineering_Foundations/airflow_env/lib/python3.9/site-packages/airflow/example_dags/example_complex.py took 0.060 seconds
[2022-03-17 16:40:56,982] {processor.py:163} INFO - Started process (PID=45422) to work on /Users/louisekirkham/Documents/linkedin_learning/Ex_Files_Data_Engineering_Foundations/airflow_env/lib/python3.9/site-packages/airflow/example_dags/example_complex.py
[2022-03-17 16:40:56,982] {processor.py:642} INFO - Processing file /Users/louisekirkham/Documents/linkedin_learning/Ex_Files_Data_Engineering_Foundations/airflow_env/lib/python3.9/site-packages/airflow/example_dags/example_complex.py for tasks to queue
[2022-03-17 16:40:56,983] {logging_mixin.py:109} INFO - [2022-03-17 16:40:56,983] {dagbag.py:500} INFO - Filling up the DagBag from /Users/louisekirkham/Documents/linkedin_learning/Ex_Files_Data_Engineering_Foundations/airflow_env/lib/python3.9/site-packages/airflow/example_dags/example_complex.py
[2022-03-17 16:40:57,015] {processor.py:654} INFO - DAG(s) dict_keys(['example_complex']) retrieved from /Users/louisekirkham/Documents/linkedin_learning/Ex_Files_Data_Engineering_Foundations/airflow_env/lib/python3.9/site-packages/airflow/example_dags/example_complex.py
[2022-03-17 16:40:57,033] {logging_mixin.py:109} INFO - [2022-03-17 16:40:57,033] {dag.py:2398} INFO - Sync 1 DAGs
[2022-03-17 16:40:57,039] {logging_mixin.py:109} INFO - [2022-03-17 16:40:57,039] {dag.py:2937} INFO - Setting next_dagrun for example_complex to None
[2022-03-17 16:40:57,046] {processor.py:171} INFO - Processing /Users/louisekirkham/Documents/linkedin_learning/Ex_Files_Data_Engineering_Foundations/airflow_env/lib/python3.9/site-packages/airflow/example_dags/example_complex.py took 0.065 seconds
[2022-03-17 16:42:18,295] {processor.py:163} INFO - Started process (PID=45486) to work on /Users/louisekirkham/Documents/linkedin_learning/Ex_Files_Data_Engineering_Foundations/airflow_env/lib/python3.9/site-packages/airflow/example_dags/example_complex.py
[2022-03-17 16:42:18,295] {processor.py:642} INFO - Processing file /Users/louisekirkham/Documents/linkedin_learning/Ex_Files_Data_Engineering_Foundations/airflow_env/lib/python3.9/site-packages/airflow/example_dags/example_complex.py for tasks to queue
[2022-03-17 16:42:18,296] {logging_mixin.py:109} INFO - [2022-03-17 16:42:18,296] {dagbag.py:500} INFO - Filling up the DagBag from /Users/louisekirkham/Documents/linkedin_learning/Ex_Files_Data_Engineering_Foundations/airflow_env/lib/python3.9/site-packages/airflow/example_dags/example_complex.py
[2022-03-17 16:42:18,329] {processor.py:654} INFO - DAG(s) dict_keys(['example_complex']) retrieved from /Users/louisekirkham/Documents/linkedin_learning/Ex_Files_Data_Engineering_Foundations/airflow_env/lib/python3.9/site-packages/airflow/example_dags/example_complex.py
[2022-03-17 16:42:18,347] {logging_mixin.py:109} INFO - [2022-03-17 16:42:18,347] {dag.py:2398} INFO - Sync 1 DAGs
[2022-03-17 16:42:18,355] {logging_mixin.py:109} INFO - [2022-03-17 16:42:18,355] {dag.py:2937} INFO - Setting next_dagrun for example_complex to None
[2022-03-17 16:42:18,362] {processor.py:171} INFO - Processing /Users/louisekirkham/Documents/linkedin_learning/Ex_Files_Data_Engineering_Foundations/airflow_env/lib/python3.9/site-packages/airflow/example_dags/example_complex.py took 0.068 seconds
[2022-03-17 16:43:40,156] {processor.py:163} INFO - Started process (PID=45576) to work on /Users/louisekirkham/Documents/linkedin_learning/Ex_Files_Data_Engineering_Foundations/airflow_env/lib/python3.9/site-packages/airflow/example_dags/example_complex.py
[2022-03-17 16:43:40,157] {processor.py:642} INFO - Processing file /Users/louisekirkham/Documents/linkedin_learning/Ex_Files_Data_Engineering_Foundations/airflow_env/lib/python3.9/site-packages/airflow/example_dags/example_complex.py for tasks to queue
[2022-03-17 16:43:40,157] {logging_mixin.py:109} INFO - [2022-03-17 16:43:40,157] {dagbag.py:500} INFO - Filling up the DagBag from /Users/louisekirkham/Documents/linkedin_learning/Ex_Files_Data_Engineering_Foundations/airflow_env/lib/python3.9/site-packages/airflow/example_dags/example_complex.py
[2022-03-17 16:43:40,193] {processor.py:654} INFO - DAG(s) dict_keys(['example_complex']) retrieved from /Users/louisekirkham/Documents/linkedin_learning/Ex_Files_Data_Engineering_Foundations/airflow_env/lib/python3.9/site-packages/airflow/example_dags/example_complex.py
[2022-03-17 16:43:40,213] {logging_mixin.py:109} INFO - [2022-03-17 16:43:40,213] {dag.py:2398} INFO - Sync 1 DAGs
[2022-03-17 16:43:40,221] {logging_mixin.py:109} INFO - [2022-03-17 16:43:40,221] {dag.py:2937} INFO - Setting next_dagrun for example_complex to None
[2022-03-17 16:43:40,230] {processor.py:171} INFO - Processing /Users/louisekirkham/Documents/linkedin_learning/Ex_Files_Data_Engineering_Foundations/airflow_env/lib/python3.9/site-packages/airflow/example_dags/example_complex.py took 0.074 seconds
[2022-03-17 16:45:00,971] {processor.py:163} INFO - Started process (PID=45649) to work on /Users/louisekirkham/Documents/linkedin_learning/Ex_Files_Data_Engineering_Foundations/airflow_env/lib/python3.9/site-packages/airflow/example_dags/example_complex.py
[2022-03-17 16:45:00,972] {processor.py:642} INFO - Processing file /Users/louisekirkham/Documents/linkedin_learning/Ex_Files_Data_Engineering_Foundations/airflow_env/lib/python3.9/site-packages/airflow/example_dags/example_complex.py for tasks to queue
[2022-03-17 16:45:00,972] {logging_mixin.py:109} INFO - [2022-03-17 16:45:00,972] {dagbag.py:500} INFO - Filling up the DagBag from /Users/louisekirkham/Documents/linkedin_learning/Ex_Files_Data_Engineering_Foundations/airflow_env/lib/python3.9/site-packages/airflow/example_dags/example_complex.py
[2022-03-17 16:45:01,002] {processor.py:654} INFO - DAG(s) dict_keys(['example_complex']) retrieved from /Users/louisekirkham/Documents/linkedin_learning/Ex_Files_Data_Engineering_Foundations/airflow_env/lib/python3.9/site-packages/airflow/example_dags/example_complex.py
[2022-03-17 16:45:01,019] {logging_mixin.py:109} INFO - [2022-03-17 16:45:01,019] {dag.py:2398} INFO - Sync 1 DAGs
[2022-03-17 16:45:01,026] {logging_mixin.py:109} INFO - [2022-03-17 16:45:01,025] {dag.py:2937} INFO - Setting next_dagrun for example_complex to None
[2022-03-17 16:45:01,032] {processor.py:171} INFO - Processing /Users/louisekirkham/Documents/linkedin_learning/Ex_Files_Data_Engineering_Foundations/airflow_env/lib/python3.9/site-packages/airflow/example_dags/example_complex.py took 0.062 seconds
[2022-03-17 17:07:26,044] {processor.py:163} INFO - Started process (PID=45824) to work on /Users/louisekirkham/Documents/linkedin_learning/Ex_Files_Data_Engineering_Foundations/airflow_env/lib/python3.9/site-packages/airflow/example_dags/example_complex.py
[2022-03-17 17:07:26,046] {processor.py:642} INFO - Processing file /Users/louisekirkham/Documents/linkedin_learning/Ex_Files_Data_Engineering_Foundations/airflow_env/lib/python3.9/site-packages/airflow/example_dags/example_complex.py for tasks to queue
[2022-03-17 17:07:26,046] {logging_mixin.py:109} INFO - [2022-03-17 17:07:26,046] {dagbag.py:500} INFO - Filling up the DagBag from /Users/louisekirkham/Documents/linkedin_learning/Ex_Files_Data_Engineering_Foundations/airflow_env/lib/python3.9/site-packages/airflow/example_dags/example_complex.py
[2022-03-17 17:07:26,077] {processor.py:654} INFO - DAG(s) dict_keys(['example_complex']) retrieved from /Users/louisekirkham/Documents/linkedin_learning/Ex_Files_Data_Engineering_Foundations/airflow_env/lib/python3.9/site-packages/airflow/example_dags/example_complex.py
[2022-03-17 17:07:26,093] {logging_mixin.py:109} INFO - [2022-03-17 17:07:26,093] {dag.py:2398} INFO - Sync 1 DAGs
[2022-03-17 17:07:26,100] {logging_mixin.py:109} INFO - [2022-03-17 17:07:26,100] {dag.py:2937} INFO - Setting next_dagrun for example_complex to None
[2022-03-17 17:07:26,106] {processor.py:171} INFO - Processing /Users/louisekirkham/Documents/linkedin_learning/Ex_Files_Data_Engineering_Foundations/airflow_env/lib/python3.9/site-packages/airflow/example_dags/example_complex.py took 0.063 seconds
[2022-03-17 17:08:47,478] {processor.py:163} INFO - Started process (PID=45886) to work on /Users/louisekirkham/Documents/linkedin_learning/Ex_Files_Data_Engineering_Foundations/airflow_env/lib/python3.9/site-packages/airflow/example_dags/example_complex.py
[2022-03-17 17:08:47,480] {processor.py:642} INFO - Processing file /Users/louisekirkham/Documents/linkedin_learning/Ex_Files_Data_Engineering_Foundations/airflow_env/lib/python3.9/site-packages/airflow/example_dags/example_complex.py for tasks to queue
[2022-03-17 17:08:47,481] {logging_mixin.py:109} INFO - [2022-03-17 17:08:47,480] {dagbag.py:500} INFO - Filling up the DagBag from /Users/louisekirkham/Documents/linkedin_learning/Ex_Files_Data_Engineering_Foundations/airflow_env/lib/python3.9/site-packages/airflow/example_dags/example_complex.py
[2022-03-17 17:08:47,511] {processor.py:654} INFO - DAG(s) dict_keys(['example_complex']) retrieved from /Users/louisekirkham/Documents/linkedin_learning/Ex_Files_Data_Engineering_Foundations/airflow_env/lib/python3.9/site-packages/airflow/example_dags/example_complex.py
[2022-03-17 17:08:47,527] {logging_mixin.py:109} INFO - [2022-03-17 17:08:47,527] {dag.py:2398} INFO - Sync 1 DAGs
[2022-03-17 17:08:47,533] {logging_mixin.py:109} INFO - [2022-03-17 17:08:47,533] {dag.py:2937} INFO - Setting next_dagrun for example_complex to None
[2022-03-17 17:08:47,544] {processor.py:171} INFO - Processing /Users/louisekirkham/Documents/linkedin_learning/Ex_Files_Data_Engineering_Foundations/airflow_env/lib/python3.9/site-packages/airflow/example_dags/example_complex.py took 0.067 seconds
[2022-03-17 17:10:13,114] {processor.py:163} INFO - Started process (PID=45955) to work on /Users/louisekirkham/Documents/linkedin_learning/Ex_Files_Data_Engineering_Foundations/airflow_env/lib/python3.9/site-packages/airflow/example_dags/example_complex.py
[2022-03-17 17:10:13,115] {processor.py:642} INFO - Processing file /Users/louisekirkham/Documents/linkedin_learning/Ex_Files_Data_Engineering_Foundations/airflow_env/lib/python3.9/site-packages/airflow/example_dags/example_complex.py for tasks to queue
[2022-03-17 17:10:13,116] {logging_mixin.py:109} INFO - [2022-03-17 17:10:13,116] {dagbag.py:500} INFO - Filling up the DagBag from /Users/louisekirkham/Documents/linkedin_learning/Ex_Files_Data_Engineering_Foundations/airflow_env/lib/python3.9/site-packages/airflow/example_dags/example_complex.py
[2022-03-17 17:10:13,149] {processor.py:654} INFO - DAG(s) dict_keys(['example_complex']) retrieved from /Users/louisekirkham/Documents/linkedin_learning/Ex_Files_Data_Engineering_Foundations/airflow_env/lib/python3.9/site-packages/airflow/example_dags/example_complex.py
[2022-03-17 17:10:13,165] {logging_mixin.py:109} INFO - [2022-03-17 17:10:13,165] {dag.py:2398} INFO - Sync 1 DAGs
[2022-03-17 17:10:13,172] {logging_mixin.py:109} INFO - [2022-03-17 17:10:13,172] {dag.py:2937} INFO - Setting next_dagrun for example_complex to None
[2022-03-17 17:10:13,179] {processor.py:171} INFO - Processing /Users/louisekirkham/Documents/linkedin_learning/Ex_Files_Data_Engineering_Foundations/airflow_env/lib/python3.9/site-packages/airflow/example_dags/example_complex.py took 0.065 seconds
[2022-03-17 17:11:33,965] {processor.py:163} INFO - Started process (PID=46013) to work on /Users/louisekirkham/Documents/linkedin_learning/Ex_Files_Data_Engineering_Foundations/airflow_env/lib/python3.9/site-packages/airflow/example_dags/example_complex.py
[2022-03-17 17:11:33,965] {processor.py:642} INFO - Processing file /Users/louisekirkham/Documents/linkedin_learning/Ex_Files_Data_Engineering_Foundations/airflow_env/lib/python3.9/site-packages/airflow/example_dags/example_complex.py for tasks to queue
[2022-03-17 17:11:33,965] {logging_mixin.py:109} INFO - [2022-03-17 17:11:33,965] {dagbag.py:500} INFO - Filling up the DagBag from /Users/louisekirkham/Documents/linkedin_learning/Ex_Files_Data_Engineering_Foundations/airflow_env/lib/python3.9/site-packages/airflow/example_dags/example_complex.py
[2022-03-17 17:11:33,994] {processor.py:654} INFO - DAG(s) dict_keys(['example_complex']) retrieved from /Users/louisekirkham/Documents/linkedin_learning/Ex_Files_Data_Engineering_Foundations/airflow_env/lib/python3.9/site-packages/airflow/example_dags/example_complex.py
[2022-03-17 17:11:34,011] {logging_mixin.py:109} INFO - [2022-03-17 17:11:34,011] {dag.py:2398} INFO - Sync 1 DAGs
[2022-03-17 17:11:34,017] {logging_mixin.py:109} INFO - [2022-03-17 17:11:34,017] {dag.py:2937} INFO - Setting next_dagrun for example_complex to None
[2022-03-17 17:11:34,024] {processor.py:171} INFO - Processing /Users/louisekirkham/Documents/linkedin_learning/Ex_Files_Data_Engineering_Foundations/airflow_env/lib/python3.9/site-packages/airflow/example_dags/example_complex.py took 0.060 seconds
[2022-03-17 19:14:08,838] {processor.py:163} INFO - Started process (PID=46172) to work on /Users/louisekirkham/Documents/linkedin_learning/Ex_Files_Data_Engineering_Foundations/airflow_env/lib/python3.9/site-packages/airflow/example_dags/example_complex.py
[2022-03-17 19:14:08,840] {processor.py:642} INFO - Processing file /Users/louisekirkham/Documents/linkedin_learning/Ex_Files_Data_Engineering_Foundations/airflow_env/lib/python3.9/site-packages/airflow/example_dags/example_complex.py for tasks to queue
[2022-03-17 19:14:08,840] {logging_mixin.py:109} INFO - [2022-03-17 19:14:08,840] {dagbag.py:500} INFO - Filling up the DagBag from /Users/louisekirkham/Documents/linkedin_learning/Ex_Files_Data_Engineering_Foundations/airflow_env/lib/python3.9/site-packages/airflow/example_dags/example_complex.py
[2022-03-17 19:14:08,869] {processor.py:654} INFO - DAG(s) dict_keys(['example_complex']) retrieved from /Users/louisekirkham/Documents/linkedin_learning/Ex_Files_Data_Engineering_Foundations/airflow_env/lib/python3.9/site-packages/airflow/example_dags/example_complex.py
[2022-03-17 19:14:08,884] {logging_mixin.py:109} INFO - [2022-03-17 19:14:08,884] {dag.py:2398} INFO - Sync 1 DAGs
[2022-03-17 19:14:08,890] {logging_mixin.py:109} INFO - [2022-03-17 19:14:08,890] {dag.py:2937} INFO - Setting next_dagrun for example_complex to None
[2022-03-17 19:14:08,898] {processor.py:171} INFO - Processing /Users/louisekirkham/Documents/linkedin_learning/Ex_Files_Data_Engineering_Foundations/airflow_env/lib/python3.9/site-packages/airflow/example_dags/example_complex.py took 0.061 seconds
