[2022-03-17 16:03:07,630] {processor.py:163} INFO - Started process (PID=44953) to work on /Users/louisekirkham/Documents/linkedin_learning/Ex_Files_Data_Engineering_Foundations/airflow_env/lib/python3.9/site-packages/airflow/example_dags/example_sla_dag.py
[2022-03-17 16:03:07,630] {processor.py:642} INFO - Processing file /Users/louisekirkham/Documents/linkedin_learning/Ex_Files_Data_Engineering_Foundations/airflow_env/lib/python3.9/site-packages/airflow/example_dags/example_sla_dag.py for tasks to queue
[2022-03-17 16:03:07,631] {logging_mixin.py:109} INFO - [2022-03-17 16:03:07,631] {dagbag.py:500} INFO - Filling up the DagBag from /Users/louisekirkham/Documents/linkedin_learning/Ex_Files_Data_Engineering_Foundations/airflow_env/lib/python3.9/site-packages/airflow/example_dags/example_sla_dag.py
[2022-03-17 16:03:07,676] {processor.py:654} INFO - DAG(s) dict_keys(['example_sla_dag']) retrieved from /Users/louisekirkham/Documents/linkedin_learning/Ex_Files_Data_Engineering_Foundations/airflow_env/lib/python3.9/site-packages/airflow/example_dags/example_sla_dag.py
[2022-03-17 16:03:07,691] {logging_mixin.py:109} INFO - [2022-03-17 16:03:07,691] {dag.py:2398} INFO - Sync 1 DAGs
[2022-03-17 16:03:07,702] {logging_mixin.py:109} INFO - [2022-03-17 16:03:07,702] {dag.py:2937} INFO - Setting next_dagrun for example_sla_dag to 2022-03-17T16:00:00+00:00
[2022-03-17 16:03:07,709] {processor.py:171} INFO - Processing /Users/louisekirkham/Documents/linkedin_learning/Ex_Files_Data_Engineering_Foundations/airflow_env/lib/python3.9/site-packages/airflow/example_dags/example_sla_dag.py took 0.080 seconds
[2022-03-17 16:34:44,940] {processor.py:163} INFO - Started process (PID=45096) to work on /Users/louisekirkham/Documents/linkedin_learning/Ex_Files_Data_Engineering_Foundations/airflow_env/lib/python3.9/site-packages/airflow/example_dags/example_sla_dag.py
[2022-03-17 16:34:44,941] {processor.py:642} INFO - Processing file /Users/louisekirkham/Documents/linkedin_learning/Ex_Files_Data_Engineering_Foundations/airflow_env/lib/python3.9/site-packages/airflow/example_dags/example_sla_dag.py for tasks to queue
[2022-03-17 16:34:44,942] {logging_mixin.py:109} INFO - [2022-03-17 16:34:44,942] {dagbag.py:500} INFO - Filling up the DagBag from /Users/louisekirkham/Documents/linkedin_learning/Ex_Files_Data_Engineering_Foundations/airflow_env/lib/python3.9/site-packages/airflow/example_dags/example_sla_dag.py
[2022-03-17 16:34:44,980] {processor.py:654} INFO - DAG(s) dict_keys(['example_sla_dag']) retrieved from /Users/louisekirkham/Documents/linkedin_learning/Ex_Files_Data_Engineering_Foundations/airflow_env/lib/python3.9/site-packages/airflow/example_dags/example_sla_dag.py
[2022-03-17 16:34:44,992] {logging_mixin.py:109} INFO - [2022-03-17 16:34:44,992] {dag.py:2398} INFO - Sync 1 DAGs
[2022-03-17 16:34:45,002] {logging_mixin.py:109} INFO - [2022-03-17 16:34:45,002] {dag.py:2937} INFO - Setting next_dagrun for example_sla_dag to 2022-03-17T16:32:00+00:00
[2022-03-17 16:34:45,008] {processor.py:171} INFO - Processing /Users/louisekirkham/Documents/linkedin_learning/Ex_Files_Data_Engineering_Foundations/airflow_env/lib/python3.9/site-packages/airflow/example_dags/example_sla_dag.py took 0.069 seconds
[2022-03-17 16:36:18,146] {processor.py:163} INFO - Started process (PID=45202) to work on /Users/louisekirkham/Documents/linkedin_learning/Ex_Files_Data_Engineering_Foundations/airflow_env/lib/python3.9/site-packages/airflow/example_dags/example_sla_dag.py
[2022-03-17 16:36:18,146] {processor.py:642} INFO - Processing file /Users/louisekirkham/Documents/linkedin_learning/Ex_Files_Data_Engineering_Foundations/airflow_env/lib/python3.9/site-packages/airflow/example_dags/example_sla_dag.py for tasks to queue
[2022-03-17 16:36:18,146] {logging_mixin.py:109} INFO - [2022-03-17 16:36:18,146] {dagbag.py:500} INFO - Filling up the DagBag from /Users/louisekirkham/Documents/linkedin_learning/Ex_Files_Data_Engineering_Foundations/airflow_env/lib/python3.9/site-packages/airflow/example_dags/example_sla_dag.py
[2022-03-17 16:36:18,185] {processor.py:654} INFO - DAG(s) dict_keys(['example_sla_dag']) retrieved from /Users/louisekirkham/Documents/linkedin_learning/Ex_Files_Data_Engineering_Foundations/airflow_env/lib/python3.9/site-packages/airflow/example_dags/example_sla_dag.py
[2022-03-17 16:36:18,198] {logging_mixin.py:109} INFO - [2022-03-17 16:36:18,198] {dag.py:2398} INFO - Sync 1 DAGs
[2022-03-17 16:36:18,207] {logging_mixin.py:109} INFO - [2022-03-17 16:36:18,207] {dag.py:2937} INFO - Setting next_dagrun for example_sla_dag to 2022-03-17T16:34:00+00:00
[2022-03-17 16:36:18,213] {processor.py:171} INFO - Processing /Users/louisekirkham/Documents/linkedin_learning/Ex_Files_Data_Engineering_Foundations/airflow_env/lib/python3.9/site-packages/airflow/example_dags/example_sla_dag.py took 0.067 seconds
[2022-03-17 16:37:38,594] {processor.py:163} INFO - Started process (PID=45274) to work on /Users/louisekirkham/Documents/linkedin_learning/Ex_Files_Data_Engineering_Foundations/airflow_env/lib/python3.9/site-packages/airflow/example_dags/example_sla_dag.py
[2022-03-17 16:37:38,594] {processor.py:642} INFO - Processing file /Users/louisekirkham/Documents/linkedin_learning/Ex_Files_Data_Engineering_Foundations/airflow_env/lib/python3.9/site-packages/airflow/example_dags/example_sla_dag.py for tasks to queue
[2022-03-17 16:37:38,595] {logging_mixin.py:109} INFO - [2022-03-17 16:37:38,595] {dagbag.py:500} INFO - Filling up the DagBag from /Users/louisekirkham/Documents/linkedin_learning/Ex_Files_Data_Engineering_Foundations/airflow_env/lib/python3.9/site-packages/airflow/example_dags/example_sla_dag.py
[2022-03-17 16:37:38,635] {processor.py:654} INFO - DAG(s) dict_keys(['example_sla_dag']) retrieved from /Users/louisekirkham/Documents/linkedin_learning/Ex_Files_Data_Engineering_Foundations/airflow_env/lib/python3.9/site-packages/airflow/example_dags/example_sla_dag.py
[2022-03-17 16:37:38,649] {logging_mixin.py:109} INFO - [2022-03-17 16:37:38,649] {dag.py:2398} INFO - Sync 1 DAGs
[2022-03-17 16:37:38,660] {logging_mixin.py:109} INFO - [2022-03-17 16:37:38,660] {dag.py:2937} INFO - Setting next_dagrun for example_sla_dag to 2022-03-17T16:34:00+00:00
[2022-03-17 16:37:38,666] {processor.py:171} INFO - Processing /Users/louisekirkham/Documents/linkedin_learning/Ex_Files_Data_Engineering_Foundations/airflow_env/lib/python3.9/site-packages/airflow/example_dags/example_sla_dag.py took 0.072 seconds
[2022-03-17 16:39:00,206] {processor.py:163} INFO - Started process (PID=45341) to work on /Users/louisekirkham/Documents/linkedin_learning/Ex_Files_Data_Engineering_Foundations/airflow_env/lib/python3.9/site-packages/airflow/example_dags/example_sla_dag.py
[2022-03-17 16:39:00,206] {processor.py:642} INFO - Processing file /Users/louisekirkham/Documents/linkedin_learning/Ex_Files_Data_Engineering_Foundations/airflow_env/lib/python3.9/site-packages/airflow/example_dags/example_sla_dag.py for tasks to queue
[2022-03-17 16:39:00,206] {logging_mixin.py:109} INFO - [2022-03-17 16:39:00,206] {dagbag.py:500} INFO - Filling up the DagBag from /Users/louisekirkham/Documents/linkedin_learning/Ex_Files_Data_Engineering_Foundations/airflow_env/lib/python3.9/site-packages/airflow/example_dags/example_sla_dag.py
[2022-03-17 16:39:00,244] {processor.py:654} INFO - DAG(s) dict_keys(['example_sla_dag']) retrieved from /Users/louisekirkham/Documents/linkedin_learning/Ex_Files_Data_Engineering_Foundations/airflow_env/lib/python3.9/site-packages/airflow/example_dags/example_sla_dag.py
[2022-03-17 16:39:00,256] {logging_mixin.py:109} INFO - [2022-03-17 16:39:00,256] {dag.py:2398} INFO - Sync 1 DAGs
[2022-03-17 16:39:00,266] {logging_mixin.py:109} INFO - [2022-03-17 16:39:00,266] {dag.py:2937} INFO - Setting next_dagrun for example_sla_dag to 2022-03-17T16:36:00+00:00
[2022-03-17 16:39:00,272] {processor.py:171} INFO - Processing /Users/louisekirkham/Documents/linkedin_learning/Ex_Files_Data_Engineering_Foundations/airflow_env/lib/python3.9/site-packages/airflow/example_dags/example_sla_dag.py took 0.067 seconds
[2022-03-17 16:40:20,624] {processor.py:163} INFO - Started process (PID=45404) to work on /Users/louisekirkham/Documents/linkedin_learning/Ex_Files_Data_Engineering_Foundations/airflow_env/lib/python3.9/site-packages/airflow/example_dags/example_sla_dag.py
[2022-03-17 16:40:20,625] {processor.py:642} INFO - Processing file /Users/louisekirkham/Documents/linkedin_learning/Ex_Files_Data_Engineering_Foundations/airflow_env/lib/python3.9/site-packages/airflow/example_dags/example_sla_dag.py for tasks to queue
[2022-03-17 16:40:20,625] {logging_mixin.py:109} INFO - [2022-03-17 16:40:20,625] {dagbag.py:500} INFO - Filling up the DagBag from /Users/louisekirkham/Documents/linkedin_learning/Ex_Files_Data_Engineering_Foundations/airflow_env/lib/python3.9/site-packages/airflow/example_dags/example_sla_dag.py
[2022-03-17 16:40:20,662] {processor.py:654} INFO - DAG(s) dict_keys(['example_sla_dag']) retrieved from /Users/louisekirkham/Documents/linkedin_learning/Ex_Files_Data_Engineering_Foundations/airflow_env/lib/python3.9/site-packages/airflow/example_dags/example_sla_dag.py
[2022-03-17 16:40:20,675] {logging_mixin.py:109} INFO - [2022-03-17 16:40:20,675] {dag.py:2398} INFO - Sync 1 DAGs
[2022-03-17 16:40:20,684] {logging_mixin.py:109} INFO - [2022-03-17 16:40:20,684] {dag.py:2937} INFO - Setting next_dagrun for example_sla_dag to 2022-03-17T16:38:00+00:00
[2022-03-17 16:40:20,690] {processor.py:171} INFO - Processing /Users/louisekirkham/Documents/linkedin_learning/Ex_Files_Data_Engineering_Foundations/airflow_env/lib/python3.9/site-packages/airflow/example_dags/example_sla_dag.py took 0.066 seconds
[2022-03-17 16:41:40,883] {processor.py:163} INFO - Started process (PID=45462) to work on /Users/louisekirkham/Documents/linkedin_learning/Ex_Files_Data_Engineering_Foundations/airflow_env/lib/python3.9/site-packages/airflow/example_dags/example_sla_dag.py
[2022-03-17 16:41:40,884] {processor.py:642} INFO - Processing file /Users/louisekirkham/Documents/linkedin_learning/Ex_Files_Data_Engineering_Foundations/airflow_env/lib/python3.9/site-packages/airflow/example_dags/example_sla_dag.py for tasks to queue
[2022-03-17 16:41:40,884] {logging_mixin.py:109} INFO - [2022-03-17 16:41:40,884] {dagbag.py:500} INFO - Filling up the DagBag from /Users/louisekirkham/Documents/linkedin_learning/Ex_Files_Data_Engineering_Foundations/airflow_env/lib/python3.9/site-packages/airflow/example_dags/example_sla_dag.py
[2022-03-17 16:41:40,920] {processor.py:654} INFO - DAG(s) dict_keys(['example_sla_dag']) retrieved from /Users/louisekirkham/Documents/linkedin_learning/Ex_Files_Data_Engineering_Foundations/airflow_env/lib/python3.9/site-packages/airflow/example_dags/example_sla_dag.py
[2022-03-17 16:41:40,932] {logging_mixin.py:109} INFO - [2022-03-17 16:41:40,932] {dag.py:2398} INFO - Sync 1 DAGs
[2022-03-17 16:41:40,941] {logging_mixin.py:109} INFO - [2022-03-17 16:41:40,941] {dag.py:2937} INFO - Setting next_dagrun for example_sla_dag to 2022-03-17T16:38:00+00:00
[2022-03-17 16:41:40,948] {processor.py:171} INFO - Processing /Users/louisekirkham/Documents/linkedin_learning/Ex_Files_Data_Engineering_Foundations/airflow_env/lib/python3.9/site-packages/airflow/example_dags/example_sla_dag.py took 0.065 seconds
[2022-03-17 16:43:03,191] {processor.py:163} INFO - Started process (PID=45552) to work on /Users/louisekirkham/Documents/linkedin_learning/Ex_Files_Data_Engineering_Foundations/airflow_env/lib/python3.9/site-packages/airflow/example_dags/example_sla_dag.py
[2022-03-17 16:43:03,191] {processor.py:642} INFO - Processing file /Users/louisekirkham/Documents/linkedin_learning/Ex_Files_Data_Engineering_Foundations/airflow_env/lib/python3.9/site-packages/airflow/example_dags/example_sla_dag.py for tasks to queue
[2022-03-17 16:43:03,191] {logging_mixin.py:109} INFO - [2022-03-17 16:43:03,191] {dagbag.py:500} INFO - Filling up the DagBag from /Users/louisekirkham/Documents/linkedin_learning/Ex_Files_Data_Engineering_Foundations/airflow_env/lib/python3.9/site-packages/airflow/example_dags/example_sla_dag.py
[2022-03-17 16:43:03,229] {processor.py:654} INFO - DAG(s) dict_keys(['example_sla_dag']) retrieved from /Users/louisekirkham/Documents/linkedin_learning/Ex_Files_Data_Engineering_Foundations/airflow_env/lib/python3.9/site-packages/airflow/example_dags/example_sla_dag.py
[2022-03-17 16:43:03,242] {logging_mixin.py:109} INFO - [2022-03-17 16:43:03,242] {dag.py:2398} INFO - Sync 1 DAGs
[2022-03-17 16:43:03,252] {logging_mixin.py:109} INFO - [2022-03-17 16:43:03,252] {dag.py:2937} INFO - Setting next_dagrun for example_sla_dag to 2022-03-17T16:40:00+00:00
[2022-03-17 16:43:03,259] {processor.py:171} INFO - Processing /Users/louisekirkham/Documents/linkedin_learning/Ex_Files_Data_Engineering_Foundations/airflow_env/lib/python3.9/site-packages/airflow/example_dags/example_sla_dag.py took 0.069 seconds
[2022-03-17 16:44:24,471] {processor.py:163} INFO - Started process (PID=45621) to work on /Users/louisekirkham/Documents/linkedin_learning/Ex_Files_Data_Engineering_Foundations/airflow_env/lib/python3.9/site-packages/airflow/example_dags/example_sla_dag.py
[2022-03-17 16:44:24,472] {processor.py:642} INFO - Processing file /Users/louisekirkham/Documents/linkedin_learning/Ex_Files_Data_Engineering_Foundations/airflow_env/lib/python3.9/site-packages/airflow/example_dags/example_sla_dag.py for tasks to queue
[2022-03-17 16:44:24,472] {logging_mixin.py:109} INFO - [2022-03-17 16:44:24,472] {dagbag.py:500} INFO - Filling up the DagBag from /Users/louisekirkham/Documents/linkedin_learning/Ex_Files_Data_Engineering_Foundations/airflow_env/lib/python3.9/site-packages/airflow/example_dags/example_sla_dag.py
[2022-03-17 16:44:24,507] {processor.py:654} INFO - DAG(s) dict_keys(['example_sla_dag']) retrieved from /Users/louisekirkham/Documents/linkedin_learning/Ex_Files_Data_Engineering_Foundations/airflow_env/lib/python3.9/site-packages/airflow/example_dags/example_sla_dag.py
[2022-03-17 16:44:24,520] {logging_mixin.py:109} INFO - [2022-03-17 16:44:24,520] {dag.py:2398} INFO - Sync 1 DAGs
[2022-03-17 16:44:24,529] {logging_mixin.py:109} INFO - [2022-03-17 16:44:24,529] {dag.py:2937} INFO - Setting next_dagrun for example_sla_dag to 2022-03-17T16:42:00+00:00
[2022-03-17 16:44:24,535] {processor.py:171} INFO - Processing /Users/louisekirkham/Documents/linkedin_learning/Ex_Files_Data_Engineering_Foundations/airflow_env/lib/python3.9/site-packages/airflow/example_dags/example_sla_dag.py took 0.065 seconds
[2022-03-17 17:06:34,950] {processor.py:163} INFO - Started process (PID=45758) to work on /Users/louisekirkham/Documents/linkedin_learning/Ex_Files_Data_Engineering_Foundations/airflow_env/lib/python3.9/site-packages/airflow/example_dags/example_sla_dag.py
[2022-03-17 17:06:34,951] {processor.py:642} INFO - Processing file /Users/louisekirkham/Documents/linkedin_learning/Ex_Files_Data_Engineering_Foundations/airflow_env/lib/python3.9/site-packages/airflow/example_dags/example_sla_dag.py for tasks to queue
[2022-03-17 17:06:34,951] {logging_mixin.py:109} INFO - [2022-03-17 17:06:34,951] {dagbag.py:500} INFO - Filling up the DagBag from /Users/louisekirkham/Documents/linkedin_learning/Ex_Files_Data_Engineering_Foundations/airflow_env/lib/python3.9/site-packages/airflow/example_dags/example_sla_dag.py
[2022-03-17 17:06:35,014] {processor.py:654} INFO - DAG(s) dict_keys(['example_sla_dag']) retrieved from /Users/louisekirkham/Documents/linkedin_learning/Ex_Files_Data_Engineering_Foundations/airflow_env/lib/python3.9/site-packages/airflow/example_dags/example_sla_dag.py
[2022-03-17 17:06:35,035] {logging_mixin.py:109} INFO - [2022-03-17 17:06:35,035] {dag.py:2398} INFO - Sync 1 DAGs
[2022-03-17 17:06:35,057] {logging_mixin.py:109} INFO - [2022-03-17 17:06:35,057] {dag.py:2937} INFO - Setting next_dagrun for example_sla_dag to 2022-03-17T17:04:00+00:00
[2022-03-17 17:06:35,066] {processor.py:171} INFO - Processing /Users/louisekirkham/Documents/linkedin_learning/Ex_Files_Data_Engineering_Foundations/airflow_env/lib/python3.9/site-packages/airflow/example_dags/example_sla_dag.py took 0.118 seconds
[2022-03-17 17:08:11,443] {processor.py:163} INFO - Started process (PID=45866) to work on /Users/louisekirkham/Documents/linkedin_learning/Ex_Files_Data_Engineering_Foundations/airflow_env/lib/python3.9/site-packages/airflow/example_dags/example_sla_dag.py
[2022-03-17 17:08:11,445] {processor.py:642} INFO - Processing file /Users/louisekirkham/Documents/linkedin_learning/Ex_Files_Data_Engineering_Foundations/airflow_env/lib/python3.9/site-packages/airflow/example_dags/example_sla_dag.py for tasks to queue
[2022-03-17 17:08:11,445] {logging_mixin.py:109} INFO - [2022-03-17 17:08:11,445] {dagbag.py:500} INFO - Filling up the DagBag from /Users/louisekirkham/Documents/linkedin_learning/Ex_Files_Data_Engineering_Foundations/airflow_env/lib/python3.9/site-packages/airflow/example_dags/example_sla_dag.py
[2022-03-17 17:08:11,488] {processor.py:654} INFO - DAG(s) dict_keys(['example_sla_dag']) retrieved from /Users/louisekirkham/Documents/linkedin_learning/Ex_Files_Data_Engineering_Foundations/airflow_env/lib/python3.9/site-packages/airflow/example_dags/example_sla_dag.py
[2022-03-17 17:08:11,504] {logging_mixin.py:109} INFO - [2022-03-17 17:08:11,504] {dag.py:2398} INFO - Sync 1 DAGs
[2022-03-17 17:08:11,515] {logging_mixin.py:109} INFO - [2022-03-17 17:08:11,515] {dag.py:2937} INFO - Setting next_dagrun for example_sla_dag to 2022-03-17T17:06:00+00:00
[2022-03-17 17:08:11,522] {processor.py:171} INFO - Processing /Users/louisekirkham/Documents/linkedin_learning/Ex_Files_Data_Engineering_Foundations/airflow_env/lib/python3.9/site-packages/airflow/example_dags/example_sla_dag.py took 0.080 seconds
[2022-03-17 17:09:37,240] {processor.py:163} INFO - Started process (PID=45933) to work on /Users/louisekirkham/Documents/linkedin_learning/Ex_Files_Data_Engineering_Foundations/airflow_env/lib/python3.9/site-packages/airflow/example_dags/example_sla_dag.py
[2022-03-17 17:09:37,241] {processor.py:642} INFO - Processing file /Users/louisekirkham/Documents/linkedin_learning/Ex_Files_Data_Engineering_Foundations/airflow_env/lib/python3.9/site-packages/airflow/example_dags/example_sla_dag.py for tasks to queue
[2022-03-17 17:09:37,242] {logging_mixin.py:109} INFO - [2022-03-17 17:09:37,242] {dagbag.py:500} INFO - Filling up the DagBag from /Users/louisekirkham/Documents/linkedin_learning/Ex_Files_Data_Engineering_Foundations/airflow_env/lib/python3.9/site-packages/airflow/example_dags/example_sla_dag.py
[2022-03-17 17:09:37,280] {processor.py:654} INFO - DAG(s) dict_keys(['example_sla_dag']) retrieved from /Users/louisekirkham/Documents/linkedin_learning/Ex_Files_Data_Engineering_Foundations/airflow_env/lib/python3.9/site-packages/airflow/example_dags/example_sla_dag.py
[2022-03-17 17:09:37,293] {logging_mixin.py:109} INFO - [2022-03-17 17:09:37,292] {dag.py:2398} INFO - Sync 1 DAGs
[2022-03-17 17:09:37,301] {logging_mixin.py:109} INFO - [2022-03-17 17:09:37,301] {dag.py:2937} INFO - Setting next_dagrun for example_sla_dag to 2022-03-17T17:06:00+00:00
[2022-03-17 17:09:37,307] {processor.py:171} INFO - Processing /Users/louisekirkham/Documents/linkedin_learning/Ex_Files_Data_Engineering_Foundations/airflow_env/lib/python3.9/site-packages/airflow/example_dags/example_sla_dag.py took 0.068 seconds
[2022-03-17 17:10:57,462] {processor.py:163} INFO - Started process (PID=45993) to work on /Users/louisekirkham/Documents/linkedin_learning/Ex_Files_Data_Engineering_Foundations/airflow_env/lib/python3.9/site-packages/airflow/example_dags/example_sla_dag.py
[2022-03-17 17:10:57,462] {processor.py:642} INFO - Processing file /Users/louisekirkham/Documents/linkedin_learning/Ex_Files_Data_Engineering_Foundations/airflow_env/lib/python3.9/site-packages/airflow/example_dags/example_sla_dag.py for tasks to queue
[2022-03-17 17:10:57,463] {logging_mixin.py:109} INFO - [2022-03-17 17:10:57,463] {dagbag.py:500} INFO - Filling up the DagBag from /Users/louisekirkham/Documents/linkedin_learning/Ex_Files_Data_Engineering_Foundations/airflow_env/lib/python3.9/site-packages/airflow/example_dags/example_sla_dag.py
[2022-03-17 17:10:57,498] {processor.py:654} INFO - DAG(s) dict_keys(['example_sla_dag']) retrieved from /Users/louisekirkham/Documents/linkedin_learning/Ex_Files_Data_Engineering_Foundations/airflow_env/lib/python3.9/site-packages/airflow/example_dags/example_sla_dag.py
[2022-03-17 17:10:57,511] {logging_mixin.py:109} INFO - [2022-03-17 17:10:57,510] {dag.py:2398} INFO - Sync 1 DAGs
[2022-03-17 17:10:57,519] {logging_mixin.py:109} INFO - [2022-03-17 17:10:57,519] {dag.py:2937} INFO - Setting next_dagrun for example_sla_dag to 2022-03-17T17:08:00+00:00
[2022-03-17 17:10:57,526] {processor.py:171} INFO - Processing /Users/louisekirkham/Documents/linkedin_learning/Ex_Files_Data_Engineering_Foundations/airflow_env/lib/python3.9/site-packages/airflow/example_dags/example_sla_dag.py took 0.064 seconds
[2022-03-17 19:13:46,631] {processor.py:163} INFO - Started process (PID=46137) to work on /Users/louisekirkham/Documents/linkedin_learning/Ex_Files_Data_Engineering_Foundations/airflow_env/lib/python3.9/site-packages/airflow/example_dags/example_sla_dag.py
[2022-03-17 19:13:46,632] {processor.py:642} INFO - Processing file /Users/louisekirkham/Documents/linkedin_learning/Ex_Files_Data_Engineering_Foundations/airflow_env/lib/python3.9/site-packages/airflow/example_dags/example_sla_dag.py for tasks to queue
[2022-03-17 19:13:46,632] {logging_mixin.py:109} INFO - [2022-03-17 19:13:46,632] {dagbag.py:500} INFO - Filling up the DagBag from /Users/louisekirkham/Documents/linkedin_learning/Ex_Files_Data_Engineering_Foundations/airflow_env/lib/python3.9/site-packages/airflow/example_dags/example_sla_dag.py
[2022-03-17 19:13:46,669] {processor.py:654} INFO - DAG(s) dict_keys(['example_sla_dag']) retrieved from /Users/louisekirkham/Documents/linkedin_learning/Ex_Files_Data_Engineering_Foundations/airflow_env/lib/python3.9/site-packages/airflow/example_dags/example_sla_dag.py
[2022-03-17 19:13:46,682] {logging_mixin.py:109} INFO - [2022-03-17 19:13:46,682] {dag.py:2398} INFO - Sync 1 DAGs
[2022-03-17 19:13:46,692] {logging_mixin.py:109} INFO - [2022-03-17 19:13:46,692] {dag.py:2937} INFO - Setting next_dagrun for example_sla_dag to 2022-03-17T19:10:00+00:00
[2022-03-17 19:13:46,698] {processor.py:171} INFO - Processing /Users/louisekirkham/Documents/linkedin_learning/Ex_Files_Data_Engineering_Foundations/airflow_env/lib/python3.9/site-packages/airflow/example_dags/example_sla_dag.py took 0.068 seconds
