[2022-03-17 16:03:17,908] {processor.py:163} INFO - Started process (PID=44965) to work on /Users/louisekirkham/Documents/linkedin_learning/Ex_Files_Data_Engineering_Foundations/airflow_env/lib/python3.9/site-packages/airflow/example_dags/example_nested_branch_dag.py
[2022-03-17 16:03:17,908] {processor.py:642} INFO - Processing file /Users/louisekirkham/Documents/linkedin_learning/Ex_Files_Data_Engineering_Foundations/airflow_env/lib/python3.9/site-packages/airflow/example_dags/example_nested_branch_dag.py for tasks to queue
[2022-03-17 16:03:17,909] {logging_mixin.py:109} INFO - [2022-03-17 16:03:17,908] {dagbag.py:500} INFO - Filling up the DagBag from /Users/louisekirkham/Documents/linkedin_learning/Ex_Files_Data_Engineering_Foundations/airflow_env/lib/python3.9/site-packages/airflow/example_dags/example_nested_branch_dag.py
[2022-03-17 16:03:17,943] {processor.py:654} INFO - DAG(s) dict_keys(['example_nested_branch_dag']) retrieved from /Users/louisekirkham/Documents/linkedin_learning/Ex_Files_Data_Engineering_Foundations/airflow_env/lib/python3.9/site-packages/airflow/example_dags/example_nested_branch_dag.py
[2022-03-17 16:03:17,956] {logging_mixin.py:109} INFO - [2022-03-17 16:03:17,956] {dag.py:2398} INFO - Sync 1 DAGs
[2022-03-17 16:03:17,964] {logging_mixin.py:109} INFO - [2022-03-17 16:03:17,964] {dag.py:2937} INFO - Setting next_dagrun for example_nested_branch_dag to 2022-03-16 00:00:00+00:00
[2022-03-17 16:03:17,970] {processor.py:171} INFO - Processing /Users/louisekirkham/Documents/linkedin_learning/Ex_Files_Data_Engineering_Foundations/airflow_env/lib/python3.9/site-packages/airflow/example_dags/example_nested_branch_dag.py took 0.063 seconds
[2022-03-17 16:34:55,233] {processor.py:163} INFO - Started process (PID=45124) to work on /Users/louisekirkham/Documents/linkedin_learning/Ex_Files_Data_Engineering_Foundations/airflow_env/lib/python3.9/site-packages/airflow/example_dags/example_nested_branch_dag.py
[2022-03-17 16:34:55,235] {processor.py:642} INFO - Processing file /Users/louisekirkham/Documents/linkedin_learning/Ex_Files_Data_Engineering_Foundations/airflow_env/lib/python3.9/site-packages/airflow/example_dags/example_nested_branch_dag.py for tasks to queue
[2022-03-17 16:34:55,235] {logging_mixin.py:109} INFO - [2022-03-17 16:34:55,235] {dagbag.py:500} INFO - Filling up the DagBag from /Users/louisekirkham/Documents/linkedin_learning/Ex_Files_Data_Engineering_Foundations/airflow_env/lib/python3.9/site-packages/airflow/example_dags/example_nested_branch_dag.py
[2022-03-17 16:34:55,274] {processor.py:654} INFO - DAG(s) dict_keys(['example_nested_branch_dag']) retrieved from /Users/louisekirkham/Documents/linkedin_learning/Ex_Files_Data_Engineering_Foundations/airflow_env/lib/python3.9/site-packages/airflow/example_dags/example_nested_branch_dag.py
[2022-03-17 16:34:55,289] {logging_mixin.py:109} INFO - [2022-03-17 16:34:55,289] {dag.py:2398} INFO - Sync 1 DAGs
[2022-03-17 16:34:55,297] {logging_mixin.py:109} INFO - [2022-03-17 16:34:55,297] {dag.py:2937} INFO - Setting next_dagrun for example_nested_branch_dag to 2022-03-16 00:00:00+00:00
[2022-03-17 16:34:55,303] {processor.py:171} INFO - Processing /Users/louisekirkham/Documents/linkedin_learning/Ex_Files_Data_Engineering_Foundations/airflow_env/lib/python3.9/site-packages/airflow/example_dags/example_nested_branch_dag.py took 0.070 seconds
[2022-03-17 16:36:28,533] {processor.py:163} INFO - Started process (PID=45207) to work on /Users/louisekirkham/Documents/linkedin_learning/Ex_Files_Data_Engineering_Foundations/airflow_env/lib/python3.9/site-packages/airflow/example_dags/example_nested_branch_dag.py
[2022-03-17 16:36:28,533] {processor.py:642} INFO - Processing file /Users/louisekirkham/Documents/linkedin_learning/Ex_Files_Data_Engineering_Foundations/airflow_env/lib/python3.9/site-packages/airflow/example_dags/example_nested_branch_dag.py for tasks to queue
[2022-03-17 16:36:28,533] {logging_mixin.py:109} INFO - [2022-03-17 16:36:28,533] {dagbag.py:500} INFO - Filling up the DagBag from /Users/louisekirkham/Documents/linkedin_learning/Ex_Files_Data_Engineering_Foundations/airflow_env/lib/python3.9/site-packages/airflow/example_dags/example_nested_branch_dag.py
[2022-03-17 16:36:28,573] {processor.py:654} INFO - DAG(s) dict_keys(['example_nested_branch_dag']) retrieved from /Users/louisekirkham/Documents/linkedin_learning/Ex_Files_Data_Engineering_Foundations/airflow_env/lib/python3.9/site-packages/airflow/example_dags/example_nested_branch_dag.py
[2022-03-17 16:36:28,588] {logging_mixin.py:109} INFO - [2022-03-17 16:36:28,588] {dag.py:2398} INFO - Sync 1 DAGs
[2022-03-17 16:36:28,597] {logging_mixin.py:109} INFO - [2022-03-17 16:36:28,597] {dag.py:2937} INFO - Setting next_dagrun for example_nested_branch_dag to 2022-03-16 00:00:00+00:00
[2022-03-17 16:36:28,604] {processor.py:171} INFO - Processing /Users/louisekirkham/Documents/linkedin_learning/Ex_Files_Data_Engineering_Foundations/airflow_env/lib/python3.9/site-packages/airflow/example_dags/example_nested_branch_dag.py took 0.072 seconds
[2022-03-17 16:37:48,964] {processor.py:163} INFO - Started process (PID=45279) to work on /Users/louisekirkham/Documents/linkedin_learning/Ex_Files_Data_Engineering_Foundations/airflow_env/lib/python3.9/site-packages/airflow/example_dags/example_nested_branch_dag.py
[2022-03-17 16:37:48,965] {processor.py:642} INFO - Processing file /Users/louisekirkham/Documents/linkedin_learning/Ex_Files_Data_Engineering_Foundations/airflow_env/lib/python3.9/site-packages/airflow/example_dags/example_nested_branch_dag.py for tasks to queue
[2022-03-17 16:37:48,965] {logging_mixin.py:109} INFO - [2022-03-17 16:37:48,965] {dagbag.py:500} INFO - Filling up the DagBag from /Users/louisekirkham/Documents/linkedin_learning/Ex_Files_Data_Engineering_Foundations/airflow_env/lib/python3.9/site-packages/airflow/example_dags/example_nested_branch_dag.py
[2022-03-17 16:37:49,003] {processor.py:654} INFO - DAG(s) dict_keys(['example_nested_branch_dag']) retrieved from /Users/louisekirkham/Documents/linkedin_learning/Ex_Files_Data_Engineering_Foundations/airflow_env/lib/python3.9/site-packages/airflow/example_dags/example_nested_branch_dag.py
[2022-03-17 16:37:49,019] {logging_mixin.py:109} INFO - [2022-03-17 16:37:49,019] {dag.py:2398} INFO - Sync 1 DAGs
[2022-03-17 16:37:49,029] {logging_mixin.py:109} INFO - [2022-03-17 16:37:49,029] {dag.py:2937} INFO - Setting next_dagrun for example_nested_branch_dag to 2022-03-16 00:00:00+00:00
[2022-03-17 16:37:49,036] {processor.py:171} INFO - Processing /Users/louisekirkham/Documents/linkedin_learning/Ex_Files_Data_Engineering_Foundations/airflow_env/lib/python3.9/site-packages/airflow/example_dags/example_nested_branch_dag.py took 0.073 seconds
[2022-03-17 16:39:10,273] {processor.py:163} INFO - Started process (PID=45350) to work on /Users/louisekirkham/Documents/linkedin_learning/Ex_Files_Data_Engineering_Foundations/airflow_env/lib/python3.9/site-packages/airflow/example_dags/example_nested_branch_dag.py
[2022-03-17 16:39:10,273] {processor.py:642} INFO - Processing file /Users/louisekirkham/Documents/linkedin_learning/Ex_Files_Data_Engineering_Foundations/airflow_env/lib/python3.9/site-packages/airflow/example_dags/example_nested_branch_dag.py for tasks to queue
[2022-03-17 16:39:10,274] {logging_mixin.py:109} INFO - [2022-03-17 16:39:10,274] {dagbag.py:500} INFO - Filling up the DagBag from /Users/louisekirkham/Documents/linkedin_learning/Ex_Files_Data_Engineering_Foundations/airflow_env/lib/python3.9/site-packages/airflow/example_dags/example_nested_branch_dag.py
[2022-03-17 16:39:10,310] {processor.py:654} INFO - DAG(s) dict_keys(['example_nested_branch_dag']) retrieved from /Users/louisekirkham/Documents/linkedin_learning/Ex_Files_Data_Engineering_Foundations/airflow_env/lib/python3.9/site-packages/airflow/example_dags/example_nested_branch_dag.py
[2022-03-17 16:39:10,325] {logging_mixin.py:109} INFO - [2022-03-17 16:39:10,325] {dag.py:2398} INFO - Sync 1 DAGs
[2022-03-17 16:39:10,334] {logging_mixin.py:109} INFO - [2022-03-17 16:39:10,334] {dag.py:2937} INFO - Setting next_dagrun for example_nested_branch_dag to 2022-03-16 00:00:00+00:00
[2022-03-17 16:39:10,341] {processor.py:171} INFO - Processing /Users/louisekirkham/Documents/linkedin_learning/Ex_Files_Data_Engineering_Foundations/airflow_env/lib/python3.9/site-packages/airflow/example_dags/example_nested_branch_dag.py took 0.068 seconds
[2022-03-17 16:40:30,614] {processor.py:163} INFO - Started process (PID=45409) to work on /Users/louisekirkham/Documents/linkedin_learning/Ex_Files_Data_Engineering_Foundations/airflow_env/lib/python3.9/site-packages/airflow/example_dags/example_nested_branch_dag.py
[2022-03-17 16:40:30,614] {processor.py:642} INFO - Processing file /Users/louisekirkham/Documents/linkedin_learning/Ex_Files_Data_Engineering_Foundations/airflow_env/lib/python3.9/site-packages/airflow/example_dags/example_nested_branch_dag.py for tasks to queue
[2022-03-17 16:40:30,614] {logging_mixin.py:109} INFO - [2022-03-17 16:40:30,614] {dagbag.py:500} INFO - Filling up the DagBag from /Users/louisekirkham/Documents/linkedin_learning/Ex_Files_Data_Engineering_Foundations/airflow_env/lib/python3.9/site-packages/airflow/example_dags/example_nested_branch_dag.py
[2022-03-17 16:40:30,648] {processor.py:654} INFO - DAG(s) dict_keys(['example_nested_branch_dag']) retrieved from /Users/louisekirkham/Documents/linkedin_learning/Ex_Files_Data_Engineering_Foundations/airflow_env/lib/python3.9/site-packages/airflow/example_dags/example_nested_branch_dag.py
[2022-03-17 16:40:30,662] {logging_mixin.py:109} INFO - [2022-03-17 16:40:30,662] {dag.py:2398} INFO - Sync 1 DAGs
[2022-03-17 16:40:30,669] {logging_mixin.py:109} INFO - [2022-03-17 16:40:30,669] {dag.py:2937} INFO - Setting next_dagrun for example_nested_branch_dag to 2022-03-16 00:00:00+00:00
[2022-03-17 16:40:30,676] {processor.py:171} INFO - Processing /Users/louisekirkham/Documents/linkedin_learning/Ex_Files_Data_Engineering_Foundations/airflow_env/lib/python3.9/site-packages/airflow/example_dags/example_nested_branch_dag.py took 0.063 seconds
[2022-03-17 16:41:50,932] {processor.py:163} INFO - Started process (PID=45467) to work on /Users/louisekirkham/Documents/linkedin_learning/Ex_Files_Data_Engineering_Foundations/airflow_env/lib/python3.9/site-packages/airflow/example_dags/example_nested_branch_dag.py
[2022-03-17 16:41:50,932] {processor.py:642} INFO - Processing file /Users/louisekirkham/Documents/linkedin_learning/Ex_Files_Data_Engineering_Foundations/airflow_env/lib/python3.9/site-packages/airflow/example_dags/example_nested_branch_dag.py for tasks to queue
[2022-03-17 16:41:50,932] {logging_mixin.py:109} INFO - [2022-03-17 16:41:50,932] {dagbag.py:500} INFO - Filling up the DagBag from /Users/louisekirkham/Documents/linkedin_learning/Ex_Files_Data_Engineering_Foundations/airflow_env/lib/python3.9/site-packages/airflow/example_dags/example_nested_branch_dag.py
[2022-03-17 16:41:50,964] {processor.py:654} INFO - DAG(s) dict_keys(['example_nested_branch_dag']) retrieved from /Users/louisekirkham/Documents/linkedin_learning/Ex_Files_Data_Engineering_Foundations/airflow_env/lib/python3.9/site-packages/airflow/example_dags/example_nested_branch_dag.py
[2022-03-17 16:41:50,979] {logging_mixin.py:109} INFO - [2022-03-17 16:41:50,978] {dag.py:2398} INFO - Sync 1 DAGs
[2022-03-17 16:41:50,986] {logging_mixin.py:109} INFO - [2022-03-17 16:41:50,986] {dag.py:2937} INFO - Setting next_dagrun for example_nested_branch_dag to 2022-03-16 00:00:00+00:00
[2022-03-17 16:41:50,993] {processor.py:171} INFO - Processing /Users/louisekirkham/Documents/linkedin_learning/Ex_Files_Data_Engineering_Foundations/airflow_env/lib/python3.9/site-packages/airflow/example_dags/example_nested_branch_dag.py took 0.062 seconds
[2022-03-17 16:43:13,396] {processor.py:163} INFO - Started process (PID=45557) to work on /Users/louisekirkham/Documents/linkedin_learning/Ex_Files_Data_Engineering_Foundations/airflow_env/lib/python3.9/site-packages/airflow/example_dags/example_nested_branch_dag.py
[2022-03-17 16:43:13,397] {processor.py:642} INFO - Processing file /Users/louisekirkham/Documents/linkedin_learning/Ex_Files_Data_Engineering_Foundations/airflow_env/lib/python3.9/site-packages/airflow/example_dags/example_nested_branch_dag.py for tasks to queue
[2022-03-17 16:43:13,397] {logging_mixin.py:109} INFO - [2022-03-17 16:43:13,397] {dagbag.py:500} INFO - Filling up the DagBag from /Users/louisekirkham/Documents/linkedin_learning/Ex_Files_Data_Engineering_Foundations/airflow_env/lib/python3.9/site-packages/airflow/example_dags/example_nested_branch_dag.py
[2022-03-17 16:43:13,436] {processor.py:654} INFO - DAG(s) dict_keys(['example_nested_branch_dag']) retrieved from /Users/louisekirkham/Documents/linkedin_learning/Ex_Files_Data_Engineering_Foundations/airflow_env/lib/python3.9/site-packages/airflow/example_dags/example_nested_branch_dag.py
[2022-03-17 16:43:13,452] {logging_mixin.py:109} INFO - [2022-03-17 16:43:13,451] {dag.py:2398} INFO - Sync 1 DAGs
[2022-03-17 16:43:13,460] {logging_mixin.py:109} INFO - [2022-03-17 16:43:13,460] {dag.py:2937} INFO - Setting next_dagrun for example_nested_branch_dag to 2022-03-16 00:00:00+00:00
[2022-03-17 16:43:13,468] {processor.py:171} INFO - Processing /Users/louisekirkham/Documents/linkedin_learning/Ex_Files_Data_Engineering_Foundations/airflow_env/lib/python3.9/site-packages/airflow/example_dags/example_nested_branch_dag.py took 0.072 seconds
[2022-03-17 16:44:34,740] {processor.py:163} INFO - Started process (PID=45629) to work on /Users/louisekirkham/Documents/linkedin_learning/Ex_Files_Data_Engineering_Foundations/airflow_env/lib/python3.9/site-packages/airflow/example_dags/example_nested_branch_dag.py
[2022-03-17 16:44:34,740] {processor.py:642} INFO - Processing file /Users/louisekirkham/Documents/linkedin_learning/Ex_Files_Data_Engineering_Foundations/airflow_env/lib/python3.9/site-packages/airflow/example_dags/example_nested_branch_dag.py for tasks to queue
[2022-03-17 16:44:34,741] {logging_mixin.py:109} INFO - [2022-03-17 16:44:34,740] {dagbag.py:500} INFO - Filling up the DagBag from /Users/louisekirkham/Documents/linkedin_learning/Ex_Files_Data_Engineering_Foundations/airflow_env/lib/python3.9/site-packages/airflow/example_dags/example_nested_branch_dag.py
[2022-03-17 16:44:34,778] {processor.py:654} INFO - DAG(s) dict_keys(['example_nested_branch_dag']) retrieved from /Users/louisekirkham/Documents/linkedin_learning/Ex_Files_Data_Engineering_Foundations/airflow_env/lib/python3.9/site-packages/airflow/example_dags/example_nested_branch_dag.py
[2022-03-17 16:44:34,792] {logging_mixin.py:109} INFO - [2022-03-17 16:44:34,792] {dag.py:2398} INFO - Sync 1 DAGs
[2022-03-17 16:44:34,801] {logging_mixin.py:109} INFO - [2022-03-17 16:44:34,801] {dag.py:2937} INFO - Setting next_dagrun for example_nested_branch_dag to 2022-03-16 00:00:00+00:00
[2022-03-17 16:44:34,808] {processor.py:171} INFO - Processing /Users/louisekirkham/Documents/linkedin_learning/Ex_Files_Data_Engineering_Foundations/airflow_env/lib/python3.9/site-packages/airflow/example_dags/example_nested_branch_dag.py took 0.069 seconds
[2022-03-17 17:06:46,554] {processor.py:163} INFO - Started process (PID=45798) to work on /Users/louisekirkham/Documents/linkedin_learning/Ex_Files_Data_Engineering_Foundations/airflow_env/lib/python3.9/site-packages/airflow/example_dags/example_nested_branch_dag.py
[2022-03-17 17:06:46,555] {processor.py:642} INFO - Processing file /Users/louisekirkham/Documents/linkedin_learning/Ex_Files_Data_Engineering_Foundations/airflow_env/lib/python3.9/site-packages/airflow/example_dags/example_nested_branch_dag.py for tasks to queue
[2022-03-17 17:06:46,555] {logging_mixin.py:109} INFO - [2022-03-17 17:06:46,555] {dagbag.py:500} INFO - Filling up the DagBag from /Users/louisekirkham/Documents/linkedin_learning/Ex_Files_Data_Engineering_Foundations/airflow_env/lib/python3.9/site-packages/airflow/example_dags/example_nested_branch_dag.py
[2022-03-17 17:06:46,595] {processor.py:654} INFO - DAG(s) dict_keys(['example_nested_branch_dag']) retrieved from /Users/louisekirkham/Documents/linkedin_learning/Ex_Files_Data_Engineering_Foundations/airflow_env/lib/python3.9/site-packages/airflow/example_dags/example_nested_branch_dag.py
[2022-03-17 17:06:46,610] {logging_mixin.py:109} INFO - [2022-03-17 17:06:46,610] {dag.py:2398} INFO - Sync 1 DAGs
[2022-03-17 17:06:46,618] {logging_mixin.py:109} INFO - [2022-03-17 17:06:46,618] {dag.py:2937} INFO - Setting next_dagrun for example_nested_branch_dag to 2022-03-16 00:00:00+00:00
[2022-03-17 17:06:46,624] {processor.py:171} INFO - Processing /Users/louisekirkham/Documents/linkedin_learning/Ex_Files_Data_Engineering_Foundations/airflow_env/lib/python3.9/site-packages/airflow/example_dags/example_nested_branch_dag.py took 0.071 seconds
[2022-03-17 17:08:20,953] {processor.py:163} INFO - Started process (PID=45871) to work on /Users/louisekirkham/Documents/linkedin_learning/Ex_Files_Data_Engineering_Foundations/airflow_env/lib/python3.9/site-packages/airflow/example_dags/example_nested_branch_dag.py
[2022-03-17 17:08:20,954] {processor.py:642} INFO - Processing file /Users/louisekirkham/Documents/linkedin_learning/Ex_Files_Data_Engineering_Foundations/airflow_env/lib/python3.9/site-packages/airflow/example_dags/example_nested_branch_dag.py for tasks to queue
[2022-03-17 17:08:20,954] {logging_mixin.py:109} INFO - [2022-03-17 17:08:20,954] {dagbag.py:500} INFO - Filling up the DagBag from /Users/louisekirkham/Documents/linkedin_learning/Ex_Files_Data_Engineering_Foundations/airflow_env/lib/python3.9/site-packages/airflow/example_dags/example_nested_branch_dag.py
[2022-03-17 17:08:20,991] {processor.py:654} INFO - DAG(s) dict_keys(['example_nested_branch_dag']) retrieved from /Users/louisekirkham/Documents/linkedin_learning/Ex_Files_Data_Engineering_Foundations/airflow_env/lib/python3.9/site-packages/airflow/example_dags/example_nested_branch_dag.py
[2022-03-17 17:08:21,006] {logging_mixin.py:109} INFO - [2022-03-17 17:08:21,006] {dag.py:2398} INFO - Sync 1 DAGs
[2022-03-17 17:08:21,014] {logging_mixin.py:109} INFO - [2022-03-17 17:08:21,014] {dag.py:2937} INFO - Setting next_dagrun for example_nested_branch_dag to 2022-03-16 00:00:00+00:00
[2022-03-17 17:08:21,022] {processor.py:171} INFO - Processing /Users/louisekirkham/Documents/linkedin_learning/Ex_Files_Data_Engineering_Foundations/airflow_env/lib/python3.9/site-packages/airflow/example_dags/example_nested_branch_dag.py took 0.070 seconds
[2022-03-17 17:09:47,080] {processor.py:163} INFO - Started process (PID=45942) to work on /Users/louisekirkham/Documents/linkedin_learning/Ex_Files_Data_Engineering_Foundations/airflow_env/lib/python3.9/site-packages/airflow/example_dags/example_nested_branch_dag.py
[2022-03-17 17:09:47,082] {processor.py:642} INFO - Processing file /Users/louisekirkham/Documents/linkedin_learning/Ex_Files_Data_Engineering_Foundations/airflow_env/lib/python3.9/site-packages/airflow/example_dags/example_nested_branch_dag.py for tasks to queue
[2022-03-17 17:09:47,082] {logging_mixin.py:109} INFO - [2022-03-17 17:09:47,082] {dagbag.py:500} INFO - Filling up the DagBag from /Users/louisekirkham/Documents/linkedin_learning/Ex_Files_Data_Engineering_Foundations/airflow_env/lib/python3.9/site-packages/airflow/example_dags/example_nested_branch_dag.py
[2022-03-17 17:09:47,119] {processor.py:654} INFO - DAG(s) dict_keys(['example_nested_branch_dag']) retrieved from /Users/louisekirkham/Documents/linkedin_learning/Ex_Files_Data_Engineering_Foundations/airflow_env/lib/python3.9/site-packages/airflow/example_dags/example_nested_branch_dag.py
[2022-03-17 17:09:47,133] {logging_mixin.py:109} INFO - [2022-03-17 17:09:47,133] {dag.py:2398} INFO - Sync 1 DAGs
[2022-03-17 17:09:47,141] {logging_mixin.py:109} INFO - [2022-03-17 17:09:47,141] {dag.py:2937} INFO - Setting next_dagrun for example_nested_branch_dag to 2022-03-16 00:00:00+00:00
[2022-03-17 17:09:47,148] {processor.py:171} INFO - Processing /Users/louisekirkham/Documents/linkedin_learning/Ex_Files_Data_Engineering_Foundations/airflow_env/lib/python3.9/site-packages/airflow/example_dags/example_nested_branch_dag.py took 0.069 seconds
[2022-03-17 17:11:07,549] {processor.py:163} INFO - Started process (PID=45998) to work on /Users/louisekirkham/Documents/linkedin_learning/Ex_Files_Data_Engineering_Foundations/airflow_env/lib/python3.9/site-packages/airflow/example_dags/example_nested_branch_dag.py
[2022-03-17 17:11:07,549] {processor.py:642} INFO - Processing file /Users/louisekirkham/Documents/linkedin_learning/Ex_Files_Data_Engineering_Foundations/airflow_env/lib/python3.9/site-packages/airflow/example_dags/example_nested_branch_dag.py for tasks to queue
[2022-03-17 17:11:07,550] {logging_mixin.py:109} INFO - [2022-03-17 17:11:07,550] {dagbag.py:500} INFO - Filling up the DagBag from /Users/louisekirkham/Documents/linkedin_learning/Ex_Files_Data_Engineering_Foundations/airflow_env/lib/python3.9/site-packages/airflow/example_dags/example_nested_branch_dag.py
[2022-03-17 17:11:07,582] {processor.py:654} INFO - DAG(s) dict_keys(['example_nested_branch_dag']) retrieved from /Users/louisekirkham/Documents/linkedin_learning/Ex_Files_Data_Engineering_Foundations/airflow_env/lib/python3.9/site-packages/airflow/example_dags/example_nested_branch_dag.py
[2022-03-17 17:11:07,595] {logging_mixin.py:109} INFO - [2022-03-17 17:11:07,595] {dag.py:2398} INFO - Sync 1 DAGs
[2022-03-17 17:11:07,603] {logging_mixin.py:109} INFO - [2022-03-17 17:11:07,603] {dag.py:2937} INFO - Setting next_dagrun for example_nested_branch_dag to 2022-03-16 00:00:00+00:00
[2022-03-17 17:11:07,609] {processor.py:171} INFO - Processing /Users/louisekirkham/Documents/linkedin_learning/Ex_Files_Data_Engineering_Foundations/airflow_env/lib/python3.9/site-packages/airflow/example_dags/example_nested_branch_dag.py took 0.061 seconds
[2022-03-17 19:13:56,638] {processor.py:163} INFO - Started process (PID=46142) to work on /Users/louisekirkham/Documents/linkedin_learning/Ex_Files_Data_Engineering_Foundations/airflow_env/lib/python3.9/site-packages/airflow/example_dags/example_nested_branch_dag.py
[2022-03-17 19:13:56,640] {processor.py:642} INFO - Processing file /Users/louisekirkham/Documents/linkedin_learning/Ex_Files_Data_Engineering_Foundations/airflow_env/lib/python3.9/site-packages/airflow/example_dags/example_nested_branch_dag.py for tasks to queue
[2022-03-17 19:13:56,641] {logging_mixin.py:109} INFO - [2022-03-17 19:13:56,640] {dagbag.py:500} INFO - Filling up the DagBag from /Users/louisekirkham/Documents/linkedin_learning/Ex_Files_Data_Engineering_Foundations/airflow_env/lib/python3.9/site-packages/airflow/example_dags/example_nested_branch_dag.py
[2022-03-17 19:13:56,691] {processor.py:654} INFO - DAG(s) dict_keys(['example_nested_branch_dag']) retrieved from /Users/louisekirkham/Documents/linkedin_learning/Ex_Files_Data_Engineering_Foundations/airflow_env/lib/python3.9/site-packages/airflow/example_dags/example_nested_branch_dag.py
[2022-03-17 19:13:56,706] {logging_mixin.py:109} INFO - [2022-03-17 19:13:56,706] {dag.py:2398} INFO - Sync 1 DAGs
[2022-03-17 19:13:56,714] {logging_mixin.py:109} INFO - [2022-03-17 19:13:56,714] {dag.py:2937} INFO - Setting next_dagrun for example_nested_branch_dag to 2022-03-16 00:00:00+00:00
[2022-03-17 19:13:56,720] {processor.py:171} INFO - Processing /Users/louisekirkham/Documents/linkedin_learning/Ex_Files_Data_Engineering_Foundations/airflow_env/lib/python3.9/site-packages/airflow/example_dags/example_nested_branch_dag.py took 0.083 seconds
