[2022-03-17 16:03:00,965] {processor.py:163} INFO - Started process (PID=44941) to work on /Users/louisekirkham/Documents/linkedin_learning/Ex_Files_Data_Engineering_Foundations/airflow_env/lib/python3.9/site-packages/airflow/example_dags/example_task_group_decorator.py
[2022-03-17 16:03:00,965] {processor.py:642} INFO - Processing file /Users/louisekirkham/Documents/linkedin_learning/Ex_Files_Data_Engineering_Foundations/airflow_env/lib/python3.9/site-packages/airflow/example_dags/example_task_group_decorator.py for tasks to queue
[2022-03-17 16:03:00,966] {logging_mixin.py:109} INFO - [2022-03-17 16:03:00,966] {dagbag.py:500} INFO - Filling up the DagBag from /Users/louisekirkham/Documents/linkedin_learning/Ex_Files_Data_Engineering_Foundations/airflow_env/lib/python3.9/site-packages/airflow/example_dags/example_task_group_decorator.py
[2022-03-17 16:03:01,035] {processor.py:654} INFO - DAG(s) dict_keys(['example_task_group_decorator']) retrieved from /Users/louisekirkham/Documents/linkedin_learning/Ex_Files_Data_Engineering_Foundations/airflow_env/lib/python3.9/site-packages/airflow/example_dags/example_task_group_decorator.py
[2022-03-17 16:03:01,260] {logging_mixin.py:109} INFO - [2022-03-17 16:03:01,260] {dag.py:2398} INFO - Sync 1 DAGs
[2022-03-17 16:03:01,270] {logging_mixin.py:109} INFO - [2022-03-17 16:03:01,270] {dag.py:2937} INFO - Setting next_dagrun for example_task_group_decorator to 2022-03-16T16:03:01.270665+00:00
[2022-03-17 16:03:01,279] {processor.py:171} INFO - Processing /Users/louisekirkham/Documents/linkedin_learning/Ex_Files_Data_Engineering_Foundations/airflow_env/lib/python3.9/site-packages/airflow/example_dags/example_task_group_decorator.py took 0.315 seconds
[2022-03-17 16:34:38,526] {processor.py:163} INFO - Started process (PID=45093) to work on /Users/louisekirkham/Documents/linkedin_learning/Ex_Files_Data_Engineering_Foundations/airflow_env/lib/python3.9/site-packages/airflow/example_dags/example_task_group_decorator.py
[2022-03-17 16:34:38,527] {processor.py:642} INFO - Processing file /Users/louisekirkham/Documents/linkedin_learning/Ex_Files_Data_Engineering_Foundations/airflow_env/lib/python3.9/site-packages/airflow/example_dags/example_task_group_decorator.py for tasks to queue
[2022-03-17 16:34:38,528] {logging_mixin.py:109} INFO - [2022-03-17 16:34:38,528] {dagbag.py:500} INFO - Filling up the DagBag from /Users/louisekirkham/Documents/linkedin_learning/Ex_Files_Data_Engineering_Foundations/airflow_env/lib/python3.9/site-packages/airflow/example_dags/example_task_group_decorator.py
[2022-03-17 16:34:38,588] {processor.py:654} INFO - DAG(s) dict_keys(['example_task_group_decorator']) retrieved from /Users/louisekirkham/Documents/linkedin_learning/Ex_Files_Data_Engineering_Foundations/airflow_env/lib/python3.9/site-packages/airflow/example_dags/example_task_group_decorator.py
[2022-03-17 16:34:38,899] {logging_mixin.py:109} INFO - [2022-03-17 16:34:38,899] {dag.py:2398} INFO - Sync 1 DAGs
[2022-03-17 16:34:38,908] {logging_mixin.py:109} INFO - [2022-03-17 16:34:38,908] {dag.py:2937} INFO - Setting next_dagrun for example_task_group_decorator to 2022-03-16T16:34:38.907913+00:00
[2022-03-17 16:34:38,915] {processor.py:171} INFO - Processing /Users/louisekirkham/Documents/linkedin_learning/Ex_Files_Data_Engineering_Foundations/airflow_env/lib/python3.9/site-packages/airflow/example_dags/example_task_group_decorator.py took 0.389 seconds
[2022-03-17 16:36:11,934] {processor.py:163} INFO - Started process (PID=45199) to work on /Users/louisekirkham/Documents/linkedin_learning/Ex_Files_Data_Engineering_Foundations/airflow_env/lib/python3.9/site-packages/airflow/example_dags/example_task_group_decorator.py
[2022-03-17 16:36:11,935] {processor.py:642} INFO - Processing file /Users/louisekirkham/Documents/linkedin_learning/Ex_Files_Data_Engineering_Foundations/airflow_env/lib/python3.9/site-packages/airflow/example_dags/example_task_group_decorator.py for tasks to queue
[2022-03-17 16:36:11,935] {logging_mixin.py:109} INFO - [2022-03-17 16:36:11,935] {dagbag.py:500} INFO - Filling up the DagBag from /Users/louisekirkham/Documents/linkedin_learning/Ex_Files_Data_Engineering_Foundations/airflow_env/lib/python3.9/site-packages/airflow/example_dags/example_task_group_decorator.py
[2022-03-17 16:36:11,981] {processor.py:654} INFO - DAG(s) dict_keys(['example_task_group_decorator']) retrieved from /Users/louisekirkham/Documents/linkedin_learning/Ex_Files_Data_Engineering_Foundations/airflow_env/lib/python3.9/site-packages/airflow/example_dags/example_task_group_decorator.py
[2022-03-17 16:36:12,154] {logging_mixin.py:109} INFO - [2022-03-17 16:36:12,154] {dag.py:2398} INFO - Sync 1 DAGs
[2022-03-17 16:36:12,161] {logging_mixin.py:109} INFO - [2022-03-17 16:36:12,161] {dag.py:2937} INFO - Setting next_dagrun for example_task_group_decorator to 2022-03-16T16:36:12.161773+00:00
[2022-03-17 16:36:12,169] {processor.py:171} INFO - Processing /Users/louisekirkham/Documents/linkedin_learning/Ex_Files_Data_Engineering_Foundations/airflow_env/lib/python3.9/site-packages/airflow/example_dags/example_task_group_decorator.py took 0.236 seconds
[2022-03-17 16:37:32,993] {processor.py:163} INFO - Started process (PID=45271) to work on /Users/louisekirkham/Documents/linkedin_learning/Ex_Files_Data_Engineering_Foundations/airflow_env/lib/python3.9/site-packages/airflow/example_dags/example_task_group_decorator.py
[2022-03-17 16:37:32,993] {processor.py:642} INFO - Processing file /Users/louisekirkham/Documents/linkedin_learning/Ex_Files_Data_Engineering_Foundations/airflow_env/lib/python3.9/site-packages/airflow/example_dags/example_task_group_decorator.py for tasks to queue
[2022-03-17 16:37:32,994] {logging_mixin.py:109} INFO - [2022-03-17 16:37:32,994] {dagbag.py:500} INFO - Filling up the DagBag from /Users/louisekirkham/Documents/linkedin_learning/Ex_Files_Data_Engineering_Foundations/airflow_env/lib/python3.9/site-packages/airflow/example_dags/example_task_group_decorator.py
[2022-03-17 16:37:33,041] {processor.py:654} INFO - DAG(s) dict_keys(['example_task_group_decorator']) retrieved from /Users/louisekirkham/Documents/linkedin_learning/Ex_Files_Data_Engineering_Foundations/airflow_env/lib/python3.9/site-packages/airflow/example_dags/example_task_group_decorator.py
[2022-03-17 16:37:33,231] {logging_mixin.py:109} INFO - [2022-03-17 16:37:33,231] {dag.py:2398} INFO - Sync 1 DAGs
[2022-03-17 16:37:33,241] {logging_mixin.py:109} INFO - [2022-03-17 16:37:33,241] {dag.py:2937} INFO - Setting next_dagrun for example_task_group_decorator to 2022-03-16T16:37:33.240893+00:00
[2022-03-17 16:37:33,249] {processor.py:171} INFO - Processing /Users/louisekirkham/Documents/linkedin_learning/Ex_Files_Data_Engineering_Foundations/airflow_env/lib/python3.9/site-packages/airflow/example_dags/example_task_group_decorator.py took 0.256 seconds
[2022-03-17 16:38:54,132] {processor.py:163} INFO - Started process (PID=45338) to work on /Users/louisekirkham/Documents/linkedin_learning/Ex_Files_Data_Engineering_Foundations/airflow_env/lib/python3.9/site-packages/airflow/example_dags/example_task_group_decorator.py
[2022-03-17 16:38:54,132] {processor.py:642} INFO - Processing file /Users/louisekirkham/Documents/linkedin_learning/Ex_Files_Data_Engineering_Foundations/airflow_env/lib/python3.9/site-packages/airflow/example_dags/example_task_group_decorator.py for tasks to queue
[2022-03-17 16:38:54,133] {logging_mixin.py:109} INFO - [2022-03-17 16:38:54,133] {dagbag.py:500} INFO - Filling up the DagBag from /Users/louisekirkham/Documents/linkedin_learning/Ex_Files_Data_Engineering_Foundations/airflow_env/lib/python3.9/site-packages/airflow/example_dags/example_task_group_decorator.py
[2022-03-17 16:38:54,183] {processor.py:654} INFO - DAG(s) dict_keys(['example_task_group_decorator']) retrieved from /Users/louisekirkham/Documents/linkedin_learning/Ex_Files_Data_Engineering_Foundations/airflow_env/lib/python3.9/site-packages/airflow/example_dags/example_task_group_decorator.py
[2022-03-17 16:38:54,381] {logging_mixin.py:109} INFO - [2022-03-17 16:38:54,380] {dag.py:2398} INFO - Sync 1 DAGs
[2022-03-17 16:38:54,390] {logging_mixin.py:109} INFO - [2022-03-17 16:38:54,389] {dag.py:2937} INFO - Setting next_dagrun for example_task_group_decorator to 2022-03-16T16:38:54.389856+00:00
[2022-03-17 16:38:54,398] {processor.py:171} INFO - Processing /Users/louisekirkham/Documents/linkedin_learning/Ex_Files_Data_Engineering_Foundations/airflow_env/lib/python3.9/site-packages/airflow/example_dags/example_task_group_decorator.py took 0.267 seconds
[2022-03-17 16:40:14,760] {processor.py:163} INFO - Started process (PID=45401) to work on /Users/louisekirkham/Documents/linkedin_learning/Ex_Files_Data_Engineering_Foundations/airflow_env/lib/python3.9/site-packages/airflow/example_dags/example_task_group_decorator.py
[2022-03-17 16:40:14,760] {processor.py:642} INFO - Processing file /Users/louisekirkham/Documents/linkedin_learning/Ex_Files_Data_Engineering_Foundations/airflow_env/lib/python3.9/site-packages/airflow/example_dags/example_task_group_decorator.py for tasks to queue
[2022-03-17 16:40:14,761] {logging_mixin.py:109} INFO - [2022-03-17 16:40:14,761] {dagbag.py:500} INFO - Filling up the DagBag from /Users/louisekirkham/Documents/linkedin_learning/Ex_Files_Data_Engineering_Foundations/airflow_env/lib/python3.9/site-packages/airflow/example_dags/example_task_group_decorator.py
[2022-03-17 16:40:14,806] {processor.py:654} INFO - DAG(s) dict_keys(['example_task_group_decorator']) retrieved from /Users/louisekirkham/Documents/linkedin_learning/Ex_Files_Data_Engineering_Foundations/airflow_env/lib/python3.9/site-packages/airflow/example_dags/example_task_group_decorator.py
[2022-03-17 16:40:14,990] {logging_mixin.py:109} INFO - [2022-03-17 16:40:14,990] {dag.py:2398} INFO - Sync 1 DAGs
[2022-03-17 16:40:14,999] {logging_mixin.py:109} INFO - [2022-03-17 16:40:14,999] {dag.py:2937} INFO - Setting next_dagrun for example_task_group_decorator to 2022-03-16T16:40:14.999245+00:00
[2022-03-17 16:40:15,007] {processor.py:171} INFO - Processing /Users/louisekirkham/Documents/linkedin_learning/Ex_Files_Data_Engineering_Foundations/airflow_env/lib/python3.9/site-packages/airflow/example_dags/example_task_group_decorator.py took 0.248 seconds
[2022-03-17 16:41:34,876] {processor.py:163} INFO - Started process (PID=45459) to work on /Users/louisekirkham/Documents/linkedin_learning/Ex_Files_Data_Engineering_Foundations/airflow_env/lib/python3.9/site-packages/airflow/example_dags/example_task_group_decorator.py
[2022-03-17 16:41:34,877] {processor.py:642} INFO - Processing file /Users/louisekirkham/Documents/linkedin_learning/Ex_Files_Data_Engineering_Foundations/airflow_env/lib/python3.9/site-packages/airflow/example_dags/example_task_group_decorator.py for tasks to queue
[2022-03-17 16:41:34,877] {logging_mixin.py:109} INFO - [2022-03-17 16:41:34,877] {dagbag.py:500} INFO - Filling up the DagBag from /Users/louisekirkham/Documents/linkedin_learning/Ex_Files_Data_Engineering_Foundations/airflow_env/lib/python3.9/site-packages/airflow/example_dags/example_task_group_decorator.py
[2022-03-17 16:41:34,918] {processor.py:654} INFO - DAG(s) dict_keys(['example_task_group_decorator']) retrieved from /Users/louisekirkham/Documents/linkedin_learning/Ex_Files_Data_Engineering_Foundations/airflow_env/lib/python3.9/site-packages/airflow/example_dags/example_task_group_decorator.py
[2022-03-17 16:41:35,082] {logging_mixin.py:109} INFO - [2022-03-17 16:41:35,082] {dag.py:2398} INFO - Sync 1 DAGs
[2022-03-17 16:41:35,089] {logging_mixin.py:109} INFO - [2022-03-17 16:41:35,089] {dag.py:2937} INFO - Setting next_dagrun for example_task_group_decorator to 2022-03-16T16:41:35.089499+00:00
[2022-03-17 16:41:35,097] {processor.py:171} INFO - Processing /Users/louisekirkham/Documents/linkedin_learning/Ex_Files_Data_Engineering_Foundations/airflow_env/lib/python3.9/site-packages/airflow/example_dags/example_task_group_decorator.py took 0.221 seconds
[2022-03-17 16:42:57,482] {processor.py:163} INFO - Started process (PID=45546) to work on /Users/louisekirkham/Documents/linkedin_learning/Ex_Files_Data_Engineering_Foundations/airflow_env/lib/python3.9/site-packages/airflow/example_dags/example_task_group_decorator.py
[2022-03-17 16:42:57,482] {processor.py:642} INFO - Processing file /Users/louisekirkham/Documents/linkedin_learning/Ex_Files_Data_Engineering_Foundations/airflow_env/lib/python3.9/site-packages/airflow/example_dags/example_task_group_decorator.py for tasks to queue
[2022-03-17 16:42:57,484] {logging_mixin.py:109} INFO - [2022-03-17 16:42:57,484] {dagbag.py:500} INFO - Filling up the DagBag from /Users/louisekirkham/Documents/linkedin_learning/Ex_Files_Data_Engineering_Foundations/airflow_env/lib/python3.9/site-packages/airflow/example_dags/example_task_group_decorator.py
[2022-03-17 16:42:57,528] {processor.py:654} INFO - DAG(s) dict_keys(['example_task_group_decorator']) retrieved from /Users/louisekirkham/Documents/linkedin_learning/Ex_Files_Data_Engineering_Foundations/airflow_env/lib/python3.9/site-packages/airflow/example_dags/example_task_group_decorator.py
[2022-03-17 16:42:57,715] {logging_mixin.py:109} INFO - [2022-03-17 16:42:57,715] {dag.py:2398} INFO - Sync 1 DAGs
[2022-03-17 16:42:57,723] {logging_mixin.py:109} INFO - [2022-03-17 16:42:57,723] {dag.py:2937} INFO - Setting next_dagrun for example_task_group_decorator to 2022-03-16T16:42:57.723769+00:00
[2022-03-17 16:42:57,732] {processor.py:171} INFO - Processing /Users/louisekirkham/Documents/linkedin_learning/Ex_Files_Data_Engineering_Foundations/airflow_env/lib/python3.9/site-packages/airflow/example_dags/example_task_group_decorator.py took 0.251 seconds
[2022-03-17 16:44:18,601] {processor.py:163} INFO - Started process (PID=45618) to work on /Users/louisekirkham/Documents/linkedin_learning/Ex_Files_Data_Engineering_Foundations/airflow_env/lib/python3.9/site-packages/airflow/example_dags/example_task_group_decorator.py
[2022-03-17 16:44:18,601] {processor.py:642} INFO - Processing file /Users/louisekirkham/Documents/linkedin_learning/Ex_Files_Data_Engineering_Foundations/airflow_env/lib/python3.9/site-packages/airflow/example_dags/example_task_group_decorator.py for tasks to queue
[2022-03-17 16:44:18,601] {logging_mixin.py:109} INFO - [2022-03-17 16:44:18,601] {dagbag.py:500} INFO - Filling up the DagBag from /Users/louisekirkham/Documents/linkedin_learning/Ex_Files_Data_Engineering_Foundations/airflow_env/lib/python3.9/site-packages/airflow/example_dags/example_task_group_decorator.py
[2022-03-17 16:44:18,647] {processor.py:654} INFO - DAG(s) dict_keys(['example_task_group_decorator']) retrieved from /Users/louisekirkham/Documents/linkedin_learning/Ex_Files_Data_Engineering_Foundations/airflow_env/lib/python3.9/site-packages/airflow/example_dags/example_task_group_decorator.py
[2022-03-17 16:44:18,830] {logging_mixin.py:109} INFO - [2022-03-17 16:44:18,829] {dag.py:2398} INFO - Sync 1 DAGs
[2022-03-17 16:44:18,839] {logging_mixin.py:109} INFO - [2022-03-17 16:44:18,839] {dag.py:2937} INFO - Setting next_dagrun for example_task_group_decorator to 2022-03-16T16:44:18.839099+00:00
[2022-03-17 16:44:18,847] {processor.py:171} INFO - Processing /Users/louisekirkham/Documents/linkedin_learning/Ex_Files_Data_Engineering_Foundations/airflow_env/lib/python3.9/site-packages/airflow/example_dags/example_task_group_decorator.py took 0.247 seconds
[2022-03-17 16:56:11,725] {processor.py:163} INFO - Started process (PID=45707) to work on /Users/louisekirkham/Documents/linkedin_learning/Ex_Files_Data_Engineering_Foundations/airflow_env/lib/python3.9/site-packages/airflow/example_dags/example_task_group_decorator.py
[2022-03-17 16:56:11,726] {processor.py:642} INFO - Processing file /Users/louisekirkham/Documents/linkedin_learning/Ex_Files_Data_Engineering_Foundations/airflow_env/lib/python3.9/site-packages/airflow/example_dags/example_task_group_decorator.py for tasks to queue
[2022-03-17 16:56:11,727] {logging_mixin.py:109} INFO - [2022-03-17 16:56:11,727] {dagbag.py:500} INFO - Filling up the DagBag from /Users/louisekirkham/Documents/linkedin_learning/Ex_Files_Data_Engineering_Foundations/airflow_env/lib/python3.9/site-packages/airflow/example_dags/example_task_group_decorator.py
[2022-03-17 16:56:11,785] {processor.py:654} INFO - DAG(s) dict_keys(['example_task_group_decorator']) retrieved from /Users/louisekirkham/Documents/linkedin_learning/Ex_Files_Data_Engineering_Foundations/airflow_env/lib/python3.9/site-packages/airflow/example_dags/example_task_group_decorator.py
[2022-03-17 16:56:12,055] {logging_mixin.py:109} INFO - [2022-03-17 16:56:12,054] {dag.py:2398} INFO - Sync 1 DAGs
[2022-03-17 16:56:12,065] {logging_mixin.py:109} INFO - [2022-03-17 16:56:12,065] {dag.py:2937} INFO - Setting next_dagrun for example_task_group_decorator to 2022-03-16T16:56:12.064955+00:00
[2022-03-17 16:56:12,073] {processor.py:171} INFO - Processing /Users/louisekirkham/Documents/linkedin_learning/Ex_Files_Data_Engineering_Foundations/airflow_env/lib/python3.9/site-packages/airflow/example_dags/example_task_group_decorator.py took 0.349 seconds
[2022-03-17 17:07:15,621] {processor.py:163} INFO - Started process (PID=45819) to work on /Users/louisekirkham/Documents/linkedin_learning/Ex_Files_Data_Engineering_Foundations/airflow_env/lib/python3.9/site-packages/airflow/example_dags/example_task_group_decorator.py
[2022-03-17 17:07:15,623] {processor.py:642} INFO - Processing file /Users/louisekirkham/Documents/linkedin_learning/Ex_Files_Data_Engineering_Foundations/airflow_env/lib/python3.9/site-packages/airflow/example_dags/example_task_group_decorator.py for tasks to queue
[2022-03-17 17:07:15,623] {logging_mixin.py:109} INFO - [2022-03-17 17:07:15,623] {dagbag.py:500} INFO - Filling up the DagBag from /Users/louisekirkham/Documents/linkedin_learning/Ex_Files_Data_Engineering_Foundations/airflow_env/lib/python3.9/site-packages/airflow/example_dags/example_task_group_decorator.py
[2022-03-17 17:07:15,666] {processor.py:654} INFO - DAG(s) dict_keys(['example_task_group_decorator']) retrieved from /Users/louisekirkham/Documents/linkedin_learning/Ex_Files_Data_Engineering_Foundations/airflow_env/lib/python3.9/site-packages/airflow/example_dags/example_task_group_decorator.py
[2022-03-17 17:07:15,825] {logging_mixin.py:109} INFO - [2022-03-17 17:07:15,824] {dag.py:2398} INFO - Sync 1 DAGs
[2022-03-17 17:07:15,832] {logging_mixin.py:109} INFO - [2022-03-17 17:07:15,832] {dag.py:2937} INFO - Setting next_dagrun for example_task_group_decorator to 2022-03-16T17:07:15.832698+00:00
[2022-03-17 17:07:15,840] {processor.py:171} INFO - Processing /Users/louisekirkham/Documents/linkedin_learning/Ex_Files_Data_Engineering_Foundations/airflow_env/lib/python3.9/site-packages/airflow/example_dags/example_task_group_decorator.py took 0.219 seconds
[2022-03-17 17:08:37,016] {processor.py:163} INFO - Started process (PID=45880) to work on /Users/louisekirkham/Documents/linkedin_learning/Ex_Files_Data_Engineering_Foundations/airflow_env/lib/python3.9/site-packages/airflow/example_dags/example_task_group_decorator.py
[2022-03-17 17:08:37,017] {processor.py:642} INFO - Processing file /Users/louisekirkham/Documents/linkedin_learning/Ex_Files_Data_Engineering_Foundations/airflow_env/lib/python3.9/site-packages/airflow/example_dags/example_task_group_decorator.py for tasks to queue
[2022-03-17 17:08:37,018] {logging_mixin.py:109} INFO - [2022-03-17 17:08:37,018] {dagbag.py:500} INFO - Filling up the DagBag from /Users/louisekirkham/Documents/linkedin_learning/Ex_Files_Data_Engineering_Foundations/airflow_env/lib/python3.9/site-packages/airflow/example_dags/example_task_group_decorator.py
[2022-03-17 17:08:37,060] {processor.py:654} INFO - DAG(s) dict_keys(['example_task_group_decorator']) retrieved from /Users/louisekirkham/Documents/linkedin_learning/Ex_Files_Data_Engineering_Foundations/airflow_env/lib/python3.9/site-packages/airflow/example_dags/example_task_group_decorator.py
[2022-03-17 17:08:37,220] {logging_mixin.py:109} INFO - [2022-03-17 17:08:37,220] {dag.py:2398} INFO - Sync 1 DAGs
[2022-03-17 17:08:37,227] {logging_mixin.py:109} INFO - [2022-03-17 17:08:37,227] {dag.py:2937} INFO - Setting next_dagrun for example_task_group_decorator to 2022-03-16T17:08:37.227620+00:00
[2022-03-17 17:08:37,236] {processor.py:171} INFO - Processing /Users/louisekirkham/Documents/linkedin_learning/Ex_Files_Data_Engineering_Foundations/airflow_env/lib/python3.9/site-packages/airflow/example_dags/example_task_group_decorator.py took 0.221 seconds
[2022-03-17 17:09:32,669] {processor.py:163} INFO - Started process (PID=45928) to work on /Users/louisekirkham/Documents/linkedin_learning/Ex_Files_Data_Engineering_Foundations/airflow_env/lib/python3.9/site-packages/airflow/example_dags/example_task_group_decorator.py
[2022-03-17 17:09:32,671] {processor.py:642} INFO - Processing file /Users/louisekirkham/Documents/linkedin_learning/Ex_Files_Data_Engineering_Foundations/airflow_env/lib/python3.9/site-packages/airflow/example_dags/example_task_group_decorator.py for tasks to queue
[2022-03-17 17:09:32,671] {logging_mixin.py:109} INFO - [2022-03-17 17:09:32,671] {dagbag.py:500} INFO - Filling up the DagBag from /Users/louisekirkham/Documents/linkedin_learning/Ex_Files_Data_Engineering_Foundations/airflow_env/lib/python3.9/site-packages/airflow/example_dags/example_task_group_decorator.py
[2022-03-17 17:09:32,717] {processor.py:654} INFO - DAG(s) dict_keys(['example_task_group_decorator']) retrieved from /Users/louisekirkham/Documents/linkedin_learning/Ex_Files_Data_Engineering_Foundations/airflow_env/lib/python3.9/site-packages/airflow/example_dags/example_task_group_decorator.py
[2022-03-17 17:09:32,912] {logging_mixin.py:109} INFO - [2022-03-17 17:09:32,912] {dag.py:2398} INFO - Sync 1 DAGs
[2022-03-17 17:09:32,922] {logging_mixin.py:109} INFO - [2022-03-17 17:09:32,922] {dag.py:2937} INFO - Setting next_dagrun for example_task_group_decorator to 2022-03-16T17:09:32.922344+00:00
[2022-03-17 17:09:32,930] {processor.py:171} INFO - Processing /Users/louisekirkham/Documents/linkedin_learning/Ex_Files_Data_Engineering_Foundations/airflow_env/lib/python3.9/site-packages/airflow/example_dags/example_task_group_decorator.py took 0.261 seconds
[2022-03-17 17:10:53,452] {processor.py:163} INFO - Started process (PID=45991) to work on /Users/louisekirkham/Documents/linkedin_learning/Ex_Files_Data_Engineering_Foundations/airflow_env/lib/python3.9/site-packages/airflow/example_dags/example_task_group_decorator.py
[2022-03-17 17:10:53,452] {processor.py:642} INFO - Processing file /Users/louisekirkham/Documents/linkedin_learning/Ex_Files_Data_Engineering_Foundations/airflow_env/lib/python3.9/site-packages/airflow/example_dags/example_task_group_decorator.py for tasks to queue
[2022-03-17 17:10:53,452] {logging_mixin.py:109} INFO - [2022-03-17 17:10:53,452] {dagbag.py:500} INFO - Filling up the DagBag from /Users/louisekirkham/Documents/linkedin_learning/Ex_Files_Data_Engineering_Foundations/airflow_env/lib/python3.9/site-packages/airflow/example_dags/example_task_group_decorator.py
[2022-03-17 17:10:53,495] {processor.py:654} INFO - DAG(s) dict_keys(['example_task_group_decorator']) retrieved from /Users/louisekirkham/Documents/linkedin_learning/Ex_Files_Data_Engineering_Foundations/airflow_env/lib/python3.9/site-packages/airflow/example_dags/example_task_group_decorator.py
[2022-03-17 17:10:53,659] {logging_mixin.py:109} INFO - [2022-03-17 17:10:53,659] {dag.py:2398} INFO - Sync 1 DAGs
[2022-03-17 17:10:53,668] {logging_mixin.py:109} INFO - [2022-03-17 17:10:53,668] {dag.py:2937} INFO - Setting next_dagrun for example_task_group_decorator to 2022-03-16T17:10:53.667986+00:00
[2022-03-17 17:10:53,675] {processor.py:171} INFO - Processing /Users/louisekirkham/Documents/linkedin_learning/Ex_Files_Data_Engineering_Foundations/airflow_env/lib/python3.9/site-packages/airflow/example_dags/example_task_group_decorator.py took 0.224 seconds
[2022-03-17 19:13:40,524] {processor.py:163} INFO - Started process (PID=46134) to work on /Users/louisekirkham/Documents/linkedin_learning/Ex_Files_Data_Engineering_Foundations/airflow_env/lib/python3.9/site-packages/airflow/example_dags/example_task_group_decorator.py
[2022-03-17 19:13:40,527] {processor.py:642} INFO - Processing file /Users/louisekirkham/Documents/linkedin_learning/Ex_Files_Data_Engineering_Foundations/airflow_env/lib/python3.9/site-packages/airflow/example_dags/example_task_group_decorator.py for tasks to queue
[2022-03-17 19:13:40,528] {logging_mixin.py:109} INFO - [2022-03-17 19:13:40,528] {dagbag.py:500} INFO - Filling up the DagBag from /Users/louisekirkham/Documents/linkedin_learning/Ex_Files_Data_Engineering_Foundations/airflow_env/lib/python3.9/site-packages/airflow/example_dags/example_task_group_decorator.py
[2022-03-17 19:13:40,576] {processor.py:654} INFO - DAG(s) dict_keys(['example_task_group_decorator']) retrieved from /Users/louisekirkham/Documents/linkedin_learning/Ex_Files_Data_Engineering_Foundations/airflow_env/lib/python3.9/site-packages/airflow/example_dags/example_task_group_decorator.py
[2022-03-17 19:13:40,749] {logging_mixin.py:109} INFO - [2022-03-17 19:13:40,749] {dag.py:2398} INFO - Sync 1 DAGs
[2022-03-17 19:13:40,757] {logging_mixin.py:109} INFO - [2022-03-17 19:13:40,757] {dag.py:2937} INFO - Setting next_dagrun for example_task_group_decorator to 2022-03-16T19:13:40.757316+00:00
[2022-03-17 19:13:40,764] {processor.py:171} INFO - Processing /Users/louisekirkham/Documents/linkedin_learning/Ex_Files_Data_Engineering_Foundations/airflow_env/lib/python3.9/site-packages/airflow/example_dags/example_task_group_decorator.py took 0.240 seconds
