[2022-03-17 16:03:11,786] {processor.py:163} INFO - Started process (PID=44955) to work on /Users/louisekirkham/Documents/linkedin_learning/Ex_Files_Data_Engineering_Foundations/airflow_env/lib/python3.9/site-packages/airflow/example_dags/example_short_circuit_operator.py
[2022-03-17 16:03:11,786] {processor.py:642} INFO - Processing file /Users/louisekirkham/Documents/linkedin_learning/Ex_Files_Data_Engineering_Foundations/airflow_env/lib/python3.9/site-packages/airflow/example_dags/example_short_circuit_operator.py for tasks to queue
[2022-03-17 16:03:11,786] {logging_mixin.py:109} INFO - [2022-03-17 16:03:11,786] {dagbag.py:500} INFO - Filling up the DagBag from /Users/louisekirkham/Documents/linkedin_learning/Ex_Files_Data_Engineering_Foundations/airflow_env/lib/python3.9/site-packages/airflow/example_dags/example_short_circuit_operator.py
[2022-03-17 16:03:11,820] {processor.py:654} INFO - DAG(s) dict_keys(['example_short_circuit_operator']) retrieved from /Users/louisekirkham/Documents/linkedin_learning/Ex_Files_Data_Engineering_Foundations/airflow_env/lib/python3.9/site-packages/airflow/example_dags/example_short_circuit_operator.py
[2022-03-17 16:03:11,833] {logging_mixin.py:109} INFO - [2022-03-17 16:03:11,833] {dag.py:2398} INFO - Sync 1 DAGs
[2022-03-17 16:03:11,840] {logging_mixin.py:109} INFO - [2022-03-17 16:03:11,840] {dag.py:2937} INFO - Setting next_dagrun for example_short_circuit_operator to 2022-03-16T16:03:11.840360+00:00
[2022-03-17 16:03:11,847] {processor.py:171} INFO - Processing /Users/louisekirkham/Documents/linkedin_learning/Ex_Files_Data_Engineering_Foundations/airflow_env/lib/python3.9/site-packages/airflow/example_dags/example_short_circuit_operator.py took 0.062 seconds
[2022-03-17 16:34:49,072] {processor.py:163} INFO - Started process (PID=45098) to work on /Users/louisekirkham/Documents/linkedin_learning/Ex_Files_Data_Engineering_Foundations/airflow_env/lib/python3.9/site-packages/airflow/example_dags/example_short_circuit_operator.py
[2022-03-17 16:34:49,074] {processor.py:642} INFO - Processing file /Users/louisekirkham/Documents/linkedin_learning/Ex_Files_Data_Engineering_Foundations/airflow_env/lib/python3.9/site-packages/airflow/example_dags/example_short_circuit_operator.py for tasks to queue
[2022-03-17 16:34:49,075] {logging_mixin.py:109} INFO - [2022-03-17 16:34:49,075] {dagbag.py:500} INFO - Filling up the DagBag from /Users/louisekirkham/Documents/linkedin_learning/Ex_Files_Data_Engineering_Foundations/airflow_env/lib/python3.9/site-packages/airflow/example_dags/example_short_circuit_operator.py
[2022-03-17 16:34:49,109] {processor.py:654} INFO - DAG(s) dict_keys(['example_short_circuit_operator']) retrieved from /Users/louisekirkham/Documents/linkedin_learning/Ex_Files_Data_Engineering_Foundations/airflow_env/lib/python3.9/site-packages/airflow/example_dags/example_short_circuit_operator.py
[2022-03-17 16:34:49,123] {logging_mixin.py:109} INFO - [2022-03-17 16:34:49,122] {dag.py:2398} INFO - Sync 1 DAGs
[2022-03-17 16:34:49,130] {logging_mixin.py:109} INFO - [2022-03-17 16:34:49,130] {dag.py:2937} INFO - Setting next_dagrun for example_short_circuit_operator to 2022-03-16T16:34:49.129885+00:00
[2022-03-17 16:34:49,136] {processor.py:171} INFO - Processing /Users/louisekirkham/Documents/linkedin_learning/Ex_Files_Data_Engineering_Foundations/airflow_env/lib/python3.9/site-packages/airflow/example_dags/example_short_circuit_operator.py took 0.065 seconds
[2022-03-17 16:36:22,365] {processor.py:163} INFO - Started process (PID=45204) to work on /Users/louisekirkham/Documents/linkedin_learning/Ex_Files_Data_Engineering_Foundations/airflow_env/lib/python3.9/site-packages/airflow/example_dags/example_short_circuit_operator.py
[2022-03-17 16:36:22,365] {processor.py:642} INFO - Processing file /Users/louisekirkham/Documents/linkedin_learning/Ex_Files_Data_Engineering_Foundations/airflow_env/lib/python3.9/site-packages/airflow/example_dags/example_short_circuit_operator.py for tasks to queue
[2022-03-17 16:36:22,365] {logging_mixin.py:109} INFO - [2022-03-17 16:36:22,365] {dagbag.py:500} INFO - Filling up the DagBag from /Users/louisekirkham/Documents/linkedin_learning/Ex_Files_Data_Engineering_Foundations/airflow_env/lib/python3.9/site-packages/airflow/example_dags/example_short_circuit_operator.py
[2022-03-17 16:36:22,409] {processor.py:654} INFO - DAG(s) dict_keys(['example_short_circuit_operator']) retrieved from /Users/louisekirkham/Documents/linkedin_learning/Ex_Files_Data_Engineering_Foundations/airflow_env/lib/python3.9/site-packages/airflow/example_dags/example_short_circuit_operator.py
[2022-03-17 16:36:22,424] {logging_mixin.py:109} INFO - [2022-03-17 16:36:22,424] {dag.py:2398} INFO - Sync 1 DAGs
[2022-03-17 16:36:22,431] {logging_mixin.py:109} INFO - [2022-03-17 16:36:22,431] {dag.py:2937} INFO - Setting next_dagrun for example_short_circuit_operator to 2022-03-16T16:36:22.430993+00:00
[2022-03-17 16:36:22,438] {processor.py:171} INFO - Processing /Users/louisekirkham/Documents/linkedin_learning/Ex_Files_Data_Engineering_Foundations/airflow_env/lib/python3.9/site-packages/airflow/example_dags/example_short_circuit_operator.py took 0.074 seconds
[2022-03-17 16:37:42,789] {processor.py:163} INFO - Started process (PID=45276) to work on /Users/louisekirkham/Documents/linkedin_learning/Ex_Files_Data_Engineering_Foundations/airflow_env/lib/python3.9/site-packages/airflow/example_dags/example_short_circuit_operator.py
[2022-03-17 16:37:42,789] {processor.py:642} INFO - Processing file /Users/louisekirkham/Documents/linkedin_learning/Ex_Files_Data_Engineering_Foundations/airflow_env/lib/python3.9/site-packages/airflow/example_dags/example_short_circuit_operator.py for tasks to queue
[2022-03-17 16:37:42,790] {logging_mixin.py:109} INFO - [2022-03-17 16:37:42,790] {dagbag.py:500} INFO - Filling up the DagBag from /Users/louisekirkham/Documents/linkedin_learning/Ex_Files_Data_Engineering_Foundations/airflow_env/lib/python3.9/site-packages/airflow/example_dags/example_short_circuit_operator.py
[2022-03-17 16:37:42,825] {processor.py:654} INFO - DAG(s) dict_keys(['example_short_circuit_operator']) retrieved from /Users/louisekirkham/Documents/linkedin_learning/Ex_Files_Data_Engineering_Foundations/airflow_env/lib/python3.9/site-packages/airflow/example_dags/example_short_circuit_operator.py
[2022-03-17 16:37:42,839] {logging_mixin.py:109} INFO - [2022-03-17 16:37:42,839] {dag.py:2398} INFO - Sync 1 DAGs
[2022-03-17 16:37:42,846] {logging_mixin.py:109} INFO - [2022-03-17 16:37:42,846] {dag.py:2937} INFO - Setting next_dagrun for example_short_circuit_operator to 2022-03-16T16:37:42.846542+00:00
[2022-03-17 16:37:42,853] {processor.py:171} INFO - Processing /Users/louisekirkham/Documents/linkedin_learning/Ex_Files_Data_Engineering_Foundations/airflow_env/lib/python3.9/site-packages/airflow/example_dags/example_short_circuit_operator.py took 0.065 seconds
[2022-03-17 16:39:04,181] {processor.py:163} INFO - Started process (PID=45343) to work on /Users/louisekirkham/Documents/linkedin_learning/Ex_Files_Data_Engineering_Foundations/airflow_env/lib/python3.9/site-packages/airflow/example_dags/example_short_circuit_operator.py
[2022-03-17 16:39:04,181] {processor.py:642} INFO - Processing file /Users/louisekirkham/Documents/linkedin_learning/Ex_Files_Data_Engineering_Foundations/airflow_env/lib/python3.9/site-packages/airflow/example_dags/example_short_circuit_operator.py for tasks to queue
[2022-03-17 16:39:04,181] {logging_mixin.py:109} INFO - [2022-03-17 16:39:04,181] {dagbag.py:500} INFO - Filling up the DagBag from /Users/louisekirkham/Documents/linkedin_learning/Ex_Files_Data_Engineering_Foundations/airflow_env/lib/python3.9/site-packages/airflow/example_dags/example_short_circuit_operator.py
[2022-03-17 16:39:04,216] {processor.py:654} INFO - DAG(s) dict_keys(['example_short_circuit_operator']) retrieved from /Users/louisekirkham/Documents/linkedin_learning/Ex_Files_Data_Engineering_Foundations/airflow_env/lib/python3.9/site-packages/airflow/example_dags/example_short_circuit_operator.py
[2022-03-17 16:39:04,229] {logging_mixin.py:109} INFO - [2022-03-17 16:39:04,229] {dag.py:2398} INFO - Sync 1 DAGs
[2022-03-17 16:39:04,237] {logging_mixin.py:109} INFO - [2022-03-17 16:39:04,237] {dag.py:2937} INFO - Setting next_dagrun for example_short_circuit_operator to 2022-03-16T16:39:04.237044+00:00
[2022-03-17 16:39:04,244] {processor.py:171} INFO - Processing /Users/louisekirkham/Documents/linkedin_learning/Ex_Files_Data_Engineering_Foundations/airflow_env/lib/python3.9/site-packages/airflow/example_dags/example_short_circuit_operator.py took 0.063 seconds
[2022-03-17 16:40:24,543] {processor.py:163} INFO - Started process (PID=45406) to work on /Users/louisekirkham/Documents/linkedin_learning/Ex_Files_Data_Engineering_Foundations/airflow_env/lib/python3.9/site-packages/airflow/example_dags/example_short_circuit_operator.py
[2022-03-17 16:40:24,543] {processor.py:642} INFO - Processing file /Users/louisekirkham/Documents/linkedin_learning/Ex_Files_Data_Engineering_Foundations/airflow_env/lib/python3.9/site-packages/airflow/example_dags/example_short_circuit_operator.py for tasks to queue
[2022-03-17 16:40:24,544] {logging_mixin.py:109} INFO - [2022-03-17 16:40:24,544] {dagbag.py:500} INFO - Filling up the DagBag from /Users/louisekirkham/Documents/linkedin_learning/Ex_Files_Data_Engineering_Foundations/airflow_env/lib/python3.9/site-packages/airflow/example_dags/example_short_circuit_operator.py
[2022-03-17 16:40:24,577] {processor.py:654} INFO - DAG(s) dict_keys(['example_short_circuit_operator']) retrieved from /Users/louisekirkham/Documents/linkedin_learning/Ex_Files_Data_Engineering_Foundations/airflow_env/lib/python3.9/site-packages/airflow/example_dags/example_short_circuit_operator.py
[2022-03-17 16:40:24,591] {logging_mixin.py:109} INFO - [2022-03-17 16:40:24,591] {dag.py:2398} INFO - Sync 1 DAGs
[2022-03-17 16:40:24,597] {logging_mixin.py:109} INFO - [2022-03-17 16:40:24,597] {dag.py:2937} INFO - Setting next_dagrun for example_short_circuit_operator to 2022-03-16T16:40:24.597441+00:00
[2022-03-17 16:40:24,604] {processor.py:171} INFO - Processing /Users/louisekirkham/Documents/linkedin_learning/Ex_Files_Data_Engineering_Foundations/airflow_env/lib/python3.9/site-packages/airflow/example_dags/example_short_circuit_operator.py took 0.061 seconds
[2022-03-17 16:41:44,884] {processor.py:163} INFO - Started process (PID=45464) to work on /Users/louisekirkham/Documents/linkedin_learning/Ex_Files_Data_Engineering_Foundations/airflow_env/lib/python3.9/site-packages/airflow/example_dags/example_short_circuit_operator.py
[2022-03-17 16:41:44,885] {processor.py:642} INFO - Processing file /Users/louisekirkham/Documents/linkedin_learning/Ex_Files_Data_Engineering_Foundations/airflow_env/lib/python3.9/site-packages/airflow/example_dags/example_short_circuit_operator.py for tasks to queue
[2022-03-17 16:41:44,885] {logging_mixin.py:109} INFO - [2022-03-17 16:41:44,885] {dagbag.py:500} INFO - Filling up the DagBag from /Users/louisekirkham/Documents/linkedin_learning/Ex_Files_Data_Engineering_Foundations/airflow_env/lib/python3.9/site-packages/airflow/example_dags/example_short_circuit_operator.py
[2022-03-17 16:41:44,919] {processor.py:654} INFO - DAG(s) dict_keys(['example_short_circuit_operator']) retrieved from /Users/louisekirkham/Documents/linkedin_learning/Ex_Files_Data_Engineering_Foundations/airflow_env/lib/python3.9/site-packages/airflow/example_dags/example_short_circuit_operator.py
[2022-03-17 16:41:44,932] {logging_mixin.py:109} INFO - [2022-03-17 16:41:44,932] {dag.py:2398} INFO - Sync 1 DAGs
[2022-03-17 16:41:44,939] {logging_mixin.py:109} INFO - [2022-03-17 16:41:44,939] {dag.py:2937} INFO - Setting next_dagrun for example_short_circuit_operator to 2022-03-16T16:41:44.939032+00:00
[2022-03-17 16:41:44,946] {processor.py:171} INFO - Processing /Users/louisekirkham/Documents/linkedin_learning/Ex_Files_Data_Engineering_Foundations/airflow_env/lib/python3.9/site-packages/airflow/example_dags/example_short_circuit_operator.py took 0.062 seconds
[2022-03-17 16:43:07,233] {processor.py:163} INFO - Started process (PID=45554) to work on /Users/louisekirkham/Documents/linkedin_learning/Ex_Files_Data_Engineering_Foundations/airflow_env/lib/python3.9/site-packages/airflow/example_dags/example_short_circuit_operator.py
[2022-03-17 16:43:07,233] {processor.py:642} INFO - Processing file /Users/louisekirkham/Documents/linkedin_learning/Ex_Files_Data_Engineering_Foundations/airflow_env/lib/python3.9/site-packages/airflow/example_dags/example_short_circuit_operator.py for tasks to queue
[2022-03-17 16:43:07,233] {logging_mixin.py:109} INFO - [2022-03-17 16:43:07,233] {dagbag.py:500} INFO - Filling up the DagBag from /Users/louisekirkham/Documents/linkedin_learning/Ex_Files_Data_Engineering_Foundations/airflow_env/lib/python3.9/site-packages/airflow/example_dags/example_short_circuit_operator.py
[2022-03-17 16:43:07,271] {processor.py:654} INFO - DAG(s) dict_keys(['example_short_circuit_operator']) retrieved from /Users/louisekirkham/Documents/linkedin_learning/Ex_Files_Data_Engineering_Foundations/airflow_env/lib/python3.9/site-packages/airflow/example_dags/example_short_circuit_operator.py
[2022-03-17 16:43:07,284] {logging_mixin.py:109} INFO - [2022-03-17 16:43:07,284] {dag.py:2398} INFO - Sync 1 DAGs
[2022-03-17 16:43:07,291] {logging_mixin.py:109} INFO - [2022-03-17 16:43:07,291] {dag.py:2937} INFO - Setting next_dagrun for example_short_circuit_operator to 2022-03-16T16:43:07.291248+00:00
[2022-03-17 16:43:07,299] {processor.py:171} INFO - Processing /Users/louisekirkham/Documents/linkedin_learning/Ex_Files_Data_Engineering_Foundations/airflow_env/lib/python3.9/site-packages/airflow/example_dags/example_short_circuit_operator.py took 0.067 seconds
[2022-03-17 16:44:28,587] {processor.py:163} INFO - Started process (PID=45623) to work on /Users/louisekirkham/Documents/linkedin_learning/Ex_Files_Data_Engineering_Foundations/airflow_env/lib/python3.9/site-packages/airflow/example_dags/example_short_circuit_operator.py
[2022-03-17 16:44:28,587] {processor.py:642} INFO - Processing file /Users/louisekirkham/Documents/linkedin_learning/Ex_Files_Data_Engineering_Foundations/airflow_env/lib/python3.9/site-packages/airflow/example_dags/example_short_circuit_operator.py for tasks to queue
[2022-03-17 16:44:28,587] {logging_mixin.py:109} INFO - [2022-03-17 16:44:28,587] {dagbag.py:500} INFO - Filling up the DagBag from /Users/louisekirkham/Documents/linkedin_learning/Ex_Files_Data_Engineering_Foundations/airflow_env/lib/python3.9/site-packages/airflow/example_dags/example_short_circuit_operator.py
[2022-03-17 16:44:28,630] {processor.py:654} INFO - DAG(s) dict_keys(['example_short_circuit_operator']) retrieved from /Users/louisekirkham/Documents/linkedin_learning/Ex_Files_Data_Engineering_Foundations/airflow_env/lib/python3.9/site-packages/airflow/example_dags/example_short_circuit_operator.py
[2022-03-17 16:44:28,646] {logging_mixin.py:109} INFO - [2022-03-17 16:44:28,646] {dag.py:2398} INFO - Sync 1 DAGs
[2022-03-17 16:44:28,655] {logging_mixin.py:109} INFO - [2022-03-17 16:44:28,655] {dag.py:2937} INFO - Setting next_dagrun for example_short_circuit_operator to 2022-03-16T16:44:28.655389+00:00
[2022-03-17 16:44:28,662] {processor.py:171} INFO - Processing /Users/louisekirkham/Documents/linkedin_learning/Ex_Files_Data_Engineering_Foundations/airflow_env/lib/python3.9/site-packages/airflow/example_dags/example_short_circuit_operator.py took 0.076 seconds
[2022-03-17 17:06:39,940] {processor.py:163} INFO - Started process (PID=45776) to work on /Users/louisekirkham/Documents/linkedin_learning/Ex_Files_Data_Engineering_Foundations/airflow_env/lib/python3.9/site-packages/airflow/example_dags/example_short_circuit_operator.py
[2022-03-17 17:06:39,942] {processor.py:642} INFO - Processing file /Users/louisekirkham/Documents/linkedin_learning/Ex_Files_Data_Engineering_Foundations/airflow_env/lib/python3.9/site-packages/airflow/example_dags/example_short_circuit_operator.py for tasks to queue
[2022-03-17 17:06:39,942] {logging_mixin.py:109} INFO - [2022-03-17 17:06:39,942] {dagbag.py:500} INFO - Filling up the DagBag from /Users/louisekirkham/Documents/linkedin_learning/Ex_Files_Data_Engineering_Foundations/airflow_env/lib/python3.9/site-packages/airflow/example_dags/example_short_circuit_operator.py
[2022-03-17 17:06:39,982] {processor.py:654} INFO - DAG(s) dict_keys(['example_short_circuit_operator']) retrieved from /Users/louisekirkham/Documents/linkedin_learning/Ex_Files_Data_Engineering_Foundations/airflow_env/lib/python3.9/site-packages/airflow/example_dags/example_short_circuit_operator.py
[2022-03-17 17:06:39,998] {logging_mixin.py:109} INFO - [2022-03-17 17:06:39,997] {dag.py:2398} INFO - Sync 1 DAGs
[2022-03-17 17:06:40,010] {logging_mixin.py:109} INFO - [2022-03-17 17:06:40,009] {dag.py:2937} INFO - Setting next_dagrun for example_short_circuit_operator to 2022-03-16T17:06:40.009724+00:00
[2022-03-17 17:06:40,020] {processor.py:171} INFO - Processing /Users/louisekirkham/Documents/linkedin_learning/Ex_Files_Data_Engineering_Foundations/airflow_env/lib/python3.9/site-packages/airflow/example_dags/example_short_circuit_operator.py took 0.081 seconds
[2022-03-17 17:08:15,507] {processor.py:163} INFO - Started process (PID=45868) to work on /Users/louisekirkham/Documents/linkedin_learning/Ex_Files_Data_Engineering_Foundations/airflow_env/lib/python3.9/site-packages/airflow/example_dags/example_short_circuit_operator.py
[2022-03-17 17:08:15,508] {processor.py:642} INFO - Processing file /Users/louisekirkham/Documents/linkedin_learning/Ex_Files_Data_Engineering_Foundations/airflow_env/lib/python3.9/site-packages/airflow/example_dags/example_short_circuit_operator.py for tasks to queue
[2022-03-17 17:08:15,509] {logging_mixin.py:109} INFO - [2022-03-17 17:08:15,509] {dagbag.py:500} INFO - Filling up the DagBag from /Users/louisekirkham/Documents/linkedin_learning/Ex_Files_Data_Engineering_Foundations/airflow_env/lib/python3.9/site-packages/airflow/example_dags/example_short_circuit_operator.py
[2022-03-17 17:08:15,546] {processor.py:654} INFO - DAG(s) dict_keys(['example_short_circuit_operator']) retrieved from /Users/louisekirkham/Documents/linkedin_learning/Ex_Files_Data_Engineering_Foundations/airflow_env/lib/python3.9/site-packages/airflow/example_dags/example_short_circuit_operator.py
[2022-03-17 17:08:15,562] {logging_mixin.py:109} INFO - [2022-03-17 17:08:15,562] {dag.py:2398} INFO - Sync 1 DAGs
[2022-03-17 17:08:15,571] {logging_mixin.py:109} INFO - [2022-03-17 17:08:15,571] {dag.py:2937} INFO - Setting next_dagrun for example_short_circuit_operator to 2022-03-16T17:08:15.571401+00:00
[2022-03-17 17:08:15,578] {processor.py:171} INFO - Processing /Users/louisekirkham/Documents/linkedin_learning/Ex_Files_Data_Engineering_Foundations/airflow_env/lib/python3.9/site-packages/airflow/example_dags/example_short_circuit_operator.py took 0.071 seconds
[2022-03-17 17:09:40,784] {processor.py:163} INFO - Started process (PID=45935) to work on /Users/louisekirkham/Documents/linkedin_learning/Ex_Files_Data_Engineering_Foundations/airflow_env/lib/python3.9/site-packages/airflow/example_dags/example_short_circuit_operator.py
[2022-03-17 17:09:40,785] {processor.py:642} INFO - Processing file /Users/louisekirkham/Documents/linkedin_learning/Ex_Files_Data_Engineering_Foundations/airflow_env/lib/python3.9/site-packages/airflow/example_dags/example_short_circuit_operator.py for tasks to queue
[2022-03-17 17:09:40,786] {logging_mixin.py:109} INFO - [2022-03-17 17:09:40,786] {dagbag.py:500} INFO - Filling up the DagBag from /Users/louisekirkham/Documents/linkedin_learning/Ex_Files_Data_Engineering_Foundations/airflow_env/lib/python3.9/site-packages/airflow/example_dags/example_short_circuit_operator.py
[2022-03-17 17:09:40,821] {processor.py:654} INFO - DAG(s) dict_keys(['example_short_circuit_operator']) retrieved from /Users/louisekirkham/Documents/linkedin_learning/Ex_Files_Data_Engineering_Foundations/airflow_env/lib/python3.9/site-packages/airflow/example_dags/example_short_circuit_operator.py
[2022-03-17 17:09:40,834] {logging_mixin.py:109} INFO - [2022-03-17 17:09:40,834] {dag.py:2398} INFO - Sync 1 DAGs
[2022-03-17 17:09:40,841] {logging_mixin.py:109} INFO - [2022-03-17 17:09:40,841] {dag.py:2937} INFO - Setting next_dagrun for example_short_circuit_operator to 2022-03-16T17:09:40.841068+00:00
[2022-03-17 17:09:40,848] {processor.py:171} INFO - Processing /Users/louisekirkham/Documents/linkedin_learning/Ex_Files_Data_Engineering_Foundations/airflow_env/lib/python3.9/site-packages/airflow/example_dags/example_short_circuit_operator.py took 0.064 seconds
[2022-03-17 17:11:01,512] {processor.py:163} INFO - Started process (PID=45995) to work on /Users/louisekirkham/Documents/linkedin_learning/Ex_Files_Data_Engineering_Foundations/airflow_env/lib/python3.9/site-packages/airflow/example_dags/example_short_circuit_operator.py
[2022-03-17 17:11:01,512] {processor.py:642} INFO - Processing file /Users/louisekirkham/Documents/linkedin_learning/Ex_Files_Data_Engineering_Foundations/airflow_env/lib/python3.9/site-packages/airflow/example_dags/example_short_circuit_operator.py for tasks to queue
[2022-03-17 17:11:01,513] {logging_mixin.py:109} INFO - [2022-03-17 17:11:01,513] {dagbag.py:500} INFO - Filling up the DagBag from /Users/louisekirkham/Documents/linkedin_learning/Ex_Files_Data_Engineering_Foundations/airflow_env/lib/python3.9/site-packages/airflow/example_dags/example_short_circuit_operator.py
[2022-03-17 17:11:01,547] {processor.py:654} INFO - DAG(s) dict_keys(['example_short_circuit_operator']) retrieved from /Users/louisekirkham/Documents/linkedin_learning/Ex_Files_Data_Engineering_Foundations/airflow_env/lib/python3.9/site-packages/airflow/example_dags/example_short_circuit_operator.py
[2022-03-17 17:11:01,560] {logging_mixin.py:109} INFO - [2022-03-17 17:11:01,560] {dag.py:2398} INFO - Sync 1 DAGs
[2022-03-17 17:11:01,567] {logging_mixin.py:109} INFO - [2022-03-17 17:11:01,567] {dag.py:2937} INFO - Setting next_dagrun for example_short_circuit_operator to 2022-03-16T17:11:01.566931+00:00
[2022-03-17 17:11:01,573] {processor.py:171} INFO - Processing /Users/louisekirkham/Documents/linkedin_learning/Ex_Files_Data_Engineering_Foundations/airflow_env/lib/python3.9/site-packages/airflow/example_dags/example_short_circuit_operator.py took 0.061 seconds
[2022-03-17 19:13:50,593] {processor.py:163} INFO - Started process (PID=46139) to work on /Users/louisekirkham/Documents/linkedin_learning/Ex_Files_Data_Engineering_Foundations/airflow_env/lib/python3.9/site-packages/airflow/example_dags/example_short_circuit_operator.py
[2022-03-17 19:13:50,595] {processor.py:642} INFO - Processing file /Users/louisekirkham/Documents/linkedin_learning/Ex_Files_Data_Engineering_Foundations/airflow_env/lib/python3.9/site-packages/airflow/example_dags/example_short_circuit_operator.py for tasks to queue
[2022-03-17 19:13:50,595] {logging_mixin.py:109} INFO - [2022-03-17 19:13:50,595] {dagbag.py:500} INFO - Filling up the DagBag from /Users/louisekirkham/Documents/linkedin_learning/Ex_Files_Data_Engineering_Foundations/airflow_env/lib/python3.9/site-packages/airflow/example_dags/example_short_circuit_operator.py
[2022-03-17 19:13:50,629] {processor.py:654} INFO - DAG(s) dict_keys(['example_short_circuit_operator']) retrieved from /Users/louisekirkham/Documents/linkedin_learning/Ex_Files_Data_Engineering_Foundations/airflow_env/lib/python3.9/site-packages/airflow/example_dags/example_short_circuit_operator.py
[2022-03-17 19:13:50,642] {logging_mixin.py:109} INFO - [2022-03-17 19:13:50,642] {dag.py:2398} INFO - Sync 1 DAGs
[2022-03-17 19:13:50,648] {logging_mixin.py:109} INFO - [2022-03-17 19:13:50,648] {dag.py:2937} INFO - Setting next_dagrun for example_short_circuit_operator to 2022-03-16T19:13:50.648762+00:00
[2022-03-17 19:13:50,654] {processor.py:171} INFO - Processing /Users/louisekirkham/Documents/linkedin_learning/Ex_Files_Data_Engineering_Foundations/airflow_env/lib/python3.9/site-packages/airflow/example_dags/example_short_circuit_operator.py took 0.062 seconds
