[2022-03-17 16:03:33,158] {processor.py:163} INFO - Started process (PID=44979) to work on /Users/louisekirkham/Documents/linkedin_learning/Ex_Files_Data_Engineering_Foundations/airflow_env/lib/python3.9/site-packages/airflow/example_dags/example_branch_python_dop_operator_3.py
[2022-03-17 16:03:33,158] {processor.py:642} INFO - Processing file /Users/louisekirkham/Documents/linkedin_learning/Ex_Files_Data_Engineering_Foundations/airflow_env/lib/python3.9/site-packages/airflow/example_dags/example_branch_python_dop_operator_3.py for tasks to queue
[2022-03-17 16:03:33,158] {logging_mixin.py:109} INFO - [2022-03-17 16:03:33,158] {dagbag.py:500} INFO - Filling up the DagBag from /Users/louisekirkham/Documents/linkedin_learning/Ex_Files_Data_Engineering_Foundations/airflow_env/lib/python3.9/site-packages/airflow/example_dags/example_branch_python_dop_operator_3.py
[2022-03-17 16:03:33,200] {processor.py:654} INFO - DAG(s) dict_keys(['example_branch_dop_operator_v3']) retrieved from /Users/louisekirkham/Documents/linkedin_learning/Ex_Files_Data_Engineering_Foundations/airflow_env/lib/python3.9/site-packages/airflow/example_dags/example_branch_python_dop_operator_3.py
[2022-03-17 16:03:33,216] {logging_mixin.py:109} INFO - [2022-03-17 16:03:33,216] {dag.py:2398} INFO - Sync 1 DAGs
[2022-03-17 16:03:33,229] {logging_mixin.py:109} INFO - [2022-03-17 16:03:33,229] {dag.py:2937} INFO - Setting next_dagrun for example_branch_dop_operator_v3 to 2022-03-17T16:02:00+00:00
[2022-03-17 16:03:33,239] {processor.py:171} INFO - Processing /Users/louisekirkham/Documents/linkedin_learning/Ex_Files_Data_Engineering_Foundations/airflow_env/lib/python3.9/site-packages/airflow/example_dags/example_branch_python_dop_operator_3.py took 0.082 seconds
[2022-03-17 16:35:27,640] {processor.py:163} INFO - Started process (PID=45140) to work on /Users/louisekirkham/Documents/linkedin_learning/Ex_Files_Data_Engineering_Foundations/airflow_env/lib/python3.9/site-packages/airflow/example_dags/example_branch_python_dop_operator_3.py
[2022-03-17 16:35:27,641] {processor.py:642} INFO - Processing file /Users/louisekirkham/Documents/linkedin_learning/Ex_Files_Data_Engineering_Foundations/airflow_env/lib/python3.9/site-packages/airflow/example_dags/example_branch_python_dop_operator_3.py for tasks to queue
[2022-03-17 16:35:27,641] {logging_mixin.py:109} INFO - [2022-03-17 16:35:27,641] {dagbag.py:500} INFO - Filling up the DagBag from /Users/louisekirkham/Documents/linkedin_learning/Ex_Files_Data_Engineering_Foundations/airflow_env/lib/python3.9/site-packages/airflow/example_dags/example_branch_python_dop_operator_3.py
[2022-03-17 16:35:27,689] {processor.py:654} INFO - DAG(s) dict_keys(['example_branch_dop_operator_v3']) retrieved from /Users/louisekirkham/Documents/linkedin_learning/Ex_Files_Data_Engineering_Foundations/airflow_env/lib/python3.9/site-packages/airflow/example_dags/example_branch_python_dop_operator_3.py
[2022-03-17 16:35:27,705] {logging_mixin.py:109} INFO - [2022-03-17 16:35:27,705] {dag.py:2398} INFO - Sync 1 DAGs
[2022-03-17 16:35:27,717] {logging_mixin.py:109} INFO - [2022-03-17 16:35:27,716] {dag.py:2937} INFO - Setting next_dagrun for example_branch_dop_operator_v3 to 2022-03-17T16:34:00+00:00
[2022-03-17 16:35:27,723] {processor.py:171} INFO - Processing /Users/louisekirkham/Documents/linkedin_learning/Ex_Files_Data_Engineering_Foundations/airflow_env/lib/python3.9/site-packages/airflow/example_dags/example_branch_python_dop_operator_3.py took 0.083 seconds
[2022-03-17 16:36:56,766] {processor.py:163} INFO - Started process (PID=45228) to work on /Users/louisekirkham/Documents/linkedin_learning/Ex_Files_Data_Engineering_Foundations/airflow_env/lib/python3.9/site-packages/airflow/example_dags/example_branch_python_dop_operator_3.py
[2022-03-17 16:36:56,766] {processor.py:642} INFO - Processing file /Users/louisekirkham/Documents/linkedin_learning/Ex_Files_Data_Engineering_Foundations/airflow_env/lib/python3.9/site-packages/airflow/example_dags/example_branch_python_dop_operator_3.py for tasks to queue
[2022-03-17 16:36:56,766] {logging_mixin.py:109} INFO - [2022-03-17 16:36:56,766] {dagbag.py:500} INFO - Filling up the DagBag from /Users/louisekirkham/Documents/linkedin_learning/Ex_Files_Data_Engineering_Foundations/airflow_env/lib/python3.9/site-packages/airflow/example_dags/example_branch_python_dop_operator_3.py
[2022-03-17 16:36:56,808] {processor.py:654} INFO - DAG(s) dict_keys(['example_branch_dop_operator_v3']) retrieved from /Users/louisekirkham/Documents/linkedin_learning/Ex_Files_Data_Engineering_Foundations/airflow_env/lib/python3.9/site-packages/airflow/example_dags/example_branch_python_dop_operator_3.py
[2022-03-17 16:36:56,824] {logging_mixin.py:109} INFO - [2022-03-17 16:36:56,824] {dag.py:2398} INFO - Sync 1 DAGs
[2022-03-17 16:36:56,837] {logging_mixin.py:109} INFO - [2022-03-17 16:36:56,837] {dag.py:2937} INFO - Setting next_dagrun for example_branch_dop_operator_v3 to 2022-03-17T16:35:00+00:00
[2022-03-17 16:36:56,844] {processor.py:171} INFO - Processing /Users/louisekirkham/Documents/linkedin_learning/Ex_Files_Data_Engineering_Foundations/airflow_env/lib/python3.9/site-packages/airflow/example_dags/example_branch_python_dop_operator_3.py took 0.079 seconds
[2022-03-17 16:38:18,218] {processor.py:163} INFO - Started process (PID=45304) to work on /Users/louisekirkham/Documents/linkedin_learning/Ex_Files_Data_Engineering_Foundations/airflow_env/lib/python3.9/site-packages/airflow/example_dags/example_branch_python_dop_operator_3.py
[2022-03-17 16:38:18,218] {processor.py:642} INFO - Processing file /Users/louisekirkham/Documents/linkedin_learning/Ex_Files_Data_Engineering_Foundations/airflow_env/lib/python3.9/site-packages/airflow/example_dags/example_branch_python_dop_operator_3.py for tasks to queue
[2022-03-17 16:38:18,218] {logging_mixin.py:109} INFO - [2022-03-17 16:38:18,218] {dagbag.py:500} INFO - Filling up the DagBag from /Users/louisekirkham/Documents/linkedin_learning/Ex_Files_Data_Engineering_Foundations/airflow_env/lib/python3.9/site-packages/airflow/example_dags/example_branch_python_dop_operator_3.py
[2022-03-17 16:38:18,250] {processor.py:654} INFO - DAG(s) dict_keys(['example_branch_dop_operator_v3']) retrieved from /Users/louisekirkham/Documents/linkedin_learning/Ex_Files_Data_Engineering_Foundations/airflow_env/lib/python3.9/site-packages/airflow/example_dags/example_branch_python_dop_operator_3.py
[2022-03-17 16:38:18,262] {logging_mixin.py:109} INFO - [2022-03-17 16:38:18,262] {dag.py:2398} INFO - Sync 1 DAGs
[2022-03-17 16:38:18,272] {logging_mixin.py:109} INFO - [2022-03-17 16:38:18,272] {dag.py:2937} INFO - Setting next_dagrun for example_branch_dop_operator_v3 to 2022-03-17T16:37:00+00:00
[2022-03-17 16:38:18,279] {processor.py:171} INFO - Processing /Users/louisekirkham/Documents/linkedin_learning/Ex_Files_Data_Engineering_Foundations/airflow_env/lib/python3.9/site-packages/airflow/example_dags/example_branch_python_dop_operator_3.py took 0.062 seconds
[2022-03-17 16:39:38,518] {processor.py:163} INFO - Started process (PID=45368) to work on /Users/louisekirkham/Documents/linkedin_learning/Ex_Files_Data_Engineering_Foundations/airflow_env/lib/python3.9/site-packages/airflow/example_dags/example_branch_python_dop_operator_3.py
[2022-03-17 16:39:38,518] {processor.py:642} INFO - Processing file /Users/louisekirkham/Documents/linkedin_learning/Ex_Files_Data_Engineering_Foundations/airflow_env/lib/python3.9/site-packages/airflow/example_dags/example_branch_python_dop_operator_3.py for tasks to queue
[2022-03-17 16:39:38,518] {logging_mixin.py:109} INFO - [2022-03-17 16:39:38,518] {dagbag.py:500} INFO - Filling up the DagBag from /Users/louisekirkham/Documents/linkedin_learning/Ex_Files_Data_Engineering_Foundations/airflow_env/lib/python3.9/site-packages/airflow/example_dags/example_branch_python_dop_operator_3.py
[2022-03-17 16:39:38,554] {processor.py:654} INFO - DAG(s) dict_keys(['example_branch_dop_operator_v3']) retrieved from /Users/louisekirkham/Documents/linkedin_learning/Ex_Files_Data_Engineering_Foundations/airflow_env/lib/python3.9/site-packages/airflow/example_dags/example_branch_python_dop_operator_3.py
[2022-03-17 16:39:38,568] {logging_mixin.py:109} INFO - [2022-03-17 16:39:38,568] {dag.py:2398} INFO - Sync 1 DAGs
[2022-03-17 16:39:38,578] {logging_mixin.py:109} INFO - [2022-03-17 16:39:38,578] {dag.py:2937} INFO - Setting next_dagrun for example_branch_dop_operator_v3 to 2022-03-17T16:38:00+00:00
[2022-03-17 16:39:38,585] {processor.py:171} INFO - Processing /Users/louisekirkham/Documents/linkedin_learning/Ex_Files_Data_Engineering_Foundations/airflow_env/lib/python3.9/site-packages/airflow/example_dags/example_branch_python_dop_operator_3.py took 0.068 seconds
[2022-03-17 16:40:59,025] {processor.py:163} INFO - Started process (PID=45423) to work on /Users/louisekirkham/Documents/linkedin_learning/Ex_Files_Data_Engineering_Foundations/airflow_env/lib/python3.9/site-packages/airflow/example_dags/example_branch_python_dop_operator_3.py
[2022-03-17 16:40:59,025] {processor.py:642} INFO - Processing file /Users/louisekirkham/Documents/linkedin_learning/Ex_Files_Data_Engineering_Foundations/airflow_env/lib/python3.9/site-packages/airflow/example_dags/example_branch_python_dop_operator_3.py for tasks to queue
[2022-03-17 16:40:59,026] {logging_mixin.py:109} INFO - [2022-03-17 16:40:59,026] {dagbag.py:500} INFO - Filling up the DagBag from /Users/louisekirkham/Documents/linkedin_learning/Ex_Files_Data_Engineering_Foundations/airflow_env/lib/python3.9/site-packages/airflow/example_dags/example_branch_python_dop_operator_3.py
[2022-03-17 16:40:59,060] {processor.py:654} INFO - DAG(s) dict_keys(['example_branch_dop_operator_v3']) retrieved from /Users/louisekirkham/Documents/linkedin_learning/Ex_Files_Data_Engineering_Foundations/airflow_env/lib/python3.9/site-packages/airflow/example_dags/example_branch_python_dop_operator_3.py
[2022-03-17 16:40:59,073] {logging_mixin.py:109} INFO - [2022-03-17 16:40:59,073] {dag.py:2398} INFO - Sync 1 DAGs
[2022-03-17 16:40:59,084] {logging_mixin.py:109} INFO - [2022-03-17 16:40:59,084] {dag.py:2937} INFO - Setting next_dagrun for example_branch_dop_operator_v3 to 2022-03-17T16:39:00+00:00
[2022-03-17 16:40:59,091] {processor.py:171} INFO - Processing /Users/louisekirkham/Documents/linkedin_learning/Ex_Files_Data_Engineering_Foundations/airflow_env/lib/python3.9/site-packages/airflow/example_dags/example_branch_python_dop_operator_3.py took 0.066 seconds
[2022-03-17 16:42:20,427] {processor.py:163} INFO - Started process (PID=45488) to work on /Users/louisekirkham/Documents/linkedin_learning/Ex_Files_Data_Engineering_Foundations/airflow_env/lib/python3.9/site-packages/airflow/example_dags/example_branch_python_dop_operator_3.py
[2022-03-17 16:42:20,427] {processor.py:642} INFO - Processing file /Users/louisekirkham/Documents/linkedin_learning/Ex_Files_Data_Engineering_Foundations/airflow_env/lib/python3.9/site-packages/airflow/example_dags/example_branch_python_dop_operator_3.py for tasks to queue
[2022-03-17 16:42:20,428] {logging_mixin.py:109} INFO - [2022-03-17 16:42:20,427] {dagbag.py:500} INFO - Filling up the DagBag from /Users/louisekirkham/Documents/linkedin_learning/Ex_Files_Data_Engineering_Foundations/airflow_env/lib/python3.9/site-packages/airflow/example_dags/example_branch_python_dop_operator_3.py
[2022-03-17 16:42:20,466] {processor.py:654} INFO - DAG(s) dict_keys(['example_branch_dop_operator_v3']) retrieved from /Users/louisekirkham/Documents/linkedin_learning/Ex_Files_Data_Engineering_Foundations/airflow_env/lib/python3.9/site-packages/airflow/example_dags/example_branch_python_dop_operator_3.py
[2022-03-17 16:42:20,480] {logging_mixin.py:109} INFO - [2022-03-17 16:42:20,480] {dag.py:2398} INFO - Sync 1 DAGs
[2022-03-17 16:42:20,492] {logging_mixin.py:109} INFO - [2022-03-17 16:42:20,492] {dag.py:2937} INFO - Setting next_dagrun for example_branch_dop_operator_v3 to 2022-03-17T16:41:00+00:00
[2022-03-17 16:42:20,501] {processor.py:171} INFO - Processing /Users/louisekirkham/Documents/linkedin_learning/Ex_Files_Data_Engineering_Foundations/airflow_env/lib/python3.9/site-packages/airflow/example_dags/example_branch_python_dop_operator_3.py took 0.075 seconds
[2022-03-17 16:43:42,310] {processor.py:163} INFO - Started process (PID=45577) to work on /Users/louisekirkham/Documents/linkedin_learning/Ex_Files_Data_Engineering_Foundations/airflow_env/lib/python3.9/site-packages/airflow/example_dags/example_branch_python_dop_operator_3.py
[2022-03-17 16:43:42,311] {processor.py:642} INFO - Processing file /Users/louisekirkham/Documents/linkedin_learning/Ex_Files_Data_Engineering_Foundations/airflow_env/lib/python3.9/site-packages/airflow/example_dags/example_branch_python_dop_operator_3.py for tasks to queue
[2022-03-17 16:43:42,311] {logging_mixin.py:109} INFO - [2022-03-17 16:43:42,311] {dagbag.py:500} INFO - Filling up the DagBag from /Users/louisekirkham/Documents/linkedin_learning/Ex_Files_Data_Engineering_Foundations/airflow_env/lib/python3.9/site-packages/airflow/example_dags/example_branch_python_dop_operator_3.py
[2022-03-17 16:43:42,348] {processor.py:654} INFO - DAG(s) dict_keys(['example_branch_dop_operator_v3']) retrieved from /Users/louisekirkham/Documents/linkedin_learning/Ex_Files_Data_Engineering_Foundations/airflow_env/lib/python3.9/site-packages/airflow/example_dags/example_branch_python_dop_operator_3.py
[2022-03-17 16:43:42,363] {logging_mixin.py:109} INFO - [2022-03-17 16:43:42,362] {dag.py:2398} INFO - Sync 1 DAGs
[2022-03-17 16:43:42,373] {logging_mixin.py:109} INFO - [2022-03-17 16:43:42,373] {dag.py:2937} INFO - Setting next_dagrun for example_branch_dop_operator_v3 to 2022-03-17T16:42:00+00:00
[2022-03-17 16:43:42,379] {processor.py:171} INFO - Processing /Users/louisekirkham/Documents/linkedin_learning/Ex_Files_Data_Engineering_Foundations/airflow_env/lib/python3.9/site-packages/airflow/example_dags/example_branch_python_dop_operator_3.py took 0.069 seconds
[2022-03-17 16:45:03,007] {processor.py:163} INFO - Started process (PID=45650) to work on /Users/louisekirkham/Documents/linkedin_learning/Ex_Files_Data_Engineering_Foundations/airflow_env/lib/python3.9/site-packages/airflow/example_dags/example_branch_python_dop_operator_3.py
[2022-03-17 16:45:03,008] {processor.py:642} INFO - Processing file /Users/louisekirkham/Documents/linkedin_learning/Ex_Files_Data_Engineering_Foundations/airflow_env/lib/python3.9/site-packages/airflow/example_dags/example_branch_python_dop_operator_3.py for tasks to queue
[2022-03-17 16:45:03,008] {logging_mixin.py:109} INFO - [2022-03-17 16:45:03,008] {dagbag.py:500} INFO - Filling up the DagBag from /Users/louisekirkham/Documents/linkedin_learning/Ex_Files_Data_Engineering_Foundations/airflow_env/lib/python3.9/site-packages/airflow/example_dags/example_branch_python_dop_operator_3.py
[2022-03-17 16:45:03,043] {processor.py:654} INFO - DAG(s) dict_keys(['example_branch_dop_operator_v3']) retrieved from /Users/louisekirkham/Documents/linkedin_learning/Ex_Files_Data_Engineering_Foundations/airflow_env/lib/python3.9/site-packages/airflow/example_dags/example_branch_python_dop_operator_3.py
[2022-03-17 16:45:03,056] {logging_mixin.py:109} INFO - [2022-03-17 16:45:03,055] {dag.py:2398} INFO - Sync 1 DAGs
[2022-03-17 16:45:03,065] {logging_mixin.py:109} INFO - [2022-03-17 16:45:03,065] {dag.py:2937} INFO - Setting next_dagrun for example_branch_dop_operator_v3 to 2022-03-17T16:44:00+00:00
[2022-03-17 16:45:03,073] {processor.py:171} INFO - Processing /Users/louisekirkham/Documents/linkedin_learning/Ex_Files_Data_Engineering_Foundations/airflow_env/lib/python3.9/site-packages/airflow/example_dags/example_branch_python_dop_operator_3.py took 0.066 seconds
[2022-03-17 17:07:27,787] {processor.py:163} INFO - Started process (PID=45825) to work on /Users/louisekirkham/Documents/linkedin_learning/Ex_Files_Data_Engineering_Foundations/airflow_env/lib/python3.9/site-packages/airflow/example_dags/example_branch_python_dop_operator_3.py
[2022-03-17 17:07:27,788] {processor.py:642} INFO - Processing file /Users/louisekirkham/Documents/linkedin_learning/Ex_Files_Data_Engineering_Foundations/airflow_env/lib/python3.9/site-packages/airflow/example_dags/example_branch_python_dop_operator_3.py for tasks to queue
[2022-03-17 17:07:27,789] {logging_mixin.py:109} INFO - [2022-03-17 17:07:27,789] {dagbag.py:500} INFO - Filling up the DagBag from /Users/louisekirkham/Documents/linkedin_learning/Ex_Files_Data_Engineering_Foundations/airflow_env/lib/python3.9/site-packages/airflow/example_dags/example_branch_python_dop_operator_3.py
[2022-03-17 17:07:27,831] {processor.py:654} INFO - DAG(s) dict_keys(['example_branch_dop_operator_v3']) retrieved from /Users/louisekirkham/Documents/linkedin_learning/Ex_Files_Data_Engineering_Foundations/airflow_env/lib/python3.9/site-packages/airflow/example_dags/example_branch_python_dop_operator_3.py
[2022-03-17 17:07:27,846] {logging_mixin.py:109} INFO - [2022-03-17 17:07:27,846] {dag.py:2398} INFO - Sync 1 DAGs
[2022-03-17 17:07:27,859] {logging_mixin.py:109} INFO - [2022-03-17 17:07:27,859] {dag.py:2937} INFO - Setting next_dagrun for example_branch_dop_operator_v3 to 2022-03-17T17:06:00+00:00
[2022-03-17 17:07:27,865] {processor.py:171} INFO - Processing /Users/louisekirkham/Documents/linkedin_learning/Ex_Files_Data_Engineering_Foundations/airflow_env/lib/python3.9/site-packages/airflow/example_dags/example_branch_python_dop_operator_3.py took 0.079 seconds
[2022-03-17 17:08:49,485] {processor.py:163} INFO - Started process (PID=45887) to work on /Users/louisekirkham/Documents/linkedin_learning/Ex_Files_Data_Engineering_Foundations/airflow_env/lib/python3.9/site-packages/airflow/example_dags/example_branch_python_dop_operator_3.py
[2022-03-17 17:08:49,487] {processor.py:642} INFO - Processing file /Users/louisekirkham/Documents/linkedin_learning/Ex_Files_Data_Engineering_Foundations/airflow_env/lib/python3.9/site-packages/airflow/example_dags/example_branch_python_dop_operator_3.py for tasks to queue
[2022-03-17 17:08:49,487] {logging_mixin.py:109} INFO - [2022-03-17 17:08:49,487] {dagbag.py:500} INFO - Filling up the DagBag from /Users/louisekirkham/Documents/linkedin_learning/Ex_Files_Data_Engineering_Foundations/airflow_env/lib/python3.9/site-packages/airflow/example_dags/example_branch_python_dop_operator_3.py
[2022-03-17 17:08:49,523] {processor.py:654} INFO - DAG(s) dict_keys(['example_branch_dop_operator_v3']) retrieved from /Users/louisekirkham/Documents/linkedin_learning/Ex_Files_Data_Engineering_Foundations/airflow_env/lib/python3.9/site-packages/airflow/example_dags/example_branch_python_dop_operator_3.py
[2022-03-17 17:08:49,536] {logging_mixin.py:109} INFO - [2022-03-17 17:08:49,536] {dag.py:2398} INFO - Sync 1 DAGs
[2022-03-17 17:08:49,546] {logging_mixin.py:109} INFO - [2022-03-17 17:08:49,546] {dag.py:2937} INFO - Setting next_dagrun for example_branch_dop_operator_v3 to 2022-03-17T17:07:00+00:00
[2022-03-17 17:08:49,552] {processor.py:171} INFO - Processing /Users/louisekirkham/Documents/linkedin_learning/Ex_Files_Data_Engineering_Foundations/airflow_env/lib/python3.9/site-packages/airflow/example_dags/example_branch_python_dop_operator_3.py took 0.067 seconds
[2022-03-17 17:10:15,130] {processor.py:163} INFO - Started process (PID=45956) to work on /Users/louisekirkham/Documents/linkedin_learning/Ex_Files_Data_Engineering_Foundations/airflow_env/lib/python3.9/site-packages/airflow/example_dags/example_branch_python_dop_operator_3.py
[2022-03-17 17:10:15,132] {processor.py:642} INFO - Processing file /Users/louisekirkham/Documents/linkedin_learning/Ex_Files_Data_Engineering_Foundations/airflow_env/lib/python3.9/site-packages/airflow/example_dags/example_branch_python_dop_operator_3.py for tasks to queue
[2022-03-17 17:10:15,132] {logging_mixin.py:109} INFO - [2022-03-17 17:10:15,132] {dagbag.py:500} INFO - Filling up the DagBag from /Users/louisekirkham/Documents/linkedin_learning/Ex_Files_Data_Engineering_Foundations/airflow_env/lib/python3.9/site-packages/airflow/example_dags/example_branch_python_dop_operator_3.py
[2022-03-17 17:10:15,168] {processor.py:654} INFO - DAG(s) dict_keys(['example_branch_dop_operator_v3']) retrieved from /Users/louisekirkham/Documents/linkedin_learning/Ex_Files_Data_Engineering_Foundations/airflow_env/lib/python3.9/site-packages/airflow/example_dags/example_branch_python_dop_operator_3.py
[2022-03-17 17:10:15,182] {logging_mixin.py:109} INFO - [2022-03-17 17:10:15,182] {dag.py:2398} INFO - Sync 1 DAGs
[2022-03-17 17:10:15,192] {logging_mixin.py:109} INFO - [2022-03-17 17:10:15,192] {dag.py:2937} INFO - Setting next_dagrun for example_branch_dop_operator_v3 to 2022-03-17T17:09:00+00:00
[2022-03-17 17:10:15,198] {processor.py:171} INFO - Processing /Users/louisekirkham/Documents/linkedin_learning/Ex_Files_Data_Engineering_Foundations/airflow_env/lib/python3.9/site-packages/airflow/example_dags/example_branch_python_dop_operator_3.py took 0.069 seconds
[2022-03-17 17:11:35,716] {processor.py:163} INFO - Started process (PID=46014) to work on /Users/louisekirkham/Documents/linkedin_learning/Ex_Files_Data_Engineering_Foundations/airflow_env/lib/python3.9/site-packages/airflow/example_dags/example_branch_python_dop_operator_3.py
[2022-03-17 17:11:35,716] {processor.py:642} INFO - Processing file /Users/louisekirkham/Documents/linkedin_learning/Ex_Files_Data_Engineering_Foundations/airflow_env/lib/python3.9/site-packages/airflow/example_dags/example_branch_python_dop_operator_3.py for tasks to queue
[2022-03-17 17:11:35,716] {logging_mixin.py:109} INFO - [2022-03-17 17:11:35,716] {dagbag.py:500} INFO - Filling up the DagBag from /Users/louisekirkham/Documents/linkedin_learning/Ex_Files_Data_Engineering_Foundations/airflow_env/lib/python3.9/site-packages/airflow/example_dags/example_branch_python_dop_operator_3.py
[2022-03-17 17:11:35,748] {processor.py:654} INFO - DAG(s) dict_keys(['example_branch_dop_operator_v3']) retrieved from /Users/louisekirkham/Documents/linkedin_learning/Ex_Files_Data_Engineering_Foundations/airflow_env/lib/python3.9/site-packages/airflow/example_dags/example_branch_python_dop_operator_3.py
[2022-03-17 17:11:35,762] {logging_mixin.py:109} INFO - [2022-03-17 17:11:35,762] {dag.py:2398} INFO - Sync 1 DAGs
[2022-03-17 17:11:35,771] {logging_mixin.py:109} INFO - [2022-03-17 17:11:35,771] {dag.py:2937} INFO - Setting next_dagrun for example_branch_dop_operator_v3 to 2022-03-17T17:10:00+00:00
[2022-03-17 17:11:35,778] {processor.py:171} INFO - Processing /Users/louisekirkham/Documents/linkedin_learning/Ex_Files_Data_Engineering_Foundations/airflow_env/lib/python3.9/site-packages/airflow/example_dags/example_branch_python_dop_operator_3.py took 0.063 seconds
