[2022-03-17 16:03:37,488] {processor.py:163} INFO - Started process (PID=44981) to work on /Users/louisekirkham/Documents/linkedin_learning/Ex_Files_Data_Engineering_Foundations/airflow_env/lib/python3.9/site-packages/airflow/example_dags/example_branch_labels.py
[2022-03-17 16:03:37,488] {processor.py:642} INFO - Processing file /Users/louisekirkham/Documents/linkedin_learning/Ex_Files_Data_Engineering_Foundations/airflow_env/lib/python3.9/site-packages/airflow/example_dags/example_branch_labels.py for tasks to queue
[2022-03-17 16:03:37,488] {logging_mixin.py:109} INFO - [2022-03-17 16:03:37,488] {dagbag.py:500} INFO - Filling up the DagBag from /Users/louisekirkham/Documents/linkedin_learning/Ex_Files_Data_Engineering_Foundations/airflow_env/lib/python3.9/site-packages/airflow/example_dags/example_branch_labels.py
[2022-03-17 16:03:37,516] {processor.py:654} INFO - DAG(s) dict_keys(['example_branch_labels']) retrieved from /Users/louisekirkham/Documents/linkedin_learning/Ex_Files_Data_Engineering_Foundations/airflow_env/lib/python3.9/site-packages/airflow/example_dags/example_branch_labels.py
[2022-03-17 16:03:37,531] {logging_mixin.py:109} INFO - [2022-03-17 16:03:37,531] {dag.py:2398} INFO - Sync 1 DAGs
[2022-03-17 16:03:37,540] {logging_mixin.py:109} INFO - [2022-03-17 16:03:37,540] {dag.py:2937} INFO - Setting next_dagrun for example_branch_labels to 2022-03-16 00:00:00+00:00
[2022-03-17 16:03:37,546] {processor.py:171} INFO - Processing /Users/louisekirkham/Documents/linkedin_learning/Ex_Files_Data_Engineering_Foundations/airflow_env/lib/python3.9/site-packages/airflow/example_dags/example_branch_labels.py took 0.059 seconds
[2022-03-17 16:35:32,756] {processor.py:163} INFO - Started process (PID=45142) to work on /Users/louisekirkham/Documents/linkedin_learning/Ex_Files_Data_Engineering_Foundations/airflow_env/lib/python3.9/site-packages/airflow/example_dags/example_branch_labels.py
[2022-03-17 16:35:32,757] {processor.py:642} INFO - Processing file /Users/louisekirkham/Documents/linkedin_learning/Ex_Files_Data_Engineering_Foundations/airflow_env/lib/python3.9/site-packages/airflow/example_dags/example_branch_labels.py for tasks to queue
[2022-03-17 16:35:32,757] {logging_mixin.py:109} INFO - [2022-03-17 16:35:32,757] {dagbag.py:500} INFO - Filling up the DagBag from /Users/louisekirkham/Documents/linkedin_learning/Ex_Files_Data_Engineering_Foundations/airflow_env/lib/python3.9/site-packages/airflow/example_dags/example_branch_labels.py
[2022-03-17 16:35:32,783] {processor.py:654} INFO - DAG(s) dict_keys(['example_branch_labels']) retrieved from /Users/louisekirkham/Documents/linkedin_learning/Ex_Files_Data_Engineering_Foundations/airflow_env/lib/python3.9/site-packages/airflow/example_dags/example_branch_labels.py
[2022-03-17 16:35:32,796] {logging_mixin.py:109} INFO - [2022-03-17 16:35:32,796] {dag.py:2398} INFO - Sync 1 DAGs
[2022-03-17 16:35:32,803] {logging_mixin.py:109} INFO - [2022-03-17 16:35:32,803] {dag.py:2937} INFO - Setting next_dagrun for example_branch_labels to 2022-03-16 00:00:00+00:00
[2022-03-17 16:35:32,809] {processor.py:171} INFO - Processing /Users/louisekirkham/Documents/linkedin_learning/Ex_Files_Data_Engineering_Foundations/airflow_env/lib/python3.9/site-packages/airflow/example_dags/example_branch_labels.py took 0.054 seconds
[2022-03-17 16:37:00,689] {processor.py:163} INFO - Started process (PID=45230) to work on /Users/louisekirkham/Documents/linkedin_learning/Ex_Files_Data_Engineering_Foundations/airflow_env/lib/python3.9/site-packages/airflow/example_dags/example_branch_labels.py
[2022-03-17 16:37:00,689] {processor.py:642} INFO - Processing file /Users/louisekirkham/Documents/linkedin_learning/Ex_Files_Data_Engineering_Foundations/airflow_env/lib/python3.9/site-packages/airflow/example_dags/example_branch_labels.py for tasks to queue
[2022-03-17 16:37:00,690] {logging_mixin.py:109} INFO - [2022-03-17 16:37:00,690] {dagbag.py:500} INFO - Filling up the DagBag from /Users/louisekirkham/Documents/linkedin_learning/Ex_Files_Data_Engineering_Foundations/airflow_env/lib/python3.9/site-packages/airflow/example_dags/example_branch_labels.py
[2022-03-17 16:37:00,715] {processor.py:654} INFO - DAG(s) dict_keys(['example_branch_labels']) retrieved from /Users/louisekirkham/Documents/linkedin_learning/Ex_Files_Data_Engineering_Foundations/airflow_env/lib/python3.9/site-packages/airflow/example_dags/example_branch_labels.py
[2022-03-17 16:37:00,729] {logging_mixin.py:109} INFO - [2022-03-17 16:37:00,728] {dag.py:2398} INFO - Sync 1 DAGs
[2022-03-17 16:37:00,736] {logging_mixin.py:109} INFO - [2022-03-17 16:37:00,736] {dag.py:2937} INFO - Setting next_dagrun for example_branch_labels to 2022-03-16 00:00:00+00:00
[2022-03-17 16:37:00,742] {processor.py:171} INFO - Processing /Users/louisekirkham/Documents/linkedin_learning/Ex_Files_Data_Engineering_Foundations/airflow_env/lib/python3.9/site-packages/airflow/example_dags/example_branch_labels.py took 0.054 seconds
[2022-03-17 16:38:22,271] {processor.py:163} INFO - Started process (PID=45307) to work on /Users/louisekirkham/Documents/linkedin_learning/Ex_Files_Data_Engineering_Foundations/airflow_env/lib/python3.9/site-packages/airflow/example_dags/example_branch_labels.py
[2022-03-17 16:38:22,271] {processor.py:642} INFO - Processing file /Users/louisekirkham/Documents/linkedin_learning/Ex_Files_Data_Engineering_Foundations/airflow_env/lib/python3.9/site-packages/airflow/example_dags/example_branch_labels.py for tasks to queue
[2022-03-17 16:38:22,272] {logging_mixin.py:109} INFO - [2022-03-17 16:38:22,272] {dagbag.py:500} INFO - Filling up the DagBag from /Users/louisekirkham/Documents/linkedin_learning/Ex_Files_Data_Engineering_Foundations/airflow_env/lib/python3.9/site-packages/airflow/example_dags/example_branch_labels.py
[2022-03-17 16:38:22,300] {processor.py:654} INFO - DAG(s) dict_keys(['example_branch_labels']) retrieved from /Users/louisekirkham/Documents/linkedin_learning/Ex_Files_Data_Engineering_Foundations/airflow_env/lib/python3.9/site-packages/airflow/example_dags/example_branch_labels.py
[2022-03-17 16:38:22,314] {logging_mixin.py:109} INFO - [2022-03-17 16:38:22,314] {dag.py:2398} INFO - Sync 1 DAGs
[2022-03-17 16:38:22,323] {logging_mixin.py:109} INFO - [2022-03-17 16:38:22,322] {dag.py:2937} INFO - Setting next_dagrun for example_branch_labels to 2022-03-16 00:00:00+00:00
[2022-03-17 16:38:22,328] {processor.py:171} INFO - Processing /Users/louisekirkham/Documents/linkedin_learning/Ex_Files_Data_Engineering_Foundations/airflow_env/lib/python3.9/site-packages/airflow/example_dags/example_branch_labels.py took 0.058 seconds
[2022-03-17 16:39:42,593] {processor.py:163} INFO - Started process (PID=45370) to work on /Users/louisekirkham/Documents/linkedin_learning/Ex_Files_Data_Engineering_Foundations/airflow_env/lib/python3.9/site-packages/airflow/example_dags/example_branch_labels.py
[2022-03-17 16:39:42,593] {processor.py:642} INFO - Processing file /Users/louisekirkham/Documents/linkedin_learning/Ex_Files_Data_Engineering_Foundations/airflow_env/lib/python3.9/site-packages/airflow/example_dags/example_branch_labels.py for tasks to queue
[2022-03-17 16:39:42,594] {logging_mixin.py:109} INFO - [2022-03-17 16:39:42,594] {dagbag.py:500} INFO - Filling up the DagBag from /Users/louisekirkham/Documents/linkedin_learning/Ex_Files_Data_Engineering_Foundations/airflow_env/lib/python3.9/site-packages/airflow/example_dags/example_branch_labels.py
[2022-03-17 16:39:42,620] {processor.py:654} INFO - DAG(s) dict_keys(['example_branch_labels']) retrieved from /Users/louisekirkham/Documents/linkedin_learning/Ex_Files_Data_Engineering_Foundations/airflow_env/lib/python3.9/site-packages/airflow/example_dags/example_branch_labels.py
[2022-03-17 16:39:42,633] {logging_mixin.py:109} INFO - [2022-03-17 16:39:42,632] {dag.py:2398} INFO - Sync 1 DAGs
[2022-03-17 16:39:42,641] {logging_mixin.py:109} INFO - [2022-03-17 16:39:42,641] {dag.py:2937} INFO - Setting next_dagrun for example_branch_labels to 2022-03-16 00:00:00+00:00
[2022-03-17 16:39:42,647] {processor.py:171} INFO - Processing /Users/louisekirkham/Documents/linkedin_learning/Ex_Files_Data_Engineering_Foundations/airflow_env/lib/python3.9/site-packages/airflow/example_dags/example_branch_labels.py took 0.054 seconds
[2022-03-17 16:41:03,003] {processor.py:163} INFO - Started process (PID=45425) to work on /Users/louisekirkham/Documents/linkedin_learning/Ex_Files_Data_Engineering_Foundations/airflow_env/lib/python3.9/site-packages/airflow/example_dags/example_branch_labels.py
[2022-03-17 16:41:03,003] {processor.py:642} INFO - Processing file /Users/louisekirkham/Documents/linkedin_learning/Ex_Files_Data_Engineering_Foundations/airflow_env/lib/python3.9/site-packages/airflow/example_dags/example_branch_labels.py for tasks to queue
[2022-03-17 16:41:03,004] {logging_mixin.py:109} INFO - [2022-03-17 16:41:03,004] {dagbag.py:500} INFO - Filling up the DagBag from /Users/louisekirkham/Documents/linkedin_learning/Ex_Files_Data_Engineering_Foundations/airflow_env/lib/python3.9/site-packages/airflow/example_dags/example_branch_labels.py
[2022-03-17 16:41:03,031] {processor.py:654} INFO - DAG(s) dict_keys(['example_branch_labels']) retrieved from /Users/louisekirkham/Documents/linkedin_learning/Ex_Files_Data_Engineering_Foundations/airflow_env/lib/python3.9/site-packages/airflow/example_dags/example_branch_labels.py
[2022-03-17 16:41:03,045] {logging_mixin.py:109} INFO - [2022-03-17 16:41:03,045] {dag.py:2398} INFO - Sync 1 DAGs
[2022-03-17 16:41:03,053] {logging_mixin.py:109} INFO - [2022-03-17 16:41:03,053] {dag.py:2937} INFO - Setting next_dagrun for example_branch_labels to 2022-03-16 00:00:00+00:00
[2022-03-17 16:41:03,060] {processor.py:171} INFO - Processing /Users/louisekirkham/Documents/linkedin_learning/Ex_Files_Data_Engineering_Foundations/airflow_env/lib/python3.9/site-packages/airflow/example_dags/example_branch_labels.py took 0.057 seconds
[2022-03-17 16:42:24,456] {processor.py:163} INFO - Started process (PID=45490) to work on /Users/louisekirkham/Documents/linkedin_learning/Ex_Files_Data_Engineering_Foundations/airflow_env/lib/python3.9/site-packages/airflow/example_dags/example_branch_labels.py
[2022-03-17 16:42:24,456] {processor.py:642} INFO - Processing file /Users/louisekirkham/Documents/linkedin_learning/Ex_Files_Data_Engineering_Foundations/airflow_env/lib/python3.9/site-packages/airflow/example_dags/example_branch_labels.py for tasks to queue
[2022-03-17 16:42:24,456] {logging_mixin.py:109} INFO - [2022-03-17 16:42:24,456] {dagbag.py:500} INFO - Filling up the DagBag from /Users/louisekirkham/Documents/linkedin_learning/Ex_Files_Data_Engineering_Foundations/airflow_env/lib/python3.9/site-packages/airflow/example_dags/example_branch_labels.py
[2022-03-17 16:42:24,486] {processor.py:654} INFO - DAG(s) dict_keys(['example_branch_labels']) retrieved from /Users/louisekirkham/Documents/linkedin_learning/Ex_Files_Data_Engineering_Foundations/airflow_env/lib/python3.9/site-packages/airflow/example_dags/example_branch_labels.py
[2022-03-17 16:42:24,499] {logging_mixin.py:109} INFO - [2022-03-17 16:42:24,499] {dag.py:2398} INFO - Sync 1 DAGs
[2022-03-17 16:42:24,507] {logging_mixin.py:109} INFO - [2022-03-17 16:42:24,507] {dag.py:2937} INFO - Setting next_dagrun for example_branch_labels to 2022-03-16 00:00:00+00:00
[2022-03-17 16:42:24,514] {processor.py:171} INFO - Processing /Users/louisekirkham/Documents/linkedin_learning/Ex_Files_Data_Engineering_Foundations/airflow_env/lib/python3.9/site-packages/airflow/example_dags/example_branch_labels.py took 0.059 seconds
[2022-03-17 16:43:46,205] {processor.py:163} INFO - Started process (PID=45582) to work on /Users/louisekirkham/Documents/linkedin_learning/Ex_Files_Data_Engineering_Foundations/airflow_env/lib/python3.9/site-packages/airflow/example_dags/example_branch_labels.py
[2022-03-17 16:43:46,205] {processor.py:642} INFO - Processing file /Users/louisekirkham/Documents/linkedin_learning/Ex_Files_Data_Engineering_Foundations/airflow_env/lib/python3.9/site-packages/airflow/example_dags/example_branch_labels.py for tasks to queue
[2022-03-17 16:43:46,206] {logging_mixin.py:109} INFO - [2022-03-17 16:43:46,206] {dagbag.py:500} INFO - Filling up the DagBag from /Users/louisekirkham/Documents/linkedin_learning/Ex_Files_Data_Engineering_Foundations/airflow_env/lib/python3.9/site-packages/airflow/example_dags/example_branch_labels.py
[2022-03-17 16:43:46,235] {processor.py:654} INFO - DAG(s) dict_keys(['example_branch_labels']) retrieved from /Users/louisekirkham/Documents/linkedin_learning/Ex_Files_Data_Engineering_Foundations/airflow_env/lib/python3.9/site-packages/airflow/example_dags/example_branch_labels.py
[2022-03-17 16:43:46,248] {logging_mixin.py:109} INFO - [2022-03-17 16:43:46,248] {dag.py:2398} INFO - Sync 1 DAGs
[2022-03-17 16:43:46,257] {logging_mixin.py:109} INFO - [2022-03-17 16:43:46,257] {dag.py:2937} INFO - Setting next_dagrun for example_branch_labels to 2022-03-16 00:00:00+00:00
[2022-03-17 16:43:46,265] {processor.py:171} INFO - Processing /Users/louisekirkham/Documents/linkedin_learning/Ex_Files_Data_Engineering_Foundations/airflow_env/lib/python3.9/site-packages/airflow/example_dags/example_branch_labels.py took 0.060 seconds
[2022-03-17 16:45:07,026] {processor.py:163} INFO - Started process (PID=45652) to work on /Users/louisekirkham/Documents/linkedin_learning/Ex_Files_Data_Engineering_Foundations/airflow_env/lib/python3.9/site-packages/airflow/example_dags/example_branch_labels.py
[2022-03-17 16:45:07,026] {processor.py:642} INFO - Processing file /Users/louisekirkham/Documents/linkedin_learning/Ex_Files_Data_Engineering_Foundations/airflow_env/lib/python3.9/site-packages/airflow/example_dags/example_branch_labels.py for tasks to queue
[2022-03-17 16:45:07,026] {logging_mixin.py:109} INFO - [2022-03-17 16:45:07,026] {dagbag.py:500} INFO - Filling up the DagBag from /Users/louisekirkham/Documents/linkedin_learning/Ex_Files_Data_Engineering_Foundations/airflow_env/lib/python3.9/site-packages/airflow/example_dags/example_branch_labels.py
[2022-03-17 16:45:07,053] {processor.py:654} INFO - DAG(s) dict_keys(['example_branch_labels']) retrieved from /Users/louisekirkham/Documents/linkedin_learning/Ex_Files_Data_Engineering_Foundations/airflow_env/lib/python3.9/site-packages/airflow/example_dags/example_branch_labels.py
[2022-03-17 16:45:07,067] {logging_mixin.py:109} INFO - [2022-03-17 16:45:07,067] {dag.py:2398} INFO - Sync 1 DAGs
[2022-03-17 16:45:07,075] {logging_mixin.py:109} INFO - [2022-03-17 16:45:07,075] {dag.py:2937} INFO - Setting next_dagrun for example_branch_labels to 2022-03-16 00:00:00+00:00
[2022-03-17 16:45:07,081] {processor.py:171} INFO - Processing /Users/louisekirkham/Documents/linkedin_learning/Ex_Files_Data_Engineering_Foundations/airflow_env/lib/python3.9/site-packages/airflow/example_dags/example_branch_labels.py took 0.056 seconds
[2022-03-17 17:07:31,875] {processor.py:163} INFO - Started process (PID=45827) to work on /Users/louisekirkham/Documents/linkedin_learning/Ex_Files_Data_Engineering_Foundations/airflow_env/lib/python3.9/site-packages/airflow/example_dags/example_branch_labels.py
[2022-03-17 17:07:31,877] {processor.py:642} INFO - Processing file /Users/louisekirkham/Documents/linkedin_learning/Ex_Files_Data_Engineering_Foundations/airflow_env/lib/python3.9/site-packages/airflow/example_dags/example_branch_labels.py for tasks to queue
[2022-03-17 17:07:31,877] {logging_mixin.py:109} INFO - [2022-03-17 17:07:31,877] {dagbag.py:500} INFO - Filling up the DagBag from /Users/louisekirkham/Documents/linkedin_learning/Ex_Files_Data_Engineering_Foundations/airflow_env/lib/python3.9/site-packages/airflow/example_dags/example_branch_labels.py
[2022-03-17 17:07:31,904] {processor.py:654} INFO - DAG(s) dict_keys(['example_branch_labels']) retrieved from /Users/louisekirkham/Documents/linkedin_learning/Ex_Files_Data_Engineering_Foundations/airflow_env/lib/python3.9/site-packages/airflow/example_dags/example_branch_labels.py
[2022-03-17 17:07:31,917] {logging_mixin.py:109} INFO - [2022-03-17 17:07:31,917] {dag.py:2398} INFO - Sync 1 DAGs
[2022-03-17 17:07:31,924] {logging_mixin.py:109} INFO - [2022-03-17 17:07:31,924] {dag.py:2937} INFO - Setting next_dagrun for example_branch_labels to 2022-03-16 00:00:00+00:00
[2022-03-17 17:07:31,930] {processor.py:171} INFO - Processing /Users/louisekirkham/Documents/linkedin_learning/Ex_Files_Data_Engineering_Foundations/airflow_env/lib/python3.9/site-packages/airflow/example_dags/example_branch_labels.py took 0.055 seconds
[2022-03-17 17:08:53,284] {processor.py:163} INFO - Started process (PID=45889) to work on /Users/louisekirkham/Documents/linkedin_learning/Ex_Files_Data_Engineering_Foundations/airflow_env/lib/python3.9/site-packages/airflow/example_dags/example_branch_labels.py
[2022-03-17 17:08:53,285] {processor.py:642} INFO - Processing file /Users/louisekirkham/Documents/linkedin_learning/Ex_Files_Data_Engineering_Foundations/airflow_env/lib/python3.9/site-packages/airflow/example_dags/example_branch_labels.py for tasks to queue
[2022-03-17 17:08:53,285] {logging_mixin.py:109} INFO - [2022-03-17 17:08:53,285] {dagbag.py:500} INFO - Filling up the DagBag from /Users/louisekirkham/Documents/linkedin_learning/Ex_Files_Data_Engineering_Foundations/airflow_env/lib/python3.9/site-packages/airflow/example_dags/example_branch_labels.py
[2022-03-17 17:08:53,312] {processor.py:654} INFO - DAG(s) dict_keys(['example_branch_labels']) retrieved from /Users/louisekirkham/Documents/linkedin_learning/Ex_Files_Data_Engineering_Foundations/airflow_env/lib/python3.9/site-packages/airflow/example_dags/example_branch_labels.py
[2022-03-17 17:08:53,326] {logging_mixin.py:109} INFO - [2022-03-17 17:08:53,325] {dag.py:2398} INFO - Sync 1 DAGs
[2022-03-17 17:08:53,333] {logging_mixin.py:109} INFO - [2022-03-17 17:08:53,333] {dag.py:2937} INFO - Setting next_dagrun for example_branch_labels to 2022-03-16 00:00:00+00:00
[2022-03-17 17:08:53,339] {processor.py:171} INFO - Processing /Users/louisekirkham/Documents/linkedin_learning/Ex_Files_Data_Engineering_Foundations/airflow_env/lib/python3.9/site-packages/airflow/example_dags/example_branch_labels.py took 0.056 seconds
[2022-03-17 17:10:19,217] {processor.py:163} INFO - Started process (PID=45958) to work on /Users/louisekirkham/Documents/linkedin_learning/Ex_Files_Data_Engineering_Foundations/airflow_env/lib/python3.9/site-packages/airflow/example_dags/example_branch_labels.py
[2022-03-17 17:10:19,218] {processor.py:642} INFO - Processing file /Users/louisekirkham/Documents/linkedin_learning/Ex_Files_Data_Engineering_Foundations/airflow_env/lib/python3.9/site-packages/airflow/example_dags/example_branch_labels.py for tasks to queue
[2022-03-17 17:10:19,218] {logging_mixin.py:109} INFO - [2022-03-17 17:10:19,218] {dagbag.py:500} INFO - Filling up the DagBag from /Users/louisekirkham/Documents/linkedin_learning/Ex_Files_Data_Engineering_Foundations/airflow_env/lib/python3.9/site-packages/airflow/example_dags/example_branch_labels.py
[2022-03-17 17:10:19,244] {processor.py:654} INFO - DAG(s) dict_keys(['example_branch_labels']) retrieved from /Users/louisekirkham/Documents/linkedin_learning/Ex_Files_Data_Engineering_Foundations/airflow_env/lib/python3.9/site-packages/airflow/example_dags/example_branch_labels.py
[2022-03-17 17:10:19,257] {logging_mixin.py:109} INFO - [2022-03-17 17:10:19,257] {dag.py:2398} INFO - Sync 1 DAGs
[2022-03-17 17:10:19,264] {logging_mixin.py:109} INFO - [2022-03-17 17:10:19,264] {dag.py:2937} INFO - Setting next_dagrun for example_branch_labels to 2022-03-16 00:00:00+00:00
[2022-03-17 17:10:19,270] {processor.py:171} INFO - Processing /Users/louisekirkham/Documents/linkedin_learning/Ex_Files_Data_Engineering_Foundations/airflow_env/lib/python3.9/site-packages/airflow/example_dags/example_branch_labels.py took 0.054 seconds
[2022-03-17 17:11:39,908] {processor.py:163} INFO - Started process (PID=46020) to work on /Users/louisekirkham/Documents/linkedin_learning/Ex_Files_Data_Engineering_Foundations/airflow_env/lib/python3.9/site-packages/airflow/example_dags/example_branch_labels.py
[2022-03-17 17:11:39,908] {processor.py:642} INFO - Processing file /Users/louisekirkham/Documents/linkedin_learning/Ex_Files_Data_Engineering_Foundations/airflow_env/lib/python3.9/site-packages/airflow/example_dags/example_branch_labels.py for tasks to queue
[2022-03-17 17:11:39,908] {logging_mixin.py:109} INFO - [2022-03-17 17:11:39,908] {dagbag.py:500} INFO - Filling up the DagBag from /Users/louisekirkham/Documents/linkedin_learning/Ex_Files_Data_Engineering_Foundations/airflow_env/lib/python3.9/site-packages/airflow/example_dags/example_branch_labels.py
[2022-03-17 17:11:39,935] {processor.py:654} INFO - DAG(s) dict_keys(['example_branch_labels']) retrieved from /Users/louisekirkham/Documents/linkedin_learning/Ex_Files_Data_Engineering_Foundations/airflow_env/lib/python3.9/site-packages/airflow/example_dags/example_branch_labels.py
[2022-03-17 17:11:39,949] {logging_mixin.py:109} INFO - [2022-03-17 17:11:39,949] {dag.py:2398} INFO - Sync 1 DAGs
[2022-03-17 17:11:39,957] {logging_mixin.py:109} INFO - [2022-03-17 17:11:39,957] {dag.py:2937} INFO - Setting next_dagrun for example_branch_labels to 2022-03-16 00:00:00+00:00
[2022-03-17 17:11:39,963] {processor.py:171} INFO - Processing /Users/louisekirkham/Documents/linkedin_learning/Ex_Files_Data_Engineering_Foundations/airflow_env/lib/python3.9/site-packages/airflow/example_dags/example_branch_labels.py took 0.056 seconds
