[2022-03-17 16:03:41,841] {processor.py:163} INFO - Started process (PID=44984) to work on /Users/louisekirkham/Documents/linkedin_learning/Ex_Files_Data_Engineering_Foundations/airflow_env/lib/python3.9/site-packages/airflow/example_dags/example_branch_datetime_operator.py
[2022-03-17 16:03:41,842] {processor.py:642} INFO - Processing file /Users/louisekirkham/Documents/linkedin_learning/Ex_Files_Data_Engineering_Foundations/airflow_env/lib/python3.9/site-packages/airflow/example_dags/example_branch_datetime_operator.py for tasks to queue
[2022-03-17 16:03:41,842] {logging_mixin.py:109} INFO - [2022-03-17 16:03:41,842] {dagbag.py:500} INFO - Filling up the DagBag from /Users/louisekirkham/Documents/linkedin_learning/Ex_Files_Data_Engineering_Foundations/airflow_env/lib/python3.9/site-packages/airflow/example_dags/example_branch_datetime_operator.py
[2022-03-17 16:03:41,872] {processor.py:654} INFO - DAG(s) dict_keys(['example_branch_datetime_operator_2']) retrieved from /Users/louisekirkham/Documents/linkedin_learning/Ex_Files_Data_Engineering_Foundations/airflow_env/lib/python3.9/site-packages/airflow/example_dags/example_branch_datetime_operator.py
[2022-03-17 16:03:41,885] {logging_mixin.py:109} INFO - [2022-03-17 16:03:41,885] {dag.py:2398} INFO - Sync 1 DAGs
[2022-03-17 16:03:41,892] {logging_mixin.py:109} INFO - [2022-03-17 16:03:41,892] {dag.py:2937} INFO - Setting next_dagrun for example_branch_datetime_operator_2 to 2022-03-16 00:00:00+00:00
[2022-03-17 16:03:41,898] {processor.py:171} INFO - Processing /Users/louisekirkham/Documents/linkedin_learning/Ex_Files_Data_Engineering_Foundations/airflow_env/lib/python3.9/site-packages/airflow/example_dags/example_branch_datetime_operator.py took 0.058 seconds
[2022-03-17 16:35:36,907] {processor.py:163} INFO - Started process (PID=45151) to work on /Users/louisekirkham/Documents/linkedin_learning/Ex_Files_Data_Engineering_Foundations/airflow_env/lib/python3.9/site-packages/airflow/example_dags/example_branch_datetime_operator.py
[2022-03-17 16:35:36,908] {processor.py:642} INFO - Processing file /Users/louisekirkham/Documents/linkedin_learning/Ex_Files_Data_Engineering_Foundations/airflow_env/lib/python3.9/site-packages/airflow/example_dags/example_branch_datetime_operator.py for tasks to queue
[2022-03-17 16:35:36,908] {logging_mixin.py:109} INFO - [2022-03-17 16:35:36,908] {dagbag.py:500} INFO - Filling up the DagBag from /Users/louisekirkham/Documents/linkedin_learning/Ex_Files_Data_Engineering_Foundations/airflow_env/lib/python3.9/site-packages/airflow/example_dags/example_branch_datetime_operator.py
[2022-03-17 16:35:36,948] {processor.py:654} INFO - DAG(s) dict_keys(['example_branch_datetime_operator_2']) retrieved from /Users/louisekirkham/Documents/linkedin_learning/Ex_Files_Data_Engineering_Foundations/airflow_env/lib/python3.9/site-packages/airflow/example_dags/example_branch_datetime_operator.py
[2022-03-17 16:35:36,964] {logging_mixin.py:109} INFO - [2022-03-17 16:35:36,963] {dag.py:2398} INFO - Sync 1 DAGs
[2022-03-17 16:35:36,972] {logging_mixin.py:109} INFO - [2022-03-17 16:35:36,972] {dag.py:2937} INFO - Setting next_dagrun for example_branch_datetime_operator_2 to 2022-03-16 00:00:00+00:00
[2022-03-17 16:35:36,978] {processor.py:171} INFO - Processing /Users/louisekirkham/Documents/linkedin_learning/Ex_Files_Data_Engineering_Foundations/airflow_env/lib/python3.9/site-packages/airflow/example_dags/example_branch_datetime_operator.py took 0.071 seconds
[2022-03-17 16:37:04,802] {processor.py:163} INFO - Started process (PID=45232) to work on /Users/louisekirkham/Documents/linkedin_learning/Ex_Files_Data_Engineering_Foundations/airflow_env/lib/python3.9/site-packages/airflow/example_dags/example_branch_datetime_operator.py
[2022-03-17 16:37:04,802] {processor.py:642} INFO - Processing file /Users/louisekirkham/Documents/linkedin_learning/Ex_Files_Data_Engineering_Foundations/airflow_env/lib/python3.9/site-packages/airflow/example_dags/example_branch_datetime_operator.py for tasks to queue
[2022-03-17 16:37:04,802] {logging_mixin.py:109} INFO - [2022-03-17 16:37:04,802] {dagbag.py:500} INFO - Filling up the DagBag from /Users/louisekirkham/Documents/linkedin_learning/Ex_Files_Data_Engineering_Foundations/airflow_env/lib/python3.9/site-packages/airflow/example_dags/example_branch_datetime_operator.py
[2022-03-17 16:37:04,829] {processor.py:654} INFO - DAG(s) dict_keys(['example_branch_datetime_operator_2']) retrieved from /Users/louisekirkham/Documents/linkedin_learning/Ex_Files_Data_Engineering_Foundations/airflow_env/lib/python3.9/site-packages/airflow/example_dags/example_branch_datetime_operator.py
[2022-03-17 16:37:04,843] {logging_mixin.py:109} INFO - [2022-03-17 16:37:04,842] {dag.py:2398} INFO - Sync 1 DAGs
[2022-03-17 16:37:04,850] {logging_mixin.py:109} INFO - [2022-03-17 16:37:04,850] {dag.py:2937} INFO - Setting next_dagrun for example_branch_datetime_operator_2 to 2022-03-16 00:00:00+00:00
[2022-03-17 16:37:04,857] {processor.py:171} INFO - Processing /Users/louisekirkham/Documents/linkedin_learning/Ex_Files_Data_Engineering_Foundations/airflow_env/lib/python3.9/site-packages/airflow/example_dags/example_branch_datetime_operator.py took 0.055 seconds
[2022-03-17 16:38:25,907] {processor.py:163} INFO - Started process (PID=45309) to work on /Users/louisekirkham/Documents/linkedin_learning/Ex_Files_Data_Engineering_Foundations/airflow_env/lib/python3.9/site-packages/airflow/example_dags/example_branch_datetime_operator.py
[2022-03-17 16:38:25,907] {processor.py:642} INFO - Processing file /Users/louisekirkham/Documents/linkedin_learning/Ex_Files_Data_Engineering_Foundations/airflow_env/lib/python3.9/site-packages/airflow/example_dags/example_branch_datetime_operator.py for tasks to queue
[2022-03-17 16:38:25,907] {logging_mixin.py:109} INFO - [2022-03-17 16:38:25,907] {dagbag.py:500} INFO - Filling up the DagBag from /Users/louisekirkham/Documents/linkedin_learning/Ex_Files_Data_Engineering_Foundations/airflow_env/lib/python3.9/site-packages/airflow/example_dags/example_branch_datetime_operator.py
[2022-03-17 16:38:25,933] {processor.py:654} INFO - DAG(s) dict_keys(['example_branch_datetime_operator_2']) retrieved from /Users/louisekirkham/Documents/linkedin_learning/Ex_Files_Data_Engineering_Foundations/airflow_env/lib/python3.9/site-packages/airflow/example_dags/example_branch_datetime_operator.py
[2022-03-17 16:38:25,946] {logging_mixin.py:109} INFO - [2022-03-17 16:38:25,946] {dag.py:2398} INFO - Sync 1 DAGs
[2022-03-17 16:38:25,954] {logging_mixin.py:109} INFO - [2022-03-17 16:38:25,954] {dag.py:2937} INFO - Setting next_dagrun for example_branch_datetime_operator_2 to 2022-03-16 00:00:00+00:00
[2022-03-17 16:38:25,960] {processor.py:171} INFO - Processing /Users/louisekirkham/Documents/linkedin_learning/Ex_Files_Data_Engineering_Foundations/airflow_env/lib/python3.9/site-packages/airflow/example_dags/example_branch_datetime_operator.py took 0.054 seconds
[2022-03-17 16:39:46,224] {processor.py:163} INFO - Started process (PID=45372) to work on /Users/louisekirkham/Documents/linkedin_learning/Ex_Files_Data_Engineering_Foundations/airflow_env/lib/python3.9/site-packages/airflow/example_dags/example_branch_datetime_operator.py
[2022-03-17 16:39:46,225] {processor.py:642} INFO - Processing file /Users/louisekirkham/Documents/linkedin_learning/Ex_Files_Data_Engineering_Foundations/airflow_env/lib/python3.9/site-packages/airflow/example_dags/example_branch_datetime_operator.py for tasks to queue
[2022-03-17 16:39:46,225] {logging_mixin.py:109} INFO - [2022-03-17 16:39:46,225] {dagbag.py:500} INFO - Filling up the DagBag from /Users/louisekirkham/Documents/linkedin_learning/Ex_Files_Data_Engineering_Foundations/airflow_env/lib/python3.9/site-packages/airflow/example_dags/example_branch_datetime_operator.py
[2022-03-17 16:39:46,250] {processor.py:654} INFO - DAG(s) dict_keys(['example_branch_datetime_operator_2']) retrieved from /Users/louisekirkham/Documents/linkedin_learning/Ex_Files_Data_Engineering_Foundations/airflow_env/lib/python3.9/site-packages/airflow/example_dags/example_branch_datetime_operator.py
[2022-03-17 16:39:46,262] {logging_mixin.py:109} INFO - [2022-03-17 16:39:46,261] {dag.py:2398} INFO - Sync 1 DAGs
[2022-03-17 16:39:46,269] {logging_mixin.py:109} INFO - [2022-03-17 16:39:46,269] {dag.py:2937} INFO - Setting next_dagrun for example_branch_datetime_operator_2 to 2022-03-16 00:00:00+00:00
[2022-03-17 16:39:46,275] {processor.py:171} INFO - Processing /Users/louisekirkham/Documents/linkedin_learning/Ex_Files_Data_Engineering_Foundations/airflow_env/lib/python3.9/site-packages/airflow/example_dags/example_branch_datetime_operator.py took 0.051 seconds
[2022-03-17 16:41:06,688] {processor.py:163} INFO - Started process (PID=45430) to work on /Users/louisekirkham/Documents/linkedin_learning/Ex_Files_Data_Engineering_Foundations/airflow_env/lib/python3.9/site-packages/airflow/example_dags/example_branch_datetime_operator.py
[2022-03-17 16:41:06,689] {processor.py:642} INFO - Processing file /Users/louisekirkham/Documents/linkedin_learning/Ex_Files_Data_Engineering_Foundations/airflow_env/lib/python3.9/site-packages/airflow/example_dags/example_branch_datetime_operator.py for tasks to queue
[2022-03-17 16:41:06,689] {logging_mixin.py:109} INFO - [2022-03-17 16:41:06,689] {dagbag.py:500} INFO - Filling up the DagBag from /Users/louisekirkham/Documents/linkedin_learning/Ex_Files_Data_Engineering_Foundations/airflow_env/lib/python3.9/site-packages/airflow/example_dags/example_branch_datetime_operator.py
[2022-03-17 16:41:06,715] {processor.py:654} INFO - DAG(s) dict_keys(['example_branch_datetime_operator_2']) retrieved from /Users/louisekirkham/Documents/linkedin_learning/Ex_Files_Data_Engineering_Foundations/airflow_env/lib/python3.9/site-packages/airflow/example_dags/example_branch_datetime_operator.py
[2022-03-17 16:41:06,728] {logging_mixin.py:109} INFO - [2022-03-17 16:41:06,728] {dag.py:2398} INFO - Sync 1 DAGs
[2022-03-17 16:41:06,736] {logging_mixin.py:109} INFO - [2022-03-17 16:41:06,736] {dag.py:2937} INFO - Setting next_dagrun for example_branch_datetime_operator_2 to 2022-03-16 00:00:00+00:00
[2022-03-17 16:41:06,742] {processor.py:171} INFO - Processing /Users/louisekirkham/Documents/linkedin_learning/Ex_Files_Data_Engineering_Foundations/airflow_env/lib/python3.9/site-packages/airflow/example_dags/example_branch_datetime_operator.py took 0.055 seconds
[2022-03-17 16:42:28,281] {processor.py:163} INFO - Started process (PID=45495) to work on /Users/louisekirkham/Documents/linkedin_learning/Ex_Files_Data_Engineering_Foundations/airflow_env/lib/python3.9/site-packages/airflow/example_dags/example_branch_datetime_operator.py
[2022-03-17 16:42:28,281] {processor.py:642} INFO - Processing file /Users/louisekirkham/Documents/linkedin_learning/Ex_Files_Data_Engineering_Foundations/airflow_env/lib/python3.9/site-packages/airflow/example_dags/example_branch_datetime_operator.py for tasks to queue
[2022-03-17 16:42:28,281] {logging_mixin.py:109} INFO - [2022-03-17 16:42:28,281] {dagbag.py:500} INFO - Filling up the DagBag from /Users/louisekirkham/Documents/linkedin_learning/Ex_Files_Data_Engineering_Foundations/airflow_env/lib/python3.9/site-packages/airflow/example_dags/example_branch_datetime_operator.py
[2022-03-17 16:42:28,309] {processor.py:654} INFO - DAG(s) dict_keys(['example_branch_datetime_operator_2']) retrieved from /Users/louisekirkham/Documents/linkedin_learning/Ex_Files_Data_Engineering_Foundations/airflow_env/lib/python3.9/site-packages/airflow/example_dags/example_branch_datetime_operator.py
[2022-03-17 16:42:28,323] {logging_mixin.py:109} INFO - [2022-03-17 16:42:28,322] {dag.py:2398} INFO - Sync 1 DAGs
[2022-03-17 16:42:28,331] {logging_mixin.py:109} INFO - [2022-03-17 16:42:28,331] {dag.py:2937} INFO - Setting next_dagrun for example_branch_datetime_operator_2 to 2022-03-16 00:00:00+00:00
[2022-03-17 16:42:28,338] {processor.py:171} INFO - Processing /Users/louisekirkham/Documents/linkedin_learning/Ex_Files_Data_Engineering_Foundations/airflow_env/lib/python3.9/site-packages/airflow/example_dags/example_branch_datetime_operator.py took 0.057 seconds
[2022-03-17 16:43:49,925] {processor.py:163} INFO - Started process (PID=45585) to work on /Users/louisekirkham/Documents/linkedin_learning/Ex_Files_Data_Engineering_Foundations/airflow_env/lib/python3.9/site-packages/airflow/example_dags/example_branch_datetime_operator.py
[2022-03-17 16:43:49,925] {processor.py:642} INFO - Processing file /Users/louisekirkham/Documents/linkedin_learning/Ex_Files_Data_Engineering_Foundations/airflow_env/lib/python3.9/site-packages/airflow/example_dags/example_branch_datetime_operator.py for tasks to queue
[2022-03-17 16:43:49,925] {logging_mixin.py:109} INFO - [2022-03-17 16:43:49,925] {dagbag.py:500} INFO - Filling up the DagBag from /Users/louisekirkham/Documents/linkedin_learning/Ex_Files_Data_Engineering_Foundations/airflow_env/lib/python3.9/site-packages/airflow/example_dags/example_branch_datetime_operator.py
[2022-03-17 16:43:49,954] {processor.py:654} INFO - DAG(s) dict_keys(['example_branch_datetime_operator_2']) retrieved from /Users/louisekirkham/Documents/linkedin_learning/Ex_Files_Data_Engineering_Foundations/airflow_env/lib/python3.9/site-packages/airflow/example_dags/example_branch_datetime_operator.py
[2022-03-17 16:43:49,968] {logging_mixin.py:109} INFO - [2022-03-17 16:43:49,967] {dag.py:2398} INFO - Sync 1 DAGs
[2022-03-17 16:43:49,976] {logging_mixin.py:109} INFO - [2022-03-17 16:43:49,976] {dag.py:2937} INFO - Setting next_dagrun for example_branch_datetime_operator_2 to 2022-03-16 00:00:00+00:00
[2022-03-17 16:43:49,983] {processor.py:171} INFO - Processing /Users/louisekirkham/Documents/linkedin_learning/Ex_Files_Data_Engineering_Foundations/airflow_env/lib/python3.9/site-packages/airflow/example_dags/example_branch_datetime_operator.py took 0.059 seconds
[2022-03-17 16:45:10,743] {processor.py:163} INFO - Started process (PID=45654) to work on /Users/louisekirkham/Documents/linkedin_learning/Ex_Files_Data_Engineering_Foundations/airflow_env/lib/python3.9/site-packages/airflow/example_dags/example_branch_datetime_operator.py
[2022-03-17 16:45:10,743] {processor.py:642} INFO - Processing file /Users/louisekirkham/Documents/linkedin_learning/Ex_Files_Data_Engineering_Foundations/airflow_env/lib/python3.9/site-packages/airflow/example_dags/example_branch_datetime_operator.py for tasks to queue
[2022-03-17 16:45:10,743] {logging_mixin.py:109} INFO - [2022-03-17 16:45:10,743] {dagbag.py:500} INFO - Filling up the DagBag from /Users/louisekirkham/Documents/linkedin_learning/Ex_Files_Data_Engineering_Foundations/airflow_env/lib/python3.9/site-packages/airflow/example_dags/example_branch_datetime_operator.py
[2022-03-17 16:45:10,770] {processor.py:654} INFO - DAG(s) dict_keys(['example_branch_datetime_operator_2']) retrieved from /Users/louisekirkham/Documents/linkedin_learning/Ex_Files_Data_Engineering_Foundations/airflow_env/lib/python3.9/site-packages/airflow/example_dags/example_branch_datetime_operator.py
[2022-03-17 16:45:10,783] {logging_mixin.py:109} INFO - [2022-03-17 16:45:10,783] {dag.py:2398} INFO - Sync 1 DAGs
[2022-03-17 16:45:10,792] {logging_mixin.py:109} INFO - [2022-03-17 16:45:10,791] {dag.py:2937} INFO - Setting next_dagrun for example_branch_datetime_operator_2 to 2022-03-16 00:00:00+00:00
[2022-03-17 16:45:10,798] {processor.py:171} INFO - Processing /Users/louisekirkham/Documents/linkedin_learning/Ex_Files_Data_Engineering_Foundations/airflow_env/lib/python3.9/site-packages/airflow/example_dags/example_branch_datetime_operator.py took 0.056 seconds
[2022-03-17 17:07:35,264] {processor.py:163} INFO - Started process (PID=45829) to work on /Users/louisekirkham/Documents/linkedin_learning/Ex_Files_Data_Engineering_Foundations/airflow_env/lib/python3.9/site-packages/airflow/example_dags/example_branch_datetime_operator.py
[2022-03-17 17:07:35,265] {processor.py:642} INFO - Processing file /Users/louisekirkham/Documents/linkedin_learning/Ex_Files_Data_Engineering_Foundations/airflow_env/lib/python3.9/site-packages/airflow/example_dags/example_branch_datetime_operator.py for tasks to queue
[2022-03-17 17:07:35,266] {logging_mixin.py:109} INFO - [2022-03-17 17:07:35,266] {dagbag.py:500} INFO - Filling up the DagBag from /Users/louisekirkham/Documents/linkedin_learning/Ex_Files_Data_Engineering_Foundations/airflow_env/lib/python3.9/site-packages/airflow/example_dags/example_branch_datetime_operator.py
[2022-03-17 17:07:35,294] {processor.py:654} INFO - DAG(s) dict_keys(['example_branch_datetime_operator_2']) retrieved from /Users/louisekirkham/Documents/linkedin_learning/Ex_Files_Data_Engineering_Foundations/airflow_env/lib/python3.9/site-packages/airflow/example_dags/example_branch_datetime_operator.py
[2022-03-17 17:07:35,306] {logging_mixin.py:109} INFO - [2022-03-17 17:07:35,306] {dag.py:2398} INFO - Sync 1 DAGs
[2022-03-17 17:07:35,313] {logging_mixin.py:109} INFO - [2022-03-17 17:07:35,313] {dag.py:2937} INFO - Setting next_dagrun for example_branch_datetime_operator_2 to 2022-03-16 00:00:00+00:00
[2022-03-17 17:07:35,319] {processor.py:171} INFO - Processing /Users/louisekirkham/Documents/linkedin_learning/Ex_Files_Data_Engineering_Foundations/airflow_env/lib/python3.9/site-packages/airflow/example_dags/example_branch_datetime_operator.py took 0.056 seconds
[2022-03-17 17:08:57,379] {processor.py:163} INFO - Started process (PID=45891) to work on /Users/louisekirkham/Documents/linkedin_learning/Ex_Files_Data_Engineering_Foundations/airflow_env/lib/python3.9/site-packages/airflow/example_dags/example_branch_datetime_operator.py
[2022-03-17 17:08:57,380] {processor.py:642} INFO - Processing file /Users/louisekirkham/Documents/linkedin_learning/Ex_Files_Data_Engineering_Foundations/airflow_env/lib/python3.9/site-packages/airflow/example_dags/example_branch_datetime_operator.py for tasks to queue
[2022-03-17 17:08:57,381] {logging_mixin.py:109} INFO - [2022-03-17 17:08:57,381] {dagbag.py:500} INFO - Filling up the DagBag from /Users/louisekirkham/Documents/linkedin_learning/Ex_Files_Data_Engineering_Foundations/airflow_env/lib/python3.9/site-packages/airflow/example_dags/example_branch_datetime_operator.py
[2022-03-17 17:08:57,408] {processor.py:654} INFO - DAG(s) dict_keys(['example_branch_datetime_operator_2']) retrieved from /Users/louisekirkham/Documents/linkedin_learning/Ex_Files_Data_Engineering_Foundations/airflow_env/lib/python3.9/site-packages/airflow/example_dags/example_branch_datetime_operator.py
[2022-03-17 17:08:57,421] {logging_mixin.py:109} INFO - [2022-03-17 17:08:57,421] {dag.py:2398} INFO - Sync 1 DAGs
[2022-03-17 17:08:57,428] {logging_mixin.py:109} INFO - [2022-03-17 17:08:57,428] {dag.py:2937} INFO - Setting next_dagrun for example_branch_datetime_operator_2 to 2022-03-16 00:00:00+00:00
[2022-03-17 17:08:57,433] {processor.py:171} INFO - Processing /Users/louisekirkham/Documents/linkedin_learning/Ex_Files_Data_Engineering_Foundations/airflow_env/lib/python3.9/site-packages/airflow/example_dags/example_branch_datetime_operator.py took 0.055 seconds
[2022-03-17 17:10:23,235] {processor.py:163} INFO - Started process (PID=45961) to work on /Users/louisekirkham/Documents/linkedin_learning/Ex_Files_Data_Engineering_Foundations/airflow_env/lib/python3.9/site-packages/airflow/example_dags/example_branch_datetime_operator.py
[2022-03-17 17:10:23,236] {processor.py:642} INFO - Processing file /Users/louisekirkham/Documents/linkedin_learning/Ex_Files_Data_Engineering_Foundations/airflow_env/lib/python3.9/site-packages/airflow/example_dags/example_branch_datetime_operator.py for tasks to queue
[2022-03-17 17:10:23,237] {logging_mixin.py:109} INFO - [2022-03-17 17:10:23,237] {dagbag.py:500} INFO - Filling up the DagBag from /Users/louisekirkham/Documents/linkedin_learning/Ex_Files_Data_Engineering_Foundations/airflow_env/lib/python3.9/site-packages/airflow/example_dags/example_branch_datetime_operator.py
[2022-03-17 17:10:23,266] {processor.py:654} INFO - DAG(s) dict_keys(['example_branch_datetime_operator_2']) retrieved from /Users/louisekirkham/Documents/linkedin_learning/Ex_Files_Data_Engineering_Foundations/airflow_env/lib/python3.9/site-packages/airflow/example_dags/example_branch_datetime_operator.py
[2022-03-17 17:10:23,280] {logging_mixin.py:109} INFO - [2022-03-17 17:10:23,280] {dag.py:2398} INFO - Sync 1 DAGs
[2022-03-17 17:10:23,288] {logging_mixin.py:109} INFO - [2022-03-17 17:10:23,288] {dag.py:2937} INFO - Setting next_dagrun for example_branch_datetime_operator_2 to 2022-03-16 00:00:00+00:00
[2022-03-17 17:10:23,294] {processor.py:171} INFO - Processing /Users/louisekirkham/Documents/linkedin_learning/Ex_Files_Data_Engineering_Foundations/airflow_env/lib/python3.9/site-packages/airflow/example_dags/example_branch_datetime_operator.py took 0.060 seconds
[2022-03-17 19:12:46,853] {processor.py:163} INFO - Started process (PID=46048) to work on /Users/louisekirkham/Documents/linkedin_learning/Ex_Files_Data_Engineering_Foundations/airflow_env/lib/python3.9/site-packages/airflow/example_dags/example_branch_datetime_operator.py
[2022-03-17 19:12:46,855] {processor.py:642} INFO - Processing file /Users/louisekirkham/Documents/linkedin_learning/Ex_Files_Data_Engineering_Foundations/airflow_env/lib/python3.9/site-packages/airflow/example_dags/example_branch_datetime_operator.py for tasks to queue
[2022-03-17 19:12:46,858] {logging_mixin.py:109} INFO - [2022-03-17 19:12:46,857] {dagbag.py:500} INFO - Filling up the DagBag from /Users/louisekirkham/Documents/linkedin_learning/Ex_Files_Data_Engineering_Foundations/airflow_env/lib/python3.9/site-packages/airflow/example_dags/example_branch_datetime_operator.py
[2022-03-17 19:12:47,068] {processor.py:654} INFO - DAG(s) dict_keys(['example_branch_datetime_operator_2']) retrieved from /Users/louisekirkham/Documents/linkedin_learning/Ex_Files_Data_Engineering_Foundations/airflow_env/lib/python3.9/site-packages/airflow/example_dags/example_branch_datetime_operator.py
[2022-03-17 19:12:47,162] {logging_mixin.py:109} INFO - [2022-03-17 19:12:47,161] {dag.py:2398} INFO - Sync 1 DAGs
[2022-03-17 19:12:47,220] {logging_mixin.py:109} INFO - [2022-03-17 19:12:47,219] {dag.py:2937} INFO - Setting next_dagrun for example_branch_datetime_operator_2 to 2022-03-16 00:00:00+00:00
[2022-03-17 19:12:47,247] {processor.py:171} INFO - Processing /Users/louisekirkham/Documents/linkedin_learning/Ex_Files_Data_Engineering_Foundations/airflow_env/lib/python3.9/site-packages/airflow/example_dags/example_branch_datetime_operator.py took 0.398 seconds
