[2022-03-17 16:02:00,796] {processor.py:163} INFO - Started process (PID=44865) to work on /Users/louisekirkham/Documents/linkedin_learning/Ex_Files_Data_Engineering_Foundations/airflow_env/lib/python3.9/site-packages/airflow/example_dags/tutorial_taskflow_api_etl.py
[2022-03-17 16:02:00,796] {processor.py:642} INFO - Processing file /Users/louisekirkham/Documents/linkedin_learning/Ex_Files_Data_Engineering_Foundations/airflow_env/lib/python3.9/site-packages/airflow/example_dags/tutorial_taskflow_api_etl.py for tasks to queue
[2022-03-17 16:02:00,796] {logging_mixin.py:109} INFO - [2022-03-17 16:02:00,796] {dagbag.py:500} INFO - Filling up the DagBag from /Users/louisekirkham/Documents/linkedin_learning/Ex_Files_Data_Engineering_Foundations/airflow_env/lib/python3.9/site-packages/airflow/example_dags/tutorial_taskflow_api_etl.py
[2022-03-17 16:02:00,834] {processor.py:654} INFO - DAG(s) dict_keys(['tutorial_taskflow_api_etl']) retrieved from /Users/louisekirkham/Documents/linkedin_learning/Ex_Files_Data_Engineering_Foundations/airflow_env/lib/python3.9/site-packages/airflow/example_dags/tutorial_taskflow_api_etl.py
[2022-03-17 16:02:01,003] {logging_mixin.py:109} INFO - [2022-03-17 16:02:01,003] {dag.py:2398} INFO - Sync 1 DAGs
[2022-03-17 16:02:01,012] {logging_mixin.py:109} INFO - [2022-03-17 16:02:01,011] {dag.py:2937} INFO - Setting next_dagrun for tutorial_taskflow_api_etl to None
[2022-03-17 16:02:01,022] {processor.py:171} INFO - Processing /Users/louisekirkham/Documents/linkedin_learning/Ex_Files_Data_Engineering_Foundations/airflow_env/lib/python3.9/site-packages/airflow/example_dags/tutorial_taskflow_api_etl.py took 0.227 seconds
[2022-03-17 16:02:41,848] {processor.py:163} INFO - Started process (PID=44920) to work on /Users/louisekirkham/Documents/linkedin_learning/Ex_Files_Data_Engineering_Foundations/airflow_env/lib/python3.9/site-packages/airflow/example_dags/tutorial_taskflow_api_etl.py
[2022-03-17 16:02:41,848] {processor.py:642} INFO - Processing file /Users/louisekirkham/Documents/linkedin_learning/Ex_Files_Data_Engineering_Foundations/airflow_env/lib/python3.9/site-packages/airflow/example_dags/tutorial_taskflow_api_etl.py for tasks to queue
[2022-03-17 16:02:41,849] {logging_mixin.py:109} INFO - [2022-03-17 16:02:41,849] {dagbag.py:500} INFO - Filling up the DagBag from /Users/louisekirkham/Documents/linkedin_learning/Ex_Files_Data_Engineering_Foundations/airflow_env/lib/python3.9/site-packages/airflow/example_dags/tutorial_taskflow_api_etl.py
[2022-03-17 16:02:41,885] {processor.py:654} INFO - DAG(s) dict_keys(['tutorial_taskflow_api_etl']) retrieved from /Users/louisekirkham/Documents/linkedin_learning/Ex_Files_Data_Engineering_Foundations/airflow_env/lib/python3.9/site-packages/airflow/example_dags/tutorial_taskflow_api_etl.py
[2022-03-17 16:02:42,059] {logging_mixin.py:109} INFO - [2022-03-17 16:02:42,059] {dag.py:2398} INFO - Sync 1 DAGs
[2022-03-17 16:02:42,111] {logging_mixin.py:109} INFO - [2022-03-17 16:02:42,111] {dag.py:2937} INFO - Setting next_dagrun for tutorial_taskflow_api_etl to None
[2022-03-17 16:02:42,169] {processor.py:171} INFO - Processing /Users/louisekirkham/Documents/linkedin_learning/Ex_Files_Data_Engineering_Foundations/airflow_env/lib/python3.9/site-packages/airflow/example_dags/tutorial_taskflow_api_etl.py took 0.322 seconds
[2022-03-17 16:03:59,457] {processor.py:163} INFO - Started process (PID=45009) to work on /Users/louisekirkham/Documents/linkedin_learning/Ex_Files_Data_Engineering_Foundations/airflow_env/lib/python3.9/site-packages/airflow/example_dags/tutorial_taskflow_api_etl.py
[2022-03-17 16:03:59,458] {processor.py:642} INFO - Processing file /Users/louisekirkham/Documents/linkedin_learning/Ex_Files_Data_Engineering_Foundations/airflow_env/lib/python3.9/site-packages/airflow/example_dags/tutorial_taskflow_api_etl.py for tasks to queue
[2022-03-17 16:03:59,459] {logging_mixin.py:109} INFO - [2022-03-17 16:03:59,459] {dagbag.py:500} INFO - Filling up the DagBag from /Users/louisekirkham/Documents/linkedin_learning/Ex_Files_Data_Engineering_Foundations/airflow_env/lib/python3.9/site-packages/airflow/example_dags/tutorial_taskflow_api_etl.py
[2022-03-17 16:03:59,496] {processor.py:654} INFO - DAG(s) dict_keys(['tutorial_taskflow_api_etl']) retrieved from /Users/louisekirkham/Documents/linkedin_learning/Ex_Files_Data_Engineering_Foundations/airflow_env/lib/python3.9/site-packages/airflow/example_dags/tutorial_taskflow_api_etl.py
[2022-03-17 16:03:59,648] {logging_mixin.py:109} INFO - [2022-03-17 16:03:59,648] {dag.py:2398} INFO - Sync 1 DAGs
[2022-03-17 16:03:59,654] {logging_mixin.py:109} INFO - [2022-03-17 16:03:59,654] {dag.py:2937} INFO - Setting next_dagrun for tutorial_taskflow_api_etl to None
[2022-03-17 16:03:59,662] {processor.py:171} INFO - Processing /Users/louisekirkham/Documents/linkedin_learning/Ex_Files_Data_Engineering_Foundations/airflow_env/lib/python3.9/site-packages/airflow/example_dags/tutorial_taskflow_api_etl.py took 0.206 seconds
[2022-03-17 16:35:07,518] {processor.py:163} INFO - Started process (PID=45130) to work on /Users/louisekirkham/Documents/linkedin_learning/Ex_Files_Data_Engineering_Foundations/airflow_env/lib/python3.9/site-packages/airflow/example_dags/tutorial_taskflow_api_etl.py
[2022-03-17 16:35:07,519] {processor.py:642} INFO - Processing file /Users/louisekirkham/Documents/linkedin_learning/Ex_Files_Data_Engineering_Foundations/airflow_env/lib/python3.9/site-packages/airflow/example_dags/tutorial_taskflow_api_etl.py for tasks to queue
[2022-03-17 16:35:07,519] {logging_mixin.py:109} INFO - [2022-03-17 16:35:07,519] {dagbag.py:500} INFO - Filling up the DagBag from /Users/louisekirkham/Documents/linkedin_learning/Ex_Files_Data_Engineering_Foundations/airflow_env/lib/python3.9/site-packages/airflow/example_dags/tutorial_taskflow_api_etl.py
[2022-03-17 16:35:07,558] {processor.py:654} INFO - DAG(s) dict_keys(['tutorial_taskflow_api_etl']) retrieved from /Users/louisekirkham/Documents/linkedin_learning/Ex_Files_Data_Engineering_Foundations/airflow_env/lib/python3.9/site-packages/airflow/example_dags/tutorial_taskflow_api_etl.py
[2022-03-17 16:35:07,719] {logging_mixin.py:109} INFO - [2022-03-17 16:35:07,719] {dag.py:2398} INFO - Sync 1 DAGs
[2022-03-17 16:35:07,726] {logging_mixin.py:109} INFO - [2022-03-17 16:35:07,726] {dag.py:2937} INFO - Setting next_dagrun for tutorial_taskflow_api_etl to None
[2022-03-17 16:35:07,734] {processor.py:171} INFO - Processing /Users/louisekirkham/Documents/linkedin_learning/Ex_Files_Data_Engineering_Foundations/airflow_env/lib/python3.9/site-packages/airflow/example_dags/tutorial_taskflow_api_etl.py took 0.217 seconds
[2022-03-17 16:35:55,843] {processor.py:163} INFO - Started process (PID=45191) to work on /Users/louisekirkham/Documents/linkedin_learning/Ex_Files_Data_Engineering_Foundations/airflow_env/lib/python3.9/site-packages/airflow/example_dags/tutorial_taskflow_api_etl.py
[2022-03-17 16:35:55,844] {processor.py:642} INFO - Processing file /Users/louisekirkham/Documents/linkedin_learning/Ex_Files_Data_Engineering_Foundations/airflow_env/lib/python3.9/site-packages/airflow/example_dags/tutorial_taskflow_api_etl.py for tasks to queue
[2022-03-17 16:35:55,844] {logging_mixin.py:109} INFO - [2022-03-17 16:35:55,844] {dagbag.py:500} INFO - Filling up the DagBag from /Users/louisekirkham/Documents/linkedin_learning/Ex_Files_Data_Engineering_Foundations/airflow_env/lib/python3.9/site-packages/airflow/example_dags/tutorial_taskflow_api_etl.py
[2022-03-17 16:35:55,881] {processor.py:654} INFO - DAG(s) dict_keys(['tutorial_taskflow_api_etl']) retrieved from /Users/louisekirkham/Documents/linkedin_learning/Ex_Files_Data_Engineering_Foundations/airflow_env/lib/python3.9/site-packages/airflow/example_dags/tutorial_taskflow_api_etl.py
[2022-03-17 16:35:56,049] {logging_mixin.py:109} INFO - [2022-03-17 16:35:56,049] {dag.py:2398} INFO - Sync 1 DAGs
[2022-03-17 16:35:56,055] {logging_mixin.py:109} INFO - [2022-03-17 16:35:56,055] {dag.py:2937} INFO - Setting next_dagrun for tutorial_taskflow_api_etl to None
[2022-03-17 16:35:56,063] {processor.py:171} INFO - Processing /Users/louisekirkham/Documents/linkedin_learning/Ex_Files_Data_Engineering_Foundations/airflow_env/lib/python3.9/site-packages/airflow/example_dags/tutorial_taskflow_api_etl.py took 0.221 seconds
[2022-03-17 16:36:40,720] {processor.py:163} INFO - Started process (PID=45217) to work on /Users/louisekirkham/Documents/linkedin_learning/Ex_Files_Data_Engineering_Foundations/airflow_env/lib/python3.9/site-packages/airflow/example_dags/tutorial_taskflow_api_etl.py
[2022-03-17 16:36:40,720] {processor.py:642} INFO - Processing file /Users/louisekirkham/Documents/linkedin_learning/Ex_Files_Data_Engineering_Foundations/airflow_env/lib/python3.9/site-packages/airflow/example_dags/tutorial_taskflow_api_etl.py for tasks to queue
[2022-03-17 16:36:40,720] {logging_mixin.py:109} INFO - [2022-03-17 16:36:40,720] {dagbag.py:500} INFO - Filling up the DagBag from /Users/louisekirkham/Documents/linkedin_learning/Ex_Files_Data_Engineering_Foundations/airflow_env/lib/python3.9/site-packages/airflow/example_dags/tutorial_taskflow_api_etl.py
[2022-03-17 16:36:40,762] {processor.py:654} INFO - DAG(s) dict_keys(['tutorial_taskflow_api_etl']) retrieved from /Users/louisekirkham/Documents/linkedin_learning/Ex_Files_Data_Engineering_Foundations/airflow_env/lib/python3.9/site-packages/airflow/example_dags/tutorial_taskflow_api_etl.py
[2022-03-17 16:36:40,935] {logging_mixin.py:109} INFO - [2022-03-17 16:36:40,935] {dag.py:2398} INFO - Sync 1 DAGs
[2022-03-17 16:36:40,942] {logging_mixin.py:109} INFO - [2022-03-17 16:36:40,942] {dag.py:2937} INFO - Setting next_dagrun for tutorial_taskflow_api_etl to None
[2022-03-17 16:36:40,952] {processor.py:171} INFO - Processing /Users/louisekirkham/Documents/linkedin_learning/Ex_Files_Data_Engineering_Foundations/airflow_env/lib/python3.9/site-packages/airflow/example_dags/tutorial_taskflow_api_etl.py took 0.233 seconds
[2022-03-17 16:37:21,199] {processor.py:163} INFO - Started process (PID=45261) to work on /Users/louisekirkham/Documents/linkedin_learning/Ex_Files_Data_Engineering_Foundations/airflow_env/lib/python3.9/site-packages/airflow/example_dags/tutorial_taskflow_api_etl.py
[2022-03-17 16:37:21,199] {processor.py:642} INFO - Processing file /Users/louisekirkham/Documents/linkedin_learning/Ex_Files_Data_Engineering_Foundations/airflow_env/lib/python3.9/site-packages/airflow/example_dags/tutorial_taskflow_api_etl.py for tasks to queue
[2022-03-17 16:37:21,200] {logging_mixin.py:109} INFO - [2022-03-17 16:37:21,200] {dagbag.py:500} INFO - Filling up the DagBag from /Users/louisekirkham/Documents/linkedin_learning/Ex_Files_Data_Engineering_Foundations/airflow_env/lib/python3.9/site-packages/airflow/example_dags/tutorial_taskflow_api_etl.py
[2022-03-17 16:37:21,236] {processor.py:654} INFO - DAG(s) dict_keys(['tutorial_taskflow_api_etl']) retrieved from /Users/louisekirkham/Documents/linkedin_learning/Ex_Files_Data_Engineering_Foundations/airflow_env/lib/python3.9/site-packages/airflow/example_dags/tutorial_taskflow_api_etl.py
[2022-03-17 16:37:21,410] {logging_mixin.py:109} INFO - [2022-03-17 16:37:21,410] {dag.py:2398} INFO - Sync 1 DAGs
[2022-03-17 16:37:21,419] {logging_mixin.py:109} INFO - [2022-03-17 16:37:21,419] {dag.py:2937} INFO - Setting next_dagrun for tutorial_taskflow_api_etl to None
[2022-03-17 16:37:21,429] {processor.py:171} INFO - Processing /Users/louisekirkham/Documents/linkedin_learning/Ex_Files_Data_Engineering_Foundations/airflow_env/lib/python3.9/site-packages/airflow/example_dags/tutorial_taskflow_api_etl.py took 0.230 seconds
[2022-03-17 16:38:00,856] {processor.py:163} INFO - Started process (PID=45289) to work on /Users/louisekirkham/Documents/linkedin_learning/Ex_Files_Data_Engineering_Foundations/airflow_env/lib/python3.9/site-packages/airflow/example_dags/tutorial_taskflow_api_etl.py
[2022-03-17 16:38:00,856] {processor.py:642} INFO - Processing file /Users/louisekirkham/Documents/linkedin_learning/Ex_Files_Data_Engineering_Foundations/airflow_env/lib/python3.9/site-packages/airflow/example_dags/tutorial_taskflow_api_etl.py for tasks to queue
[2022-03-17 16:38:00,856] {logging_mixin.py:109} INFO - [2022-03-17 16:38:00,856] {dagbag.py:500} INFO - Filling up the DagBag from /Users/louisekirkham/Documents/linkedin_learning/Ex_Files_Data_Engineering_Foundations/airflow_env/lib/python3.9/site-packages/airflow/example_dags/tutorial_taskflow_api_etl.py
[2022-03-17 16:38:00,898] {processor.py:654} INFO - DAG(s) dict_keys(['tutorial_taskflow_api_etl']) retrieved from /Users/louisekirkham/Documents/linkedin_learning/Ex_Files_Data_Engineering_Foundations/airflow_env/lib/python3.9/site-packages/airflow/example_dags/tutorial_taskflow_api_etl.py
[2022-03-17 16:38:01,062] {logging_mixin.py:109} INFO - [2022-03-17 16:38:01,061] {dag.py:2398} INFO - Sync 1 DAGs
[2022-03-17 16:38:01,069] {logging_mixin.py:109} INFO - [2022-03-17 16:38:01,069] {dag.py:2937} INFO - Setting next_dagrun for tutorial_taskflow_api_etl to None
[2022-03-17 16:38:01,077] {processor.py:171} INFO - Processing /Users/louisekirkham/Documents/linkedin_learning/Ex_Files_Data_Engineering_Foundations/airflow_env/lib/python3.9/site-packages/airflow/example_dags/tutorial_taskflow_api_etl.py took 0.222 seconds
[2022-03-17 16:38:41,825] {processor.py:163} INFO - Started process (PID=45332) to work on /Users/louisekirkham/Documents/linkedin_learning/Ex_Files_Data_Engineering_Foundations/airflow_env/lib/python3.9/site-packages/airflow/example_dags/tutorial_taskflow_api_etl.py
[2022-03-17 16:38:41,825] {processor.py:642} INFO - Processing file /Users/louisekirkham/Documents/linkedin_learning/Ex_Files_Data_Engineering_Foundations/airflow_env/lib/python3.9/site-packages/airflow/example_dags/tutorial_taskflow_api_etl.py for tasks to queue
[2022-03-17 16:38:41,825] {logging_mixin.py:109} INFO - [2022-03-17 16:38:41,825] {dagbag.py:500} INFO - Filling up the DagBag from /Users/louisekirkham/Documents/linkedin_learning/Ex_Files_Data_Engineering_Foundations/airflow_env/lib/python3.9/site-packages/airflow/example_dags/tutorial_taskflow_api_etl.py
[2022-03-17 16:38:41,863] {processor.py:654} INFO - DAG(s) dict_keys(['tutorial_taskflow_api_etl']) retrieved from /Users/louisekirkham/Documents/linkedin_learning/Ex_Files_Data_Engineering_Foundations/airflow_env/lib/python3.9/site-packages/airflow/example_dags/tutorial_taskflow_api_etl.py
[2022-03-17 16:38:42,032] {logging_mixin.py:109} INFO - [2022-03-17 16:38:42,032] {dag.py:2398} INFO - Sync 1 DAGs
[2022-03-17 16:38:42,039] {logging_mixin.py:109} INFO - [2022-03-17 16:38:42,039] {dag.py:2937} INFO - Setting next_dagrun for tutorial_taskflow_api_etl to None
[2022-03-17 16:38:42,047] {processor.py:171} INFO - Processing /Users/louisekirkham/Documents/linkedin_learning/Ex_Files_Data_Engineering_Foundations/airflow_env/lib/python3.9/site-packages/airflow/example_dags/tutorial_taskflow_api_etl.py took 0.223 seconds
[2022-03-17 16:39:22,197] {processor.py:163} INFO - Started process (PID=45356) to work on /Users/louisekirkham/Documents/linkedin_learning/Ex_Files_Data_Engineering_Foundations/airflow_env/lib/python3.9/site-packages/airflow/example_dags/tutorial_taskflow_api_etl.py
[2022-03-17 16:39:22,198] {processor.py:642} INFO - Processing file /Users/louisekirkham/Documents/linkedin_learning/Ex_Files_Data_Engineering_Foundations/airflow_env/lib/python3.9/site-packages/airflow/example_dags/tutorial_taskflow_api_etl.py for tasks to queue
[2022-03-17 16:39:22,198] {logging_mixin.py:109} INFO - [2022-03-17 16:39:22,198] {dagbag.py:500} INFO - Filling up the DagBag from /Users/louisekirkham/Documents/linkedin_learning/Ex_Files_Data_Engineering_Foundations/airflow_env/lib/python3.9/site-packages/airflow/example_dags/tutorial_taskflow_api_etl.py
[2022-03-17 16:39:22,237] {processor.py:654} INFO - DAG(s) dict_keys(['tutorial_taskflow_api_etl']) retrieved from /Users/louisekirkham/Documents/linkedin_learning/Ex_Files_Data_Engineering_Foundations/airflow_env/lib/python3.9/site-packages/airflow/example_dags/tutorial_taskflow_api_etl.py
[2022-03-17 16:39:22,406] {logging_mixin.py:109} INFO - [2022-03-17 16:39:22,406] {dag.py:2398} INFO - Sync 1 DAGs
[2022-03-17 16:39:22,413] {logging_mixin.py:109} INFO - [2022-03-17 16:39:22,413] {dag.py:2937} INFO - Setting next_dagrun for tutorial_taskflow_api_etl to None
[2022-03-17 16:39:22,421] {processor.py:171} INFO - Processing /Users/louisekirkham/Documents/linkedin_learning/Ex_Files_Data_Engineering_Foundations/airflow_env/lib/python3.9/site-packages/airflow/example_dags/tutorial_taskflow_api_etl.py took 0.224 seconds
[2022-03-17 16:40:02,204] {processor.py:163} INFO - Started process (PID=45395) to work on /Users/louisekirkham/Documents/linkedin_learning/Ex_Files_Data_Engineering_Foundations/airflow_env/lib/python3.9/site-packages/airflow/example_dags/tutorial_taskflow_api_etl.py
[2022-03-17 16:40:02,205] {processor.py:642} INFO - Processing file /Users/louisekirkham/Documents/linkedin_learning/Ex_Files_Data_Engineering_Foundations/airflow_env/lib/python3.9/site-packages/airflow/example_dags/tutorial_taskflow_api_etl.py for tasks to queue
[2022-03-17 16:40:02,205] {logging_mixin.py:109} INFO - [2022-03-17 16:40:02,205] {dagbag.py:500} INFO - Filling up the DagBag from /Users/louisekirkham/Documents/linkedin_learning/Ex_Files_Data_Engineering_Foundations/airflow_env/lib/python3.9/site-packages/airflow/example_dags/tutorial_taskflow_api_etl.py
[2022-03-17 16:40:02,243] {processor.py:654} INFO - DAG(s) dict_keys(['tutorial_taskflow_api_etl']) retrieved from /Users/louisekirkham/Documents/linkedin_learning/Ex_Files_Data_Engineering_Foundations/airflow_env/lib/python3.9/site-packages/airflow/example_dags/tutorial_taskflow_api_etl.py
[2022-03-17 16:40:02,414] {logging_mixin.py:109} INFO - [2022-03-17 16:40:02,414] {dag.py:2398} INFO - Sync 1 DAGs
[2022-03-17 16:40:02,421] {logging_mixin.py:109} INFO - [2022-03-17 16:40:02,420] {dag.py:2937} INFO - Setting next_dagrun for tutorial_taskflow_api_etl to None
[2022-03-17 16:40:02,431] {processor.py:171} INFO - Processing /Users/louisekirkham/Documents/linkedin_learning/Ex_Files_Data_Engineering_Foundations/airflow_env/lib/python3.9/site-packages/airflow/example_dags/tutorial_taskflow_api_etl.py took 0.227 seconds
[2022-03-17 16:40:42,689] {processor.py:163} INFO - Started process (PID=45415) to work on /Users/louisekirkham/Documents/linkedin_learning/Ex_Files_Data_Engineering_Foundations/airflow_env/lib/python3.9/site-packages/airflow/example_dags/tutorial_taskflow_api_etl.py
[2022-03-17 16:40:42,689] {processor.py:642} INFO - Processing file /Users/louisekirkham/Documents/linkedin_learning/Ex_Files_Data_Engineering_Foundations/airflow_env/lib/python3.9/site-packages/airflow/example_dags/tutorial_taskflow_api_etl.py for tasks to queue
[2022-03-17 16:40:42,690] {logging_mixin.py:109} INFO - [2022-03-17 16:40:42,690] {dagbag.py:500} INFO - Filling up the DagBag from /Users/louisekirkham/Documents/linkedin_learning/Ex_Files_Data_Engineering_Foundations/airflow_env/lib/python3.9/site-packages/airflow/example_dags/tutorial_taskflow_api_etl.py
[2022-03-17 16:40:42,726] {processor.py:654} INFO - DAG(s) dict_keys(['tutorial_taskflow_api_etl']) retrieved from /Users/louisekirkham/Documents/linkedin_learning/Ex_Files_Data_Engineering_Foundations/airflow_env/lib/python3.9/site-packages/airflow/example_dags/tutorial_taskflow_api_etl.py
[2022-03-17 16:40:42,884] {logging_mixin.py:109} INFO - [2022-03-17 16:40:42,884] {dag.py:2398} INFO - Sync 1 DAGs
[2022-03-17 16:40:42,891] {logging_mixin.py:109} INFO - [2022-03-17 16:40:42,891] {dag.py:2937} INFO - Setting next_dagrun for tutorial_taskflow_api_etl to None
[2022-03-17 16:40:42,899] {processor.py:171} INFO - Processing /Users/louisekirkham/Documents/linkedin_learning/Ex_Files_Data_Engineering_Foundations/airflow_env/lib/python3.9/site-packages/airflow/example_dags/tutorial_taskflow_api_etl.py took 0.211 seconds
[2022-03-17 16:41:22,644] {processor.py:163} INFO - Started process (PID=45453) to work on /Users/louisekirkham/Documents/linkedin_learning/Ex_Files_Data_Engineering_Foundations/airflow_env/lib/python3.9/site-packages/airflow/example_dags/tutorial_taskflow_api_etl.py
[2022-03-17 16:41:22,644] {processor.py:642} INFO - Processing file /Users/louisekirkham/Documents/linkedin_learning/Ex_Files_Data_Engineering_Foundations/airflow_env/lib/python3.9/site-packages/airflow/example_dags/tutorial_taskflow_api_etl.py for tasks to queue
[2022-03-17 16:41:22,645] {logging_mixin.py:109} INFO - [2022-03-17 16:41:22,645] {dagbag.py:500} INFO - Filling up the DagBag from /Users/louisekirkham/Documents/linkedin_learning/Ex_Files_Data_Engineering_Foundations/airflow_env/lib/python3.9/site-packages/airflow/example_dags/tutorial_taskflow_api_etl.py
[2022-03-17 16:41:22,681] {processor.py:654} INFO - DAG(s) dict_keys(['tutorial_taskflow_api_etl']) retrieved from /Users/louisekirkham/Documents/linkedin_learning/Ex_Files_Data_Engineering_Foundations/airflow_env/lib/python3.9/site-packages/airflow/example_dags/tutorial_taskflow_api_etl.py
[2022-03-17 16:41:22,832] {logging_mixin.py:109} INFO - [2022-03-17 16:41:22,832] {dag.py:2398} INFO - Sync 1 DAGs
[2022-03-17 16:41:22,839] {logging_mixin.py:109} INFO - [2022-03-17 16:41:22,839] {dag.py:2937} INFO - Setting next_dagrun for tutorial_taskflow_api_etl to None
[2022-03-17 16:41:22,847] {processor.py:171} INFO - Processing /Users/louisekirkham/Documents/linkedin_learning/Ex_Files_Data_Engineering_Foundations/airflow_env/lib/python3.9/site-packages/airflow/example_dags/tutorial_taskflow_api_etl.py took 0.203 seconds
[2022-03-17 16:42:03,252] {processor.py:163} INFO - Started process (PID=45473) to work on /Users/louisekirkham/Documents/linkedin_learning/Ex_Files_Data_Engineering_Foundations/airflow_env/lib/python3.9/site-packages/airflow/example_dags/tutorial_taskflow_api_etl.py
[2022-03-17 16:42:03,252] {processor.py:642} INFO - Processing file /Users/louisekirkham/Documents/linkedin_learning/Ex_Files_Data_Engineering_Foundations/airflow_env/lib/python3.9/site-packages/airflow/example_dags/tutorial_taskflow_api_etl.py for tasks to queue
[2022-03-17 16:42:03,252] {logging_mixin.py:109} INFO - [2022-03-17 16:42:03,252] {dagbag.py:500} INFO - Filling up the DagBag from /Users/louisekirkham/Documents/linkedin_learning/Ex_Files_Data_Engineering_Foundations/airflow_env/lib/python3.9/site-packages/airflow/example_dags/tutorial_taskflow_api_etl.py
[2022-03-17 16:42:03,292] {processor.py:654} INFO - DAG(s) dict_keys(['tutorial_taskflow_api_etl']) retrieved from /Users/louisekirkham/Documents/linkedin_learning/Ex_Files_Data_Engineering_Foundations/airflow_env/lib/python3.9/site-packages/airflow/example_dags/tutorial_taskflow_api_etl.py
[2022-03-17 16:42:03,457] {logging_mixin.py:109} INFO - [2022-03-17 16:42:03,456] {dag.py:2398} INFO - Sync 1 DAGs
[2022-03-17 16:42:03,464] {logging_mixin.py:109} INFO - [2022-03-17 16:42:03,464] {dag.py:2937} INFO - Setting next_dagrun for tutorial_taskflow_api_etl to None
[2022-03-17 16:42:03,472] {processor.py:171} INFO - Processing /Users/louisekirkham/Documents/linkedin_learning/Ex_Files_Data_Engineering_Foundations/airflow_env/lib/python3.9/site-packages/airflow/example_dags/tutorial_taskflow_api_etl.py took 0.221 seconds
[2022-03-17 16:42:44,882] {processor.py:163} INFO - Started process (PID=45526) to work on /Users/louisekirkham/Documents/linkedin_learning/Ex_Files_Data_Engineering_Foundations/airflow_env/lib/python3.9/site-packages/airflow/example_dags/tutorial_taskflow_api_etl.py
[2022-03-17 16:42:44,882] {processor.py:642} INFO - Processing file /Users/louisekirkham/Documents/linkedin_learning/Ex_Files_Data_Engineering_Foundations/airflow_env/lib/python3.9/site-packages/airflow/example_dags/tutorial_taskflow_api_etl.py for tasks to queue
[2022-03-17 16:42:44,883] {logging_mixin.py:109} INFO - [2022-03-17 16:42:44,883] {dagbag.py:500} INFO - Filling up the DagBag from /Users/louisekirkham/Documents/linkedin_learning/Ex_Files_Data_Engineering_Foundations/airflow_env/lib/python3.9/site-packages/airflow/example_dags/tutorial_taskflow_api_etl.py
[2022-03-17 16:42:44,921] {processor.py:654} INFO - DAG(s) dict_keys(['tutorial_taskflow_api_etl']) retrieved from /Users/louisekirkham/Documents/linkedin_learning/Ex_Files_Data_Engineering_Foundations/airflow_env/lib/python3.9/site-packages/airflow/example_dags/tutorial_taskflow_api_etl.py
[2022-03-17 16:42:45,096] {logging_mixin.py:109} INFO - [2022-03-17 16:42:45,096] {dag.py:2398} INFO - Sync 1 DAGs
[2022-03-17 16:42:45,104] {logging_mixin.py:109} INFO - [2022-03-17 16:42:45,104] {dag.py:2937} INFO - Setting next_dagrun for tutorial_taskflow_api_etl to None
[2022-03-17 16:42:45,114] {processor.py:171} INFO - Processing /Users/louisekirkham/Documents/linkedin_learning/Ex_Files_Data_Engineering_Foundations/airflow_env/lib/python3.9/site-packages/airflow/example_dags/tutorial_taskflow_api_etl.py took 0.233 seconds
[2022-03-17 16:43:25,558] {processor.py:163} INFO - Started process (PID=45569) to work on /Users/louisekirkham/Documents/linkedin_learning/Ex_Files_Data_Engineering_Foundations/airflow_env/lib/python3.9/site-packages/airflow/example_dags/tutorial_taskflow_api_etl.py
[2022-03-17 16:43:25,558] {processor.py:642} INFO - Processing file /Users/louisekirkham/Documents/linkedin_learning/Ex_Files_Data_Engineering_Foundations/airflow_env/lib/python3.9/site-packages/airflow/example_dags/tutorial_taskflow_api_etl.py for tasks to queue
[2022-03-17 16:43:25,559] {logging_mixin.py:109} INFO - [2022-03-17 16:43:25,559] {dagbag.py:500} INFO - Filling up the DagBag from /Users/louisekirkham/Documents/linkedin_learning/Ex_Files_Data_Engineering_Foundations/airflow_env/lib/python3.9/site-packages/airflow/example_dags/tutorial_taskflow_api_etl.py
[2022-03-17 16:43:25,605] {processor.py:654} INFO - DAG(s) dict_keys(['tutorial_taskflow_api_etl']) retrieved from /Users/louisekirkham/Documents/linkedin_learning/Ex_Files_Data_Engineering_Foundations/airflow_env/lib/python3.9/site-packages/airflow/example_dags/tutorial_taskflow_api_etl.py
[2022-03-17 16:43:25,778] {logging_mixin.py:109} INFO - [2022-03-17 16:43:25,778] {dag.py:2398} INFO - Sync 1 DAGs
[2022-03-17 16:43:25,785] {logging_mixin.py:109} INFO - [2022-03-17 16:43:25,785] {dag.py:2937} INFO - Setting next_dagrun for tutorial_taskflow_api_etl to None
[2022-03-17 16:43:25,793] {processor.py:171} INFO - Processing /Users/louisekirkham/Documents/linkedin_learning/Ex_Files_Data_Engineering_Foundations/airflow_env/lib/python3.9/site-packages/airflow/example_dags/tutorial_taskflow_api_etl.py took 0.236 seconds
[2022-03-17 16:44:06,215] {processor.py:163} INFO - Started process (PID=45608) to work on /Users/louisekirkham/Documents/linkedin_learning/Ex_Files_Data_Engineering_Foundations/airflow_env/lib/python3.9/site-packages/airflow/example_dags/tutorial_taskflow_api_etl.py
[2022-03-17 16:44:06,216] {processor.py:642} INFO - Processing file /Users/louisekirkham/Documents/linkedin_learning/Ex_Files_Data_Engineering_Foundations/airflow_env/lib/python3.9/site-packages/airflow/example_dags/tutorial_taskflow_api_etl.py for tasks to queue
[2022-03-17 16:44:06,216] {logging_mixin.py:109} INFO - [2022-03-17 16:44:06,216] {dagbag.py:500} INFO - Filling up the DagBag from /Users/louisekirkham/Documents/linkedin_learning/Ex_Files_Data_Engineering_Foundations/airflow_env/lib/python3.9/site-packages/airflow/example_dags/tutorial_taskflow_api_etl.py
[2022-03-17 16:44:06,254] {processor.py:654} INFO - DAG(s) dict_keys(['tutorial_taskflow_api_etl']) retrieved from /Users/louisekirkham/Documents/linkedin_learning/Ex_Files_Data_Engineering_Foundations/airflow_env/lib/python3.9/site-packages/airflow/example_dags/tutorial_taskflow_api_etl.py
[2022-03-17 16:44:06,423] {logging_mixin.py:109} INFO - [2022-03-17 16:44:06,423] {dag.py:2398} INFO - Sync 1 DAGs
[2022-03-17 16:44:06,431] {logging_mixin.py:109} INFO - [2022-03-17 16:44:06,431] {dag.py:2937} INFO - Setting next_dagrun for tutorial_taskflow_api_etl to None
[2022-03-17 16:44:06,440] {processor.py:171} INFO - Processing /Users/louisekirkham/Documents/linkedin_learning/Ex_Files_Data_Engineering_Foundations/airflow_env/lib/python3.9/site-packages/airflow/example_dags/tutorial_taskflow_api_etl.py took 0.225 seconds
[2022-03-17 16:44:46,570] {processor.py:163} INFO - Started process (PID=45639) to work on /Users/louisekirkham/Documents/linkedin_learning/Ex_Files_Data_Engineering_Foundations/airflow_env/lib/python3.9/site-packages/airflow/example_dags/tutorial_taskflow_api_etl.py
[2022-03-17 16:44:46,570] {processor.py:642} INFO - Processing file /Users/louisekirkham/Documents/linkedin_learning/Ex_Files_Data_Engineering_Foundations/airflow_env/lib/python3.9/site-packages/airflow/example_dags/tutorial_taskflow_api_etl.py for tasks to queue
[2022-03-17 16:44:46,571] {logging_mixin.py:109} INFO - [2022-03-17 16:44:46,571] {dagbag.py:500} INFO - Filling up the DagBag from /Users/louisekirkham/Documents/linkedin_learning/Ex_Files_Data_Engineering_Foundations/airflow_env/lib/python3.9/site-packages/airflow/example_dags/tutorial_taskflow_api_etl.py
[2022-03-17 16:44:46,611] {processor.py:654} INFO - DAG(s) dict_keys(['tutorial_taskflow_api_etl']) retrieved from /Users/louisekirkham/Documents/linkedin_learning/Ex_Files_Data_Engineering_Foundations/airflow_env/lib/python3.9/site-packages/airflow/example_dags/tutorial_taskflow_api_etl.py
[2022-03-17 16:44:46,786] {logging_mixin.py:109} INFO - [2022-03-17 16:44:46,786] {dag.py:2398} INFO - Sync 1 DAGs
[2022-03-17 16:44:46,794] {logging_mixin.py:109} INFO - [2022-03-17 16:44:46,794] {dag.py:2937} INFO - Setting next_dagrun for tutorial_taskflow_api_etl to None
[2022-03-17 16:44:46,802] {processor.py:171} INFO - Processing /Users/louisekirkham/Documents/linkedin_learning/Ex_Files_Data_Engineering_Foundations/airflow_env/lib/python3.9/site-packages/airflow/example_dags/tutorial_taskflow_api_etl.py took 0.232 seconds
[2022-03-17 16:45:26,975] {processor.py:163} INFO - Started process (PID=45680) to work on /Users/louisekirkham/Documents/linkedin_learning/Ex_Files_Data_Engineering_Foundations/airflow_env/lib/python3.9/site-packages/airflow/example_dags/tutorial_taskflow_api_etl.py
[2022-03-17 16:45:26,976] {processor.py:642} INFO - Processing file /Users/louisekirkham/Documents/linkedin_learning/Ex_Files_Data_Engineering_Foundations/airflow_env/lib/python3.9/site-packages/airflow/example_dags/tutorial_taskflow_api_etl.py for tasks to queue
[2022-03-17 16:45:26,976] {logging_mixin.py:109} INFO - [2022-03-17 16:45:26,976] {dagbag.py:500} INFO - Filling up the DagBag from /Users/louisekirkham/Documents/linkedin_learning/Ex_Files_Data_Engineering_Foundations/airflow_env/lib/python3.9/site-packages/airflow/example_dags/tutorial_taskflow_api_etl.py
[2022-03-17 16:45:27,016] {processor.py:654} INFO - DAG(s) dict_keys(['tutorial_taskflow_api_etl']) retrieved from /Users/louisekirkham/Documents/linkedin_learning/Ex_Files_Data_Engineering_Foundations/airflow_env/lib/python3.9/site-packages/airflow/example_dags/tutorial_taskflow_api_etl.py
[2022-03-17 16:45:27,186] {logging_mixin.py:109} INFO - [2022-03-17 16:45:27,186] {dag.py:2398} INFO - Sync 1 DAGs
[2022-03-17 16:45:27,194] {logging_mixin.py:109} INFO - [2022-03-17 16:45:27,194] {dag.py:2937} INFO - Setting next_dagrun for tutorial_taskflow_api_etl to None
[2022-03-17 16:45:27,202] {processor.py:171} INFO - Processing /Users/louisekirkham/Documents/linkedin_learning/Ex_Files_Data_Engineering_Foundations/airflow_env/lib/python3.9/site-packages/airflow/example_dags/tutorial_taskflow_api_etl.py took 0.228 seconds
[2022-03-17 17:06:59,352] {processor.py:163} INFO - Started process (PID=45808) to work on /Users/louisekirkham/Documents/linkedin_learning/Ex_Files_Data_Engineering_Foundations/airflow_env/lib/python3.9/site-packages/airflow/example_dags/tutorial_taskflow_api_etl.py
[2022-03-17 17:06:59,354] {processor.py:642} INFO - Processing file /Users/louisekirkham/Documents/linkedin_learning/Ex_Files_Data_Engineering_Foundations/airflow_env/lib/python3.9/site-packages/airflow/example_dags/tutorial_taskflow_api_etl.py for tasks to queue
[2022-03-17 17:06:59,354] {logging_mixin.py:109} INFO - [2022-03-17 17:06:59,354] {dagbag.py:500} INFO - Filling up the DagBag from /Users/louisekirkham/Documents/linkedin_learning/Ex_Files_Data_Engineering_Foundations/airflow_env/lib/python3.9/site-packages/airflow/example_dags/tutorial_taskflow_api_etl.py
[2022-03-17 17:06:59,400] {processor.py:654} INFO - DAG(s) dict_keys(['tutorial_taskflow_api_etl']) retrieved from /Users/louisekirkham/Documents/linkedin_learning/Ex_Files_Data_Engineering_Foundations/airflow_env/lib/python3.9/site-packages/airflow/example_dags/tutorial_taskflow_api_etl.py
[2022-03-17 17:06:59,592] {logging_mixin.py:109} INFO - [2022-03-17 17:06:59,591] {dag.py:2398} INFO - Sync 1 DAGs
[2022-03-17 17:06:59,600] {logging_mixin.py:109} INFO - [2022-03-17 17:06:59,600] {dag.py:2937} INFO - Setting next_dagrun for tutorial_taskflow_api_etl to None
[2022-03-17 17:06:59,608] {processor.py:171} INFO - Processing /Users/louisekirkham/Documents/linkedin_learning/Ex_Files_Data_Engineering_Foundations/airflow_env/lib/python3.9/site-packages/airflow/example_dags/tutorial_taskflow_api_etl.py took 0.257 seconds
[2022-03-17 17:07:52,890] {processor.py:163} INFO - Started process (PID=45856) to work on /Users/louisekirkham/Documents/linkedin_learning/Ex_Files_Data_Engineering_Foundations/airflow_env/lib/python3.9/site-packages/airflow/example_dags/tutorial_taskflow_api_etl.py
[2022-03-17 17:07:52,891] {processor.py:642} INFO - Processing file /Users/louisekirkham/Documents/linkedin_learning/Ex_Files_Data_Engineering_Foundations/airflow_env/lib/python3.9/site-packages/airflow/example_dags/tutorial_taskflow_api_etl.py for tasks to queue
[2022-03-17 17:07:52,891] {logging_mixin.py:109} INFO - [2022-03-17 17:07:52,891] {dagbag.py:500} INFO - Filling up the DagBag from /Users/louisekirkham/Documents/linkedin_learning/Ex_Files_Data_Engineering_Foundations/airflow_env/lib/python3.9/site-packages/airflow/example_dags/tutorial_taskflow_api_etl.py
[2022-03-17 17:07:52,931] {processor.py:654} INFO - DAG(s) dict_keys(['tutorial_taskflow_api_etl']) retrieved from /Users/louisekirkham/Documents/linkedin_learning/Ex_Files_Data_Engineering_Foundations/airflow_env/lib/python3.9/site-packages/airflow/example_dags/tutorial_taskflow_api_etl.py
[2022-03-17 17:07:53,102] {logging_mixin.py:109} INFO - [2022-03-17 17:07:53,102] {dag.py:2398} INFO - Sync 1 DAGs
[2022-03-17 17:07:53,109] {logging_mixin.py:109} INFO - [2022-03-17 17:07:53,109] {dag.py:2937} INFO - Setting next_dagrun for tutorial_taskflow_api_etl to None
[2022-03-17 17:07:53,117] {processor.py:171} INFO - Processing /Users/louisekirkham/Documents/linkedin_learning/Ex_Files_Data_Engineering_Foundations/airflow_env/lib/python3.9/site-packages/airflow/example_dags/tutorial_taskflow_api_etl.py took 0.228 seconds
[2022-03-17 17:08:33,096] {processor.py:163} INFO - Started process (PID=45877) to work on /Users/louisekirkham/Documents/linkedin_learning/Ex_Files_Data_Engineering_Foundations/airflow_env/lib/python3.9/site-packages/airflow/example_dags/tutorial_taskflow_api_etl.py
[2022-03-17 17:08:33,098] {processor.py:642} INFO - Processing file /Users/louisekirkham/Documents/linkedin_learning/Ex_Files_Data_Engineering_Foundations/airflow_env/lib/python3.9/site-packages/airflow/example_dags/tutorial_taskflow_api_etl.py for tasks to queue
[2022-03-17 17:08:33,098] {logging_mixin.py:109} INFO - [2022-03-17 17:08:33,098] {dagbag.py:500} INFO - Filling up the DagBag from /Users/louisekirkham/Documents/linkedin_learning/Ex_Files_Data_Engineering_Foundations/airflow_env/lib/python3.9/site-packages/airflow/example_dags/tutorial_taskflow_api_etl.py
[2022-03-17 17:08:33,136] {processor.py:654} INFO - DAG(s) dict_keys(['tutorial_taskflow_api_etl']) retrieved from /Users/louisekirkham/Documents/linkedin_learning/Ex_Files_Data_Engineering_Foundations/airflow_env/lib/python3.9/site-packages/airflow/example_dags/tutorial_taskflow_api_etl.py
[2022-03-17 17:08:33,307] {logging_mixin.py:109} INFO - [2022-03-17 17:08:33,306] {dag.py:2398} INFO - Sync 1 DAGs
[2022-03-17 17:08:33,313] {logging_mixin.py:109} INFO - [2022-03-17 17:08:33,313] {dag.py:2937} INFO - Setting next_dagrun for tutorial_taskflow_api_etl to None
[2022-03-17 17:08:33,321] {processor.py:171} INFO - Processing /Users/louisekirkham/Documents/linkedin_learning/Ex_Files_Data_Engineering_Foundations/airflow_env/lib/python3.9/site-packages/airflow/example_dags/tutorial_taskflow_api_etl.py took 0.226 seconds
[2022-03-17 17:09:16,116] {processor.py:163} INFO - Started process (PID=45918) to work on /Users/louisekirkham/Documents/linkedin_learning/Ex_Files_Data_Engineering_Foundations/airflow_env/lib/python3.9/site-packages/airflow/example_dags/tutorial_taskflow_api_etl.py
[2022-03-17 17:09:16,118] {processor.py:642} INFO - Processing file /Users/louisekirkham/Documents/linkedin_learning/Ex_Files_Data_Engineering_Foundations/airflow_env/lib/python3.9/site-packages/airflow/example_dags/tutorial_taskflow_api_etl.py for tasks to queue
[2022-03-17 17:09:16,118] {logging_mixin.py:109} INFO - [2022-03-17 17:09:16,118] {dagbag.py:500} INFO - Filling up the DagBag from /Users/louisekirkham/Documents/linkedin_learning/Ex_Files_Data_Engineering_Foundations/airflow_env/lib/python3.9/site-packages/airflow/example_dags/tutorial_taskflow_api_etl.py
[2022-03-17 17:09:16,156] {processor.py:654} INFO - DAG(s) dict_keys(['tutorial_taskflow_api_etl']) retrieved from /Users/louisekirkham/Documents/linkedin_learning/Ex_Files_Data_Engineering_Foundations/airflow_env/lib/python3.9/site-packages/airflow/example_dags/tutorial_taskflow_api_etl.py
[2022-03-17 17:09:16,334] {logging_mixin.py:109} INFO - [2022-03-17 17:09:16,334] {dag.py:2398} INFO - Sync 1 DAGs
[2022-03-17 17:09:16,341] {logging_mixin.py:109} INFO - [2022-03-17 17:09:16,341] {dag.py:2937} INFO - Setting next_dagrun for tutorial_taskflow_api_etl to None
[2022-03-17 17:09:16,349] {processor.py:171} INFO - Processing /Users/louisekirkham/Documents/linkedin_learning/Ex_Files_Data_Engineering_Foundations/airflow_env/lib/python3.9/site-packages/airflow/example_dags/tutorial_taskflow_api_etl.py took 0.233 seconds
[2022-03-17 17:09:59,033] {processor.py:163} INFO - Started process (PID=45948) to work on /Users/louisekirkham/Documents/linkedin_learning/Ex_Files_Data_Engineering_Foundations/airflow_env/lib/python3.9/site-packages/airflow/example_dags/tutorial_taskflow_api_etl.py
[2022-03-17 17:09:59,034] {processor.py:642} INFO - Processing file /Users/louisekirkham/Documents/linkedin_learning/Ex_Files_Data_Engineering_Foundations/airflow_env/lib/python3.9/site-packages/airflow/example_dags/tutorial_taskflow_api_etl.py for tasks to queue
[2022-03-17 17:09:59,034] {logging_mixin.py:109} INFO - [2022-03-17 17:09:59,034] {dagbag.py:500} INFO - Filling up the DagBag from /Users/louisekirkham/Documents/linkedin_learning/Ex_Files_Data_Engineering_Foundations/airflow_env/lib/python3.9/site-packages/airflow/example_dags/tutorial_taskflow_api_etl.py
[2022-03-17 17:09:59,069] {processor.py:654} INFO - DAG(s) dict_keys(['tutorial_taskflow_api_etl']) retrieved from /Users/louisekirkham/Documents/linkedin_learning/Ex_Files_Data_Engineering_Foundations/airflow_env/lib/python3.9/site-packages/airflow/example_dags/tutorial_taskflow_api_etl.py
[2022-03-17 17:09:59,228] {logging_mixin.py:109} INFO - [2022-03-17 17:09:59,228] {dag.py:2398} INFO - Sync 1 DAGs
[2022-03-17 17:09:59,235] {logging_mixin.py:109} INFO - [2022-03-17 17:09:59,235] {dag.py:2937} INFO - Setting next_dagrun for tutorial_taskflow_api_etl to None
[2022-03-17 17:09:59,243] {processor.py:171} INFO - Processing /Users/louisekirkham/Documents/linkedin_learning/Ex_Files_Data_Engineering_Foundations/airflow_env/lib/python3.9/site-packages/airflow/example_dags/tutorial_taskflow_api_etl.py took 0.210 seconds
[2022-03-17 17:10:39,602] {processor.py:163} INFO - Started process (PID=45984) to work on /Users/louisekirkham/Documents/linkedin_learning/Ex_Files_Data_Engineering_Foundations/airflow_env/lib/python3.9/site-packages/airflow/example_dags/tutorial_taskflow_api_etl.py
[2022-03-17 17:10:39,602] {processor.py:642} INFO - Processing file /Users/louisekirkham/Documents/linkedin_learning/Ex_Files_Data_Engineering_Foundations/airflow_env/lib/python3.9/site-packages/airflow/example_dags/tutorial_taskflow_api_etl.py for tasks to queue
[2022-03-17 17:10:39,603] {logging_mixin.py:109} INFO - [2022-03-17 17:10:39,603] {dagbag.py:500} INFO - Filling up the DagBag from /Users/louisekirkham/Documents/linkedin_learning/Ex_Files_Data_Engineering_Foundations/airflow_env/lib/python3.9/site-packages/airflow/example_dags/tutorial_taskflow_api_etl.py
[2022-03-17 17:10:39,637] {processor.py:654} INFO - DAG(s) dict_keys(['tutorial_taskflow_api_etl']) retrieved from /Users/louisekirkham/Documents/linkedin_learning/Ex_Files_Data_Engineering_Foundations/airflow_env/lib/python3.9/site-packages/airflow/example_dags/tutorial_taskflow_api_etl.py
[2022-03-17 17:10:39,791] {logging_mixin.py:109} INFO - [2022-03-17 17:10:39,791] {dag.py:2398} INFO - Sync 1 DAGs
[2022-03-17 17:10:39,798] {logging_mixin.py:109} INFO - [2022-03-17 17:10:39,797] {dag.py:2937} INFO - Setting next_dagrun for tutorial_taskflow_api_etl to None
[2022-03-17 17:10:39,806] {processor.py:171} INFO - Processing /Users/louisekirkham/Documents/linkedin_learning/Ex_Files_Data_Engineering_Foundations/airflow_env/lib/python3.9/site-packages/airflow/example_dags/tutorial_taskflow_api_etl.py took 0.205 seconds
[2022-03-17 17:11:19,523] {processor.py:163} INFO - Started process (PID=46005) to work on /Users/louisekirkham/Documents/linkedin_learning/Ex_Files_Data_Engineering_Foundations/airflow_env/lib/python3.9/site-packages/airflow/example_dags/tutorial_taskflow_api_etl.py
[2022-03-17 17:11:19,524] {processor.py:642} INFO - Processing file /Users/louisekirkham/Documents/linkedin_learning/Ex_Files_Data_Engineering_Foundations/airflow_env/lib/python3.9/site-packages/airflow/example_dags/tutorial_taskflow_api_etl.py for tasks to queue
[2022-03-17 17:11:19,524] {logging_mixin.py:109} INFO - [2022-03-17 17:11:19,524] {dagbag.py:500} INFO - Filling up the DagBag from /Users/louisekirkham/Documents/linkedin_learning/Ex_Files_Data_Engineering_Foundations/airflow_env/lib/python3.9/site-packages/airflow/example_dags/tutorial_taskflow_api_etl.py
[2022-03-17 17:11:19,558] {processor.py:654} INFO - DAG(s) dict_keys(['tutorial_taskflow_api_etl']) retrieved from /Users/louisekirkham/Documents/linkedin_learning/Ex_Files_Data_Engineering_Foundations/airflow_env/lib/python3.9/site-packages/airflow/example_dags/tutorial_taskflow_api_etl.py
[2022-03-17 17:11:19,708] {logging_mixin.py:109} INFO - [2022-03-17 17:11:19,708] {dag.py:2398} INFO - Sync 1 DAGs
[2022-03-17 17:11:19,714] {logging_mixin.py:109} INFO - [2022-03-17 17:11:19,714] {dag.py:2937} INFO - Setting next_dagrun for tutorial_taskflow_api_etl to None
[2022-03-17 17:11:19,722] {processor.py:171} INFO - Processing /Users/louisekirkham/Documents/linkedin_learning/Ex_Files_Data_Engineering_Foundations/airflow_env/lib/python3.9/site-packages/airflow/example_dags/tutorial_taskflow_api_etl.py took 0.199 seconds
[2022-03-17 19:13:11,450] {processor.py:163} INFO - Started process (PID=46101) to work on /Users/louisekirkham/Documents/linkedin_learning/Ex_Files_Data_Engineering_Foundations/airflow_env/lib/python3.9/site-packages/airflow/example_dags/tutorial_taskflow_api_etl.py
[2022-03-17 19:13:11,452] {processor.py:642} INFO - Processing file /Users/louisekirkham/Documents/linkedin_learning/Ex_Files_Data_Engineering_Foundations/airflow_env/lib/python3.9/site-packages/airflow/example_dags/tutorial_taskflow_api_etl.py for tasks to queue
[2022-03-17 19:13:11,452] {logging_mixin.py:109} INFO - [2022-03-17 19:13:11,452] {dagbag.py:500} INFO - Filling up the DagBag from /Users/louisekirkham/Documents/linkedin_learning/Ex_Files_Data_Engineering_Foundations/airflow_env/lib/python3.9/site-packages/airflow/example_dags/tutorial_taskflow_api_etl.py
[2022-03-17 19:13:11,485] {processor.py:654} INFO - DAG(s) dict_keys(['tutorial_taskflow_api_etl']) retrieved from /Users/louisekirkham/Documents/linkedin_learning/Ex_Files_Data_Engineering_Foundations/airflow_env/lib/python3.9/site-packages/airflow/example_dags/tutorial_taskflow_api_etl.py
[2022-03-17 19:13:11,636] {logging_mixin.py:109} INFO - [2022-03-17 19:13:11,636] {dag.py:2398} INFO - Sync 1 DAGs
[2022-03-17 19:13:11,642] {logging_mixin.py:109} INFO - [2022-03-17 19:13:11,642] {dag.py:2937} INFO - Setting next_dagrun for tutorial_taskflow_api_etl to None
[2022-03-17 19:13:11,650] {processor.py:171} INFO - Processing /Users/louisekirkham/Documents/linkedin_learning/Ex_Files_Data_Engineering_Foundations/airflow_env/lib/python3.9/site-packages/airflow/example_dags/tutorial_taskflow_api_etl.py took 0.201 seconds
