[2022-03-17 16:02:03,034] {processor.py:163} INFO - Started process (PID=44866) to work on /Users/louisekirkham/Documents/linkedin_learning/Ex_Files_Data_Engineering_Foundations/airflow_env/lib/python3.9/site-packages/airflow/example_dags/tutorial_etl_dag.py
[2022-03-17 16:02:03,034] {processor.py:642} INFO - Processing file /Users/louisekirkham/Documents/linkedin_learning/Ex_Files_Data_Engineering_Foundations/airflow_env/lib/python3.9/site-packages/airflow/example_dags/tutorial_etl_dag.py for tasks to queue
[2022-03-17 16:02:03,034] {logging_mixin.py:109} INFO - [2022-03-17 16:02:03,034] {dagbag.py:500} INFO - Filling up the DagBag from /Users/louisekirkham/Documents/linkedin_learning/Ex_Files_Data_Engineering_Foundations/airflow_env/lib/python3.9/site-packages/airflow/example_dags/tutorial_etl_dag.py
[2022-03-17 16:02:03,070] {processor.py:654} INFO - DAG(s) dict_keys(['tutorial_etl_dag']) retrieved from /Users/louisekirkham/Documents/linkedin_learning/Ex_Files_Data_Engineering_Foundations/airflow_env/lib/python3.9/site-packages/airflow/example_dags/tutorial_etl_dag.py
[2022-03-17 16:02:03,084] {logging_mixin.py:109} INFO - [2022-03-17 16:02:03,084] {dag.py:2398} INFO - Sync 1 DAGs
[2022-03-17 16:02:03,092] {logging_mixin.py:109} INFO - [2022-03-17 16:02:03,092] {dag.py:2937} INFO - Setting next_dagrun for tutorial_etl_dag to None
[2022-03-17 16:02:03,099] {processor.py:171} INFO - Processing /Users/louisekirkham/Documents/linkedin_learning/Ex_Files_Data_Engineering_Foundations/airflow_env/lib/python3.9/site-packages/airflow/example_dags/tutorial_etl_dag.py took 0.065 seconds
[2022-03-17 16:02:45,124] {processor.py:163} INFO - Started process (PID=44933) to work on /Users/louisekirkham/Documents/linkedin_learning/Ex_Files_Data_Engineering_Foundations/airflow_env/lib/python3.9/site-packages/airflow/example_dags/tutorial_etl_dag.py
[2022-03-17 16:02:45,124] {processor.py:642} INFO - Processing file /Users/louisekirkham/Documents/linkedin_learning/Ex_Files_Data_Engineering_Foundations/airflow_env/lib/python3.9/site-packages/airflow/example_dags/tutorial_etl_dag.py for tasks to queue
[2022-03-17 16:02:45,125] {logging_mixin.py:109} INFO - [2022-03-17 16:02:45,125] {dagbag.py:500} INFO - Filling up the DagBag from /Users/louisekirkham/Documents/linkedin_learning/Ex_Files_Data_Engineering_Foundations/airflow_env/lib/python3.9/site-packages/airflow/example_dags/tutorial_etl_dag.py
[2022-03-17 16:02:45,168] {processor.py:654} INFO - DAG(s) dict_keys(['tutorial_etl_dag']) retrieved from /Users/louisekirkham/Documents/linkedin_learning/Ex_Files_Data_Engineering_Foundations/airflow_env/lib/python3.9/site-packages/airflow/example_dags/tutorial_etl_dag.py
[2022-03-17 16:02:45,185] {logging_mixin.py:109} INFO - [2022-03-17 16:02:45,185] {dag.py:2398} INFO - Sync 1 DAGs
[2022-03-17 16:02:45,192] {logging_mixin.py:109} INFO - [2022-03-17 16:02:45,192] {dag.py:2937} INFO - Setting next_dagrun for tutorial_etl_dag to None
[2022-03-17 16:02:45,199] {processor.py:171} INFO - Processing /Users/louisekirkham/Documents/linkedin_learning/Ex_Files_Data_Engineering_Foundations/airflow_env/lib/python3.9/site-packages/airflow/example_dags/tutorial_etl_dag.py took 0.076 seconds
[2022-03-17 16:33:54,293] {processor.py:163} INFO - Started process (PID=45010) to work on /Users/louisekirkham/Documents/linkedin_learning/Ex_Files_Data_Engineering_Foundations/airflow_env/lib/python3.9/site-packages/airflow/example_dags/tutorial_etl_dag.py
[2022-03-17 16:33:54,840] {processor.py:642} INFO - Processing file /Users/louisekirkham/Documents/linkedin_learning/Ex_Files_Data_Engineering_Foundations/airflow_env/lib/python3.9/site-packages/airflow/example_dags/tutorial_etl_dag.py for tasks to queue
[2022-03-17 16:33:54,843] {logging_mixin.py:109} INFO - [2022-03-17 16:33:54,841] {dagbag.py:500} INFO - Filling up the DagBag from /Users/louisekirkham/Documents/linkedin_learning/Ex_Files_Data_Engineering_Foundations/airflow_env/lib/python3.9/site-packages/airflow/example_dags/tutorial_etl_dag.py
[2022-03-17 16:33:54,939] {processor.py:654} INFO - DAG(s) dict_keys(['tutorial_etl_dag']) retrieved from /Users/louisekirkham/Documents/linkedin_learning/Ex_Files_Data_Engineering_Foundations/airflow_env/lib/python3.9/site-packages/airflow/example_dags/tutorial_etl_dag.py
[2022-03-17 16:33:54,969] {logging_mixin.py:109} INFO - [2022-03-17 16:33:54,969] {dag.py:2398} INFO - Sync 1 DAGs
[2022-03-17 16:33:54,988] {logging_mixin.py:109} INFO - [2022-03-17 16:33:54,988] {dag.py:2937} INFO - Setting next_dagrun for tutorial_etl_dag to None
[2022-03-17 16:33:55,008] {processor.py:171} INFO - Processing /Users/louisekirkham/Documents/linkedin_learning/Ex_Files_Data_Engineering_Foundations/airflow_env/lib/python3.9/site-packages/airflow/example_dags/tutorial_etl_dag.py took 0.717 seconds
[2022-03-17 16:35:09,181] {processor.py:163} INFO - Started process (PID=45131) to work on /Users/louisekirkham/Documents/linkedin_learning/Ex_Files_Data_Engineering_Foundations/airflow_env/lib/python3.9/site-packages/airflow/example_dags/tutorial_etl_dag.py
[2022-03-17 16:35:09,183] {processor.py:642} INFO - Processing file /Users/louisekirkham/Documents/linkedin_learning/Ex_Files_Data_Engineering_Foundations/airflow_env/lib/python3.9/site-packages/airflow/example_dags/tutorial_etl_dag.py for tasks to queue
[2022-03-17 16:35:09,183] {logging_mixin.py:109} INFO - [2022-03-17 16:35:09,183] {dagbag.py:500} INFO - Filling up the DagBag from /Users/louisekirkham/Documents/linkedin_learning/Ex_Files_Data_Engineering_Foundations/airflow_env/lib/python3.9/site-packages/airflow/example_dags/tutorial_etl_dag.py
[2022-03-17 16:35:09,219] {processor.py:654} INFO - DAG(s) dict_keys(['tutorial_etl_dag']) retrieved from /Users/louisekirkham/Documents/linkedin_learning/Ex_Files_Data_Engineering_Foundations/airflow_env/lib/python3.9/site-packages/airflow/example_dags/tutorial_etl_dag.py
[2022-03-17 16:35:09,233] {logging_mixin.py:109} INFO - [2022-03-17 16:35:09,232] {dag.py:2398} INFO - Sync 1 DAGs
[2022-03-17 16:35:09,239] {logging_mixin.py:109} INFO - [2022-03-17 16:35:09,239] {dag.py:2937} INFO - Setting next_dagrun for tutorial_etl_dag to None
[2022-03-17 16:35:09,246] {processor.py:171} INFO - Processing /Users/louisekirkham/Documents/linkedin_learning/Ex_Files_Data_Engineering_Foundations/airflow_env/lib/python3.9/site-packages/airflow/example_dags/tutorial_etl_dag.py took 0.065 seconds
[2022-03-17 16:35:58,087] {processor.py:163} INFO - Started process (PID=45192) to work on /Users/louisekirkham/Documents/linkedin_learning/Ex_Files_Data_Engineering_Foundations/airflow_env/lib/python3.9/site-packages/airflow/example_dags/tutorial_etl_dag.py
[2022-03-17 16:35:58,087] {processor.py:642} INFO - Processing file /Users/louisekirkham/Documents/linkedin_learning/Ex_Files_Data_Engineering_Foundations/airflow_env/lib/python3.9/site-packages/airflow/example_dags/tutorial_etl_dag.py for tasks to queue
[2022-03-17 16:35:58,087] {logging_mixin.py:109} INFO - [2022-03-17 16:35:58,087] {dagbag.py:500} INFO - Filling up the DagBag from /Users/louisekirkham/Documents/linkedin_learning/Ex_Files_Data_Engineering_Foundations/airflow_env/lib/python3.9/site-packages/airflow/example_dags/tutorial_etl_dag.py
[2022-03-17 16:35:58,124] {processor.py:654} INFO - DAG(s) dict_keys(['tutorial_etl_dag']) retrieved from /Users/louisekirkham/Documents/linkedin_learning/Ex_Files_Data_Engineering_Foundations/airflow_env/lib/python3.9/site-packages/airflow/example_dags/tutorial_etl_dag.py
[2022-03-17 16:35:58,139] {logging_mixin.py:109} INFO - [2022-03-17 16:35:58,138] {dag.py:2398} INFO - Sync 1 DAGs
[2022-03-17 16:35:58,145] {logging_mixin.py:109} INFO - [2022-03-17 16:35:58,145] {dag.py:2937} INFO - Setting next_dagrun for tutorial_etl_dag to None
[2022-03-17 16:35:58,151] {processor.py:171} INFO - Processing /Users/louisekirkham/Documents/linkedin_learning/Ex_Files_Data_Engineering_Foundations/airflow_env/lib/python3.9/site-packages/airflow/example_dags/tutorial_etl_dag.py took 0.065 seconds
[2022-03-17 16:36:42,366] {processor.py:163} INFO - Started process (PID=45218) to work on /Users/louisekirkham/Documents/linkedin_learning/Ex_Files_Data_Engineering_Foundations/airflow_env/lib/python3.9/site-packages/airflow/example_dags/tutorial_etl_dag.py
[2022-03-17 16:36:42,366] {processor.py:642} INFO - Processing file /Users/louisekirkham/Documents/linkedin_learning/Ex_Files_Data_Engineering_Foundations/airflow_env/lib/python3.9/site-packages/airflow/example_dags/tutorial_etl_dag.py for tasks to queue
[2022-03-17 16:36:42,367] {logging_mixin.py:109} INFO - [2022-03-17 16:36:42,367] {dagbag.py:500} INFO - Filling up the DagBag from /Users/louisekirkham/Documents/linkedin_learning/Ex_Files_Data_Engineering_Foundations/airflow_env/lib/python3.9/site-packages/airflow/example_dags/tutorial_etl_dag.py
[2022-03-17 16:36:42,406] {processor.py:654} INFO - DAG(s) dict_keys(['tutorial_etl_dag']) retrieved from /Users/louisekirkham/Documents/linkedin_learning/Ex_Files_Data_Engineering_Foundations/airflow_env/lib/python3.9/site-packages/airflow/example_dags/tutorial_etl_dag.py
[2022-03-17 16:36:42,420] {logging_mixin.py:109} INFO - [2022-03-17 16:36:42,420] {dag.py:2398} INFO - Sync 1 DAGs
[2022-03-17 16:36:42,427] {logging_mixin.py:109} INFO - [2022-03-17 16:36:42,427] {dag.py:2937} INFO - Setting next_dagrun for tutorial_etl_dag to None
[2022-03-17 16:36:42,434] {processor.py:171} INFO - Processing /Users/louisekirkham/Documents/linkedin_learning/Ex_Files_Data_Engineering_Foundations/airflow_env/lib/python3.9/site-packages/airflow/example_dags/tutorial_etl_dag.py took 0.068 seconds
[2022-03-17 16:37:22,480] {processor.py:163} INFO - Started process (PID=45265) to work on /Users/louisekirkham/Documents/linkedin_learning/Ex_Files_Data_Engineering_Foundations/airflow_env/lib/python3.9/site-packages/airflow/example_dags/tutorial_etl_dag.py
[2022-03-17 16:37:22,481] {processor.py:642} INFO - Processing file /Users/louisekirkham/Documents/linkedin_learning/Ex_Files_Data_Engineering_Foundations/airflow_env/lib/python3.9/site-packages/airflow/example_dags/tutorial_etl_dag.py for tasks to queue
[2022-03-17 16:37:22,481] {logging_mixin.py:109} INFO - [2022-03-17 16:37:22,481] {dagbag.py:500} INFO - Filling up the DagBag from /Users/louisekirkham/Documents/linkedin_learning/Ex_Files_Data_Engineering_Foundations/airflow_env/lib/python3.9/site-packages/airflow/example_dags/tutorial_etl_dag.py
[2022-03-17 16:37:22,515] {processor.py:654} INFO - DAG(s) dict_keys(['tutorial_etl_dag']) retrieved from /Users/louisekirkham/Documents/linkedin_learning/Ex_Files_Data_Engineering_Foundations/airflow_env/lib/python3.9/site-packages/airflow/example_dags/tutorial_etl_dag.py
[2022-03-17 16:37:22,528] {logging_mixin.py:109} INFO - [2022-03-17 16:37:22,528] {dag.py:2398} INFO - Sync 1 DAGs
[2022-03-17 16:37:22,535] {logging_mixin.py:109} INFO - [2022-03-17 16:37:22,535] {dag.py:2937} INFO - Setting next_dagrun for tutorial_etl_dag to None
[2022-03-17 16:37:22,543] {processor.py:171} INFO - Processing /Users/louisekirkham/Documents/linkedin_learning/Ex_Files_Data_Engineering_Foundations/airflow_env/lib/python3.9/site-packages/airflow/example_dags/tutorial_etl_dag.py took 0.063 seconds
[2022-03-17 16:38:03,129] {processor.py:163} INFO - Started process (PID=45291) to work on /Users/louisekirkham/Documents/linkedin_learning/Ex_Files_Data_Engineering_Foundations/airflow_env/lib/python3.9/site-packages/airflow/example_dags/tutorial_etl_dag.py
[2022-03-17 16:38:03,129] {processor.py:642} INFO - Processing file /Users/louisekirkham/Documents/linkedin_learning/Ex_Files_Data_Engineering_Foundations/airflow_env/lib/python3.9/site-packages/airflow/example_dags/tutorial_etl_dag.py for tasks to queue
[2022-03-17 16:38:03,129] {logging_mixin.py:109} INFO - [2022-03-17 16:38:03,129] {dagbag.py:500} INFO - Filling up the DagBag from /Users/louisekirkham/Documents/linkedin_learning/Ex_Files_Data_Engineering_Foundations/airflow_env/lib/python3.9/site-packages/airflow/example_dags/tutorial_etl_dag.py
[2022-03-17 16:38:03,170] {processor.py:654} INFO - DAG(s) dict_keys(['tutorial_etl_dag']) retrieved from /Users/louisekirkham/Documents/linkedin_learning/Ex_Files_Data_Engineering_Foundations/airflow_env/lib/python3.9/site-packages/airflow/example_dags/tutorial_etl_dag.py
[2022-03-17 16:38:03,188] {logging_mixin.py:109} INFO - [2022-03-17 16:38:03,187] {dag.py:2398} INFO - Sync 1 DAGs
[2022-03-17 16:38:03,197] {logging_mixin.py:109} INFO - [2022-03-17 16:38:03,197] {dag.py:2937} INFO - Setting next_dagrun for tutorial_etl_dag to None
[2022-03-17 16:38:03,204] {processor.py:171} INFO - Processing /Users/louisekirkham/Documents/linkedin_learning/Ex_Files_Data_Engineering_Foundations/airflow_env/lib/python3.9/site-packages/airflow/example_dags/tutorial_etl_dag.py took 0.076 seconds
[2022-03-17 16:38:44,046] {processor.py:163} INFO - Started process (PID=45333) to work on /Users/louisekirkham/Documents/linkedin_learning/Ex_Files_Data_Engineering_Foundations/airflow_env/lib/python3.9/site-packages/airflow/example_dags/tutorial_etl_dag.py
[2022-03-17 16:38:44,047] {processor.py:642} INFO - Processing file /Users/louisekirkham/Documents/linkedin_learning/Ex_Files_Data_Engineering_Foundations/airflow_env/lib/python3.9/site-packages/airflow/example_dags/tutorial_etl_dag.py for tasks to queue
[2022-03-17 16:38:44,047] {logging_mixin.py:109} INFO - [2022-03-17 16:38:44,047] {dagbag.py:500} INFO - Filling up the DagBag from /Users/louisekirkham/Documents/linkedin_learning/Ex_Files_Data_Engineering_Foundations/airflow_env/lib/python3.9/site-packages/airflow/example_dags/tutorial_etl_dag.py
[2022-03-17 16:38:44,082] {processor.py:654} INFO - DAG(s) dict_keys(['tutorial_etl_dag']) retrieved from /Users/louisekirkham/Documents/linkedin_learning/Ex_Files_Data_Engineering_Foundations/airflow_env/lib/python3.9/site-packages/airflow/example_dags/tutorial_etl_dag.py
[2022-03-17 16:38:44,096] {logging_mixin.py:109} INFO - [2022-03-17 16:38:44,096] {dag.py:2398} INFO - Sync 1 DAGs
[2022-03-17 16:38:44,103] {logging_mixin.py:109} INFO - [2022-03-17 16:38:44,103] {dag.py:2937} INFO - Setting next_dagrun for tutorial_etl_dag to None
[2022-03-17 16:38:44,109] {processor.py:171} INFO - Processing /Users/louisekirkham/Documents/linkedin_learning/Ex_Files_Data_Engineering_Foundations/airflow_env/lib/python3.9/site-packages/airflow/example_dags/tutorial_etl_dag.py took 0.063 seconds
[2022-03-17 16:39:24,428] {processor.py:163} INFO - Started process (PID=45358) to work on /Users/louisekirkham/Documents/linkedin_learning/Ex_Files_Data_Engineering_Foundations/airflow_env/lib/python3.9/site-packages/airflow/example_dags/tutorial_etl_dag.py
[2022-03-17 16:39:24,429] {processor.py:642} INFO - Processing file /Users/louisekirkham/Documents/linkedin_learning/Ex_Files_Data_Engineering_Foundations/airflow_env/lib/python3.9/site-packages/airflow/example_dags/tutorial_etl_dag.py for tasks to queue
[2022-03-17 16:39:24,429] {logging_mixin.py:109} INFO - [2022-03-17 16:39:24,429] {dagbag.py:500} INFO - Filling up the DagBag from /Users/louisekirkham/Documents/linkedin_learning/Ex_Files_Data_Engineering_Foundations/airflow_env/lib/python3.9/site-packages/airflow/example_dags/tutorial_etl_dag.py
[2022-03-17 16:39:24,462] {processor.py:654} INFO - DAG(s) dict_keys(['tutorial_etl_dag']) retrieved from /Users/louisekirkham/Documents/linkedin_learning/Ex_Files_Data_Engineering_Foundations/airflow_env/lib/python3.9/site-packages/airflow/example_dags/tutorial_etl_dag.py
[2022-03-17 16:39:24,474] {logging_mixin.py:109} INFO - [2022-03-17 16:39:24,474] {dag.py:2398} INFO - Sync 1 DAGs
[2022-03-17 16:39:24,481] {logging_mixin.py:109} INFO - [2022-03-17 16:39:24,481] {dag.py:2937} INFO - Setting next_dagrun for tutorial_etl_dag to None
[2022-03-17 16:39:24,488] {processor.py:171} INFO - Processing /Users/louisekirkham/Documents/linkedin_learning/Ex_Files_Data_Engineering_Foundations/airflow_env/lib/python3.9/site-packages/airflow/example_dags/tutorial_etl_dag.py took 0.060 seconds
[2022-03-17 16:40:04,452] {processor.py:163} INFO - Started process (PID=45396) to work on /Users/louisekirkham/Documents/linkedin_learning/Ex_Files_Data_Engineering_Foundations/airflow_env/lib/python3.9/site-packages/airflow/example_dags/tutorial_etl_dag.py
[2022-03-17 16:40:04,452] {processor.py:642} INFO - Processing file /Users/louisekirkham/Documents/linkedin_learning/Ex_Files_Data_Engineering_Foundations/airflow_env/lib/python3.9/site-packages/airflow/example_dags/tutorial_etl_dag.py for tasks to queue
[2022-03-17 16:40:04,453] {logging_mixin.py:109} INFO - [2022-03-17 16:40:04,453] {dagbag.py:500} INFO - Filling up the DagBag from /Users/louisekirkham/Documents/linkedin_learning/Ex_Files_Data_Engineering_Foundations/airflow_env/lib/python3.9/site-packages/airflow/example_dags/tutorial_etl_dag.py
[2022-03-17 16:40:04,486] {processor.py:654} INFO - DAG(s) dict_keys(['tutorial_etl_dag']) retrieved from /Users/louisekirkham/Documents/linkedin_learning/Ex_Files_Data_Engineering_Foundations/airflow_env/lib/python3.9/site-packages/airflow/example_dags/tutorial_etl_dag.py
[2022-03-17 16:40:04,499] {logging_mixin.py:109} INFO - [2022-03-17 16:40:04,499] {dag.py:2398} INFO - Sync 1 DAGs
[2022-03-17 16:40:04,506] {logging_mixin.py:109} INFO - [2022-03-17 16:40:04,506] {dag.py:2937} INFO - Setting next_dagrun for tutorial_etl_dag to None
[2022-03-17 16:40:04,513] {processor.py:171} INFO - Processing /Users/louisekirkham/Documents/linkedin_learning/Ex_Files_Data_Engineering_Foundations/airflow_env/lib/python3.9/site-packages/airflow/example_dags/tutorial_etl_dag.py took 0.061 seconds
[2022-03-17 16:40:44,905] {processor.py:163} INFO - Started process (PID=45416) to work on /Users/louisekirkham/Documents/linkedin_learning/Ex_Files_Data_Engineering_Foundations/airflow_env/lib/python3.9/site-packages/airflow/example_dags/tutorial_etl_dag.py
[2022-03-17 16:40:44,905] {processor.py:642} INFO - Processing file /Users/louisekirkham/Documents/linkedin_learning/Ex_Files_Data_Engineering_Foundations/airflow_env/lib/python3.9/site-packages/airflow/example_dags/tutorial_etl_dag.py for tasks to queue
[2022-03-17 16:40:44,906] {logging_mixin.py:109} INFO - [2022-03-17 16:40:44,906] {dagbag.py:500} INFO - Filling up the DagBag from /Users/louisekirkham/Documents/linkedin_learning/Ex_Files_Data_Engineering_Foundations/airflow_env/lib/python3.9/site-packages/airflow/example_dags/tutorial_etl_dag.py
[2022-03-17 16:40:44,939] {processor.py:654} INFO - DAG(s) dict_keys(['tutorial_etl_dag']) retrieved from /Users/louisekirkham/Documents/linkedin_learning/Ex_Files_Data_Engineering_Foundations/airflow_env/lib/python3.9/site-packages/airflow/example_dags/tutorial_etl_dag.py
[2022-03-17 16:40:44,952] {logging_mixin.py:109} INFO - [2022-03-17 16:40:44,952] {dag.py:2398} INFO - Sync 1 DAGs
[2022-03-17 16:40:44,958] {logging_mixin.py:109} INFO - [2022-03-17 16:40:44,958] {dag.py:2937} INFO - Setting next_dagrun for tutorial_etl_dag to None
[2022-03-17 16:40:44,965] {processor.py:171} INFO - Processing /Users/louisekirkham/Documents/linkedin_learning/Ex_Files_Data_Engineering_Foundations/airflow_env/lib/python3.9/site-packages/airflow/example_dags/tutorial_etl_dag.py took 0.060 seconds
[2022-03-17 16:41:24,847] {processor.py:163} INFO - Started process (PID=45454) to work on /Users/louisekirkham/Documents/linkedin_learning/Ex_Files_Data_Engineering_Foundations/airflow_env/lib/python3.9/site-packages/airflow/example_dags/tutorial_etl_dag.py
[2022-03-17 16:41:24,847] {processor.py:642} INFO - Processing file /Users/louisekirkham/Documents/linkedin_learning/Ex_Files_Data_Engineering_Foundations/airflow_env/lib/python3.9/site-packages/airflow/example_dags/tutorial_etl_dag.py for tasks to queue
[2022-03-17 16:41:24,848] {logging_mixin.py:109} INFO - [2022-03-17 16:41:24,848] {dagbag.py:500} INFO - Filling up the DagBag from /Users/louisekirkham/Documents/linkedin_learning/Ex_Files_Data_Engineering_Foundations/airflow_env/lib/python3.9/site-packages/airflow/example_dags/tutorial_etl_dag.py
[2022-03-17 16:41:24,881] {processor.py:654} INFO - DAG(s) dict_keys(['tutorial_etl_dag']) retrieved from /Users/louisekirkham/Documents/linkedin_learning/Ex_Files_Data_Engineering_Foundations/airflow_env/lib/python3.9/site-packages/airflow/example_dags/tutorial_etl_dag.py
[2022-03-17 16:41:24,894] {logging_mixin.py:109} INFO - [2022-03-17 16:41:24,894] {dag.py:2398} INFO - Sync 1 DAGs
[2022-03-17 16:41:24,900] {logging_mixin.py:109} INFO - [2022-03-17 16:41:24,900] {dag.py:2937} INFO - Setting next_dagrun for tutorial_etl_dag to None
[2022-03-17 16:41:24,907] {processor.py:171} INFO - Processing /Users/louisekirkham/Documents/linkedin_learning/Ex_Files_Data_Engineering_Foundations/airflow_env/lib/python3.9/site-packages/airflow/example_dags/tutorial_etl_dag.py took 0.061 seconds
[2022-03-17 16:42:05,618] {processor.py:163} INFO - Started process (PID=45477) to work on /Users/louisekirkham/Documents/linkedin_learning/Ex_Files_Data_Engineering_Foundations/airflow_env/lib/python3.9/site-packages/airflow/example_dags/tutorial_etl_dag.py
[2022-03-17 16:42:05,618] {processor.py:642} INFO - Processing file /Users/louisekirkham/Documents/linkedin_learning/Ex_Files_Data_Engineering_Foundations/airflow_env/lib/python3.9/site-packages/airflow/example_dags/tutorial_etl_dag.py for tasks to queue
[2022-03-17 16:42:05,619] {logging_mixin.py:109} INFO - [2022-03-17 16:42:05,619] {dagbag.py:500} INFO - Filling up the DagBag from /Users/louisekirkham/Documents/linkedin_learning/Ex_Files_Data_Engineering_Foundations/airflow_env/lib/python3.9/site-packages/airflow/example_dags/tutorial_etl_dag.py
[2022-03-17 16:42:05,653] {processor.py:654} INFO - DAG(s) dict_keys(['tutorial_etl_dag']) retrieved from /Users/louisekirkham/Documents/linkedin_learning/Ex_Files_Data_Engineering_Foundations/airflow_env/lib/python3.9/site-packages/airflow/example_dags/tutorial_etl_dag.py
[2022-03-17 16:42:05,666] {logging_mixin.py:109} INFO - [2022-03-17 16:42:05,666] {dag.py:2398} INFO - Sync 1 DAGs
[2022-03-17 16:42:05,673] {logging_mixin.py:109} INFO - [2022-03-17 16:42:05,673] {dag.py:2937} INFO - Setting next_dagrun for tutorial_etl_dag to None
[2022-03-17 16:42:05,680] {processor.py:171} INFO - Processing /Users/louisekirkham/Documents/linkedin_learning/Ex_Files_Data_Engineering_Foundations/airflow_env/lib/python3.9/site-packages/airflow/example_dags/tutorial_etl_dag.py took 0.062 seconds
[2022-03-17 16:42:47,220] {processor.py:163} INFO - Started process (PID=45528) to work on /Users/louisekirkham/Documents/linkedin_learning/Ex_Files_Data_Engineering_Foundations/airflow_env/lib/python3.9/site-packages/airflow/example_dags/tutorial_etl_dag.py
[2022-03-17 16:42:47,220] {processor.py:642} INFO - Processing file /Users/louisekirkham/Documents/linkedin_learning/Ex_Files_Data_Engineering_Foundations/airflow_env/lib/python3.9/site-packages/airflow/example_dags/tutorial_etl_dag.py for tasks to queue
[2022-03-17 16:42:47,221] {logging_mixin.py:109} INFO - [2022-03-17 16:42:47,221] {dagbag.py:500} INFO - Filling up the DagBag from /Users/louisekirkham/Documents/linkedin_learning/Ex_Files_Data_Engineering_Foundations/airflow_env/lib/python3.9/site-packages/airflow/example_dags/tutorial_etl_dag.py
[2022-03-17 16:42:47,258] {processor.py:654} INFO - DAG(s) dict_keys(['tutorial_etl_dag']) retrieved from /Users/louisekirkham/Documents/linkedin_learning/Ex_Files_Data_Engineering_Foundations/airflow_env/lib/python3.9/site-packages/airflow/example_dags/tutorial_etl_dag.py
[2022-03-17 16:42:47,271] {logging_mixin.py:109} INFO - [2022-03-17 16:42:47,271] {dag.py:2398} INFO - Sync 1 DAGs
[2022-03-17 16:42:47,278] {logging_mixin.py:109} INFO - [2022-03-17 16:42:47,278] {dag.py:2937} INFO - Setting next_dagrun for tutorial_etl_dag to None
[2022-03-17 16:42:47,284] {processor.py:171} INFO - Processing /Users/louisekirkham/Documents/linkedin_learning/Ex_Files_Data_Engineering_Foundations/airflow_env/lib/python3.9/site-packages/airflow/example_dags/tutorial_etl_dag.py took 0.066 seconds
[2022-03-17 16:43:27,879] {processor.py:163} INFO - Started process (PID=45570) to work on /Users/louisekirkham/Documents/linkedin_learning/Ex_Files_Data_Engineering_Foundations/airflow_env/lib/python3.9/site-packages/airflow/example_dags/tutorial_etl_dag.py
[2022-03-17 16:43:27,880] {processor.py:642} INFO - Processing file /Users/louisekirkham/Documents/linkedin_learning/Ex_Files_Data_Engineering_Foundations/airflow_env/lib/python3.9/site-packages/airflow/example_dags/tutorial_etl_dag.py for tasks to queue
[2022-03-17 16:43:27,880] {logging_mixin.py:109} INFO - [2022-03-17 16:43:27,880] {dagbag.py:500} INFO - Filling up the DagBag from /Users/louisekirkham/Documents/linkedin_learning/Ex_Files_Data_Engineering_Foundations/airflow_env/lib/python3.9/site-packages/airflow/example_dags/tutorial_etl_dag.py
[2022-03-17 16:43:27,917] {processor.py:654} INFO - DAG(s) dict_keys(['tutorial_etl_dag']) retrieved from /Users/louisekirkham/Documents/linkedin_learning/Ex_Files_Data_Engineering_Foundations/airflow_env/lib/python3.9/site-packages/airflow/example_dags/tutorial_etl_dag.py
[2022-03-17 16:43:27,931] {logging_mixin.py:109} INFO - [2022-03-17 16:43:27,931] {dag.py:2398} INFO - Sync 1 DAGs
[2022-03-17 16:43:27,939] {logging_mixin.py:109} INFO - [2022-03-17 16:43:27,939] {dag.py:2937} INFO - Setting next_dagrun for tutorial_etl_dag to None
[2022-03-17 16:43:27,946] {processor.py:171} INFO - Processing /Users/louisekirkham/Documents/linkedin_learning/Ex_Files_Data_Engineering_Foundations/airflow_env/lib/python3.9/site-packages/airflow/example_dags/tutorial_etl_dag.py took 0.068 seconds
[2022-03-17 16:44:08,459] {processor.py:163} INFO - Started process (PID=45609) to work on /Users/louisekirkham/Documents/linkedin_learning/Ex_Files_Data_Engineering_Foundations/airflow_env/lib/python3.9/site-packages/airflow/example_dags/tutorial_etl_dag.py
[2022-03-17 16:44:08,460] {processor.py:642} INFO - Processing file /Users/louisekirkham/Documents/linkedin_learning/Ex_Files_Data_Engineering_Foundations/airflow_env/lib/python3.9/site-packages/airflow/example_dags/tutorial_etl_dag.py for tasks to queue
[2022-03-17 16:44:08,460] {logging_mixin.py:109} INFO - [2022-03-17 16:44:08,460] {dagbag.py:500} INFO - Filling up the DagBag from /Users/louisekirkham/Documents/linkedin_learning/Ex_Files_Data_Engineering_Foundations/airflow_env/lib/python3.9/site-packages/airflow/example_dags/tutorial_etl_dag.py
[2022-03-17 16:44:08,493] {processor.py:654} INFO - DAG(s) dict_keys(['tutorial_etl_dag']) retrieved from /Users/louisekirkham/Documents/linkedin_learning/Ex_Files_Data_Engineering_Foundations/airflow_env/lib/python3.9/site-packages/airflow/example_dags/tutorial_etl_dag.py
[2022-03-17 16:44:08,506] {logging_mixin.py:109} INFO - [2022-03-17 16:44:08,506] {dag.py:2398} INFO - Sync 1 DAGs
[2022-03-17 16:44:08,513] {logging_mixin.py:109} INFO - [2022-03-17 16:44:08,513] {dag.py:2937} INFO - Setting next_dagrun for tutorial_etl_dag to None
[2022-03-17 16:44:08,520] {processor.py:171} INFO - Processing /Users/louisekirkham/Documents/linkedin_learning/Ex_Files_Data_Engineering_Foundations/airflow_env/lib/python3.9/site-packages/airflow/example_dags/tutorial_etl_dag.py took 0.061 seconds
[2022-03-17 16:44:48,950] {processor.py:163} INFO - Started process (PID=45640) to work on /Users/louisekirkham/Documents/linkedin_learning/Ex_Files_Data_Engineering_Foundations/airflow_env/lib/python3.9/site-packages/airflow/example_dags/tutorial_etl_dag.py
[2022-03-17 16:44:48,951] {processor.py:642} INFO - Processing file /Users/louisekirkham/Documents/linkedin_learning/Ex_Files_Data_Engineering_Foundations/airflow_env/lib/python3.9/site-packages/airflow/example_dags/tutorial_etl_dag.py for tasks to queue
[2022-03-17 16:44:48,951] {logging_mixin.py:109} INFO - [2022-03-17 16:44:48,951] {dagbag.py:500} INFO - Filling up the DagBag from /Users/louisekirkham/Documents/linkedin_learning/Ex_Files_Data_Engineering_Foundations/airflow_env/lib/python3.9/site-packages/airflow/example_dags/tutorial_etl_dag.py
[2022-03-17 16:44:48,991] {processor.py:654} INFO - DAG(s) dict_keys(['tutorial_etl_dag']) retrieved from /Users/louisekirkham/Documents/linkedin_learning/Ex_Files_Data_Engineering_Foundations/airflow_env/lib/python3.9/site-packages/airflow/example_dags/tutorial_etl_dag.py
[2022-03-17 16:44:49,007] {logging_mixin.py:109} INFO - [2022-03-17 16:44:49,007] {dag.py:2398} INFO - Sync 1 DAGs
[2022-03-17 16:44:49,015] {logging_mixin.py:109} INFO - [2022-03-17 16:44:49,015] {dag.py:2937} INFO - Setting next_dagrun for tutorial_etl_dag to None
[2022-03-17 16:44:49,023] {processor.py:171} INFO - Processing /Users/louisekirkham/Documents/linkedin_learning/Ex_Files_Data_Engineering_Foundations/airflow_env/lib/python3.9/site-packages/airflow/example_dags/tutorial_etl_dag.py took 0.073 seconds
[2022-03-17 16:45:29,205] {processor.py:163} INFO - Started process (PID=45681) to work on /Users/louisekirkham/Documents/linkedin_learning/Ex_Files_Data_Engineering_Foundations/airflow_env/lib/python3.9/site-packages/airflow/example_dags/tutorial_etl_dag.py
[2022-03-17 16:45:29,207] {processor.py:642} INFO - Processing file /Users/louisekirkham/Documents/linkedin_learning/Ex_Files_Data_Engineering_Foundations/airflow_env/lib/python3.9/site-packages/airflow/example_dags/tutorial_etl_dag.py for tasks to queue
[2022-03-17 16:45:29,207] {logging_mixin.py:109} INFO - [2022-03-17 16:45:29,207] {dagbag.py:500} INFO - Filling up the DagBag from /Users/louisekirkham/Documents/linkedin_learning/Ex_Files_Data_Engineering_Foundations/airflow_env/lib/python3.9/site-packages/airflow/example_dags/tutorial_etl_dag.py
[2022-03-17 16:45:29,242] {processor.py:654} INFO - DAG(s) dict_keys(['tutorial_etl_dag']) retrieved from /Users/louisekirkham/Documents/linkedin_learning/Ex_Files_Data_Engineering_Foundations/airflow_env/lib/python3.9/site-packages/airflow/example_dags/tutorial_etl_dag.py
[2022-03-17 16:45:29,255] {logging_mixin.py:109} INFO - [2022-03-17 16:45:29,255] {dag.py:2398} INFO - Sync 1 DAGs
[2022-03-17 16:45:29,262] {logging_mixin.py:109} INFO - [2022-03-17 16:45:29,261] {dag.py:2937} INFO - Setting next_dagrun for tutorial_etl_dag to None
[2022-03-17 16:45:29,268] {processor.py:171} INFO - Processing /Users/louisekirkham/Documents/linkedin_learning/Ex_Files_Data_Engineering_Foundations/airflow_env/lib/python3.9/site-packages/airflow/example_dags/tutorial_etl_dag.py took 0.064 seconds
[2022-03-17 17:07:01,671] {processor.py:163} INFO - Started process (PID=45809) to work on /Users/louisekirkham/Documents/linkedin_learning/Ex_Files_Data_Engineering_Foundations/airflow_env/lib/python3.9/site-packages/airflow/example_dags/tutorial_etl_dag.py
[2022-03-17 17:07:01,673] {processor.py:642} INFO - Processing file /Users/louisekirkham/Documents/linkedin_learning/Ex_Files_Data_Engineering_Foundations/airflow_env/lib/python3.9/site-packages/airflow/example_dags/tutorial_etl_dag.py for tasks to queue
[2022-03-17 17:07:01,673] {logging_mixin.py:109} INFO - [2022-03-17 17:07:01,673] {dagbag.py:500} INFO - Filling up the DagBag from /Users/louisekirkham/Documents/linkedin_learning/Ex_Files_Data_Engineering_Foundations/airflow_env/lib/python3.9/site-packages/airflow/example_dags/tutorial_etl_dag.py
[2022-03-17 17:07:01,713] {processor.py:654} INFO - DAG(s) dict_keys(['tutorial_etl_dag']) retrieved from /Users/louisekirkham/Documents/linkedin_learning/Ex_Files_Data_Engineering_Foundations/airflow_env/lib/python3.9/site-packages/airflow/example_dags/tutorial_etl_dag.py
[2022-03-17 17:07:01,727] {logging_mixin.py:109} INFO - [2022-03-17 17:07:01,727] {dag.py:2398} INFO - Sync 1 DAGs
[2022-03-17 17:07:01,734] {logging_mixin.py:109} INFO - [2022-03-17 17:07:01,734] {dag.py:2937} INFO - Setting next_dagrun for tutorial_etl_dag to None
[2022-03-17 17:07:01,741] {processor.py:171} INFO - Processing /Users/louisekirkham/Documents/linkedin_learning/Ex_Files_Data_Engineering_Foundations/airflow_env/lib/python3.9/site-packages/airflow/example_dags/tutorial_etl_dag.py took 0.071 seconds
[2022-03-17 17:07:55,118] {processor.py:163} INFO - Started process (PID=45857) to work on /Users/louisekirkham/Documents/linkedin_learning/Ex_Files_Data_Engineering_Foundations/airflow_env/lib/python3.9/site-packages/airflow/example_dags/tutorial_etl_dag.py
[2022-03-17 17:07:55,120] {processor.py:642} INFO - Processing file /Users/louisekirkham/Documents/linkedin_learning/Ex_Files_Data_Engineering_Foundations/airflow_env/lib/python3.9/site-packages/airflow/example_dags/tutorial_etl_dag.py for tasks to queue
[2022-03-17 17:07:55,120] {logging_mixin.py:109} INFO - [2022-03-17 17:07:55,120] {dagbag.py:500} INFO - Filling up the DagBag from /Users/louisekirkham/Documents/linkedin_learning/Ex_Files_Data_Engineering_Foundations/airflow_env/lib/python3.9/site-packages/airflow/example_dags/tutorial_etl_dag.py
[2022-03-17 17:07:55,156] {processor.py:654} INFO - DAG(s) dict_keys(['tutorial_etl_dag']) retrieved from /Users/louisekirkham/Documents/linkedin_learning/Ex_Files_Data_Engineering_Foundations/airflow_env/lib/python3.9/site-packages/airflow/example_dags/tutorial_etl_dag.py
[2022-03-17 17:07:55,169] {logging_mixin.py:109} INFO - [2022-03-17 17:07:55,168] {dag.py:2398} INFO - Sync 1 DAGs
[2022-03-17 17:07:55,175] {logging_mixin.py:109} INFO - [2022-03-17 17:07:55,175] {dag.py:2937} INFO - Setting next_dagrun for tutorial_etl_dag to None
[2022-03-17 17:07:55,182] {processor.py:171} INFO - Processing /Users/louisekirkham/Documents/linkedin_learning/Ex_Files_Data_Engineering_Foundations/airflow_env/lib/python3.9/site-packages/airflow/example_dags/tutorial_etl_dag.py took 0.064 seconds
[2022-03-17 17:08:35,336] {processor.py:163} INFO - Started process (PID=45878) to work on /Users/louisekirkham/Documents/linkedin_learning/Ex_Files_Data_Engineering_Foundations/airflow_env/lib/python3.9/site-packages/airflow/example_dags/tutorial_etl_dag.py
[2022-03-17 17:08:35,338] {processor.py:642} INFO - Processing file /Users/louisekirkham/Documents/linkedin_learning/Ex_Files_Data_Engineering_Foundations/airflow_env/lib/python3.9/site-packages/airflow/example_dags/tutorial_etl_dag.py for tasks to queue
[2022-03-17 17:08:35,338] {logging_mixin.py:109} INFO - [2022-03-17 17:08:35,338] {dagbag.py:500} INFO - Filling up the DagBag from /Users/louisekirkham/Documents/linkedin_learning/Ex_Files_Data_Engineering_Foundations/airflow_env/lib/python3.9/site-packages/airflow/example_dags/tutorial_etl_dag.py
[2022-03-17 17:08:35,372] {processor.py:654} INFO - DAG(s) dict_keys(['tutorial_etl_dag']) retrieved from /Users/louisekirkham/Documents/linkedin_learning/Ex_Files_Data_Engineering_Foundations/airflow_env/lib/python3.9/site-packages/airflow/example_dags/tutorial_etl_dag.py
[2022-03-17 17:08:35,384] {logging_mixin.py:109} INFO - [2022-03-17 17:08:35,384] {dag.py:2398} INFO - Sync 1 DAGs
[2022-03-17 17:08:35,390] {logging_mixin.py:109} INFO - [2022-03-17 17:08:35,390] {dag.py:2937} INFO - Setting next_dagrun for tutorial_etl_dag to None
[2022-03-17 17:08:35,396] {processor.py:171} INFO - Processing /Users/louisekirkham/Documents/linkedin_learning/Ex_Files_Data_Engineering_Foundations/airflow_env/lib/python3.9/site-packages/airflow/example_dags/tutorial_etl_dag.py took 0.061 seconds
[2022-03-17 17:09:18,524] {processor.py:163} INFO - Started process (PID=45920) to work on /Users/louisekirkham/Documents/linkedin_learning/Ex_Files_Data_Engineering_Foundations/airflow_env/lib/python3.9/site-packages/airflow/example_dags/tutorial_etl_dag.py
[2022-03-17 17:09:18,525] {processor.py:642} INFO - Processing file /Users/louisekirkham/Documents/linkedin_learning/Ex_Files_Data_Engineering_Foundations/airflow_env/lib/python3.9/site-packages/airflow/example_dags/tutorial_etl_dag.py for tasks to queue
[2022-03-17 17:09:18,525] {logging_mixin.py:109} INFO - [2022-03-17 17:09:18,525] {dagbag.py:500} INFO - Filling up the DagBag from /Users/louisekirkham/Documents/linkedin_learning/Ex_Files_Data_Engineering_Foundations/airflow_env/lib/python3.9/site-packages/airflow/example_dags/tutorial_etl_dag.py
[2022-03-17 17:09:18,565] {processor.py:654} INFO - DAG(s) dict_keys(['tutorial_etl_dag']) retrieved from /Users/louisekirkham/Documents/linkedin_learning/Ex_Files_Data_Engineering_Foundations/airflow_env/lib/python3.9/site-packages/airflow/example_dags/tutorial_etl_dag.py
[2022-03-17 17:09:18,579] {logging_mixin.py:109} INFO - [2022-03-17 17:09:18,579] {dag.py:2398} INFO - Sync 1 DAGs
[2022-03-17 17:09:18,586] {logging_mixin.py:109} INFO - [2022-03-17 17:09:18,585] {dag.py:2937} INFO - Setting next_dagrun for tutorial_etl_dag to None
[2022-03-17 17:09:18,592] {processor.py:171} INFO - Processing /Users/louisekirkham/Documents/linkedin_learning/Ex_Files_Data_Engineering_Foundations/airflow_env/lib/python3.9/site-packages/airflow/example_dags/tutorial_etl_dag.py took 0.068 seconds
[2022-03-17 17:10:01,242] {processor.py:163} INFO - Started process (PID=45949) to work on /Users/louisekirkham/Documents/linkedin_learning/Ex_Files_Data_Engineering_Foundations/airflow_env/lib/python3.9/site-packages/airflow/example_dags/tutorial_etl_dag.py
[2022-03-17 17:10:01,242] {processor.py:642} INFO - Processing file /Users/louisekirkham/Documents/linkedin_learning/Ex_Files_Data_Engineering_Foundations/airflow_env/lib/python3.9/site-packages/airflow/example_dags/tutorial_etl_dag.py for tasks to queue
[2022-03-17 17:10:01,242] {logging_mixin.py:109} INFO - [2022-03-17 17:10:01,242] {dagbag.py:500} INFO - Filling up the DagBag from /Users/louisekirkham/Documents/linkedin_learning/Ex_Files_Data_Engineering_Foundations/airflow_env/lib/python3.9/site-packages/airflow/example_dags/tutorial_etl_dag.py
[2022-03-17 17:10:01,276] {processor.py:654} INFO - DAG(s) dict_keys(['tutorial_etl_dag']) retrieved from /Users/louisekirkham/Documents/linkedin_learning/Ex_Files_Data_Engineering_Foundations/airflow_env/lib/python3.9/site-packages/airflow/example_dags/tutorial_etl_dag.py
[2022-03-17 17:10:01,289] {logging_mixin.py:109} INFO - [2022-03-17 17:10:01,289] {dag.py:2398} INFO - Sync 1 DAGs
[2022-03-17 17:10:01,295] {logging_mixin.py:109} INFO - [2022-03-17 17:10:01,295] {dag.py:2937} INFO - Setting next_dagrun for tutorial_etl_dag to None
[2022-03-17 17:10:01,301] {processor.py:171} INFO - Processing /Users/louisekirkham/Documents/linkedin_learning/Ex_Files_Data_Engineering_Foundations/airflow_env/lib/python3.9/site-packages/airflow/example_dags/tutorial_etl_dag.py took 0.060 seconds
[2022-03-17 17:10:41,795] {processor.py:163} INFO - Started process (PID=45985) to work on /Users/louisekirkham/Documents/linkedin_learning/Ex_Files_Data_Engineering_Foundations/airflow_env/lib/python3.9/site-packages/airflow/example_dags/tutorial_etl_dag.py
[2022-03-17 17:10:41,796] {processor.py:642} INFO - Processing file /Users/louisekirkham/Documents/linkedin_learning/Ex_Files_Data_Engineering_Foundations/airflow_env/lib/python3.9/site-packages/airflow/example_dags/tutorial_etl_dag.py for tasks to queue
[2022-03-17 17:10:41,796] {logging_mixin.py:109} INFO - [2022-03-17 17:10:41,796] {dagbag.py:500} INFO - Filling up the DagBag from /Users/louisekirkham/Documents/linkedin_learning/Ex_Files_Data_Engineering_Foundations/airflow_env/lib/python3.9/site-packages/airflow/example_dags/tutorial_etl_dag.py
[2022-03-17 17:10:41,829] {processor.py:654} INFO - DAG(s) dict_keys(['tutorial_etl_dag']) retrieved from /Users/louisekirkham/Documents/linkedin_learning/Ex_Files_Data_Engineering_Foundations/airflow_env/lib/python3.9/site-packages/airflow/example_dags/tutorial_etl_dag.py
[2022-03-17 17:10:41,842] {logging_mixin.py:109} INFO - [2022-03-17 17:10:41,841] {dag.py:2398} INFO - Sync 1 DAGs
[2022-03-17 17:10:41,848] {logging_mixin.py:109} INFO - [2022-03-17 17:10:41,848] {dag.py:2937} INFO - Setting next_dagrun for tutorial_etl_dag to None
[2022-03-17 17:10:41,855] {processor.py:171} INFO - Processing /Users/louisekirkham/Documents/linkedin_learning/Ex_Files_Data_Engineering_Foundations/airflow_env/lib/python3.9/site-packages/airflow/example_dags/tutorial_etl_dag.py took 0.060 seconds
[2022-03-17 17:11:22,234] {processor.py:163} INFO - Started process (PID=46006) to work on /Users/louisekirkham/Documents/linkedin_learning/Ex_Files_Data_Engineering_Foundations/airflow_env/lib/python3.9/site-packages/airflow/example_dags/tutorial_etl_dag.py
[2022-03-17 17:11:22,235] {processor.py:642} INFO - Processing file /Users/louisekirkham/Documents/linkedin_learning/Ex_Files_Data_Engineering_Foundations/airflow_env/lib/python3.9/site-packages/airflow/example_dags/tutorial_etl_dag.py for tasks to queue
[2022-03-17 17:11:22,235] {logging_mixin.py:109} INFO - [2022-03-17 17:11:22,235] {dagbag.py:500} INFO - Filling up the DagBag from /Users/louisekirkham/Documents/linkedin_learning/Ex_Files_Data_Engineering_Foundations/airflow_env/lib/python3.9/site-packages/airflow/example_dags/tutorial_etl_dag.py
[2022-03-17 17:11:22,269] {processor.py:654} INFO - DAG(s) dict_keys(['tutorial_etl_dag']) retrieved from /Users/louisekirkham/Documents/linkedin_learning/Ex_Files_Data_Engineering_Foundations/airflow_env/lib/python3.9/site-packages/airflow/example_dags/tutorial_etl_dag.py
[2022-03-17 17:11:22,282] {logging_mixin.py:109} INFO - [2022-03-17 17:11:22,282] {dag.py:2398} INFO - Sync 1 DAGs
[2022-03-17 17:11:22,290] {logging_mixin.py:109} INFO - [2022-03-17 17:11:22,290] {dag.py:2937} INFO - Setting next_dagrun for tutorial_etl_dag to None
[2022-03-17 17:11:22,296] {processor.py:171} INFO - Processing /Users/louisekirkham/Documents/linkedin_learning/Ex_Files_Data_Engineering_Foundations/airflow_env/lib/python3.9/site-packages/airflow/example_dags/tutorial_etl_dag.py took 0.062 seconds
[2022-03-17 19:13:22,864] {processor.py:163} INFO - Started process (PID=46102) to work on /Users/louisekirkham/Documents/linkedin_learning/Ex_Files_Data_Engineering_Foundations/airflow_env/lib/python3.9/site-packages/airflow/example_dags/tutorial_etl_dag.py
[2022-03-17 19:13:22,868] {processor.py:642} INFO - Processing file /Users/louisekirkham/Documents/linkedin_learning/Ex_Files_Data_Engineering_Foundations/airflow_env/lib/python3.9/site-packages/airflow/example_dags/tutorial_etl_dag.py for tasks to queue
[2022-03-17 19:13:22,869] {logging_mixin.py:109} INFO - [2022-03-17 19:13:22,869] {dagbag.py:500} INFO - Filling up the DagBag from /Users/louisekirkham/Documents/linkedin_learning/Ex_Files_Data_Engineering_Foundations/airflow_env/lib/python3.9/site-packages/airflow/example_dags/tutorial_etl_dag.py
[2022-03-17 19:13:23,134] {processor.py:654} INFO - DAG(s) dict_keys(['tutorial_etl_dag']) retrieved from /Users/louisekirkham/Documents/linkedin_learning/Ex_Files_Data_Engineering_Foundations/airflow_env/lib/python3.9/site-packages/airflow/example_dags/tutorial_etl_dag.py
[2022-03-17 19:13:23,152] {logging_mixin.py:109} INFO - [2022-03-17 19:13:23,152] {dag.py:2398} INFO - Sync 1 DAGs
[2022-03-17 19:13:23,161] {logging_mixin.py:109} INFO - [2022-03-17 19:13:23,161] {dag.py:2937} INFO - Setting next_dagrun for tutorial_etl_dag to None
[2022-03-17 19:13:23,172] {processor.py:171} INFO - Processing /Users/louisekirkham/Documents/linkedin_learning/Ex_Files_Data_Engineering_Foundations/airflow_env/lib/python3.9/site-packages/airflow/example_dags/tutorial_etl_dag.py took 0.308 seconds
