[2022-03-17 16:02:05,029] {processor.py:163} INFO - Started process (PID=44867) to work on /Users/louisekirkham/Documents/linkedin_learning/Ex_Files_Data_Engineering_Foundations/airflow_env/lib/python3.9/site-packages/airflow/example_dags/tutorial.py
[2022-03-17 16:02:05,030] {processor.py:642} INFO - Processing file /Users/louisekirkham/Documents/linkedin_learning/Ex_Files_Data_Engineering_Foundations/airflow_env/lib/python3.9/site-packages/airflow/example_dags/tutorial.py for tasks to queue
[2022-03-17 16:02:05,030] {logging_mixin.py:109} INFO - [2022-03-17 16:02:05,030] {dagbag.py:500} INFO - Filling up the DagBag from /Users/louisekirkham/Documents/linkedin_learning/Ex_Files_Data_Engineering_Foundations/airflow_env/lib/python3.9/site-packages/airflow/example_dags/tutorial.py
[2022-03-17 16:02:05,058] {processor.py:654} INFO - DAG(s) dict_keys(['tutorial']) retrieved from /Users/louisekirkham/Documents/linkedin_learning/Ex_Files_Data_Engineering_Foundations/airflow_env/lib/python3.9/site-packages/airflow/example_dags/tutorial.py
[2022-03-17 16:02:05,070] {logging_mixin.py:109} INFO - [2022-03-17 16:02:05,070] {dag.py:2398} INFO - Sync 1 DAGs
[2022-03-17 16:02:05,077] {logging_mixin.py:109} INFO - [2022-03-17 16:02:05,077] {dag.py:2937} INFO - Setting next_dagrun for tutorial to 2022-03-16T16:02:05.077237+00:00
[2022-03-17 16:02:05,083] {processor.py:171} INFO - Processing /Users/louisekirkham/Documents/linkedin_learning/Ex_Files_Data_Engineering_Foundations/airflow_env/lib/python3.9/site-packages/airflow/example_dags/tutorial.py took 0.054 seconds
[2022-03-17 16:02:47,480] {processor.py:163} INFO - Started process (PID=44934) to work on /Users/louisekirkham/Documents/linkedin_learning/Ex_Files_Data_Engineering_Foundations/airflow_env/lib/python3.9/site-packages/airflow/example_dags/tutorial.py
[2022-03-17 16:02:47,480] {processor.py:642} INFO - Processing file /Users/louisekirkham/Documents/linkedin_learning/Ex_Files_Data_Engineering_Foundations/airflow_env/lib/python3.9/site-packages/airflow/example_dags/tutorial.py for tasks to queue
[2022-03-17 16:02:47,481] {logging_mixin.py:109} INFO - [2022-03-17 16:02:47,481] {dagbag.py:500} INFO - Filling up the DagBag from /Users/louisekirkham/Documents/linkedin_learning/Ex_Files_Data_Engineering_Foundations/airflow_env/lib/python3.9/site-packages/airflow/example_dags/tutorial.py
[2022-03-17 16:02:47,515] {processor.py:654} INFO - DAG(s) dict_keys(['tutorial']) retrieved from /Users/louisekirkham/Documents/linkedin_learning/Ex_Files_Data_Engineering_Foundations/airflow_env/lib/python3.9/site-packages/airflow/example_dags/tutorial.py
[2022-03-17 16:02:47,532] {logging_mixin.py:109} INFO - [2022-03-17 16:02:47,531] {dag.py:2398} INFO - Sync 1 DAGs
[2022-03-17 16:02:47,540] {logging_mixin.py:109} INFO - [2022-03-17 16:02:47,540] {dag.py:2937} INFO - Setting next_dagrun for tutorial to 2022-03-16T16:02:47.540426+00:00
[2022-03-17 16:02:47,548] {processor.py:171} INFO - Processing /Users/louisekirkham/Documents/linkedin_learning/Ex_Files_Data_Engineering_Foundations/airflow_env/lib/python3.9/site-packages/airflow/example_dags/tutorial.py took 0.069 seconds
[2022-03-17 16:34:02,018] {processor.py:163} INFO - Started process (PID=45054) to work on /Users/louisekirkham/Documents/linkedin_learning/Ex_Files_Data_Engineering_Foundations/airflow_env/lib/python3.9/site-packages/airflow/example_dags/tutorial.py
[2022-03-17 16:34:02,020] {processor.py:642} INFO - Processing file /Users/louisekirkham/Documents/linkedin_learning/Ex_Files_Data_Engineering_Foundations/airflow_env/lib/python3.9/site-packages/airflow/example_dags/tutorial.py for tasks to queue
[2022-03-17 16:34:02,021] {logging_mixin.py:109} INFO - [2022-03-17 16:34:02,020] {dagbag.py:500} INFO - Filling up the DagBag from /Users/louisekirkham/Documents/linkedin_learning/Ex_Files_Data_Engineering_Foundations/airflow_env/lib/python3.9/site-packages/airflow/example_dags/tutorial.py
[2022-03-17 16:34:02,382] {processor.py:654} INFO - DAG(s) dict_keys(['tutorial']) retrieved from /Users/louisekirkham/Documents/linkedin_learning/Ex_Files_Data_Engineering_Foundations/airflow_env/lib/python3.9/site-packages/airflow/example_dags/tutorial.py
[2022-03-17 16:34:02,439] {logging_mixin.py:109} INFO - [2022-03-17 16:34:02,439] {dag.py:2398} INFO - Sync 1 DAGs
[2022-03-17 16:34:02,493] {logging_mixin.py:109} INFO - [2022-03-17 16:34:02,492] {dag.py:2937} INFO - Setting next_dagrun for tutorial to 2022-03-16T16:34:02.492695+00:00
[2022-03-17 16:34:02,521] {processor.py:171} INFO - Processing /Users/louisekirkham/Documents/linkedin_learning/Ex_Files_Data_Engineering_Foundations/airflow_env/lib/python3.9/site-packages/airflow/example_dags/tutorial.py took 0.507 seconds
[2022-03-17 16:35:11,232] {processor.py:163} INFO - Started process (PID=45132) to work on /Users/louisekirkham/Documents/linkedin_learning/Ex_Files_Data_Engineering_Foundations/airflow_env/lib/python3.9/site-packages/airflow/example_dags/tutorial.py
[2022-03-17 16:35:11,234] {processor.py:642} INFO - Processing file /Users/louisekirkham/Documents/linkedin_learning/Ex_Files_Data_Engineering_Foundations/airflow_env/lib/python3.9/site-packages/airflow/example_dags/tutorial.py for tasks to queue
[2022-03-17 16:35:11,234] {logging_mixin.py:109} INFO - [2022-03-17 16:35:11,234] {dagbag.py:500} INFO - Filling up the DagBag from /Users/louisekirkham/Documents/linkedin_learning/Ex_Files_Data_Engineering_Foundations/airflow_env/lib/python3.9/site-packages/airflow/example_dags/tutorial.py
[2022-03-17 16:35:11,261] {processor.py:654} INFO - DAG(s) dict_keys(['tutorial']) retrieved from /Users/louisekirkham/Documents/linkedin_learning/Ex_Files_Data_Engineering_Foundations/airflow_env/lib/python3.9/site-packages/airflow/example_dags/tutorial.py
[2022-03-17 16:35:11,274] {logging_mixin.py:109} INFO - [2022-03-17 16:35:11,274] {dag.py:2398} INFO - Sync 1 DAGs
[2022-03-17 16:35:11,280] {logging_mixin.py:109} INFO - [2022-03-17 16:35:11,280] {dag.py:2937} INFO - Setting next_dagrun for tutorial to 2022-03-16T16:35:11.280557+00:00
[2022-03-17 16:35:11,286] {processor.py:171} INFO - Processing /Users/louisekirkham/Documents/linkedin_learning/Ex_Files_Data_Engineering_Foundations/airflow_env/lib/python3.9/site-packages/airflow/example_dags/tutorial.py took 0.055 seconds
[2022-03-17 16:35:59,810] {processor.py:163} INFO - Started process (PID=45193) to work on /Users/louisekirkham/Documents/linkedin_learning/Ex_Files_Data_Engineering_Foundations/airflow_env/lib/python3.9/site-packages/airflow/example_dags/tutorial.py
[2022-03-17 16:35:59,810] {processor.py:642} INFO - Processing file /Users/louisekirkham/Documents/linkedin_learning/Ex_Files_Data_Engineering_Foundations/airflow_env/lib/python3.9/site-packages/airflow/example_dags/tutorial.py for tasks to queue
[2022-03-17 16:35:59,811] {logging_mixin.py:109} INFO - [2022-03-17 16:35:59,811] {dagbag.py:500} INFO - Filling up the DagBag from /Users/louisekirkham/Documents/linkedin_learning/Ex_Files_Data_Engineering_Foundations/airflow_env/lib/python3.9/site-packages/airflow/example_dags/tutorial.py
[2022-03-17 16:35:59,839] {processor.py:654} INFO - DAG(s) dict_keys(['tutorial']) retrieved from /Users/louisekirkham/Documents/linkedin_learning/Ex_Files_Data_Engineering_Foundations/airflow_env/lib/python3.9/site-packages/airflow/example_dags/tutorial.py
[2022-03-17 16:35:59,852] {logging_mixin.py:109} INFO - [2022-03-17 16:35:59,852] {dag.py:2398} INFO - Sync 1 DAGs
[2022-03-17 16:35:59,859] {logging_mixin.py:109} INFO - [2022-03-17 16:35:59,859] {dag.py:2937} INFO - Setting next_dagrun for tutorial to 2022-03-16T16:35:59.859335+00:00
[2022-03-17 16:35:59,866] {processor.py:171} INFO - Processing /Users/louisekirkham/Documents/linkedin_learning/Ex_Files_Data_Engineering_Foundations/airflow_env/lib/python3.9/site-packages/airflow/example_dags/tutorial.py took 0.056 seconds
[2022-03-17 16:36:44,492] {processor.py:163} INFO - Started process (PID=45221) to work on /Users/louisekirkham/Documents/linkedin_learning/Ex_Files_Data_Engineering_Foundations/airflow_env/lib/python3.9/site-packages/airflow/example_dags/tutorial.py
[2022-03-17 16:36:44,493] {processor.py:642} INFO - Processing file /Users/louisekirkham/Documents/linkedin_learning/Ex_Files_Data_Engineering_Foundations/airflow_env/lib/python3.9/site-packages/airflow/example_dags/tutorial.py for tasks to queue
[2022-03-17 16:36:44,493] {logging_mixin.py:109} INFO - [2022-03-17 16:36:44,493] {dagbag.py:500} INFO - Filling up the DagBag from /Users/louisekirkham/Documents/linkedin_learning/Ex_Files_Data_Engineering_Foundations/airflow_env/lib/python3.9/site-packages/airflow/example_dags/tutorial.py
[2022-03-17 16:36:44,520] {processor.py:654} INFO - DAG(s) dict_keys(['tutorial']) retrieved from /Users/louisekirkham/Documents/linkedin_learning/Ex_Files_Data_Engineering_Foundations/airflow_env/lib/python3.9/site-packages/airflow/example_dags/tutorial.py
[2022-03-17 16:36:44,534] {logging_mixin.py:109} INFO - [2022-03-17 16:36:44,534] {dag.py:2398} INFO - Sync 1 DAGs
[2022-03-17 16:36:44,542] {logging_mixin.py:109} INFO - [2022-03-17 16:36:44,542] {dag.py:2937} INFO - Setting next_dagrun for tutorial to 2022-03-16T16:36:44.542680+00:00
[2022-03-17 16:36:44,549] {processor.py:171} INFO - Processing /Users/louisekirkham/Documents/linkedin_learning/Ex_Files_Data_Engineering_Foundations/airflow_env/lib/python3.9/site-packages/airflow/example_dags/tutorial.py took 0.058 seconds
[2022-03-17 16:38:05,245] {processor.py:163} INFO - Started process (PID=45292) to work on /Users/louisekirkham/Documents/linkedin_learning/Ex_Files_Data_Engineering_Foundations/airflow_env/lib/python3.9/site-packages/airflow/example_dags/tutorial.py
[2022-03-17 16:38:05,246] {processor.py:642} INFO - Processing file /Users/louisekirkham/Documents/linkedin_learning/Ex_Files_Data_Engineering_Foundations/airflow_env/lib/python3.9/site-packages/airflow/example_dags/tutorial.py for tasks to queue
[2022-03-17 16:38:05,246] {logging_mixin.py:109} INFO - [2022-03-17 16:38:05,246] {dagbag.py:500} INFO - Filling up the DagBag from /Users/louisekirkham/Documents/linkedin_learning/Ex_Files_Data_Engineering_Foundations/airflow_env/lib/python3.9/site-packages/airflow/example_dags/tutorial.py
[2022-03-17 16:38:05,277] {processor.py:654} INFO - DAG(s) dict_keys(['tutorial']) retrieved from /Users/louisekirkham/Documents/linkedin_learning/Ex_Files_Data_Engineering_Foundations/airflow_env/lib/python3.9/site-packages/airflow/example_dags/tutorial.py
[2022-03-17 16:38:05,293] {logging_mixin.py:109} INFO - [2022-03-17 16:38:05,292] {dag.py:2398} INFO - Sync 1 DAGs
[2022-03-17 16:38:05,300] {logging_mixin.py:109} INFO - [2022-03-17 16:38:05,300] {dag.py:2937} INFO - Setting next_dagrun for tutorial to 2022-03-16T16:38:05.300244+00:00
[2022-03-17 16:38:05,308] {processor.py:171} INFO - Processing /Users/louisekirkham/Documents/linkedin_learning/Ex_Files_Data_Engineering_Foundations/airflow_env/lib/python3.9/site-packages/airflow/example_dags/tutorial.py took 0.063 seconds
[2022-03-17 16:39:26,460] {processor.py:163} INFO - Started process (PID=45360) to work on /Users/louisekirkham/Documents/linkedin_learning/Ex_Files_Data_Engineering_Foundations/airflow_env/lib/python3.9/site-packages/airflow/example_dags/tutorial.py
[2022-03-17 16:39:26,460] {processor.py:642} INFO - Processing file /Users/louisekirkham/Documents/linkedin_learning/Ex_Files_Data_Engineering_Foundations/airflow_env/lib/python3.9/site-packages/airflow/example_dags/tutorial.py for tasks to queue
[2022-03-17 16:39:26,461] {logging_mixin.py:109} INFO - [2022-03-17 16:39:26,461] {dagbag.py:500} INFO - Filling up the DagBag from /Users/louisekirkham/Documents/linkedin_learning/Ex_Files_Data_Engineering_Foundations/airflow_env/lib/python3.9/site-packages/airflow/example_dags/tutorial.py
[2022-03-17 16:39:26,491] {processor.py:654} INFO - DAG(s) dict_keys(['tutorial']) retrieved from /Users/louisekirkham/Documents/linkedin_learning/Ex_Files_Data_Engineering_Foundations/airflow_env/lib/python3.9/site-packages/airflow/example_dags/tutorial.py
[2022-03-17 16:39:26,506] {logging_mixin.py:109} INFO - [2022-03-17 16:39:26,506] {dag.py:2398} INFO - Sync 1 DAGs
[2022-03-17 16:39:26,513] {logging_mixin.py:109} INFO - [2022-03-17 16:39:26,513] {dag.py:2937} INFO - Setting next_dagrun for tutorial to 2022-03-16T16:39:26.513333+00:00
[2022-03-17 16:39:26,520] {processor.py:171} INFO - Processing /Users/louisekirkham/Documents/linkedin_learning/Ex_Files_Data_Engineering_Foundations/airflow_env/lib/python3.9/site-packages/airflow/example_dags/tutorial.py took 0.060 seconds
[2022-03-17 16:40:46,953] {processor.py:163} INFO - Started process (PID=45417) to work on /Users/louisekirkham/Documents/linkedin_learning/Ex_Files_Data_Engineering_Foundations/airflow_env/lib/python3.9/site-packages/airflow/example_dags/tutorial.py
[2022-03-17 16:40:46,953] {processor.py:642} INFO - Processing file /Users/louisekirkham/Documents/linkedin_learning/Ex_Files_Data_Engineering_Foundations/airflow_env/lib/python3.9/site-packages/airflow/example_dags/tutorial.py for tasks to queue
[2022-03-17 16:40:46,954] {logging_mixin.py:109} INFO - [2022-03-17 16:40:46,954] {dagbag.py:500} INFO - Filling up the DagBag from /Users/louisekirkham/Documents/linkedin_learning/Ex_Files_Data_Engineering_Foundations/airflow_env/lib/python3.9/site-packages/airflow/example_dags/tutorial.py
[2022-03-17 16:40:46,982] {processor.py:654} INFO - DAG(s) dict_keys(['tutorial']) retrieved from /Users/louisekirkham/Documents/linkedin_learning/Ex_Files_Data_Engineering_Foundations/airflow_env/lib/python3.9/site-packages/airflow/example_dags/tutorial.py
[2022-03-17 16:40:46,996] {logging_mixin.py:109} INFO - [2022-03-17 16:40:46,995] {dag.py:2398} INFO - Sync 1 DAGs
[2022-03-17 16:40:47,004] {logging_mixin.py:109} INFO - [2022-03-17 16:40:47,004] {dag.py:2937} INFO - Setting next_dagrun for tutorial to 2022-03-16T16:40:47.004210+00:00
[2022-03-17 16:40:47,012] {processor.py:171} INFO - Processing /Users/louisekirkham/Documents/linkedin_learning/Ex_Files_Data_Engineering_Foundations/airflow_env/lib/python3.9/site-packages/airflow/example_dags/tutorial.py took 0.059 seconds
[2022-03-17 16:42:07,822] {processor.py:163} INFO - Started process (PID=45478) to work on /Users/louisekirkham/Documents/linkedin_learning/Ex_Files_Data_Engineering_Foundations/airflow_env/lib/python3.9/site-packages/airflow/example_dags/tutorial.py
[2022-03-17 16:42:07,823] {processor.py:642} INFO - Processing file /Users/louisekirkham/Documents/linkedin_learning/Ex_Files_Data_Engineering_Foundations/airflow_env/lib/python3.9/site-packages/airflow/example_dags/tutorial.py for tasks to queue
[2022-03-17 16:42:07,823] {logging_mixin.py:109} INFO - [2022-03-17 16:42:07,823] {dagbag.py:500} INFO - Filling up the DagBag from /Users/louisekirkham/Documents/linkedin_learning/Ex_Files_Data_Engineering_Foundations/airflow_env/lib/python3.9/site-packages/airflow/example_dags/tutorial.py
[2022-03-17 16:42:07,856] {processor.py:654} INFO - DAG(s) dict_keys(['tutorial']) retrieved from /Users/louisekirkham/Documents/linkedin_learning/Ex_Files_Data_Engineering_Foundations/airflow_env/lib/python3.9/site-packages/airflow/example_dags/tutorial.py
[2022-03-17 16:42:07,871] {logging_mixin.py:109} INFO - [2022-03-17 16:42:07,871] {dag.py:2398} INFO - Sync 1 DAGs
[2022-03-17 16:42:07,880] {logging_mixin.py:109} INFO - [2022-03-17 16:42:07,879] {dag.py:2937} INFO - Setting next_dagrun for tutorial to 2022-03-16T16:42:07.879856+00:00
[2022-03-17 16:42:07,887] {processor.py:171} INFO - Processing /Users/louisekirkham/Documents/linkedin_learning/Ex_Files_Data_Engineering_Foundations/airflow_env/lib/python3.9/site-packages/airflow/example_dags/tutorial.py took 0.066 seconds
[2022-03-17 16:43:30,029] {processor.py:163} INFO - Started process (PID=45571) to work on /Users/louisekirkham/Documents/linkedin_learning/Ex_Files_Data_Engineering_Foundations/airflow_env/lib/python3.9/site-packages/airflow/example_dags/tutorial.py
[2022-03-17 16:43:30,029] {processor.py:642} INFO - Processing file /Users/louisekirkham/Documents/linkedin_learning/Ex_Files_Data_Engineering_Foundations/airflow_env/lib/python3.9/site-packages/airflow/example_dags/tutorial.py for tasks to queue
[2022-03-17 16:43:30,030] {logging_mixin.py:109} INFO - [2022-03-17 16:43:30,030] {dagbag.py:500} INFO - Filling up the DagBag from /Users/louisekirkham/Documents/linkedin_learning/Ex_Files_Data_Engineering_Foundations/airflow_env/lib/python3.9/site-packages/airflow/example_dags/tutorial.py
[2022-03-17 16:43:30,058] {processor.py:654} INFO - DAG(s) dict_keys(['tutorial']) retrieved from /Users/louisekirkham/Documents/linkedin_learning/Ex_Files_Data_Engineering_Foundations/airflow_env/lib/python3.9/site-packages/airflow/example_dags/tutorial.py
[2022-03-17 16:43:30,073] {logging_mixin.py:109} INFO - [2022-03-17 16:43:30,073] {dag.py:2398} INFO - Sync 1 DAGs
[2022-03-17 16:43:30,080] {logging_mixin.py:109} INFO - [2022-03-17 16:43:30,080] {dag.py:2937} INFO - Setting next_dagrun for tutorial to 2022-03-16T16:43:30.080717+00:00
[2022-03-17 16:43:30,088] {processor.py:171} INFO - Processing /Users/louisekirkham/Documents/linkedin_learning/Ex_Files_Data_Engineering_Foundations/airflow_env/lib/python3.9/site-packages/airflow/example_dags/tutorial.py took 0.060 seconds
[2022-03-17 16:44:51,053] {processor.py:163} INFO - Started process (PID=45644) to work on /Users/louisekirkham/Documents/linkedin_learning/Ex_Files_Data_Engineering_Foundations/airflow_env/lib/python3.9/site-packages/airflow/example_dags/tutorial.py
[2022-03-17 16:44:51,054] {processor.py:642} INFO - Processing file /Users/louisekirkham/Documents/linkedin_learning/Ex_Files_Data_Engineering_Foundations/airflow_env/lib/python3.9/site-packages/airflow/example_dags/tutorial.py for tasks to queue
[2022-03-17 16:44:51,054] {logging_mixin.py:109} INFO - [2022-03-17 16:44:51,054] {dagbag.py:500} INFO - Filling up the DagBag from /Users/louisekirkham/Documents/linkedin_learning/Ex_Files_Data_Engineering_Foundations/airflow_env/lib/python3.9/site-packages/airflow/example_dags/tutorial.py
[2022-03-17 16:44:51,080] {processor.py:654} INFO - DAG(s) dict_keys(['tutorial']) retrieved from /Users/louisekirkham/Documents/linkedin_learning/Ex_Files_Data_Engineering_Foundations/airflow_env/lib/python3.9/site-packages/airflow/example_dags/tutorial.py
[2022-03-17 16:44:51,093] {logging_mixin.py:109} INFO - [2022-03-17 16:44:51,093] {dag.py:2398} INFO - Sync 1 DAGs
[2022-03-17 16:44:51,100] {logging_mixin.py:109} INFO - [2022-03-17 16:44:51,100] {dag.py:2937} INFO - Setting next_dagrun for tutorial to 2022-03-16T16:44:51.100466+00:00
[2022-03-17 16:44:51,107] {processor.py:171} INFO - Processing /Users/louisekirkham/Documents/linkedin_learning/Ex_Files_Data_Engineering_Foundations/airflow_env/lib/python3.9/site-packages/airflow/example_dags/tutorial.py took 0.054 seconds
[2022-03-17 17:07:03,372] {processor.py:163} INFO - Started process (PID=45810) to work on /Users/louisekirkham/Documents/linkedin_learning/Ex_Files_Data_Engineering_Foundations/airflow_env/lib/python3.9/site-packages/airflow/example_dags/tutorial.py
[2022-03-17 17:07:03,372] {processor.py:642} INFO - Processing file /Users/louisekirkham/Documents/linkedin_learning/Ex_Files_Data_Engineering_Foundations/airflow_env/lib/python3.9/site-packages/airflow/example_dags/tutorial.py for tasks to queue
[2022-03-17 17:07:03,373] {logging_mixin.py:109} INFO - [2022-03-17 17:07:03,373] {dagbag.py:500} INFO - Filling up the DagBag from /Users/louisekirkham/Documents/linkedin_learning/Ex_Files_Data_Engineering_Foundations/airflow_env/lib/python3.9/site-packages/airflow/example_dags/tutorial.py
[2022-03-17 17:07:03,402] {processor.py:654} INFO - DAG(s) dict_keys(['tutorial']) retrieved from /Users/louisekirkham/Documents/linkedin_learning/Ex_Files_Data_Engineering_Foundations/airflow_env/lib/python3.9/site-packages/airflow/example_dags/tutorial.py
[2022-03-17 17:07:03,417] {logging_mixin.py:109} INFO - [2022-03-17 17:07:03,417] {dag.py:2398} INFO - Sync 1 DAGs
[2022-03-17 17:07:03,425] {logging_mixin.py:109} INFO - [2022-03-17 17:07:03,425] {dag.py:2937} INFO - Setting next_dagrun for tutorial to 2022-03-16T17:07:03.425407+00:00
[2022-03-17 17:07:03,432] {processor.py:171} INFO - Processing /Users/louisekirkham/Documents/linkedin_learning/Ex_Files_Data_Engineering_Foundations/airflow_env/lib/python3.9/site-packages/airflow/example_dags/tutorial.py took 0.061 seconds
[2022-03-17 17:07:56,870] {processor.py:163} INFO - Started process (PID=45858) to work on /Users/louisekirkham/Documents/linkedin_learning/Ex_Files_Data_Engineering_Foundations/airflow_env/lib/python3.9/site-packages/airflow/example_dags/tutorial.py
[2022-03-17 17:07:56,871] {processor.py:642} INFO - Processing file /Users/louisekirkham/Documents/linkedin_learning/Ex_Files_Data_Engineering_Foundations/airflow_env/lib/python3.9/site-packages/airflow/example_dags/tutorial.py for tasks to queue
[2022-03-17 17:07:56,873] {logging_mixin.py:109} INFO - [2022-03-17 17:07:56,872] {dagbag.py:500} INFO - Filling up the DagBag from /Users/louisekirkham/Documents/linkedin_learning/Ex_Files_Data_Engineering_Foundations/airflow_env/lib/python3.9/site-packages/airflow/example_dags/tutorial.py
[2022-03-17 17:07:56,904] {processor.py:654} INFO - DAG(s) dict_keys(['tutorial']) retrieved from /Users/louisekirkham/Documents/linkedin_learning/Ex_Files_Data_Engineering_Foundations/airflow_env/lib/python3.9/site-packages/airflow/example_dags/tutorial.py
[2022-03-17 17:07:56,921] {logging_mixin.py:109} INFO - [2022-03-17 17:07:56,921] {dag.py:2398} INFO - Sync 1 DAGs
[2022-03-17 17:07:56,930] {logging_mixin.py:109} INFO - [2022-03-17 17:07:56,930] {dag.py:2937} INFO - Setting next_dagrun for tutorial to 2022-03-16T17:07:56.930034+00:00
[2022-03-17 17:07:56,937] {processor.py:171} INFO - Processing /Users/louisekirkham/Documents/linkedin_learning/Ex_Files_Data_Engineering_Foundations/airflow_env/lib/python3.9/site-packages/airflow/example_dags/tutorial.py took 0.068 seconds
[2022-03-17 17:09:20,040] {processor.py:163} INFO - Started process (PID=45921) to work on /Users/louisekirkham/Documents/linkedin_learning/Ex_Files_Data_Engineering_Foundations/airflow_env/lib/python3.9/site-packages/airflow/example_dags/tutorial.py
[2022-03-17 17:09:20,042] {processor.py:642} INFO - Processing file /Users/louisekirkham/Documents/linkedin_learning/Ex_Files_Data_Engineering_Foundations/airflow_env/lib/python3.9/site-packages/airflow/example_dags/tutorial.py for tasks to queue
[2022-03-17 17:09:20,043] {logging_mixin.py:109} INFO - [2022-03-17 17:09:20,043] {dagbag.py:500} INFO - Filling up the DagBag from /Users/louisekirkham/Documents/linkedin_learning/Ex_Files_Data_Engineering_Foundations/airflow_env/lib/python3.9/site-packages/airflow/example_dags/tutorial.py
[2022-03-17 17:09:20,073] {processor.py:654} INFO - DAG(s) dict_keys(['tutorial']) retrieved from /Users/louisekirkham/Documents/linkedin_learning/Ex_Files_Data_Engineering_Foundations/airflow_env/lib/python3.9/site-packages/airflow/example_dags/tutorial.py
[2022-03-17 17:09:20,087] {logging_mixin.py:109} INFO - [2022-03-17 17:09:20,087] {dag.py:2398} INFO - Sync 1 DAGs
[2022-03-17 17:09:20,094] {logging_mixin.py:109} INFO - [2022-03-17 17:09:20,094] {dag.py:2937} INFO - Setting next_dagrun for tutorial to 2022-03-16T17:09:20.094356+00:00
[2022-03-17 17:09:20,101] {processor.py:171} INFO - Processing /Users/louisekirkham/Documents/linkedin_learning/Ex_Files_Data_Engineering_Foundations/airflow_env/lib/python3.9/site-packages/airflow/example_dags/tutorial.py took 0.062 seconds
[2022-03-17 17:10:03,051] {processor.py:163} INFO - Started process (PID=45950) to work on /Users/louisekirkham/Documents/linkedin_learning/Ex_Files_Data_Engineering_Foundations/airflow_env/lib/python3.9/site-packages/airflow/example_dags/tutorial.py
[2022-03-17 17:10:03,052] {processor.py:642} INFO - Processing file /Users/louisekirkham/Documents/linkedin_learning/Ex_Files_Data_Engineering_Foundations/airflow_env/lib/python3.9/site-packages/airflow/example_dags/tutorial.py for tasks to queue
[2022-03-17 17:10:03,052] {logging_mixin.py:109} INFO - [2022-03-17 17:10:03,052] {dagbag.py:500} INFO - Filling up the DagBag from /Users/louisekirkham/Documents/linkedin_learning/Ex_Files_Data_Engineering_Foundations/airflow_env/lib/python3.9/site-packages/airflow/example_dags/tutorial.py
[2022-03-17 17:10:03,079] {processor.py:654} INFO - DAG(s) dict_keys(['tutorial']) retrieved from /Users/louisekirkham/Documents/linkedin_learning/Ex_Files_Data_Engineering_Foundations/airflow_env/lib/python3.9/site-packages/airflow/example_dags/tutorial.py
[2022-03-17 17:10:03,093] {logging_mixin.py:109} INFO - [2022-03-17 17:10:03,092] {dag.py:2398} INFO - Sync 1 DAGs
[2022-03-17 17:10:03,099] {logging_mixin.py:109} INFO - [2022-03-17 17:10:03,099] {dag.py:2937} INFO - Setting next_dagrun for tutorial to 2022-03-16T17:10:03.099508+00:00
[2022-03-17 17:10:03,106] {processor.py:171} INFO - Processing /Users/louisekirkham/Documents/linkedin_learning/Ex_Files_Data_Engineering_Foundations/airflow_env/lib/python3.9/site-packages/airflow/example_dags/tutorial.py took 0.055 seconds
[2022-03-17 17:11:24,273] {processor.py:163} INFO - Started process (PID=46008) to work on /Users/louisekirkham/Documents/linkedin_learning/Ex_Files_Data_Engineering_Foundations/airflow_env/lib/python3.9/site-packages/airflow/example_dags/tutorial.py
[2022-03-17 17:11:24,273] {processor.py:642} INFO - Processing file /Users/louisekirkham/Documents/linkedin_learning/Ex_Files_Data_Engineering_Foundations/airflow_env/lib/python3.9/site-packages/airflow/example_dags/tutorial.py for tasks to queue
[2022-03-17 17:11:24,273] {logging_mixin.py:109} INFO - [2022-03-17 17:11:24,273] {dagbag.py:500} INFO - Filling up the DagBag from /Users/louisekirkham/Documents/linkedin_learning/Ex_Files_Data_Engineering_Foundations/airflow_env/lib/python3.9/site-packages/airflow/example_dags/tutorial.py
[2022-03-17 17:11:24,299] {processor.py:654} INFO - DAG(s) dict_keys(['tutorial']) retrieved from /Users/louisekirkham/Documents/linkedin_learning/Ex_Files_Data_Engineering_Foundations/airflow_env/lib/python3.9/site-packages/airflow/example_dags/tutorial.py
[2022-03-17 17:11:24,311] {logging_mixin.py:109} INFO - [2022-03-17 17:11:24,311] {dag.py:2398} INFO - Sync 1 DAGs
[2022-03-17 17:11:24,317] {logging_mixin.py:109} INFO - [2022-03-17 17:11:24,317] {dag.py:2937} INFO - Setting next_dagrun for tutorial to 2022-03-16T17:11:24.317024+00:00
[2022-03-17 17:11:24,328] {processor.py:171} INFO - Processing /Users/louisekirkham/Documents/linkedin_learning/Ex_Files_Data_Engineering_Foundations/airflow_env/lib/python3.9/site-packages/airflow/example_dags/tutorial.py took 0.056 seconds
[2022-03-17 19:13:27,071] {processor.py:163} INFO - Started process (PID=46114) to work on /Users/louisekirkham/Documents/linkedin_learning/Ex_Files_Data_Engineering_Foundations/airflow_env/lib/python3.9/site-packages/airflow/example_dags/tutorial.py
[2022-03-17 19:13:27,072] {processor.py:642} INFO - Processing file /Users/louisekirkham/Documents/linkedin_learning/Ex_Files_Data_Engineering_Foundations/airflow_env/lib/python3.9/site-packages/airflow/example_dags/tutorial.py for tasks to queue
[2022-03-17 19:13:27,073] {logging_mixin.py:109} INFO - [2022-03-17 19:13:27,072] {dagbag.py:500} INFO - Filling up the DagBag from /Users/louisekirkham/Documents/linkedin_learning/Ex_Files_Data_Engineering_Foundations/airflow_env/lib/python3.9/site-packages/airflow/example_dags/tutorial.py
[2022-03-17 19:13:27,116] {processor.py:654} INFO - DAG(s) dict_keys(['tutorial']) retrieved from /Users/louisekirkham/Documents/linkedin_learning/Ex_Files_Data_Engineering_Foundations/airflow_env/lib/python3.9/site-packages/airflow/example_dags/tutorial.py
[2022-03-17 19:13:27,137] {logging_mixin.py:109} INFO - [2022-03-17 19:13:27,136] {dag.py:2398} INFO - Sync 1 DAGs
[2022-03-17 19:13:27,148] {logging_mixin.py:109} INFO - [2022-03-17 19:13:27,148] {dag.py:2937} INFO - Setting next_dagrun for tutorial to 2022-03-16T19:13:27.147532+00:00
[2022-03-17 19:13:27,159] {processor.py:171} INFO - Processing /Users/louisekirkham/Documents/linkedin_learning/Ex_Files_Data_Engineering_Foundations/airflow_env/lib/python3.9/site-packages/airflow/example_dags/tutorial.py took 0.089 seconds
