[2022-03-18 10:36:36,603] {processor.py:163} INFO - Started process (PID=46274) to work on /Users/louisekirkham/Documents/linkedin_learning/Ex_Files_Data_Engineering_Foundations/airflow_env/lib/python3.9/site-packages/airflow/example_dags/plugins/workday.py
[2022-03-18 10:36:36,603] {processor.py:642} INFO - Processing file /Users/louisekirkham/Documents/linkedin_learning/Ex_Files_Data_Engineering_Foundations/airflow_env/lib/python3.9/site-packages/airflow/example_dags/plugins/workday.py for tasks to queue
[2022-03-18 10:36:36,603] {logging_mixin.py:109} INFO - [2022-03-18 10:36:36,603] {dagbag.py:500} INFO - Filling up the DagBag from /Users/louisekirkham/Documents/linkedin_learning/Ex_Files_Data_Engineering_Foundations/airflow_env/lib/python3.9/site-packages/airflow/example_dags/plugins/workday.py
[2022-03-18 10:36:36,621] {processor.py:656} WARNING - No viable dags retrieved from /Users/louisekirkham/Documents/linkedin_learning/Ex_Files_Data_Engineering_Foundations/airflow_env/lib/python3.9/site-packages/airflow/example_dags/plugins/workday.py
[2022-03-18 10:36:36,622] {processor.py:171} INFO - Processing /Users/louisekirkham/Documents/linkedin_learning/Ex_Files_Data_Engineering_Foundations/airflow_env/lib/python3.9/site-packages/airflow/example_dags/plugins/workday.py took 0.020 seconds
[2022-03-18 10:37:52,091] {processor.py:163} INFO - Started process (PID=46457) to work on /Users/louisekirkham/Documents/linkedin_learning/Ex_Files_Data_Engineering_Foundations/airflow_env/lib/python3.9/site-packages/airflow/example_dags/plugins/workday.py
[2022-03-18 10:37:52,092] {processor.py:642} INFO - Processing file /Users/louisekirkham/Documents/linkedin_learning/Ex_Files_Data_Engineering_Foundations/airflow_env/lib/python3.9/site-packages/airflow/example_dags/plugins/workday.py for tasks to queue
[2022-03-18 10:37:52,092] {logging_mixin.py:109} INFO - [2022-03-18 10:37:52,092] {dagbag.py:500} INFO - Filling up the DagBag from /Users/louisekirkham/Documents/linkedin_learning/Ex_Files_Data_Engineering_Foundations/airflow_env/lib/python3.9/site-packages/airflow/example_dags/plugins/workday.py
[2022-03-18 10:37:52,112] {processor.py:656} WARNING - No viable dags retrieved from /Users/louisekirkham/Documents/linkedin_learning/Ex_Files_Data_Engineering_Foundations/airflow_env/lib/python3.9/site-packages/airflow/example_dags/plugins/workday.py
[2022-03-18 10:37:52,113] {processor.py:171} INFO - Processing /Users/louisekirkham/Documents/linkedin_learning/Ex_Files_Data_Engineering_Foundations/airflow_env/lib/python3.9/site-packages/airflow/example_dags/plugins/workday.py took 0.022 seconds
[2022-03-18 10:38:35,448] {processor.py:163} INFO - Started process (PID=46488) to work on /Users/louisekirkham/Documents/linkedin_learning/Ex_Files_Data_Engineering_Foundations/airflow_env/lib/python3.9/site-packages/airflow/example_dags/plugins/workday.py
[2022-03-18 10:38:35,449] {processor.py:642} INFO - Processing file /Users/louisekirkham/Documents/linkedin_learning/Ex_Files_Data_Engineering_Foundations/airflow_env/lib/python3.9/site-packages/airflow/example_dags/plugins/workday.py for tasks to queue
[2022-03-18 10:38:35,449] {logging_mixin.py:109} INFO - [2022-03-18 10:38:35,449] {dagbag.py:500} INFO - Filling up the DagBag from /Users/louisekirkham/Documents/linkedin_learning/Ex_Files_Data_Engineering_Foundations/airflow_env/lib/python3.9/site-packages/airflow/example_dags/plugins/workday.py
[2022-03-18 10:38:35,466] {processor.py:656} WARNING - No viable dags retrieved from /Users/louisekirkham/Documents/linkedin_learning/Ex_Files_Data_Engineering_Foundations/airflow_env/lib/python3.9/site-packages/airflow/example_dags/plugins/workday.py
[2022-03-18 10:38:35,468] {processor.py:171} INFO - Processing /Users/louisekirkham/Documents/linkedin_learning/Ex_Files_Data_Engineering_Foundations/airflow_env/lib/python3.9/site-packages/airflow/example_dags/plugins/workday.py took 0.020 seconds
[2022-03-18 10:39:16,675] {processor.py:163} INFO - Started process (PID=46524) to work on /Users/louisekirkham/Documents/linkedin_learning/Ex_Files_Data_Engineering_Foundations/airflow_env/lib/python3.9/site-packages/airflow/example_dags/plugins/workday.py
[2022-03-18 10:39:16,676] {processor.py:642} INFO - Processing file /Users/louisekirkham/Documents/linkedin_learning/Ex_Files_Data_Engineering_Foundations/airflow_env/lib/python3.9/site-packages/airflow/example_dags/plugins/workday.py for tasks to queue
[2022-03-18 10:39:16,676] {logging_mixin.py:109} INFO - [2022-03-18 10:39:16,676] {dagbag.py:500} INFO - Filling up the DagBag from /Users/louisekirkham/Documents/linkedin_learning/Ex_Files_Data_Engineering_Foundations/airflow_env/lib/python3.9/site-packages/airflow/example_dags/plugins/workday.py
[2022-03-18 10:39:16,693] {processor.py:656} WARNING - No viable dags retrieved from /Users/louisekirkham/Documents/linkedin_learning/Ex_Files_Data_Engineering_Foundations/airflow_env/lib/python3.9/site-packages/airflow/example_dags/plugins/workday.py
[2022-03-18 10:39:16,694] {processor.py:171} INFO - Processing /Users/louisekirkham/Documents/linkedin_learning/Ex_Files_Data_Engineering_Foundations/airflow_env/lib/python3.9/site-packages/airflow/example_dags/plugins/workday.py took 0.020 seconds
[2022-03-18 17:05:16,142] {processor.py:163} INFO - Started process (PID=46561) to work on /Users/louisekirkham/Documents/linkedin_learning/Ex_Files_Data_Engineering_Foundations/airflow_env/lib/python3.9/site-packages/airflow/example_dags/plugins/workday.py
[2022-03-18 17:05:16,143] {processor.py:642} INFO - Processing file /Users/louisekirkham/Documents/linkedin_learning/Ex_Files_Data_Engineering_Foundations/airflow_env/lib/python3.9/site-packages/airflow/example_dags/plugins/workday.py for tasks to queue
[2022-03-18 17:05:16,144] {logging_mixin.py:109} INFO - [2022-03-18 17:05:16,144] {dagbag.py:500} INFO - Filling up the DagBag from /Users/louisekirkham/Documents/linkedin_learning/Ex_Files_Data_Engineering_Foundations/airflow_env/lib/python3.9/site-packages/airflow/example_dags/plugins/workday.py
[2022-03-18 17:05:16,379] {processor.py:656} WARNING - No viable dags retrieved from /Users/louisekirkham/Documents/linkedin_learning/Ex_Files_Data_Engineering_Foundations/airflow_env/lib/python3.9/site-packages/airflow/example_dags/plugins/workday.py
[2022-03-18 17:05:16,382] {processor.py:171} INFO - Processing /Users/louisekirkham/Documents/linkedin_learning/Ex_Files_Data_Engineering_Foundations/airflow_env/lib/python3.9/site-packages/airflow/example_dags/plugins/workday.py took 0.241 seconds
[2022-03-18 17:06:06,719] {processor.py:163} INFO - Started process (PID=46724) to work on /Users/louisekirkham/Documents/linkedin_learning/Ex_Files_Data_Engineering_Foundations/airflow_env/lib/python3.9/site-packages/airflow/example_dags/plugins/workday.py
[2022-03-18 17:06:06,719] {processor.py:642} INFO - Processing file /Users/louisekirkham/Documents/linkedin_learning/Ex_Files_Data_Engineering_Foundations/airflow_env/lib/python3.9/site-packages/airflow/example_dags/plugins/workday.py for tasks to queue
[2022-03-18 17:06:06,720] {logging_mixin.py:109} INFO - [2022-03-18 17:06:06,720] {dagbag.py:500} INFO - Filling up the DagBag from /Users/louisekirkham/Documents/linkedin_learning/Ex_Files_Data_Engineering_Foundations/airflow_env/lib/python3.9/site-packages/airflow/example_dags/plugins/workday.py
[2022-03-18 17:06:06,740] {processor.py:656} WARNING - No viable dags retrieved from /Users/louisekirkham/Documents/linkedin_learning/Ex_Files_Data_Engineering_Foundations/airflow_env/lib/python3.9/site-packages/airflow/example_dags/plugins/workday.py
[2022-03-18 17:06:06,741] {processor.py:171} INFO - Processing /Users/louisekirkham/Documents/linkedin_learning/Ex_Files_Data_Engineering_Foundations/airflow_env/lib/python3.9/site-packages/airflow/example_dags/plugins/workday.py took 0.023 seconds
[2022-03-18 17:06:54,100] {processor.py:163} INFO - Started process (PID=46766) to work on /Users/louisekirkham/Documents/linkedin_learning/Ex_Files_Data_Engineering_Foundations/airflow_env/lib/python3.9/site-packages/airflow/example_dags/plugins/workday.py
[2022-03-18 17:06:54,101] {processor.py:642} INFO - Processing file /Users/louisekirkham/Documents/linkedin_learning/Ex_Files_Data_Engineering_Foundations/airflow_env/lib/python3.9/site-packages/airflow/example_dags/plugins/workday.py for tasks to queue
[2022-03-18 17:06:54,101] {logging_mixin.py:109} INFO - [2022-03-18 17:06:54,101] {dagbag.py:500} INFO - Filling up the DagBag from /Users/louisekirkham/Documents/linkedin_learning/Ex_Files_Data_Engineering_Foundations/airflow_env/lib/python3.9/site-packages/airflow/example_dags/plugins/workday.py
[2022-03-18 17:06:54,123] {processor.py:656} WARNING - No viable dags retrieved from /Users/louisekirkham/Documents/linkedin_learning/Ex_Files_Data_Engineering_Foundations/airflow_env/lib/python3.9/site-packages/airflow/example_dags/plugins/workday.py
[2022-03-18 17:06:54,125] {processor.py:171} INFO - Processing /Users/louisekirkham/Documents/linkedin_learning/Ex_Files_Data_Engineering_Foundations/airflow_env/lib/python3.9/site-packages/airflow/example_dags/plugins/workday.py took 0.026 seconds
[2022-03-18 17:07:36,946] {processor.py:163} INFO - Started process (PID=46805) to work on /Users/louisekirkham/Documents/linkedin_learning/Ex_Files_Data_Engineering_Foundations/airflow_env/lib/python3.9/site-packages/airflow/example_dags/plugins/workday.py
[2022-03-18 17:07:36,946] {processor.py:642} INFO - Processing file /Users/louisekirkham/Documents/linkedin_learning/Ex_Files_Data_Engineering_Foundations/airflow_env/lib/python3.9/site-packages/airflow/example_dags/plugins/workday.py for tasks to queue
[2022-03-18 17:07:36,947] {logging_mixin.py:109} INFO - [2022-03-18 17:07:36,947] {dagbag.py:500} INFO - Filling up the DagBag from /Users/louisekirkham/Documents/linkedin_learning/Ex_Files_Data_Engineering_Foundations/airflow_env/lib/python3.9/site-packages/airflow/example_dags/plugins/workday.py
[2022-03-18 17:07:36,967] {processor.py:656} WARNING - No viable dags retrieved from /Users/louisekirkham/Documents/linkedin_learning/Ex_Files_Data_Engineering_Foundations/airflow_env/lib/python3.9/site-packages/airflow/example_dags/plugins/workday.py
[2022-03-18 17:07:36,968] {processor.py:171} INFO - Processing /Users/louisekirkham/Documents/linkedin_learning/Ex_Files_Data_Engineering_Foundations/airflow_env/lib/python3.9/site-packages/airflow/example_dags/plugins/workday.py took 0.023 seconds
[2022-03-18 17:08:20,604] {processor.py:163} INFO - Started process (PID=46840) to work on /Users/louisekirkham/Documents/linkedin_learning/Ex_Files_Data_Engineering_Foundations/airflow_env/lib/python3.9/site-packages/airflow/example_dags/plugins/workday.py
[2022-03-18 17:08:20,604] {processor.py:642} INFO - Processing file /Users/louisekirkham/Documents/linkedin_learning/Ex_Files_Data_Engineering_Foundations/airflow_env/lib/python3.9/site-packages/airflow/example_dags/plugins/workday.py for tasks to queue
[2022-03-18 17:08:20,604] {logging_mixin.py:109} INFO - [2022-03-18 17:08:20,604] {dagbag.py:500} INFO - Filling up the DagBag from /Users/louisekirkham/Documents/linkedin_learning/Ex_Files_Data_Engineering_Foundations/airflow_env/lib/python3.9/site-packages/airflow/example_dags/plugins/workday.py
[2022-03-18 17:08:20,623] {processor.py:656} WARNING - No viable dags retrieved from /Users/louisekirkham/Documents/linkedin_learning/Ex_Files_Data_Engineering_Foundations/airflow_env/lib/python3.9/site-packages/airflow/example_dags/plugins/workday.py
[2022-03-18 17:08:20,625] {processor.py:171} INFO - Processing /Users/louisekirkham/Documents/linkedin_learning/Ex_Files_Data_Engineering_Foundations/airflow_env/lib/python3.9/site-packages/airflow/example_dags/plugins/workday.py took 0.022 seconds
[2022-03-18 17:09:06,146] {processor.py:163} INFO - Started process (PID=46884) to work on /Users/louisekirkham/Documents/linkedin_learning/Ex_Files_Data_Engineering_Foundations/airflow_env/lib/python3.9/site-packages/airflow/example_dags/plugins/workday.py
[2022-03-18 17:09:06,146] {processor.py:642} INFO - Processing file /Users/louisekirkham/Documents/linkedin_learning/Ex_Files_Data_Engineering_Foundations/airflow_env/lib/python3.9/site-packages/airflow/example_dags/plugins/workday.py for tasks to queue
[2022-03-18 17:09:06,147] {logging_mixin.py:109} INFO - [2022-03-18 17:09:06,147] {dagbag.py:500} INFO - Filling up the DagBag from /Users/louisekirkham/Documents/linkedin_learning/Ex_Files_Data_Engineering_Foundations/airflow_env/lib/python3.9/site-packages/airflow/example_dags/plugins/workday.py
[2022-03-18 17:09:06,168] {processor.py:656} WARNING - No viable dags retrieved from /Users/louisekirkham/Documents/linkedin_learning/Ex_Files_Data_Engineering_Foundations/airflow_env/lib/python3.9/site-packages/airflow/example_dags/plugins/workday.py
[2022-03-18 17:09:06,169] {processor.py:171} INFO - Processing /Users/louisekirkham/Documents/linkedin_learning/Ex_Files_Data_Engineering_Foundations/airflow_env/lib/python3.9/site-packages/airflow/example_dags/plugins/workday.py took 0.024 seconds
[2022-03-18 17:09:48,596] {processor.py:163} INFO - Started process (PID=46909) to work on /Users/louisekirkham/Documents/linkedin_learning/Ex_Files_Data_Engineering_Foundations/airflow_env/lib/python3.9/site-packages/airflow/example_dags/plugins/workday.py
[2022-03-18 17:09:48,597] {processor.py:642} INFO - Processing file /Users/louisekirkham/Documents/linkedin_learning/Ex_Files_Data_Engineering_Foundations/airflow_env/lib/python3.9/site-packages/airflow/example_dags/plugins/workday.py for tasks to queue
[2022-03-18 17:09:48,598] {logging_mixin.py:109} INFO - [2022-03-18 17:09:48,598] {dagbag.py:500} INFO - Filling up the DagBag from /Users/louisekirkham/Documents/linkedin_learning/Ex_Files_Data_Engineering_Foundations/airflow_env/lib/python3.9/site-packages/airflow/example_dags/plugins/workday.py
[2022-03-18 17:09:48,616] {processor.py:656} WARNING - No viable dags retrieved from /Users/louisekirkham/Documents/linkedin_learning/Ex_Files_Data_Engineering_Foundations/airflow_env/lib/python3.9/site-packages/airflow/example_dags/plugins/workday.py
[2022-03-18 17:09:48,617] {processor.py:171} INFO - Processing /Users/louisekirkham/Documents/linkedin_learning/Ex_Files_Data_Engineering_Foundations/airflow_env/lib/python3.9/site-packages/airflow/example_dags/plugins/workday.py took 0.021 seconds
[2022-03-18 17:10:31,105] {processor.py:163} INFO - Started process (PID=46951) to work on /Users/louisekirkham/Documents/linkedin_learning/Ex_Files_Data_Engineering_Foundations/airflow_env/lib/python3.9/site-packages/airflow/example_dags/plugins/workday.py
[2022-03-18 17:10:31,105] {processor.py:642} INFO - Processing file /Users/louisekirkham/Documents/linkedin_learning/Ex_Files_Data_Engineering_Foundations/airflow_env/lib/python3.9/site-packages/airflow/example_dags/plugins/workday.py for tasks to queue
[2022-03-18 17:10:31,106] {logging_mixin.py:109} INFO - [2022-03-18 17:10:31,106] {dagbag.py:500} INFO - Filling up the DagBag from /Users/louisekirkham/Documents/linkedin_learning/Ex_Files_Data_Engineering_Foundations/airflow_env/lib/python3.9/site-packages/airflow/example_dags/plugins/workday.py
[2022-03-18 17:10:31,127] {processor.py:656} WARNING - No viable dags retrieved from /Users/louisekirkham/Documents/linkedin_learning/Ex_Files_Data_Engineering_Foundations/airflow_env/lib/python3.9/site-packages/airflow/example_dags/plugins/workday.py
[2022-03-18 17:10:31,128] {processor.py:171} INFO - Processing /Users/louisekirkham/Documents/linkedin_learning/Ex_Files_Data_Engineering_Foundations/airflow_env/lib/python3.9/site-packages/airflow/example_dags/plugins/workday.py took 0.024 seconds
[2022-03-18 17:11:26,926] {processor.py:163} INFO - Started process (PID=46991) to work on /Users/louisekirkham/Documents/linkedin_learning/Ex_Files_Data_Engineering_Foundations/airflow_env/lib/python3.9/site-packages/airflow/example_dags/plugins/workday.py
[2022-03-18 17:11:26,927] {processor.py:642} INFO - Processing file /Users/louisekirkham/Documents/linkedin_learning/Ex_Files_Data_Engineering_Foundations/airflow_env/lib/python3.9/site-packages/airflow/example_dags/plugins/workday.py for tasks to queue
[2022-03-18 17:11:26,927] {logging_mixin.py:109} INFO - [2022-03-18 17:11:26,927] {dagbag.py:500} INFO - Filling up the DagBag from /Users/louisekirkham/Documents/linkedin_learning/Ex_Files_Data_Engineering_Foundations/airflow_env/lib/python3.9/site-packages/airflow/example_dags/plugins/workday.py
[2022-03-18 17:11:26,947] {processor.py:656} WARNING - No viable dags retrieved from /Users/louisekirkham/Documents/linkedin_learning/Ex_Files_Data_Engineering_Foundations/airflow_env/lib/python3.9/site-packages/airflow/example_dags/plugins/workday.py
[2022-03-18 17:11:26,948] {processor.py:171} INFO - Processing /Users/louisekirkham/Documents/linkedin_learning/Ex_Files_Data_Engineering_Foundations/airflow_env/lib/python3.9/site-packages/airflow/example_dags/plugins/workday.py took 0.023 seconds
[2022-03-18 17:12:09,165] {processor.py:163} INFO - Started process (PID=47027) to work on /Users/louisekirkham/Documents/linkedin_learning/Ex_Files_Data_Engineering_Foundations/airflow_env/lib/python3.9/site-packages/airflow/example_dags/plugins/workday.py
[2022-03-18 17:12:09,166] {processor.py:642} INFO - Processing file /Users/louisekirkham/Documents/linkedin_learning/Ex_Files_Data_Engineering_Foundations/airflow_env/lib/python3.9/site-packages/airflow/example_dags/plugins/workday.py for tasks to queue
[2022-03-18 17:12:09,166] {logging_mixin.py:109} INFO - [2022-03-18 17:12:09,166] {dagbag.py:500} INFO - Filling up the DagBag from /Users/louisekirkham/Documents/linkedin_learning/Ex_Files_Data_Engineering_Foundations/airflow_env/lib/python3.9/site-packages/airflow/example_dags/plugins/workday.py
[2022-03-18 17:12:09,185] {processor.py:656} WARNING - No viable dags retrieved from /Users/louisekirkham/Documents/linkedin_learning/Ex_Files_Data_Engineering_Foundations/airflow_env/lib/python3.9/site-packages/airflow/example_dags/plugins/workday.py
[2022-03-18 17:12:09,186] {processor.py:171} INFO - Processing /Users/louisekirkham/Documents/linkedin_learning/Ex_Files_Data_Engineering_Foundations/airflow_env/lib/python3.9/site-packages/airflow/example_dags/plugins/workday.py took 0.022 seconds
[2022-03-18 17:12:51,778] {processor.py:163} INFO - Started process (PID=47060) to work on /Users/louisekirkham/Documents/linkedin_learning/Ex_Files_Data_Engineering_Foundations/airflow_env/lib/python3.9/site-packages/airflow/example_dags/plugins/workday.py
[2022-03-18 17:12:51,780] {processor.py:642} INFO - Processing file /Users/louisekirkham/Documents/linkedin_learning/Ex_Files_Data_Engineering_Foundations/airflow_env/lib/python3.9/site-packages/airflow/example_dags/plugins/workday.py for tasks to queue
[2022-03-18 17:12:51,780] {logging_mixin.py:109} INFO - [2022-03-18 17:12:51,780] {dagbag.py:500} INFO - Filling up the DagBag from /Users/louisekirkham/Documents/linkedin_learning/Ex_Files_Data_Engineering_Foundations/airflow_env/lib/python3.9/site-packages/airflow/example_dags/plugins/workday.py
[2022-03-18 17:12:51,801] {processor.py:656} WARNING - No viable dags retrieved from /Users/louisekirkham/Documents/linkedin_learning/Ex_Files_Data_Engineering_Foundations/airflow_env/lib/python3.9/site-packages/airflow/example_dags/plugins/workday.py
[2022-03-18 17:12:51,803] {processor.py:171} INFO - Processing /Users/louisekirkham/Documents/linkedin_learning/Ex_Files_Data_Engineering_Foundations/airflow_env/lib/python3.9/site-packages/airflow/example_dags/plugins/workday.py took 0.026 seconds
[2022-03-18 17:13:33,794] {processor.py:163} INFO - Started process (PID=47095) to work on /Users/louisekirkham/Documents/linkedin_learning/Ex_Files_Data_Engineering_Foundations/airflow_env/lib/python3.9/site-packages/airflow/example_dags/plugins/workday.py
[2022-03-18 17:13:33,795] {processor.py:642} INFO - Processing file /Users/louisekirkham/Documents/linkedin_learning/Ex_Files_Data_Engineering_Foundations/airflow_env/lib/python3.9/site-packages/airflow/example_dags/plugins/workday.py for tasks to queue
[2022-03-18 17:13:33,795] {logging_mixin.py:109} INFO - [2022-03-18 17:13:33,795] {dagbag.py:500} INFO - Filling up the DagBag from /Users/louisekirkham/Documents/linkedin_learning/Ex_Files_Data_Engineering_Foundations/airflow_env/lib/python3.9/site-packages/airflow/example_dags/plugins/workday.py
[2022-03-18 17:13:33,816] {processor.py:656} WARNING - No viable dags retrieved from /Users/louisekirkham/Documents/linkedin_learning/Ex_Files_Data_Engineering_Foundations/airflow_env/lib/python3.9/site-packages/airflow/example_dags/plugins/workday.py
[2022-03-18 17:13:33,817] {processor.py:171} INFO - Processing /Users/louisekirkham/Documents/linkedin_learning/Ex_Files_Data_Engineering_Foundations/airflow_env/lib/python3.9/site-packages/airflow/example_dags/plugins/workday.py took 0.024 seconds
[2022-03-18 17:14:16,405] {processor.py:163} INFO - Started process (PID=47118) to work on /Users/louisekirkham/Documents/linkedin_learning/Ex_Files_Data_Engineering_Foundations/airflow_env/lib/python3.9/site-packages/airflow/example_dags/plugins/workday.py
[2022-03-18 17:14:16,407] {processor.py:642} INFO - Processing file /Users/louisekirkham/Documents/linkedin_learning/Ex_Files_Data_Engineering_Foundations/airflow_env/lib/python3.9/site-packages/airflow/example_dags/plugins/workday.py for tasks to queue
[2022-03-18 17:14:16,407] {logging_mixin.py:109} INFO - [2022-03-18 17:14:16,407] {dagbag.py:500} INFO - Filling up the DagBag from /Users/louisekirkham/Documents/linkedin_learning/Ex_Files_Data_Engineering_Foundations/airflow_env/lib/python3.9/site-packages/airflow/example_dags/plugins/workday.py
[2022-03-18 17:14:16,428] {processor.py:656} WARNING - No viable dags retrieved from /Users/louisekirkham/Documents/linkedin_learning/Ex_Files_Data_Engineering_Foundations/airflow_env/lib/python3.9/site-packages/airflow/example_dags/plugins/workday.py
[2022-03-18 17:14:16,429] {processor.py:171} INFO - Processing /Users/louisekirkham/Documents/linkedin_learning/Ex_Files_Data_Engineering_Foundations/airflow_env/lib/python3.9/site-packages/airflow/example_dags/plugins/workday.py took 0.025 seconds
[2022-03-18 17:14:58,756] {processor.py:163} INFO - Started process (PID=47155) to work on /Users/louisekirkham/Documents/linkedin_learning/Ex_Files_Data_Engineering_Foundations/airflow_env/lib/python3.9/site-packages/airflow/example_dags/plugins/workday.py
[2022-03-18 17:14:58,757] {processor.py:642} INFO - Processing file /Users/louisekirkham/Documents/linkedin_learning/Ex_Files_Data_Engineering_Foundations/airflow_env/lib/python3.9/site-packages/airflow/example_dags/plugins/workday.py for tasks to queue
[2022-03-18 17:14:58,757] {logging_mixin.py:109} INFO - [2022-03-18 17:14:58,757] {dagbag.py:500} INFO - Filling up the DagBag from /Users/louisekirkham/Documents/linkedin_learning/Ex_Files_Data_Engineering_Foundations/airflow_env/lib/python3.9/site-packages/airflow/example_dags/plugins/workday.py
[2022-03-18 17:14:58,791] {processor.py:656} WARNING - No viable dags retrieved from /Users/louisekirkham/Documents/linkedin_learning/Ex_Files_Data_Engineering_Foundations/airflow_env/lib/python3.9/site-packages/airflow/example_dags/plugins/workday.py
[2022-03-18 17:14:58,793] {processor.py:171} INFO - Processing /Users/louisekirkham/Documents/linkedin_learning/Ex_Files_Data_Engineering_Foundations/airflow_env/lib/python3.9/site-packages/airflow/example_dags/plugins/workday.py took 0.038 seconds
[2022-03-18 17:15:41,397] {processor.py:163} INFO - Started process (PID=47184) to work on /Users/louisekirkham/Documents/linkedin_learning/Ex_Files_Data_Engineering_Foundations/airflow_env/lib/python3.9/site-packages/airflow/example_dags/plugins/workday.py
[2022-03-18 17:15:41,398] {processor.py:642} INFO - Processing file /Users/louisekirkham/Documents/linkedin_learning/Ex_Files_Data_Engineering_Foundations/airflow_env/lib/python3.9/site-packages/airflow/example_dags/plugins/workday.py for tasks to queue
[2022-03-18 17:15:41,399] {logging_mixin.py:109} INFO - [2022-03-18 17:15:41,399] {dagbag.py:500} INFO - Filling up the DagBag from /Users/louisekirkham/Documents/linkedin_learning/Ex_Files_Data_Engineering_Foundations/airflow_env/lib/python3.9/site-packages/airflow/example_dags/plugins/workday.py
[2022-03-18 17:15:41,416] {processor.py:656} WARNING - No viable dags retrieved from /Users/louisekirkham/Documents/linkedin_learning/Ex_Files_Data_Engineering_Foundations/airflow_env/lib/python3.9/site-packages/airflow/example_dags/plugins/workday.py
[2022-03-18 17:15:41,417] {processor.py:171} INFO - Processing /Users/louisekirkham/Documents/linkedin_learning/Ex_Files_Data_Engineering_Foundations/airflow_env/lib/python3.9/site-packages/airflow/example_dags/plugins/workday.py took 0.021 seconds
[2022-03-18 17:16:23,328] {processor.py:163} INFO - Started process (PID=47230) to work on /Users/louisekirkham/Documents/linkedin_learning/Ex_Files_Data_Engineering_Foundations/airflow_env/lib/python3.9/site-packages/airflow/example_dags/plugins/workday.py
[2022-03-18 17:16:23,329] {processor.py:642} INFO - Processing file /Users/louisekirkham/Documents/linkedin_learning/Ex_Files_Data_Engineering_Foundations/airflow_env/lib/python3.9/site-packages/airflow/example_dags/plugins/workday.py for tasks to queue
[2022-03-18 17:16:23,329] {logging_mixin.py:109} INFO - [2022-03-18 17:16:23,329] {dagbag.py:500} INFO - Filling up the DagBag from /Users/louisekirkham/Documents/linkedin_learning/Ex_Files_Data_Engineering_Foundations/airflow_env/lib/python3.9/site-packages/airflow/example_dags/plugins/workday.py
[2022-03-18 17:16:23,348] {processor.py:656} WARNING - No viable dags retrieved from /Users/louisekirkham/Documents/linkedin_learning/Ex_Files_Data_Engineering_Foundations/airflow_env/lib/python3.9/site-packages/airflow/example_dags/plugins/workday.py
[2022-03-18 17:16:23,349] {processor.py:171} INFO - Processing /Users/louisekirkham/Documents/linkedin_learning/Ex_Files_Data_Engineering_Foundations/airflow_env/lib/python3.9/site-packages/airflow/example_dags/plugins/workday.py took 0.022 seconds
[2022-03-18 17:17:06,260] {processor.py:163} INFO - Started process (PID=47258) to work on /Users/louisekirkham/Documents/linkedin_learning/Ex_Files_Data_Engineering_Foundations/airflow_env/lib/python3.9/site-packages/airflow/example_dags/plugins/workday.py
[2022-03-18 17:17:06,260] {processor.py:642} INFO - Processing file /Users/louisekirkham/Documents/linkedin_learning/Ex_Files_Data_Engineering_Foundations/airflow_env/lib/python3.9/site-packages/airflow/example_dags/plugins/workday.py for tasks to queue
[2022-03-18 17:17:06,261] {logging_mixin.py:109} INFO - [2022-03-18 17:17:06,261] {dagbag.py:500} INFO - Filling up the DagBag from /Users/louisekirkham/Documents/linkedin_learning/Ex_Files_Data_Engineering_Foundations/airflow_env/lib/python3.9/site-packages/airflow/example_dags/plugins/workday.py
[2022-03-18 17:17:06,279] {processor.py:656} WARNING - No viable dags retrieved from /Users/louisekirkham/Documents/linkedin_learning/Ex_Files_Data_Engineering_Foundations/airflow_env/lib/python3.9/site-packages/airflow/example_dags/plugins/workday.py
[2022-03-18 17:17:06,281] {processor.py:171} INFO - Processing /Users/louisekirkham/Documents/linkedin_learning/Ex_Files_Data_Engineering_Foundations/airflow_env/lib/python3.9/site-packages/airflow/example_dags/plugins/workday.py took 0.021 seconds
[2022-03-18 17:17:48,089] {processor.py:163} INFO - Started process (PID=47296) to work on /Users/louisekirkham/Documents/linkedin_learning/Ex_Files_Data_Engineering_Foundations/airflow_env/lib/python3.9/site-packages/airflow/example_dags/plugins/workday.py
[2022-03-18 17:17:48,091] {processor.py:642} INFO - Processing file /Users/louisekirkham/Documents/linkedin_learning/Ex_Files_Data_Engineering_Foundations/airflow_env/lib/python3.9/site-packages/airflow/example_dags/plugins/workday.py for tasks to queue
[2022-03-18 17:17:48,092] {logging_mixin.py:109} INFO - [2022-03-18 17:17:48,092] {dagbag.py:500} INFO - Filling up the DagBag from /Users/louisekirkham/Documents/linkedin_learning/Ex_Files_Data_Engineering_Foundations/airflow_env/lib/python3.9/site-packages/airflow/example_dags/plugins/workday.py
[2022-03-18 17:17:48,111] {processor.py:656} WARNING - No viable dags retrieved from /Users/louisekirkham/Documents/linkedin_learning/Ex_Files_Data_Engineering_Foundations/airflow_env/lib/python3.9/site-packages/airflow/example_dags/plugins/workday.py
[2022-03-18 17:17:48,112] {processor.py:171} INFO - Processing /Users/louisekirkham/Documents/linkedin_learning/Ex_Files_Data_Engineering_Foundations/airflow_env/lib/python3.9/site-packages/airflow/example_dags/plugins/workday.py took 0.023 seconds
[2022-03-18 17:18:30,973] {processor.py:163} INFO - Started process (PID=47325) to work on /Users/louisekirkham/Documents/linkedin_learning/Ex_Files_Data_Engineering_Foundations/airflow_env/lib/python3.9/site-packages/airflow/example_dags/plugins/workday.py
[2022-03-18 17:18:30,974] {processor.py:642} INFO - Processing file /Users/louisekirkham/Documents/linkedin_learning/Ex_Files_Data_Engineering_Foundations/airflow_env/lib/python3.9/site-packages/airflow/example_dags/plugins/workday.py for tasks to queue
[2022-03-18 17:18:30,974] {logging_mixin.py:109} INFO - [2022-03-18 17:18:30,974] {dagbag.py:500} INFO - Filling up the DagBag from /Users/louisekirkham/Documents/linkedin_learning/Ex_Files_Data_Engineering_Foundations/airflow_env/lib/python3.9/site-packages/airflow/example_dags/plugins/workday.py
[2022-03-18 17:18:30,994] {processor.py:656} WARNING - No viable dags retrieved from /Users/louisekirkham/Documents/linkedin_learning/Ex_Files_Data_Engineering_Foundations/airflow_env/lib/python3.9/site-packages/airflow/example_dags/plugins/workday.py
[2022-03-18 17:18:30,995] {processor.py:171} INFO - Processing /Users/louisekirkham/Documents/linkedin_learning/Ex_Files_Data_Engineering_Foundations/airflow_env/lib/python3.9/site-packages/airflow/example_dags/plugins/workday.py took 0.023 seconds
[2022-03-18 17:19:11,703] {processor.py:163} INFO - Started process (PID=47360) to work on /Users/louisekirkham/Documents/linkedin_learning/Ex_Files_Data_Engineering_Foundations/airflow_env/lib/python3.9/site-packages/airflow/example_dags/plugins/workday.py
[2022-03-18 17:19:11,703] {processor.py:642} INFO - Processing file /Users/louisekirkham/Documents/linkedin_learning/Ex_Files_Data_Engineering_Foundations/airflow_env/lib/python3.9/site-packages/airflow/example_dags/plugins/workday.py for tasks to queue
[2022-03-18 17:19:11,704] {logging_mixin.py:109} INFO - [2022-03-18 17:19:11,704] {dagbag.py:500} INFO - Filling up the DagBag from /Users/louisekirkham/Documents/linkedin_learning/Ex_Files_Data_Engineering_Foundations/airflow_env/lib/python3.9/site-packages/airflow/example_dags/plugins/workday.py
[2022-03-18 17:19:11,721] {processor.py:656} WARNING - No viable dags retrieved from /Users/louisekirkham/Documents/linkedin_learning/Ex_Files_Data_Engineering_Foundations/airflow_env/lib/python3.9/site-packages/airflow/example_dags/plugins/workday.py
[2022-03-18 17:19:11,722] {processor.py:171} INFO - Processing /Users/louisekirkham/Documents/linkedin_learning/Ex_Files_Data_Engineering_Foundations/airflow_env/lib/python3.9/site-packages/airflow/example_dags/plugins/workday.py took 0.020 seconds
[2022-03-18 17:19:53,948] {processor.py:163} INFO - Started process (PID=47394) to work on /Users/louisekirkham/Documents/linkedin_learning/Ex_Files_Data_Engineering_Foundations/airflow_env/lib/python3.9/site-packages/airflow/example_dags/plugins/workday.py
[2022-03-18 17:19:53,948] {processor.py:642} INFO - Processing file /Users/louisekirkham/Documents/linkedin_learning/Ex_Files_Data_Engineering_Foundations/airflow_env/lib/python3.9/site-packages/airflow/example_dags/plugins/workday.py for tasks to queue
[2022-03-18 17:19:53,948] {logging_mixin.py:109} INFO - [2022-03-18 17:19:53,948] {dagbag.py:500} INFO - Filling up the DagBag from /Users/louisekirkham/Documents/linkedin_learning/Ex_Files_Data_Engineering_Foundations/airflow_env/lib/python3.9/site-packages/airflow/example_dags/plugins/workday.py
[2022-03-18 17:19:53,970] {processor.py:656} WARNING - No viable dags retrieved from /Users/louisekirkham/Documents/linkedin_learning/Ex_Files_Data_Engineering_Foundations/airflow_env/lib/python3.9/site-packages/airflow/example_dags/plugins/workday.py
[2022-03-18 17:19:53,971] {processor.py:171} INFO - Processing /Users/louisekirkham/Documents/linkedin_learning/Ex_Files_Data_Engineering_Foundations/airflow_env/lib/python3.9/site-packages/airflow/example_dags/plugins/workday.py took 0.025 seconds
[2022-03-18 17:23:40,374] {processor.py:163} INFO - Started process (PID=47523) to work on /Users/louisekirkham/Documents/linkedin_learning/Ex_Files_Data_Engineering_Foundations/airflow_env/lib/python3.9/site-packages/airflow/example_dags/plugins/workday.py
[2022-03-18 17:23:40,376] {processor.py:642} INFO - Processing file /Users/louisekirkham/Documents/linkedin_learning/Ex_Files_Data_Engineering_Foundations/airflow_env/lib/python3.9/site-packages/airflow/example_dags/plugins/workday.py for tasks to queue
[2022-03-18 17:23:40,376] {logging_mixin.py:109} INFO - [2022-03-18 17:23:40,376] {dagbag.py:500} INFO - Filling up the DagBag from /Users/louisekirkham/Documents/linkedin_learning/Ex_Files_Data_Engineering_Foundations/airflow_env/lib/python3.9/site-packages/airflow/example_dags/plugins/workday.py
[2022-03-18 17:23:40,393] {processor.py:656} WARNING - No viable dags retrieved from /Users/louisekirkham/Documents/linkedin_learning/Ex_Files_Data_Engineering_Foundations/airflow_env/lib/python3.9/site-packages/airflow/example_dags/plugins/workday.py
[2022-03-18 17:23:40,394] {processor.py:171} INFO - Processing /Users/louisekirkham/Documents/linkedin_learning/Ex_Files_Data_Engineering_Foundations/airflow_env/lib/python3.9/site-packages/airflow/example_dags/plugins/workday.py took 0.021 seconds
[2022-03-18 17:24:55,893] {processor.py:163} INFO - Started process (PID=47587) to work on /Users/louisekirkham/Documents/linkedin_learning/Ex_Files_Data_Engineering_Foundations/airflow_env/lib/python3.9/site-packages/airflow/example_dags/plugins/workday.py
[2022-03-18 17:24:55,893] {processor.py:642} INFO - Processing file /Users/louisekirkham/Documents/linkedin_learning/Ex_Files_Data_Engineering_Foundations/airflow_env/lib/python3.9/site-packages/airflow/example_dags/plugins/workday.py for tasks to queue
[2022-03-18 17:24:55,894] {logging_mixin.py:109} INFO - [2022-03-18 17:24:55,894] {dagbag.py:500} INFO - Filling up the DagBag from /Users/louisekirkham/Documents/linkedin_learning/Ex_Files_Data_Engineering_Foundations/airflow_env/lib/python3.9/site-packages/airflow/example_dags/plugins/workday.py
[2022-03-18 17:24:55,936] {processor.py:656} WARNING - No viable dags retrieved from /Users/louisekirkham/Documents/linkedin_learning/Ex_Files_Data_Engineering_Foundations/airflow_env/lib/python3.9/site-packages/airflow/example_dags/plugins/workday.py
[2022-03-18 17:24:55,944] {processor.py:171} INFO - Processing /Users/louisekirkham/Documents/linkedin_learning/Ex_Files_Data_Engineering_Foundations/airflow_env/lib/python3.9/site-packages/airflow/example_dags/plugins/workday.py took 0.052 seconds
[2022-03-18 17:25:43,854] {processor.py:163} INFO - Started process (PID=47633) to work on /Users/louisekirkham/Documents/linkedin_learning/Ex_Files_Data_Engineering_Foundations/airflow_env/lib/python3.9/site-packages/airflow/example_dags/plugins/workday.py
[2022-03-18 17:25:43,854] {processor.py:642} INFO - Processing file /Users/louisekirkham/Documents/linkedin_learning/Ex_Files_Data_Engineering_Foundations/airflow_env/lib/python3.9/site-packages/airflow/example_dags/plugins/workday.py for tasks to queue
[2022-03-18 17:25:43,854] {logging_mixin.py:109} INFO - [2022-03-18 17:25:43,854] {dagbag.py:500} INFO - Filling up the DagBag from /Users/louisekirkham/Documents/linkedin_learning/Ex_Files_Data_Engineering_Foundations/airflow_env/lib/python3.9/site-packages/airflow/example_dags/plugins/workday.py
[2022-03-18 17:25:43,879] {processor.py:656} WARNING - No viable dags retrieved from /Users/louisekirkham/Documents/linkedin_learning/Ex_Files_Data_Engineering_Foundations/airflow_env/lib/python3.9/site-packages/airflow/example_dags/plugins/workday.py
[2022-03-18 17:25:43,881] {processor.py:171} INFO - Processing /Users/louisekirkham/Documents/linkedin_learning/Ex_Files_Data_Engineering_Foundations/airflow_env/lib/python3.9/site-packages/airflow/example_dags/plugins/workday.py took 0.028 seconds
[2022-03-18 17:26:28,773] {processor.py:163} INFO - Started process (PID=47669) to work on /Users/louisekirkham/Documents/linkedin_learning/Ex_Files_Data_Engineering_Foundations/airflow_env/lib/python3.9/site-packages/airflow/example_dags/plugins/workday.py
[2022-03-18 17:26:28,773] {processor.py:642} INFO - Processing file /Users/louisekirkham/Documents/linkedin_learning/Ex_Files_Data_Engineering_Foundations/airflow_env/lib/python3.9/site-packages/airflow/example_dags/plugins/workday.py for tasks to queue
[2022-03-18 17:26:28,773] {logging_mixin.py:109} INFO - [2022-03-18 17:26:28,773] {dagbag.py:500} INFO - Filling up the DagBag from /Users/louisekirkham/Documents/linkedin_learning/Ex_Files_Data_Engineering_Foundations/airflow_env/lib/python3.9/site-packages/airflow/example_dags/plugins/workday.py
[2022-03-18 17:26:28,791] {processor.py:656} WARNING - No viable dags retrieved from /Users/louisekirkham/Documents/linkedin_learning/Ex_Files_Data_Engineering_Foundations/airflow_env/lib/python3.9/site-packages/airflow/example_dags/plugins/workday.py
[2022-03-18 17:26:28,792] {processor.py:171} INFO - Processing /Users/louisekirkham/Documents/linkedin_learning/Ex_Files_Data_Engineering_Foundations/airflow_env/lib/python3.9/site-packages/airflow/example_dags/plugins/workday.py took 0.021 seconds
[2022-03-18 17:28:08,572] {processor.py:163} INFO - Started process (PID=47735) to work on /Users/louisekirkham/Documents/linkedin_learning/Ex_Files_Data_Engineering_Foundations/airflow_env/lib/python3.9/site-packages/airflow/example_dags/plugins/workday.py
[2022-03-18 17:28:08,572] {processor.py:642} INFO - Processing file /Users/louisekirkham/Documents/linkedin_learning/Ex_Files_Data_Engineering_Foundations/airflow_env/lib/python3.9/site-packages/airflow/example_dags/plugins/workday.py for tasks to queue
[2022-03-18 17:28:08,572] {logging_mixin.py:109} INFO - [2022-03-18 17:28:08,572] {dagbag.py:500} INFO - Filling up the DagBag from /Users/louisekirkham/Documents/linkedin_learning/Ex_Files_Data_Engineering_Foundations/airflow_env/lib/python3.9/site-packages/airflow/example_dags/plugins/workday.py
[2022-03-18 17:28:08,593] {processor.py:656} WARNING - No viable dags retrieved from /Users/louisekirkham/Documents/linkedin_learning/Ex_Files_Data_Engineering_Foundations/airflow_env/lib/python3.9/site-packages/airflow/example_dags/plugins/workday.py
[2022-03-18 17:28:08,595] {processor.py:171} INFO - Processing /Users/louisekirkham/Documents/linkedin_learning/Ex_Files_Data_Engineering_Foundations/airflow_env/lib/python3.9/site-packages/airflow/example_dags/plugins/workday.py took 0.024 seconds
[2022-03-18 17:30:14,255] {processor.py:163} INFO - Started process (PID=47834) to work on /Users/louisekirkham/Documents/linkedin_learning/Ex_Files_Data_Engineering_Foundations/airflow_env/lib/python3.9/site-packages/airflow/example_dags/plugins/workday.py
[2022-03-18 17:30:14,255] {processor.py:642} INFO - Processing file /Users/louisekirkham/Documents/linkedin_learning/Ex_Files_Data_Engineering_Foundations/airflow_env/lib/python3.9/site-packages/airflow/example_dags/plugins/workday.py for tasks to queue
[2022-03-18 17:30:14,255] {logging_mixin.py:109} INFO - [2022-03-18 17:30:14,255] {dagbag.py:500} INFO - Filling up the DagBag from /Users/louisekirkham/Documents/linkedin_learning/Ex_Files_Data_Engineering_Foundations/airflow_env/lib/python3.9/site-packages/airflow/example_dags/plugins/workday.py
[2022-03-18 17:30:14,274] {processor.py:656} WARNING - No viable dags retrieved from /Users/louisekirkham/Documents/linkedin_learning/Ex_Files_Data_Engineering_Foundations/airflow_env/lib/python3.9/site-packages/airflow/example_dags/plugins/workday.py
[2022-03-18 17:30:14,276] {processor.py:171} INFO - Processing /Users/louisekirkham/Documents/linkedin_learning/Ex_Files_Data_Engineering_Foundations/airflow_env/lib/python3.9/site-packages/airflow/example_dags/plugins/workday.py took 0.022 seconds
[2022-03-18 17:31:26,044] {processor.py:163} INFO - Started process (PID=47910) to work on /Users/louisekirkham/Documents/linkedin_learning/Ex_Files_Data_Engineering_Foundations/airflow_env/lib/python3.9/site-packages/airflow/example_dags/plugins/workday.py
[2022-03-18 17:31:26,045] {processor.py:642} INFO - Processing file /Users/louisekirkham/Documents/linkedin_learning/Ex_Files_Data_Engineering_Foundations/airflow_env/lib/python3.9/site-packages/airflow/example_dags/plugins/workday.py for tasks to queue
[2022-03-18 17:31:26,045] {logging_mixin.py:109} INFO - [2022-03-18 17:31:26,045] {dagbag.py:500} INFO - Filling up the DagBag from /Users/louisekirkham/Documents/linkedin_learning/Ex_Files_Data_Engineering_Foundations/airflow_env/lib/python3.9/site-packages/airflow/example_dags/plugins/workday.py
[2022-03-18 17:31:26,064] {processor.py:656} WARNING - No viable dags retrieved from /Users/louisekirkham/Documents/linkedin_learning/Ex_Files_Data_Engineering_Foundations/airflow_env/lib/python3.9/site-packages/airflow/example_dags/plugins/workday.py
[2022-03-18 17:31:26,065] {processor.py:171} INFO - Processing /Users/louisekirkham/Documents/linkedin_learning/Ex_Files_Data_Engineering_Foundations/airflow_env/lib/python3.9/site-packages/airflow/example_dags/plugins/workday.py took 0.022 seconds
[2022-03-18 17:32:39,105] {processor.py:163} INFO - Started process (PID=47966) to work on /Users/louisekirkham/Documents/linkedin_learning/Ex_Files_Data_Engineering_Foundations/airflow_env/lib/python3.9/site-packages/airflow/example_dags/plugins/workday.py
[2022-03-18 17:32:39,106] {processor.py:642} INFO - Processing file /Users/louisekirkham/Documents/linkedin_learning/Ex_Files_Data_Engineering_Foundations/airflow_env/lib/python3.9/site-packages/airflow/example_dags/plugins/workday.py for tasks to queue
[2022-03-18 17:32:39,106] {logging_mixin.py:109} INFO - [2022-03-18 17:32:39,106] {dagbag.py:500} INFO - Filling up the DagBag from /Users/louisekirkham/Documents/linkedin_learning/Ex_Files_Data_Engineering_Foundations/airflow_env/lib/python3.9/site-packages/airflow/example_dags/plugins/workday.py
[2022-03-18 17:32:39,124] {processor.py:656} WARNING - No viable dags retrieved from /Users/louisekirkham/Documents/linkedin_learning/Ex_Files_Data_Engineering_Foundations/airflow_env/lib/python3.9/site-packages/airflow/example_dags/plugins/workday.py
[2022-03-18 17:32:39,126] {processor.py:171} INFO - Processing /Users/louisekirkham/Documents/linkedin_learning/Ex_Files_Data_Engineering_Foundations/airflow_env/lib/python3.9/site-packages/airflow/example_dags/plugins/workday.py took 0.021 seconds
[2022-03-18 17:33:22,338] {processor.py:163} INFO - Started process (PID=47995) to work on /Users/louisekirkham/Documents/linkedin_learning/Ex_Files_Data_Engineering_Foundations/airflow_env/lib/python3.9/site-packages/airflow/example_dags/plugins/workday.py
[2022-03-18 17:33:22,338] {processor.py:642} INFO - Processing file /Users/louisekirkham/Documents/linkedin_learning/Ex_Files_Data_Engineering_Foundations/airflow_env/lib/python3.9/site-packages/airflow/example_dags/plugins/workday.py for tasks to queue
[2022-03-18 17:33:22,338] {logging_mixin.py:109} INFO - [2022-03-18 17:33:22,338] {dagbag.py:500} INFO - Filling up the DagBag from /Users/louisekirkham/Documents/linkedin_learning/Ex_Files_Data_Engineering_Foundations/airflow_env/lib/python3.9/site-packages/airflow/example_dags/plugins/workday.py
[2022-03-18 17:33:22,357] {processor.py:656} WARNING - No viable dags retrieved from /Users/louisekirkham/Documents/linkedin_learning/Ex_Files_Data_Engineering_Foundations/airflow_env/lib/python3.9/site-packages/airflow/example_dags/plugins/workday.py
[2022-03-18 17:33:22,358] {processor.py:171} INFO - Processing /Users/louisekirkham/Documents/linkedin_learning/Ex_Files_Data_Engineering_Foundations/airflow_env/lib/python3.9/site-packages/airflow/example_dags/plugins/workday.py took 0.021 seconds
[2022-03-18 17:34:02,552] {processor.py:163} INFO - Started process (PID=48438) to work on /Users/louisekirkham/Documents/linkedin_learning/Ex_Files_Data_Engineering_Foundations/airflow_env/lib/python3.9/site-packages/airflow/example_dags/plugins/workday.py
[2022-03-18 17:34:02,553] {processor.py:642} INFO - Processing file /Users/louisekirkham/Documents/linkedin_learning/Ex_Files_Data_Engineering_Foundations/airflow_env/lib/python3.9/site-packages/airflow/example_dags/plugins/workday.py for tasks to queue
[2022-03-18 17:34:02,553] {logging_mixin.py:109} INFO - [2022-03-18 17:34:02,553] {dagbag.py:500} INFO - Filling up the DagBag from /Users/louisekirkham/Documents/linkedin_learning/Ex_Files_Data_Engineering_Foundations/airflow_env/lib/python3.9/site-packages/airflow/example_dags/plugins/workday.py
[2022-03-18 17:34:02,570] {processor.py:656} WARNING - No viable dags retrieved from /Users/louisekirkham/Documents/linkedin_learning/Ex_Files_Data_Engineering_Foundations/airflow_env/lib/python3.9/site-packages/airflow/example_dags/plugins/workday.py
[2022-03-18 17:34:02,571] {processor.py:171} INFO - Processing /Users/louisekirkham/Documents/linkedin_learning/Ex_Files_Data_Engineering_Foundations/airflow_env/lib/python3.9/site-packages/airflow/example_dags/plugins/workday.py took 0.019 seconds
[2022-03-18 17:34:43,831] {processor.py:163} INFO - Started process (PID=48475) to work on /Users/louisekirkham/Documents/linkedin_learning/Ex_Files_Data_Engineering_Foundations/airflow_env/lib/python3.9/site-packages/airflow/example_dags/plugins/workday.py
[2022-03-18 17:34:43,831] {processor.py:642} INFO - Processing file /Users/louisekirkham/Documents/linkedin_learning/Ex_Files_Data_Engineering_Foundations/airflow_env/lib/python3.9/site-packages/airflow/example_dags/plugins/workday.py for tasks to queue
[2022-03-18 17:34:43,831] {logging_mixin.py:109} INFO - [2022-03-18 17:34:43,831] {dagbag.py:500} INFO - Filling up the DagBag from /Users/louisekirkham/Documents/linkedin_learning/Ex_Files_Data_Engineering_Foundations/airflow_env/lib/python3.9/site-packages/airflow/example_dags/plugins/workday.py
[2022-03-18 17:34:43,850] {processor.py:656} WARNING - No viable dags retrieved from /Users/louisekirkham/Documents/linkedin_learning/Ex_Files_Data_Engineering_Foundations/airflow_env/lib/python3.9/site-packages/airflow/example_dags/plugins/workday.py
[2022-03-18 17:34:43,852] {processor.py:171} INFO - Processing /Users/louisekirkham/Documents/linkedin_learning/Ex_Files_Data_Engineering_Foundations/airflow_env/lib/python3.9/site-packages/airflow/example_dags/plugins/workday.py took 0.022 seconds
[2022-03-18 17:35:25,327] {processor.py:163} INFO - Started process (PID=48514) to work on /Users/louisekirkham/Documents/linkedin_learning/Ex_Files_Data_Engineering_Foundations/airflow_env/lib/python3.9/site-packages/airflow/example_dags/plugins/workday.py
[2022-03-18 17:35:25,327] {processor.py:642} INFO - Processing file /Users/louisekirkham/Documents/linkedin_learning/Ex_Files_Data_Engineering_Foundations/airflow_env/lib/python3.9/site-packages/airflow/example_dags/plugins/workday.py for tasks to queue
[2022-03-18 17:35:25,327] {logging_mixin.py:109} INFO - [2022-03-18 17:35:25,327] {dagbag.py:500} INFO - Filling up the DagBag from /Users/louisekirkham/Documents/linkedin_learning/Ex_Files_Data_Engineering_Foundations/airflow_env/lib/python3.9/site-packages/airflow/example_dags/plugins/workday.py
[2022-03-18 17:35:25,346] {processor.py:656} WARNING - No viable dags retrieved from /Users/louisekirkham/Documents/linkedin_learning/Ex_Files_Data_Engineering_Foundations/airflow_env/lib/python3.9/site-packages/airflow/example_dags/plugins/workday.py
[2022-03-18 17:35:25,347] {processor.py:171} INFO - Processing /Users/louisekirkham/Documents/linkedin_learning/Ex_Files_Data_Engineering_Foundations/airflow_env/lib/python3.9/site-packages/airflow/example_dags/plugins/workday.py took 0.021 seconds
[2022-03-18 17:36:06,057] {processor.py:163} INFO - Started process (PID=48554) to work on /Users/louisekirkham/Documents/linkedin_learning/Ex_Files_Data_Engineering_Foundations/airflow_env/lib/python3.9/site-packages/airflow/example_dags/plugins/workday.py
[2022-03-18 17:36:06,058] {processor.py:642} INFO - Processing file /Users/louisekirkham/Documents/linkedin_learning/Ex_Files_Data_Engineering_Foundations/airflow_env/lib/python3.9/site-packages/airflow/example_dags/plugins/workday.py for tasks to queue
[2022-03-18 17:36:06,059] {logging_mixin.py:109} INFO - [2022-03-18 17:36:06,059] {dagbag.py:500} INFO - Filling up the DagBag from /Users/louisekirkham/Documents/linkedin_learning/Ex_Files_Data_Engineering_Foundations/airflow_env/lib/python3.9/site-packages/airflow/example_dags/plugins/workday.py
[2022-03-18 17:36:06,076] {processor.py:656} WARNING - No viable dags retrieved from /Users/louisekirkham/Documents/linkedin_learning/Ex_Files_Data_Engineering_Foundations/airflow_env/lib/python3.9/site-packages/airflow/example_dags/plugins/workday.py
[2022-03-18 17:36:06,078] {processor.py:171} INFO - Processing /Users/louisekirkham/Documents/linkedin_learning/Ex_Files_Data_Engineering_Foundations/airflow_env/lib/python3.9/site-packages/airflow/example_dags/plugins/workday.py took 0.022 seconds
[2022-03-18 17:36:48,215] {processor.py:163} INFO - Started process (PID=48605) to work on /Users/louisekirkham/Documents/linkedin_learning/Ex_Files_Data_Engineering_Foundations/airflow_env/lib/python3.9/site-packages/airflow/example_dags/plugins/workday.py
[2022-03-18 17:36:48,215] {processor.py:642} INFO - Processing file /Users/louisekirkham/Documents/linkedin_learning/Ex_Files_Data_Engineering_Foundations/airflow_env/lib/python3.9/site-packages/airflow/example_dags/plugins/workday.py for tasks to queue
[2022-03-18 17:36:48,215] {logging_mixin.py:109} INFO - [2022-03-18 17:36:48,215] {dagbag.py:500} INFO - Filling up the DagBag from /Users/louisekirkham/Documents/linkedin_learning/Ex_Files_Data_Engineering_Foundations/airflow_env/lib/python3.9/site-packages/airflow/example_dags/plugins/workday.py
[2022-03-18 17:36:48,233] {processor.py:656} WARNING - No viable dags retrieved from /Users/louisekirkham/Documents/linkedin_learning/Ex_Files_Data_Engineering_Foundations/airflow_env/lib/python3.9/site-packages/airflow/example_dags/plugins/workday.py
[2022-03-18 17:36:48,235] {processor.py:171} INFO - Processing /Users/louisekirkham/Documents/linkedin_learning/Ex_Files_Data_Engineering_Foundations/airflow_env/lib/python3.9/site-packages/airflow/example_dags/plugins/workday.py took 0.020 seconds
[2022-03-18 17:37:31,030] {processor.py:163} INFO - Started process (PID=48627) to work on /Users/louisekirkham/Documents/linkedin_learning/Ex_Files_Data_Engineering_Foundations/airflow_env/lib/python3.9/site-packages/airflow/example_dags/plugins/workday.py
[2022-03-18 17:37:31,030] {processor.py:642} INFO - Processing file /Users/louisekirkham/Documents/linkedin_learning/Ex_Files_Data_Engineering_Foundations/airflow_env/lib/python3.9/site-packages/airflow/example_dags/plugins/workday.py for tasks to queue
[2022-03-18 17:37:31,031] {logging_mixin.py:109} INFO - [2022-03-18 17:37:31,031] {dagbag.py:500} INFO - Filling up the DagBag from /Users/louisekirkham/Documents/linkedin_learning/Ex_Files_Data_Engineering_Foundations/airflow_env/lib/python3.9/site-packages/airflow/example_dags/plugins/workday.py
[2022-03-18 17:37:31,048] {processor.py:656} WARNING - No viable dags retrieved from /Users/louisekirkham/Documents/linkedin_learning/Ex_Files_Data_Engineering_Foundations/airflow_env/lib/python3.9/site-packages/airflow/example_dags/plugins/workday.py
[2022-03-18 17:37:31,049] {processor.py:171} INFO - Processing /Users/louisekirkham/Documents/linkedin_learning/Ex_Files_Data_Engineering_Foundations/airflow_env/lib/python3.9/site-packages/airflow/example_dags/plugins/workday.py took 0.019 seconds
[2022-03-18 17:38:12,029] {processor.py:163} INFO - Started process (PID=48666) to work on /Users/louisekirkham/Documents/linkedin_learning/Ex_Files_Data_Engineering_Foundations/airflow_env/lib/python3.9/site-packages/airflow/example_dags/plugins/workday.py
[2022-03-18 17:38:12,029] {processor.py:642} INFO - Processing file /Users/louisekirkham/Documents/linkedin_learning/Ex_Files_Data_Engineering_Foundations/airflow_env/lib/python3.9/site-packages/airflow/example_dags/plugins/workday.py for tasks to queue
[2022-03-18 17:38:12,029] {logging_mixin.py:109} INFO - [2022-03-18 17:38:12,029] {dagbag.py:500} INFO - Filling up the DagBag from /Users/louisekirkham/Documents/linkedin_learning/Ex_Files_Data_Engineering_Foundations/airflow_env/lib/python3.9/site-packages/airflow/example_dags/plugins/workday.py
[2022-03-18 17:38:12,050] {processor.py:656} WARNING - No viable dags retrieved from /Users/louisekirkham/Documents/linkedin_learning/Ex_Files_Data_Engineering_Foundations/airflow_env/lib/python3.9/site-packages/airflow/example_dags/plugins/workday.py
[2022-03-18 17:38:12,052] {processor.py:171} INFO - Processing /Users/louisekirkham/Documents/linkedin_learning/Ex_Files_Data_Engineering_Foundations/airflow_env/lib/python3.9/site-packages/airflow/example_dags/plugins/workday.py took 0.024 seconds
[2022-03-18 17:38:55,452] {processor.py:163} INFO - Started process (PID=48694) to work on /Users/louisekirkham/Documents/linkedin_learning/Ex_Files_Data_Engineering_Foundations/airflow_env/lib/python3.9/site-packages/airflow/example_dags/plugins/workday.py
[2022-03-18 17:38:55,452] {processor.py:642} INFO - Processing file /Users/louisekirkham/Documents/linkedin_learning/Ex_Files_Data_Engineering_Foundations/airflow_env/lib/python3.9/site-packages/airflow/example_dags/plugins/workday.py for tasks to queue
[2022-03-18 17:38:55,453] {logging_mixin.py:109} INFO - [2022-03-18 17:38:55,453] {dagbag.py:500} INFO - Filling up the DagBag from /Users/louisekirkham/Documents/linkedin_learning/Ex_Files_Data_Engineering_Foundations/airflow_env/lib/python3.9/site-packages/airflow/example_dags/plugins/workday.py
[2022-03-18 17:38:55,473] {processor.py:656} WARNING - No viable dags retrieved from /Users/louisekirkham/Documents/linkedin_learning/Ex_Files_Data_Engineering_Foundations/airflow_env/lib/python3.9/site-packages/airflow/example_dags/plugins/workday.py
[2022-03-18 17:38:55,474] {processor.py:171} INFO - Processing /Users/louisekirkham/Documents/linkedin_learning/Ex_Files_Data_Engineering_Foundations/airflow_env/lib/python3.9/site-packages/airflow/example_dags/plugins/workday.py took 0.023 seconds
[2022-03-18 17:39:38,352] {processor.py:163} INFO - Started process (PID=48744) to work on /Users/louisekirkham/Documents/linkedin_learning/Ex_Files_Data_Engineering_Foundations/airflow_env/lib/python3.9/site-packages/airflow/example_dags/plugins/workday.py
[2022-03-18 17:39:38,354] {processor.py:642} INFO - Processing file /Users/louisekirkham/Documents/linkedin_learning/Ex_Files_Data_Engineering_Foundations/airflow_env/lib/python3.9/site-packages/airflow/example_dags/plugins/workday.py for tasks to queue
[2022-03-18 17:39:38,354] {logging_mixin.py:109} INFO - [2022-03-18 17:39:38,354] {dagbag.py:500} INFO - Filling up the DagBag from /Users/louisekirkham/Documents/linkedin_learning/Ex_Files_Data_Engineering_Foundations/airflow_env/lib/python3.9/site-packages/airflow/example_dags/plugins/workday.py
[2022-03-18 17:39:38,378] {processor.py:656} WARNING - No viable dags retrieved from /Users/louisekirkham/Documents/linkedin_learning/Ex_Files_Data_Engineering_Foundations/airflow_env/lib/python3.9/site-packages/airflow/example_dags/plugins/workday.py
[2022-03-18 17:39:38,380] {processor.py:171} INFO - Processing /Users/louisekirkham/Documents/linkedin_learning/Ex_Files_Data_Engineering_Foundations/airflow_env/lib/python3.9/site-packages/airflow/example_dags/plugins/workday.py took 0.028 seconds
[2022-03-18 17:40:21,403] {processor.py:163} INFO - Started process (PID=48766) to work on /Users/louisekirkham/Documents/linkedin_learning/Ex_Files_Data_Engineering_Foundations/airflow_env/lib/python3.9/site-packages/airflow/example_dags/plugins/workday.py
[2022-03-18 17:40:21,403] {processor.py:642} INFO - Processing file /Users/louisekirkham/Documents/linkedin_learning/Ex_Files_Data_Engineering_Foundations/airflow_env/lib/python3.9/site-packages/airflow/example_dags/plugins/workday.py for tasks to queue
[2022-03-18 17:40:21,404] {logging_mixin.py:109} INFO - [2022-03-18 17:40:21,403] {dagbag.py:500} INFO - Filling up the DagBag from /Users/louisekirkham/Documents/linkedin_learning/Ex_Files_Data_Engineering_Foundations/airflow_env/lib/python3.9/site-packages/airflow/example_dags/plugins/workday.py
[2022-03-18 17:40:21,419] {processor.py:656} WARNING - No viable dags retrieved from /Users/louisekirkham/Documents/linkedin_learning/Ex_Files_Data_Engineering_Foundations/airflow_env/lib/python3.9/site-packages/airflow/example_dags/plugins/workday.py
[2022-03-18 17:40:21,421] {processor.py:171} INFO - Processing /Users/louisekirkham/Documents/linkedin_learning/Ex_Files_Data_Engineering_Foundations/airflow_env/lib/python3.9/site-packages/airflow/example_dags/plugins/workday.py took 0.018 seconds
[2022-03-18 17:41:02,062] {processor.py:163} INFO - Started process (PID=48836) to work on /Users/louisekirkham/Documents/linkedin_learning/Ex_Files_Data_Engineering_Foundations/airflow_env/lib/python3.9/site-packages/airflow/example_dags/plugins/workday.py
[2022-03-18 17:41:02,062] {processor.py:642} INFO - Processing file /Users/louisekirkham/Documents/linkedin_learning/Ex_Files_Data_Engineering_Foundations/airflow_env/lib/python3.9/site-packages/airflow/example_dags/plugins/workday.py for tasks to queue
[2022-03-18 17:41:02,063] {logging_mixin.py:109} INFO - [2022-03-18 17:41:02,063] {dagbag.py:500} INFO - Filling up the DagBag from /Users/louisekirkham/Documents/linkedin_learning/Ex_Files_Data_Engineering_Foundations/airflow_env/lib/python3.9/site-packages/airflow/example_dags/plugins/workday.py
[2022-03-18 17:41:02,081] {processor.py:656} WARNING - No viable dags retrieved from /Users/louisekirkham/Documents/linkedin_learning/Ex_Files_Data_Engineering_Foundations/airflow_env/lib/python3.9/site-packages/airflow/example_dags/plugins/workday.py
[2022-03-18 17:41:02,083] {processor.py:171} INFO - Processing /Users/louisekirkham/Documents/linkedin_learning/Ex_Files_Data_Engineering_Foundations/airflow_env/lib/python3.9/site-packages/airflow/example_dags/plugins/workday.py took 0.021 seconds
[2022-03-18 17:41:42,271] {processor.py:163} INFO - Started process (PID=48880) to work on /Users/louisekirkham/Documents/linkedin_learning/Ex_Files_Data_Engineering_Foundations/airflow_env/lib/python3.9/site-packages/airflow/example_dags/plugins/workday.py
[2022-03-18 17:41:42,272] {processor.py:642} INFO - Processing file /Users/louisekirkham/Documents/linkedin_learning/Ex_Files_Data_Engineering_Foundations/airflow_env/lib/python3.9/site-packages/airflow/example_dags/plugins/workday.py for tasks to queue
[2022-03-18 17:41:42,272] {logging_mixin.py:109} INFO - [2022-03-18 17:41:42,272] {dagbag.py:500} INFO - Filling up the DagBag from /Users/louisekirkham/Documents/linkedin_learning/Ex_Files_Data_Engineering_Foundations/airflow_env/lib/python3.9/site-packages/airflow/example_dags/plugins/workday.py
[2022-03-18 17:41:42,289] {processor.py:656} WARNING - No viable dags retrieved from /Users/louisekirkham/Documents/linkedin_learning/Ex_Files_Data_Engineering_Foundations/airflow_env/lib/python3.9/site-packages/airflow/example_dags/plugins/workday.py
[2022-03-18 17:41:42,291] {processor.py:171} INFO - Processing /Users/louisekirkham/Documents/linkedin_learning/Ex_Files_Data_Engineering_Foundations/airflow_env/lib/python3.9/site-packages/airflow/example_dags/plugins/workday.py took 0.020 seconds
[2022-03-18 17:42:24,517] {processor.py:163} INFO - Started process (PID=48918) to work on /Users/louisekirkham/Documents/linkedin_learning/Ex_Files_Data_Engineering_Foundations/airflow_env/lib/python3.9/site-packages/airflow/example_dags/plugins/workday.py
[2022-03-18 17:42:24,518] {processor.py:642} INFO - Processing file /Users/louisekirkham/Documents/linkedin_learning/Ex_Files_Data_Engineering_Foundations/airflow_env/lib/python3.9/site-packages/airflow/example_dags/plugins/workday.py for tasks to queue
[2022-03-18 17:42:24,518] {logging_mixin.py:109} INFO - [2022-03-18 17:42:24,518] {dagbag.py:500} INFO - Filling up the DagBag from /Users/louisekirkham/Documents/linkedin_learning/Ex_Files_Data_Engineering_Foundations/airflow_env/lib/python3.9/site-packages/airflow/example_dags/plugins/workday.py
[2022-03-18 17:42:24,535] {processor.py:656} WARNING - No viable dags retrieved from /Users/louisekirkham/Documents/linkedin_learning/Ex_Files_Data_Engineering_Foundations/airflow_env/lib/python3.9/site-packages/airflow/example_dags/plugins/workday.py
[2022-03-18 17:42:24,537] {processor.py:171} INFO - Processing /Users/louisekirkham/Documents/linkedin_learning/Ex_Files_Data_Engineering_Foundations/airflow_env/lib/python3.9/site-packages/airflow/example_dags/plugins/workday.py took 0.020 seconds
[2022-03-18 17:43:07,292] {processor.py:163} INFO - Started process (PID=48941) to work on /Users/louisekirkham/Documents/linkedin_learning/Ex_Files_Data_Engineering_Foundations/airflow_env/lib/python3.9/site-packages/airflow/example_dags/plugins/workday.py
[2022-03-18 17:43:07,292] {processor.py:642} INFO - Processing file /Users/louisekirkham/Documents/linkedin_learning/Ex_Files_Data_Engineering_Foundations/airflow_env/lib/python3.9/site-packages/airflow/example_dags/plugins/workday.py for tasks to queue
[2022-03-18 17:43:07,293] {logging_mixin.py:109} INFO - [2022-03-18 17:43:07,293] {dagbag.py:500} INFO - Filling up the DagBag from /Users/louisekirkham/Documents/linkedin_learning/Ex_Files_Data_Engineering_Foundations/airflow_env/lib/python3.9/site-packages/airflow/example_dags/plugins/workday.py
[2022-03-18 17:43:07,310] {processor.py:656} WARNING - No viable dags retrieved from /Users/louisekirkham/Documents/linkedin_learning/Ex_Files_Data_Engineering_Foundations/airflow_env/lib/python3.9/site-packages/airflow/example_dags/plugins/workday.py
[2022-03-18 17:43:07,312] {processor.py:171} INFO - Processing /Users/louisekirkham/Documents/linkedin_learning/Ex_Files_Data_Engineering_Foundations/airflow_env/lib/python3.9/site-packages/airflow/example_dags/plugins/workday.py took 0.020 seconds
[2022-03-18 17:43:47,595] {processor.py:163} INFO - Started process (PID=48979) to work on /Users/louisekirkham/Documents/linkedin_learning/Ex_Files_Data_Engineering_Foundations/airflow_env/lib/python3.9/site-packages/airflow/example_dags/plugins/workday.py
[2022-03-18 17:43:47,595] {processor.py:642} INFO - Processing file /Users/louisekirkham/Documents/linkedin_learning/Ex_Files_Data_Engineering_Foundations/airflow_env/lib/python3.9/site-packages/airflow/example_dags/plugins/workday.py for tasks to queue
[2022-03-18 17:43:47,596] {logging_mixin.py:109} INFO - [2022-03-18 17:43:47,596] {dagbag.py:500} INFO - Filling up the DagBag from /Users/louisekirkham/Documents/linkedin_learning/Ex_Files_Data_Engineering_Foundations/airflow_env/lib/python3.9/site-packages/airflow/example_dags/plugins/workday.py
[2022-03-18 17:43:47,613] {processor.py:656} WARNING - No viable dags retrieved from /Users/louisekirkham/Documents/linkedin_learning/Ex_Files_Data_Engineering_Foundations/airflow_env/lib/python3.9/site-packages/airflow/example_dags/plugins/workday.py
[2022-03-18 17:43:47,614] {processor.py:171} INFO - Processing /Users/louisekirkham/Documents/linkedin_learning/Ex_Files_Data_Engineering_Foundations/airflow_env/lib/python3.9/site-packages/airflow/example_dags/plugins/workday.py took 0.020 seconds
[2022-03-18 17:44:27,657] {processor.py:163} INFO - Started process (PID=49000) to work on /Users/louisekirkham/Documents/linkedin_learning/Ex_Files_Data_Engineering_Foundations/airflow_env/lib/python3.9/site-packages/airflow/example_dags/plugins/workday.py
[2022-03-18 17:44:27,657] {processor.py:642} INFO - Processing file /Users/louisekirkham/Documents/linkedin_learning/Ex_Files_Data_Engineering_Foundations/airflow_env/lib/python3.9/site-packages/airflow/example_dags/plugins/workday.py for tasks to queue
[2022-03-18 17:44:27,658] {logging_mixin.py:109} INFO - [2022-03-18 17:44:27,658] {dagbag.py:500} INFO - Filling up the DagBag from /Users/louisekirkham/Documents/linkedin_learning/Ex_Files_Data_Engineering_Foundations/airflow_env/lib/python3.9/site-packages/airflow/example_dags/plugins/workday.py
[2022-03-18 17:44:27,676] {processor.py:656} WARNING - No viable dags retrieved from /Users/louisekirkham/Documents/linkedin_learning/Ex_Files_Data_Engineering_Foundations/airflow_env/lib/python3.9/site-packages/airflow/example_dags/plugins/workday.py
[2022-03-18 17:44:27,677] {processor.py:171} INFO - Processing /Users/louisekirkham/Documents/linkedin_learning/Ex_Files_Data_Engineering_Foundations/airflow_env/lib/python3.9/site-packages/airflow/example_dags/plugins/workday.py took 0.020 seconds
[2022-03-18 17:45:10,947] {processor.py:163} INFO - Started process (PID=49039) to work on /Users/louisekirkham/Documents/linkedin_learning/Ex_Files_Data_Engineering_Foundations/airflow_env/lib/python3.9/site-packages/airflow/example_dags/plugins/workday.py
[2022-03-18 17:45:10,948] {processor.py:642} INFO - Processing file /Users/louisekirkham/Documents/linkedin_learning/Ex_Files_Data_Engineering_Foundations/airflow_env/lib/python3.9/site-packages/airflow/example_dags/plugins/workday.py for tasks to queue
[2022-03-18 17:45:10,948] {logging_mixin.py:109} INFO - [2022-03-18 17:45:10,948] {dagbag.py:500} INFO - Filling up the DagBag from /Users/louisekirkham/Documents/linkedin_learning/Ex_Files_Data_Engineering_Foundations/airflow_env/lib/python3.9/site-packages/airflow/example_dags/plugins/workday.py
[2022-03-18 17:45:10,964] {processor.py:656} WARNING - No viable dags retrieved from /Users/louisekirkham/Documents/linkedin_learning/Ex_Files_Data_Engineering_Foundations/airflow_env/lib/python3.9/site-packages/airflow/example_dags/plugins/workday.py
[2022-03-18 17:45:10,965] {processor.py:171} INFO - Processing /Users/louisekirkham/Documents/linkedin_learning/Ex_Files_Data_Engineering_Foundations/airflow_env/lib/python3.9/site-packages/airflow/example_dags/plugins/workday.py took 0.019 seconds
[2022-03-18 17:45:54,051] {processor.py:163} INFO - Started process (PID=49074) to work on /Users/louisekirkham/Documents/linkedin_learning/Ex_Files_Data_Engineering_Foundations/airflow_env/lib/python3.9/site-packages/airflow/example_dags/plugins/workday.py
[2022-03-18 17:45:54,052] {processor.py:642} INFO - Processing file /Users/louisekirkham/Documents/linkedin_learning/Ex_Files_Data_Engineering_Foundations/airflow_env/lib/python3.9/site-packages/airflow/example_dags/plugins/workday.py for tasks to queue
[2022-03-18 17:45:54,052] {logging_mixin.py:109} INFO - [2022-03-18 17:45:54,052] {dagbag.py:500} INFO - Filling up the DagBag from /Users/louisekirkham/Documents/linkedin_learning/Ex_Files_Data_Engineering_Foundations/airflow_env/lib/python3.9/site-packages/airflow/example_dags/plugins/workday.py
[2022-03-18 17:45:54,071] {processor.py:656} WARNING - No viable dags retrieved from /Users/louisekirkham/Documents/linkedin_learning/Ex_Files_Data_Engineering_Foundations/airflow_env/lib/python3.9/site-packages/airflow/example_dags/plugins/workday.py
[2022-03-18 17:45:54,072] {processor.py:171} INFO - Processing /Users/louisekirkham/Documents/linkedin_learning/Ex_Files_Data_Engineering_Foundations/airflow_env/lib/python3.9/site-packages/airflow/example_dags/plugins/workday.py took 0.022 seconds
[2022-03-18 17:46:35,097] {processor.py:163} INFO - Started process (PID=49110) to work on /Users/louisekirkham/Documents/linkedin_learning/Ex_Files_Data_Engineering_Foundations/airflow_env/lib/python3.9/site-packages/airflow/example_dags/plugins/workday.py
[2022-03-18 17:46:35,097] {processor.py:642} INFO - Processing file /Users/louisekirkham/Documents/linkedin_learning/Ex_Files_Data_Engineering_Foundations/airflow_env/lib/python3.9/site-packages/airflow/example_dags/plugins/workday.py for tasks to queue
[2022-03-18 17:46:35,097] {logging_mixin.py:109} INFO - [2022-03-18 17:46:35,097] {dagbag.py:500} INFO - Filling up the DagBag from /Users/louisekirkham/Documents/linkedin_learning/Ex_Files_Data_Engineering_Foundations/airflow_env/lib/python3.9/site-packages/airflow/example_dags/plugins/workday.py
[2022-03-18 17:46:35,119] {processor.py:656} WARNING - No viable dags retrieved from /Users/louisekirkham/Documents/linkedin_learning/Ex_Files_Data_Engineering_Foundations/airflow_env/lib/python3.9/site-packages/airflow/example_dags/plugins/workday.py
[2022-03-18 17:46:35,121] {processor.py:171} INFO - Processing /Users/louisekirkham/Documents/linkedin_learning/Ex_Files_Data_Engineering_Foundations/airflow_env/lib/python3.9/site-packages/airflow/example_dags/plugins/workday.py took 0.025 seconds
[2022-03-18 17:47:16,996] {processor.py:163} INFO - Started process (PID=49135) to work on /Users/louisekirkham/Documents/linkedin_learning/Ex_Files_Data_Engineering_Foundations/airflow_env/lib/python3.9/site-packages/airflow/example_dags/plugins/workday.py
[2022-03-18 17:47:16,996] {processor.py:642} INFO - Processing file /Users/louisekirkham/Documents/linkedin_learning/Ex_Files_Data_Engineering_Foundations/airflow_env/lib/python3.9/site-packages/airflow/example_dags/plugins/workday.py for tasks to queue
[2022-03-18 17:47:16,997] {logging_mixin.py:109} INFO - [2022-03-18 17:47:16,997] {dagbag.py:500} INFO - Filling up the DagBag from /Users/louisekirkham/Documents/linkedin_learning/Ex_Files_Data_Engineering_Foundations/airflow_env/lib/python3.9/site-packages/airflow/example_dags/plugins/workday.py
[2022-03-18 17:47:17,018] {processor.py:656} WARNING - No viable dags retrieved from /Users/louisekirkham/Documents/linkedin_learning/Ex_Files_Data_Engineering_Foundations/airflow_env/lib/python3.9/site-packages/airflow/example_dags/plugins/workday.py
[2022-03-18 17:47:17,019] {processor.py:171} INFO - Processing /Users/louisekirkham/Documents/linkedin_learning/Ex_Files_Data_Engineering_Foundations/airflow_env/lib/python3.9/site-packages/airflow/example_dags/plugins/workday.py took 0.025 seconds
[2022-03-18 17:47:58,890] {processor.py:163} INFO - Started process (PID=49193) to work on /Users/louisekirkham/Documents/linkedin_learning/Ex_Files_Data_Engineering_Foundations/airflow_env/lib/python3.9/site-packages/airflow/example_dags/plugins/workday.py
[2022-03-18 17:47:58,890] {processor.py:642} INFO - Processing file /Users/louisekirkham/Documents/linkedin_learning/Ex_Files_Data_Engineering_Foundations/airflow_env/lib/python3.9/site-packages/airflow/example_dags/plugins/workday.py for tasks to queue
[2022-03-18 17:47:58,890] {logging_mixin.py:109} INFO - [2022-03-18 17:47:58,890] {dagbag.py:500} INFO - Filling up the DagBag from /Users/louisekirkham/Documents/linkedin_learning/Ex_Files_Data_Engineering_Foundations/airflow_env/lib/python3.9/site-packages/airflow/example_dags/plugins/workday.py
[2022-03-18 17:47:58,911] {processor.py:656} WARNING - No viable dags retrieved from /Users/louisekirkham/Documents/linkedin_learning/Ex_Files_Data_Engineering_Foundations/airflow_env/lib/python3.9/site-packages/airflow/example_dags/plugins/workday.py
[2022-03-18 17:47:58,912] {processor.py:171} INFO - Processing /Users/louisekirkham/Documents/linkedin_learning/Ex_Files_Data_Engineering_Foundations/airflow_env/lib/python3.9/site-packages/airflow/example_dags/plugins/workday.py took 0.024 seconds
[2022-03-18 17:48:40,769] {processor.py:163} INFO - Started process (PID=50892) to work on /Users/louisekirkham/Documents/linkedin_learning/Ex_Files_Data_Engineering_Foundations/airflow_env/lib/python3.9/site-packages/airflow/example_dags/plugins/workday.py
[2022-03-18 17:48:40,770] {processor.py:642} INFO - Processing file /Users/louisekirkham/Documents/linkedin_learning/Ex_Files_Data_Engineering_Foundations/airflow_env/lib/python3.9/site-packages/airflow/example_dags/plugins/workday.py for tasks to queue
[2022-03-18 17:48:40,770] {logging_mixin.py:109} INFO - [2022-03-18 17:48:40,770] {dagbag.py:500} INFO - Filling up the DagBag from /Users/louisekirkham/Documents/linkedin_learning/Ex_Files_Data_Engineering_Foundations/airflow_env/lib/python3.9/site-packages/airflow/example_dags/plugins/workday.py
[2022-03-18 17:48:40,790] {processor.py:656} WARNING - No viable dags retrieved from /Users/louisekirkham/Documents/linkedin_learning/Ex_Files_Data_Engineering_Foundations/airflow_env/lib/python3.9/site-packages/airflow/example_dags/plugins/workday.py
[2022-03-18 17:48:40,792] {processor.py:171} INFO - Processing /Users/louisekirkham/Documents/linkedin_learning/Ex_Files_Data_Engineering_Foundations/airflow_env/lib/python3.9/site-packages/airflow/example_dags/plugins/workday.py took 0.023 seconds
[2022-03-18 17:49:24,120] {processor.py:163} INFO - Started process (PID=50936) to work on /Users/louisekirkham/Documents/linkedin_learning/Ex_Files_Data_Engineering_Foundations/airflow_env/lib/python3.9/site-packages/airflow/example_dags/plugins/workday.py
[2022-03-18 17:49:24,121] {processor.py:642} INFO - Processing file /Users/louisekirkham/Documents/linkedin_learning/Ex_Files_Data_Engineering_Foundations/airflow_env/lib/python3.9/site-packages/airflow/example_dags/plugins/workday.py for tasks to queue
[2022-03-18 17:49:24,122] {logging_mixin.py:109} INFO - [2022-03-18 17:49:24,122] {dagbag.py:500} INFO - Filling up the DagBag from /Users/louisekirkham/Documents/linkedin_learning/Ex_Files_Data_Engineering_Foundations/airflow_env/lib/python3.9/site-packages/airflow/example_dags/plugins/workday.py
[2022-03-18 17:49:24,141] {processor.py:656} WARNING - No viable dags retrieved from /Users/louisekirkham/Documents/linkedin_learning/Ex_Files_Data_Engineering_Foundations/airflow_env/lib/python3.9/site-packages/airflow/example_dags/plugins/workday.py
[2022-03-18 17:49:24,142] {processor.py:171} INFO - Processing /Users/louisekirkham/Documents/linkedin_learning/Ex_Files_Data_Engineering_Foundations/airflow_env/lib/python3.9/site-packages/airflow/example_dags/plugins/workday.py took 0.023 seconds
[2022-03-18 17:50:05,274] {processor.py:163} INFO - Started process (PID=50960) to work on /Users/louisekirkham/Documents/linkedin_learning/Ex_Files_Data_Engineering_Foundations/airflow_env/lib/python3.9/site-packages/airflow/example_dags/plugins/workday.py
[2022-03-18 17:50:05,276] {processor.py:642} INFO - Processing file /Users/louisekirkham/Documents/linkedin_learning/Ex_Files_Data_Engineering_Foundations/airflow_env/lib/python3.9/site-packages/airflow/example_dags/plugins/workday.py for tasks to queue
[2022-03-18 17:50:05,276] {logging_mixin.py:109} INFO - [2022-03-18 17:50:05,276] {dagbag.py:500} INFO - Filling up the DagBag from /Users/louisekirkham/Documents/linkedin_learning/Ex_Files_Data_Engineering_Foundations/airflow_env/lib/python3.9/site-packages/airflow/example_dags/plugins/workday.py
[2022-03-18 17:50:05,297] {processor.py:656} WARNING - No viable dags retrieved from /Users/louisekirkham/Documents/linkedin_learning/Ex_Files_Data_Engineering_Foundations/airflow_env/lib/python3.9/site-packages/airflow/example_dags/plugins/workday.py
[2022-03-18 17:50:05,299] {processor.py:171} INFO - Processing /Users/louisekirkham/Documents/linkedin_learning/Ex_Files_Data_Engineering_Foundations/airflow_env/lib/python3.9/site-packages/airflow/example_dags/plugins/workday.py took 0.026 seconds
[2022-03-18 17:50:47,912] {processor.py:163} INFO - Started process (PID=51011) to work on /Users/louisekirkham/Documents/linkedin_learning/Ex_Files_Data_Engineering_Foundations/airflow_env/lib/python3.9/site-packages/airflow/example_dags/plugins/workday.py
[2022-03-18 17:50:47,913] {processor.py:642} INFO - Processing file /Users/louisekirkham/Documents/linkedin_learning/Ex_Files_Data_Engineering_Foundations/airflow_env/lib/python3.9/site-packages/airflow/example_dags/plugins/workday.py for tasks to queue
[2022-03-18 17:50:47,913] {logging_mixin.py:109} INFO - [2022-03-18 17:50:47,913] {dagbag.py:500} INFO - Filling up the DagBag from /Users/louisekirkham/Documents/linkedin_learning/Ex_Files_Data_Engineering_Foundations/airflow_env/lib/python3.9/site-packages/airflow/example_dags/plugins/workday.py
[2022-03-18 17:50:47,936] {processor.py:656} WARNING - No viable dags retrieved from /Users/louisekirkham/Documents/linkedin_learning/Ex_Files_Data_Engineering_Foundations/airflow_env/lib/python3.9/site-packages/airflow/example_dags/plugins/workday.py
[2022-03-18 17:50:47,939] {processor.py:171} INFO - Processing /Users/louisekirkham/Documents/linkedin_learning/Ex_Files_Data_Engineering_Foundations/airflow_env/lib/python3.9/site-packages/airflow/example_dags/plugins/workday.py took 0.027 seconds
[2022-03-18 17:51:30,969] {processor.py:163} INFO - Started process (PID=51045) to work on /Users/louisekirkham/Documents/linkedin_learning/Ex_Files_Data_Engineering_Foundations/airflow_env/lib/python3.9/site-packages/airflow/example_dags/plugins/workday.py
[2022-03-18 17:51:30,969] {processor.py:642} INFO - Processing file /Users/louisekirkham/Documents/linkedin_learning/Ex_Files_Data_Engineering_Foundations/airflow_env/lib/python3.9/site-packages/airflow/example_dags/plugins/workday.py for tasks to queue
[2022-03-18 17:51:30,970] {logging_mixin.py:109} INFO - [2022-03-18 17:51:30,969] {dagbag.py:500} INFO - Filling up the DagBag from /Users/louisekirkham/Documents/linkedin_learning/Ex_Files_Data_Engineering_Foundations/airflow_env/lib/python3.9/site-packages/airflow/example_dags/plugins/workday.py
[2022-03-18 17:51:30,988] {processor.py:656} WARNING - No viable dags retrieved from /Users/louisekirkham/Documents/linkedin_learning/Ex_Files_Data_Engineering_Foundations/airflow_env/lib/python3.9/site-packages/airflow/example_dags/plugins/workday.py
[2022-03-18 17:51:30,990] {processor.py:171} INFO - Processing /Users/louisekirkham/Documents/linkedin_learning/Ex_Files_Data_Engineering_Foundations/airflow_env/lib/python3.9/site-packages/airflow/example_dags/plugins/workday.py took 0.021 seconds
[2022-03-18 17:52:12,963] {processor.py:163} INFO - Started process (PID=51085) to work on /Users/louisekirkham/Documents/linkedin_learning/Ex_Files_Data_Engineering_Foundations/airflow_env/lib/python3.9/site-packages/airflow/example_dags/plugins/workday.py
[2022-03-18 17:52:12,964] {processor.py:642} INFO - Processing file /Users/louisekirkham/Documents/linkedin_learning/Ex_Files_Data_Engineering_Foundations/airflow_env/lib/python3.9/site-packages/airflow/example_dags/plugins/workday.py for tasks to queue
[2022-03-18 17:52:12,964] {logging_mixin.py:109} INFO - [2022-03-18 17:52:12,964] {dagbag.py:500} INFO - Filling up the DagBag from /Users/louisekirkham/Documents/linkedin_learning/Ex_Files_Data_Engineering_Foundations/airflow_env/lib/python3.9/site-packages/airflow/example_dags/plugins/workday.py
[2022-03-18 17:52:12,983] {processor.py:656} WARNING - No viable dags retrieved from /Users/louisekirkham/Documents/linkedin_learning/Ex_Files_Data_Engineering_Foundations/airflow_env/lib/python3.9/site-packages/airflow/example_dags/plugins/workday.py
[2022-03-18 17:52:12,984] {processor.py:171} INFO - Processing /Users/louisekirkham/Documents/linkedin_learning/Ex_Files_Data_Engineering_Foundations/airflow_env/lib/python3.9/site-packages/airflow/example_dags/plugins/workday.py took 0.021 seconds
[2022-03-18 17:52:54,542] {processor.py:163} INFO - Started process (PID=51107) to work on /Users/louisekirkham/Documents/linkedin_learning/Ex_Files_Data_Engineering_Foundations/airflow_env/lib/python3.9/site-packages/airflow/example_dags/plugins/workday.py
[2022-03-18 17:52:54,542] {processor.py:642} INFO - Processing file /Users/louisekirkham/Documents/linkedin_learning/Ex_Files_Data_Engineering_Foundations/airflow_env/lib/python3.9/site-packages/airflow/example_dags/plugins/workday.py for tasks to queue
[2022-03-18 17:52:54,543] {logging_mixin.py:109} INFO - [2022-03-18 17:52:54,543] {dagbag.py:500} INFO - Filling up the DagBag from /Users/louisekirkham/Documents/linkedin_learning/Ex_Files_Data_Engineering_Foundations/airflow_env/lib/python3.9/site-packages/airflow/example_dags/plugins/workday.py
[2022-03-18 17:52:54,559] {processor.py:656} WARNING - No viable dags retrieved from /Users/louisekirkham/Documents/linkedin_learning/Ex_Files_Data_Engineering_Foundations/airflow_env/lib/python3.9/site-packages/airflow/example_dags/plugins/workday.py
[2022-03-18 17:52:54,561] {processor.py:171} INFO - Processing /Users/louisekirkham/Documents/linkedin_learning/Ex_Files_Data_Engineering_Foundations/airflow_env/lib/python3.9/site-packages/airflow/example_dags/plugins/workday.py took 0.019 seconds
[2022-03-18 17:53:36,240] {processor.py:163} INFO - Started process (PID=51149) to work on /Users/louisekirkham/Documents/linkedin_learning/Ex_Files_Data_Engineering_Foundations/airflow_env/lib/python3.9/site-packages/airflow/example_dags/plugins/workday.py
[2022-03-18 17:53:36,241] {processor.py:642} INFO - Processing file /Users/louisekirkham/Documents/linkedin_learning/Ex_Files_Data_Engineering_Foundations/airflow_env/lib/python3.9/site-packages/airflow/example_dags/plugins/workday.py for tasks to queue
[2022-03-18 17:53:36,242] {logging_mixin.py:109} INFO - [2022-03-18 17:53:36,242] {dagbag.py:500} INFO - Filling up the DagBag from /Users/louisekirkham/Documents/linkedin_learning/Ex_Files_Data_Engineering_Foundations/airflow_env/lib/python3.9/site-packages/airflow/example_dags/plugins/workday.py
[2022-03-18 17:53:36,263] {processor.py:656} WARNING - No viable dags retrieved from /Users/louisekirkham/Documents/linkedin_learning/Ex_Files_Data_Engineering_Foundations/airflow_env/lib/python3.9/site-packages/airflow/example_dags/plugins/workday.py
[2022-03-18 17:53:36,264] {processor.py:171} INFO - Processing /Users/louisekirkham/Documents/linkedin_learning/Ex_Files_Data_Engineering_Foundations/airflow_env/lib/python3.9/site-packages/airflow/example_dags/plugins/workday.py took 0.025 seconds
[2022-03-18 17:54:17,265] {processor.py:163} INFO - Started process (PID=51173) to work on /Users/louisekirkham/Documents/linkedin_learning/Ex_Files_Data_Engineering_Foundations/airflow_env/lib/python3.9/site-packages/airflow/example_dags/plugins/workday.py
[2022-03-18 17:54:17,265] {processor.py:642} INFO - Processing file /Users/louisekirkham/Documents/linkedin_learning/Ex_Files_Data_Engineering_Foundations/airflow_env/lib/python3.9/site-packages/airflow/example_dags/plugins/workday.py for tasks to queue
[2022-03-18 17:54:17,265] {logging_mixin.py:109} INFO - [2022-03-18 17:54:17,265] {dagbag.py:500} INFO - Filling up the DagBag from /Users/louisekirkham/Documents/linkedin_learning/Ex_Files_Data_Engineering_Foundations/airflow_env/lib/python3.9/site-packages/airflow/example_dags/plugins/workday.py
[2022-03-18 17:54:17,284] {processor.py:656} WARNING - No viable dags retrieved from /Users/louisekirkham/Documents/linkedin_learning/Ex_Files_Data_Engineering_Foundations/airflow_env/lib/python3.9/site-packages/airflow/example_dags/plugins/workday.py
[2022-03-18 17:54:17,286] {processor.py:171} INFO - Processing /Users/louisekirkham/Documents/linkedin_learning/Ex_Files_Data_Engineering_Foundations/airflow_env/lib/python3.9/site-packages/airflow/example_dags/plugins/workday.py took 0.022 seconds
[2022-03-18 17:54:58,316] {processor.py:163} INFO - Started process (PID=51217) to work on /Users/louisekirkham/Documents/linkedin_learning/Ex_Files_Data_Engineering_Foundations/airflow_env/lib/python3.9/site-packages/airflow/example_dags/plugins/workday.py
[2022-03-18 17:54:58,317] {processor.py:642} INFO - Processing file /Users/louisekirkham/Documents/linkedin_learning/Ex_Files_Data_Engineering_Foundations/airflow_env/lib/python3.9/site-packages/airflow/example_dags/plugins/workday.py for tasks to queue
[2022-03-18 17:54:58,318] {logging_mixin.py:109} INFO - [2022-03-18 17:54:58,318] {dagbag.py:500} INFO - Filling up the DagBag from /Users/louisekirkham/Documents/linkedin_learning/Ex_Files_Data_Engineering_Foundations/airflow_env/lib/python3.9/site-packages/airflow/example_dags/plugins/workday.py
[2022-03-18 17:54:58,341] {processor.py:656} WARNING - No viable dags retrieved from /Users/louisekirkham/Documents/linkedin_learning/Ex_Files_Data_Engineering_Foundations/airflow_env/lib/python3.9/site-packages/airflow/example_dags/plugins/workday.py
[2022-03-18 17:54:58,343] {processor.py:171} INFO - Processing /Users/louisekirkham/Documents/linkedin_learning/Ex_Files_Data_Engineering_Foundations/airflow_env/lib/python3.9/site-packages/airflow/example_dags/plugins/workday.py took 0.027 seconds
[2022-03-18 17:55:39,834] {processor.py:163} INFO - Started process (PID=51242) to work on /Users/louisekirkham/Documents/linkedin_learning/Ex_Files_Data_Engineering_Foundations/airflow_env/lib/python3.9/site-packages/airflow/example_dags/plugins/workday.py
[2022-03-18 17:55:39,835] {processor.py:642} INFO - Processing file /Users/louisekirkham/Documents/linkedin_learning/Ex_Files_Data_Engineering_Foundations/airflow_env/lib/python3.9/site-packages/airflow/example_dags/plugins/workday.py for tasks to queue
[2022-03-18 17:55:39,835] {logging_mixin.py:109} INFO - [2022-03-18 17:55:39,835] {dagbag.py:500} INFO - Filling up the DagBag from /Users/louisekirkham/Documents/linkedin_learning/Ex_Files_Data_Engineering_Foundations/airflow_env/lib/python3.9/site-packages/airflow/example_dags/plugins/workday.py
[2022-03-18 17:55:39,857] {processor.py:656} WARNING - No viable dags retrieved from /Users/louisekirkham/Documents/linkedin_learning/Ex_Files_Data_Engineering_Foundations/airflow_env/lib/python3.9/site-packages/airflow/example_dags/plugins/workday.py
[2022-03-18 17:55:39,859] {processor.py:171} INFO - Processing /Users/louisekirkham/Documents/linkedin_learning/Ex_Files_Data_Engineering_Foundations/airflow_env/lib/python3.9/site-packages/airflow/example_dags/plugins/workday.py took 0.026 seconds
[2022-03-18 17:56:22,639] {processor.py:163} INFO - Started process (PID=51283) to work on /Users/louisekirkham/Documents/linkedin_learning/Ex_Files_Data_Engineering_Foundations/airflow_env/lib/python3.9/site-packages/airflow/example_dags/plugins/workday.py
[2022-03-18 17:56:22,640] {processor.py:642} INFO - Processing file /Users/louisekirkham/Documents/linkedin_learning/Ex_Files_Data_Engineering_Foundations/airflow_env/lib/python3.9/site-packages/airflow/example_dags/plugins/workday.py for tasks to queue
[2022-03-18 17:56:22,640] {logging_mixin.py:109} INFO - [2022-03-18 17:56:22,640] {dagbag.py:500} INFO - Filling up the DagBag from /Users/louisekirkham/Documents/linkedin_learning/Ex_Files_Data_Engineering_Foundations/airflow_env/lib/python3.9/site-packages/airflow/example_dags/plugins/workday.py
[2022-03-18 17:56:22,660] {processor.py:656} WARNING - No viable dags retrieved from /Users/louisekirkham/Documents/linkedin_learning/Ex_Files_Data_Engineering_Foundations/airflow_env/lib/python3.9/site-packages/airflow/example_dags/plugins/workday.py
[2022-03-18 17:56:22,662] {processor.py:171} INFO - Processing /Users/louisekirkham/Documents/linkedin_learning/Ex_Files_Data_Engineering_Foundations/airflow_env/lib/python3.9/site-packages/airflow/example_dags/plugins/workday.py took 0.024 seconds
[2022-03-18 17:57:05,518] {processor.py:163} INFO - Started process (PID=51305) to work on /Users/louisekirkham/Documents/linkedin_learning/Ex_Files_Data_Engineering_Foundations/airflow_env/lib/python3.9/site-packages/airflow/example_dags/plugins/workday.py
[2022-03-18 17:57:05,518] {processor.py:642} INFO - Processing file /Users/louisekirkham/Documents/linkedin_learning/Ex_Files_Data_Engineering_Foundations/airflow_env/lib/python3.9/site-packages/airflow/example_dags/plugins/workday.py for tasks to queue
[2022-03-18 17:57:05,518] {logging_mixin.py:109} INFO - [2022-03-18 17:57:05,518] {dagbag.py:500} INFO - Filling up the DagBag from /Users/louisekirkham/Documents/linkedin_learning/Ex_Files_Data_Engineering_Foundations/airflow_env/lib/python3.9/site-packages/airflow/example_dags/plugins/workday.py
[2022-03-18 17:57:05,536] {processor.py:656} WARNING - No viable dags retrieved from /Users/louisekirkham/Documents/linkedin_learning/Ex_Files_Data_Engineering_Foundations/airflow_env/lib/python3.9/site-packages/airflow/example_dags/plugins/workday.py
[2022-03-18 17:57:05,537] {processor.py:171} INFO - Processing /Users/louisekirkham/Documents/linkedin_learning/Ex_Files_Data_Engineering_Foundations/airflow_env/lib/python3.9/site-packages/airflow/example_dags/plugins/workday.py took 0.020 seconds
[2022-03-18 17:57:50,171] {processor.py:163} INFO - Started process (PID=51367) to work on /Users/louisekirkham/Documents/linkedin_learning/Ex_Files_Data_Engineering_Foundations/airflow_env/lib/python3.9/site-packages/airflow/example_dags/plugins/workday.py
[2022-03-18 17:57:50,172] {processor.py:642} INFO - Processing file /Users/louisekirkham/Documents/linkedin_learning/Ex_Files_Data_Engineering_Foundations/airflow_env/lib/python3.9/site-packages/airflow/example_dags/plugins/workday.py for tasks to queue
[2022-03-18 17:57:50,172] {logging_mixin.py:109} INFO - [2022-03-18 17:57:50,172] {dagbag.py:500} INFO - Filling up the DagBag from /Users/louisekirkham/Documents/linkedin_learning/Ex_Files_Data_Engineering_Foundations/airflow_env/lib/python3.9/site-packages/airflow/example_dags/plugins/workday.py
[2022-03-18 17:57:50,192] {processor.py:656} WARNING - No viable dags retrieved from /Users/louisekirkham/Documents/linkedin_learning/Ex_Files_Data_Engineering_Foundations/airflow_env/lib/python3.9/site-packages/airflow/example_dags/plugins/workday.py
[2022-03-18 17:57:50,193] {processor.py:171} INFO - Processing /Users/louisekirkham/Documents/linkedin_learning/Ex_Files_Data_Engineering_Foundations/airflow_env/lib/python3.9/site-packages/airflow/example_dags/plugins/workday.py took 0.023 seconds
[2022-03-18 17:58:34,370] {processor.py:163} INFO - Started process (PID=51439) to work on /Users/louisekirkham/Documents/linkedin_learning/Ex_Files_Data_Engineering_Foundations/airflow_env/lib/python3.9/site-packages/airflow/example_dags/plugins/workday.py
[2022-03-18 17:58:34,371] {processor.py:642} INFO - Processing file /Users/louisekirkham/Documents/linkedin_learning/Ex_Files_Data_Engineering_Foundations/airflow_env/lib/python3.9/site-packages/airflow/example_dags/plugins/workday.py for tasks to queue
[2022-03-18 17:58:34,371] {logging_mixin.py:109} INFO - [2022-03-18 17:58:34,371] {dagbag.py:500} INFO - Filling up the DagBag from /Users/louisekirkham/Documents/linkedin_learning/Ex_Files_Data_Engineering_Foundations/airflow_env/lib/python3.9/site-packages/airflow/example_dags/plugins/workday.py
[2022-03-18 17:58:34,390] {processor.py:656} WARNING - No viable dags retrieved from /Users/louisekirkham/Documents/linkedin_learning/Ex_Files_Data_Engineering_Foundations/airflow_env/lib/python3.9/site-packages/airflow/example_dags/plugins/workday.py
[2022-03-18 17:58:34,391] {processor.py:171} INFO - Processing /Users/louisekirkham/Documents/linkedin_learning/Ex_Files_Data_Engineering_Foundations/airflow_env/lib/python3.9/site-packages/airflow/example_dags/plugins/workday.py took 0.021 seconds
[2022-03-18 17:59:22,180] {processor.py:163} INFO - Started process (PID=51510) to work on /Users/louisekirkham/Documents/linkedin_learning/Ex_Files_Data_Engineering_Foundations/airflow_env/lib/python3.9/site-packages/airflow/example_dags/plugins/workday.py
[2022-03-18 17:59:22,181] {processor.py:642} INFO - Processing file /Users/louisekirkham/Documents/linkedin_learning/Ex_Files_Data_Engineering_Foundations/airflow_env/lib/python3.9/site-packages/airflow/example_dags/plugins/workday.py for tasks to queue
[2022-03-18 17:59:22,181] {logging_mixin.py:109} INFO - [2022-03-18 17:59:22,181] {dagbag.py:500} INFO - Filling up the DagBag from /Users/louisekirkham/Documents/linkedin_learning/Ex_Files_Data_Engineering_Foundations/airflow_env/lib/python3.9/site-packages/airflow/example_dags/plugins/workday.py
[2022-03-18 17:59:22,201] {processor.py:656} WARNING - No viable dags retrieved from /Users/louisekirkham/Documents/linkedin_learning/Ex_Files_Data_Engineering_Foundations/airflow_env/lib/python3.9/site-packages/airflow/example_dags/plugins/workday.py
[2022-03-18 17:59:22,203] {processor.py:171} INFO - Processing /Users/louisekirkham/Documents/linkedin_learning/Ex_Files_Data_Engineering_Foundations/airflow_env/lib/python3.9/site-packages/airflow/example_dags/plugins/workday.py took 0.023 seconds
[2022-03-18 21:01:14,133] {processor.py:163} INFO - Started process (PID=51595) to work on /Users/louisekirkham/Documents/linkedin_learning/Ex_Files_Data_Engineering_Foundations/airflow_env/lib/python3.9/site-packages/airflow/example_dags/plugins/workday.py
[2022-03-18 21:01:14,134] {processor.py:642} INFO - Processing file /Users/louisekirkham/Documents/linkedin_learning/Ex_Files_Data_Engineering_Foundations/airflow_env/lib/python3.9/site-packages/airflow/example_dags/plugins/workday.py for tasks to queue
[2022-03-18 21:01:14,135] {logging_mixin.py:109} INFO - [2022-03-18 21:01:14,135] {dagbag.py:500} INFO - Filling up the DagBag from /Users/louisekirkham/Documents/linkedin_learning/Ex_Files_Data_Engineering_Foundations/airflow_env/lib/python3.9/site-packages/airflow/example_dags/plugins/workday.py
[2022-03-18 21:01:14,194] {processor.py:656} WARNING - No viable dags retrieved from /Users/louisekirkham/Documents/linkedin_learning/Ex_Files_Data_Engineering_Foundations/airflow_env/lib/python3.9/site-packages/airflow/example_dags/plugins/workday.py
[2022-03-18 21:01:14,198] {processor.py:171} INFO - Processing /Users/louisekirkham/Documents/linkedin_learning/Ex_Files_Data_Engineering_Foundations/airflow_env/lib/python3.9/site-packages/airflow/example_dags/plugins/workday.py took 0.066 seconds
