[2022-03-17 16:01:56,527] {processor.py:163} INFO - Started process (PID=44862) to work on /Users/louisekirkham/Documents/linkedin_learning/Ex_Files_Data_Engineering_Foundations/airflow_env/lib/python3.9/site-packages/airflow/example_dags/plugins/workday.py
[2022-03-17 16:01:56,528] {processor.py:642} INFO - Processing file /Users/louisekirkham/Documents/linkedin_learning/Ex_Files_Data_Engineering_Foundations/airflow_env/lib/python3.9/site-packages/airflow/example_dags/plugins/workday.py for tasks to queue
[2022-03-17 16:01:56,528] {logging_mixin.py:109} INFO - [2022-03-17 16:01:56,528] {dagbag.py:500} INFO - Filling up the DagBag from /Users/louisekirkham/Documents/linkedin_learning/Ex_Files_Data_Engineering_Foundations/airflow_env/lib/python3.9/site-packages/airflow/example_dags/plugins/workday.py
[2022-03-17 16:01:56,545] {processor.py:656} WARNING - No viable dags retrieved from /Users/louisekirkham/Documents/linkedin_learning/Ex_Files_Data_Engineering_Foundations/airflow_env/lib/python3.9/site-packages/airflow/example_dags/plugins/workday.py
[2022-03-17 16:01:56,546] {processor.py:171} INFO - Processing /Users/louisekirkham/Documents/linkedin_learning/Ex_Files_Data_Engineering_Foundations/airflow_env/lib/python3.9/site-packages/airflow/example_dags/plugins/workday.py took 0.020 seconds
[2022-03-17 16:02:37,103] {processor.py:163} INFO - Started process (PID=44918) to work on /Users/louisekirkham/Documents/linkedin_learning/Ex_Files_Data_Engineering_Foundations/airflow_env/lib/python3.9/site-packages/airflow/example_dags/plugins/workday.py
[2022-03-17 16:02:37,103] {processor.py:642} INFO - Processing file /Users/louisekirkham/Documents/linkedin_learning/Ex_Files_Data_Engineering_Foundations/airflow_env/lib/python3.9/site-packages/airflow/example_dags/plugins/workday.py for tasks to queue
[2022-03-17 16:02:37,104] {logging_mixin.py:109} INFO - [2022-03-17 16:02:37,104] {dagbag.py:500} INFO - Filling up the DagBag from /Users/louisekirkham/Documents/linkedin_learning/Ex_Files_Data_Engineering_Foundations/airflow_env/lib/python3.9/site-packages/airflow/example_dags/plugins/workday.py
[2022-03-17 16:02:37,122] {processor.py:656} WARNING - No viable dags retrieved from /Users/louisekirkham/Documents/linkedin_learning/Ex_Files_Data_Engineering_Foundations/airflow_env/lib/python3.9/site-packages/airflow/example_dags/plugins/workday.py
[2022-03-17 16:02:37,124] {processor.py:171} INFO - Processing /Users/louisekirkham/Documents/linkedin_learning/Ex_Files_Data_Engineering_Foundations/airflow_env/lib/python3.9/site-packages/airflow/example_dags/plugins/workday.py took 0.022 seconds
[2022-03-17 16:03:55,274] {processor.py:163} INFO - Started process (PID=45007) to work on /Users/louisekirkham/Documents/linkedin_learning/Ex_Files_Data_Engineering_Foundations/airflow_env/lib/python3.9/site-packages/airflow/example_dags/plugins/workday.py
[2022-03-17 16:03:55,275] {processor.py:642} INFO - Processing file /Users/louisekirkham/Documents/linkedin_learning/Ex_Files_Data_Engineering_Foundations/airflow_env/lib/python3.9/site-packages/airflow/example_dags/plugins/workday.py for tasks to queue
[2022-03-17 16:03:55,276] {logging_mixin.py:109} INFO - [2022-03-17 16:03:55,276] {dagbag.py:500} INFO - Filling up the DagBag from /Users/louisekirkham/Documents/linkedin_learning/Ex_Files_Data_Engineering_Foundations/airflow_env/lib/python3.9/site-packages/airflow/example_dags/plugins/workday.py
[2022-03-17 16:03:55,293] {processor.py:656} WARNING - No viable dags retrieved from /Users/louisekirkham/Documents/linkedin_learning/Ex_Files_Data_Engineering_Foundations/airflow_env/lib/python3.9/site-packages/airflow/example_dags/plugins/workday.py
[2022-03-17 16:03:55,294] {processor.py:171} INFO - Processing /Users/louisekirkham/Documents/linkedin_learning/Ex_Files_Data_Engineering_Foundations/airflow_env/lib/python3.9/site-packages/airflow/example_dags/plugins/workday.py took 0.021 seconds
[2022-03-17 16:35:03,244] {processor.py:163} INFO - Started process (PID=45128) to work on /Users/louisekirkham/Documents/linkedin_learning/Ex_Files_Data_Engineering_Foundations/airflow_env/lib/python3.9/site-packages/airflow/example_dags/plugins/workday.py
[2022-03-17 16:35:03,245] {processor.py:642} INFO - Processing file /Users/louisekirkham/Documents/linkedin_learning/Ex_Files_Data_Engineering_Foundations/airflow_env/lib/python3.9/site-packages/airflow/example_dags/plugins/workday.py for tasks to queue
[2022-03-17 16:35:03,246] {logging_mixin.py:109} INFO - [2022-03-17 16:35:03,246] {dagbag.py:500} INFO - Filling up the DagBag from /Users/louisekirkham/Documents/linkedin_learning/Ex_Files_Data_Engineering_Foundations/airflow_env/lib/python3.9/site-packages/airflow/example_dags/plugins/workday.py
[2022-03-17 16:35:03,265] {processor.py:656} WARNING - No viable dags retrieved from /Users/louisekirkham/Documents/linkedin_learning/Ex_Files_Data_Engineering_Foundations/airflow_env/lib/python3.9/site-packages/airflow/example_dags/plugins/workday.py
[2022-03-17 16:35:03,266] {processor.py:171} INFO - Processing /Users/louisekirkham/Documents/linkedin_learning/Ex_Files_Data_Engineering_Foundations/airflow_env/lib/python3.9/site-packages/airflow/example_dags/plugins/workday.py took 0.023 seconds
[2022-03-17 16:35:51,558] {processor.py:163} INFO - Started process (PID=45185) to work on /Users/louisekirkham/Documents/linkedin_learning/Ex_Files_Data_Engineering_Foundations/airflow_env/lib/python3.9/site-packages/airflow/example_dags/plugins/workday.py
[2022-03-17 16:35:51,558] {processor.py:642} INFO - Processing file /Users/louisekirkham/Documents/linkedin_learning/Ex_Files_Data_Engineering_Foundations/airflow_env/lib/python3.9/site-packages/airflow/example_dags/plugins/workday.py for tasks to queue
[2022-03-17 16:35:51,559] {logging_mixin.py:109} INFO - [2022-03-17 16:35:51,559] {dagbag.py:500} INFO - Filling up the DagBag from /Users/louisekirkham/Documents/linkedin_learning/Ex_Files_Data_Engineering_Foundations/airflow_env/lib/python3.9/site-packages/airflow/example_dags/plugins/workday.py
[2022-03-17 16:35:51,582] {processor.py:656} WARNING - No viable dags retrieved from /Users/louisekirkham/Documents/linkedin_learning/Ex_Files_Data_Engineering_Foundations/airflow_env/lib/python3.9/site-packages/airflow/example_dags/plugins/workday.py
[2022-03-17 16:35:51,583] {processor.py:171} INFO - Processing /Users/louisekirkham/Documents/linkedin_learning/Ex_Files_Data_Engineering_Foundations/airflow_env/lib/python3.9/site-packages/airflow/example_dags/plugins/workday.py took 0.026 seconds
[2022-03-17 16:36:36,263] {processor.py:163} INFO - Started process (PID=45214) to work on /Users/louisekirkham/Documents/linkedin_learning/Ex_Files_Data_Engineering_Foundations/airflow_env/lib/python3.9/site-packages/airflow/example_dags/plugins/workday.py
[2022-03-17 16:36:36,264] {processor.py:642} INFO - Processing file /Users/louisekirkham/Documents/linkedin_learning/Ex_Files_Data_Engineering_Foundations/airflow_env/lib/python3.9/site-packages/airflow/example_dags/plugins/workday.py for tasks to queue
[2022-03-17 16:36:36,264] {logging_mixin.py:109} INFO - [2022-03-17 16:36:36,264] {dagbag.py:500} INFO - Filling up the DagBag from /Users/louisekirkham/Documents/linkedin_learning/Ex_Files_Data_Engineering_Foundations/airflow_env/lib/python3.9/site-packages/airflow/example_dags/plugins/workday.py
[2022-03-17 16:36:36,283] {processor.py:656} WARNING - No viable dags retrieved from /Users/louisekirkham/Documents/linkedin_learning/Ex_Files_Data_Engineering_Foundations/airflow_env/lib/python3.9/site-packages/airflow/example_dags/plugins/workday.py
[2022-03-17 16:36:36,284] {processor.py:171} INFO - Processing /Users/louisekirkham/Documents/linkedin_learning/Ex_Files_Data_Engineering_Foundations/airflow_env/lib/python3.9/site-packages/airflow/example_dags/plugins/workday.py took 0.022 seconds
[2022-03-17 16:37:17,174] {processor.py:163} INFO - Started process (PID=45259) to work on /Users/louisekirkham/Documents/linkedin_learning/Ex_Files_Data_Engineering_Foundations/airflow_env/lib/python3.9/site-packages/airflow/example_dags/plugins/workday.py
[2022-03-17 16:37:17,174] {processor.py:642} INFO - Processing file /Users/louisekirkham/Documents/linkedin_learning/Ex_Files_Data_Engineering_Foundations/airflow_env/lib/python3.9/site-packages/airflow/example_dags/plugins/workday.py for tasks to queue
[2022-03-17 16:37:17,174] {logging_mixin.py:109} INFO - [2022-03-17 16:37:17,174] {dagbag.py:500} INFO - Filling up the DagBag from /Users/louisekirkham/Documents/linkedin_learning/Ex_Files_Data_Engineering_Foundations/airflow_env/lib/python3.9/site-packages/airflow/example_dags/plugins/workday.py
[2022-03-17 16:37:17,194] {processor.py:656} WARNING - No viable dags retrieved from /Users/louisekirkham/Documents/linkedin_learning/Ex_Files_Data_Engineering_Foundations/airflow_env/lib/python3.9/site-packages/airflow/example_dags/plugins/workday.py
[2022-03-17 16:37:17,196] {processor.py:171} INFO - Processing /Users/louisekirkham/Documents/linkedin_learning/Ex_Files_Data_Engineering_Foundations/airflow_env/lib/python3.9/site-packages/airflow/example_dags/plugins/workday.py took 0.022 seconds
[2022-03-17 16:37:56,872] {processor.py:163} INFO - Started process (PID=45286) to work on /Users/louisekirkham/Documents/linkedin_learning/Ex_Files_Data_Engineering_Foundations/airflow_env/lib/python3.9/site-packages/airflow/example_dags/plugins/workday.py
[2022-03-17 16:37:56,872] {processor.py:642} INFO - Processing file /Users/louisekirkham/Documents/linkedin_learning/Ex_Files_Data_Engineering_Foundations/airflow_env/lib/python3.9/site-packages/airflow/example_dags/plugins/workday.py for tasks to queue
[2022-03-17 16:37:56,872] {logging_mixin.py:109} INFO - [2022-03-17 16:37:56,872] {dagbag.py:500} INFO - Filling up the DagBag from /Users/louisekirkham/Documents/linkedin_learning/Ex_Files_Data_Engineering_Foundations/airflow_env/lib/python3.9/site-packages/airflow/example_dags/plugins/workday.py
[2022-03-17 16:37:56,892] {processor.py:656} WARNING - No viable dags retrieved from /Users/louisekirkham/Documents/linkedin_learning/Ex_Files_Data_Engineering_Foundations/airflow_env/lib/python3.9/site-packages/airflow/example_dags/plugins/workday.py
[2022-03-17 16:37:56,894] {processor.py:171} INFO - Processing /Users/louisekirkham/Documents/linkedin_learning/Ex_Files_Data_Engineering_Foundations/airflow_env/lib/python3.9/site-packages/airflow/example_dags/plugins/workday.py took 0.022 seconds
[2022-03-17 16:38:37,585] {processor.py:163} INFO - Started process (PID=45330) to work on /Users/louisekirkham/Documents/linkedin_learning/Ex_Files_Data_Engineering_Foundations/airflow_env/lib/python3.9/site-packages/airflow/example_dags/plugins/workday.py
[2022-03-17 16:38:37,585] {processor.py:642} INFO - Processing file /Users/louisekirkham/Documents/linkedin_learning/Ex_Files_Data_Engineering_Foundations/airflow_env/lib/python3.9/site-packages/airflow/example_dags/plugins/workday.py for tasks to queue
[2022-03-17 16:38:37,586] {logging_mixin.py:109} INFO - [2022-03-17 16:38:37,586] {dagbag.py:500} INFO - Filling up the DagBag from /Users/louisekirkham/Documents/linkedin_learning/Ex_Files_Data_Engineering_Foundations/airflow_env/lib/python3.9/site-packages/airflow/example_dags/plugins/workday.py
[2022-03-17 16:38:37,602] {processor.py:656} WARNING - No viable dags retrieved from /Users/louisekirkham/Documents/linkedin_learning/Ex_Files_Data_Engineering_Foundations/airflow_env/lib/python3.9/site-packages/airflow/example_dags/plugins/workday.py
[2022-03-17 16:38:37,604] {processor.py:171} INFO - Processing /Users/louisekirkham/Documents/linkedin_learning/Ex_Files_Data_Engineering_Foundations/airflow_env/lib/python3.9/site-packages/airflow/example_dags/plugins/workday.py took 0.019 seconds
[2022-03-17 16:39:18,170] {processor.py:163} INFO - Started process (PID=45354) to work on /Users/louisekirkham/Documents/linkedin_learning/Ex_Files_Data_Engineering_Foundations/airflow_env/lib/python3.9/site-packages/airflow/example_dags/plugins/workday.py
[2022-03-17 16:39:18,170] {processor.py:642} INFO - Processing file /Users/louisekirkham/Documents/linkedin_learning/Ex_Files_Data_Engineering_Foundations/airflow_env/lib/python3.9/site-packages/airflow/example_dags/plugins/workday.py for tasks to queue
[2022-03-17 16:39:18,170] {logging_mixin.py:109} INFO - [2022-03-17 16:39:18,170] {dagbag.py:500} INFO - Filling up the DagBag from /Users/louisekirkham/Documents/linkedin_learning/Ex_Files_Data_Engineering_Foundations/airflow_env/lib/python3.9/site-packages/airflow/example_dags/plugins/workday.py
[2022-03-17 16:39:18,188] {processor.py:656} WARNING - No viable dags retrieved from /Users/louisekirkham/Documents/linkedin_learning/Ex_Files_Data_Engineering_Foundations/airflow_env/lib/python3.9/site-packages/airflow/example_dags/plugins/workday.py
[2022-03-17 16:39:18,189] {processor.py:171} INFO - Processing /Users/louisekirkham/Documents/linkedin_learning/Ex_Files_Data_Engineering_Foundations/airflow_env/lib/python3.9/site-packages/airflow/example_dags/plugins/workday.py took 0.020 seconds
[2022-03-17 16:39:57,954] {processor.py:163} INFO - Started process (PID=45393) to work on /Users/louisekirkham/Documents/linkedin_learning/Ex_Files_Data_Engineering_Foundations/airflow_env/lib/python3.9/site-packages/airflow/example_dags/plugins/workday.py
[2022-03-17 16:39:57,954] {processor.py:642} INFO - Processing file /Users/louisekirkham/Documents/linkedin_learning/Ex_Files_Data_Engineering_Foundations/airflow_env/lib/python3.9/site-packages/airflow/example_dags/plugins/workday.py for tasks to queue
[2022-03-17 16:39:57,955] {logging_mixin.py:109} INFO - [2022-03-17 16:39:57,955] {dagbag.py:500} INFO - Filling up the DagBag from /Users/louisekirkham/Documents/linkedin_learning/Ex_Files_Data_Engineering_Foundations/airflow_env/lib/python3.9/site-packages/airflow/example_dags/plugins/workday.py
[2022-03-17 16:39:57,972] {processor.py:656} WARNING - No viable dags retrieved from /Users/louisekirkham/Documents/linkedin_learning/Ex_Files_Data_Engineering_Foundations/airflow_env/lib/python3.9/site-packages/airflow/example_dags/plugins/workday.py
[2022-03-17 16:39:57,973] {processor.py:171} INFO - Processing /Users/louisekirkham/Documents/linkedin_learning/Ex_Files_Data_Engineering_Foundations/airflow_env/lib/python3.9/site-packages/airflow/example_dags/plugins/workday.py took 0.020 seconds
[2022-03-17 16:40:38,769] {processor.py:163} INFO - Started process (PID=45413) to work on /Users/louisekirkham/Documents/linkedin_learning/Ex_Files_Data_Engineering_Foundations/airflow_env/lib/python3.9/site-packages/airflow/example_dags/plugins/workday.py
[2022-03-17 16:40:38,770] {processor.py:642} INFO - Processing file /Users/louisekirkham/Documents/linkedin_learning/Ex_Files_Data_Engineering_Foundations/airflow_env/lib/python3.9/site-packages/airflow/example_dags/plugins/workday.py for tasks to queue
[2022-03-17 16:40:38,770] {logging_mixin.py:109} INFO - [2022-03-17 16:40:38,770] {dagbag.py:500} INFO - Filling up the DagBag from /Users/louisekirkham/Documents/linkedin_learning/Ex_Files_Data_Engineering_Foundations/airflow_env/lib/python3.9/site-packages/airflow/example_dags/plugins/workday.py
[2022-03-17 16:40:38,788] {processor.py:656} WARNING - No viable dags retrieved from /Users/louisekirkham/Documents/linkedin_learning/Ex_Files_Data_Engineering_Foundations/airflow_env/lib/python3.9/site-packages/airflow/example_dags/plugins/workday.py
[2022-03-17 16:40:38,789] {processor.py:171} INFO - Processing /Users/louisekirkham/Documents/linkedin_learning/Ex_Files_Data_Engineering_Foundations/airflow_env/lib/python3.9/site-packages/airflow/example_dags/plugins/workday.py took 0.021 seconds
[2022-03-17 16:41:18,372] {processor.py:163} INFO - Started process (PID=45451) to work on /Users/louisekirkham/Documents/linkedin_learning/Ex_Files_Data_Engineering_Foundations/airflow_env/lib/python3.9/site-packages/airflow/example_dags/plugins/workday.py
[2022-03-17 16:41:18,373] {processor.py:642} INFO - Processing file /Users/louisekirkham/Documents/linkedin_learning/Ex_Files_Data_Engineering_Foundations/airflow_env/lib/python3.9/site-packages/airflow/example_dags/plugins/workday.py for tasks to queue
[2022-03-17 16:41:18,373] {logging_mixin.py:109} INFO - [2022-03-17 16:41:18,373] {dagbag.py:500} INFO - Filling up the DagBag from /Users/louisekirkham/Documents/linkedin_learning/Ex_Files_Data_Engineering_Foundations/airflow_env/lib/python3.9/site-packages/airflow/example_dags/plugins/workday.py
[2022-03-17 16:41:18,390] {processor.py:656} WARNING - No viable dags retrieved from /Users/louisekirkham/Documents/linkedin_learning/Ex_Files_Data_Engineering_Foundations/airflow_env/lib/python3.9/site-packages/airflow/example_dags/plugins/workday.py
[2022-03-17 16:41:18,391] {processor.py:171} INFO - Processing /Users/louisekirkham/Documents/linkedin_learning/Ex_Files_Data_Engineering_Foundations/airflow_env/lib/python3.9/site-packages/airflow/example_dags/plugins/workday.py took 0.020 seconds
[2022-03-17 16:41:59,085] {processor.py:163} INFO - Started process (PID=45471) to work on /Users/louisekirkham/Documents/linkedin_learning/Ex_Files_Data_Engineering_Foundations/airflow_env/lib/python3.9/site-packages/airflow/example_dags/plugins/workday.py
[2022-03-17 16:41:59,085] {processor.py:642} INFO - Processing file /Users/louisekirkham/Documents/linkedin_learning/Ex_Files_Data_Engineering_Foundations/airflow_env/lib/python3.9/site-packages/airflow/example_dags/plugins/workday.py for tasks to queue
[2022-03-17 16:41:59,086] {logging_mixin.py:109} INFO - [2022-03-17 16:41:59,086] {dagbag.py:500} INFO - Filling up the DagBag from /Users/louisekirkham/Documents/linkedin_learning/Ex_Files_Data_Engineering_Foundations/airflow_env/lib/python3.9/site-packages/airflow/example_dags/plugins/workday.py
[2022-03-17 16:41:59,105] {processor.py:656} WARNING - No viable dags retrieved from /Users/louisekirkham/Documents/linkedin_learning/Ex_Files_Data_Engineering_Foundations/airflow_env/lib/python3.9/site-packages/airflow/example_dags/plugins/workday.py
[2022-03-17 16:41:59,106] {processor.py:171} INFO - Processing /Users/louisekirkham/Documents/linkedin_learning/Ex_Files_Data_Engineering_Foundations/airflow_env/lib/python3.9/site-packages/airflow/example_dags/plugins/workday.py took 0.022 seconds
[2022-03-17 16:42:40,790] {processor.py:163} INFO - Started process (PID=45519) to work on /Users/louisekirkham/Documents/linkedin_learning/Ex_Files_Data_Engineering_Foundations/airflow_env/lib/python3.9/site-packages/airflow/example_dags/plugins/workday.py
[2022-03-17 16:42:40,791] {processor.py:642} INFO - Processing file /Users/louisekirkham/Documents/linkedin_learning/Ex_Files_Data_Engineering_Foundations/airflow_env/lib/python3.9/site-packages/airflow/example_dags/plugins/workday.py for tasks to queue
[2022-03-17 16:42:40,791] {logging_mixin.py:109} INFO - [2022-03-17 16:42:40,791] {dagbag.py:500} INFO - Filling up the DagBag from /Users/louisekirkham/Documents/linkedin_learning/Ex_Files_Data_Engineering_Foundations/airflow_env/lib/python3.9/site-packages/airflow/example_dags/plugins/workday.py
[2022-03-17 16:42:40,810] {processor.py:656} WARNING - No viable dags retrieved from /Users/louisekirkham/Documents/linkedin_learning/Ex_Files_Data_Engineering_Foundations/airflow_env/lib/python3.9/site-packages/airflow/example_dags/plugins/workday.py
[2022-03-17 16:42:40,811] {processor.py:171} INFO - Processing /Users/louisekirkham/Documents/linkedin_learning/Ex_Files_Data_Engineering_Foundations/airflow_env/lib/python3.9/site-packages/airflow/example_dags/plugins/workday.py took 0.021 seconds
[2022-03-17 16:43:21,521] {processor.py:163} INFO - Started process (PID=45564) to work on /Users/louisekirkham/Documents/linkedin_learning/Ex_Files_Data_Engineering_Foundations/airflow_env/lib/python3.9/site-packages/airflow/example_dags/plugins/workday.py
[2022-03-17 16:43:21,522] {processor.py:642} INFO - Processing file /Users/louisekirkham/Documents/linkedin_learning/Ex_Files_Data_Engineering_Foundations/airflow_env/lib/python3.9/site-packages/airflow/example_dags/plugins/workday.py for tasks to queue
[2022-03-17 16:43:21,522] {logging_mixin.py:109} INFO - [2022-03-17 16:43:21,522] {dagbag.py:500} INFO - Filling up the DagBag from /Users/louisekirkham/Documents/linkedin_learning/Ex_Files_Data_Engineering_Foundations/airflow_env/lib/python3.9/site-packages/airflow/example_dags/plugins/workday.py
[2022-03-17 16:43:21,540] {processor.py:656} WARNING - No viable dags retrieved from /Users/louisekirkham/Documents/linkedin_learning/Ex_Files_Data_Engineering_Foundations/airflow_env/lib/python3.9/site-packages/airflow/example_dags/plugins/workday.py
[2022-03-17 16:43:21,541] {processor.py:171} INFO - Processing /Users/louisekirkham/Documents/linkedin_learning/Ex_Files_Data_Engineering_Foundations/airflow_env/lib/python3.9/site-packages/airflow/example_dags/plugins/workday.py took 0.021 seconds
[2022-03-17 16:44:02,250] {processor.py:163} INFO - Started process (PID=45606) to work on /Users/louisekirkham/Documents/linkedin_learning/Ex_Files_Data_Engineering_Foundations/airflow_env/lib/python3.9/site-packages/airflow/example_dags/plugins/workday.py
[2022-03-17 16:44:02,251] {processor.py:642} INFO - Processing file /Users/louisekirkham/Documents/linkedin_learning/Ex_Files_Data_Engineering_Foundations/airflow_env/lib/python3.9/site-packages/airflow/example_dags/plugins/workday.py for tasks to queue
[2022-03-17 16:44:02,251] {logging_mixin.py:109} INFO - [2022-03-17 16:44:02,251] {dagbag.py:500} INFO - Filling up the DagBag from /Users/louisekirkham/Documents/linkedin_learning/Ex_Files_Data_Engineering_Foundations/airflow_env/lib/python3.9/site-packages/airflow/example_dags/plugins/workday.py
[2022-03-17 16:44:02,269] {processor.py:656} WARNING - No viable dags retrieved from /Users/louisekirkham/Documents/linkedin_learning/Ex_Files_Data_Engineering_Foundations/airflow_env/lib/python3.9/site-packages/airflow/example_dags/plugins/workday.py
[2022-03-17 16:44:02,270] {processor.py:171} INFO - Processing /Users/louisekirkham/Documents/linkedin_learning/Ex_Files_Data_Engineering_Foundations/airflow_env/lib/python3.9/site-packages/airflow/example_dags/plugins/workday.py took 0.021 seconds
[2022-03-17 16:44:42,553] {processor.py:163} INFO - Started process (PID=45637) to work on /Users/louisekirkham/Documents/linkedin_learning/Ex_Files_Data_Engineering_Foundations/airflow_env/lib/python3.9/site-packages/airflow/example_dags/plugins/workday.py
[2022-03-17 16:44:42,553] {processor.py:642} INFO - Processing file /Users/louisekirkham/Documents/linkedin_learning/Ex_Files_Data_Engineering_Foundations/airflow_env/lib/python3.9/site-packages/airflow/example_dags/plugins/workday.py for tasks to queue
[2022-03-17 16:44:42,554] {logging_mixin.py:109} INFO - [2022-03-17 16:44:42,554] {dagbag.py:500} INFO - Filling up the DagBag from /Users/louisekirkham/Documents/linkedin_learning/Ex_Files_Data_Engineering_Foundations/airflow_env/lib/python3.9/site-packages/airflow/example_dags/plugins/workday.py
[2022-03-17 16:44:42,571] {processor.py:656} WARNING - No viable dags retrieved from /Users/louisekirkham/Documents/linkedin_learning/Ex_Files_Data_Engineering_Foundations/airflow_env/lib/python3.9/site-packages/airflow/example_dags/plugins/workday.py
[2022-03-17 16:44:42,572] {processor.py:171} INFO - Processing /Users/louisekirkham/Documents/linkedin_learning/Ex_Files_Data_Engineering_Foundations/airflow_env/lib/python3.9/site-packages/airflow/example_dags/plugins/workday.py took 0.020 seconds
[2022-03-17 16:45:23,184] {processor.py:163} INFO - Started process (PID=45678) to work on /Users/louisekirkham/Documents/linkedin_learning/Ex_Files_Data_Engineering_Foundations/airflow_env/lib/python3.9/site-packages/airflow/example_dags/plugins/workday.py
[2022-03-17 16:45:23,185] {processor.py:642} INFO - Processing file /Users/louisekirkham/Documents/linkedin_learning/Ex_Files_Data_Engineering_Foundations/airflow_env/lib/python3.9/site-packages/airflow/example_dags/plugins/workday.py for tasks to queue
[2022-03-17 16:45:23,185] {logging_mixin.py:109} INFO - [2022-03-17 16:45:23,185] {dagbag.py:500} INFO - Filling up the DagBag from /Users/louisekirkham/Documents/linkedin_learning/Ex_Files_Data_Engineering_Foundations/airflow_env/lib/python3.9/site-packages/airflow/example_dags/plugins/workday.py
[2022-03-17 16:45:23,204] {processor.py:656} WARNING - No viable dags retrieved from /Users/louisekirkham/Documents/linkedin_learning/Ex_Files_Data_Engineering_Foundations/airflow_env/lib/python3.9/site-packages/airflow/example_dags/plugins/workday.py
[2022-03-17 16:45:23,205] {processor.py:171} INFO - Processing /Users/louisekirkham/Documents/linkedin_learning/Ex_Files_Data_Engineering_Foundations/airflow_env/lib/python3.9/site-packages/airflow/example_dags/plugins/workday.py took 0.022 seconds
[2022-03-17 17:06:55,077] {processor.py:163} INFO - Started process (PID=45806) to work on /Users/louisekirkham/Documents/linkedin_learning/Ex_Files_Data_Engineering_Foundations/airflow_env/lib/python3.9/site-packages/airflow/example_dags/plugins/workday.py
[2022-03-17 17:06:55,078] {processor.py:642} INFO - Processing file /Users/louisekirkham/Documents/linkedin_learning/Ex_Files_Data_Engineering_Foundations/airflow_env/lib/python3.9/site-packages/airflow/example_dags/plugins/workday.py for tasks to queue
[2022-03-17 17:06:55,078] {logging_mixin.py:109} INFO - [2022-03-17 17:06:55,078] {dagbag.py:500} INFO - Filling up the DagBag from /Users/louisekirkham/Documents/linkedin_learning/Ex_Files_Data_Engineering_Foundations/airflow_env/lib/python3.9/site-packages/airflow/example_dags/plugins/workday.py
[2022-03-17 17:06:55,100] {processor.py:656} WARNING - No viable dags retrieved from /Users/louisekirkham/Documents/linkedin_learning/Ex_Files_Data_Engineering_Foundations/airflow_env/lib/python3.9/site-packages/airflow/example_dags/plugins/workday.py
[2022-03-17 17:06:55,102] {processor.py:171} INFO - Processing /Users/louisekirkham/Documents/linkedin_learning/Ex_Files_Data_Engineering_Foundations/airflow_env/lib/python3.9/site-packages/airflow/example_dags/plugins/workday.py took 0.026 seconds
[2022-03-17 17:07:48,556] {processor.py:163} INFO - Started process (PID=45854) to work on /Users/louisekirkham/Documents/linkedin_learning/Ex_Files_Data_Engineering_Foundations/airflow_env/lib/python3.9/site-packages/airflow/example_dags/plugins/workday.py
[2022-03-17 17:07:48,557] {processor.py:642} INFO - Processing file /Users/louisekirkham/Documents/linkedin_learning/Ex_Files_Data_Engineering_Foundations/airflow_env/lib/python3.9/site-packages/airflow/example_dags/plugins/workday.py for tasks to queue
[2022-03-17 17:07:48,557] {logging_mixin.py:109} INFO - [2022-03-17 17:07:48,557] {dagbag.py:500} INFO - Filling up the DagBag from /Users/louisekirkham/Documents/linkedin_learning/Ex_Files_Data_Engineering_Foundations/airflow_env/lib/python3.9/site-packages/airflow/example_dags/plugins/workday.py
[2022-03-17 17:07:48,576] {processor.py:656} WARNING - No viable dags retrieved from /Users/louisekirkham/Documents/linkedin_learning/Ex_Files_Data_Engineering_Foundations/airflow_env/lib/python3.9/site-packages/airflow/example_dags/plugins/workday.py
[2022-03-17 17:07:48,578] {processor.py:171} INFO - Processing /Users/louisekirkham/Documents/linkedin_learning/Ex_Files_Data_Engineering_Foundations/airflow_env/lib/python3.9/site-packages/airflow/example_dags/plugins/workday.py took 0.023 seconds
[2022-03-17 17:08:29,092] {processor.py:163} INFO - Started process (PID=45875) to work on /Users/louisekirkham/Documents/linkedin_learning/Ex_Files_Data_Engineering_Foundations/airflow_env/lib/python3.9/site-packages/airflow/example_dags/plugins/workday.py
[2022-03-17 17:08:29,094] {processor.py:642} INFO - Processing file /Users/louisekirkham/Documents/linkedin_learning/Ex_Files_Data_Engineering_Foundations/airflow_env/lib/python3.9/site-packages/airflow/example_dags/plugins/workday.py for tasks to queue
[2022-03-17 17:08:29,094] {logging_mixin.py:109} INFO - [2022-03-17 17:08:29,094] {dagbag.py:500} INFO - Filling up the DagBag from /Users/louisekirkham/Documents/linkedin_learning/Ex_Files_Data_Engineering_Foundations/airflow_env/lib/python3.9/site-packages/airflow/example_dags/plugins/workday.py
[2022-03-17 17:08:29,112] {processor.py:656} WARNING - No viable dags retrieved from /Users/louisekirkham/Documents/linkedin_learning/Ex_Files_Data_Engineering_Foundations/airflow_env/lib/python3.9/site-packages/airflow/example_dags/plugins/workday.py
[2022-03-17 17:08:29,114] {processor.py:171} INFO - Processing /Users/louisekirkham/Documents/linkedin_learning/Ex_Files_Data_Engineering_Foundations/airflow_env/lib/python3.9/site-packages/airflow/example_dags/plugins/workday.py took 0.022 seconds
[2022-03-17 17:09:11,525] {processor.py:163} INFO - Started process (PID=45914) to work on /Users/louisekirkham/Documents/linkedin_learning/Ex_Files_Data_Engineering_Foundations/airflow_env/lib/python3.9/site-packages/airflow/example_dags/plugins/workday.py
[2022-03-17 17:09:11,526] {processor.py:642} INFO - Processing file /Users/louisekirkham/Documents/linkedin_learning/Ex_Files_Data_Engineering_Foundations/airflow_env/lib/python3.9/site-packages/airflow/example_dags/plugins/workday.py for tasks to queue
[2022-03-17 17:09:11,527] {logging_mixin.py:109} INFO - [2022-03-17 17:09:11,526] {dagbag.py:500} INFO - Filling up the DagBag from /Users/louisekirkham/Documents/linkedin_learning/Ex_Files_Data_Engineering_Foundations/airflow_env/lib/python3.9/site-packages/airflow/example_dags/plugins/workday.py
[2022-03-17 17:09:11,546] {processor.py:656} WARNING - No viable dags retrieved from /Users/louisekirkham/Documents/linkedin_learning/Ex_Files_Data_Engineering_Foundations/airflow_env/lib/python3.9/site-packages/airflow/example_dags/plugins/workday.py
[2022-03-17 17:09:11,547] {processor.py:171} INFO - Processing /Users/louisekirkham/Documents/linkedin_learning/Ex_Files_Data_Engineering_Foundations/airflow_env/lib/python3.9/site-packages/airflow/example_dags/plugins/workday.py took 0.022 seconds
[2022-03-17 17:09:55,051] {processor.py:163} INFO - Started process (PID=45946) to work on /Users/louisekirkham/Documents/linkedin_learning/Ex_Files_Data_Engineering_Foundations/airflow_env/lib/python3.9/site-packages/airflow/example_dags/plugins/workday.py
[2022-03-17 17:09:55,051] {processor.py:642} INFO - Processing file /Users/louisekirkham/Documents/linkedin_learning/Ex_Files_Data_Engineering_Foundations/airflow_env/lib/python3.9/site-packages/airflow/example_dags/plugins/workday.py for tasks to queue
[2022-03-17 17:09:55,051] {logging_mixin.py:109} INFO - [2022-03-17 17:09:55,051] {dagbag.py:500} INFO - Filling up the DagBag from /Users/louisekirkham/Documents/linkedin_learning/Ex_Files_Data_Engineering_Foundations/airflow_env/lib/python3.9/site-packages/airflow/example_dags/plugins/workday.py
[2022-03-17 17:09:55,070] {processor.py:656} WARNING - No viable dags retrieved from /Users/louisekirkham/Documents/linkedin_learning/Ex_Files_Data_Engineering_Foundations/airflow_env/lib/python3.9/site-packages/airflow/example_dags/plugins/workday.py
[2022-03-17 17:09:55,071] {processor.py:171} INFO - Processing /Users/louisekirkham/Documents/linkedin_learning/Ex_Files_Data_Engineering_Foundations/airflow_env/lib/python3.9/site-packages/airflow/example_dags/plugins/workday.py took 0.021 seconds
[2022-03-17 17:10:35,430] {processor.py:163} INFO - Started process (PID=45982) to work on /Users/louisekirkham/Documents/linkedin_learning/Ex_Files_Data_Engineering_Foundations/airflow_env/lib/python3.9/site-packages/airflow/example_dags/plugins/workday.py
[2022-03-17 17:10:35,430] {processor.py:642} INFO - Processing file /Users/louisekirkham/Documents/linkedin_learning/Ex_Files_Data_Engineering_Foundations/airflow_env/lib/python3.9/site-packages/airflow/example_dags/plugins/workday.py for tasks to queue
[2022-03-17 17:10:35,431] {logging_mixin.py:109} INFO - [2022-03-17 17:10:35,431] {dagbag.py:500} INFO - Filling up the DagBag from /Users/louisekirkham/Documents/linkedin_learning/Ex_Files_Data_Engineering_Foundations/airflow_env/lib/python3.9/site-packages/airflow/example_dags/plugins/workday.py
[2022-03-17 17:10:35,447] {processor.py:656} WARNING - No viable dags retrieved from /Users/louisekirkham/Documents/linkedin_learning/Ex_Files_Data_Engineering_Foundations/airflow_env/lib/python3.9/site-packages/airflow/example_dags/plugins/workday.py
[2022-03-17 17:10:35,449] {processor.py:171} INFO - Processing /Users/louisekirkham/Documents/linkedin_learning/Ex_Files_Data_Engineering_Foundations/airflow_env/lib/python3.9/site-packages/airflow/example_dags/plugins/workday.py took 0.019 seconds
[2022-03-17 17:11:15,601] {processor.py:163} INFO - Started process (PID=46002) to work on /Users/louisekirkham/Documents/linkedin_learning/Ex_Files_Data_Engineering_Foundations/airflow_env/lib/python3.9/site-packages/airflow/example_dags/plugins/workday.py
[2022-03-17 17:11:15,602] {processor.py:642} INFO - Processing file /Users/louisekirkham/Documents/linkedin_learning/Ex_Files_Data_Engineering_Foundations/airflow_env/lib/python3.9/site-packages/airflow/example_dags/plugins/workday.py for tasks to queue
[2022-03-17 17:11:15,602] {logging_mixin.py:109} INFO - [2022-03-17 17:11:15,602] {dagbag.py:500} INFO - Filling up the DagBag from /Users/louisekirkham/Documents/linkedin_learning/Ex_Files_Data_Engineering_Foundations/airflow_env/lib/python3.9/site-packages/airflow/example_dags/plugins/workday.py
[2022-03-17 17:11:15,619] {processor.py:656} WARNING - No viable dags retrieved from /Users/louisekirkham/Documents/linkedin_learning/Ex_Files_Data_Engineering_Foundations/airflow_env/lib/python3.9/site-packages/airflow/example_dags/plugins/workday.py
[2022-03-17 17:11:15,620] {processor.py:171} INFO - Processing /Users/louisekirkham/Documents/linkedin_learning/Ex_Files_Data_Engineering_Foundations/airflow_env/lib/python3.9/site-packages/airflow/example_dags/plugins/workday.py took 0.019 seconds
[2022-03-17 19:13:07,266] {processor.py:163} INFO - Started process (PID=46099) to work on /Users/louisekirkham/Documents/linkedin_learning/Ex_Files_Data_Engineering_Foundations/airflow_env/lib/python3.9/site-packages/airflow/example_dags/plugins/workday.py
[2022-03-17 19:13:07,268] {processor.py:642} INFO - Processing file /Users/louisekirkham/Documents/linkedin_learning/Ex_Files_Data_Engineering_Foundations/airflow_env/lib/python3.9/site-packages/airflow/example_dags/plugins/workday.py for tasks to queue
[2022-03-17 19:13:07,268] {logging_mixin.py:109} INFO - [2022-03-17 19:13:07,268] {dagbag.py:500} INFO - Filling up the DagBag from /Users/louisekirkham/Documents/linkedin_learning/Ex_Files_Data_Engineering_Foundations/airflow_env/lib/python3.9/site-packages/airflow/example_dags/plugins/workday.py
[2022-03-17 19:13:07,286] {processor.py:656} WARNING - No viable dags retrieved from /Users/louisekirkham/Documents/linkedin_learning/Ex_Files_Data_Engineering_Foundations/airflow_env/lib/python3.9/site-packages/airflow/example_dags/plugins/workday.py
[2022-03-17 19:13:07,287] {processor.py:171} INFO - Processing /Users/louisekirkham/Documents/linkedin_learning/Ex_Files_Data_Engineering_Foundations/airflow_env/lib/python3.9/site-packages/airflow/example_dags/plugins/workday.py took 0.022 seconds
