[2022-03-16 17:01:28,544] {processor.py:163} INFO - Started process (PID=142) to work on /home/airflow/.local/lib/python3.7/site-packages/airflow/example_dags/example_subdag_operator.py
[2022-03-16 17:01:28,612] {processor.py:642} INFO - Processing file /home/airflow/.local/lib/python3.7/site-packages/airflow/example_dags/example_subdag_operator.py for tasks to queue
[2022-03-16 17:01:28,618] {logging_mixin.py:109} INFO - [2022-03-16 17:01:28,618] {dagbag.py:500} INFO - Filling up the DagBag from /home/airflow/.local/lib/python3.7/site-packages/airflow/example_dags/example_subdag_operator.py
[2022-03-16 17:01:29,014] {processor.py:654} INFO - DAG(s) dict_keys(['example_subdag_operator.section-1', 'example_subdag_operator.section-2', 'example_subdag_operator']) retrieved from /home/airflow/.local/lib/python3.7/site-packages/airflow/example_dags/example_subdag_operator.py
[2022-03-16 17:01:32,079] {logging_mixin.py:109} INFO - [2022-03-16 17:01:32,079] {manager.py:496} INFO - Created Permission View: can edit on DAG:example_subdag_operator
[2022-03-16 17:01:32,095] {logging_mixin.py:109} INFO - [2022-03-16 17:01:32,095] {manager.py:496} INFO - Created Permission View: can read on DAG:example_subdag_operator
[2022-03-16 17:01:32,097] {logging_mixin.py:109} INFO - [2022-03-16 17:01:32,097] {dag.py:2398} INFO - Sync 3 DAGs
[2022-03-16 17:01:32,108] {logging_mixin.py:109} INFO - [2022-03-16 17:01:32,108] {dag.py:2417} INFO - Creating ORM DAG for example_subdag_operator.section-2
[2022-03-16 17:01:32,111] {logging_mixin.py:109} INFO - [2022-03-16 17:01:32,110] {dag.py:2417} INFO - Creating ORM DAG for example_subdag_operator.section-1
[2022-03-16 17:01:32,112] {logging_mixin.py:109} INFO - [2022-03-16 17:01:32,112] {dag.py:2417} INFO - Creating ORM DAG for example_subdag_operator
[2022-03-16 17:01:32,129] {logging_mixin.py:109} INFO - [2022-03-16 17:01:32,128] {dag.py:2937} INFO - Setting next_dagrun for example_subdag_operator to 2022-03-14T00:00:00+00:00
[2022-03-16 17:01:32,131] {logging_mixin.py:109} INFO - [2022-03-16 17:01:32,131] {dag.py:2937} INFO - Setting next_dagrun for example_subdag_operator.section-1 to None
[2022-03-16 17:01:32,132] {logging_mixin.py:109} INFO - [2022-03-16 17:01:32,132] {dag.py:2937} INFO - Setting next_dagrun for example_subdag_operator.section-2 to None
[2022-03-16 17:01:32,148] {logging_mixin.py:109} INFO - [2022-03-16 17:01:32,148] {dag.py:2398} INFO - Sync 2 DAGs
[2022-03-16 17:01:32,166] {logging_mixin.py:109} INFO - [2022-03-16 17:01:32,166] {dag.py:2937} INFO - Setting next_dagrun for example_subdag_operator.section-1 to None
[2022-03-16 17:01:32,168] {logging_mixin.py:109} INFO - [2022-03-16 17:01:32,168] {dag.py:2937} INFO - Setting next_dagrun for example_subdag_operator.section-2 to None
[2022-03-16 17:01:32,181] {processor.py:171} INFO - Processing /home/airflow/.local/lib/python3.7/site-packages/airflow/example_dags/example_subdag_operator.py took 3.685 seconds
[2022-03-16 17:03:56,846] {processor.py:163} INFO - Started process (PID=281) to work on /home/airflow/.local/lib/python3.7/site-packages/airflow/example_dags/example_subdag_operator.py
[2022-03-16 17:03:56,849] {processor.py:642} INFO - Processing file /home/airflow/.local/lib/python3.7/site-packages/airflow/example_dags/example_subdag_operator.py for tasks to queue
[2022-03-16 17:03:56,852] {logging_mixin.py:109} INFO - [2022-03-16 17:03:56,851] {dagbag.py:500} INFO - Filling up the DagBag from /home/airflow/.local/lib/python3.7/site-packages/airflow/example_dags/example_subdag_operator.py
[2022-03-16 17:03:56,937] {processor.py:654} INFO - DAG(s) dict_keys(['example_subdag_operator.section-1', 'example_subdag_operator.section-2', 'example_subdag_operator']) retrieved from /home/airflow/.local/lib/python3.7/site-packages/airflow/example_dags/example_subdag_operator.py
[2022-03-16 17:03:56,977] {logging_mixin.py:109} INFO - [2022-03-16 17:03:56,977] {dag.py:2398} INFO - Sync 3 DAGs
[2022-03-16 17:03:57,046] {logging_mixin.py:109} INFO - [2022-03-16 17:03:57,044] {dag.py:2937} INFO - Setting next_dagrun for example_subdag_operator to 2022-03-14T00:00:00+00:00
[2022-03-16 17:03:57,048] {logging_mixin.py:109} INFO - [2022-03-16 17:03:57,048] {dag.py:2937} INFO - Setting next_dagrun for example_subdag_operator.section-1 to None
[2022-03-16 17:03:57,050] {logging_mixin.py:109} INFO - [2022-03-16 17:03:57,050] {dag.py:2937} INFO - Setting next_dagrun for example_subdag_operator.section-2 to None
[2022-03-16 17:03:57,079] {logging_mixin.py:109} INFO - [2022-03-16 17:03:57,078] {dag.py:2398} INFO - Sync 2 DAGs
[2022-03-16 17:03:57,101] {logging_mixin.py:109} INFO - [2022-03-16 17:03:57,101] {dag.py:2937} INFO - Setting next_dagrun for example_subdag_operator.section-1 to None
[2022-03-16 17:03:57,109] {logging_mixin.py:109} INFO - [2022-03-16 17:03:57,109] {dag.py:2937} INFO - Setting next_dagrun for example_subdag_operator.section-2 to None
[2022-03-16 17:03:57,150] {processor.py:171} INFO - Processing /home/airflow/.local/lib/python3.7/site-packages/airflow/example_dags/example_subdag_operator.py took 0.309 seconds
