[2022-03-16 17:01:05,844] {processor.py:163} INFO - Started process (PID=115) to work on /home/airflow/.local/lib/python3.7/site-packages/airflow/example_dags/example_xcomargs.py
[2022-03-16 17:01:05,862] {processor.py:642} INFO - Processing file /home/airflow/.local/lib/python3.7/site-packages/airflow/example_dags/example_xcomargs.py for tasks to queue
[2022-03-16 17:01:05,869] {logging_mixin.py:109} INFO - [2022-03-16 17:01:05,869] {dagbag.py:500} INFO - Filling up the DagBag from /home/airflow/.local/lib/python3.7/site-packages/airflow/example_dags/example_xcomargs.py
[2022-03-16 17:01:06,186] {processor.py:654} INFO - DAG(s) dict_keys(['example_xcom_args', 'example_xcom_args_with_operators']) retrieved from /home/airflow/.local/lib/python3.7/site-packages/airflow/example_dags/example_xcomargs.py
[2022-03-16 17:01:19,017] {logging_mixin.py:109} INFO - [2022-03-16 17:01:19,015] {manager.py:496} INFO - Created Permission View: can edit on DAG:example_xcom_args
[2022-03-16 17:01:19,071] {logging_mixin.py:109} INFO - [2022-03-16 17:01:19,071] {manager.py:496} INFO - Created Permission View: can read on DAG:example_xcom_args
[2022-03-16 17:01:19,173] {logging_mixin.py:109} INFO - [2022-03-16 17:01:19,173] {manager.py:496} INFO - Created Permission View: can edit on DAG:example_xcom_args_with_operators
[2022-03-16 17:01:19,210] {logging_mixin.py:109} INFO - [2022-03-16 17:01:19,210] {manager.py:496} INFO - Created Permission View: can read on DAG:example_xcom_args_with_operators
[2022-03-16 17:01:19,212] {logging_mixin.py:109} INFO - [2022-03-16 17:01:19,211] {dag.py:2398} INFO - Sync 2 DAGs
[2022-03-16 17:01:19,260] {logging_mixin.py:109} INFO - [2022-03-16 17:01:19,260] {dag.py:2417} INFO - Creating ORM DAG for example_xcom_args_with_operators
[2022-03-16 17:01:19,263] {logging_mixin.py:109} INFO - [2022-03-16 17:01:19,262] {dag.py:2417} INFO - Creating ORM DAG for example_xcom_args
[2022-03-16 17:01:19,307] {logging_mixin.py:109} INFO - [2022-03-16 17:01:19,307] {dag.py:2937} INFO - Setting next_dagrun for example_xcom_args to None
[2022-03-16 17:01:19,309] {logging_mixin.py:109} INFO - [2022-03-16 17:01:19,309] {dag.py:2937} INFO - Setting next_dagrun for example_xcom_args_with_operators to None
[2022-03-16 17:01:19,393] {processor.py:171} INFO - Processing /home/airflow/.local/lib/python3.7/site-packages/airflow/example_dags/example_xcomargs.py took 13.592 seconds
[2022-03-16 17:03:34,069] {processor.py:163} INFO - Started process (PID=266) to work on /home/airflow/.local/lib/python3.7/site-packages/airflow/example_dags/example_xcomargs.py
[2022-03-16 17:03:34,204] {processor.py:642} INFO - Processing file /home/airflow/.local/lib/python3.7/site-packages/airflow/example_dags/example_xcomargs.py for tasks to queue
[2022-03-16 17:03:34,416] {logging_mixin.py:109} INFO - [2022-03-16 17:03:34,275] {dagbag.py:500} INFO - Filling up the DagBag from /home/airflow/.local/lib/python3.7/site-packages/airflow/example_dags/example_xcomargs.py
[2022-03-16 17:03:50,631] {processor.py:654} INFO - DAG(s) dict_keys(['example_xcom_args', 'example_xcom_args_with_operators']) retrieved from /home/airflow/.local/lib/python3.7/site-packages/airflow/example_dags/example_xcomargs.py
[2022-03-16 17:03:56,145] {logging_mixin.py:109} INFO - [2022-03-16 17:03:56,145] {dag.py:2398} INFO - Sync 2 DAGs
[2022-03-16 17:03:56,230] {logging_mixin.py:109} INFO - [2022-03-16 17:03:56,230] {dag.py:2937} INFO - Setting next_dagrun for example_xcom_args to None
[2022-03-16 17:03:56,234] {logging_mixin.py:109} INFO - [2022-03-16 17:03:56,233] {dag.py:2937} INFO - Setting next_dagrun for example_xcom_args_with_operators to None
[2022-03-16 17:03:56,279] {processor.py:171} INFO - Processing /home/airflow/.local/lib/python3.7/site-packages/airflow/example_dags/example_xcomargs.py took 22.063 seconds
