[2022-03-16 17:01:41,267] {processor.py:163} INFO - Started process (PID=178) to work on /home/airflow/.local/lib/python3.7/site-packages/airflow/example_dags/example_external_task_marker_dag.py
[2022-03-16 17:01:41,270] {processor.py:642} INFO - Processing file /home/airflow/.local/lib/python3.7/site-packages/airflow/example_dags/example_external_task_marker_dag.py for tasks to queue
[2022-03-16 17:01:41,276] {logging_mixin.py:109} INFO - [2022-03-16 17:01:41,276] {dagbag.py:500} INFO - Filling up the DagBag from /home/airflow/.local/lib/python3.7/site-packages/airflow/example_dags/example_external_task_marker_dag.py
[2022-03-16 17:01:41,466] {processor.py:654} INFO - DAG(s) dict_keys(['example_external_task_marker_parent', 'example_external_task_marker_child']) retrieved from /home/airflow/.local/lib/python3.7/site-packages/airflow/example_dags/example_external_task_marker_dag.py
[2022-03-16 17:02:02,277] {logging_mixin.py:109} INFO - [2022-03-16 17:02:02,277] {manager.py:496} INFO - Created Permission View: can edit on DAG:example_external_task_marker_parent
[2022-03-16 17:02:02,289] {logging_mixin.py:109} INFO - [2022-03-16 17:02:02,289] {manager.py:496} INFO - Created Permission View: can read on DAG:example_external_task_marker_parent
[2022-03-16 17:02:02,312] {logging_mixin.py:109} INFO - [2022-03-16 17:02:02,312] {manager.py:496} INFO - Created Permission View: can edit on DAG:example_external_task_marker_child
[2022-03-16 17:02:02,323] {logging_mixin.py:109} INFO - [2022-03-16 17:02:02,323] {manager.py:496} INFO - Created Permission View: can read on DAG:example_external_task_marker_child
[2022-03-16 17:02:02,325] {logging_mixin.py:109} INFO - [2022-03-16 17:02:02,325] {dag.py:2398} INFO - Sync 2 DAGs
[2022-03-16 17:02:02,334] {logging_mixin.py:109} INFO - [2022-03-16 17:02:02,333] {dag.py:2417} INFO - Creating ORM DAG for example_external_task_marker_parent
[2022-03-16 17:02:02,336] {logging_mixin.py:109} INFO - [2022-03-16 17:02:02,335] {dag.py:2417} INFO - Creating ORM DAG for example_external_task_marker_child
[2022-03-16 17:02:02,346] {logging_mixin.py:109} INFO - [2022-03-16 17:02:02,346] {dag.py:2937} INFO - Setting next_dagrun for example_external_task_marker_child to None
[2022-03-16 17:02:02,348] {logging_mixin.py:109} INFO - [2022-03-16 17:02:02,348] {dag.py:2937} INFO - Setting next_dagrun for example_external_task_marker_parent to None
[2022-03-16 17:02:02,368] {processor.py:171} INFO - Processing /home/airflow/.local/lib/python3.7/site-packages/airflow/example_dags/example_external_task_marker_dag.py took 21.105 seconds
[2022-03-16 17:04:06,953] {processor.py:163} INFO - Started process (PID=288) to work on /home/airflow/.local/lib/python3.7/site-packages/airflow/example_dags/example_external_task_marker_dag.py
[2022-03-16 17:04:06,962] {processor.py:642} INFO - Processing file /home/airflow/.local/lib/python3.7/site-packages/airflow/example_dags/example_external_task_marker_dag.py for tasks to queue
[2022-03-16 17:04:06,967] {logging_mixin.py:109} INFO - [2022-03-16 17:04:06,965] {dagbag.py:500} INFO - Filling up the DagBag from /home/airflow/.local/lib/python3.7/site-packages/airflow/example_dags/example_external_task_marker_dag.py
[2022-03-16 17:04:07,173] {processor.py:654} INFO - DAG(s) dict_keys(['example_external_task_marker_parent', 'example_external_task_marker_child']) retrieved from /home/airflow/.local/lib/python3.7/site-packages/airflow/example_dags/example_external_task_marker_dag.py
[2022-03-16 17:04:07,223] {logging_mixin.py:109} INFO - [2022-03-16 17:04:07,222] {dag.py:2398} INFO - Sync 2 DAGs
[2022-03-16 17:04:07,276] {logging_mixin.py:109} INFO - [2022-03-16 17:04:07,275] {dag.py:2937} INFO - Setting next_dagrun for example_external_task_marker_child to None
[2022-03-16 17:04:07,293] {logging_mixin.py:109} INFO - [2022-03-16 17:04:07,293] {dag.py:2937} INFO - Setting next_dagrun for example_external_task_marker_parent to None
[2022-03-16 17:04:07,347] {processor.py:171} INFO - Processing /home/airflow/.local/lib/python3.7/site-packages/airflow/example_dags/example_external_task_marker_dag.py took 0.407 seconds
