[2022-03-22 09:55:15,064] {processor.py:163} INFO - Started process (PID=84159) to work on /Users/louisekirkham/Documents/linkedin_learning/Ex_Files_Data_Engineering_Foundations/airflow_env/lib/python3.9/site-packages/airflow/example_dags/example_bash_operator.py
[2022-03-22 09:55:15,064] {processor.py:642} INFO - Processing file /Users/louisekirkham/Documents/linkedin_learning/Ex_Files_Data_Engineering_Foundations/airflow_env/lib/python3.9/site-packages/airflow/example_dags/example_bash_operator.py for tasks to queue
[2022-03-22 09:55:15,064] {logging_mixin.py:109} INFO - [2022-03-22 09:55:15,064] {dagbag.py:500} INFO - Filling up the DagBag from /Users/louisekirkham/Documents/linkedin_learning/Ex_Files_Data_Engineering_Foundations/airflow_env/lib/python3.9/site-packages/airflow/example_dags/example_bash_operator.py
[2022-03-22 09:55:15,094] {processor.py:654} INFO - DAG(s) dict_keys(['example_bash_operator']) retrieved from /Users/louisekirkham/Documents/linkedin_learning/Ex_Files_Data_Engineering_Foundations/airflow_env/lib/python3.9/site-packages/airflow/example_dags/example_bash_operator.py
[2022-03-22 09:55:15,109] {logging_mixin.py:109} INFO - [2022-03-22 09:55:15,109] {dag.py:2398} INFO - Sync 1 DAGs
[2022-03-22 09:55:15,117] {logging_mixin.py:109} INFO - [2022-03-22 09:55:15,117] {dag.py:2937} INFO - Setting next_dagrun for example_bash_operator to 2022-03-21 00:00:00+00:00
[2022-03-22 09:55:15,124] {processor.py:171} INFO - Processing /Users/louisekirkham/Documents/linkedin_learning/Ex_Files_Data_Engineering_Foundations/airflow_env/lib/python3.9/site-packages/airflow/example_dags/example_bash_operator.py took 0.060 seconds
[2022-03-22 10:06:42,350] {processor.py:163} INFO - Started process (PID=84402) to work on /Users/louisekirkham/Documents/linkedin_learning/Ex_Files_Data_Engineering_Foundations/airflow_env/lib/python3.9/site-packages/airflow/example_dags/example_bash_operator.py
[2022-03-22 10:06:42,351] {processor.py:642} INFO - Processing file /Users/louisekirkham/Documents/linkedin_learning/Ex_Files_Data_Engineering_Foundations/airflow_env/lib/python3.9/site-packages/airflow/example_dags/example_bash_operator.py for tasks to queue
[2022-03-22 10:06:42,351] {logging_mixin.py:109} INFO - [2022-03-22 10:06:42,351] {dagbag.py:500} INFO - Filling up the DagBag from /Users/louisekirkham/Documents/linkedin_learning/Ex_Files_Data_Engineering_Foundations/airflow_env/lib/python3.9/site-packages/airflow/example_dags/example_bash_operator.py
[2022-03-22 10:06:42,378] {processor.py:654} INFO - DAG(s) dict_keys(['example_bash_operator']) retrieved from /Users/louisekirkham/Documents/linkedin_learning/Ex_Files_Data_Engineering_Foundations/airflow_env/lib/python3.9/site-packages/airflow/example_dags/example_bash_operator.py
[2022-03-22 10:06:42,392] {logging_mixin.py:109} INFO - [2022-03-22 10:06:42,392] {dag.py:2398} INFO - Sync 1 DAGs
[2022-03-22 10:06:42,399] {logging_mixin.py:109} INFO - [2022-03-22 10:06:42,399] {dag.py:2937} INFO - Setting next_dagrun for example_bash_operator to 2022-03-21 00:00:00+00:00
[2022-03-22 10:06:42,406] {processor.py:171} INFO - Processing /Users/louisekirkham/Documents/linkedin_learning/Ex_Files_Data_Engineering_Foundations/airflow_env/lib/python3.9/site-packages/airflow/example_dags/example_bash_operator.py took 0.057 seconds
[2022-03-22 10:08:17,617] {processor.py:163} INFO - Started process (PID=84505) to work on /Users/louisekirkham/Documents/linkedin_learning/Ex_Files_Data_Engineering_Foundations/airflow_env/lib/python3.9/site-packages/airflow/example_dags/example_bash_operator.py
[2022-03-22 10:08:17,617] {processor.py:642} INFO - Processing file /Users/louisekirkham/Documents/linkedin_learning/Ex_Files_Data_Engineering_Foundations/airflow_env/lib/python3.9/site-packages/airflow/example_dags/example_bash_operator.py for tasks to queue
[2022-03-22 10:08:17,617] {logging_mixin.py:109} INFO - [2022-03-22 10:08:17,617] {dagbag.py:500} INFO - Filling up the DagBag from /Users/louisekirkham/Documents/linkedin_learning/Ex_Files_Data_Engineering_Foundations/airflow_env/lib/python3.9/site-packages/airflow/example_dags/example_bash_operator.py
[2022-03-22 10:08:17,647] {processor.py:654} INFO - DAG(s) dict_keys(['example_bash_operator']) retrieved from /Users/louisekirkham/Documents/linkedin_learning/Ex_Files_Data_Engineering_Foundations/airflow_env/lib/python3.9/site-packages/airflow/example_dags/example_bash_operator.py
[2022-03-22 10:08:17,664] {logging_mixin.py:109} INFO - [2022-03-22 10:08:17,664] {dag.py:2398} INFO - Sync 1 DAGs
[2022-03-22 10:08:17,673] {logging_mixin.py:109} INFO - [2022-03-22 10:08:17,673] {dag.py:2937} INFO - Setting next_dagrun for example_bash_operator to 2022-03-21 00:00:00+00:00
[2022-03-22 10:08:17,680] {processor.py:171} INFO - Processing /Users/louisekirkham/Documents/linkedin_learning/Ex_Files_Data_Engineering_Foundations/airflow_env/lib/python3.9/site-packages/airflow/example_dags/example_bash_operator.py took 0.064 seconds
[2022-03-22 10:09:48,099] {processor.py:163} INFO - Started process (PID=84988) to work on /Users/louisekirkham/Documents/linkedin_learning/Ex_Files_Data_Engineering_Foundations/airflow_env/lib/python3.9/site-packages/airflow/example_dags/example_bash_operator.py
[2022-03-22 10:09:48,099] {processor.py:642} INFO - Processing file /Users/louisekirkham/Documents/linkedin_learning/Ex_Files_Data_Engineering_Foundations/airflow_env/lib/python3.9/site-packages/airflow/example_dags/example_bash_operator.py for tasks to queue
[2022-03-22 10:09:48,100] {logging_mixin.py:109} INFO - [2022-03-22 10:09:48,100] {dagbag.py:500} INFO - Filling up the DagBag from /Users/louisekirkham/Documents/linkedin_learning/Ex_Files_Data_Engineering_Foundations/airflow_env/lib/python3.9/site-packages/airflow/example_dags/example_bash_operator.py
[2022-03-22 10:09:48,130] {processor.py:654} INFO - DAG(s) dict_keys(['example_bash_operator']) retrieved from /Users/louisekirkham/Documents/linkedin_learning/Ex_Files_Data_Engineering_Foundations/airflow_env/lib/python3.9/site-packages/airflow/example_dags/example_bash_operator.py
[2022-03-22 10:09:48,144] {logging_mixin.py:109} INFO - [2022-03-22 10:09:48,144] {dag.py:2398} INFO - Sync 1 DAGs
[2022-03-22 10:09:48,152] {logging_mixin.py:109} INFO - [2022-03-22 10:09:48,152] {dag.py:2937} INFO - Setting next_dagrun for example_bash_operator to 2022-03-21 00:00:00+00:00
[2022-03-22 10:09:48,159] {processor.py:171} INFO - Processing /Users/louisekirkham/Documents/linkedin_learning/Ex_Files_Data_Engineering_Foundations/airflow_env/lib/python3.9/site-packages/airflow/example_dags/example_bash_operator.py took 0.060 seconds
[2022-03-22 10:11:15,956] {processor.py:163} INFO - Started process (PID=85168) to work on /Users/louisekirkham/Documents/linkedin_learning/Ex_Files_Data_Engineering_Foundations/airflow_env/lib/python3.9/site-packages/airflow/example_dags/example_bash_operator.py
[2022-03-22 10:11:15,956] {processor.py:642} INFO - Processing file /Users/louisekirkham/Documents/linkedin_learning/Ex_Files_Data_Engineering_Foundations/airflow_env/lib/python3.9/site-packages/airflow/example_dags/example_bash_operator.py for tasks to queue
[2022-03-22 10:11:15,956] {logging_mixin.py:109} INFO - [2022-03-22 10:11:15,956] {dagbag.py:500} INFO - Filling up the DagBag from /Users/louisekirkham/Documents/linkedin_learning/Ex_Files_Data_Engineering_Foundations/airflow_env/lib/python3.9/site-packages/airflow/example_dags/example_bash_operator.py
[2022-03-22 10:11:15,987] {processor.py:654} INFO - DAG(s) dict_keys(['example_bash_operator']) retrieved from /Users/louisekirkham/Documents/linkedin_learning/Ex_Files_Data_Engineering_Foundations/airflow_env/lib/python3.9/site-packages/airflow/example_dags/example_bash_operator.py
[2022-03-22 10:11:16,000] {logging_mixin.py:109} INFO - [2022-03-22 10:11:16,000] {dag.py:2398} INFO - Sync 1 DAGs
[2022-03-22 10:11:16,009] {logging_mixin.py:109} INFO - [2022-03-22 10:11:16,009] {dag.py:2937} INFO - Setting next_dagrun for example_bash_operator to 2022-03-21 00:00:00+00:00
[2022-03-22 10:11:16,016] {processor.py:171} INFO - Processing /Users/louisekirkham/Documents/linkedin_learning/Ex_Files_Data_Engineering_Foundations/airflow_env/lib/python3.9/site-packages/airflow/example_dags/example_bash_operator.py took 0.061 seconds
