[2022-03-22 09:54:25,243] {processor.py:163} INFO - Started process (PID=84105) to work on /Users/louisekirkham/Documents/linkedin_learning/Ex_Files_Data_Engineering_Foundations/airflow_env/lib/python3.9/site-packages/airflow/example_dags/example_trigger_controller_dag.py
[2022-03-22 09:54:25,244] {processor.py:642} INFO - Processing file /Users/louisekirkham/Documents/linkedin_learning/Ex_Files_Data_Engineering_Foundations/airflow_env/lib/python3.9/site-packages/airflow/example_dags/example_trigger_controller_dag.py for tasks to queue
[2022-03-22 09:54:25,244] {logging_mixin.py:109} INFO - [2022-03-22 09:54:25,244] {dagbag.py:500} INFO - Filling up the DagBag from /Users/louisekirkham/Documents/linkedin_learning/Ex_Files_Data_Engineering_Foundations/airflow_env/lib/python3.9/site-packages/airflow/example_dags/example_trigger_controller_dag.py
[2022-03-22 09:54:25,273] {processor.py:654} INFO - DAG(s) dict_keys(['example_trigger_controller_dag']) retrieved from /Users/louisekirkham/Documents/linkedin_learning/Ex_Files_Data_Engineering_Foundations/airflow_env/lib/python3.9/site-packages/airflow/example_dags/example_trigger_controller_dag.py
[2022-03-22 09:54:25,286] {logging_mixin.py:109} INFO - [2022-03-22 09:54:25,286] {dag.py:2398} INFO - Sync 1 DAGs
[2022-03-22 09:54:25,293] {logging_mixin.py:109} INFO - [2022-03-22 09:54:25,292] {dag.py:2937} INFO - Setting next_dagrun for example_trigger_controller_dag to 2021-01-01T00:00:00+00:00
[2022-03-22 09:54:25,298] {processor.py:171} INFO - Processing /Users/louisekirkham/Documents/linkedin_learning/Ex_Files_Data_Engineering_Foundations/airflow_env/lib/python3.9/site-packages/airflow/example_dags/example_trigger_controller_dag.py took 0.056 seconds
[2022-03-22 10:05:31,282] {processor.py:163} INFO - Started process (PID=84239) to work on /Users/louisekirkham/Documents/linkedin_learning/Ex_Files_Data_Engineering_Foundations/airflow_env/lib/python3.9/site-packages/airflow/example_dags/example_trigger_controller_dag.py
[2022-03-22 10:05:31,282] {processor.py:642} INFO - Processing file /Users/louisekirkham/Documents/linkedin_learning/Ex_Files_Data_Engineering_Foundations/airflow_env/lib/python3.9/site-packages/airflow/example_dags/example_trigger_controller_dag.py for tasks to queue
[2022-03-22 10:05:31,282] {logging_mixin.py:109} INFO - [2022-03-22 10:05:31,282] {dagbag.py:500} INFO - Filling up the DagBag from /Users/louisekirkham/Documents/linkedin_learning/Ex_Files_Data_Engineering_Foundations/airflow_env/lib/python3.9/site-packages/airflow/example_dags/example_trigger_controller_dag.py
[2022-03-22 10:05:31,316] {processor.py:654} INFO - DAG(s) dict_keys(['example_trigger_controller_dag']) retrieved from /Users/louisekirkham/Documents/linkedin_learning/Ex_Files_Data_Engineering_Foundations/airflow_env/lib/python3.9/site-packages/airflow/example_dags/example_trigger_controller_dag.py
[2022-03-22 10:05:31,332] {logging_mixin.py:109} INFO - [2022-03-22 10:05:31,332] {dag.py:2398} INFO - Sync 1 DAGs
[2022-03-22 10:05:31,340] {logging_mixin.py:109} INFO - [2022-03-22 10:05:31,340] {dag.py:2937} INFO - Setting next_dagrun for example_trigger_controller_dag to 2021-01-01T00:00:00+00:00
[2022-03-22 10:05:31,347] {processor.py:171} INFO - Processing /Users/louisekirkham/Documents/linkedin_learning/Ex_Files_Data_Engineering_Foundations/airflow_env/lib/python3.9/site-packages/airflow/example_dags/example_trigger_controller_dag.py took 0.066 seconds
[2022-03-22 10:07:13,314] {processor.py:163} INFO - Started process (PID=84449) to work on /Users/louisekirkham/Documents/linkedin_learning/Ex_Files_Data_Engineering_Foundations/airflow_env/lib/python3.9/site-packages/airflow/example_dags/example_trigger_controller_dag.py
[2022-03-22 10:07:13,314] {processor.py:642} INFO - Processing file /Users/louisekirkham/Documents/linkedin_learning/Ex_Files_Data_Engineering_Foundations/airflow_env/lib/python3.9/site-packages/airflow/example_dags/example_trigger_controller_dag.py for tasks to queue
[2022-03-22 10:07:13,315] {logging_mixin.py:109} INFO - [2022-03-22 10:07:13,315] {dagbag.py:500} INFO - Filling up the DagBag from /Users/louisekirkham/Documents/linkedin_learning/Ex_Files_Data_Engineering_Foundations/airflow_env/lib/python3.9/site-packages/airflow/example_dags/example_trigger_controller_dag.py
[2022-03-22 10:07:13,341] {processor.py:654} INFO - DAG(s) dict_keys(['example_trigger_controller_dag']) retrieved from /Users/louisekirkham/Documents/linkedin_learning/Ex_Files_Data_Engineering_Foundations/airflow_env/lib/python3.9/site-packages/airflow/example_dags/example_trigger_controller_dag.py
[2022-03-22 10:07:13,355] {logging_mixin.py:109} INFO - [2022-03-22 10:07:13,355] {dag.py:2398} INFO - Sync 1 DAGs
[2022-03-22 10:07:13,362] {logging_mixin.py:109} INFO - [2022-03-22 10:07:13,362] {dag.py:2937} INFO - Setting next_dagrun for example_trigger_controller_dag to 2021-01-01T00:00:00+00:00
[2022-03-22 10:07:13,369] {processor.py:171} INFO - Processing /Users/louisekirkham/Documents/linkedin_learning/Ex_Files_Data_Engineering_Foundations/airflow_env/lib/python3.9/site-packages/airflow/example_dags/example_trigger_controller_dag.py took 0.055 seconds
[2022-03-22 10:08:46,234] {processor.py:163} INFO - Started process (PID=84546) to work on /Users/louisekirkham/Documents/linkedin_learning/Ex_Files_Data_Engineering_Foundations/airflow_env/lib/python3.9/site-packages/airflow/example_dags/example_trigger_controller_dag.py
[2022-03-22 10:08:46,234] {processor.py:642} INFO - Processing file /Users/louisekirkham/Documents/linkedin_learning/Ex_Files_Data_Engineering_Foundations/airflow_env/lib/python3.9/site-packages/airflow/example_dags/example_trigger_controller_dag.py for tasks to queue
[2022-03-22 10:08:46,234] {logging_mixin.py:109} INFO - [2022-03-22 10:08:46,234] {dagbag.py:500} INFO - Filling up the DagBag from /Users/louisekirkham/Documents/linkedin_learning/Ex_Files_Data_Engineering_Foundations/airflow_env/lib/python3.9/site-packages/airflow/example_dags/example_trigger_controller_dag.py
[2022-03-22 10:08:46,260] {processor.py:654} INFO - DAG(s) dict_keys(['example_trigger_controller_dag']) retrieved from /Users/louisekirkham/Documents/linkedin_learning/Ex_Files_Data_Engineering_Foundations/airflow_env/lib/python3.9/site-packages/airflow/example_dags/example_trigger_controller_dag.py
[2022-03-22 10:08:46,274] {logging_mixin.py:109} INFO - [2022-03-22 10:08:46,274] {dag.py:2398} INFO - Sync 1 DAGs
[2022-03-22 10:08:46,282] {logging_mixin.py:109} INFO - [2022-03-22 10:08:46,282] {dag.py:2937} INFO - Setting next_dagrun for example_trigger_controller_dag to 2021-01-01T00:00:00+00:00
[2022-03-22 10:08:46,288] {processor.py:171} INFO - Processing /Users/louisekirkham/Documents/linkedin_learning/Ex_Files_Data_Engineering_Foundations/airflow_env/lib/python3.9/site-packages/airflow/example_dags/example_trigger_controller_dag.py took 0.055 seconds
[2022-03-22 10:10:15,203] {processor.py:163} INFO - Started process (PID=85061) to work on /Users/louisekirkham/Documents/linkedin_learning/Ex_Files_Data_Engineering_Foundations/airflow_env/lib/python3.9/site-packages/airflow/example_dags/example_trigger_controller_dag.py
[2022-03-22 10:10:15,204] {processor.py:642} INFO - Processing file /Users/louisekirkham/Documents/linkedin_learning/Ex_Files_Data_Engineering_Foundations/airflow_env/lib/python3.9/site-packages/airflow/example_dags/example_trigger_controller_dag.py for tasks to queue
[2022-03-22 10:10:15,204] {logging_mixin.py:109} INFO - [2022-03-22 10:10:15,204] {dagbag.py:500} INFO - Filling up the DagBag from /Users/louisekirkham/Documents/linkedin_learning/Ex_Files_Data_Engineering_Foundations/airflow_env/lib/python3.9/site-packages/airflow/example_dags/example_trigger_controller_dag.py
[2022-03-22 10:10:15,232] {processor.py:654} INFO - DAG(s) dict_keys(['example_trigger_controller_dag']) retrieved from /Users/louisekirkham/Documents/linkedin_learning/Ex_Files_Data_Engineering_Foundations/airflow_env/lib/python3.9/site-packages/airflow/example_dags/example_trigger_controller_dag.py
[2022-03-22 10:10:15,246] {logging_mixin.py:109} INFO - [2022-03-22 10:10:15,246] {dag.py:2398} INFO - Sync 1 DAGs
[2022-03-22 10:10:15,253] {logging_mixin.py:109} INFO - [2022-03-22 10:10:15,253] {dag.py:2937} INFO - Setting next_dagrun for example_trigger_controller_dag to 2021-01-01T00:00:00+00:00
[2022-03-22 10:10:15,259] {processor.py:171} INFO - Processing /Users/louisekirkham/Documents/linkedin_learning/Ex_Files_Data_Engineering_Foundations/airflow_env/lib/python3.9/site-packages/airflow/example_dags/example_trigger_controller_dag.py took 0.056 seconds
[2022-03-22 10:11:50,407] {processor.py:163} INFO - Started process (PID=85409) to work on /Users/louisekirkham/Documents/linkedin_learning/Ex_Files_Data_Engineering_Foundations/airflow_env/lib/python3.9/site-packages/airflow/example_dags/example_trigger_controller_dag.py
[2022-03-22 10:11:50,407] {processor.py:642} INFO - Processing file /Users/louisekirkham/Documents/linkedin_learning/Ex_Files_Data_Engineering_Foundations/airflow_env/lib/python3.9/site-packages/airflow/example_dags/example_trigger_controller_dag.py for tasks to queue
[2022-03-22 10:11:50,408] {logging_mixin.py:109} INFO - [2022-03-22 10:11:50,408] {dagbag.py:500} INFO - Filling up the DagBag from /Users/louisekirkham/Documents/linkedin_learning/Ex_Files_Data_Engineering_Foundations/airflow_env/lib/python3.9/site-packages/airflow/example_dags/example_trigger_controller_dag.py
[2022-03-22 10:11:50,472] {processor.py:654} INFO - DAG(s) dict_keys(['example_trigger_controller_dag']) retrieved from /Users/louisekirkham/Documents/linkedin_learning/Ex_Files_Data_Engineering_Foundations/airflow_env/lib/python3.9/site-packages/airflow/example_dags/example_trigger_controller_dag.py
[2022-03-22 10:11:50,497] {logging_mixin.py:109} INFO - [2022-03-22 10:11:50,496] {dag.py:2398} INFO - Sync 1 DAGs
[2022-03-22 10:11:50,510] {logging_mixin.py:109} INFO - [2022-03-22 10:11:50,510] {dag.py:2937} INFO - Setting next_dagrun for example_trigger_controller_dag to 2021-01-01T00:00:00+00:00
[2022-03-22 10:11:50,520] {processor.py:171} INFO - Processing /Users/louisekirkham/Documents/linkedin_learning/Ex_Files_Data_Engineering_Foundations/airflow_env/lib/python3.9/site-packages/airflow/example_dags/example_trigger_controller_dag.py took 0.114 seconds
