[2022-03-22 09:54:38,540] {processor.py:163} INFO - Started process (PID=84121) to work on /Users/louisekirkham/Documents/linkedin_learning/Ex_Files_Data_Engineering_Foundations/airflow_env/lib/python3.9/site-packages/airflow/example_dags/example_skip_dag.py
[2022-03-22 09:54:38,540] {processor.py:642} INFO - Processing file /Users/louisekirkham/Documents/linkedin_learning/Ex_Files_Data_Engineering_Foundations/airflow_env/lib/python3.9/site-packages/airflow/example_dags/example_skip_dag.py for tasks to queue
[2022-03-22 09:54:38,541] {logging_mixin.py:109} INFO - [2022-03-22 09:54:38,541] {dagbag.py:500} INFO - Filling up the DagBag from /Users/louisekirkham/Documents/linkedin_learning/Ex_Files_Data_Engineering_Foundations/airflow_env/lib/python3.9/site-packages/airflow/example_dags/example_skip_dag.py
[2022-03-22 09:54:38,571] {processor.py:654} INFO - DAG(s) dict_keys(['example_skip_dag']) retrieved from /Users/louisekirkham/Documents/linkedin_learning/Ex_Files_Data_Engineering_Foundations/airflow_env/lib/python3.9/site-packages/airflow/example_dags/example_skip_dag.py
[2022-03-22 09:54:38,588] {logging_mixin.py:109} INFO - [2022-03-22 09:54:38,588] {dag.py:2398} INFO - Sync 1 DAGs
[2022-03-22 09:54:38,595] {logging_mixin.py:109} INFO - [2022-03-22 09:54:38,595] {dag.py:2937} INFO - Setting next_dagrun for example_skip_dag to 2022-03-21T09:54:38.595476+00:00
[2022-03-22 09:54:38,602] {processor.py:171} INFO - Processing /Users/louisekirkham/Documents/linkedin_learning/Ex_Files_Data_Engineering_Foundations/airflow_env/lib/python3.9/site-packages/airflow/example_dags/example_skip_dag.py took 0.062 seconds
[2022-03-22 10:05:44,997] {processor.py:163} INFO - Started process (PID=84253) to work on /Users/louisekirkham/Documents/linkedin_learning/Ex_Files_Data_Engineering_Foundations/airflow_env/lib/python3.9/site-packages/airflow/example_dags/example_skip_dag.py
[2022-03-22 10:05:44,997] {processor.py:642} INFO - Processing file /Users/louisekirkham/Documents/linkedin_learning/Ex_Files_Data_Engineering_Foundations/airflow_env/lib/python3.9/site-packages/airflow/example_dags/example_skip_dag.py for tasks to queue
[2022-03-22 10:05:44,997] {logging_mixin.py:109} INFO - [2022-03-22 10:05:44,997] {dagbag.py:500} INFO - Filling up the DagBag from /Users/louisekirkham/Documents/linkedin_learning/Ex_Files_Data_Engineering_Foundations/airflow_env/lib/python3.9/site-packages/airflow/example_dags/example_skip_dag.py
[2022-03-22 10:05:45,026] {processor.py:654} INFO - DAG(s) dict_keys(['example_skip_dag']) retrieved from /Users/louisekirkham/Documents/linkedin_learning/Ex_Files_Data_Engineering_Foundations/airflow_env/lib/python3.9/site-packages/airflow/example_dags/example_skip_dag.py
[2022-03-22 10:05:45,041] {logging_mixin.py:109} INFO - [2022-03-22 10:05:45,040] {dag.py:2398} INFO - Sync 1 DAGs
[2022-03-22 10:05:45,048] {logging_mixin.py:109} INFO - [2022-03-22 10:05:45,048] {dag.py:2937} INFO - Setting next_dagrun for example_skip_dag to 2022-03-21T10:05:45.047900+00:00
[2022-03-22 10:05:45,055] {processor.py:171} INFO - Processing /Users/louisekirkham/Documents/linkedin_learning/Ex_Files_Data_Engineering_Foundations/airflow_env/lib/python3.9/site-packages/airflow/example_dags/example_skip_dag.py took 0.059 seconds
[2022-03-22 10:07:25,533] {processor.py:163} INFO - Started process (PID=84456) to work on /Users/louisekirkham/Documents/linkedin_learning/Ex_Files_Data_Engineering_Foundations/airflow_env/lib/python3.9/site-packages/airflow/example_dags/example_skip_dag.py
[2022-03-22 10:07:25,534] {processor.py:642} INFO - Processing file /Users/louisekirkham/Documents/linkedin_learning/Ex_Files_Data_Engineering_Foundations/airflow_env/lib/python3.9/site-packages/airflow/example_dags/example_skip_dag.py for tasks to queue
[2022-03-22 10:07:25,534] {logging_mixin.py:109} INFO - [2022-03-22 10:07:25,534] {dagbag.py:500} INFO - Filling up the DagBag from /Users/louisekirkham/Documents/linkedin_learning/Ex_Files_Data_Engineering_Foundations/airflow_env/lib/python3.9/site-packages/airflow/example_dags/example_skip_dag.py
[2022-03-22 10:07:25,563] {processor.py:654} INFO - DAG(s) dict_keys(['example_skip_dag']) retrieved from /Users/louisekirkham/Documents/linkedin_learning/Ex_Files_Data_Engineering_Foundations/airflow_env/lib/python3.9/site-packages/airflow/example_dags/example_skip_dag.py
[2022-03-22 10:07:25,579] {logging_mixin.py:109} INFO - [2022-03-22 10:07:25,579] {dag.py:2398} INFO - Sync 1 DAGs
[2022-03-22 10:07:25,587] {logging_mixin.py:109} INFO - [2022-03-22 10:07:25,587] {dag.py:2937} INFO - Setting next_dagrun for example_skip_dag to 2022-03-21T10:07:25.587305+00:00
[2022-03-22 10:07:25,596] {processor.py:171} INFO - Processing /Users/louisekirkham/Documents/linkedin_learning/Ex_Files_Data_Engineering_Foundations/airflow_env/lib/python3.9/site-packages/airflow/example_dags/example_skip_dag.py took 0.064 seconds
[2022-03-22 10:08:58,480] {processor.py:163} INFO - Started process (PID=84553) to work on /Users/louisekirkham/Documents/linkedin_learning/Ex_Files_Data_Engineering_Foundations/airflow_env/lib/python3.9/site-packages/airflow/example_dags/example_skip_dag.py
[2022-03-22 10:08:58,480] {processor.py:642} INFO - Processing file /Users/louisekirkham/Documents/linkedin_learning/Ex_Files_Data_Engineering_Foundations/airflow_env/lib/python3.9/site-packages/airflow/example_dags/example_skip_dag.py for tasks to queue
[2022-03-22 10:08:58,480] {logging_mixin.py:109} INFO - [2022-03-22 10:08:58,480] {dagbag.py:500} INFO - Filling up the DagBag from /Users/louisekirkham/Documents/linkedin_learning/Ex_Files_Data_Engineering_Foundations/airflow_env/lib/python3.9/site-packages/airflow/example_dags/example_skip_dag.py
[2022-03-22 10:08:58,513] {processor.py:654} INFO - DAG(s) dict_keys(['example_skip_dag']) retrieved from /Users/louisekirkham/Documents/linkedin_learning/Ex_Files_Data_Engineering_Foundations/airflow_env/lib/python3.9/site-packages/airflow/example_dags/example_skip_dag.py
[2022-03-22 10:08:58,530] {logging_mixin.py:109} INFO - [2022-03-22 10:08:58,530] {dag.py:2398} INFO - Sync 1 DAGs
[2022-03-22 10:08:58,539] {logging_mixin.py:109} INFO - [2022-03-22 10:08:58,539] {dag.py:2937} INFO - Setting next_dagrun for example_skip_dag to 2022-03-21T10:08:58.539670+00:00
[2022-03-22 10:08:58,547] {processor.py:171} INFO - Processing /Users/louisekirkham/Documents/linkedin_learning/Ex_Files_Data_Engineering_Foundations/airflow_env/lib/python3.9/site-packages/airflow/example_dags/example_skip_dag.py took 0.067 seconds
[2022-03-22 10:10:27,338] {processor.py:163} INFO - Started process (PID=85088) to work on /Users/louisekirkham/Documents/linkedin_learning/Ex_Files_Data_Engineering_Foundations/airflow_env/lib/python3.9/site-packages/airflow/example_dags/example_skip_dag.py
[2022-03-22 10:10:27,339] {processor.py:642} INFO - Processing file /Users/louisekirkham/Documents/linkedin_learning/Ex_Files_Data_Engineering_Foundations/airflow_env/lib/python3.9/site-packages/airflow/example_dags/example_skip_dag.py for tasks to queue
[2022-03-22 10:10:27,339] {logging_mixin.py:109} INFO - [2022-03-22 10:10:27,339] {dagbag.py:500} INFO - Filling up the DagBag from /Users/louisekirkham/Documents/linkedin_learning/Ex_Files_Data_Engineering_Foundations/airflow_env/lib/python3.9/site-packages/airflow/example_dags/example_skip_dag.py
[2022-03-22 10:10:27,364] {processor.py:654} INFO - DAG(s) dict_keys(['example_skip_dag']) retrieved from /Users/louisekirkham/Documents/linkedin_learning/Ex_Files_Data_Engineering_Foundations/airflow_env/lib/python3.9/site-packages/airflow/example_dags/example_skip_dag.py
[2022-03-22 10:10:27,378] {logging_mixin.py:109} INFO - [2022-03-22 10:10:27,378] {dag.py:2398} INFO - Sync 1 DAGs
[2022-03-22 10:10:27,385] {logging_mixin.py:109} INFO - [2022-03-22 10:10:27,385] {dag.py:2937} INFO - Setting next_dagrun for example_skip_dag to 2022-03-21T10:10:27.385612+00:00
[2022-03-22 10:10:27,393] {processor.py:171} INFO - Processing /Users/louisekirkham/Documents/linkedin_learning/Ex_Files_Data_Engineering_Foundations/airflow_env/lib/python3.9/site-packages/airflow/example_dags/example_skip_dag.py took 0.055 seconds
[2022-03-22 10:12:06,635] {processor.py:163} INFO - Started process (PID=85843) to work on /Users/louisekirkham/Documents/linkedin_learning/Ex_Files_Data_Engineering_Foundations/airflow_env/lib/python3.9/site-packages/airflow/example_dags/example_skip_dag.py
[2022-03-22 10:12:06,636] {processor.py:642} INFO - Processing file /Users/louisekirkham/Documents/linkedin_learning/Ex_Files_Data_Engineering_Foundations/airflow_env/lib/python3.9/site-packages/airflow/example_dags/example_skip_dag.py for tasks to queue
[2022-03-22 10:12:06,637] {logging_mixin.py:109} INFO - [2022-03-22 10:12:06,637] {dagbag.py:500} INFO - Filling up the DagBag from /Users/louisekirkham/Documents/linkedin_learning/Ex_Files_Data_Engineering_Foundations/airflow_env/lib/python3.9/site-packages/airflow/example_dags/example_skip_dag.py
[2022-03-22 10:12:06,674] {processor.py:654} INFO - DAG(s) dict_keys(['example_skip_dag']) retrieved from /Users/louisekirkham/Documents/linkedin_learning/Ex_Files_Data_Engineering_Foundations/airflow_env/lib/python3.9/site-packages/airflow/example_dags/example_skip_dag.py
[2022-03-22 10:12:06,693] {logging_mixin.py:109} INFO - [2022-03-22 10:12:06,693] {dag.py:2398} INFO - Sync 1 DAGs
[2022-03-22 10:12:06,705] {logging_mixin.py:109} INFO - [2022-03-22 10:12:06,704] {dag.py:2937} INFO - Setting next_dagrun for example_skip_dag to 2022-03-21T10:12:06.704772+00:00
[2022-03-22 10:12:06,714] {processor.py:171} INFO - Processing /Users/louisekirkham/Documents/linkedin_learning/Ex_Files_Data_Engineering_Foundations/airflow_env/lib/python3.9/site-packages/airflow/example_dags/example_skip_dag.py took 0.080 seconds
