[2022-03-22 09:54:32,320] {processor.py:163} INFO - Started process (PID=84115) to work on /Users/louisekirkham/Documents/linkedin_learning/Ex_Files_Data_Engineering_Foundations/airflow_env/lib/python3.9/site-packages/airflow/example_dags/example_task_group.py
[2022-03-22 09:54:32,321] {processor.py:642} INFO - Processing file /Users/louisekirkham/Documents/linkedin_learning/Ex_Files_Data_Engineering_Foundations/airflow_env/lib/python3.9/site-packages/airflow/example_dags/example_task_group.py for tasks to queue
[2022-03-22 09:54:32,321] {logging_mixin.py:109} INFO - [2022-03-22 09:54:32,321] {dagbag.py:500} INFO - Filling up the DagBag from /Users/louisekirkham/Documents/linkedin_learning/Ex_Files_Data_Engineering_Foundations/airflow_env/lib/python3.9/site-packages/airflow/example_dags/example_task_group.py
[2022-03-22 09:54:32,353] {processor.py:654} INFO - DAG(s) dict_keys(['example_task_group']) retrieved from /Users/louisekirkham/Documents/linkedin_learning/Ex_Files_Data_Engineering_Foundations/airflow_env/lib/python3.9/site-packages/airflow/example_dags/example_task_group.py
[2022-03-22 09:54:32,369] {logging_mixin.py:109} INFO - [2022-03-22 09:54:32,368] {dag.py:2398} INFO - Sync 1 DAGs
[2022-03-22 09:54:32,377] {logging_mixin.py:109} INFO - [2022-03-22 09:54:32,377] {dag.py:2937} INFO - Setting next_dagrun for example_task_group to 2022-03-21T09:54:32.377141+00:00
[2022-03-22 09:54:32,384] {processor.py:171} INFO - Processing /Users/louisekirkham/Documents/linkedin_learning/Ex_Files_Data_Engineering_Foundations/airflow_env/lib/python3.9/site-packages/airflow/example_dags/example_task_group.py took 0.065 seconds
[2022-03-22 10:05:38,915] {processor.py:163} INFO - Started process (PID=84250) to work on /Users/louisekirkham/Documents/linkedin_learning/Ex_Files_Data_Engineering_Foundations/airflow_env/lib/python3.9/site-packages/airflow/example_dags/example_task_group.py
[2022-03-22 10:05:38,915] {processor.py:642} INFO - Processing file /Users/louisekirkham/Documents/linkedin_learning/Ex_Files_Data_Engineering_Foundations/airflow_env/lib/python3.9/site-packages/airflow/example_dags/example_task_group.py for tasks to queue
[2022-03-22 10:05:38,916] {logging_mixin.py:109} INFO - [2022-03-22 10:05:38,916] {dagbag.py:500} INFO - Filling up the DagBag from /Users/louisekirkham/Documents/linkedin_learning/Ex_Files_Data_Engineering_Foundations/airflow_env/lib/python3.9/site-packages/airflow/example_dags/example_task_group.py
[2022-03-22 10:05:38,944] {processor.py:654} INFO - DAG(s) dict_keys(['example_task_group']) retrieved from /Users/louisekirkham/Documents/linkedin_learning/Ex_Files_Data_Engineering_Foundations/airflow_env/lib/python3.9/site-packages/airflow/example_dags/example_task_group.py
[2022-03-22 10:05:38,958] {logging_mixin.py:109} INFO - [2022-03-22 10:05:38,958] {dag.py:2398} INFO - Sync 1 DAGs
[2022-03-22 10:05:38,965] {logging_mixin.py:109} INFO - [2022-03-22 10:05:38,965] {dag.py:2937} INFO - Setting next_dagrun for example_task_group to 2022-03-21T10:05:38.965015+00:00
[2022-03-22 10:05:38,972] {processor.py:171} INFO - Processing /Users/louisekirkham/Documents/linkedin_learning/Ex_Files_Data_Engineering_Foundations/airflow_env/lib/python3.9/site-packages/airflow/example_dags/example_task_group.py took 0.058 seconds
[2022-03-22 10:07:19,396] {processor.py:163} INFO - Started process (PID=84453) to work on /Users/louisekirkham/Documents/linkedin_learning/Ex_Files_Data_Engineering_Foundations/airflow_env/lib/python3.9/site-packages/airflow/example_dags/example_task_group.py
[2022-03-22 10:07:19,396] {processor.py:642} INFO - Processing file /Users/louisekirkham/Documents/linkedin_learning/Ex_Files_Data_Engineering_Foundations/airflow_env/lib/python3.9/site-packages/airflow/example_dags/example_task_group.py for tasks to queue
[2022-03-22 10:07:19,397] {logging_mixin.py:109} INFO - [2022-03-22 10:07:19,397] {dagbag.py:500} INFO - Filling up the DagBag from /Users/louisekirkham/Documents/linkedin_learning/Ex_Files_Data_Engineering_Foundations/airflow_env/lib/python3.9/site-packages/airflow/example_dags/example_task_group.py
[2022-03-22 10:07:19,427] {processor.py:654} INFO - DAG(s) dict_keys(['example_task_group']) retrieved from /Users/louisekirkham/Documents/linkedin_learning/Ex_Files_Data_Engineering_Foundations/airflow_env/lib/python3.9/site-packages/airflow/example_dags/example_task_group.py
[2022-03-22 10:07:19,443] {logging_mixin.py:109} INFO - [2022-03-22 10:07:19,443] {dag.py:2398} INFO - Sync 1 DAGs
[2022-03-22 10:07:19,451] {logging_mixin.py:109} INFO - [2022-03-22 10:07:19,451] {dag.py:2937} INFO - Setting next_dagrun for example_task_group to 2022-03-21T10:07:19.451020+00:00
[2022-03-22 10:07:19,458] {processor.py:171} INFO - Processing /Users/louisekirkham/Documents/linkedin_learning/Ex_Files_Data_Engineering_Foundations/airflow_env/lib/python3.9/site-packages/airflow/example_dags/example_task_group.py took 0.062 seconds
[2022-03-22 10:08:52,319] {processor.py:163} INFO - Started process (PID=84550) to work on /Users/louisekirkham/Documents/linkedin_learning/Ex_Files_Data_Engineering_Foundations/airflow_env/lib/python3.9/site-packages/airflow/example_dags/example_task_group.py
[2022-03-22 10:08:52,319] {processor.py:642} INFO - Processing file /Users/louisekirkham/Documents/linkedin_learning/Ex_Files_Data_Engineering_Foundations/airflow_env/lib/python3.9/site-packages/airflow/example_dags/example_task_group.py for tasks to queue
[2022-03-22 10:08:52,320] {logging_mixin.py:109} INFO - [2022-03-22 10:08:52,320] {dagbag.py:500} INFO - Filling up the DagBag from /Users/louisekirkham/Documents/linkedin_learning/Ex_Files_Data_Engineering_Foundations/airflow_env/lib/python3.9/site-packages/airflow/example_dags/example_task_group.py
[2022-03-22 10:08:52,349] {processor.py:654} INFO - DAG(s) dict_keys(['example_task_group']) retrieved from /Users/louisekirkham/Documents/linkedin_learning/Ex_Files_Data_Engineering_Foundations/airflow_env/lib/python3.9/site-packages/airflow/example_dags/example_task_group.py
[2022-03-22 10:08:52,364] {logging_mixin.py:109} INFO - [2022-03-22 10:08:52,364] {dag.py:2398} INFO - Sync 1 DAGs
[2022-03-22 10:08:52,372] {logging_mixin.py:109} INFO - [2022-03-22 10:08:52,372] {dag.py:2937} INFO - Setting next_dagrun for example_task_group to 2022-03-21T10:08:52.371913+00:00
[2022-03-22 10:08:52,379] {processor.py:171} INFO - Processing /Users/louisekirkham/Documents/linkedin_learning/Ex_Files_Data_Engineering_Foundations/airflow_env/lib/python3.9/site-packages/airflow/example_dags/example_task_group.py took 0.060 seconds
[2022-03-22 10:10:21,297] {processor.py:163} INFO - Started process (PID=85078) to work on /Users/louisekirkham/Documents/linkedin_learning/Ex_Files_Data_Engineering_Foundations/airflow_env/lib/python3.9/site-packages/airflow/example_dags/example_task_group.py
[2022-03-22 10:10:21,297] {processor.py:642} INFO - Processing file /Users/louisekirkham/Documents/linkedin_learning/Ex_Files_Data_Engineering_Foundations/airflow_env/lib/python3.9/site-packages/airflow/example_dags/example_task_group.py for tasks to queue
[2022-03-22 10:10:21,298] {logging_mixin.py:109} INFO - [2022-03-22 10:10:21,298] {dagbag.py:500} INFO - Filling up the DagBag from /Users/louisekirkham/Documents/linkedin_learning/Ex_Files_Data_Engineering_Foundations/airflow_env/lib/python3.9/site-packages/airflow/example_dags/example_task_group.py
[2022-03-22 10:10:21,325] {processor.py:654} INFO - DAG(s) dict_keys(['example_task_group']) retrieved from /Users/louisekirkham/Documents/linkedin_learning/Ex_Files_Data_Engineering_Foundations/airflow_env/lib/python3.9/site-packages/airflow/example_dags/example_task_group.py
[2022-03-22 10:10:21,339] {logging_mixin.py:109} INFO - [2022-03-22 10:10:21,339] {dag.py:2398} INFO - Sync 1 DAGs
[2022-03-22 10:10:21,345] {logging_mixin.py:109} INFO - [2022-03-22 10:10:21,345] {dag.py:2937} INFO - Setting next_dagrun for example_task_group to 2022-03-21T10:10:21.345596+00:00
[2022-03-22 10:10:21,352] {processor.py:171} INFO - Processing /Users/louisekirkham/Documents/linkedin_learning/Ex_Files_Data_Engineering_Foundations/airflow_env/lib/python3.9/site-packages/airflow/example_dags/example_task_group.py took 0.055 seconds
[2022-03-22 10:11:58,671] {processor.py:163} INFO - Started process (PID=85840) to work on /Users/louisekirkham/Documents/linkedin_learning/Ex_Files_Data_Engineering_Foundations/airflow_env/lib/python3.9/site-packages/airflow/example_dags/example_task_group.py
[2022-03-22 10:11:58,672] {processor.py:642} INFO - Processing file /Users/louisekirkham/Documents/linkedin_learning/Ex_Files_Data_Engineering_Foundations/airflow_env/lib/python3.9/site-packages/airflow/example_dags/example_task_group.py for tasks to queue
[2022-03-22 10:11:58,673] {logging_mixin.py:109} INFO - [2022-03-22 10:11:58,673] {dagbag.py:500} INFO - Filling up the DagBag from /Users/louisekirkham/Documents/linkedin_learning/Ex_Files_Data_Engineering_Foundations/airflow_env/lib/python3.9/site-packages/airflow/example_dags/example_task_group.py
[2022-03-22 10:11:58,714] {processor.py:654} INFO - DAG(s) dict_keys(['example_task_group']) retrieved from /Users/louisekirkham/Documents/linkedin_learning/Ex_Files_Data_Engineering_Foundations/airflow_env/lib/python3.9/site-packages/airflow/example_dags/example_task_group.py
[2022-03-22 10:11:58,734] {logging_mixin.py:109} INFO - [2022-03-22 10:11:58,733] {dag.py:2398} INFO - Sync 1 DAGs
[2022-03-22 10:11:58,744] {logging_mixin.py:109} INFO - [2022-03-22 10:11:58,744] {dag.py:2937} INFO - Setting next_dagrun for example_task_group to 2022-03-21T10:11:58.743891+00:00
[2022-03-22 10:11:58,752] {processor.py:171} INFO - Processing /Users/louisekirkham/Documents/linkedin_learning/Ex_Files_Data_Engineering_Foundations/airflow_env/lib/python3.9/site-packages/airflow/example_dags/example_task_group.py took 0.082 seconds
