[2022-03-22 09:54:54,686] {processor.py:163} INFO - Started process (PID=84142) to work on /Users/louisekirkham/Documents/linkedin_learning/Ex_Files_Data_Engineering_Foundations/airflow_env/lib/python3.9/site-packages/airflow/example_dags/example_kubernetes_executor.py
[2022-03-22 09:54:54,686] {processor.py:642} INFO - Processing file /Users/louisekirkham/Documents/linkedin_learning/Ex_Files_Data_Engineering_Foundations/airflow_env/lib/python3.9/site-packages/airflow/example_dags/example_kubernetes_executor.py for tasks to queue
[2022-03-22 09:54:54,686] {logging_mixin.py:109} INFO - [2022-03-22 09:54:54,686] {dagbag.py:500} INFO - Filling up the DagBag from /Users/louisekirkham/Documents/linkedin_learning/Ex_Files_Data_Engineering_Foundations/airflow_env/lib/python3.9/site-packages/airflow/example_dags/example_kubernetes_executor.py
[2022-03-22 09:54:54,699] {logging_mixin.py:109} INFO - [2022-03-22 09:54:54,699] {example_kubernetes_executor.py:39} WARNING - The example_kubernetes_executor example DAG requires the kubernetes provider. Please install it with: pip install apache-airflow[cncf.kubernetes]
[2022-03-22 09:54:54,717] {processor.py:656} WARNING - No viable dags retrieved from /Users/louisekirkham/Documents/linkedin_learning/Ex_Files_Data_Engineering_Foundations/airflow_env/lib/python3.9/site-packages/airflow/example_dags/example_kubernetes_executor.py
[2022-03-22 09:54:54,718] {processor.py:171} INFO - Processing /Users/louisekirkham/Documents/linkedin_learning/Ex_Files_Data_Engineering_Foundations/airflow_env/lib/python3.9/site-packages/airflow/example_dags/example_kubernetes_executor.py took 0.033 seconds
[2022-03-22 10:06:24,148] {processor.py:163} INFO - Started process (PID=84382) to work on /Users/louisekirkham/Documents/linkedin_learning/Ex_Files_Data_Engineering_Foundations/airflow_env/lib/python3.9/site-packages/airflow/example_dags/example_kubernetes_executor.py
[2022-03-22 10:06:24,148] {processor.py:642} INFO - Processing file /Users/louisekirkham/Documents/linkedin_learning/Ex_Files_Data_Engineering_Foundations/airflow_env/lib/python3.9/site-packages/airflow/example_dags/example_kubernetes_executor.py for tasks to queue
[2022-03-22 10:06:24,149] {logging_mixin.py:109} INFO - [2022-03-22 10:06:24,148] {dagbag.py:500} INFO - Filling up the DagBag from /Users/louisekirkham/Documents/linkedin_learning/Ex_Files_Data_Engineering_Foundations/airflow_env/lib/python3.9/site-packages/airflow/example_dags/example_kubernetes_executor.py
[2022-03-22 10:06:24,163] {logging_mixin.py:109} INFO - [2022-03-22 10:06:24,163] {example_kubernetes_executor.py:39} WARNING - The example_kubernetes_executor example DAG requires the kubernetes provider. Please install it with: pip install apache-airflow[cncf.kubernetes]
[2022-03-22 10:06:24,184] {processor.py:656} WARNING - No viable dags retrieved from /Users/louisekirkham/Documents/linkedin_learning/Ex_Files_Data_Engineering_Foundations/airflow_env/lib/python3.9/site-packages/airflow/example_dags/example_kubernetes_executor.py
[2022-03-22 10:06:24,185] {processor.py:171} INFO - Processing /Users/louisekirkham/Documents/linkedin_learning/Ex_Files_Data_Engineering_Foundations/airflow_env/lib/python3.9/site-packages/airflow/example_dags/example_kubernetes_executor.py took 0.038 seconds
[2022-03-22 10:07:59,386] {processor.py:163} INFO - Started process (PID=84495) to work on /Users/louisekirkham/Documents/linkedin_learning/Ex_Files_Data_Engineering_Foundations/airflow_env/lib/python3.9/site-packages/airflow/example_dags/example_kubernetes_executor.py
[2022-03-22 10:07:59,387] {processor.py:642} INFO - Processing file /Users/louisekirkham/Documents/linkedin_learning/Ex_Files_Data_Engineering_Foundations/airflow_env/lib/python3.9/site-packages/airflow/example_dags/example_kubernetes_executor.py for tasks to queue
[2022-03-22 10:07:59,387] {logging_mixin.py:109} INFO - [2022-03-22 10:07:59,387] {dagbag.py:500} INFO - Filling up the DagBag from /Users/louisekirkham/Documents/linkedin_learning/Ex_Files_Data_Engineering_Foundations/airflow_env/lib/python3.9/site-packages/airflow/example_dags/example_kubernetes_executor.py
[2022-03-22 10:07:59,403] {logging_mixin.py:109} INFO - [2022-03-22 10:07:59,403] {example_kubernetes_executor.py:39} WARNING - The example_kubernetes_executor example DAG requires the kubernetes provider. Please install it with: pip install apache-airflow[cncf.kubernetes]
[2022-03-22 10:07:59,425] {processor.py:656} WARNING - No viable dags retrieved from /Users/louisekirkham/Documents/linkedin_learning/Ex_Files_Data_Engineering_Foundations/airflow_env/lib/python3.9/site-packages/airflow/example_dags/example_kubernetes_executor.py
[2022-03-22 10:07:59,426] {processor.py:171} INFO - Processing /Users/louisekirkham/Documents/linkedin_learning/Ex_Files_Data_Engineering_Foundations/airflow_env/lib/python3.9/site-packages/airflow/example_dags/example_kubernetes_executor.py took 0.041 seconds
[2022-03-22 10:09:29,549] {processor.py:163} INFO - Started process (PID=84595) to work on /Users/louisekirkham/Documents/linkedin_learning/Ex_Files_Data_Engineering_Foundations/airflow_env/lib/python3.9/site-packages/airflow/example_dags/example_kubernetes_executor.py
[2022-03-22 10:09:29,549] {processor.py:642} INFO - Processing file /Users/louisekirkham/Documents/linkedin_learning/Ex_Files_Data_Engineering_Foundations/airflow_env/lib/python3.9/site-packages/airflow/example_dags/example_kubernetes_executor.py for tasks to queue
[2022-03-22 10:09:29,549] {logging_mixin.py:109} INFO - [2022-03-22 10:09:29,549] {dagbag.py:500} INFO - Filling up the DagBag from /Users/louisekirkham/Documents/linkedin_learning/Ex_Files_Data_Engineering_Foundations/airflow_env/lib/python3.9/site-packages/airflow/example_dags/example_kubernetes_executor.py
[2022-03-22 10:09:29,562] {logging_mixin.py:109} INFO - [2022-03-22 10:09:29,562] {example_kubernetes_executor.py:39} WARNING - The example_kubernetes_executor example DAG requires the kubernetes provider. Please install it with: pip install apache-airflow[cncf.kubernetes]
[2022-03-22 10:09:29,580] {processor.py:656} WARNING - No viable dags retrieved from /Users/louisekirkham/Documents/linkedin_learning/Ex_Files_Data_Engineering_Foundations/airflow_env/lib/python3.9/site-packages/airflow/example_dags/example_kubernetes_executor.py
[2022-03-22 10:09:29,581] {processor.py:171} INFO - Processing /Users/louisekirkham/Documents/linkedin_learning/Ex_Files_Data_Engineering_Foundations/airflow_env/lib/python3.9/site-packages/airflow/example_dags/example_kubernetes_executor.py took 0.033 seconds
[2022-03-22 10:10:57,451] {processor.py:163} INFO - Started process (PID=85153) to work on /Users/louisekirkham/Documents/linkedin_learning/Ex_Files_Data_Engineering_Foundations/airflow_env/lib/python3.9/site-packages/airflow/example_dags/example_kubernetes_executor.py
[2022-03-22 10:10:57,451] {processor.py:642} INFO - Processing file /Users/louisekirkham/Documents/linkedin_learning/Ex_Files_Data_Engineering_Foundations/airflow_env/lib/python3.9/site-packages/airflow/example_dags/example_kubernetes_executor.py for tasks to queue
[2022-03-22 10:10:57,451] {logging_mixin.py:109} INFO - [2022-03-22 10:10:57,451] {dagbag.py:500} INFO - Filling up the DagBag from /Users/louisekirkham/Documents/linkedin_learning/Ex_Files_Data_Engineering_Foundations/airflow_env/lib/python3.9/site-packages/airflow/example_dags/example_kubernetes_executor.py
[2022-03-22 10:10:57,465] {logging_mixin.py:109} INFO - [2022-03-22 10:10:57,465] {example_kubernetes_executor.py:39} WARNING - The example_kubernetes_executor example DAG requires the kubernetes provider. Please install it with: pip install apache-airflow[cncf.kubernetes]
[2022-03-22 10:10:57,483] {processor.py:656} WARNING - No viable dags retrieved from /Users/louisekirkham/Documents/linkedin_learning/Ex_Files_Data_Engineering_Foundations/airflow_env/lib/python3.9/site-packages/airflow/example_dags/example_kubernetes_executor.py
[2022-03-22 10:10:57,484] {processor.py:171} INFO - Processing /Users/louisekirkham/Documents/linkedin_learning/Ex_Files_Data_Engineering_Foundations/airflow_env/lib/python3.9/site-packages/airflow/example_dags/example_kubernetes_executor.py took 0.034 seconds
