[2022-03-22 09:54:50,645] {processor.py:163} INFO - Started process (PID=84140) to work on /Users/louisekirkham/Documents/linkedin_learning/Ex_Files_Data_Engineering_Foundations/airflow_env/lib/python3.9/site-packages/airflow/example_dags/example_latest_only_with_trigger.py
[2022-03-22 09:54:50,646] {processor.py:642} INFO - Processing file /Users/louisekirkham/Documents/linkedin_learning/Ex_Files_Data_Engineering_Foundations/airflow_env/lib/python3.9/site-packages/airflow/example_dags/example_latest_only_with_trigger.py for tasks to queue
[2022-03-22 09:54:50,646] {logging_mixin.py:109} INFO - [2022-03-22 09:54:50,646] {dagbag.py:500} INFO - Filling up the DagBag from /Users/louisekirkham/Documents/linkedin_learning/Ex_Files_Data_Engineering_Foundations/airflow_env/lib/python3.9/site-packages/airflow/example_dags/example_latest_only_with_trigger.py
[2022-03-22 09:54:50,679] {processor.py:654} INFO - DAG(s) dict_keys(['latest_only_with_trigger']) retrieved from /Users/louisekirkham/Documents/linkedin_learning/Ex_Files_Data_Engineering_Foundations/airflow_env/lib/python3.9/site-packages/airflow/example_dags/example_latest_only_with_trigger.py
[2022-03-22 09:54:50,693] {logging_mixin.py:109} INFO - [2022-03-22 09:54:50,692] {dag.py:2398} INFO - Sync 1 DAGs
[2022-03-22 09:54:50,699] {logging_mixin.py:109} INFO - [2022-03-22 09:54:50,699] {dag.py:2937} INFO - Setting next_dagrun for latest_only_with_trigger to 2022-03-22T05:54:50.699343+00:00
[2022-03-22 09:54:50,707] {processor.py:171} INFO - Processing /Users/louisekirkham/Documents/linkedin_learning/Ex_Files_Data_Engineering_Foundations/airflow_env/lib/python3.9/site-packages/airflow/example_dags/example_latest_only_with_trigger.py took 0.062 seconds
[2022-03-22 10:06:20,137] {processor.py:163} INFO - Started process (PID=84341) to work on /Users/louisekirkham/Documents/linkedin_learning/Ex_Files_Data_Engineering_Foundations/airflow_env/lib/python3.9/site-packages/airflow/example_dags/example_latest_only_with_trigger.py
[2022-03-22 10:06:20,137] {processor.py:642} INFO - Processing file /Users/louisekirkham/Documents/linkedin_learning/Ex_Files_Data_Engineering_Foundations/airflow_env/lib/python3.9/site-packages/airflow/example_dags/example_latest_only_with_trigger.py for tasks to queue
[2022-03-22 10:06:20,137] {logging_mixin.py:109} INFO - [2022-03-22 10:06:20,137] {dagbag.py:500} INFO - Filling up the DagBag from /Users/louisekirkham/Documents/linkedin_learning/Ex_Files_Data_Engineering_Foundations/airflow_env/lib/python3.9/site-packages/airflow/example_dags/example_latest_only_with_trigger.py
[2022-03-22 10:06:20,181] {processor.py:654} INFO - DAG(s) dict_keys(['latest_only_with_trigger']) retrieved from /Users/louisekirkham/Documents/linkedin_learning/Ex_Files_Data_Engineering_Foundations/airflow_env/lib/python3.9/site-packages/airflow/example_dags/example_latest_only_with_trigger.py
[2022-03-22 10:06:20,205] {logging_mixin.py:109} INFO - [2022-03-22 10:06:20,205] {dag.py:2398} INFO - Sync 1 DAGs
[2022-03-22 10:06:20,220] {logging_mixin.py:109} INFO - [2022-03-22 10:06:20,219] {dag.py:2937} INFO - Setting next_dagrun for latest_only_with_trigger to 2022-03-22T06:06:20.219672+00:00
[2022-03-22 10:06:20,230] {processor.py:171} INFO - Processing /Users/louisekirkham/Documents/linkedin_learning/Ex_Files_Data_Engineering_Foundations/airflow_env/lib/python3.9/site-packages/airflow/example_dags/example_latest_only_with_trigger.py took 0.094 seconds
[2022-03-22 10:07:55,493] {processor.py:163} INFO - Started process (PID=84493) to work on /Users/louisekirkham/Documents/linkedin_learning/Ex_Files_Data_Engineering_Foundations/airflow_env/lib/python3.9/site-packages/airflow/example_dags/example_latest_only_with_trigger.py
[2022-03-22 10:07:55,493] {processor.py:642} INFO - Processing file /Users/louisekirkham/Documents/linkedin_learning/Ex_Files_Data_Engineering_Foundations/airflow_env/lib/python3.9/site-packages/airflow/example_dags/example_latest_only_with_trigger.py for tasks to queue
[2022-03-22 10:07:55,494] {logging_mixin.py:109} INFO - [2022-03-22 10:07:55,494] {dagbag.py:500} INFO - Filling up the DagBag from /Users/louisekirkham/Documents/linkedin_learning/Ex_Files_Data_Engineering_Foundations/airflow_env/lib/python3.9/site-packages/airflow/example_dags/example_latest_only_with_trigger.py
[2022-03-22 10:07:55,521] {processor.py:654} INFO - DAG(s) dict_keys(['latest_only_with_trigger']) retrieved from /Users/louisekirkham/Documents/linkedin_learning/Ex_Files_Data_Engineering_Foundations/airflow_env/lib/python3.9/site-packages/airflow/example_dags/example_latest_only_with_trigger.py
[2022-03-22 10:07:55,535] {logging_mixin.py:109} INFO - [2022-03-22 10:07:55,535] {dag.py:2398} INFO - Sync 1 DAGs
[2022-03-22 10:07:55,543] {logging_mixin.py:109} INFO - [2022-03-22 10:07:55,543] {dag.py:2937} INFO - Setting next_dagrun for latest_only_with_trigger to 2022-03-22T06:07:55.542904+00:00
[2022-03-22 10:07:55,550] {processor.py:171} INFO - Processing /Users/louisekirkham/Documents/linkedin_learning/Ex_Files_Data_Engineering_Foundations/airflow_env/lib/python3.9/site-packages/airflow/example_dags/example_latest_only_with_trigger.py took 0.057 seconds
[2022-03-22 10:09:25,408] {processor.py:163} INFO - Started process (PID=84592) to work on /Users/louisekirkham/Documents/linkedin_learning/Ex_Files_Data_Engineering_Foundations/airflow_env/lib/python3.9/site-packages/airflow/example_dags/example_latest_only_with_trigger.py
[2022-03-22 10:09:25,408] {processor.py:642} INFO - Processing file /Users/louisekirkham/Documents/linkedin_learning/Ex_Files_Data_Engineering_Foundations/airflow_env/lib/python3.9/site-packages/airflow/example_dags/example_latest_only_with_trigger.py for tasks to queue
[2022-03-22 10:09:25,408] {logging_mixin.py:109} INFO - [2022-03-22 10:09:25,408] {dagbag.py:500} INFO - Filling up the DagBag from /Users/louisekirkham/Documents/linkedin_learning/Ex_Files_Data_Engineering_Foundations/airflow_env/lib/python3.9/site-packages/airflow/example_dags/example_latest_only_with_trigger.py
[2022-03-22 10:09:25,434] {processor.py:654} INFO - DAG(s) dict_keys(['latest_only_with_trigger']) retrieved from /Users/louisekirkham/Documents/linkedin_learning/Ex_Files_Data_Engineering_Foundations/airflow_env/lib/python3.9/site-packages/airflow/example_dags/example_latest_only_with_trigger.py
[2022-03-22 10:09:25,448] {logging_mixin.py:109} INFO - [2022-03-22 10:09:25,448] {dag.py:2398} INFO - Sync 1 DAGs
[2022-03-22 10:09:25,454] {logging_mixin.py:109} INFO - [2022-03-22 10:09:25,454] {dag.py:2937} INFO - Setting next_dagrun for latest_only_with_trigger to 2022-03-22T06:09:25.454310+00:00
[2022-03-22 10:09:25,461] {processor.py:171} INFO - Processing /Users/louisekirkham/Documents/linkedin_learning/Ex_Files_Data_Engineering_Foundations/airflow_env/lib/python3.9/site-packages/airflow/example_dags/example_latest_only_with_trigger.py took 0.054 seconds
[2022-03-22 10:10:53,264] {processor.py:163} INFO - Started process (PID=85151) to work on /Users/louisekirkham/Documents/linkedin_learning/Ex_Files_Data_Engineering_Foundations/airflow_env/lib/python3.9/site-packages/airflow/example_dags/example_latest_only_with_trigger.py
[2022-03-22 10:10:53,264] {processor.py:642} INFO - Processing file /Users/louisekirkham/Documents/linkedin_learning/Ex_Files_Data_Engineering_Foundations/airflow_env/lib/python3.9/site-packages/airflow/example_dags/example_latest_only_with_trigger.py for tasks to queue
[2022-03-22 10:10:53,264] {logging_mixin.py:109} INFO - [2022-03-22 10:10:53,264] {dagbag.py:500} INFO - Filling up the DagBag from /Users/louisekirkham/Documents/linkedin_learning/Ex_Files_Data_Engineering_Foundations/airflow_env/lib/python3.9/site-packages/airflow/example_dags/example_latest_only_with_trigger.py
[2022-03-22 10:10:53,292] {processor.py:654} INFO - DAG(s) dict_keys(['latest_only_with_trigger']) retrieved from /Users/louisekirkham/Documents/linkedin_learning/Ex_Files_Data_Engineering_Foundations/airflow_env/lib/python3.9/site-packages/airflow/example_dags/example_latest_only_with_trigger.py
[2022-03-22 10:10:53,306] {logging_mixin.py:109} INFO - [2022-03-22 10:10:53,306] {dag.py:2398} INFO - Sync 1 DAGs
[2022-03-22 10:10:53,313] {logging_mixin.py:109} INFO - [2022-03-22 10:10:53,313] {dag.py:2937} INFO - Setting next_dagrun for latest_only_with_trigger to 2022-03-22T06:10:53.313119+00:00
[2022-03-22 10:10:53,320] {processor.py:171} INFO - Processing /Users/louisekirkham/Documents/linkedin_learning/Ex_Files_Data_Engineering_Foundations/airflow_env/lib/python3.9/site-packages/airflow/example_dags/example_latest_only_with_trigger.py took 0.057 seconds
