[2022-03-22 09:55:04,811] {processor.py:163} INFO - Started process (PID=84148) to work on /Users/louisekirkham/Documents/linkedin_learning/Ex_Files_Data_Engineering_Foundations/airflow_env/lib/python3.9/site-packages/airflow/example_dags/example_branch_operator.py
[2022-03-22 09:55:04,811] {processor.py:642} INFO - Processing file /Users/louisekirkham/Documents/linkedin_learning/Ex_Files_Data_Engineering_Foundations/airflow_env/lib/python3.9/site-packages/airflow/example_dags/example_branch_operator.py for tasks to queue
[2022-03-22 09:55:04,812] {logging_mixin.py:109} INFO - [2022-03-22 09:55:04,812] {dagbag.py:500} INFO - Filling up the DagBag from /Users/louisekirkham/Documents/linkedin_learning/Ex_Files_Data_Engineering_Foundations/airflow_env/lib/python3.9/site-packages/airflow/example_dags/example_branch_operator.py
[2022-03-22 09:55:04,850] {processor.py:654} INFO - DAG(s) dict_keys(['example_branch_operator']) retrieved from /Users/louisekirkham/Documents/linkedin_learning/Ex_Files_Data_Engineering_Foundations/airflow_env/lib/python3.9/site-packages/airflow/example_dags/example_branch_operator.py
[2022-03-22 09:55:04,864] {logging_mixin.py:109} INFO - [2022-03-22 09:55:04,864] {dag.py:2398} INFO - Sync 1 DAGs
[2022-03-22 09:55:04,872] {logging_mixin.py:109} INFO - [2022-03-22 09:55:04,872] {dag.py:2937} INFO - Setting next_dagrun for example_branch_operator to 2022-03-21 00:00:00+00:00
[2022-03-22 09:55:04,879] {processor.py:171} INFO - Processing /Users/louisekirkham/Documents/linkedin_learning/Ex_Files_Data_Engineering_Foundations/airflow_env/lib/python3.9/site-packages/airflow/example_dags/example_branch_operator.py took 0.068 seconds
[2022-03-22 10:06:34,759] {processor.py:163} INFO - Started process (PID=84398) to work on /Users/louisekirkham/Documents/linkedin_learning/Ex_Files_Data_Engineering_Foundations/airflow_env/lib/python3.9/site-packages/airflow/example_dags/example_branch_operator.py
[2022-03-22 10:06:34,759] {processor.py:642} INFO - Processing file /Users/louisekirkham/Documents/linkedin_learning/Ex_Files_Data_Engineering_Foundations/airflow_env/lib/python3.9/site-packages/airflow/example_dags/example_branch_operator.py for tasks to queue
[2022-03-22 10:06:34,760] {logging_mixin.py:109} INFO - [2022-03-22 10:06:34,760] {dagbag.py:500} INFO - Filling up the DagBag from /Users/louisekirkham/Documents/linkedin_learning/Ex_Files_Data_Engineering_Foundations/airflow_env/lib/python3.9/site-packages/airflow/example_dags/example_branch_operator.py
[2022-03-22 10:06:34,799] {processor.py:654} INFO - DAG(s) dict_keys(['example_branch_operator']) retrieved from /Users/louisekirkham/Documents/linkedin_learning/Ex_Files_Data_Engineering_Foundations/airflow_env/lib/python3.9/site-packages/airflow/example_dags/example_branch_operator.py
[2022-03-22 10:06:34,815] {logging_mixin.py:109} INFO - [2022-03-22 10:06:34,814] {dag.py:2398} INFO - Sync 1 DAGs
[2022-03-22 10:06:34,824] {logging_mixin.py:109} INFO - [2022-03-22 10:06:34,824] {dag.py:2937} INFO - Setting next_dagrun for example_branch_operator to 2022-03-21 00:00:00+00:00
[2022-03-22 10:06:34,831] {processor.py:171} INFO - Processing /Users/louisekirkham/Documents/linkedin_learning/Ex_Files_Data_Engineering_Foundations/airflow_env/lib/python3.9/site-packages/airflow/example_dags/example_branch_operator.py took 0.073 seconds
[2022-03-22 10:08:09,883] {processor.py:163} INFO - Started process (PID=84501) to work on /Users/louisekirkham/Documents/linkedin_learning/Ex_Files_Data_Engineering_Foundations/airflow_env/lib/python3.9/site-packages/airflow/example_dags/example_branch_operator.py
[2022-03-22 10:08:09,885] {processor.py:642} INFO - Processing file /Users/louisekirkham/Documents/linkedin_learning/Ex_Files_Data_Engineering_Foundations/airflow_env/lib/python3.9/site-packages/airflow/example_dags/example_branch_operator.py for tasks to queue
[2022-03-22 10:08:09,886] {logging_mixin.py:109} INFO - [2022-03-22 10:08:09,886] {dagbag.py:500} INFO - Filling up the DagBag from /Users/louisekirkham/Documents/linkedin_learning/Ex_Files_Data_Engineering_Foundations/airflow_env/lib/python3.9/site-packages/airflow/example_dags/example_branch_operator.py
[2022-03-22 10:08:09,928] {processor.py:654} INFO - DAG(s) dict_keys(['example_branch_operator']) retrieved from /Users/louisekirkham/Documents/linkedin_learning/Ex_Files_Data_Engineering_Foundations/airflow_env/lib/python3.9/site-packages/airflow/example_dags/example_branch_operator.py
[2022-03-22 10:08:09,944] {logging_mixin.py:109} INFO - [2022-03-22 10:08:09,944] {dag.py:2398} INFO - Sync 1 DAGs
[2022-03-22 10:08:09,954] {logging_mixin.py:109} INFO - [2022-03-22 10:08:09,954] {dag.py:2937} INFO - Setting next_dagrun for example_branch_operator to 2022-03-21 00:00:00+00:00
[2022-03-22 10:08:09,961] {processor.py:171} INFO - Processing /Users/louisekirkham/Documents/linkedin_learning/Ex_Files_Data_Engineering_Foundations/airflow_env/lib/python3.9/site-packages/airflow/example_dags/example_branch_operator.py took 0.079 seconds
[2022-03-22 10:09:39,745] {processor.py:163} INFO - Started process (PID=84604) to work on /Users/louisekirkham/Documents/linkedin_learning/Ex_Files_Data_Engineering_Foundations/airflow_env/lib/python3.9/site-packages/airflow/example_dags/example_branch_operator.py
[2022-03-22 10:09:39,745] {processor.py:642} INFO - Processing file /Users/louisekirkham/Documents/linkedin_learning/Ex_Files_Data_Engineering_Foundations/airflow_env/lib/python3.9/site-packages/airflow/example_dags/example_branch_operator.py for tasks to queue
[2022-03-22 10:09:39,745] {logging_mixin.py:109} INFO - [2022-03-22 10:09:39,745] {dagbag.py:500} INFO - Filling up the DagBag from /Users/louisekirkham/Documents/linkedin_learning/Ex_Files_Data_Engineering_Foundations/airflow_env/lib/python3.9/site-packages/airflow/example_dags/example_branch_operator.py
[2022-03-22 10:09:39,784] {processor.py:654} INFO - DAG(s) dict_keys(['example_branch_operator']) retrieved from /Users/louisekirkham/Documents/linkedin_learning/Ex_Files_Data_Engineering_Foundations/airflow_env/lib/python3.9/site-packages/airflow/example_dags/example_branch_operator.py
[2022-03-22 10:09:39,801] {logging_mixin.py:109} INFO - [2022-03-22 10:09:39,801] {dag.py:2398} INFO - Sync 1 DAGs
[2022-03-22 10:09:39,809] {logging_mixin.py:109} INFO - [2022-03-22 10:09:39,809] {dag.py:2937} INFO - Setting next_dagrun for example_branch_operator to 2022-03-21 00:00:00+00:00
[2022-03-22 10:09:39,817] {processor.py:171} INFO - Processing /Users/louisekirkham/Documents/linkedin_learning/Ex_Files_Data_Engineering_Foundations/airflow_env/lib/python3.9/site-packages/airflow/example_dags/example_branch_operator.py took 0.073 seconds
[2022-03-22 10:11:07,591] {processor.py:163} INFO - Started process (PID=85163) to work on /Users/louisekirkham/Documents/linkedin_learning/Ex_Files_Data_Engineering_Foundations/airflow_env/lib/python3.9/site-packages/airflow/example_dags/example_branch_operator.py
[2022-03-22 10:11:07,591] {processor.py:642} INFO - Processing file /Users/louisekirkham/Documents/linkedin_learning/Ex_Files_Data_Engineering_Foundations/airflow_env/lib/python3.9/site-packages/airflow/example_dags/example_branch_operator.py for tasks to queue
[2022-03-22 10:11:07,592] {logging_mixin.py:109} INFO - [2022-03-22 10:11:07,592] {dagbag.py:500} INFO - Filling up the DagBag from /Users/louisekirkham/Documents/linkedin_learning/Ex_Files_Data_Engineering_Foundations/airflow_env/lib/python3.9/site-packages/airflow/example_dags/example_branch_operator.py
[2022-03-22 10:11:07,630] {processor.py:654} INFO - DAG(s) dict_keys(['example_branch_operator']) retrieved from /Users/louisekirkham/Documents/linkedin_learning/Ex_Files_Data_Engineering_Foundations/airflow_env/lib/python3.9/site-packages/airflow/example_dags/example_branch_operator.py
[2022-03-22 10:11:07,645] {logging_mixin.py:109} INFO - [2022-03-22 10:11:07,644] {dag.py:2398} INFO - Sync 1 DAGs
[2022-03-22 10:11:07,654] {logging_mixin.py:109} INFO - [2022-03-22 10:11:07,654] {dag.py:2937} INFO - Setting next_dagrun for example_branch_operator to 2022-03-21 00:00:00+00:00
[2022-03-22 10:11:07,660] {processor.py:171} INFO - Processing /Users/louisekirkham/Documents/linkedin_learning/Ex_Files_Data_Engineering_Foundations/airflow_env/lib/python3.9/site-packages/airflow/example_dags/example_branch_operator.py took 0.070 seconds
