[2022-03-22 09:54:34,464] {processor.py:163} INFO - Started process (PID=84116) to work on /Users/louisekirkham/Documents/linkedin_learning/Ex_Files_Data_Engineering_Foundations/airflow_env/lib/python3.9/site-packages/airflow/example_dags/example_subdag_operator.py
[2022-03-22 09:54:34,465] {processor.py:642} INFO - Processing file /Users/louisekirkham/Documents/linkedin_learning/Ex_Files_Data_Engineering_Foundations/airflow_env/lib/python3.9/site-packages/airflow/example_dags/example_subdag_operator.py for tasks to queue
[2022-03-22 09:54:34,465] {logging_mixin.py:109} INFO - [2022-03-22 09:54:34,465] {dagbag.py:500} INFO - Filling up the DagBag from /Users/louisekirkham/Documents/linkedin_learning/Ex_Files_Data_Engineering_Foundations/airflow_env/lib/python3.9/site-packages/airflow/example_dags/example_subdag_operator.py
[2022-03-22 09:54:34,498] {processor.py:654} INFO - DAG(s) dict_keys(['example_subdag_operator.section-1', 'example_subdag_operator.section-2', 'example_subdag_operator']) retrieved from /Users/louisekirkham/Documents/linkedin_learning/Ex_Files_Data_Engineering_Foundations/airflow_env/lib/python3.9/site-packages/airflow/example_dags/example_subdag_operator.py
[2022-03-22 09:54:34,697] {logging_mixin.py:109} INFO - [2022-03-22 09:54:34,697] {dag.py:2398} INFO - Sync 3 DAGs
[2022-03-22 09:54:34,707] {logging_mixin.py:109} INFO - [2022-03-22 09:54:34,707] {dag.py:2937} INFO - Setting next_dagrun for example_subdag_operator to 2022-03-20T00:00:00+00:00
[2022-03-22 09:54:34,707] {logging_mixin.py:109} INFO - [2022-03-22 09:54:34,707] {dag.py:2937} INFO - Setting next_dagrun for example_subdag_operator.section-1 to None
[2022-03-22 09:54:34,707] {logging_mixin.py:109} INFO - [2022-03-22 09:54:34,707] {dag.py:2937} INFO - Setting next_dagrun for example_subdag_operator.section-2 to None
[2022-03-22 09:54:34,714] {logging_mixin.py:109} INFO - [2022-03-22 09:54:34,714] {dag.py:2398} INFO - Sync 2 DAGs
[2022-03-22 09:54:34,719] {logging_mixin.py:109} INFO - [2022-03-22 09:54:34,719] {dag.py:2937} INFO - Setting next_dagrun for example_subdag_operator.section-1 to None
[2022-03-22 09:54:34,720] {logging_mixin.py:109} INFO - [2022-03-22 09:54:34,720] {dag.py:2937} INFO - Setting next_dagrun for example_subdag_operator.section-2 to None
[2022-03-22 09:54:34,727] {processor.py:171} INFO - Processing /Users/louisekirkham/Documents/linkedin_learning/Ex_Files_Data_Engineering_Foundations/airflow_env/lib/python3.9/site-packages/airflow/example_dags/example_subdag_operator.py took 0.264 seconds
[2022-03-22 10:05:41,019] {processor.py:163} INFO - Started process (PID=84251) to work on /Users/louisekirkham/Documents/linkedin_learning/Ex_Files_Data_Engineering_Foundations/airflow_env/lib/python3.9/site-packages/airflow/example_dags/example_subdag_operator.py
[2022-03-22 10:05:41,019] {processor.py:642} INFO - Processing file /Users/louisekirkham/Documents/linkedin_learning/Ex_Files_Data_Engineering_Foundations/airflow_env/lib/python3.9/site-packages/airflow/example_dags/example_subdag_operator.py for tasks to queue
[2022-03-22 10:05:41,020] {logging_mixin.py:109} INFO - [2022-03-22 10:05:41,019] {dagbag.py:500} INFO - Filling up the DagBag from /Users/louisekirkham/Documents/linkedin_learning/Ex_Files_Data_Engineering_Foundations/airflow_env/lib/python3.9/site-packages/airflow/example_dags/example_subdag_operator.py
[2022-03-22 10:05:41,052] {processor.py:654} INFO - DAG(s) dict_keys(['example_subdag_operator.section-1', 'example_subdag_operator.section-2', 'example_subdag_operator']) retrieved from /Users/louisekirkham/Documents/linkedin_learning/Ex_Files_Data_Engineering_Foundations/airflow_env/lib/python3.9/site-packages/airflow/example_dags/example_subdag_operator.py
[2022-03-22 10:05:41,067] {logging_mixin.py:109} INFO - [2022-03-22 10:05:41,067] {dag.py:2398} INFO - Sync 3 DAGs
[2022-03-22 10:05:41,074] {logging_mixin.py:109} INFO - [2022-03-22 10:05:41,074] {dag.py:2937} INFO - Setting next_dagrun for example_subdag_operator to 2022-03-20T00:00:00+00:00
[2022-03-22 10:05:41,074] {logging_mixin.py:109} INFO - [2022-03-22 10:05:41,074] {dag.py:2937} INFO - Setting next_dagrun for example_subdag_operator.section-1 to None
[2022-03-22 10:05:41,074] {logging_mixin.py:109} INFO - [2022-03-22 10:05:41,074] {dag.py:2937} INFO - Setting next_dagrun for example_subdag_operator.section-2 to None
[2022-03-22 10:05:41,077] {logging_mixin.py:109} INFO - [2022-03-22 10:05:41,077] {dag.py:2398} INFO - Sync 2 DAGs
[2022-03-22 10:05:41,082] {logging_mixin.py:109} INFO - [2022-03-22 10:05:41,082] {dag.py:2937} INFO - Setting next_dagrun for example_subdag_operator.section-1 to None
[2022-03-22 10:05:41,082] {logging_mixin.py:109} INFO - [2022-03-22 10:05:41,082] {dag.py:2937} INFO - Setting next_dagrun for example_subdag_operator.section-2 to None
[2022-03-22 10:05:41,088] {processor.py:171} INFO - Processing /Users/louisekirkham/Documents/linkedin_learning/Ex_Files_Data_Engineering_Foundations/airflow_env/lib/python3.9/site-packages/airflow/example_dags/example_subdag_operator.py took 0.070 seconds
[2022-03-22 10:07:21,501] {processor.py:163} INFO - Started process (PID=84454) to work on /Users/louisekirkham/Documents/linkedin_learning/Ex_Files_Data_Engineering_Foundations/airflow_env/lib/python3.9/site-packages/airflow/example_dags/example_subdag_operator.py
[2022-03-22 10:07:21,502] {processor.py:642} INFO - Processing file /Users/louisekirkham/Documents/linkedin_learning/Ex_Files_Data_Engineering_Foundations/airflow_env/lib/python3.9/site-packages/airflow/example_dags/example_subdag_operator.py for tasks to queue
[2022-03-22 10:07:21,502] {logging_mixin.py:109} INFO - [2022-03-22 10:07:21,502] {dagbag.py:500} INFO - Filling up the DagBag from /Users/louisekirkham/Documents/linkedin_learning/Ex_Files_Data_Engineering_Foundations/airflow_env/lib/python3.9/site-packages/airflow/example_dags/example_subdag_operator.py
[2022-03-22 10:07:21,533] {processor.py:654} INFO - DAG(s) dict_keys(['example_subdag_operator.section-1', 'example_subdag_operator.section-2', 'example_subdag_operator']) retrieved from /Users/louisekirkham/Documents/linkedin_learning/Ex_Files_Data_Engineering_Foundations/airflow_env/lib/python3.9/site-packages/airflow/example_dags/example_subdag_operator.py
[2022-03-22 10:07:21,548] {logging_mixin.py:109} INFO - [2022-03-22 10:07:21,547] {dag.py:2398} INFO - Sync 3 DAGs
[2022-03-22 10:07:21,555] {logging_mixin.py:109} INFO - [2022-03-22 10:07:21,555] {dag.py:2937} INFO - Setting next_dagrun for example_subdag_operator to 2022-03-20T00:00:00+00:00
[2022-03-22 10:07:21,555] {logging_mixin.py:109} INFO - [2022-03-22 10:07:21,555] {dag.py:2937} INFO - Setting next_dagrun for example_subdag_operator.section-1 to None
[2022-03-22 10:07:21,556] {logging_mixin.py:109} INFO - [2022-03-22 10:07:21,555] {dag.py:2937} INFO - Setting next_dagrun for example_subdag_operator.section-2 to None
[2022-03-22 10:07:21,558] {logging_mixin.py:109} INFO - [2022-03-22 10:07:21,558] {dag.py:2398} INFO - Sync 2 DAGs
[2022-03-22 10:07:21,563] {logging_mixin.py:109} INFO - [2022-03-22 10:07:21,563] {dag.py:2937} INFO - Setting next_dagrun for example_subdag_operator.section-1 to None
[2022-03-22 10:07:21,563] {logging_mixin.py:109} INFO - [2022-03-22 10:07:21,563] {dag.py:2937} INFO - Setting next_dagrun for example_subdag_operator.section-2 to None
[2022-03-22 10:07:21,568] {processor.py:171} INFO - Processing /Users/louisekirkham/Documents/linkedin_learning/Ex_Files_Data_Engineering_Foundations/airflow_env/lib/python3.9/site-packages/airflow/example_dags/example_subdag_operator.py took 0.067 seconds
[2022-03-22 10:08:54,437] {processor.py:163} INFO - Started process (PID=84551) to work on /Users/louisekirkham/Documents/linkedin_learning/Ex_Files_Data_Engineering_Foundations/airflow_env/lib/python3.9/site-packages/airflow/example_dags/example_subdag_operator.py
[2022-03-22 10:08:54,437] {processor.py:642} INFO - Processing file /Users/louisekirkham/Documents/linkedin_learning/Ex_Files_Data_Engineering_Foundations/airflow_env/lib/python3.9/site-packages/airflow/example_dags/example_subdag_operator.py for tasks to queue
[2022-03-22 10:08:54,437] {logging_mixin.py:109} INFO - [2022-03-22 10:08:54,437] {dagbag.py:500} INFO - Filling up the DagBag from /Users/louisekirkham/Documents/linkedin_learning/Ex_Files_Data_Engineering_Foundations/airflow_env/lib/python3.9/site-packages/airflow/example_dags/example_subdag_operator.py
[2022-03-22 10:08:54,470] {processor.py:654} INFO - DAG(s) dict_keys(['example_subdag_operator.section-1', 'example_subdag_operator.section-2', 'example_subdag_operator']) retrieved from /Users/louisekirkham/Documents/linkedin_learning/Ex_Files_Data_Engineering_Foundations/airflow_env/lib/python3.9/site-packages/airflow/example_dags/example_subdag_operator.py
[2022-03-22 10:08:54,484] {logging_mixin.py:109} INFO - [2022-03-22 10:08:54,484] {dag.py:2398} INFO - Sync 3 DAGs
[2022-03-22 10:08:54,492] {logging_mixin.py:109} INFO - [2022-03-22 10:08:54,492] {dag.py:2937} INFO - Setting next_dagrun for example_subdag_operator to 2022-03-20T00:00:00+00:00
[2022-03-22 10:08:54,492] {logging_mixin.py:109} INFO - [2022-03-22 10:08:54,492] {dag.py:2937} INFO - Setting next_dagrun for example_subdag_operator.section-1 to None
[2022-03-22 10:08:54,492] {logging_mixin.py:109} INFO - [2022-03-22 10:08:54,492] {dag.py:2937} INFO - Setting next_dagrun for example_subdag_operator.section-2 to None
[2022-03-22 10:08:54,495] {logging_mixin.py:109} INFO - [2022-03-22 10:08:54,495] {dag.py:2398} INFO - Sync 2 DAGs
[2022-03-22 10:08:54,499] {logging_mixin.py:109} INFO - [2022-03-22 10:08:54,499] {dag.py:2937} INFO - Setting next_dagrun for example_subdag_operator.section-1 to None
[2022-03-22 10:08:54,499] {logging_mixin.py:109} INFO - [2022-03-22 10:08:54,499] {dag.py:2937} INFO - Setting next_dagrun for example_subdag_operator.section-2 to None
[2022-03-22 10:08:54,505] {processor.py:171} INFO - Processing /Users/louisekirkham/Documents/linkedin_learning/Ex_Files_Data_Engineering_Foundations/airflow_env/lib/python3.9/site-packages/airflow/example_dags/example_subdag_operator.py took 0.069 seconds
[2022-03-22 10:10:23,349] {processor.py:163} INFO - Started process (PID=85084) to work on /Users/louisekirkham/Documents/linkedin_learning/Ex_Files_Data_Engineering_Foundations/airflow_env/lib/python3.9/site-packages/airflow/example_dags/example_subdag_operator.py
[2022-03-22 10:10:23,349] {processor.py:642} INFO - Processing file /Users/louisekirkham/Documents/linkedin_learning/Ex_Files_Data_Engineering_Foundations/airflow_env/lib/python3.9/site-packages/airflow/example_dags/example_subdag_operator.py for tasks to queue
[2022-03-22 10:10:23,349] {logging_mixin.py:109} INFO - [2022-03-22 10:10:23,349] {dagbag.py:500} INFO - Filling up the DagBag from /Users/louisekirkham/Documents/linkedin_learning/Ex_Files_Data_Engineering_Foundations/airflow_env/lib/python3.9/site-packages/airflow/example_dags/example_subdag_operator.py
[2022-03-22 10:10:23,381] {processor.py:654} INFO - DAG(s) dict_keys(['example_subdag_operator.section-1', 'example_subdag_operator.section-2', 'example_subdag_operator']) retrieved from /Users/louisekirkham/Documents/linkedin_learning/Ex_Files_Data_Engineering_Foundations/airflow_env/lib/python3.9/site-packages/airflow/example_dags/example_subdag_operator.py
[2022-03-22 10:10:23,395] {logging_mixin.py:109} INFO - [2022-03-22 10:10:23,395] {dag.py:2398} INFO - Sync 3 DAGs
[2022-03-22 10:10:23,403] {logging_mixin.py:109} INFO - [2022-03-22 10:10:23,403] {dag.py:2937} INFO - Setting next_dagrun for example_subdag_operator to 2022-03-20T00:00:00+00:00
[2022-03-22 10:10:23,404] {logging_mixin.py:109} INFO - [2022-03-22 10:10:23,404] {dag.py:2937} INFO - Setting next_dagrun for example_subdag_operator.section-1 to None
[2022-03-22 10:10:23,404] {logging_mixin.py:109} INFO - [2022-03-22 10:10:23,404] {dag.py:2937} INFO - Setting next_dagrun for example_subdag_operator.section-2 to None
[2022-03-22 10:10:23,408] {logging_mixin.py:109} INFO - [2022-03-22 10:10:23,407] {dag.py:2398} INFO - Sync 2 DAGs
[2022-03-22 10:10:23,414] {logging_mixin.py:109} INFO - [2022-03-22 10:10:23,414] {dag.py:2937} INFO - Setting next_dagrun for example_subdag_operator.section-1 to None
[2022-03-22 10:10:23,414] {logging_mixin.py:109} INFO - [2022-03-22 10:10:23,414] {dag.py:2937} INFO - Setting next_dagrun for example_subdag_operator.section-2 to None
[2022-03-22 10:10:23,419] {processor.py:171} INFO - Processing /Users/louisekirkham/Documents/linkedin_learning/Ex_Files_Data_Engineering_Foundations/airflow_env/lib/python3.9/site-packages/airflow/example_dags/example_subdag_operator.py took 0.072 seconds
[2022-03-22 10:12:01,192] {processor.py:163} INFO - Started process (PID=85841) to work on /Users/louisekirkham/Documents/linkedin_learning/Ex_Files_Data_Engineering_Foundations/airflow_env/lib/python3.9/site-packages/airflow/example_dags/example_subdag_operator.py
[2022-03-22 10:12:01,193] {processor.py:642} INFO - Processing file /Users/louisekirkham/Documents/linkedin_learning/Ex_Files_Data_Engineering_Foundations/airflow_env/lib/python3.9/site-packages/airflow/example_dags/example_subdag_operator.py for tasks to queue
[2022-03-22 10:12:01,193] {logging_mixin.py:109} INFO - [2022-03-22 10:12:01,193] {dagbag.py:500} INFO - Filling up the DagBag from /Users/louisekirkham/Documents/linkedin_learning/Ex_Files_Data_Engineering_Foundations/airflow_env/lib/python3.9/site-packages/airflow/example_dags/example_subdag_operator.py
[2022-03-22 10:12:01,241] {processor.py:654} INFO - DAG(s) dict_keys(['example_subdag_operator.section-1', 'example_subdag_operator.section-2', 'example_subdag_operator']) retrieved from /Users/louisekirkham/Documents/linkedin_learning/Ex_Files_Data_Engineering_Foundations/airflow_env/lib/python3.9/site-packages/airflow/example_dags/example_subdag_operator.py
[2022-03-22 10:12:01,263] {logging_mixin.py:109} INFO - [2022-03-22 10:12:01,263] {dag.py:2398} INFO - Sync 3 DAGs
[2022-03-22 10:12:01,275] {logging_mixin.py:109} INFO - [2022-03-22 10:12:01,275] {dag.py:2937} INFO - Setting next_dagrun for example_subdag_operator to 2022-03-20T00:00:00+00:00
[2022-03-22 10:12:01,275] {logging_mixin.py:109} INFO - [2022-03-22 10:12:01,275] {dag.py:2937} INFO - Setting next_dagrun for example_subdag_operator.section-1 to None
[2022-03-22 10:12:01,275] {logging_mixin.py:109} INFO - [2022-03-22 10:12:01,275] {dag.py:2937} INFO - Setting next_dagrun for example_subdag_operator.section-2 to None
[2022-03-22 10:12:01,283] {logging_mixin.py:109} INFO - [2022-03-22 10:12:01,283] {dag.py:2398} INFO - Sync 2 DAGs
[2022-03-22 10:12:01,298] {logging_mixin.py:109} INFO - [2022-03-22 10:12:01,298] {dag.py:2937} INFO - Setting next_dagrun for example_subdag_operator.section-1 to None
[2022-03-22 10:12:01,299] {logging_mixin.py:109} INFO - [2022-03-22 10:12:01,299] {dag.py:2937} INFO - Setting next_dagrun for example_subdag_operator.section-2 to None
[2022-03-22 10:12:01,306] {processor.py:171} INFO - Processing /Users/louisekirkham/Documents/linkedin_learning/Ex_Files_Data_Engineering_Foundations/airflow_env/lib/python3.9/site-packages/airflow/example_dags/example_subdag_operator.py took 0.115 seconds
