[2022-03-22 09:54:36,788] {processor.py:163} INFO - Started process (PID=84118) to work on /Users/louisekirkham/Documents/linkedin_learning/Ex_Files_Data_Engineering_Foundations/airflow_env/lib/python3.9/site-packages/airflow/example_dags/example_sla_dag.py
[2022-03-22 09:54:36,788] {processor.py:642} INFO - Processing file /Users/louisekirkham/Documents/linkedin_learning/Ex_Files_Data_Engineering_Foundations/airflow_env/lib/python3.9/site-packages/airflow/example_dags/example_sla_dag.py for tasks to queue
[2022-03-22 09:54:36,788] {logging_mixin.py:109} INFO - [2022-03-22 09:54:36,788] {dagbag.py:500} INFO - Filling up the DagBag from /Users/louisekirkham/Documents/linkedin_learning/Ex_Files_Data_Engineering_Foundations/airflow_env/lib/python3.9/site-packages/airflow/example_dags/example_sla_dag.py
[2022-03-22 09:54:36,825] {processor.py:654} INFO - DAG(s) dict_keys(['example_sla_dag']) retrieved from /Users/louisekirkham/Documents/linkedin_learning/Ex_Files_Data_Engineering_Foundations/airflow_env/lib/python3.9/site-packages/airflow/example_dags/example_sla_dag.py
[2022-03-22 09:54:36,837] {logging_mixin.py:109} INFO - [2022-03-22 09:54:36,837] {dag.py:2398} INFO - Sync 1 DAGs
[2022-03-22 09:54:36,846] {logging_mixin.py:109} INFO - [2022-03-22 09:54:36,846] {dag.py:2937} INFO - Setting next_dagrun for example_sla_dag to 2022-03-22T09:52:00+00:00
[2022-03-22 09:54:36,852] {processor.py:171} INFO - Processing /Users/louisekirkham/Documents/linkedin_learning/Ex_Files_Data_Engineering_Foundations/airflow_env/lib/python3.9/site-packages/airflow/example_dags/example_sla_dag.py took 0.065 seconds
[2022-03-22 10:05:42,864] {processor.py:163} INFO - Started process (PID=84252) to work on /Users/louisekirkham/Documents/linkedin_learning/Ex_Files_Data_Engineering_Foundations/airflow_env/lib/python3.9/site-packages/airflow/example_dags/example_sla_dag.py
[2022-03-22 10:05:42,865] {processor.py:642} INFO - Processing file /Users/louisekirkham/Documents/linkedin_learning/Ex_Files_Data_Engineering_Foundations/airflow_env/lib/python3.9/site-packages/airflow/example_dags/example_sla_dag.py for tasks to queue
[2022-03-22 10:05:42,865] {logging_mixin.py:109} INFO - [2022-03-22 10:05:42,865] {dagbag.py:500} INFO - Filling up the DagBag from /Users/louisekirkham/Documents/linkedin_learning/Ex_Files_Data_Engineering_Foundations/airflow_env/lib/python3.9/site-packages/airflow/example_dags/example_sla_dag.py
[2022-03-22 10:05:42,903] {processor.py:654} INFO - DAG(s) dict_keys(['example_sla_dag']) retrieved from /Users/louisekirkham/Documents/linkedin_learning/Ex_Files_Data_Engineering_Foundations/airflow_env/lib/python3.9/site-packages/airflow/example_dags/example_sla_dag.py
[2022-03-22 10:05:42,917] {logging_mixin.py:109} INFO - [2022-03-22 10:05:42,917] {dag.py:2398} INFO - Sync 1 DAGs
[2022-03-22 10:05:42,926] {logging_mixin.py:109} INFO - [2022-03-22 10:05:42,926] {dag.py:2937} INFO - Setting next_dagrun for example_sla_dag to 2022-03-22T10:02:00+00:00
[2022-03-22 10:05:42,933] {processor.py:171} INFO - Processing /Users/louisekirkham/Documents/linkedin_learning/Ex_Files_Data_Engineering_Foundations/airflow_env/lib/python3.9/site-packages/airflow/example_dags/example_sla_dag.py took 0.069 seconds
[2022-03-22 10:07:23,665] {processor.py:163} INFO - Started process (PID=84455) to work on /Users/louisekirkham/Documents/linkedin_learning/Ex_Files_Data_Engineering_Foundations/airflow_env/lib/python3.9/site-packages/airflow/example_dags/example_sla_dag.py
[2022-03-22 10:07:23,665] {processor.py:642} INFO - Processing file /Users/louisekirkham/Documents/linkedin_learning/Ex_Files_Data_Engineering_Foundations/airflow_env/lib/python3.9/site-packages/airflow/example_dags/example_sla_dag.py for tasks to queue
[2022-03-22 10:07:23,665] {logging_mixin.py:109} INFO - [2022-03-22 10:07:23,665] {dagbag.py:500} INFO - Filling up the DagBag from /Users/louisekirkham/Documents/linkedin_learning/Ex_Files_Data_Engineering_Foundations/airflow_env/lib/python3.9/site-packages/airflow/example_dags/example_sla_dag.py
[2022-03-22 10:07:23,704] {processor.py:654} INFO - DAG(s) dict_keys(['example_sla_dag']) retrieved from /Users/louisekirkham/Documents/linkedin_learning/Ex_Files_Data_Engineering_Foundations/airflow_env/lib/python3.9/site-packages/airflow/example_dags/example_sla_dag.py
[2022-03-22 10:07:23,718] {logging_mixin.py:109} INFO - [2022-03-22 10:07:23,717] {dag.py:2398} INFO - Sync 1 DAGs
[2022-03-22 10:07:23,727] {logging_mixin.py:109} INFO - [2022-03-22 10:07:23,727] {dag.py:2937} INFO - Setting next_dagrun for example_sla_dag to 2022-03-22T10:04:00+00:00
[2022-03-22 10:07:23,734] {processor.py:171} INFO - Processing /Users/louisekirkham/Documents/linkedin_learning/Ex_Files_Data_Engineering_Foundations/airflow_env/lib/python3.9/site-packages/airflow/example_dags/example_sla_dag.py took 0.070 seconds
[2022-03-22 10:08:56,605] {processor.py:163} INFO - Started process (PID=84552) to work on /Users/louisekirkham/Documents/linkedin_learning/Ex_Files_Data_Engineering_Foundations/airflow_env/lib/python3.9/site-packages/airflow/example_dags/example_sla_dag.py
[2022-03-22 10:08:56,605] {processor.py:642} INFO - Processing file /Users/louisekirkham/Documents/linkedin_learning/Ex_Files_Data_Engineering_Foundations/airflow_env/lib/python3.9/site-packages/airflow/example_dags/example_sla_dag.py for tasks to queue
[2022-03-22 10:08:56,605] {logging_mixin.py:109} INFO - [2022-03-22 10:08:56,605] {dagbag.py:500} INFO - Filling up the DagBag from /Users/louisekirkham/Documents/linkedin_learning/Ex_Files_Data_Engineering_Foundations/airflow_env/lib/python3.9/site-packages/airflow/example_dags/example_sla_dag.py
[2022-03-22 10:08:56,643] {processor.py:654} INFO - DAG(s) dict_keys(['example_sla_dag']) retrieved from /Users/louisekirkham/Documents/linkedin_learning/Ex_Files_Data_Engineering_Foundations/airflow_env/lib/python3.9/site-packages/airflow/example_dags/example_sla_dag.py
[2022-03-22 10:08:56,656] {logging_mixin.py:109} INFO - [2022-03-22 10:08:56,656] {dag.py:2398} INFO - Sync 1 DAGs
[2022-03-22 10:08:56,665] {logging_mixin.py:109} INFO - [2022-03-22 10:08:56,665] {dag.py:2937} INFO - Setting next_dagrun for example_sla_dag to 2022-03-22T10:06:00+00:00
[2022-03-22 10:08:56,672] {processor.py:171} INFO - Processing /Users/louisekirkham/Documents/linkedin_learning/Ex_Files_Data_Engineering_Foundations/airflow_env/lib/python3.9/site-packages/airflow/example_dags/example_sla_dag.py took 0.068 seconds
[2022-03-22 10:10:25,413] {processor.py:163} INFO - Started process (PID=85085) to work on /Users/louisekirkham/Documents/linkedin_learning/Ex_Files_Data_Engineering_Foundations/airflow_env/lib/python3.9/site-packages/airflow/example_dags/example_sla_dag.py
[2022-03-22 10:10:25,413] {processor.py:642} INFO - Processing file /Users/louisekirkham/Documents/linkedin_learning/Ex_Files_Data_Engineering_Foundations/airflow_env/lib/python3.9/site-packages/airflow/example_dags/example_sla_dag.py for tasks to queue
[2022-03-22 10:10:25,414] {logging_mixin.py:109} INFO - [2022-03-22 10:10:25,414] {dagbag.py:500} INFO - Filling up the DagBag from /Users/louisekirkham/Documents/linkedin_learning/Ex_Files_Data_Engineering_Foundations/airflow_env/lib/python3.9/site-packages/airflow/example_dags/example_sla_dag.py
[2022-03-22 10:10:25,450] {processor.py:654} INFO - DAG(s) dict_keys(['example_sla_dag']) retrieved from /Users/louisekirkham/Documents/linkedin_learning/Ex_Files_Data_Engineering_Foundations/airflow_env/lib/python3.9/site-packages/airflow/example_dags/example_sla_dag.py
[2022-03-22 10:10:25,463] {logging_mixin.py:109} INFO - [2022-03-22 10:10:25,463] {dag.py:2398} INFO - Sync 1 DAGs
[2022-03-22 10:10:25,472] {logging_mixin.py:109} INFO - [2022-03-22 10:10:25,472] {dag.py:2937} INFO - Setting next_dagrun for example_sla_dag to 2022-03-22T10:08:00+00:00
[2022-03-22 10:10:25,479] {processor.py:171} INFO - Processing /Users/louisekirkham/Documents/linkedin_learning/Ex_Files_Data_Engineering_Foundations/airflow_env/lib/python3.9/site-packages/airflow/example_dags/example_sla_dag.py took 0.066 seconds
[2022-03-22 10:12:03,794] {processor.py:163} INFO - Started process (PID=85842) to work on /Users/louisekirkham/Documents/linkedin_learning/Ex_Files_Data_Engineering_Foundations/airflow_env/lib/python3.9/site-packages/airflow/example_dags/example_sla_dag.py
[2022-03-22 10:12:03,795] {processor.py:642} INFO - Processing file /Users/louisekirkham/Documents/linkedin_learning/Ex_Files_Data_Engineering_Foundations/airflow_env/lib/python3.9/site-packages/airflow/example_dags/example_sla_dag.py for tasks to queue
[2022-03-22 10:12:03,796] {logging_mixin.py:109} INFO - [2022-03-22 10:12:03,796] {dagbag.py:500} INFO - Filling up the DagBag from /Users/louisekirkham/Documents/linkedin_learning/Ex_Files_Data_Engineering_Foundations/airflow_env/lib/python3.9/site-packages/airflow/example_dags/example_sla_dag.py
[2022-03-22 10:12:03,853] {processor.py:654} INFO - DAG(s) dict_keys(['example_sla_dag']) retrieved from /Users/louisekirkham/Documents/linkedin_learning/Ex_Files_Data_Engineering_Foundations/airflow_env/lib/python3.9/site-packages/airflow/example_dags/example_sla_dag.py
[2022-03-22 10:12:03,877] {logging_mixin.py:109} INFO - [2022-03-22 10:12:03,877] {dag.py:2398} INFO - Sync 1 DAGs
[2022-03-22 10:12:03,890] {logging_mixin.py:109} INFO - [2022-03-22 10:12:03,890] {dag.py:2937} INFO - Setting next_dagrun for example_sla_dag to 2022-03-22T10:10:00+00:00
[2022-03-22 10:12:03,899] {processor.py:171} INFO - Processing /Users/louisekirkham/Documents/linkedin_learning/Ex_Files_Data_Engineering_Foundations/airflow_env/lib/python3.9/site-packages/airflow/example_dags/example_sla_dag.py took 0.106 seconds
