[2022-03-22 09:55:10,477] {processor.py:163} INFO - Started process (PID=84150) to work on /Users/louisekirkham/Documents/linkedin_learning/Ex_Files_Data_Engineering_Foundations/airflow_env/lib/python3.9/site-packages/airflow/example_dags/example_branch_day_of_week_operator.py
[2022-03-22 09:55:10,478] {processor.py:642} INFO - Processing file /Users/louisekirkham/Documents/linkedin_learning/Ex_Files_Data_Engineering_Foundations/airflow_env/lib/python3.9/site-packages/airflow/example_dags/example_branch_day_of_week_operator.py for tasks to queue
[2022-03-22 09:55:10,479] {logging_mixin.py:109} INFO - [2022-03-22 09:55:10,479] {dagbag.py:500} INFO - Filling up the DagBag from /Users/louisekirkham/Documents/linkedin_learning/Ex_Files_Data_Engineering_Foundations/airflow_env/lib/python3.9/site-packages/airflow/example_dags/example_branch_day_of_week_operator.py
[2022-03-22 09:55:10,523] {processor.py:654} INFO - DAG(s) dict_keys(['example_weekday_branch_operator']) retrieved from /Users/louisekirkham/Documents/linkedin_learning/Ex_Files_Data_Engineering_Foundations/airflow_env/lib/python3.9/site-packages/airflow/example_dags/example_branch_day_of_week_operator.py
[2022-03-22 09:55:10,537] {logging_mixin.py:109} INFO - [2022-03-22 09:55:10,537] {dag.py:2398} INFO - Sync 1 DAGs
[2022-03-22 09:55:10,545] {logging_mixin.py:109} INFO - [2022-03-22 09:55:10,545] {dag.py:2937} INFO - Setting next_dagrun for example_weekday_branch_operator to 2022-03-21 00:00:00+00:00
[2022-03-22 09:55:10,552] {processor.py:171} INFO - Processing /Users/louisekirkham/Documents/linkedin_learning/Ex_Files_Data_Engineering_Foundations/airflow_env/lib/python3.9/site-packages/airflow/example_dags/example_branch_day_of_week_operator.py took 0.077 seconds
[2022-03-22 10:06:38,347] {processor.py:163} INFO - Started process (PID=84400) to work on /Users/louisekirkham/Documents/linkedin_learning/Ex_Files_Data_Engineering_Foundations/airflow_env/lib/python3.9/site-packages/airflow/example_dags/example_branch_day_of_week_operator.py
[2022-03-22 10:06:38,347] {processor.py:642} INFO - Processing file /Users/louisekirkham/Documents/linkedin_learning/Ex_Files_Data_Engineering_Foundations/airflow_env/lib/python3.9/site-packages/airflow/example_dags/example_branch_day_of_week_operator.py for tasks to queue
[2022-03-22 10:06:38,347] {logging_mixin.py:109} INFO - [2022-03-22 10:06:38,347] {dagbag.py:500} INFO - Filling up the DagBag from /Users/louisekirkham/Documents/linkedin_learning/Ex_Files_Data_Engineering_Foundations/airflow_env/lib/python3.9/site-packages/airflow/example_dags/example_branch_day_of_week_operator.py
[2022-03-22 10:06:38,375] {processor.py:654} INFO - DAG(s) dict_keys(['example_weekday_branch_operator']) retrieved from /Users/louisekirkham/Documents/linkedin_learning/Ex_Files_Data_Engineering_Foundations/airflow_env/lib/python3.9/site-packages/airflow/example_dags/example_branch_day_of_week_operator.py
[2022-03-22 10:06:38,387] {logging_mixin.py:109} INFO - [2022-03-22 10:06:38,387] {dag.py:2398} INFO - Sync 1 DAGs
[2022-03-22 10:06:38,395] {logging_mixin.py:109} INFO - [2022-03-22 10:06:38,395] {dag.py:2937} INFO - Setting next_dagrun for example_weekday_branch_operator to 2022-03-21 00:00:00+00:00
[2022-03-22 10:06:38,402] {processor.py:171} INFO - Processing /Users/louisekirkham/Documents/linkedin_learning/Ex_Files_Data_Engineering_Foundations/airflow_env/lib/python3.9/site-packages/airflow/example_dags/example_branch_day_of_week_operator.py took 0.055 seconds
[2022-03-22 10:08:13,414] {processor.py:163} INFO - Started process (PID=84503) to work on /Users/louisekirkham/Documents/linkedin_learning/Ex_Files_Data_Engineering_Foundations/airflow_env/lib/python3.9/site-packages/airflow/example_dags/example_branch_day_of_week_operator.py
[2022-03-22 10:08:13,415] {processor.py:642} INFO - Processing file /Users/louisekirkham/Documents/linkedin_learning/Ex_Files_Data_Engineering_Foundations/airflow_env/lib/python3.9/site-packages/airflow/example_dags/example_branch_day_of_week_operator.py for tasks to queue
[2022-03-22 10:08:13,415] {logging_mixin.py:109} INFO - [2022-03-22 10:08:13,415] {dagbag.py:500} INFO - Filling up the DagBag from /Users/louisekirkham/Documents/linkedin_learning/Ex_Files_Data_Engineering_Foundations/airflow_env/lib/python3.9/site-packages/airflow/example_dags/example_branch_day_of_week_operator.py
[2022-03-22 10:08:13,449] {processor.py:654} INFO - DAG(s) dict_keys(['example_weekday_branch_operator']) retrieved from /Users/louisekirkham/Documents/linkedin_learning/Ex_Files_Data_Engineering_Foundations/airflow_env/lib/python3.9/site-packages/airflow/example_dags/example_branch_day_of_week_operator.py
[2022-03-22 10:08:13,463] {logging_mixin.py:109} INFO - [2022-03-22 10:08:13,463] {dag.py:2398} INFO - Sync 1 DAGs
[2022-03-22 10:08:13,472] {logging_mixin.py:109} INFO - [2022-03-22 10:08:13,472] {dag.py:2937} INFO - Setting next_dagrun for example_weekday_branch_operator to 2022-03-21 00:00:00+00:00
[2022-03-22 10:08:13,479] {processor.py:171} INFO - Processing /Users/louisekirkham/Documents/linkedin_learning/Ex_Files_Data_Engineering_Foundations/airflow_env/lib/python3.9/site-packages/airflow/example_dags/example_branch_day_of_week_operator.py took 0.065 seconds
[2022-03-22 10:09:43,834] {processor.py:163} INFO - Started process (PID=84606) to work on /Users/louisekirkham/Documents/linkedin_learning/Ex_Files_Data_Engineering_Foundations/airflow_env/lib/python3.9/site-packages/airflow/example_dags/example_branch_day_of_week_operator.py
[2022-03-22 10:09:43,834] {processor.py:642} INFO - Processing file /Users/louisekirkham/Documents/linkedin_learning/Ex_Files_Data_Engineering_Foundations/airflow_env/lib/python3.9/site-packages/airflow/example_dags/example_branch_day_of_week_operator.py for tasks to queue
[2022-03-22 10:09:43,835] {logging_mixin.py:109} INFO - [2022-03-22 10:09:43,835] {dagbag.py:500} INFO - Filling up the DagBag from /Users/louisekirkham/Documents/linkedin_learning/Ex_Files_Data_Engineering_Foundations/airflow_env/lib/python3.9/site-packages/airflow/example_dags/example_branch_day_of_week_operator.py
[2022-03-22 10:09:43,867] {processor.py:654} INFO - DAG(s) dict_keys(['example_weekday_branch_operator']) retrieved from /Users/louisekirkham/Documents/linkedin_learning/Ex_Files_Data_Engineering_Foundations/airflow_env/lib/python3.9/site-packages/airflow/example_dags/example_branch_day_of_week_operator.py
[2022-03-22 10:09:43,882] {logging_mixin.py:109} INFO - [2022-03-22 10:09:43,882] {dag.py:2398} INFO - Sync 1 DAGs
[2022-03-22 10:09:43,893] {logging_mixin.py:109} INFO - [2022-03-22 10:09:43,893] {dag.py:2937} INFO - Setting next_dagrun for example_weekday_branch_operator to 2022-03-21 00:00:00+00:00
[2022-03-22 10:09:43,902] {processor.py:171} INFO - Processing /Users/louisekirkham/Documents/linkedin_learning/Ex_Files_Data_Engineering_Foundations/airflow_env/lib/python3.9/site-packages/airflow/example_dags/example_branch_day_of_week_operator.py took 0.068 seconds
[2022-03-22 10:11:11,646] {processor.py:163} INFO - Started process (PID=85166) to work on /Users/louisekirkham/Documents/linkedin_learning/Ex_Files_Data_Engineering_Foundations/airflow_env/lib/python3.9/site-packages/airflow/example_dags/example_branch_day_of_week_operator.py
[2022-03-22 10:11:11,647] {processor.py:642} INFO - Processing file /Users/louisekirkham/Documents/linkedin_learning/Ex_Files_Data_Engineering_Foundations/airflow_env/lib/python3.9/site-packages/airflow/example_dags/example_branch_day_of_week_operator.py for tasks to queue
[2022-03-22 10:11:11,647] {logging_mixin.py:109} INFO - [2022-03-22 10:11:11,647] {dagbag.py:500} INFO - Filling up the DagBag from /Users/louisekirkham/Documents/linkedin_learning/Ex_Files_Data_Engineering_Foundations/airflow_env/lib/python3.9/site-packages/airflow/example_dags/example_branch_day_of_week_operator.py
[2022-03-22 10:11:11,686] {processor.py:654} INFO - DAG(s) dict_keys(['example_weekday_branch_operator']) retrieved from /Users/louisekirkham/Documents/linkedin_learning/Ex_Files_Data_Engineering_Foundations/airflow_env/lib/python3.9/site-packages/airflow/example_dags/example_branch_day_of_week_operator.py
[2022-03-22 10:11:11,711] {logging_mixin.py:109} INFO - [2022-03-22 10:11:11,711] {dag.py:2398} INFO - Sync 1 DAGs
[2022-03-22 10:11:11,724] {logging_mixin.py:109} INFO - [2022-03-22 10:11:11,724] {dag.py:2937} INFO - Setting next_dagrun for example_weekday_branch_operator to 2022-03-21 00:00:00+00:00
[2022-03-22 10:11:11,731] {processor.py:171} INFO - Processing /Users/louisekirkham/Documents/linkedin_learning/Ex_Files_Data_Engineering_Foundations/airflow_env/lib/python3.9/site-packages/airflow/example_dags/example_branch_day_of_week_operator.py took 0.086 seconds
