[2022-03-22 09:54:23,179] {processor.py:163} INFO - Started process (PID=84104) to work on /Users/louisekirkham/Documents/linkedin_learning/Ex_Files_Data_Engineering_Foundations/airflow_env/lib/python3.9/site-packages/airflow/example_dags/example_trigger_target_dag.py
[2022-03-22 09:54:23,180] {processor.py:642} INFO - Processing file /Users/louisekirkham/Documents/linkedin_learning/Ex_Files_Data_Engineering_Foundations/airflow_env/lib/python3.9/site-packages/airflow/example_dags/example_trigger_target_dag.py for tasks to queue
[2022-03-22 09:54:23,180] {logging_mixin.py:109} INFO - [2022-03-22 09:54:23,180] {dagbag.py:500} INFO - Filling up the DagBag from /Users/louisekirkham/Documents/linkedin_learning/Ex_Files_Data_Engineering_Foundations/airflow_env/lib/python3.9/site-packages/airflow/example_dags/example_trigger_target_dag.py
[2022-03-22 09:54:23,221] {processor.py:654} INFO - DAG(s) dict_keys(['example_trigger_target_dag']) retrieved from /Users/louisekirkham/Documents/linkedin_learning/Ex_Files_Data_Engineering_Foundations/airflow_env/lib/python3.9/site-packages/airflow/example_dags/example_trigger_target_dag.py
[2022-03-22 09:54:23,236] {logging_mixin.py:109} INFO - [2022-03-22 09:54:23,236] {dag.py:2398} INFO - Sync 1 DAGs
[2022-03-22 09:54:23,245] {logging_mixin.py:109} INFO - [2022-03-22 09:54:23,245] {dag.py:2937} INFO - Setting next_dagrun for example_trigger_target_dag to None
[2022-03-22 09:54:23,252] {processor.py:171} INFO - Processing /Users/louisekirkham/Documents/linkedin_learning/Ex_Files_Data_Engineering_Foundations/airflow_env/lib/python3.9/site-packages/airflow/example_dags/example_trigger_target_dag.py took 0.073 seconds
[2022-03-22 10:05:29,468] {processor.py:163} INFO - Started process (PID=84235) to work on /Users/louisekirkham/Documents/linkedin_learning/Ex_Files_Data_Engineering_Foundations/airflow_env/lib/python3.9/site-packages/airflow/example_dags/example_trigger_target_dag.py
[2022-03-22 10:05:29,469] {processor.py:642} INFO - Processing file /Users/louisekirkham/Documents/linkedin_learning/Ex_Files_Data_Engineering_Foundations/airflow_env/lib/python3.9/site-packages/airflow/example_dags/example_trigger_target_dag.py for tasks to queue
[2022-03-22 10:05:29,469] {logging_mixin.py:109} INFO - [2022-03-22 10:05:29,469] {dagbag.py:500} INFO - Filling up the DagBag from /Users/louisekirkham/Documents/linkedin_learning/Ex_Files_Data_Engineering_Foundations/airflow_env/lib/python3.9/site-packages/airflow/example_dags/example_trigger_target_dag.py
[2022-03-22 10:05:29,519] {processor.py:654} INFO - DAG(s) dict_keys(['example_trigger_target_dag']) retrieved from /Users/louisekirkham/Documents/linkedin_learning/Ex_Files_Data_Engineering_Foundations/airflow_env/lib/python3.9/site-packages/airflow/example_dags/example_trigger_target_dag.py
[2022-03-22 10:05:29,536] {logging_mixin.py:109} INFO - [2022-03-22 10:05:29,535] {dag.py:2398} INFO - Sync 1 DAGs
[2022-03-22 10:05:29,545] {logging_mixin.py:109} INFO - [2022-03-22 10:05:29,545] {dag.py:2937} INFO - Setting next_dagrun for example_trigger_target_dag to None
[2022-03-22 10:05:29,555] {processor.py:171} INFO - Processing /Users/louisekirkham/Documents/linkedin_learning/Ex_Files_Data_Engineering_Foundations/airflow_env/lib/python3.9/site-packages/airflow/example_dags/example_trigger_target_dag.py took 0.088 seconds
[2022-03-22 10:07:11,991] {processor.py:163} INFO - Started process (PID=84448) to work on /Users/louisekirkham/Documents/linkedin_learning/Ex_Files_Data_Engineering_Foundations/airflow_env/lib/python3.9/site-packages/airflow/example_dags/example_trigger_target_dag.py
[2022-03-22 10:07:11,992] {processor.py:642} INFO - Processing file /Users/louisekirkham/Documents/linkedin_learning/Ex_Files_Data_Engineering_Foundations/airflow_env/lib/python3.9/site-packages/airflow/example_dags/example_trigger_target_dag.py for tasks to queue
[2022-03-22 10:07:11,993] {logging_mixin.py:109} INFO - [2022-03-22 10:07:11,993] {dagbag.py:500} INFO - Filling up the DagBag from /Users/louisekirkham/Documents/linkedin_learning/Ex_Files_Data_Engineering_Foundations/airflow_env/lib/python3.9/site-packages/airflow/example_dags/example_trigger_target_dag.py
[2022-03-22 10:07:12,051] {processor.py:654} INFO - DAG(s) dict_keys(['example_trigger_target_dag']) retrieved from /Users/louisekirkham/Documents/linkedin_learning/Ex_Files_Data_Engineering_Foundations/airflow_env/lib/python3.9/site-packages/airflow/example_dags/example_trigger_target_dag.py
[2022-03-22 10:07:12,073] {logging_mixin.py:109} INFO - [2022-03-22 10:07:12,073] {dag.py:2398} INFO - Sync 1 DAGs
[2022-03-22 10:07:12,082] {logging_mixin.py:109} INFO - [2022-03-22 10:07:12,082] {dag.py:2937} INFO - Setting next_dagrun for example_trigger_target_dag to None
[2022-03-22 10:07:12,089] {processor.py:171} INFO - Processing /Users/louisekirkham/Documents/linkedin_learning/Ex_Files_Data_Engineering_Foundations/airflow_env/lib/python3.9/site-packages/airflow/example_dags/example_trigger_target_dag.py took 0.099 seconds
[2022-03-22 10:08:44,647] {processor.py:163} INFO - Started process (PID=84545) to work on /Users/louisekirkham/Documents/linkedin_learning/Ex_Files_Data_Engineering_Foundations/airflow_env/lib/python3.9/site-packages/airflow/example_dags/example_trigger_target_dag.py
[2022-03-22 10:08:44,647] {processor.py:642} INFO - Processing file /Users/louisekirkham/Documents/linkedin_learning/Ex_Files_Data_Engineering_Foundations/airflow_env/lib/python3.9/site-packages/airflow/example_dags/example_trigger_target_dag.py for tasks to queue
[2022-03-22 10:08:44,647] {logging_mixin.py:109} INFO - [2022-03-22 10:08:44,647] {dagbag.py:500} INFO - Filling up the DagBag from /Users/louisekirkham/Documents/linkedin_learning/Ex_Files_Data_Engineering_Foundations/airflow_env/lib/python3.9/site-packages/airflow/example_dags/example_trigger_target_dag.py
[2022-03-22 10:08:44,688] {processor.py:654} INFO - DAG(s) dict_keys(['example_trigger_target_dag']) retrieved from /Users/louisekirkham/Documents/linkedin_learning/Ex_Files_Data_Engineering_Foundations/airflow_env/lib/python3.9/site-packages/airflow/example_dags/example_trigger_target_dag.py
[2022-03-22 10:08:44,703] {logging_mixin.py:109} INFO - [2022-03-22 10:08:44,703] {dag.py:2398} INFO - Sync 1 DAGs
[2022-03-22 10:08:44,711] {logging_mixin.py:109} INFO - [2022-03-22 10:08:44,711] {dag.py:2937} INFO - Setting next_dagrun for example_trigger_target_dag to None
[2022-03-22 10:08:44,719] {processor.py:171} INFO - Processing /Users/louisekirkham/Documents/linkedin_learning/Ex_Files_Data_Engineering_Foundations/airflow_env/lib/python3.9/site-packages/airflow/example_dags/example_trigger_target_dag.py took 0.073 seconds
[2022-03-22 10:10:13,069] {processor.py:163} INFO - Started process (PID=85056) to work on /Users/louisekirkham/Documents/linkedin_learning/Ex_Files_Data_Engineering_Foundations/airflow_env/lib/python3.9/site-packages/airflow/example_dags/example_trigger_target_dag.py
[2022-03-22 10:10:13,069] {processor.py:642} INFO - Processing file /Users/louisekirkham/Documents/linkedin_learning/Ex_Files_Data_Engineering_Foundations/airflow_env/lib/python3.9/site-packages/airflow/example_dags/example_trigger_target_dag.py for tasks to queue
[2022-03-22 10:10:13,070] {logging_mixin.py:109} INFO - [2022-03-22 10:10:13,069] {dagbag.py:500} INFO - Filling up the DagBag from /Users/louisekirkham/Documents/linkedin_learning/Ex_Files_Data_Engineering_Foundations/airflow_env/lib/python3.9/site-packages/airflow/example_dags/example_trigger_target_dag.py
[2022-03-22 10:10:13,110] {processor.py:654} INFO - DAG(s) dict_keys(['example_trigger_target_dag']) retrieved from /Users/louisekirkham/Documents/linkedin_learning/Ex_Files_Data_Engineering_Foundations/airflow_env/lib/python3.9/site-packages/airflow/example_dags/example_trigger_target_dag.py
[2022-03-22 10:10:13,124] {logging_mixin.py:109} INFO - [2022-03-22 10:10:13,124] {dag.py:2398} INFO - Sync 1 DAGs
[2022-03-22 10:10:13,132] {logging_mixin.py:109} INFO - [2022-03-22 10:10:13,132] {dag.py:2937} INFO - Setting next_dagrun for example_trigger_target_dag to None
[2022-03-22 10:10:13,138] {processor.py:171} INFO - Processing /Users/louisekirkham/Documents/linkedin_learning/Ex_Files_Data_Engineering_Foundations/airflow_env/lib/python3.9/site-packages/airflow/example_dags/example_trigger_target_dag.py took 0.070 seconds
[2022-03-22 10:11:47,230] {processor.py:163} INFO - Started process (PID=85365) to work on /Users/louisekirkham/Documents/linkedin_learning/Ex_Files_Data_Engineering_Foundations/airflow_env/lib/python3.9/site-packages/airflow/example_dags/example_trigger_target_dag.py
[2022-03-22 10:11:47,230] {processor.py:642} INFO - Processing file /Users/louisekirkham/Documents/linkedin_learning/Ex_Files_Data_Engineering_Foundations/airflow_env/lib/python3.9/site-packages/airflow/example_dags/example_trigger_target_dag.py for tasks to queue
[2022-03-22 10:11:47,231] {logging_mixin.py:109} INFO - [2022-03-22 10:11:47,230] {dagbag.py:500} INFO - Filling up the DagBag from /Users/louisekirkham/Documents/linkedin_learning/Ex_Files_Data_Engineering_Foundations/airflow_env/lib/python3.9/site-packages/airflow/example_dags/example_trigger_target_dag.py
[2022-03-22 10:11:47,300] {processor.py:654} INFO - DAG(s) dict_keys(['example_trigger_target_dag']) retrieved from /Users/louisekirkham/Documents/linkedin_learning/Ex_Files_Data_Engineering_Foundations/airflow_env/lib/python3.9/site-packages/airflow/example_dags/example_trigger_target_dag.py
[2022-03-22 10:11:47,327] {logging_mixin.py:109} INFO - [2022-03-22 10:11:47,326] {dag.py:2398} INFO - Sync 1 DAGs
[2022-03-22 10:11:47,339] {logging_mixin.py:109} INFO - [2022-03-22 10:11:47,339] {dag.py:2937} INFO - Setting next_dagrun for example_trigger_target_dag to None
[2022-03-22 10:11:47,351] {processor.py:171} INFO - Processing /Users/louisekirkham/Documents/linkedin_learning/Ex_Files_Data_Engineering_Foundations/airflow_env/lib/python3.9/site-packages/airflow/example_dags/example_trigger_target_dag.py took 0.123 seconds
