[2022-03-22 09:54:44,352] {processor.py:163} INFO - Started process (PID=84124) to work on /Users/louisekirkham/Documents/linkedin_learning/Ex_Files_Data_Engineering_Foundations/airflow_env/lib/python3.9/site-packages/airflow/example_dags/example_python_operator.py
[2022-03-22 09:54:44,352] {processor.py:642} INFO - Processing file /Users/louisekirkham/Documents/linkedin_learning/Ex_Files_Data_Engineering_Foundations/airflow_env/lib/python3.9/site-packages/airflow/example_dags/example_python_operator.py for tasks to queue
[2022-03-22 09:54:44,353] {logging_mixin.py:109} INFO - [2022-03-22 09:54:44,353] {dagbag.py:500} INFO - Filling up the DagBag from /Users/louisekirkham/Documents/linkedin_learning/Ex_Files_Data_Engineering_Foundations/airflow_env/lib/python3.9/site-packages/airflow/example_dags/example_python_operator.py
[2022-03-22 09:54:44,405] {processor.py:654} INFO - DAG(s) dict_keys(['example_python_operator']) retrieved from /Users/louisekirkham/Documents/linkedin_learning/Ex_Files_Data_Engineering_Foundations/airflow_env/lib/python3.9/site-packages/airflow/example_dags/example_python_operator.py
[2022-03-22 09:54:44,423] {logging_mixin.py:109} INFO - [2022-03-22 09:54:44,423] {dag.py:2398} INFO - Sync 1 DAGs
[2022-03-22 09:54:44,434] {logging_mixin.py:109} INFO - [2022-03-22 09:54:44,434] {dag.py:2937} INFO - Setting next_dagrun for example_python_operator to None
[2022-03-22 09:54:44,443] {processor.py:171} INFO - Processing /Users/louisekirkham/Documents/linkedin_learning/Ex_Files_Data_Engineering_Foundations/airflow_env/lib/python3.9/site-packages/airflow/example_dags/example_python_operator.py took 0.092 seconds
[2022-03-22 10:05:49,008] {processor.py:163} INFO - Started process (PID=84265) to work on /Users/louisekirkham/Documents/linkedin_learning/Ex_Files_Data_Engineering_Foundations/airflow_env/lib/python3.9/site-packages/airflow/example_dags/example_python_operator.py
[2022-03-22 10:05:49,008] {processor.py:642} INFO - Processing file /Users/louisekirkham/Documents/linkedin_learning/Ex_Files_Data_Engineering_Foundations/airflow_env/lib/python3.9/site-packages/airflow/example_dags/example_python_operator.py for tasks to queue
[2022-03-22 10:05:49,008] {logging_mixin.py:109} INFO - [2022-03-22 10:05:49,008] {dagbag.py:500} INFO - Filling up the DagBag from /Users/louisekirkham/Documents/linkedin_learning/Ex_Files_Data_Engineering_Foundations/airflow_env/lib/python3.9/site-packages/airflow/example_dags/example_python_operator.py
[2022-03-22 10:05:49,047] {processor.py:654} INFO - DAG(s) dict_keys(['example_python_operator']) retrieved from /Users/louisekirkham/Documents/linkedin_learning/Ex_Files_Data_Engineering_Foundations/airflow_env/lib/python3.9/site-packages/airflow/example_dags/example_python_operator.py
[2022-03-22 10:05:49,062] {logging_mixin.py:109} INFO - [2022-03-22 10:05:49,061] {dag.py:2398} INFO - Sync 1 DAGs
[2022-03-22 10:05:49,069] {logging_mixin.py:109} INFO - [2022-03-22 10:05:49,068] {dag.py:2937} INFO - Setting next_dagrun for example_python_operator to None
[2022-03-22 10:05:49,075] {processor.py:171} INFO - Processing /Users/louisekirkham/Documents/linkedin_learning/Ex_Files_Data_Engineering_Foundations/airflow_env/lib/python3.9/site-packages/airflow/example_dags/example_python_operator.py took 0.068 seconds
[2022-03-22 10:07:29,912] {processor.py:163} INFO - Started process (PID=84459) to work on /Users/louisekirkham/Documents/linkedin_learning/Ex_Files_Data_Engineering_Foundations/airflow_env/lib/python3.9/site-packages/airflow/example_dags/example_python_operator.py
[2022-03-22 10:07:29,912] {processor.py:642} INFO - Processing file /Users/louisekirkham/Documents/linkedin_learning/Ex_Files_Data_Engineering_Foundations/airflow_env/lib/python3.9/site-packages/airflow/example_dags/example_python_operator.py for tasks to queue
[2022-03-22 10:07:29,912] {logging_mixin.py:109} INFO - [2022-03-22 10:07:29,912] {dagbag.py:500} INFO - Filling up the DagBag from /Users/louisekirkham/Documents/linkedin_learning/Ex_Files_Data_Engineering_Foundations/airflow_env/lib/python3.9/site-packages/airflow/example_dags/example_python_operator.py
[2022-03-22 10:07:29,949] {processor.py:654} INFO - DAG(s) dict_keys(['example_python_operator']) retrieved from /Users/louisekirkham/Documents/linkedin_learning/Ex_Files_Data_Engineering_Foundations/airflow_env/lib/python3.9/site-packages/airflow/example_dags/example_python_operator.py
[2022-03-22 10:07:29,963] {logging_mixin.py:109} INFO - [2022-03-22 10:07:29,963] {dag.py:2398} INFO - Sync 1 DAGs
[2022-03-22 10:07:29,969] {logging_mixin.py:109} INFO - [2022-03-22 10:07:29,969] {dag.py:2937} INFO - Setting next_dagrun for example_python_operator to None
[2022-03-22 10:07:29,976] {processor.py:171} INFO - Processing /Users/louisekirkham/Documents/linkedin_learning/Ex_Files_Data_Engineering_Foundations/airflow_env/lib/python3.9/site-packages/airflow/example_dags/example_python_operator.py took 0.065 seconds
[2022-03-22 10:09:02,795] {processor.py:163} INFO - Started process (PID=84555) to work on /Users/louisekirkham/Documents/linkedin_learning/Ex_Files_Data_Engineering_Foundations/airflow_env/lib/python3.9/site-packages/airflow/example_dags/example_python_operator.py
[2022-03-22 10:09:02,796] {processor.py:642} INFO - Processing file /Users/louisekirkham/Documents/linkedin_learning/Ex_Files_Data_Engineering_Foundations/airflow_env/lib/python3.9/site-packages/airflow/example_dags/example_python_operator.py for tasks to queue
[2022-03-22 10:09:02,796] {logging_mixin.py:109} INFO - [2022-03-22 10:09:02,796] {dagbag.py:500} INFO - Filling up the DagBag from /Users/louisekirkham/Documents/linkedin_learning/Ex_Files_Data_Engineering_Foundations/airflow_env/lib/python3.9/site-packages/airflow/example_dags/example_python_operator.py
[2022-03-22 10:09:02,836] {processor.py:654} INFO - DAG(s) dict_keys(['example_python_operator']) retrieved from /Users/louisekirkham/Documents/linkedin_learning/Ex_Files_Data_Engineering_Foundations/airflow_env/lib/python3.9/site-packages/airflow/example_dags/example_python_operator.py
[2022-03-22 10:09:02,850] {logging_mixin.py:109} INFO - [2022-03-22 10:09:02,849] {dag.py:2398} INFO - Sync 1 DAGs
[2022-03-22 10:09:02,856] {logging_mixin.py:109} INFO - [2022-03-22 10:09:02,856] {dag.py:2937} INFO - Setting next_dagrun for example_python_operator to None
[2022-03-22 10:09:02,863] {processor.py:171} INFO - Processing /Users/louisekirkham/Documents/linkedin_learning/Ex_Files_Data_Engineering_Foundations/airflow_env/lib/python3.9/site-packages/airflow/example_dags/example_python_operator.py took 0.068 seconds
[2022-03-22 10:10:31,242] {processor.py:163} INFO - Started process (PID=85100) to work on /Users/louisekirkham/Documents/linkedin_learning/Ex_Files_Data_Engineering_Foundations/airflow_env/lib/python3.9/site-packages/airflow/example_dags/example_python_operator.py
[2022-03-22 10:10:31,243] {processor.py:642} INFO - Processing file /Users/louisekirkham/Documents/linkedin_learning/Ex_Files_Data_Engineering_Foundations/airflow_env/lib/python3.9/site-packages/airflow/example_dags/example_python_operator.py for tasks to queue
[2022-03-22 10:10:31,243] {logging_mixin.py:109} INFO - [2022-03-22 10:10:31,243] {dagbag.py:500} INFO - Filling up the DagBag from /Users/louisekirkham/Documents/linkedin_learning/Ex_Files_Data_Engineering_Foundations/airflow_env/lib/python3.9/site-packages/airflow/example_dags/example_python_operator.py
[2022-03-22 10:10:31,285] {processor.py:654} INFO - DAG(s) dict_keys(['example_python_operator']) retrieved from /Users/louisekirkham/Documents/linkedin_learning/Ex_Files_Data_Engineering_Foundations/airflow_env/lib/python3.9/site-packages/airflow/example_dags/example_python_operator.py
[2022-03-22 10:10:31,301] {logging_mixin.py:109} INFO - [2022-03-22 10:10:31,301] {dag.py:2398} INFO - Sync 1 DAGs
[2022-03-22 10:10:31,309] {logging_mixin.py:109} INFO - [2022-03-22 10:10:31,309] {dag.py:2937} INFO - Setting next_dagrun for example_python_operator to None
[2022-03-22 10:10:31,315] {processor.py:171} INFO - Processing /Users/louisekirkham/Documents/linkedin_learning/Ex_Files_Data_Engineering_Foundations/airflow_env/lib/python3.9/site-packages/airflow/example_dags/example_python_operator.py took 0.073 seconds
[2022-03-22 10:12:11,831] {processor.py:163} INFO - Started process (PID=85847) to work on /Users/louisekirkham/Documents/linkedin_learning/Ex_Files_Data_Engineering_Foundations/airflow_env/lib/python3.9/site-packages/airflow/example_dags/example_python_operator.py
[2022-03-22 10:12:11,831] {processor.py:642} INFO - Processing file /Users/louisekirkham/Documents/linkedin_learning/Ex_Files_Data_Engineering_Foundations/airflow_env/lib/python3.9/site-packages/airflow/example_dags/example_python_operator.py for tasks to queue
[2022-03-22 10:12:11,832] {logging_mixin.py:109} INFO - [2022-03-22 10:12:11,832] {dagbag.py:500} INFO - Filling up the DagBag from /Users/louisekirkham/Documents/linkedin_learning/Ex_Files_Data_Engineering_Foundations/airflow_env/lib/python3.9/site-packages/airflow/example_dags/example_python_operator.py
[2022-03-22 10:12:11,909] {processor.py:654} INFO - DAG(s) dict_keys(['example_python_operator']) retrieved from /Users/louisekirkham/Documents/linkedin_learning/Ex_Files_Data_Engineering_Foundations/airflow_env/lib/python3.9/site-packages/airflow/example_dags/example_python_operator.py
[2022-03-22 10:12:11,938] {logging_mixin.py:109} INFO - [2022-03-22 10:12:11,938] {dag.py:2398} INFO - Sync 1 DAGs
[2022-03-22 10:12:11,951] {logging_mixin.py:109} INFO - [2022-03-22 10:12:11,950] {dag.py:2937} INFO - Setting next_dagrun for example_python_operator to None
[2022-03-22 10:12:11,962] {processor.py:171} INFO - Processing /Users/louisekirkham/Documents/linkedin_learning/Ex_Files_Data_Engineering_Foundations/airflow_env/lib/python3.9/site-packages/airflow/example_dags/example_python_operator.py took 0.133 seconds
