[2022-03-22 09:54:56,705] {processor.py:163} INFO - Started process (PID=84143) to work on /Users/louisekirkham/Documents/linkedin_learning/Ex_Files_Data_Engineering_Foundations/airflow_env/lib/python3.9/site-packages/airflow/example_dags/example_external_task_marker_dag.py
[2022-03-22 09:54:56,705] {processor.py:642} INFO - Processing file /Users/louisekirkham/Documents/linkedin_learning/Ex_Files_Data_Engineering_Foundations/airflow_env/lib/python3.9/site-packages/airflow/example_dags/example_external_task_marker_dag.py for tasks to queue
[2022-03-22 09:54:56,705] {logging_mixin.py:109} INFO - [2022-03-22 09:54:56,705] {dagbag.py:500} INFO - Filling up the DagBag from /Users/louisekirkham/Documents/linkedin_learning/Ex_Files_Data_Engineering_Foundations/airflow_env/lib/python3.9/site-packages/airflow/example_dags/example_external_task_marker_dag.py
[2022-03-22 09:54:56,736] {processor.py:654} INFO - DAG(s) dict_keys(['example_external_task_marker_parent', 'example_external_task_marker_child']) retrieved from /Users/louisekirkham/Documents/linkedin_learning/Ex_Files_Data_Engineering_Foundations/airflow_env/lib/python3.9/site-packages/airflow/example_dags/example_external_task_marker_dag.py
[2022-03-22 09:54:56,752] {logging_mixin.py:109} INFO - [2022-03-22 09:54:56,751] {dag.py:2398} INFO - Sync 2 DAGs
[2022-03-22 09:54:56,758] {logging_mixin.py:109} INFO - [2022-03-22 09:54:56,758] {dag.py:2937} INFO - Setting next_dagrun for example_external_task_marker_child to None
[2022-03-22 09:54:56,758] {logging_mixin.py:109} INFO - [2022-03-22 09:54:56,758] {dag.py:2937} INFO - Setting next_dagrun for example_external_task_marker_parent to None
[2022-03-22 09:54:56,767] {processor.py:171} INFO - Processing /Users/louisekirkham/Documents/linkedin_learning/Ex_Files_Data_Engineering_Foundations/airflow_env/lib/python3.9/site-packages/airflow/example_dags/example_external_task_marker_dag.py took 0.062 seconds
[2022-03-22 10:06:26,325] {processor.py:163} INFO - Started process (PID=84387) to work on /Users/louisekirkham/Documents/linkedin_learning/Ex_Files_Data_Engineering_Foundations/airflow_env/lib/python3.9/site-packages/airflow/example_dags/example_external_task_marker_dag.py
[2022-03-22 10:06:26,325] {processor.py:642} INFO - Processing file /Users/louisekirkham/Documents/linkedin_learning/Ex_Files_Data_Engineering_Foundations/airflow_env/lib/python3.9/site-packages/airflow/example_dags/example_external_task_marker_dag.py for tasks to queue
[2022-03-22 10:06:26,325] {logging_mixin.py:109} INFO - [2022-03-22 10:06:26,325] {dagbag.py:500} INFO - Filling up the DagBag from /Users/louisekirkham/Documents/linkedin_learning/Ex_Files_Data_Engineering_Foundations/airflow_env/lib/python3.9/site-packages/airflow/example_dags/example_external_task_marker_dag.py
[2022-03-22 10:06:26,356] {processor.py:654} INFO - DAG(s) dict_keys(['example_external_task_marker_parent', 'example_external_task_marker_child']) retrieved from /Users/louisekirkham/Documents/linkedin_learning/Ex_Files_Data_Engineering_Foundations/airflow_env/lib/python3.9/site-packages/airflow/example_dags/example_external_task_marker_dag.py
[2022-03-22 10:06:26,375] {logging_mixin.py:109} INFO - [2022-03-22 10:06:26,374] {dag.py:2398} INFO - Sync 2 DAGs
[2022-03-22 10:06:26,382] {logging_mixin.py:109} INFO - [2022-03-22 10:06:26,382] {dag.py:2937} INFO - Setting next_dagrun for example_external_task_marker_child to None
[2022-03-22 10:06:26,383] {logging_mixin.py:109} INFO - [2022-03-22 10:06:26,383] {dag.py:2937} INFO - Setting next_dagrun for example_external_task_marker_parent to None
[2022-03-22 10:06:26,391] {processor.py:171} INFO - Processing /Users/louisekirkham/Documents/linkedin_learning/Ex_Files_Data_Engineering_Foundations/airflow_env/lib/python3.9/site-packages/airflow/example_dags/example_external_task_marker_dag.py took 0.067 seconds
[2022-03-22 10:08:01,495] {processor.py:163} INFO - Started process (PID=84496) to work on /Users/louisekirkham/Documents/linkedin_learning/Ex_Files_Data_Engineering_Foundations/airflow_env/lib/python3.9/site-packages/airflow/example_dags/example_external_task_marker_dag.py
[2022-03-22 10:08:01,496] {processor.py:642} INFO - Processing file /Users/louisekirkham/Documents/linkedin_learning/Ex_Files_Data_Engineering_Foundations/airflow_env/lib/python3.9/site-packages/airflow/example_dags/example_external_task_marker_dag.py for tasks to queue
[2022-03-22 10:08:01,497] {logging_mixin.py:109} INFO - [2022-03-22 10:08:01,497] {dagbag.py:500} INFO - Filling up the DagBag from /Users/louisekirkham/Documents/linkedin_learning/Ex_Files_Data_Engineering_Foundations/airflow_env/lib/python3.9/site-packages/airflow/example_dags/example_external_task_marker_dag.py
[2022-03-22 10:08:01,524] {processor.py:654} INFO - DAG(s) dict_keys(['example_external_task_marker_parent', 'example_external_task_marker_child']) retrieved from /Users/louisekirkham/Documents/linkedin_learning/Ex_Files_Data_Engineering_Foundations/airflow_env/lib/python3.9/site-packages/airflow/example_dags/example_external_task_marker_dag.py
[2022-03-22 10:08:01,539] {logging_mixin.py:109} INFO - [2022-03-22 10:08:01,539] {dag.py:2398} INFO - Sync 2 DAGs
[2022-03-22 10:08:01,546] {logging_mixin.py:109} INFO - [2022-03-22 10:08:01,546] {dag.py:2937} INFO - Setting next_dagrun for example_external_task_marker_child to None
[2022-03-22 10:08:01,546] {logging_mixin.py:109} INFO - [2022-03-22 10:08:01,546] {dag.py:2937} INFO - Setting next_dagrun for example_external_task_marker_parent to None
[2022-03-22 10:08:01,554] {processor.py:171} INFO - Processing /Users/louisekirkham/Documents/linkedin_learning/Ex_Files_Data_Engineering_Foundations/airflow_env/lib/python3.9/site-packages/airflow/example_dags/example_external_task_marker_dag.py took 0.059 seconds
[2022-03-22 10:09:31,453] {processor.py:163} INFO - Started process (PID=84600) to work on /Users/louisekirkham/Documents/linkedin_learning/Ex_Files_Data_Engineering_Foundations/airflow_env/lib/python3.9/site-packages/airflow/example_dags/example_external_task_marker_dag.py
[2022-03-22 10:09:31,454] {processor.py:642} INFO - Processing file /Users/louisekirkham/Documents/linkedin_learning/Ex_Files_Data_Engineering_Foundations/airflow_env/lib/python3.9/site-packages/airflow/example_dags/example_external_task_marker_dag.py for tasks to queue
[2022-03-22 10:09:31,454] {logging_mixin.py:109} INFO - [2022-03-22 10:09:31,454] {dagbag.py:500} INFO - Filling up the DagBag from /Users/louisekirkham/Documents/linkedin_learning/Ex_Files_Data_Engineering_Foundations/airflow_env/lib/python3.9/site-packages/airflow/example_dags/example_external_task_marker_dag.py
[2022-03-22 10:09:31,480] {processor.py:654} INFO - DAG(s) dict_keys(['example_external_task_marker_parent', 'example_external_task_marker_child']) retrieved from /Users/louisekirkham/Documents/linkedin_learning/Ex_Files_Data_Engineering_Foundations/airflow_env/lib/python3.9/site-packages/airflow/example_dags/example_external_task_marker_dag.py
[2022-03-22 10:09:31,494] {logging_mixin.py:109} INFO - [2022-03-22 10:09:31,494] {dag.py:2398} INFO - Sync 2 DAGs
[2022-03-22 10:09:31,501] {logging_mixin.py:109} INFO - [2022-03-22 10:09:31,501] {dag.py:2937} INFO - Setting next_dagrun for example_external_task_marker_child to None
[2022-03-22 10:09:31,501] {logging_mixin.py:109} INFO - [2022-03-22 10:09:31,501] {dag.py:2937} INFO - Setting next_dagrun for example_external_task_marker_parent to None
[2022-03-22 10:09:31,507] {processor.py:171} INFO - Processing /Users/louisekirkham/Documents/linkedin_learning/Ex_Files_Data_Engineering_Foundations/airflow_env/lib/python3.9/site-packages/airflow/example_dags/example_external_task_marker_dag.py took 0.055 seconds
[2022-03-22 10:10:59,372] {processor.py:163} INFO - Started process (PID=85157) to work on /Users/louisekirkham/Documents/linkedin_learning/Ex_Files_Data_Engineering_Foundations/airflow_env/lib/python3.9/site-packages/airflow/example_dags/example_external_task_marker_dag.py
[2022-03-22 10:10:59,373] {processor.py:642} INFO - Processing file /Users/louisekirkham/Documents/linkedin_learning/Ex_Files_Data_Engineering_Foundations/airflow_env/lib/python3.9/site-packages/airflow/example_dags/example_external_task_marker_dag.py for tasks to queue
[2022-03-22 10:10:59,373] {logging_mixin.py:109} INFO - [2022-03-22 10:10:59,373] {dagbag.py:500} INFO - Filling up the DagBag from /Users/louisekirkham/Documents/linkedin_learning/Ex_Files_Data_Engineering_Foundations/airflow_env/lib/python3.9/site-packages/airflow/example_dags/example_external_task_marker_dag.py
[2022-03-22 10:10:59,401] {processor.py:654} INFO - DAG(s) dict_keys(['example_external_task_marker_parent', 'example_external_task_marker_child']) retrieved from /Users/louisekirkham/Documents/linkedin_learning/Ex_Files_Data_Engineering_Foundations/airflow_env/lib/python3.9/site-packages/airflow/example_dags/example_external_task_marker_dag.py
[2022-03-22 10:10:59,417] {logging_mixin.py:109} INFO - [2022-03-22 10:10:59,416] {dag.py:2398} INFO - Sync 2 DAGs
[2022-03-22 10:10:59,424] {logging_mixin.py:109} INFO - [2022-03-22 10:10:59,424] {dag.py:2937} INFO - Setting next_dagrun for example_external_task_marker_child to None
[2022-03-22 10:10:59,424] {logging_mixin.py:109} INFO - [2022-03-22 10:10:59,424] {dag.py:2937} INFO - Setting next_dagrun for example_external_task_marker_parent to None
[2022-03-22 10:10:59,431] {processor.py:171} INFO - Processing /Users/louisekirkham/Documents/linkedin_learning/Ex_Files_Data_Engineering_Foundations/airflow_env/lib/python3.9/site-packages/airflow/example_dags/example_external_task_marker_dag.py took 0.059 seconds
