[2022-03-22 09:55:01,055] {processor.py:163} INFO - Started process (PID=84145) to work on /Users/louisekirkham/Documents/linkedin_learning/Ex_Files_Data_Engineering_Foundations/airflow_env/lib/python3.9/site-packages/airflow/example_dags/example_complex.py
[2022-03-22 09:55:01,055] {processor.py:642} INFO - Processing file /Users/louisekirkham/Documents/linkedin_learning/Ex_Files_Data_Engineering_Foundations/airflow_env/lib/python3.9/site-packages/airflow/example_dags/example_complex.py for tasks to queue
[2022-03-22 09:55:01,055] {logging_mixin.py:109} INFO - [2022-03-22 09:55:01,055] {dagbag.py:500} INFO - Filling up the DagBag from /Users/louisekirkham/Documents/linkedin_learning/Ex_Files_Data_Engineering_Foundations/airflow_env/lib/python3.9/site-packages/airflow/example_dags/example_complex.py
[2022-03-22 09:55:01,086] {processor.py:654} INFO - DAG(s) dict_keys(['example_complex']) retrieved from /Users/louisekirkham/Documents/linkedin_learning/Ex_Files_Data_Engineering_Foundations/airflow_env/lib/python3.9/site-packages/airflow/example_dags/example_complex.py
[2022-03-22 09:55:01,102] {logging_mixin.py:109} INFO - [2022-03-22 09:55:01,102] {dag.py:2398} INFO - Sync 1 DAGs
[2022-03-22 09:55:01,109] {logging_mixin.py:109} INFO - [2022-03-22 09:55:01,109] {dag.py:2937} INFO - Setting next_dagrun for example_complex to None
[2022-03-22 09:55:01,114] {processor.py:171} INFO - Processing /Users/louisekirkham/Documents/linkedin_learning/Ex_Files_Data_Engineering_Foundations/airflow_env/lib/python3.9/site-packages/airflow/example_dags/example_complex.py took 0.060 seconds
[2022-03-22 10:06:30,384] {processor.py:163} INFO - Started process (PID=84391) to work on /Users/louisekirkham/Documents/linkedin_learning/Ex_Files_Data_Engineering_Foundations/airflow_env/lib/python3.9/site-packages/airflow/example_dags/example_complex.py
[2022-03-22 10:06:30,385] {processor.py:642} INFO - Processing file /Users/louisekirkham/Documents/linkedin_learning/Ex_Files_Data_Engineering_Foundations/airflow_env/lib/python3.9/site-packages/airflow/example_dags/example_complex.py for tasks to queue
[2022-03-22 10:06:30,385] {logging_mixin.py:109} INFO - [2022-03-22 10:06:30,385] {dagbag.py:500} INFO - Filling up the DagBag from /Users/louisekirkham/Documents/linkedin_learning/Ex_Files_Data_Engineering_Foundations/airflow_env/lib/python3.9/site-packages/airflow/example_dags/example_complex.py
[2022-03-22 10:06:30,421] {processor.py:654} INFO - DAG(s) dict_keys(['example_complex']) retrieved from /Users/louisekirkham/Documents/linkedin_learning/Ex_Files_Data_Engineering_Foundations/airflow_env/lib/python3.9/site-packages/airflow/example_dags/example_complex.py
[2022-03-22 10:06:30,443] {logging_mixin.py:109} INFO - [2022-03-22 10:06:30,443] {dag.py:2398} INFO - Sync 1 DAGs
[2022-03-22 10:06:30,452] {logging_mixin.py:109} INFO - [2022-03-22 10:06:30,452] {dag.py:2937} INFO - Setting next_dagrun for example_complex to None
[2022-03-22 10:06:30,459] {processor.py:171} INFO - Processing /Users/louisekirkham/Documents/linkedin_learning/Ex_Files_Data_Engineering_Foundations/airflow_env/lib/python3.9/site-packages/airflow/example_dags/example_complex.py took 0.075 seconds
[2022-03-22 10:08:05,528] {processor.py:163} INFO - Started process (PID=84498) to work on /Users/louisekirkham/Documents/linkedin_learning/Ex_Files_Data_Engineering_Foundations/airflow_env/lib/python3.9/site-packages/airflow/example_dags/example_complex.py
[2022-03-22 10:08:05,529] {processor.py:642} INFO - Processing file /Users/louisekirkham/Documents/linkedin_learning/Ex_Files_Data_Engineering_Foundations/airflow_env/lib/python3.9/site-packages/airflow/example_dags/example_complex.py for tasks to queue
[2022-03-22 10:08:05,530] {logging_mixin.py:109} INFO - [2022-03-22 10:08:05,530] {dagbag.py:500} INFO - Filling up the DagBag from /Users/louisekirkham/Documents/linkedin_learning/Ex_Files_Data_Engineering_Foundations/airflow_env/lib/python3.9/site-packages/airflow/example_dags/example_complex.py
[2022-03-22 10:08:05,567] {processor.py:654} INFO - DAG(s) dict_keys(['example_complex']) retrieved from /Users/louisekirkham/Documents/linkedin_learning/Ex_Files_Data_Engineering_Foundations/airflow_env/lib/python3.9/site-packages/airflow/example_dags/example_complex.py
[2022-03-22 10:08:05,585] {logging_mixin.py:109} INFO - [2022-03-22 10:08:05,585] {dag.py:2398} INFO - Sync 1 DAGs
[2022-03-22 10:08:05,594] {logging_mixin.py:109} INFO - [2022-03-22 10:08:05,594] {dag.py:2937} INFO - Setting next_dagrun for example_complex to None
[2022-03-22 10:08:05,602] {processor.py:171} INFO - Processing /Users/louisekirkham/Documents/linkedin_learning/Ex_Files_Data_Engineering_Foundations/airflow_env/lib/python3.9/site-packages/airflow/example_dags/example_complex.py took 0.075 seconds
[2022-03-22 10:09:35,361] {processor.py:163} INFO - Started process (PID=84602) to work on /Users/louisekirkham/Documents/linkedin_learning/Ex_Files_Data_Engineering_Foundations/airflow_env/lib/python3.9/site-packages/airflow/example_dags/example_complex.py
[2022-03-22 10:09:35,361] {processor.py:642} INFO - Processing file /Users/louisekirkham/Documents/linkedin_learning/Ex_Files_Data_Engineering_Foundations/airflow_env/lib/python3.9/site-packages/airflow/example_dags/example_complex.py for tasks to queue
[2022-03-22 10:09:35,361] {logging_mixin.py:109} INFO - [2022-03-22 10:09:35,361] {dagbag.py:500} INFO - Filling up the DagBag from /Users/louisekirkham/Documents/linkedin_learning/Ex_Files_Data_Engineering_Foundations/airflow_env/lib/python3.9/site-packages/airflow/example_dags/example_complex.py
[2022-03-22 10:09:35,395] {processor.py:654} INFO - DAG(s) dict_keys(['example_complex']) retrieved from /Users/louisekirkham/Documents/linkedin_learning/Ex_Files_Data_Engineering_Foundations/airflow_env/lib/python3.9/site-packages/airflow/example_dags/example_complex.py
[2022-03-22 10:09:35,414] {logging_mixin.py:109} INFO - [2022-03-22 10:09:35,413] {dag.py:2398} INFO - Sync 1 DAGs
[2022-03-22 10:09:35,423] {logging_mixin.py:109} INFO - [2022-03-22 10:09:35,423] {dag.py:2937} INFO - Setting next_dagrun for example_complex to None
[2022-03-22 10:09:35,430] {processor.py:171} INFO - Processing /Users/louisekirkham/Documents/linkedin_learning/Ex_Files_Data_Engineering_Foundations/airflow_env/lib/python3.9/site-packages/airflow/example_dags/example_complex.py took 0.070 seconds
[2022-03-22 10:11:03,365] {processor.py:163} INFO - Started process (PID=85161) to work on /Users/louisekirkham/Documents/linkedin_learning/Ex_Files_Data_Engineering_Foundations/airflow_env/lib/python3.9/site-packages/airflow/example_dags/example_complex.py
[2022-03-22 10:11:03,365] {processor.py:642} INFO - Processing file /Users/louisekirkham/Documents/linkedin_learning/Ex_Files_Data_Engineering_Foundations/airflow_env/lib/python3.9/site-packages/airflow/example_dags/example_complex.py for tasks to queue
[2022-03-22 10:11:03,366] {logging_mixin.py:109} INFO - [2022-03-22 10:11:03,365] {dagbag.py:500} INFO - Filling up the DagBag from /Users/louisekirkham/Documents/linkedin_learning/Ex_Files_Data_Engineering_Foundations/airflow_env/lib/python3.9/site-packages/airflow/example_dags/example_complex.py
[2022-03-22 10:11:03,400] {processor.py:654} INFO - DAG(s) dict_keys(['example_complex']) retrieved from /Users/louisekirkham/Documents/linkedin_learning/Ex_Files_Data_Engineering_Foundations/airflow_env/lib/python3.9/site-packages/airflow/example_dags/example_complex.py
[2022-03-22 10:11:03,420] {logging_mixin.py:109} INFO - [2022-03-22 10:11:03,419] {dag.py:2398} INFO - Sync 1 DAGs
[2022-03-22 10:11:03,427] {logging_mixin.py:109} INFO - [2022-03-22 10:11:03,427] {dag.py:2937} INFO - Setting next_dagrun for example_complex to None
[2022-03-22 10:11:03,434] {processor.py:171} INFO - Processing /Users/louisekirkham/Documents/linkedin_learning/Ex_Files_Data_Engineering_Foundations/airflow_env/lib/python3.9/site-packages/airflow/example_dags/example_complex.py took 0.070 seconds
