[2022-03-22 09:54:20,852] {processor.py:163} INFO - Started process (PID=84096) to work on /Users/louisekirkham/Documents/linkedin_learning/Ex_Files_Data_Engineering_Foundations/airflow_env/lib/python3.9/site-packages/airflow/example_dags/example_xcom.py
[2022-03-22 09:54:20,852] {processor.py:642} INFO - Processing file /Users/louisekirkham/Documents/linkedin_learning/Ex_Files_Data_Engineering_Foundations/airflow_env/lib/python3.9/site-packages/airflow/example_dags/example_xcom.py for tasks to queue
[2022-03-22 09:54:20,853] {logging_mixin.py:109} INFO - [2022-03-22 09:54:20,853] {dagbag.py:500} INFO - Filling up the DagBag from /Users/louisekirkham/Documents/linkedin_learning/Ex_Files_Data_Engineering_Foundations/airflow_env/lib/python3.9/site-packages/airflow/example_dags/example_xcom.py
[2022-03-22 09:54:20,891] {processor.py:654} INFO - DAG(s) dict_keys(['example_xcom']) retrieved from /Users/louisekirkham/Documents/linkedin_learning/Ex_Files_Data_Engineering_Foundations/airflow_env/lib/python3.9/site-packages/airflow/example_dags/example_xcom.py
[2022-03-22 09:54:21,070] {logging_mixin.py:109} INFO - [2022-03-22 09:54:21,070] {dag.py:2398} INFO - Sync 1 DAGs
[2022-03-22 09:54:21,077] {logging_mixin.py:109} INFO - [2022-03-22 09:54:21,077] {dag.py:2937} INFO - Setting next_dagrun for example_xcom to 2021-01-01T00:00:00+00:00
[2022-03-22 09:54:21,085] {processor.py:171} INFO - Processing /Users/louisekirkham/Documents/linkedin_learning/Ex_Files_Data_Engineering_Foundations/airflow_env/lib/python3.9/site-packages/airflow/example_dags/example_xcom.py took 0.233 seconds
[2022-03-22 10:05:26,981] {processor.py:163} INFO - Started process (PID=84228) to work on /Users/louisekirkham/Documents/linkedin_learning/Ex_Files_Data_Engineering_Foundations/airflow_env/lib/python3.9/site-packages/airflow/example_dags/example_xcom.py
[2022-03-22 10:05:26,981] {processor.py:642} INFO - Processing file /Users/louisekirkham/Documents/linkedin_learning/Ex_Files_Data_Engineering_Foundations/airflow_env/lib/python3.9/site-packages/airflow/example_dags/example_xcom.py for tasks to queue
[2022-03-22 10:05:26,982] {logging_mixin.py:109} INFO - [2022-03-22 10:05:26,982] {dagbag.py:500} INFO - Filling up the DagBag from /Users/louisekirkham/Documents/linkedin_learning/Ex_Files_Data_Engineering_Foundations/airflow_env/lib/python3.9/site-packages/airflow/example_dags/example_xcom.py
[2022-03-22 10:05:27,023] {processor.py:654} INFO - DAG(s) dict_keys(['example_xcom']) retrieved from /Users/louisekirkham/Documents/linkedin_learning/Ex_Files_Data_Engineering_Foundations/airflow_env/lib/python3.9/site-packages/airflow/example_dags/example_xcom.py
[2022-03-22 10:05:27,201] {logging_mixin.py:109} INFO - [2022-03-22 10:05:27,200] {dag.py:2398} INFO - Sync 1 DAGs
[2022-03-22 10:05:27,209] {logging_mixin.py:109} INFO - [2022-03-22 10:05:27,209] {dag.py:2937} INFO - Setting next_dagrun for example_xcom to 2021-01-01T00:00:00+00:00
[2022-03-22 10:05:27,217] {processor.py:171} INFO - Processing /Users/louisekirkham/Documents/linkedin_learning/Ex_Files_Data_Engineering_Foundations/airflow_env/lib/python3.9/site-packages/airflow/example_dags/example_xcom.py took 0.237 seconds
[2022-03-22 10:07:09,407] {processor.py:163} INFO - Started process (PID=84445) to work on /Users/louisekirkham/Documents/linkedin_learning/Ex_Files_Data_Engineering_Foundations/airflow_env/lib/python3.9/site-packages/airflow/example_dags/example_xcom.py
[2022-03-22 10:07:09,408] {processor.py:642} INFO - Processing file /Users/louisekirkham/Documents/linkedin_learning/Ex_Files_Data_Engineering_Foundations/airflow_env/lib/python3.9/site-packages/airflow/example_dags/example_xcom.py for tasks to queue
[2022-03-22 10:07:09,408] {logging_mixin.py:109} INFO - [2022-03-22 10:07:09,408] {dagbag.py:500} INFO - Filling up the DagBag from /Users/louisekirkham/Documents/linkedin_learning/Ex_Files_Data_Engineering_Foundations/airflow_env/lib/python3.9/site-packages/airflow/example_dags/example_xcom.py
[2022-03-22 10:07:09,454] {processor.py:654} INFO - DAG(s) dict_keys(['example_xcom']) retrieved from /Users/louisekirkham/Documents/linkedin_learning/Ex_Files_Data_Engineering_Foundations/airflow_env/lib/python3.9/site-packages/airflow/example_dags/example_xcom.py
[2022-03-22 10:07:09,686] {logging_mixin.py:109} INFO - [2022-03-22 10:07:09,686] {dag.py:2398} INFO - Sync 1 DAGs
[2022-03-22 10:07:09,697] {logging_mixin.py:109} INFO - [2022-03-22 10:07:09,697] {dag.py:2937} INFO - Setting next_dagrun for example_xcom to 2021-01-01T00:00:00+00:00
[2022-03-22 10:07:09,705] {processor.py:171} INFO - Processing /Users/louisekirkham/Documents/linkedin_learning/Ex_Files_Data_Engineering_Foundations/airflow_env/lib/python3.9/site-packages/airflow/example_dags/example_xcom.py took 0.299 seconds
[2022-03-22 10:08:42,333] {processor.py:163} INFO - Started process (PID=84544) to work on /Users/louisekirkham/Documents/linkedin_learning/Ex_Files_Data_Engineering_Foundations/airflow_env/lib/python3.9/site-packages/airflow/example_dags/example_xcom.py
[2022-03-22 10:08:42,334] {processor.py:642} INFO - Processing file /Users/louisekirkham/Documents/linkedin_learning/Ex_Files_Data_Engineering_Foundations/airflow_env/lib/python3.9/site-packages/airflow/example_dags/example_xcom.py for tasks to queue
[2022-03-22 10:08:42,334] {logging_mixin.py:109} INFO - [2022-03-22 10:08:42,334] {dagbag.py:500} INFO - Filling up the DagBag from /Users/louisekirkham/Documents/linkedin_learning/Ex_Files_Data_Engineering_Foundations/airflow_env/lib/python3.9/site-packages/airflow/example_dags/example_xcom.py
[2022-03-22 10:08:42,378] {processor.py:654} INFO - DAG(s) dict_keys(['example_xcom']) retrieved from /Users/louisekirkham/Documents/linkedin_learning/Ex_Files_Data_Engineering_Foundations/airflow_env/lib/python3.9/site-packages/airflow/example_dags/example_xcom.py
[2022-03-22 10:08:42,575] {logging_mixin.py:109} INFO - [2022-03-22 10:08:42,575] {dag.py:2398} INFO - Sync 1 DAGs
[2022-03-22 10:08:42,583] {logging_mixin.py:109} INFO - [2022-03-22 10:08:42,583] {dag.py:2937} INFO - Setting next_dagrun for example_xcom to 2021-01-01T00:00:00+00:00
[2022-03-22 10:08:42,590] {processor.py:171} INFO - Processing /Users/louisekirkham/Documents/linkedin_learning/Ex_Files_Data_Engineering_Foundations/airflow_env/lib/python3.9/site-packages/airflow/example_dags/example_xcom.py took 0.258 seconds
[2022-03-22 10:10:11,595] {processor.py:163} INFO - Started process (PID=85055) to work on /Users/louisekirkham/Documents/linkedin_learning/Ex_Files_Data_Engineering_Foundations/airflow_env/lib/python3.9/site-packages/airflow/example_dags/example_xcom.py
[2022-03-22 10:10:11,595] {processor.py:642} INFO - Processing file /Users/louisekirkham/Documents/linkedin_learning/Ex_Files_Data_Engineering_Foundations/airflow_env/lib/python3.9/site-packages/airflow/example_dags/example_xcom.py for tasks to queue
[2022-03-22 10:10:11,596] {logging_mixin.py:109} INFO - [2022-03-22 10:10:11,596] {dagbag.py:500} INFO - Filling up the DagBag from /Users/louisekirkham/Documents/linkedin_learning/Ex_Files_Data_Engineering_Foundations/airflow_env/lib/python3.9/site-packages/airflow/example_dags/example_xcom.py
[2022-03-22 10:10:11,633] {processor.py:654} INFO - DAG(s) dict_keys(['example_xcom']) retrieved from /Users/louisekirkham/Documents/linkedin_learning/Ex_Files_Data_Engineering_Foundations/airflow_env/lib/python3.9/site-packages/airflow/example_dags/example_xcom.py
[2022-03-22 10:10:11,809] {logging_mixin.py:109} INFO - [2022-03-22 10:10:11,808] {dag.py:2398} INFO - Sync 1 DAGs
[2022-03-22 10:10:11,815] {logging_mixin.py:109} INFO - [2022-03-22 10:10:11,815] {dag.py:2937} INFO - Setting next_dagrun for example_xcom to 2021-01-01T00:00:00+00:00
[2022-03-22 10:10:11,823] {processor.py:171} INFO - Processing /Users/louisekirkham/Documents/linkedin_learning/Ex_Files_Data_Engineering_Foundations/airflow_env/lib/python3.9/site-packages/airflow/example_dags/example_xcom.py took 0.228 seconds
[2022-03-22 10:11:43,582] {processor.py:163} INFO - Started process (PID=85319) to work on /Users/louisekirkham/Documents/linkedin_learning/Ex_Files_Data_Engineering_Foundations/airflow_env/lib/python3.9/site-packages/airflow/example_dags/example_xcom.py
[2022-03-22 10:11:43,583] {processor.py:642} INFO - Processing file /Users/louisekirkham/Documents/linkedin_learning/Ex_Files_Data_Engineering_Foundations/airflow_env/lib/python3.9/site-packages/airflow/example_dags/example_xcom.py for tasks to queue
[2022-03-22 10:11:43,583] {logging_mixin.py:109} INFO - [2022-03-22 10:11:43,583] {dagbag.py:500} INFO - Filling up the DagBag from /Users/louisekirkham/Documents/linkedin_learning/Ex_Files_Data_Engineering_Foundations/airflow_env/lib/python3.9/site-packages/airflow/example_dags/example_xcom.py
[2022-03-22 10:11:43,691] {processor.py:654} INFO - DAG(s) dict_keys(['example_xcom']) retrieved from /Users/louisekirkham/Documents/linkedin_learning/Ex_Files_Data_Engineering_Foundations/airflow_env/lib/python3.9/site-packages/airflow/example_dags/example_xcom.py
[2022-03-22 10:11:44,164] {logging_mixin.py:109} INFO - [2022-03-22 10:11:44,164] {dag.py:2398} INFO - Sync 1 DAGs
[2022-03-22 10:11:44,187] {logging_mixin.py:109} INFO - [2022-03-22 10:11:44,187] {dag.py:2937} INFO - Setting next_dagrun for example_xcom to 2021-01-01T00:00:00+00:00
[2022-03-22 10:11:44,202] {processor.py:171} INFO - Processing /Users/louisekirkham/Documents/linkedin_learning/Ex_Files_Data_Engineering_Foundations/airflow_env/lib/python3.9/site-packages/airflow/example_dags/example_xcom.py took 0.621 seconds
