[2022-03-22 09:54:52,730] {processor.py:163} INFO - Started process (PID=84141) to work on /Users/louisekirkham/Documents/linkedin_learning/Ex_Files_Data_Engineering_Foundations/airflow_env/lib/python3.9/site-packages/airflow/example_dags/example_latest_only.py
[2022-03-22 09:54:52,731] {processor.py:642} INFO - Processing file /Users/louisekirkham/Documents/linkedin_learning/Ex_Files_Data_Engineering_Foundations/airflow_env/lib/python3.9/site-packages/airflow/example_dags/example_latest_only.py for tasks to queue
[2022-03-22 09:54:52,731] {logging_mixin.py:109} INFO - [2022-03-22 09:54:52,731] {dagbag.py:500} INFO - Filling up the DagBag from /Users/louisekirkham/Documents/linkedin_learning/Ex_Files_Data_Engineering_Foundations/airflow_env/lib/python3.9/site-packages/airflow/example_dags/example_latest_only.py
[2022-03-22 09:54:52,759] {processor.py:654} INFO - DAG(s) dict_keys(['latest_only']) retrieved from /Users/louisekirkham/Documents/linkedin_learning/Ex_Files_Data_Engineering_Foundations/airflow_env/lib/python3.9/site-packages/airflow/example_dags/example_latest_only.py
[2022-03-22 09:54:52,772] {logging_mixin.py:109} INFO - [2022-03-22 09:54:52,772] {dag.py:2398} INFO - Sync 1 DAGs
[2022-03-22 09:54:52,780] {logging_mixin.py:109} INFO - [2022-03-22 09:54:52,780] {dag.py:2937} INFO - Setting next_dagrun for latest_only to 2022-03-22T05:54:52.780289+00:00
[2022-03-22 09:54:52,786] {processor.py:171} INFO - Processing /Users/louisekirkham/Documents/linkedin_learning/Ex_Files_Data_Engineering_Foundations/airflow_env/lib/python3.9/site-packages/airflow/example_dags/example_latest_only.py took 0.057 seconds
[2022-03-22 10:06:22,461] {processor.py:163} INFO - Started process (PID=84354) to work on /Users/louisekirkham/Documents/linkedin_learning/Ex_Files_Data_Engineering_Foundations/airflow_env/lib/python3.9/site-packages/airflow/example_dags/example_latest_only.py
[2022-03-22 10:06:22,461] {processor.py:642} INFO - Processing file /Users/louisekirkham/Documents/linkedin_learning/Ex_Files_Data_Engineering_Foundations/airflow_env/lib/python3.9/site-packages/airflow/example_dags/example_latest_only.py for tasks to queue
[2022-03-22 10:06:22,461] {logging_mixin.py:109} INFO - [2022-03-22 10:06:22,461] {dagbag.py:500} INFO - Filling up the DagBag from /Users/louisekirkham/Documents/linkedin_learning/Ex_Files_Data_Engineering_Foundations/airflow_env/lib/python3.9/site-packages/airflow/example_dags/example_latest_only.py
[2022-03-22 10:06:22,510] {processor.py:654} INFO - DAG(s) dict_keys(['latest_only']) retrieved from /Users/louisekirkham/Documents/linkedin_learning/Ex_Files_Data_Engineering_Foundations/airflow_env/lib/python3.9/site-packages/airflow/example_dags/example_latest_only.py
[2022-03-22 10:06:22,536] {logging_mixin.py:109} INFO - [2022-03-22 10:06:22,536] {dag.py:2398} INFO - Sync 1 DAGs
[2022-03-22 10:06:22,550] {logging_mixin.py:109} INFO - [2022-03-22 10:06:22,550] {dag.py:2937} INFO - Setting next_dagrun for latest_only to 2022-03-22T06:06:22.550033+00:00
[2022-03-22 10:06:22,562] {processor.py:171} INFO - Processing /Users/louisekirkham/Documents/linkedin_learning/Ex_Files_Data_Engineering_Foundations/airflow_env/lib/python3.9/site-packages/airflow/example_dags/example_latest_only.py took 0.102 seconds
[2022-03-22 10:07:57,193] {processor.py:163} INFO - Started process (PID=84494) to work on /Users/louisekirkham/Documents/linkedin_learning/Ex_Files_Data_Engineering_Foundations/airflow_env/lib/python3.9/site-packages/airflow/example_dags/example_latest_only.py
[2022-03-22 10:07:57,193] {processor.py:642} INFO - Processing file /Users/louisekirkham/Documents/linkedin_learning/Ex_Files_Data_Engineering_Foundations/airflow_env/lib/python3.9/site-packages/airflow/example_dags/example_latest_only.py for tasks to queue
[2022-03-22 10:07:57,194] {logging_mixin.py:109} INFO - [2022-03-22 10:07:57,194] {dagbag.py:500} INFO - Filling up the DagBag from /Users/louisekirkham/Documents/linkedin_learning/Ex_Files_Data_Engineering_Foundations/airflow_env/lib/python3.9/site-packages/airflow/example_dags/example_latest_only.py
[2022-03-22 10:07:57,226] {processor.py:654} INFO - DAG(s) dict_keys(['latest_only']) retrieved from /Users/louisekirkham/Documents/linkedin_learning/Ex_Files_Data_Engineering_Foundations/airflow_env/lib/python3.9/site-packages/airflow/example_dags/example_latest_only.py
[2022-03-22 10:07:57,242] {logging_mixin.py:109} INFO - [2022-03-22 10:07:57,241] {dag.py:2398} INFO - Sync 1 DAGs
[2022-03-22 10:07:57,251] {logging_mixin.py:109} INFO - [2022-03-22 10:07:57,250] {dag.py:2937} INFO - Setting next_dagrun for latest_only to 2022-03-22T06:07:57.250822+00:00
[2022-03-22 10:07:57,258] {processor.py:171} INFO - Processing /Users/louisekirkham/Documents/linkedin_learning/Ex_Files_Data_Engineering_Foundations/airflow_env/lib/python3.9/site-packages/airflow/example_dags/example_latest_only.py took 0.065 seconds
[2022-03-22 10:09:27,465] {processor.py:163} INFO - Started process (PID=84593) to work on /Users/louisekirkham/Documents/linkedin_learning/Ex_Files_Data_Engineering_Foundations/airflow_env/lib/python3.9/site-packages/airflow/example_dags/example_latest_only.py
[2022-03-22 10:09:27,466] {processor.py:642} INFO - Processing file /Users/louisekirkham/Documents/linkedin_learning/Ex_Files_Data_Engineering_Foundations/airflow_env/lib/python3.9/site-packages/airflow/example_dags/example_latest_only.py for tasks to queue
[2022-03-22 10:09:27,466] {logging_mixin.py:109} INFO - [2022-03-22 10:09:27,466] {dagbag.py:500} INFO - Filling up the DagBag from /Users/louisekirkham/Documents/linkedin_learning/Ex_Files_Data_Engineering_Foundations/airflow_env/lib/python3.9/site-packages/airflow/example_dags/example_latest_only.py
[2022-03-22 10:09:27,492] {processor.py:654} INFO - DAG(s) dict_keys(['latest_only']) retrieved from /Users/louisekirkham/Documents/linkedin_learning/Ex_Files_Data_Engineering_Foundations/airflow_env/lib/python3.9/site-packages/airflow/example_dags/example_latest_only.py
[2022-03-22 10:09:27,505] {logging_mixin.py:109} INFO - [2022-03-22 10:09:27,504] {dag.py:2398} INFO - Sync 1 DAGs
[2022-03-22 10:09:27,512] {logging_mixin.py:109} INFO - [2022-03-22 10:09:27,511] {dag.py:2937} INFO - Setting next_dagrun for latest_only to 2022-03-22T06:09:27.511874+00:00
[2022-03-22 10:09:27,518] {processor.py:171} INFO - Processing /Users/louisekirkham/Documents/linkedin_learning/Ex_Files_Data_Engineering_Foundations/airflow_env/lib/python3.9/site-packages/airflow/example_dags/example_latest_only.py took 0.054 seconds
[2022-03-22 10:10:55,358] {processor.py:163} INFO - Started process (PID=85152) to work on /Users/louisekirkham/Documents/linkedin_learning/Ex_Files_Data_Engineering_Foundations/airflow_env/lib/python3.9/site-packages/airflow/example_dags/example_latest_only.py
[2022-03-22 10:10:55,358] {processor.py:642} INFO - Processing file /Users/louisekirkham/Documents/linkedin_learning/Ex_Files_Data_Engineering_Foundations/airflow_env/lib/python3.9/site-packages/airflow/example_dags/example_latest_only.py for tasks to queue
[2022-03-22 10:10:55,358] {logging_mixin.py:109} INFO - [2022-03-22 10:10:55,358] {dagbag.py:500} INFO - Filling up the DagBag from /Users/louisekirkham/Documents/linkedin_learning/Ex_Files_Data_Engineering_Foundations/airflow_env/lib/python3.9/site-packages/airflow/example_dags/example_latest_only.py
[2022-03-22 10:10:55,385] {processor.py:654} INFO - DAG(s) dict_keys(['latest_only']) retrieved from /Users/louisekirkham/Documents/linkedin_learning/Ex_Files_Data_Engineering_Foundations/airflow_env/lib/python3.9/site-packages/airflow/example_dags/example_latest_only.py
[2022-03-22 10:10:55,400] {logging_mixin.py:109} INFO - [2022-03-22 10:10:55,400] {dag.py:2398} INFO - Sync 1 DAGs
[2022-03-22 10:10:55,407] {logging_mixin.py:109} INFO - [2022-03-22 10:10:55,407] {dag.py:2937} INFO - Setting next_dagrun for latest_only to 2022-03-22T06:10:55.407498+00:00
[2022-03-22 10:10:55,414] {processor.py:171} INFO - Processing /Users/louisekirkham/Documents/linkedin_learning/Ex_Files_Data_Engineering_Foundations/airflow_env/lib/python3.9/site-packages/airflow/example_dags/example_latest_only.py took 0.057 seconds
