[2022-03-22 09:54:58,801] {processor.py:163} INFO - Started process (PID=84144) to work on /Users/louisekirkham/Documents/linkedin_learning/Ex_Files_Data_Engineering_Foundations/airflow_env/lib/python3.9/site-packages/airflow/example_dags/example_dag_decorator.py
[2022-03-22 09:54:58,801] {processor.py:642} INFO - Processing file /Users/louisekirkham/Documents/linkedin_learning/Ex_Files_Data_Engineering_Foundations/airflow_env/lib/python3.9/site-packages/airflow/example_dags/example_dag_decorator.py for tasks to queue
[2022-03-22 09:54:58,802] {logging_mixin.py:109} INFO - [2022-03-22 09:54:58,802] {dagbag.py:500} INFO - Filling up the DagBag from /Users/louisekirkham/Documents/linkedin_learning/Ex_Files_Data_Engineering_Foundations/airflow_env/lib/python3.9/site-packages/airflow/example_dags/example_dag_decorator.py
[2022-03-22 09:54:58,842] {processor.py:654} INFO - DAG(s) dict_keys(['example_dag_decorator']) retrieved from /Users/louisekirkham/Documents/linkedin_learning/Ex_Files_Data_Engineering_Foundations/airflow_env/lib/python3.9/site-packages/airflow/example_dags/example_dag_decorator.py
[2022-03-22 09:54:59,026] {logging_mixin.py:109} INFO - [2022-03-22 09:54:59,026] {dag.py:2398} INFO - Sync 1 DAGs
[2022-03-22 09:54:59,033] {logging_mixin.py:109} INFO - [2022-03-22 09:54:59,033] {dag.py:2937} INFO - Setting next_dagrun for example_dag_decorator to None
[2022-03-22 09:54:59,043] {processor.py:171} INFO - Processing /Users/louisekirkham/Documents/linkedin_learning/Ex_Files_Data_Engineering_Foundations/airflow_env/lib/python3.9/site-packages/airflow/example_dags/example_dag_decorator.py took 0.243 seconds
[2022-03-22 10:06:28,518] {processor.py:163} INFO - Started process (PID=84389) to work on /Users/louisekirkham/Documents/linkedin_learning/Ex_Files_Data_Engineering_Foundations/airflow_env/lib/python3.9/site-packages/airflow/example_dags/example_dag_decorator.py
[2022-03-22 10:06:28,518] {processor.py:642} INFO - Processing file /Users/louisekirkham/Documents/linkedin_learning/Ex_Files_Data_Engineering_Foundations/airflow_env/lib/python3.9/site-packages/airflow/example_dags/example_dag_decorator.py for tasks to queue
[2022-03-22 10:06:28,519] {logging_mixin.py:109} INFO - [2022-03-22 10:06:28,519] {dagbag.py:500} INFO - Filling up the DagBag from /Users/louisekirkham/Documents/linkedin_learning/Ex_Files_Data_Engineering_Foundations/airflow_env/lib/python3.9/site-packages/airflow/example_dags/example_dag_decorator.py
[2022-03-22 10:06:28,562] {processor.py:654} INFO - DAG(s) dict_keys(['example_dag_decorator']) retrieved from /Users/louisekirkham/Documents/linkedin_learning/Ex_Files_Data_Engineering_Foundations/airflow_env/lib/python3.9/site-packages/airflow/example_dags/example_dag_decorator.py
[2022-03-22 10:06:28,747] {logging_mixin.py:109} INFO - [2022-03-22 10:06:28,746] {dag.py:2398} INFO - Sync 1 DAGs
[2022-03-22 10:06:28,754] {logging_mixin.py:109} INFO - [2022-03-22 10:06:28,754] {dag.py:2937} INFO - Setting next_dagrun for example_dag_decorator to None
[2022-03-22 10:06:28,761] {processor.py:171} INFO - Processing /Users/louisekirkham/Documents/linkedin_learning/Ex_Files_Data_Engineering_Foundations/airflow_env/lib/python3.9/site-packages/airflow/example_dags/example_dag_decorator.py took 0.244 seconds
[2022-03-22 10:08:03,662] {processor.py:163} INFO - Started process (PID=84497) to work on /Users/louisekirkham/Documents/linkedin_learning/Ex_Files_Data_Engineering_Foundations/airflow_env/lib/python3.9/site-packages/airflow/example_dags/example_dag_decorator.py
[2022-03-22 10:08:03,663] {processor.py:642} INFO - Processing file /Users/louisekirkham/Documents/linkedin_learning/Ex_Files_Data_Engineering_Foundations/airflow_env/lib/python3.9/site-packages/airflow/example_dags/example_dag_decorator.py for tasks to queue
[2022-03-22 10:08:03,664] {logging_mixin.py:109} INFO - [2022-03-22 10:08:03,664] {dagbag.py:500} INFO - Filling up the DagBag from /Users/louisekirkham/Documents/linkedin_learning/Ex_Files_Data_Engineering_Foundations/airflow_env/lib/python3.9/site-packages/airflow/example_dags/example_dag_decorator.py
[2022-03-22 10:08:03,716] {processor.py:654} INFO - DAG(s) dict_keys(['example_dag_decorator']) retrieved from /Users/louisekirkham/Documents/linkedin_learning/Ex_Files_Data_Engineering_Foundations/airflow_env/lib/python3.9/site-packages/airflow/example_dags/example_dag_decorator.py
[2022-03-22 10:08:03,920] {logging_mixin.py:109} INFO - [2022-03-22 10:08:03,919] {dag.py:2398} INFO - Sync 1 DAGs
[2022-03-22 10:08:03,927] {logging_mixin.py:109} INFO - [2022-03-22 10:08:03,927] {dag.py:2937} INFO - Setting next_dagrun for example_dag_decorator to None
[2022-03-22 10:08:03,935] {processor.py:171} INFO - Processing /Users/louisekirkham/Documents/linkedin_learning/Ex_Files_Data_Engineering_Foundations/airflow_env/lib/python3.9/site-packages/airflow/example_dags/example_dag_decorator.py took 0.273 seconds
[2022-03-22 10:09:32,988] {processor.py:163} INFO - Started process (PID=84601) to work on /Users/louisekirkham/Documents/linkedin_learning/Ex_Files_Data_Engineering_Foundations/airflow_env/lib/python3.9/site-packages/airflow/example_dags/example_dag_decorator.py
[2022-03-22 10:09:32,988] {processor.py:642} INFO - Processing file /Users/louisekirkham/Documents/linkedin_learning/Ex_Files_Data_Engineering_Foundations/airflow_env/lib/python3.9/site-packages/airflow/example_dags/example_dag_decorator.py for tasks to queue
[2022-03-22 10:09:32,988] {logging_mixin.py:109} INFO - [2022-03-22 10:09:32,988] {dagbag.py:500} INFO - Filling up the DagBag from /Users/louisekirkham/Documents/linkedin_learning/Ex_Files_Data_Engineering_Foundations/airflow_env/lib/python3.9/site-packages/airflow/example_dags/example_dag_decorator.py
[2022-03-22 10:09:33,031] {processor.py:654} INFO - DAG(s) dict_keys(['example_dag_decorator']) retrieved from /Users/louisekirkham/Documents/linkedin_learning/Ex_Files_Data_Engineering_Foundations/airflow_env/lib/python3.9/site-packages/airflow/example_dags/example_dag_decorator.py
[2022-03-22 10:09:33,224] {logging_mixin.py:109} INFO - [2022-03-22 10:09:33,224] {dag.py:2398} INFO - Sync 1 DAGs
[2022-03-22 10:09:33,232] {logging_mixin.py:109} INFO - [2022-03-22 10:09:33,232] {dag.py:2937} INFO - Setting next_dagrun for example_dag_decorator to None
[2022-03-22 10:09:33,245] {processor.py:171} INFO - Processing /Users/louisekirkham/Documents/linkedin_learning/Ex_Files_Data_Engineering_Foundations/airflow_env/lib/python3.9/site-packages/airflow/example_dags/example_dag_decorator.py took 0.257 seconds
[2022-03-22 10:11:01,062] {processor.py:163} INFO - Started process (PID=85160) to work on /Users/louisekirkham/Documents/linkedin_learning/Ex_Files_Data_Engineering_Foundations/airflow_env/lib/python3.9/site-packages/airflow/example_dags/example_dag_decorator.py
[2022-03-22 10:11:01,063] {processor.py:642} INFO - Processing file /Users/louisekirkham/Documents/linkedin_learning/Ex_Files_Data_Engineering_Foundations/airflow_env/lib/python3.9/site-packages/airflow/example_dags/example_dag_decorator.py for tasks to queue
[2022-03-22 10:11:01,063] {logging_mixin.py:109} INFO - [2022-03-22 10:11:01,063] {dagbag.py:500} INFO - Filling up the DagBag from /Users/louisekirkham/Documents/linkedin_learning/Ex_Files_Data_Engineering_Foundations/airflow_env/lib/python3.9/site-packages/airflow/example_dags/example_dag_decorator.py
[2022-03-22 10:11:01,101] {processor.py:654} INFO - DAG(s) dict_keys(['example_dag_decorator']) retrieved from /Users/louisekirkham/Documents/linkedin_learning/Ex_Files_Data_Engineering_Foundations/airflow_env/lib/python3.9/site-packages/airflow/example_dags/example_dag_decorator.py
[2022-03-22 10:11:01,285] {logging_mixin.py:109} INFO - [2022-03-22 10:11:01,285] {dag.py:2398} INFO - Sync 1 DAGs
[2022-03-22 10:11:01,293] {logging_mixin.py:109} INFO - [2022-03-22 10:11:01,293] {dag.py:2937} INFO - Setting next_dagrun for example_dag_decorator to None
[2022-03-22 10:11:01,301] {processor.py:171} INFO - Processing /Users/louisekirkham/Documents/linkedin_learning/Ex_Files_Data_Engineering_Foundations/airflow_env/lib/python3.9/site-packages/airflow/example_dags/example_dag_decorator.py took 0.240 seconds
