[2022-03-22 09:54:17,874] {processor.py:163} INFO - Started process (PID=84095) to work on /Users/louisekirkham/Documents/linkedin_learning/Ex_Files_Data_Engineering_Foundations/airflow_env/lib/python3.9/site-packages/airflow/example_dags/example_xcomargs.py
[2022-03-22 09:54:17,875] {processor.py:642} INFO - Processing file /Users/louisekirkham/Documents/linkedin_learning/Ex_Files_Data_Engineering_Foundations/airflow_env/lib/python3.9/site-packages/airflow/example_dags/example_xcomargs.py for tasks to queue
[2022-03-22 09:54:17,875] {logging_mixin.py:109} INFO - [2022-03-22 09:54:17,875] {dagbag.py:500} INFO - Filling up the DagBag from /Users/louisekirkham/Documents/linkedin_learning/Ex_Files_Data_Engineering_Foundations/airflow_env/lib/python3.9/site-packages/airflow/example_dags/example_xcomargs.py
[2022-03-22 09:54:17,916] {processor.py:654} INFO - DAG(s) dict_keys(['example_xcom_args', 'example_xcom_args_with_operators']) retrieved from /Users/louisekirkham/Documents/linkedin_learning/Ex_Files_Data_Engineering_Foundations/airflow_env/lib/python3.9/site-packages/airflow/example_dags/example_xcomargs.py
[2022-03-22 09:54:18,104] {logging_mixin.py:109} INFO - [2022-03-22 09:54:18,104] {dag.py:2398} INFO - Sync 2 DAGs
[2022-03-22 09:54:18,112] {logging_mixin.py:109} INFO - [2022-03-22 09:54:18,112] {dag.py:2937} INFO - Setting next_dagrun for example_xcom_args to None
[2022-03-22 09:54:18,112] {logging_mixin.py:109} INFO - [2022-03-22 09:54:18,112] {dag.py:2937} INFO - Setting next_dagrun for example_xcom_args_with_operators to None
[2022-03-22 09:54:18,120] {processor.py:171} INFO - Processing /Users/louisekirkham/Documents/linkedin_learning/Ex_Files_Data_Engineering_Foundations/airflow_env/lib/python3.9/site-packages/airflow/example_dags/example_xcomargs.py took 0.246 seconds
[2022-03-22 10:05:24,694] {processor.py:163} INFO - Started process (PID=84227) to work on /Users/louisekirkham/Documents/linkedin_learning/Ex_Files_Data_Engineering_Foundations/airflow_env/lib/python3.9/site-packages/airflow/example_dags/example_xcomargs.py
[2022-03-22 10:05:24,695] {processor.py:642} INFO - Processing file /Users/louisekirkham/Documents/linkedin_learning/Ex_Files_Data_Engineering_Foundations/airflow_env/lib/python3.9/site-packages/airflow/example_dags/example_xcomargs.py for tasks to queue
[2022-03-22 10:05:24,695] {logging_mixin.py:109} INFO - [2022-03-22 10:05:24,695] {dagbag.py:500} INFO - Filling up the DagBag from /Users/louisekirkham/Documents/linkedin_learning/Ex_Files_Data_Engineering_Foundations/airflow_env/lib/python3.9/site-packages/airflow/example_dags/example_xcomargs.py
[2022-03-22 10:05:24,737] {processor.py:654} INFO - DAG(s) dict_keys(['example_xcom_args', 'example_xcom_args_with_operators']) retrieved from /Users/louisekirkham/Documents/linkedin_learning/Ex_Files_Data_Engineering_Foundations/airflow_env/lib/python3.9/site-packages/airflow/example_dags/example_xcomargs.py
[2022-03-22 10:05:24,922] {logging_mixin.py:109} INFO - [2022-03-22 10:05:24,921] {dag.py:2398} INFO - Sync 2 DAGs
[2022-03-22 10:05:24,928] {logging_mixin.py:109} INFO - [2022-03-22 10:05:24,928] {dag.py:2937} INFO - Setting next_dagrun for example_xcom_args to None
[2022-03-22 10:05:24,929] {logging_mixin.py:109} INFO - [2022-03-22 10:05:24,929] {dag.py:2937} INFO - Setting next_dagrun for example_xcom_args_with_operators to None
[2022-03-22 10:05:24,937] {processor.py:171} INFO - Processing /Users/louisekirkham/Documents/linkedin_learning/Ex_Files_Data_Engineering_Foundations/airflow_env/lib/python3.9/site-packages/airflow/example_dags/example_xcomargs.py took 0.243 seconds
[2022-03-22 10:07:06,772] {processor.py:163} INFO - Started process (PID=84443) to work on /Users/louisekirkham/Documents/linkedin_learning/Ex_Files_Data_Engineering_Foundations/airflow_env/lib/python3.9/site-packages/airflow/example_dags/example_xcomargs.py
[2022-03-22 10:07:06,772] {processor.py:642} INFO - Processing file /Users/louisekirkham/Documents/linkedin_learning/Ex_Files_Data_Engineering_Foundations/airflow_env/lib/python3.9/site-packages/airflow/example_dags/example_xcomargs.py for tasks to queue
[2022-03-22 10:07:06,773] {logging_mixin.py:109} INFO - [2022-03-22 10:07:06,773] {dagbag.py:500} INFO - Filling up the DagBag from /Users/louisekirkham/Documents/linkedin_learning/Ex_Files_Data_Engineering_Foundations/airflow_env/lib/python3.9/site-packages/airflow/example_dags/example_xcomargs.py
[2022-03-22 10:07:06,842] {processor.py:654} INFO - DAG(s) dict_keys(['example_xcom_args', 'example_xcom_args_with_operators']) retrieved from /Users/louisekirkham/Documents/linkedin_learning/Ex_Files_Data_Engineering_Foundations/airflow_env/lib/python3.9/site-packages/airflow/example_dags/example_xcomargs.py
[2022-03-22 10:07:07,131] {logging_mixin.py:109} INFO - [2022-03-22 10:07:07,131] {dag.py:2398} INFO - Sync 2 DAGs
[2022-03-22 10:07:07,141] {logging_mixin.py:109} INFO - [2022-03-22 10:07:07,141] {dag.py:2937} INFO - Setting next_dagrun for example_xcom_args to None
[2022-03-22 10:07:07,141] {logging_mixin.py:109} INFO - [2022-03-22 10:07:07,141] {dag.py:2937} INFO - Setting next_dagrun for example_xcom_args_with_operators to None
[2022-03-22 10:07:07,151] {processor.py:171} INFO - Processing /Users/louisekirkham/Documents/linkedin_learning/Ex_Files_Data_Engineering_Foundations/airflow_env/lib/python3.9/site-packages/airflow/example_dags/example_xcomargs.py took 0.380 seconds
[2022-03-22 10:08:39,952] {processor.py:163} INFO - Started process (PID=84543) to work on /Users/louisekirkham/Documents/linkedin_learning/Ex_Files_Data_Engineering_Foundations/airflow_env/lib/python3.9/site-packages/airflow/example_dags/example_xcomargs.py
[2022-03-22 10:08:39,952] {processor.py:642} INFO - Processing file /Users/louisekirkham/Documents/linkedin_learning/Ex_Files_Data_Engineering_Foundations/airflow_env/lib/python3.9/site-packages/airflow/example_dags/example_xcomargs.py for tasks to queue
[2022-03-22 10:08:39,952] {logging_mixin.py:109} INFO - [2022-03-22 10:08:39,952] {dagbag.py:500} INFO - Filling up the DagBag from /Users/louisekirkham/Documents/linkedin_learning/Ex_Files_Data_Engineering_Foundations/airflow_env/lib/python3.9/site-packages/airflow/example_dags/example_xcomargs.py
[2022-03-22 10:08:39,992] {processor.py:654} INFO - DAG(s) dict_keys(['example_xcom_args', 'example_xcom_args_with_operators']) retrieved from /Users/louisekirkham/Documents/linkedin_learning/Ex_Files_Data_Engineering_Foundations/airflow_env/lib/python3.9/site-packages/airflow/example_dags/example_xcomargs.py
[2022-03-22 10:08:40,175] {logging_mixin.py:109} INFO - [2022-03-22 10:08:40,175] {dag.py:2398} INFO - Sync 2 DAGs
[2022-03-22 10:08:40,182] {logging_mixin.py:109} INFO - [2022-03-22 10:08:40,182] {dag.py:2937} INFO - Setting next_dagrun for example_xcom_args to None
[2022-03-22 10:08:40,182] {logging_mixin.py:109} INFO - [2022-03-22 10:08:40,182] {dag.py:2937} INFO - Setting next_dagrun for example_xcom_args_with_operators to None
[2022-03-22 10:08:40,190] {processor.py:171} INFO - Processing /Users/louisekirkham/Documents/linkedin_learning/Ex_Files_Data_Engineering_Foundations/airflow_env/lib/python3.9/site-packages/airflow/example_dags/example_xcomargs.py took 0.239 seconds
[2022-03-22 10:10:09,324] {processor.py:163} INFO - Started process (PID=85054) to work on /Users/louisekirkham/Documents/linkedin_learning/Ex_Files_Data_Engineering_Foundations/airflow_env/lib/python3.9/site-packages/airflow/example_dags/example_xcomargs.py
[2022-03-22 10:10:09,324] {processor.py:642} INFO - Processing file /Users/louisekirkham/Documents/linkedin_learning/Ex_Files_Data_Engineering_Foundations/airflow_env/lib/python3.9/site-packages/airflow/example_dags/example_xcomargs.py for tasks to queue
[2022-03-22 10:10:09,325] {logging_mixin.py:109} INFO - [2022-03-22 10:10:09,325] {dagbag.py:500} INFO - Filling up the DagBag from /Users/louisekirkham/Documents/linkedin_learning/Ex_Files_Data_Engineering_Foundations/airflow_env/lib/python3.9/site-packages/airflow/example_dags/example_xcomargs.py
[2022-03-22 10:10:09,362] {processor.py:654} INFO - DAG(s) dict_keys(['example_xcom_args', 'example_xcom_args_with_operators']) retrieved from /Users/louisekirkham/Documents/linkedin_learning/Ex_Files_Data_Engineering_Foundations/airflow_env/lib/python3.9/site-packages/airflow/example_dags/example_xcomargs.py
[2022-03-22 10:10:09,536] {logging_mixin.py:109} INFO - [2022-03-22 10:10:09,536] {dag.py:2398} INFO - Sync 2 DAGs
[2022-03-22 10:10:09,543] {logging_mixin.py:109} INFO - [2022-03-22 10:10:09,543] {dag.py:2937} INFO - Setting next_dagrun for example_xcom_args to None
[2022-03-22 10:10:09,543] {logging_mixin.py:109} INFO - [2022-03-22 10:10:09,543] {dag.py:2937} INFO - Setting next_dagrun for example_xcom_args_with_operators to None
[2022-03-22 10:10:09,551] {processor.py:171} INFO - Processing /Users/louisekirkham/Documents/linkedin_learning/Ex_Files_Data_Engineering_Foundations/airflow_env/lib/python3.9/site-packages/airflow/example_dags/example_xcomargs.py took 0.228 seconds
[2022-03-22 10:11:39,879] {processor.py:163} INFO - Started process (PID=85263) to work on /Users/louisekirkham/Documents/linkedin_learning/Ex_Files_Data_Engineering_Foundations/airflow_env/lib/python3.9/site-packages/airflow/example_dags/example_xcomargs.py
[2022-03-22 10:11:39,880] {processor.py:642} INFO - Processing file /Users/louisekirkham/Documents/linkedin_learning/Ex_Files_Data_Engineering_Foundations/airflow_env/lib/python3.9/site-packages/airflow/example_dags/example_xcomargs.py for tasks to queue
[2022-03-22 10:11:39,881] {logging_mixin.py:109} INFO - [2022-03-22 10:11:39,880] {dagbag.py:500} INFO - Filling up the DagBag from /Users/louisekirkham/Documents/linkedin_learning/Ex_Files_Data_Engineering_Foundations/airflow_env/lib/python3.9/site-packages/airflow/example_dags/example_xcomargs.py
[2022-03-22 10:11:39,957] {processor.py:654} INFO - DAG(s) dict_keys(['example_xcom_args', 'example_xcom_args_with_operators']) retrieved from /Users/louisekirkham/Documents/linkedin_learning/Ex_Files_Data_Engineering_Foundations/airflow_env/lib/python3.9/site-packages/airflow/example_dags/example_xcomargs.py
[2022-03-22 10:11:40,327] {logging_mixin.py:109} INFO - [2022-03-22 10:11:40,327] {dag.py:2398} INFO - Sync 2 DAGs
[2022-03-22 10:11:40,340] {logging_mixin.py:109} INFO - [2022-03-22 10:11:40,340] {dag.py:2937} INFO - Setting next_dagrun for example_xcom_args to None
[2022-03-22 10:11:40,341] {logging_mixin.py:109} INFO - [2022-03-22 10:11:40,341] {dag.py:2937} INFO - Setting next_dagrun for example_xcom_args_with_operators to None
[2022-03-22 10:11:40,353] {processor.py:171} INFO - Processing /Users/louisekirkham/Documents/linkedin_learning/Ex_Files_Data_Engineering_Foundations/airflow_env/lib/python3.9/site-packages/airflow/example_dags/example_xcomargs.py took 0.475 seconds
