[2022-03-22 09:54:29,962] {processor.py:163} INFO - Started process (PID=84107) to work on /Users/louisekirkham/Documents/linkedin_learning/Ex_Files_Data_Engineering_Foundations/airflow_env/lib/python3.9/site-packages/airflow/example_dags/example_task_group_decorator.py
[2022-03-22 09:54:29,963] {processor.py:642} INFO - Processing file /Users/louisekirkham/Documents/linkedin_learning/Ex_Files_Data_Engineering_Foundations/airflow_env/lib/python3.9/site-packages/airflow/example_dags/example_task_group_decorator.py for tasks to queue
[2022-03-22 09:54:29,963] {logging_mixin.py:109} INFO - [2022-03-22 09:54:29,963] {dagbag.py:500} INFO - Filling up the DagBag from /Users/louisekirkham/Documents/linkedin_learning/Ex_Files_Data_Engineering_Foundations/airflow_env/lib/python3.9/site-packages/airflow/example_dags/example_task_group_decorator.py
[2022-03-22 09:54:30,005] {processor.py:654} INFO - DAG(s) dict_keys(['example_task_group_decorator']) retrieved from /Users/louisekirkham/Documents/linkedin_learning/Ex_Files_Data_Engineering_Foundations/airflow_env/lib/python3.9/site-packages/airflow/example_dags/example_task_group_decorator.py
[2022-03-22 09:54:30,187] {logging_mixin.py:109} INFO - [2022-03-22 09:54:30,187] {dag.py:2398} INFO - Sync 1 DAGs
[2022-03-22 09:54:30,196] {logging_mixin.py:109} INFO - [2022-03-22 09:54:30,196] {dag.py:2937} INFO - Setting next_dagrun for example_task_group_decorator to 2022-03-21T09:54:30.195965+00:00
[2022-03-22 09:54:30,203] {processor.py:171} INFO - Processing /Users/louisekirkham/Documents/linkedin_learning/Ex_Files_Data_Engineering_Foundations/airflow_env/lib/python3.9/site-packages/airflow/example_dags/example_task_group_decorator.py took 0.241 seconds
[2022-03-22 10:05:36,531] {processor.py:163} INFO - Started process (PID=84242) to work on /Users/louisekirkham/Documents/linkedin_learning/Ex_Files_Data_Engineering_Foundations/airflow_env/lib/python3.9/site-packages/airflow/example_dags/example_task_group_decorator.py
[2022-03-22 10:05:36,531] {processor.py:642} INFO - Processing file /Users/louisekirkham/Documents/linkedin_learning/Ex_Files_Data_Engineering_Foundations/airflow_env/lib/python3.9/site-packages/airflow/example_dags/example_task_group_decorator.py for tasks to queue
[2022-03-22 10:05:36,532] {logging_mixin.py:109} INFO - [2022-03-22 10:05:36,532] {dagbag.py:500} INFO - Filling up the DagBag from /Users/louisekirkham/Documents/linkedin_learning/Ex_Files_Data_Engineering_Foundations/airflow_env/lib/python3.9/site-packages/airflow/example_dags/example_task_group_decorator.py
[2022-03-22 10:05:36,579] {processor.py:654} INFO - DAG(s) dict_keys(['example_task_group_decorator']) retrieved from /Users/louisekirkham/Documents/linkedin_learning/Ex_Files_Data_Engineering_Foundations/airflow_env/lib/python3.9/site-packages/airflow/example_dags/example_task_group_decorator.py
[2022-03-22 10:05:36,778] {logging_mixin.py:109} INFO - [2022-03-22 10:05:36,777] {dag.py:2398} INFO - Sync 1 DAGs
[2022-03-22 10:05:36,786] {logging_mixin.py:109} INFO - [2022-03-22 10:05:36,786] {dag.py:2937} INFO - Setting next_dagrun for example_task_group_decorator to 2022-03-21T10:05:36.786145+00:00
[2022-03-22 10:05:36,794] {processor.py:171} INFO - Processing /Users/louisekirkham/Documents/linkedin_learning/Ex_Files_Data_Engineering_Foundations/airflow_env/lib/python3.9/site-packages/airflow/example_dags/example_task_group_decorator.py took 0.264 seconds
[2022-03-22 10:07:17,596] {processor.py:163} INFO - Started process (PID=84451) to work on /Users/louisekirkham/Documents/linkedin_learning/Ex_Files_Data_Engineering_Foundations/airflow_env/lib/python3.9/site-packages/airflow/example_dags/example_task_group_decorator.py
[2022-03-22 10:07:17,596] {processor.py:642} INFO - Processing file /Users/louisekirkham/Documents/linkedin_learning/Ex_Files_Data_Engineering_Foundations/airflow_env/lib/python3.9/site-packages/airflow/example_dags/example_task_group_decorator.py for tasks to queue
[2022-03-22 10:07:17,597] {logging_mixin.py:109} INFO - [2022-03-22 10:07:17,597] {dagbag.py:500} INFO - Filling up the DagBag from /Users/louisekirkham/Documents/linkedin_learning/Ex_Files_Data_Engineering_Foundations/airflow_env/lib/python3.9/site-packages/airflow/example_dags/example_task_group_decorator.py
[2022-03-22 10:07:17,658] {processor.py:654} INFO - DAG(s) dict_keys(['example_task_group_decorator']) retrieved from /Users/louisekirkham/Documents/linkedin_learning/Ex_Files_Data_Engineering_Foundations/airflow_env/lib/python3.9/site-packages/airflow/example_dags/example_task_group_decorator.py
[2022-03-22 10:07:17,932] {logging_mixin.py:109} INFO - [2022-03-22 10:07:17,932] {dag.py:2398} INFO - Sync 1 DAGs
[2022-03-22 10:07:17,947] {logging_mixin.py:109} INFO - [2022-03-22 10:07:17,947] {dag.py:2937} INFO - Setting next_dagrun for example_task_group_decorator to 2022-03-21T10:07:17.946924+00:00
[2022-03-22 10:07:17,958] {processor.py:171} INFO - Processing /Users/louisekirkham/Documents/linkedin_learning/Ex_Files_Data_Engineering_Foundations/airflow_env/lib/python3.9/site-packages/airflow/example_dags/example_task_group_decorator.py took 0.362 seconds
[2022-03-22 10:08:50,420] {processor.py:163} INFO - Started process (PID=84549) to work on /Users/louisekirkham/Documents/linkedin_learning/Ex_Files_Data_Engineering_Foundations/airflow_env/lib/python3.9/site-packages/airflow/example_dags/example_task_group_decorator.py
[2022-03-22 10:08:50,421] {processor.py:642} INFO - Processing file /Users/louisekirkham/Documents/linkedin_learning/Ex_Files_Data_Engineering_Foundations/airflow_env/lib/python3.9/site-packages/airflow/example_dags/example_task_group_decorator.py for tasks to queue
[2022-03-22 10:08:50,421] {logging_mixin.py:109} INFO - [2022-03-22 10:08:50,421] {dagbag.py:500} INFO - Filling up the DagBag from /Users/louisekirkham/Documents/linkedin_learning/Ex_Files_Data_Engineering_Foundations/airflow_env/lib/python3.9/site-packages/airflow/example_dags/example_task_group_decorator.py
[2022-03-22 10:08:50,468] {processor.py:654} INFO - DAG(s) dict_keys(['example_task_group_decorator']) retrieved from /Users/louisekirkham/Documents/linkedin_learning/Ex_Files_Data_Engineering_Foundations/airflow_env/lib/python3.9/site-packages/airflow/example_dags/example_task_group_decorator.py
[2022-03-22 10:08:50,657] {logging_mixin.py:109} INFO - [2022-03-22 10:08:50,657] {dag.py:2398} INFO - Sync 1 DAGs
[2022-03-22 10:08:50,665] {logging_mixin.py:109} INFO - [2022-03-22 10:08:50,665] {dag.py:2937} INFO - Setting next_dagrun for example_task_group_decorator to 2022-03-21T10:08:50.665112+00:00
[2022-03-22 10:08:50,673] {processor.py:171} INFO - Processing /Users/louisekirkham/Documents/linkedin_learning/Ex_Files_Data_Engineering_Foundations/airflow_env/lib/python3.9/site-packages/airflow/example_dags/example_task_group_decorator.py took 0.253 seconds
[2022-03-22 10:10:19,403] {processor.py:163} INFO - Started process (PID=85066) to work on /Users/louisekirkham/Documents/linkedin_learning/Ex_Files_Data_Engineering_Foundations/airflow_env/lib/python3.9/site-packages/airflow/example_dags/example_task_group_decorator.py
[2022-03-22 10:10:19,403] {processor.py:642} INFO - Processing file /Users/louisekirkham/Documents/linkedin_learning/Ex_Files_Data_Engineering_Foundations/airflow_env/lib/python3.9/site-packages/airflow/example_dags/example_task_group_decorator.py for tasks to queue
[2022-03-22 10:10:19,404] {logging_mixin.py:109} INFO - [2022-03-22 10:10:19,404] {dagbag.py:500} INFO - Filling up the DagBag from /Users/louisekirkham/Documents/linkedin_learning/Ex_Files_Data_Engineering_Foundations/airflow_env/lib/python3.9/site-packages/airflow/example_dags/example_task_group_decorator.py
[2022-03-22 10:10:19,444] {processor.py:654} INFO - DAG(s) dict_keys(['example_task_group_decorator']) retrieved from /Users/louisekirkham/Documents/linkedin_learning/Ex_Files_Data_Engineering_Foundations/airflow_env/lib/python3.9/site-packages/airflow/example_dags/example_task_group_decorator.py
[2022-03-22 10:10:19,623] {logging_mixin.py:109} INFO - [2022-03-22 10:10:19,623] {dag.py:2398} INFO - Sync 1 DAGs
[2022-03-22 10:10:19,631] {logging_mixin.py:109} INFO - [2022-03-22 10:10:19,630] {dag.py:2937} INFO - Setting next_dagrun for example_task_group_decorator to 2022-03-21T10:10:19.630831+00:00
[2022-03-22 10:10:19,638] {processor.py:171} INFO - Processing /Users/louisekirkham/Documents/linkedin_learning/Ex_Files_Data_Engineering_Foundations/airflow_env/lib/python3.9/site-packages/airflow/example_dags/example_task_group_decorator.py took 0.235 seconds
[2022-03-22 10:11:55,818] {processor.py:163} INFO - Started process (PID=85839) to work on /Users/louisekirkham/Documents/linkedin_learning/Ex_Files_Data_Engineering_Foundations/airflow_env/lib/python3.9/site-packages/airflow/example_dags/example_task_group_decorator.py
[2022-03-22 10:11:55,819] {processor.py:642} INFO - Processing file /Users/louisekirkham/Documents/linkedin_learning/Ex_Files_Data_Engineering_Foundations/airflow_env/lib/python3.9/site-packages/airflow/example_dags/example_task_group_decorator.py for tasks to queue
[2022-03-22 10:11:55,819] {logging_mixin.py:109} INFO - [2022-03-22 10:11:55,819] {dagbag.py:500} INFO - Filling up the DagBag from /Users/louisekirkham/Documents/linkedin_learning/Ex_Files_Data_Engineering_Foundations/airflow_env/lib/python3.9/site-packages/airflow/example_dags/example_task_group_decorator.py
[2022-03-22 10:11:55,884] {processor.py:654} INFO - DAG(s) dict_keys(['example_task_group_decorator']) retrieved from /Users/louisekirkham/Documents/linkedin_learning/Ex_Files_Data_Engineering_Foundations/airflow_env/lib/python3.9/site-packages/airflow/example_dags/example_task_group_decorator.py
[2022-03-22 10:11:56,160] {logging_mixin.py:109} INFO - [2022-03-22 10:11:56,160] {dag.py:2398} INFO - Sync 1 DAGs
[2022-03-22 10:11:56,169] {logging_mixin.py:109} INFO - [2022-03-22 10:11:56,169] {dag.py:2937} INFO - Setting next_dagrun for example_task_group_decorator to 2022-03-21T10:11:56.169556+00:00
[2022-03-22 10:11:56,179] {processor.py:171} INFO - Processing /Users/louisekirkham/Documents/linkedin_learning/Ex_Files_Data_Engineering_Foundations/airflow_env/lib/python3.9/site-packages/airflow/example_dags/example_task_group_decorator.py took 0.362 seconds
