[2022-03-22 09:55:06,854] {processor.py:163} INFO - Started process (PID=84149) to work on /Users/louisekirkham/Documents/linkedin_learning/Ex_Files_Data_Engineering_Foundations/airflow_env/lib/python3.9/site-packages/airflow/example_dags/example_branch_labels.py
[2022-03-22 09:55:06,854] {processor.py:642} INFO - Processing file /Users/louisekirkham/Documents/linkedin_learning/Ex_Files_Data_Engineering_Foundations/airflow_env/lib/python3.9/site-packages/airflow/example_dags/example_branch_labels.py for tasks to queue
[2022-03-22 09:55:06,854] {logging_mixin.py:109} INFO - [2022-03-22 09:55:06,854] {dagbag.py:500} INFO - Filling up the DagBag from /Users/louisekirkham/Documents/linkedin_learning/Ex_Files_Data_Engineering_Foundations/airflow_env/lib/python3.9/site-packages/airflow/example_dags/example_branch_labels.py
[2022-03-22 09:55:06,883] {processor.py:654} INFO - DAG(s) dict_keys(['example_branch_labels']) retrieved from /Users/louisekirkham/Documents/linkedin_learning/Ex_Files_Data_Engineering_Foundations/airflow_env/lib/python3.9/site-packages/airflow/example_dags/example_branch_labels.py
[2022-03-22 09:55:06,896] {logging_mixin.py:109} INFO - [2022-03-22 09:55:06,896] {dag.py:2398} INFO - Sync 1 DAGs
[2022-03-22 09:55:06,904] {logging_mixin.py:109} INFO - [2022-03-22 09:55:06,903] {dag.py:2937} INFO - Setting next_dagrun for example_branch_labels to 2022-03-21 00:00:00+00:00
[2022-03-22 09:55:06,910] {processor.py:171} INFO - Processing /Users/louisekirkham/Documents/linkedin_learning/Ex_Files_Data_Engineering_Foundations/airflow_env/lib/python3.9/site-packages/airflow/example_dags/example_branch_labels.py took 0.057 seconds
[2022-03-22 10:06:36,291] {processor.py:163} INFO - Started process (PID=84399) to work on /Users/louisekirkham/Documents/linkedin_learning/Ex_Files_Data_Engineering_Foundations/airflow_env/lib/python3.9/site-packages/airflow/example_dags/example_branch_labels.py
[2022-03-22 10:06:36,291] {processor.py:642} INFO - Processing file /Users/louisekirkham/Documents/linkedin_learning/Ex_Files_Data_Engineering_Foundations/airflow_env/lib/python3.9/site-packages/airflow/example_dags/example_branch_labels.py for tasks to queue
[2022-03-22 10:06:36,291] {logging_mixin.py:109} INFO - [2022-03-22 10:06:36,291] {dagbag.py:500} INFO - Filling up the DagBag from /Users/louisekirkham/Documents/linkedin_learning/Ex_Files_Data_Engineering_Foundations/airflow_env/lib/python3.9/site-packages/airflow/example_dags/example_branch_labels.py
[2022-03-22 10:06:36,319] {processor.py:654} INFO - DAG(s) dict_keys(['example_branch_labels']) retrieved from /Users/louisekirkham/Documents/linkedin_learning/Ex_Files_Data_Engineering_Foundations/airflow_env/lib/python3.9/site-packages/airflow/example_dags/example_branch_labels.py
[2022-03-22 10:06:36,332] {logging_mixin.py:109} INFO - [2022-03-22 10:06:36,332] {dag.py:2398} INFO - Sync 1 DAGs
[2022-03-22 10:06:36,339] {logging_mixin.py:109} INFO - [2022-03-22 10:06:36,339] {dag.py:2937} INFO - Setting next_dagrun for example_branch_labels to 2022-03-21 00:00:00+00:00
[2022-03-22 10:06:36,346] {processor.py:171} INFO - Processing /Users/louisekirkham/Documents/linkedin_learning/Ex_Files_Data_Engineering_Foundations/airflow_env/lib/python3.9/site-packages/airflow/example_dags/example_branch_labels.py took 0.056 seconds
[2022-03-22 10:08:11,642] {processor.py:163} INFO - Started process (PID=84502) to work on /Users/louisekirkham/Documents/linkedin_learning/Ex_Files_Data_Engineering_Foundations/airflow_env/lib/python3.9/site-packages/airflow/example_dags/example_branch_labels.py
[2022-03-22 10:08:11,643] {processor.py:642} INFO - Processing file /Users/louisekirkham/Documents/linkedin_learning/Ex_Files_Data_Engineering_Foundations/airflow_env/lib/python3.9/site-packages/airflow/example_dags/example_branch_labels.py for tasks to queue
[2022-03-22 10:08:11,644] {logging_mixin.py:109} INFO - [2022-03-22 10:08:11,644] {dagbag.py:500} INFO - Filling up the DagBag from /Users/louisekirkham/Documents/linkedin_learning/Ex_Files_Data_Engineering_Foundations/airflow_env/lib/python3.9/site-packages/airflow/example_dags/example_branch_labels.py
[2022-03-22 10:08:11,672] {processor.py:654} INFO - DAG(s) dict_keys(['example_branch_labels']) retrieved from /Users/louisekirkham/Documents/linkedin_learning/Ex_Files_Data_Engineering_Foundations/airflow_env/lib/python3.9/site-packages/airflow/example_dags/example_branch_labels.py
[2022-03-22 10:08:11,686] {logging_mixin.py:109} INFO - [2022-03-22 10:08:11,686] {dag.py:2398} INFO - Sync 1 DAGs
[2022-03-22 10:08:11,695] {logging_mixin.py:109} INFO - [2022-03-22 10:08:11,695] {dag.py:2937} INFO - Setting next_dagrun for example_branch_labels to 2022-03-21 00:00:00+00:00
[2022-03-22 10:08:11,701] {processor.py:171} INFO - Processing /Users/louisekirkham/Documents/linkedin_learning/Ex_Files_Data_Engineering_Foundations/airflow_env/lib/python3.9/site-packages/airflow/example_dags/example_branch_labels.py took 0.060 seconds
[2022-03-22 10:09:41,956] {processor.py:163} INFO - Started process (PID=84605) to work on /Users/louisekirkham/Documents/linkedin_learning/Ex_Files_Data_Engineering_Foundations/airflow_env/lib/python3.9/site-packages/airflow/example_dags/example_branch_labels.py
[2022-03-22 10:09:41,956] {processor.py:642} INFO - Processing file /Users/louisekirkham/Documents/linkedin_learning/Ex_Files_Data_Engineering_Foundations/airflow_env/lib/python3.9/site-packages/airflow/example_dags/example_branch_labels.py for tasks to queue
[2022-03-22 10:09:41,957] {logging_mixin.py:109} INFO - [2022-03-22 10:09:41,957] {dagbag.py:500} INFO - Filling up the DagBag from /Users/louisekirkham/Documents/linkedin_learning/Ex_Files_Data_Engineering_Foundations/airflow_env/lib/python3.9/site-packages/airflow/example_dags/example_branch_labels.py
[2022-03-22 10:09:41,990] {processor.py:654} INFO - DAG(s) dict_keys(['example_branch_labels']) retrieved from /Users/louisekirkham/Documents/linkedin_learning/Ex_Files_Data_Engineering_Foundations/airflow_env/lib/python3.9/site-packages/airflow/example_dags/example_branch_labels.py
[2022-03-22 10:09:42,008] {logging_mixin.py:109} INFO - [2022-03-22 10:09:42,008] {dag.py:2398} INFO - Sync 1 DAGs
[2022-03-22 10:09:42,020] {logging_mixin.py:109} INFO - [2022-03-22 10:09:42,020] {dag.py:2937} INFO - Setting next_dagrun for example_branch_labels to 2022-03-21 00:00:00+00:00
[2022-03-22 10:09:42,028] {processor.py:171} INFO - Processing /Users/louisekirkham/Documents/linkedin_learning/Ex_Files_Data_Engineering_Foundations/airflow_env/lib/python3.9/site-packages/airflow/example_dags/example_branch_labels.py took 0.073 seconds
[2022-03-22 10:11:09,696] {processor.py:163} INFO - Started process (PID=85165) to work on /Users/louisekirkham/Documents/linkedin_learning/Ex_Files_Data_Engineering_Foundations/airflow_env/lib/python3.9/site-packages/airflow/example_dags/example_branch_labels.py
[2022-03-22 10:11:09,696] {processor.py:642} INFO - Processing file /Users/louisekirkham/Documents/linkedin_learning/Ex_Files_Data_Engineering_Foundations/airflow_env/lib/python3.9/site-packages/airflow/example_dags/example_branch_labels.py for tasks to queue
[2022-03-22 10:11:09,696] {logging_mixin.py:109} INFO - [2022-03-22 10:11:09,696] {dagbag.py:500} INFO - Filling up the DagBag from /Users/louisekirkham/Documents/linkedin_learning/Ex_Files_Data_Engineering_Foundations/airflow_env/lib/python3.9/site-packages/airflow/example_dags/example_branch_labels.py
[2022-03-22 10:11:09,722] {processor.py:654} INFO - DAG(s) dict_keys(['example_branch_labels']) retrieved from /Users/louisekirkham/Documents/linkedin_learning/Ex_Files_Data_Engineering_Foundations/airflow_env/lib/python3.9/site-packages/airflow/example_dags/example_branch_labels.py
[2022-03-22 10:11:09,737] {logging_mixin.py:109} INFO - [2022-03-22 10:11:09,736] {dag.py:2398} INFO - Sync 1 DAGs
[2022-03-22 10:11:09,744] {logging_mixin.py:109} INFO - [2022-03-22 10:11:09,744] {dag.py:2937} INFO - Setting next_dagrun for example_branch_labels to 2022-03-21 00:00:00+00:00
[2022-03-22 10:11:09,751] {processor.py:171} INFO - Processing /Users/louisekirkham/Documents/linkedin_learning/Ex_Files_Data_Engineering_Foundations/airflow_env/lib/python3.9/site-packages/airflow/example_dags/example_branch_labels.py took 0.056 seconds
