[2022-03-22 09:54:40,910] {processor.py:163} INFO - Started process (PID=84122) to work on /Users/louisekirkham/Documents/linkedin_learning/Ex_Files_Data_Engineering_Foundations/airflow_env/lib/python3.9/site-packages/airflow/example_dags/example_short_circuit_operator.py
[2022-03-22 09:54:40,910] {processor.py:642} INFO - Processing file /Users/louisekirkham/Documents/linkedin_learning/Ex_Files_Data_Engineering_Foundations/airflow_env/lib/python3.9/site-packages/airflow/example_dags/example_short_circuit_operator.py for tasks to queue
[2022-03-22 09:54:40,910] {logging_mixin.py:109} INFO - [2022-03-22 09:54:40,910] {dagbag.py:500} INFO - Filling up the DagBag from /Users/louisekirkham/Documents/linkedin_learning/Ex_Files_Data_Engineering_Foundations/airflow_env/lib/python3.9/site-packages/airflow/example_dags/example_short_circuit_operator.py
[2022-03-22 09:54:40,966] {processor.py:654} INFO - DAG(s) dict_keys(['example_short_circuit_operator']) retrieved from /Users/louisekirkham/Documents/linkedin_learning/Ex_Files_Data_Engineering_Foundations/airflow_env/lib/python3.9/site-packages/airflow/example_dags/example_short_circuit_operator.py
[2022-03-22 09:54:40,987] {logging_mixin.py:109} INFO - [2022-03-22 09:54:40,986] {dag.py:2398} INFO - Sync 1 DAGs
[2022-03-22 09:54:41,004] {logging_mixin.py:109} INFO - [2022-03-22 09:54:41,004] {dag.py:2937} INFO - Setting next_dagrun for example_short_circuit_operator to 2022-03-21T09:54:41.004274+00:00
[2022-03-22 09:54:41,027] {processor.py:171} INFO - Processing /Users/louisekirkham/Documents/linkedin_learning/Ex_Files_Data_Engineering_Foundations/airflow_env/lib/python3.9/site-packages/airflow/example_dags/example_short_circuit_operator.py took 0.118 seconds
[2022-03-22 10:05:47,233] {processor.py:163} INFO - Started process (PID=84254) to work on /Users/louisekirkham/Documents/linkedin_learning/Ex_Files_Data_Engineering_Foundations/airflow_env/lib/python3.9/site-packages/airflow/example_dags/example_short_circuit_operator.py
[2022-03-22 10:05:47,234] {processor.py:642} INFO - Processing file /Users/louisekirkham/Documents/linkedin_learning/Ex_Files_Data_Engineering_Foundations/airflow_env/lib/python3.9/site-packages/airflow/example_dags/example_short_circuit_operator.py for tasks to queue
[2022-03-22 10:05:47,234] {logging_mixin.py:109} INFO - [2022-03-22 10:05:47,234] {dagbag.py:500} INFO - Filling up the DagBag from /Users/louisekirkham/Documents/linkedin_learning/Ex_Files_Data_Engineering_Foundations/airflow_env/lib/python3.9/site-packages/airflow/example_dags/example_short_circuit_operator.py
[2022-03-22 10:05:47,272] {processor.py:654} INFO - DAG(s) dict_keys(['example_short_circuit_operator']) retrieved from /Users/louisekirkham/Documents/linkedin_learning/Ex_Files_Data_Engineering_Foundations/airflow_env/lib/python3.9/site-packages/airflow/example_dags/example_short_circuit_operator.py
[2022-03-22 10:05:47,288] {logging_mixin.py:109} INFO - [2022-03-22 10:05:47,287] {dag.py:2398} INFO - Sync 1 DAGs
[2022-03-22 10:05:47,297] {logging_mixin.py:109} INFO - [2022-03-22 10:05:47,297] {dag.py:2937} INFO - Setting next_dagrun for example_short_circuit_operator to 2022-03-21T10:05:47.297374+00:00
[2022-03-22 10:05:47,305] {processor.py:171} INFO - Processing /Users/louisekirkham/Documents/linkedin_learning/Ex_Files_Data_Engineering_Foundations/airflow_env/lib/python3.9/site-packages/airflow/example_dags/example_short_circuit_operator.py took 0.072 seconds
[2022-03-22 10:07:27,803] {processor.py:163} INFO - Started process (PID=84457) to work on /Users/louisekirkham/Documents/linkedin_learning/Ex_Files_Data_Engineering_Foundations/airflow_env/lib/python3.9/site-packages/airflow/example_dags/example_short_circuit_operator.py
[2022-03-22 10:07:27,803] {processor.py:642} INFO - Processing file /Users/louisekirkham/Documents/linkedin_learning/Ex_Files_Data_Engineering_Foundations/airflow_env/lib/python3.9/site-packages/airflow/example_dags/example_short_circuit_operator.py for tasks to queue
[2022-03-22 10:07:27,804] {logging_mixin.py:109} INFO - [2022-03-22 10:07:27,804] {dagbag.py:500} INFO - Filling up the DagBag from /Users/louisekirkham/Documents/linkedin_learning/Ex_Files_Data_Engineering_Foundations/airflow_env/lib/python3.9/site-packages/airflow/example_dags/example_short_circuit_operator.py
[2022-03-22 10:07:27,843] {processor.py:654} INFO - DAG(s) dict_keys(['example_short_circuit_operator']) retrieved from /Users/louisekirkham/Documents/linkedin_learning/Ex_Files_Data_Engineering_Foundations/airflow_env/lib/python3.9/site-packages/airflow/example_dags/example_short_circuit_operator.py
[2022-03-22 10:07:27,859] {logging_mixin.py:109} INFO - [2022-03-22 10:07:27,859] {dag.py:2398} INFO - Sync 1 DAGs
[2022-03-22 10:07:27,866] {logging_mixin.py:109} INFO - [2022-03-22 10:07:27,866] {dag.py:2937} INFO - Setting next_dagrun for example_short_circuit_operator to 2022-03-21T10:07:27.865954+00:00
[2022-03-22 10:07:27,874] {processor.py:171} INFO - Processing /Users/louisekirkham/Documents/linkedin_learning/Ex_Files_Data_Engineering_Foundations/airflow_env/lib/python3.9/site-packages/airflow/example_dags/example_short_circuit_operator.py took 0.072 seconds
[2022-03-22 10:09:00,709] {processor.py:163} INFO - Started process (PID=84554) to work on /Users/louisekirkham/Documents/linkedin_learning/Ex_Files_Data_Engineering_Foundations/airflow_env/lib/python3.9/site-packages/airflow/example_dags/example_short_circuit_operator.py
[2022-03-22 10:09:00,709] {processor.py:642} INFO - Processing file /Users/louisekirkham/Documents/linkedin_learning/Ex_Files_Data_Engineering_Foundations/airflow_env/lib/python3.9/site-packages/airflow/example_dags/example_short_circuit_operator.py for tasks to queue
[2022-03-22 10:09:00,709] {logging_mixin.py:109} INFO - [2022-03-22 10:09:00,709] {dagbag.py:500} INFO - Filling up the DagBag from /Users/louisekirkham/Documents/linkedin_learning/Ex_Files_Data_Engineering_Foundations/airflow_env/lib/python3.9/site-packages/airflow/example_dags/example_short_circuit_operator.py
[2022-03-22 10:09:00,748] {processor.py:654} INFO - DAG(s) dict_keys(['example_short_circuit_operator']) retrieved from /Users/louisekirkham/Documents/linkedin_learning/Ex_Files_Data_Engineering_Foundations/airflow_env/lib/python3.9/site-packages/airflow/example_dags/example_short_circuit_operator.py
[2022-03-22 10:09:00,763] {logging_mixin.py:109} INFO - [2022-03-22 10:09:00,763] {dag.py:2398} INFO - Sync 1 DAGs
[2022-03-22 10:09:00,770] {logging_mixin.py:109} INFO - [2022-03-22 10:09:00,770] {dag.py:2937} INFO - Setting next_dagrun for example_short_circuit_operator to 2022-03-21T10:09:00.770404+00:00
[2022-03-22 10:09:00,778] {processor.py:171} INFO - Processing /Users/louisekirkham/Documents/linkedin_learning/Ex_Files_Data_Engineering_Foundations/airflow_env/lib/python3.9/site-packages/airflow/example_dags/example_short_circuit_operator.py took 0.070 seconds
[2022-03-22 10:10:29,185] {processor.py:163} INFO - Started process (PID=85098) to work on /Users/louisekirkham/Documents/linkedin_learning/Ex_Files_Data_Engineering_Foundations/airflow_env/lib/python3.9/site-packages/airflow/example_dags/example_short_circuit_operator.py
[2022-03-22 10:10:29,186] {processor.py:642} INFO - Processing file /Users/louisekirkham/Documents/linkedin_learning/Ex_Files_Data_Engineering_Foundations/airflow_env/lib/python3.9/site-packages/airflow/example_dags/example_short_circuit_operator.py for tasks to queue
[2022-03-22 10:10:29,186] {logging_mixin.py:109} INFO - [2022-03-22 10:10:29,186] {dagbag.py:500} INFO - Filling up the DagBag from /Users/louisekirkham/Documents/linkedin_learning/Ex_Files_Data_Engineering_Foundations/airflow_env/lib/python3.9/site-packages/airflow/example_dags/example_short_circuit_operator.py
[2022-03-22 10:10:29,218] {processor.py:654} INFO - DAG(s) dict_keys(['example_short_circuit_operator']) retrieved from /Users/louisekirkham/Documents/linkedin_learning/Ex_Files_Data_Engineering_Foundations/airflow_env/lib/python3.9/site-packages/airflow/example_dags/example_short_circuit_operator.py
[2022-03-22 10:10:29,231] {logging_mixin.py:109} INFO - [2022-03-22 10:10:29,231] {dag.py:2398} INFO - Sync 1 DAGs
[2022-03-22 10:10:29,237] {logging_mixin.py:109} INFO - [2022-03-22 10:10:29,237] {dag.py:2937} INFO - Setting next_dagrun for example_short_circuit_operator to 2022-03-21T10:10:29.237654+00:00
[2022-03-22 10:10:29,244] {processor.py:171} INFO - Processing /Users/louisekirkham/Documents/linkedin_learning/Ex_Files_Data_Engineering_Foundations/airflow_env/lib/python3.9/site-packages/airflow/example_dags/example_short_circuit_operator.py took 0.059 seconds
[2022-03-22 10:12:09,257] {processor.py:163} INFO - Started process (PID=85845) to work on /Users/louisekirkham/Documents/linkedin_learning/Ex_Files_Data_Engineering_Foundations/airflow_env/lib/python3.9/site-packages/airflow/example_dags/example_short_circuit_operator.py
[2022-03-22 10:12:09,258] {processor.py:642} INFO - Processing file /Users/louisekirkham/Documents/linkedin_learning/Ex_Files_Data_Engineering_Foundations/airflow_env/lib/python3.9/site-packages/airflow/example_dags/example_short_circuit_operator.py for tasks to queue
[2022-03-22 10:12:09,258] {logging_mixin.py:109} INFO - [2022-03-22 10:12:09,258] {dagbag.py:500} INFO - Filling up the DagBag from /Users/louisekirkham/Documents/linkedin_learning/Ex_Files_Data_Engineering_Foundations/airflow_env/lib/python3.9/site-packages/airflow/example_dags/example_short_circuit_operator.py
[2022-03-22 10:12:09,315] {processor.py:654} INFO - DAG(s) dict_keys(['example_short_circuit_operator']) retrieved from /Users/louisekirkham/Documents/linkedin_learning/Ex_Files_Data_Engineering_Foundations/airflow_env/lib/python3.9/site-packages/airflow/example_dags/example_short_circuit_operator.py
[2022-03-22 10:12:09,336] {logging_mixin.py:109} INFO - [2022-03-22 10:12:09,335] {dag.py:2398} INFO - Sync 1 DAGs
[2022-03-22 10:12:09,345] {logging_mixin.py:109} INFO - [2022-03-22 10:12:09,345] {dag.py:2937} INFO - Setting next_dagrun for example_short_circuit_operator to 2022-03-21T10:12:09.345338+00:00
[2022-03-22 10:12:09,355] {processor.py:171} INFO - Processing /Users/louisekirkham/Documents/linkedin_learning/Ex_Files_Data_Engineering_Foundations/airflow_env/lib/python3.9/site-packages/airflow/example_dags/example_short_circuit_operator.py took 0.099 seconds
