[2022-03-22 09:54:48,947] {processor.py:163} INFO - Started process (PID=84139) to work on /Users/louisekirkham/Documents/linkedin_learning/Ex_Files_Data_Engineering_Foundations/airflow_env/lib/python3.9/site-packages/airflow/example_dags/example_nested_branch_dag.py
[2022-03-22 09:54:48,947] {processor.py:642} INFO - Processing file /Users/louisekirkham/Documents/linkedin_learning/Ex_Files_Data_Engineering_Foundations/airflow_env/lib/python3.9/site-packages/airflow/example_dags/example_nested_branch_dag.py for tasks to queue
[2022-03-22 09:54:48,948] {logging_mixin.py:109} INFO - [2022-03-22 09:54:48,948] {dagbag.py:500} INFO - Filling up the DagBag from /Users/louisekirkham/Documents/linkedin_learning/Ex_Files_Data_Engineering_Foundations/airflow_env/lib/python3.9/site-packages/airflow/example_dags/example_nested_branch_dag.py
[2022-03-22 09:54:48,991] {processor.py:654} INFO - DAG(s) dict_keys(['example_nested_branch_dag']) retrieved from /Users/louisekirkham/Documents/linkedin_learning/Ex_Files_Data_Engineering_Foundations/airflow_env/lib/python3.9/site-packages/airflow/example_dags/example_nested_branch_dag.py
[2022-03-22 09:54:49,006] {logging_mixin.py:109} INFO - [2022-03-22 09:54:49,006] {dag.py:2398} INFO - Sync 1 DAGs
[2022-03-22 09:54:49,017] {logging_mixin.py:109} INFO - [2022-03-22 09:54:49,017] {dag.py:2937} INFO - Setting next_dagrun for example_nested_branch_dag to 2022-03-21 00:00:00+00:00
[2022-03-22 09:54:49,025] {processor.py:171} INFO - Processing /Users/louisekirkham/Documents/linkedin_learning/Ex_Files_Data_Engineering_Foundations/airflow_env/lib/python3.9/site-packages/airflow/example_dags/example_nested_branch_dag.py took 0.079 seconds
[2022-03-22 10:06:17,843] {processor.py:163} INFO - Started process (PID=84325) to work on /Users/louisekirkham/Documents/linkedin_learning/Ex_Files_Data_Engineering_Foundations/airflow_env/lib/python3.9/site-packages/airflow/example_dags/example_nested_branch_dag.py
[2022-03-22 10:06:17,844] {processor.py:642} INFO - Processing file /Users/louisekirkham/Documents/linkedin_learning/Ex_Files_Data_Engineering_Foundations/airflow_env/lib/python3.9/site-packages/airflow/example_dags/example_nested_branch_dag.py for tasks to queue
[2022-03-22 10:06:17,844] {logging_mixin.py:109} INFO - [2022-03-22 10:06:17,844] {dagbag.py:500} INFO - Filling up the DagBag from /Users/louisekirkham/Documents/linkedin_learning/Ex_Files_Data_Engineering_Foundations/airflow_env/lib/python3.9/site-packages/airflow/example_dags/example_nested_branch_dag.py
[2022-03-22 10:06:17,904] {processor.py:654} INFO - DAG(s) dict_keys(['example_nested_branch_dag']) retrieved from /Users/louisekirkham/Documents/linkedin_learning/Ex_Files_Data_Engineering_Foundations/airflow_env/lib/python3.9/site-packages/airflow/example_dags/example_nested_branch_dag.py
[2022-03-22 10:06:17,922] {logging_mixin.py:109} INFO - [2022-03-22 10:06:17,921] {dag.py:2398} INFO - Sync 1 DAGs
[2022-03-22 10:06:17,936] {logging_mixin.py:109} INFO - [2022-03-22 10:06:17,936] {dag.py:2937} INFO - Setting next_dagrun for example_nested_branch_dag to 2022-03-21 00:00:00+00:00
[2022-03-22 10:06:17,946] {processor.py:171} INFO - Processing /Users/louisekirkham/Documents/linkedin_learning/Ex_Files_Data_Engineering_Foundations/airflow_env/lib/python3.9/site-packages/airflow/example_dags/example_nested_branch_dag.py took 0.104 seconds
[2022-03-22 10:07:53,418] {processor.py:163} INFO - Started process (PID=84492) to work on /Users/louisekirkham/Documents/linkedin_learning/Ex_Files_Data_Engineering_Foundations/airflow_env/lib/python3.9/site-packages/airflow/example_dags/example_nested_branch_dag.py
[2022-03-22 10:07:53,418] {processor.py:642} INFO - Processing file /Users/louisekirkham/Documents/linkedin_learning/Ex_Files_Data_Engineering_Foundations/airflow_env/lib/python3.9/site-packages/airflow/example_dags/example_nested_branch_dag.py for tasks to queue
[2022-03-22 10:07:53,418] {logging_mixin.py:109} INFO - [2022-03-22 10:07:53,418] {dagbag.py:500} INFO - Filling up the DagBag from /Users/louisekirkham/Documents/linkedin_learning/Ex_Files_Data_Engineering_Foundations/airflow_env/lib/python3.9/site-packages/airflow/example_dags/example_nested_branch_dag.py
[2022-03-22 10:07:53,458] {processor.py:654} INFO - DAG(s) dict_keys(['example_nested_branch_dag']) retrieved from /Users/louisekirkham/Documents/linkedin_learning/Ex_Files_Data_Engineering_Foundations/airflow_env/lib/python3.9/site-packages/airflow/example_dags/example_nested_branch_dag.py
[2022-03-22 10:07:53,475] {logging_mixin.py:109} INFO - [2022-03-22 10:07:53,475] {dag.py:2398} INFO - Sync 1 DAGs
[2022-03-22 10:07:53,484] {logging_mixin.py:109} INFO - [2022-03-22 10:07:53,484] {dag.py:2937} INFO - Setting next_dagrun for example_nested_branch_dag to 2022-03-21 00:00:00+00:00
[2022-03-22 10:07:53,491] {processor.py:171} INFO - Processing /Users/louisekirkham/Documents/linkedin_learning/Ex_Files_Data_Engineering_Foundations/airflow_env/lib/python3.9/site-packages/airflow/example_dags/example_nested_branch_dag.py took 0.074 seconds
[2022-03-22 10:09:23,709] {processor.py:163} INFO - Started process (PID=84591) to work on /Users/louisekirkham/Documents/linkedin_learning/Ex_Files_Data_Engineering_Foundations/airflow_env/lib/python3.9/site-packages/airflow/example_dags/example_nested_branch_dag.py
[2022-03-22 10:09:23,709] {processor.py:642} INFO - Processing file /Users/louisekirkham/Documents/linkedin_learning/Ex_Files_Data_Engineering_Foundations/airflow_env/lib/python3.9/site-packages/airflow/example_dags/example_nested_branch_dag.py for tasks to queue
[2022-03-22 10:09:23,709] {logging_mixin.py:109} INFO - [2022-03-22 10:09:23,709] {dagbag.py:500} INFO - Filling up the DagBag from /Users/louisekirkham/Documents/linkedin_learning/Ex_Files_Data_Engineering_Foundations/airflow_env/lib/python3.9/site-packages/airflow/example_dags/example_nested_branch_dag.py
[2022-03-22 10:09:23,748] {processor.py:654} INFO - DAG(s) dict_keys(['example_nested_branch_dag']) retrieved from /Users/louisekirkham/Documents/linkedin_learning/Ex_Files_Data_Engineering_Foundations/airflow_env/lib/python3.9/site-packages/airflow/example_dags/example_nested_branch_dag.py
[2022-03-22 10:09:23,762] {logging_mixin.py:109} INFO - [2022-03-22 10:09:23,762] {dag.py:2398} INFO - Sync 1 DAGs
[2022-03-22 10:09:23,771] {logging_mixin.py:109} INFO - [2022-03-22 10:09:23,771] {dag.py:2937} INFO - Setting next_dagrun for example_nested_branch_dag to 2022-03-21 00:00:00+00:00
[2022-03-22 10:09:23,777] {processor.py:171} INFO - Processing /Users/louisekirkham/Documents/linkedin_learning/Ex_Files_Data_Engineering_Foundations/airflow_env/lib/python3.9/site-packages/airflow/example_dags/example_nested_branch_dag.py took 0.069 seconds
[2022-03-22 10:10:51,604] {processor.py:163} INFO - Started process (PID=85149) to work on /Users/louisekirkham/Documents/linkedin_learning/Ex_Files_Data_Engineering_Foundations/airflow_env/lib/python3.9/site-packages/airflow/example_dags/example_nested_branch_dag.py
[2022-03-22 10:10:51,604] {processor.py:642} INFO - Processing file /Users/louisekirkham/Documents/linkedin_learning/Ex_Files_Data_Engineering_Foundations/airflow_env/lib/python3.9/site-packages/airflow/example_dags/example_nested_branch_dag.py for tasks to queue
[2022-03-22 10:10:51,604] {logging_mixin.py:109} INFO - [2022-03-22 10:10:51,604] {dagbag.py:500} INFO - Filling up the DagBag from /Users/louisekirkham/Documents/linkedin_learning/Ex_Files_Data_Engineering_Foundations/airflow_env/lib/python3.9/site-packages/airflow/example_dags/example_nested_branch_dag.py
[2022-03-22 10:10:51,641] {processor.py:654} INFO - DAG(s) dict_keys(['example_nested_branch_dag']) retrieved from /Users/louisekirkham/Documents/linkedin_learning/Ex_Files_Data_Engineering_Foundations/airflow_env/lib/python3.9/site-packages/airflow/example_dags/example_nested_branch_dag.py
[2022-03-22 10:10:51,654] {logging_mixin.py:109} INFO - [2022-03-22 10:10:51,654] {dag.py:2398} INFO - Sync 1 DAGs
[2022-03-22 10:10:51,663] {logging_mixin.py:109} INFO - [2022-03-22 10:10:51,663] {dag.py:2937} INFO - Setting next_dagrun for example_nested_branch_dag to 2022-03-21 00:00:00+00:00
[2022-03-22 10:10:51,669] {processor.py:171} INFO - Processing /Users/louisekirkham/Documents/linkedin_learning/Ex_Files_Data_Engineering_Foundations/airflow_env/lib/python3.9/site-packages/airflow/example_dags/example_nested_branch_dag.py took 0.066 seconds
