[2022-03-22 09:54:14,435] {processor.py:163} INFO - Started process (PID=84093) to work on /Users/louisekirkham/Documents/linkedin_learning/Ex_Files_Data_Engineering_Foundations/airflow_env/lib/python3.9/site-packages/airflow/example_dags/tutorial_etl_dag.py
[2022-03-22 09:54:14,436] {processor.py:642} INFO - Processing file /Users/louisekirkham/Documents/linkedin_learning/Ex_Files_Data_Engineering_Foundations/airflow_env/lib/python3.9/site-packages/airflow/example_dags/tutorial_etl_dag.py for tasks to queue
[2022-03-22 09:54:14,436] {logging_mixin.py:109} INFO - [2022-03-22 09:54:14,436] {dagbag.py:500} INFO - Filling up the DagBag from /Users/louisekirkham/Documents/linkedin_learning/Ex_Files_Data_Engineering_Foundations/airflow_env/lib/python3.9/site-packages/airflow/example_dags/tutorial_etl_dag.py
[2022-03-22 09:54:14,478] {processor.py:654} INFO - DAG(s) dict_keys(['tutorial_etl_dag']) retrieved from /Users/louisekirkham/Documents/linkedin_learning/Ex_Files_Data_Engineering_Foundations/airflow_env/lib/python3.9/site-packages/airflow/example_dags/tutorial_etl_dag.py
[2022-03-22 09:54:14,494] {logging_mixin.py:109} INFO - [2022-03-22 09:54:14,493] {dag.py:2398} INFO - Sync 1 DAGs
[2022-03-22 09:54:14,502] {logging_mixin.py:109} INFO - [2022-03-22 09:54:14,501] {dag.py:2937} INFO - Setting next_dagrun for tutorial_etl_dag to None
[2022-03-22 09:54:14,509] {processor.py:171} INFO - Processing /Users/louisekirkham/Documents/linkedin_learning/Ex_Files_Data_Engineering_Foundations/airflow_env/lib/python3.9/site-packages/airflow/example_dags/tutorial_etl_dag.py took 0.074 seconds
[2022-03-22 10:05:20,723] {processor.py:163} INFO - Started process (PID=84224) to work on /Users/louisekirkham/Documents/linkedin_learning/Ex_Files_Data_Engineering_Foundations/airflow_env/lib/python3.9/site-packages/airflow/example_dags/tutorial_etl_dag.py
[2022-03-22 10:05:20,723] {processor.py:642} INFO - Processing file /Users/louisekirkham/Documents/linkedin_learning/Ex_Files_Data_Engineering_Foundations/airflow_env/lib/python3.9/site-packages/airflow/example_dags/tutorial_etl_dag.py for tasks to queue
[2022-03-22 10:05:20,723] {logging_mixin.py:109} INFO - [2022-03-22 10:05:20,723] {dagbag.py:500} INFO - Filling up the DagBag from /Users/louisekirkham/Documents/linkedin_learning/Ex_Files_Data_Engineering_Foundations/airflow_env/lib/python3.9/site-packages/airflow/example_dags/tutorial_etl_dag.py
[2022-03-22 10:05:20,760] {processor.py:654} INFO - DAG(s) dict_keys(['tutorial_etl_dag']) retrieved from /Users/louisekirkham/Documents/linkedin_learning/Ex_Files_Data_Engineering_Foundations/airflow_env/lib/python3.9/site-packages/airflow/example_dags/tutorial_etl_dag.py
[2022-03-22 10:05:20,773] {logging_mixin.py:109} INFO - [2022-03-22 10:05:20,773] {dag.py:2398} INFO - Sync 1 DAGs
[2022-03-22 10:05:20,780] {logging_mixin.py:109} INFO - [2022-03-22 10:05:20,780] {dag.py:2937} INFO - Setting next_dagrun for tutorial_etl_dag to None
[2022-03-22 10:05:20,787] {processor.py:171} INFO - Processing /Users/louisekirkham/Documents/linkedin_learning/Ex_Files_Data_Engineering_Foundations/airflow_env/lib/python3.9/site-packages/airflow/example_dags/tutorial_etl_dag.py took 0.065 seconds
[2022-03-22 10:07:02,644] {processor.py:163} INFO - Started process (PID=84439) to work on /Users/louisekirkham/Documents/linkedin_learning/Ex_Files_Data_Engineering_Foundations/airflow_env/lib/python3.9/site-packages/airflow/example_dags/tutorial_etl_dag.py
[2022-03-22 10:07:02,644] {processor.py:642} INFO - Processing file /Users/louisekirkham/Documents/linkedin_learning/Ex_Files_Data_Engineering_Foundations/airflow_env/lib/python3.9/site-packages/airflow/example_dags/tutorial_etl_dag.py for tasks to queue
[2022-03-22 10:07:02,644] {logging_mixin.py:109} INFO - [2022-03-22 10:07:02,644] {dagbag.py:500} INFO - Filling up the DagBag from /Users/louisekirkham/Documents/linkedin_learning/Ex_Files_Data_Engineering_Foundations/airflow_env/lib/python3.9/site-packages/airflow/example_dags/tutorial_etl_dag.py
[2022-03-22 10:07:02,685] {processor.py:654} INFO - DAG(s) dict_keys(['tutorial_etl_dag']) retrieved from /Users/louisekirkham/Documents/linkedin_learning/Ex_Files_Data_Engineering_Foundations/airflow_env/lib/python3.9/site-packages/airflow/example_dags/tutorial_etl_dag.py
[2022-03-22 10:07:02,701] {logging_mixin.py:109} INFO - [2022-03-22 10:07:02,701] {dag.py:2398} INFO - Sync 1 DAGs
[2022-03-22 10:07:02,709] {logging_mixin.py:109} INFO - [2022-03-22 10:07:02,708] {dag.py:2937} INFO - Setting next_dagrun for tutorial_etl_dag to None
[2022-03-22 10:07:02,716] {processor.py:171} INFO - Processing /Users/louisekirkham/Documents/linkedin_learning/Ex_Files_Data_Engineering_Foundations/airflow_env/lib/python3.9/site-packages/airflow/example_dags/tutorial_etl_dag.py took 0.073 seconds
[2022-03-22 10:08:35,965] {processor.py:163} INFO - Started process (PID=84541) to work on /Users/louisekirkham/Documents/linkedin_learning/Ex_Files_Data_Engineering_Foundations/airflow_env/lib/python3.9/site-packages/airflow/example_dags/tutorial_etl_dag.py
[2022-03-22 10:08:35,965] {processor.py:642} INFO - Processing file /Users/louisekirkham/Documents/linkedin_learning/Ex_Files_Data_Engineering_Foundations/airflow_env/lib/python3.9/site-packages/airflow/example_dags/tutorial_etl_dag.py for tasks to queue
[2022-03-22 10:08:35,965] {logging_mixin.py:109} INFO - [2022-03-22 10:08:35,965] {dagbag.py:500} INFO - Filling up the DagBag from /Users/louisekirkham/Documents/linkedin_learning/Ex_Files_Data_Engineering_Foundations/airflow_env/lib/python3.9/site-packages/airflow/example_dags/tutorial_etl_dag.py
[2022-03-22 10:08:35,999] {processor.py:654} INFO - DAG(s) dict_keys(['tutorial_etl_dag']) retrieved from /Users/louisekirkham/Documents/linkedin_learning/Ex_Files_Data_Engineering_Foundations/airflow_env/lib/python3.9/site-packages/airflow/example_dags/tutorial_etl_dag.py
[2022-03-22 10:08:36,012] {logging_mixin.py:109} INFO - [2022-03-22 10:08:36,012] {dag.py:2398} INFO - Sync 1 DAGs
[2022-03-22 10:08:36,020] {logging_mixin.py:109} INFO - [2022-03-22 10:08:36,020] {dag.py:2937} INFO - Setting next_dagrun for tutorial_etl_dag to None
[2022-03-22 10:08:36,028] {processor.py:171} INFO - Processing /Users/louisekirkham/Documents/linkedin_learning/Ex_Files_Data_Engineering_Foundations/airflow_env/lib/python3.9/site-packages/airflow/example_dags/tutorial_etl_dag.py took 0.064 seconds
[2022-03-22 10:10:05,315] {processor.py:163} INFO - Started process (PID=85051) to work on /Users/louisekirkham/Documents/linkedin_learning/Ex_Files_Data_Engineering_Foundations/airflow_env/lib/python3.9/site-packages/airflow/example_dags/tutorial_etl_dag.py
[2022-03-22 10:10:05,316] {processor.py:642} INFO - Processing file /Users/louisekirkham/Documents/linkedin_learning/Ex_Files_Data_Engineering_Foundations/airflow_env/lib/python3.9/site-packages/airflow/example_dags/tutorial_etl_dag.py for tasks to queue
[2022-03-22 10:10:05,316] {logging_mixin.py:109} INFO - [2022-03-22 10:10:05,316] {dagbag.py:500} INFO - Filling up the DagBag from /Users/louisekirkham/Documents/linkedin_learning/Ex_Files_Data_Engineering_Foundations/airflow_env/lib/python3.9/site-packages/airflow/example_dags/tutorial_etl_dag.py
[2022-03-22 10:10:05,350] {processor.py:654} INFO - DAG(s) dict_keys(['tutorial_etl_dag']) retrieved from /Users/louisekirkham/Documents/linkedin_learning/Ex_Files_Data_Engineering_Foundations/airflow_env/lib/python3.9/site-packages/airflow/example_dags/tutorial_etl_dag.py
[2022-03-22 10:10:05,363] {logging_mixin.py:109} INFO - [2022-03-22 10:10:05,363] {dag.py:2398} INFO - Sync 1 DAGs
[2022-03-22 10:10:05,370] {logging_mixin.py:109} INFO - [2022-03-22 10:10:05,370] {dag.py:2937} INFO - Setting next_dagrun for tutorial_etl_dag to None
[2022-03-22 10:10:05,376] {processor.py:171} INFO - Processing /Users/louisekirkham/Documents/linkedin_learning/Ex_Files_Data_Engineering_Foundations/airflow_env/lib/python3.9/site-packages/airflow/example_dags/tutorial_etl_dag.py took 0.062 seconds
[2022-03-22 10:11:33,945] {processor.py:163} INFO - Started process (PID=85203) to work on /Users/louisekirkham/Documents/linkedin_learning/Ex_Files_Data_Engineering_Foundations/airflow_env/lib/python3.9/site-packages/airflow/example_dags/tutorial_etl_dag.py
[2022-03-22 10:11:33,945] {processor.py:642} INFO - Processing file /Users/louisekirkham/Documents/linkedin_learning/Ex_Files_Data_Engineering_Foundations/airflow_env/lib/python3.9/site-packages/airflow/example_dags/tutorial_etl_dag.py for tasks to queue
[2022-03-22 10:11:33,946] {logging_mixin.py:109} INFO - [2022-03-22 10:11:33,945] {dagbag.py:500} INFO - Filling up the DagBag from /Users/louisekirkham/Documents/linkedin_learning/Ex_Files_Data_Engineering_Foundations/airflow_env/lib/python3.9/site-packages/airflow/example_dags/tutorial_etl_dag.py
[2022-03-22 10:11:33,986] {processor.py:654} INFO - DAG(s) dict_keys(['tutorial_etl_dag']) retrieved from /Users/louisekirkham/Documents/linkedin_learning/Ex_Files_Data_Engineering_Foundations/airflow_env/lib/python3.9/site-packages/airflow/example_dags/tutorial_etl_dag.py
[2022-03-22 10:11:34,004] {logging_mixin.py:109} INFO - [2022-03-22 10:11:34,004] {dag.py:2398} INFO - Sync 1 DAGs
[2022-03-22 10:11:34,012] {logging_mixin.py:109} INFO - [2022-03-22 10:11:34,012] {dag.py:2937} INFO - Setting next_dagrun for tutorial_etl_dag to None
[2022-03-22 10:11:34,019] {processor.py:171} INFO - Processing /Users/louisekirkham/Documents/linkedin_learning/Ex_Files_Data_Engineering_Foundations/airflow_env/lib/python3.9/site-packages/airflow/example_dags/tutorial_etl_dag.py took 0.075 seconds
