[2022-03-22 09:54:15,774] {processor.py:163} INFO - Started process (PID=84094) to work on /Users/louisekirkham/Documents/linkedin_learning/Ex_Files_Data_Engineering_Foundations/airflow_env/lib/python3.9/site-packages/airflow/example_dags/tutorial.py
[2022-03-22 09:54:15,774] {processor.py:642} INFO - Processing file /Users/louisekirkham/Documents/linkedin_learning/Ex_Files_Data_Engineering_Foundations/airflow_env/lib/python3.9/site-packages/airflow/example_dags/tutorial.py for tasks to queue
[2022-03-22 09:54:15,774] {logging_mixin.py:109} INFO - [2022-03-22 09:54:15,774] {dagbag.py:500} INFO - Filling up the DagBag from /Users/louisekirkham/Documents/linkedin_learning/Ex_Files_Data_Engineering_Foundations/airflow_env/lib/python3.9/site-packages/airflow/example_dags/tutorial.py
[2022-03-22 09:54:15,805] {processor.py:654} INFO - DAG(s) dict_keys(['tutorial']) retrieved from /Users/louisekirkham/Documents/linkedin_learning/Ex_Files_Data_Engineering_Foundations/airflow_env/lib/python3.9/site-packages/airflow/example_dags/tutorial.py
[2022-03-22 09:54:15,820] {logging_mixin.py:109} INFO - [2022-03-22 09:54:15,820] {dag.py:2398} INFO - Sync 1 DAGs
[2022-03-22 09:54:15,827] {logging_mixin.py:109} INFO - [2022-03-22 09:54:15,827] {dag.py:2937} INFO - Setting next_dagrun for tutorial to 2022-03-21T09:54:15.826464+00:00
[2022-03-22 09:54:15,833] {processor.py:171} INFO - Processing /Users/louisekirkham/Documents/linkedin_learning/Ex_Files_Data_Engineering_Foundations/airflow_env/lib/python3.9/site-packages/airflow/example_dags/tutorial.py took 0.060 seconds
[2022-03-22 10:05:22,944] {processor.py:163} INFO - Started process (PID=84225) to work on /Users/louisekirkham/Documents/linkedin_learning/Ex_Files_Data_Engineering_Foundations/airflow_env/lib/python3.9/site-packages/airflow/example_dags/tutorial.py
[2022-03-22 10:05:22,945] {processor.py:642} INFO - Processing file /Users/louisekirkham/Documents/linkedin_learning/Ex_Files_Data_Engineering_Foundations/airflow_env/lib/python3.9/site-packages/airflow/example_dags/tutorial.py for tasks to queue
[2022-03-22 10:05:22,945] {logging_mixin.py:109} INFO - [2022-03-22 10:05:22,945] {dagbag.py:500} INFO - Filling up the DagBag from /Users/louisekirkham/Documents/linkedin_learning/Ex_Files_Data_Engineering_Foundations/airflow_env/lib/python3.9/site-packages/airflow/example_dags/tutorial.py
[2022-03-22 10:05:22,975] {processor.py:654} INFO - DAG(s) dict_keys(['tutorial']) retrieved from /Users/louisekirkham/Documents/linkedin_learning/Ex_Files_Data_Engineering_Foundations/airflow_env/lib/python3.9/site-packages/airflow/example_dags/tutorial.py
[2022-03-22 10:05:22,991] {logging_mixin.py:109} INFO - [2022-03-22 10:05:22,991] {dag.py:2398} INFO - Sync 1 DAGs
[2022-03-22 10:05:23,000] {logging_mixin.py:109} INFO - [2022-03-22 10:05:23,000] {dag.py:2937} INFO - Setting next_dagrun for tutorial to 2022-03-21T10:05:23.000581+00:00
[2022-03-22 10:05:23,008] {processor.py:171} INFO - Processing /Users/louisekirkham/Documents/linkedin_learning/Ex_Files_Data_Engineering_Foundations/airflow_env/lib/python3.9/site-packages/airflow/example_dags/tutorial.py took 0.064 seconds
[2022-03-22 10:07:04,825] {processor.py:163} INFO - Started process (PID=84440) to work on /Users/louisekirkham/Documents/linkedin_learning/Ex_Files_Data_Engineering_Foundations/airflow_env/lib/python3.9/site-packages/airflow/example_dags/tutorial.py
[2022-03-22 10:07:04,825] {processor.py:642} INFO - Processing file /Users/louisekirkham/Documents/linkedin_learning/Ex_Files_Data_Engineering_Foundations/airflow_env/lib/python3.9/site-packages/airflow/example_dags/tutorial.py for tasks to queue
[2022-03-22 10:07:04,825] {logging_mixin.py:109} INFO - [2022-03-22 10:07:04,825] {dagbag.py:500} INFO - Filling up the DagBag from /Users/louisekirkham/Documents/linkedin_learning/Ex_Files_Data_Engineering_Foundations/airflow_env/lib/python3.9/site-packages/airflow/example_dags/tutorial.py
[2022-03-22 10:07:04,856] {processor.py:654} INFO - DAG(s) dict_keys(['tutorial']) retrieved from /Users/louisekirkham/Documents/linkedin_learning/Ex_Files_Data_Engineering_Foundations/airflow_env/lib/python3.9/site-packages/airflow/example_dags/tutorial.py
[2022-03-22 10:07:04,872] {logging_mixin.py:109} INFO - [2022-03-22 10:07:04,871] {dag.py:2398} INFO - Sync 1 DAGs
[2022-03-22 10:07:04,880] {logging_mixin.py:109} INFO - [2022-03-22 10:07:04,880] {dag.py:2937} INFO - Setting next_dagrun for tutorial to 2022-03-21T10:07:04.880417+00:00
[2022-03-22 10:07:04,887] {processor.py:171} INFO - Processing /Users/louisekirkham/Documents/linkedin_learning/Ex_Files_Data_Engineering_Foundations/airflow_env/lib/python3.9/site-packages/airflow/example_dags/tutorial.py took 0.063 seconds
[2022-03-22 10:08:38,140] {processor.py:163} INFO - Started process (PID=84542) to work on /Users/louisekirkham/Documents/linkedin_learning/Ex_Files_Data_Engineering_Foundations/airflow_env/lib/python3.9/site-packages/airflow/example_dags/tutorial.py
[2022-03-22 10:08:38,141] {processor.py:642} INFO - Processing file /Users/louisekirkham/Documents/linkedin_learning/Ex_Files_Data_Engineering_Foundations/airflow_env/lib/python3.9/site-packages/airflow/example_dags/tutorial.py for tasks to queue
[2022-03-22 10:08:38,141] {logging_mixin.py:109} INFO - [2022-03-22 10:08:38,141] {dagbag.py:500} INFO - Filling up the DagBag from /Users/louisekirkham/Documents/linkedin_learning/Ex_Files_Data_Engineering_Foundations/airflow_env/lib/python3.9/site-packages/airflow/example_dags/tutorial.py
[2022-03-22 10:08:38,170] {processor.py:654} INFO - DAG(s) dict_keys(['tutorial']) retrieved from /Users/louisekirkham/Documents/linkedin_learning/Ex_Files_Data_Engineering_Foundations/airflow_env/lib/python3.9/site-packages/airflow/example_dags/tutorial.py
[2022-03-22 10:08:38,184] {logging_mixin.py:109} INFO - [2022-03-22 10:08:38,184] {dag.py:2398} INFO - Sync 1 DAGs
[2022-03-22 10:08:38,192] {logging_mixin.py:109} INFO - [2022-03-22 10:08:38,192] {dag.py:2937} INFO - Setting next_dagrun for tutorial to 2022-03-21T10:08:38.192443+00:00
[2022-03-22 10:08:38,199] {processor.py:171} INFO - Processing /Users/louisekirkham/Documents/linkedin_learning/Ex_Files_Data_Engineering_Foundations/airflow_env/lib/python3.9/site-packages/airflow/example_dags/tutorial.py took 0.059 seconds
[2022-03-22 10:10:07,393] {processor.py:163} INFO - Started process (PID=85052) to work on /Users/louisekirkham/Documents/linkedin_learning/Ex_Files_Data_Engineering_Foundations/airflow_env/lib/python3.9/site-packages/airflow/example_dags/tutorial.py
[2022-03-22 10:10:07,394] {processor.py:642} INFO - Processing file /Users/louisekirkham/Documents/linkedin_learning/Ex_Files_Data_Engineering_Foundations/airflow_env/lib/python3.9/site-packages/airflow/example_dags/tutorial.py for tasks to queue
[2022-03-22 10:10:07,394] {logging_mixin.py:109} INFO - [2022-03-22 10:10:07,394] {dagbag.py:500} INFO - Filling up the DagBag from /Users/louisekirkham/Documents/linkedin_learning/Ex_Files_Data_Engineering_Foundations/airflow_env/lib/python3.9/site-packages/airflow/example_dags/tutorial.py
[2022-03-22 10:10:07,423] {processor.py:654} INFO - DAG(s) dict_keys(['tutorial']) retrieved from /Users/louisekirkham/Documents/linkedin_learning/Ex_Files_Data_Engineering_Foundations/airflow_env/lib/python3.9/site-packages/airflow/example_dags/tutorial.py
[2022-03-22 10:10:07,438] {logging_mixin.py:109} INFO - [2022-03-22 10:10:07,438] {dag.py:2398} INFO - Sync 1 DAGs
[2022-03-22 10:10:07,447] {logging_mixin.py:109} INFO - [2022-03-22 10:10:07,447] {dag.py:2937} INFO - Setting next_dagrun for tutorial to 2022-03-21T10:10:07.447446+00:00
[2022-03-22 10:10:07,454] {processor.py:171} INFO - Processing /Users/louisekirkham/Documents/linkedin_learning/Ex_Files_Data_Engineering_Foundations/airflow_env/lib/python3.9/site-packages/airflow/example_dags/tutorial.py took 0.061 seconds
[2022-03-22 10:11:36,759] {processor.py:163} INFO - Started process (PID=85217) to work on /Users/louisekirkham/Documents/linkedin_learning/Ex_Files_Data_Engineering_Foundations/airflow_env/lib/python3.9/site-packages/airflow/example_dags/tutorial.py
[2022-03-22 10:11:36,760] {processor.py:642} INFO - Processing file /Users/louisekirkham/Documents/linkedin_learning/Ex_Files_Data_Engineering_Foundations/airflow_env/lib/python3.9/site-packages/airflow/example_dags/tutorial.py for tasks to queue
[2022-03-22 10:11:36,761] {logging_mixin.py:109} INFO - [2022-03-22 10:11:36,760] {dagbag.py:500} INFO - Filling up the DagBag from /Users/louisekirkham/Documents/linkedin_learning/Ex_Files_Data_Engineering_Foundations/airflow_env/lib/python3.9/site-packages/airflow/example_dags/tutorial.py
[2022-03-22 10:11:36,817] {processor.py:654} INFO - DAG(s) dict_keys(['tutorial']) retrieved from /Users/louisekirkham/Documents/linkedin_learning/Ex_Files_Data_Engineering_Foundations/airflow_env/lib/python3.9/site-packages/airflow/example_dags/tutorial.py
[2022-03-22 10:11:36,847] {logging_mixin.py:109} INFO - [2022-03-22 10:11:36,847] {dag.py:2398} INFO - Sync 1 DAGs
[2022-03-22 10:11:36,861] {logging_mixin.py:109} INFO - [2022-03-22 10:11:36,861] {dag.py:2937} INFO - Setting next_dagrun for tutorial to 2022-03-21T10:11:36.860862+00:00
[2022-03-22 10:11:36,871] {processor.py:171} INFO - Processing /Users/louisekirkham/Documents/linkedin_learning/Ex_Files_Data_Engineering_Foundations/airflow_env/lib/python3.9/site-packages/airflow/example_dags/tutorial.py took 0.113 seconds
