[2022-03-22 09:54:11,817] {processor.py:163} INFO - Started process (PID=84092) to work on /Users/louisekirkham/Documents/linkedin_learning/Ex_Files_Data_Engineering_Foundations/airflow_env/lib/python3.9/site-packages/airflow/example_dags/tutorial_taskflow_api_etl.py
[2022-03-22 09:54:11,817] {processor.py:642} INFO - Processing file /Users/louisekirkham/Documents/linkedin_learning/Ex_Files_Data_Engineering_Foundations/airflow_env/lib/python3.9/site-packages/airflow/example_dags/tutorial_taskflow_api_etl.py for tasks to queue
[2022-03-22 09:54:11,817] {logging_mixin.py:109} INFO - [2022-03-22 09:54:11,817] {dagbag.py:500} INFO - Filling up the DagBag from /Users/louisekirkham/Documents/linkedin_learning/Ex_Files_Data_Engineering_Foundations/airflow_env/lib/python3.9/site-packages/airflow/example_dags/tutorial_taskflow_api_etl.py
[2022-03-22 09:54:11,860] {processor.py:654} INFO - DAG(s) dict_keys(['tutorial_taskflow_api_etl']) retrieved from /Users/louisekirkham/Documents/linkedin_learning/Ex_Files_Data_Engineering_Foundations/airflow_env/lib/python3.9/site-packages/airflow/example_dags/tutorial_taskflow_api_etl.py
[2022-03-22 09:54:12,083] {logging_mixin.py:109} INFO - [2022-03-22 09:54:12,083] {dag.py:2398} INFO - Sync 1 DAGs
[2022-03-22 09:54:12,092] {logging_mixin.py:109} INFO - [2022-03-22 09:54:12,092] {dag.py:2937} INFO - Setting next_dagrun for tutorial_taskflow_api_etl to None
[2022-03-22 09:54:12,105] {processor.py:171} INFO - Processing /Users/louisekirkham/Documents/linkedin_learning/Ex_Files_Data_Engineering_Foundations/airflow_env/lib/python3.9/site-packages/airflow/example_dags/tutorial_taskflow_api_etl.py took 0.289 seconds
[2022-03-22 10:05:18,286] {processor.py:163} INFO - Started process (PID=84221) to work on /Users/louisekirkham/Documents/linkedin_learning/Ex_Files_Data_Engineering_Foundations/airflow_env/lib/python3.9/site-packages/airflow/example_dags/tutorial_taskflow_api_etl.py
[2022-03-22 10:05:18,287] {processor.py:642} INFO - Processing file /Users/louisekirkham/Documents/linkedin_learning/Ex_Files_Data_Engineering_Foundations/airflow_env/lib/python3.9/site-packages/airflow/example_dags/tutorial_taskflow_api_etl.py for tasks to queue
[2022-03-22 10:05:18,287] {logging_mixin.py:109} INFO - [2022-03-22 10:05:18,287] {dagbag.py:500} INFO - Filling up the DagBag from /Users/louisekirkham/Documents/linkedin_learning/Ex_Files_Data_Engineering_Foundations/airflow_env/lib/python3.9/site-packages/airflow/example_dags/tutorial_taskflow_api_etl.py
[2022-03-22 10:05:18,330] {processor.py:654} INFO - DAG(s) dict_keys(['tutorial_taskflow_api_etl']) retrieved from /Users/louisekirkham/Documents/linkedin_learning/Ex_Files_Data_Engineering_Foundations/airflow_env/lib/python3.9/site-packages/airflow/example_dags/tutorial_taskflow_api_etl.py
[2022-03-22 10:05:18,532] {logging_mixin.py:109} INFO - [2022-03-22 10:05:18,532] {dag.py:2398} INFO - Sync 1 DAGs
[2022-03-22 10:05:18,540] {logging_mixin.py:109} INFO - [2022-03-22 10:05:18,539] {dag.py:2937} INFO - Setting next_dagrun for tutorial_taskflow_api_etl to None
[2022-03-22 10:05:18,548] {processor.py:171} INFO - Processing /Users/louisekirkham/Documents/linkedin_learning/Ex_Files_Data_Engineering_Foundations/airflow_env/lib/python3.9/site-packages/airflow/example_dags/tutorial_taskflow_api_etl.py took 0.262 seconds
[2022-03-22 10:06:13,251] {processor.py:163} INFO - Started process (PID=84322) to work on /Users/louisekirkham/Documents/linkedin_learning/Ex_Files_Data_Engineering_Foundations/airflow_env/lib/python3.9/site-packages/airflow/example_dags/tutorial_taskflow_api_etl.py
[2022-03-22 10:06:13,251] {processor.py:642} INFO - Processing file /Users/louisekirkham/Documents/linkedin_learning/Ex_Files_Data_Engineering_Foundations/airflow_env/lib/python3.9/site-packages/airflow/example_dags/tutorial_taskflow_api_etl.py for tasks to queue
[2022-03-22 10:06:13,251] {logging_mixin.py:109} INFO - [2022-03-22 10:06:13,251] {dagbag.py:500} INFO - Filling up the DagBag from /Users/louisekirkham/Documents/linkedin_learning/Ex_Files_Data_Engineering_Foundations/airflow_env/lib/python3.9/site-packages/airflow/example_dags/tutorial_taskflow_api_etl.py
[2022-03-22 10:06:13,296] {processor.py:654} INFO - DAG(s) dict_keys(['tutorial_taskflow_api_etl']) retrieved from /Users/louisekirkham/Documents/linkedin_learning/Ex_Files_Data_Engineering_Foundations/airflow_env/lib/python3.9/site-packages/airflow/example_dags/tutorial_taskflow_api_etl.py
[2022-03-22 10:06:13,520] {logging_mixin.py:109} INFO - [2022-03-22 10:06:13,520] {dag.py:2398} INFO - Sync 1 DAGs
[2022-03-22 10:06:13,529] {logging_mixin.py:109} INFO - [2022-03-22 10:06:13,529] {dag.py:2937} INFO - Setting next_dagrun for tutorial_taskflow_api_etl to None
[2022-03-22 10:06:13,537] {processor.py:171} INFO - Processing /Users/louisekirkham/Documents/linkedin_learning/Ex_Files_Data_Engineering_Foundations/airflow_env/lib/python3.9/site-packages/airflow/example_dags/tutorial_taskflow_api_etl.py took 0.287 seconds
[2022-03-22 10:07:49,438] {processor.py:163} INFO - Started process (PID=84490) to work on /Users/louisekirkham/Documents/linkedin_learning/Ex_Files_Data_Engineering_Foundations/airflow_env/lib/python3.9/site-packages/airflow/example_dags/tutorial_taskflow_api_etl.py
[2022-03-22 10:07:49,440] {processor.py:642} INFO - Processing file /Users/louisekirkham/Documents/linkedin_learning/Ex_Files_Data_Engineering_Foundations/airflow_env/lib/python3.9/site-packages/airflow/example_dags/tutorial_taskflow_api_etl.py for tasks to queue
[2022-03-22 10:07:49,440] {logging_mixin.py:109} INFO - [2022-03-22 10:07:49,440] {dagbag.py:500} INFO - Filling up the DagBag from /Users/louisekirkham/Documents/linkedin_learning/Ex_Files_Data_Engineering_Foundations/airflow_env/lib/python3.9/site-packages/airflow/example_dags/tutorial_taskflow_api_etl.py
[2022-03-22 10:07:49,476] {processor.py:654} INFO - DAG(s) dict_keys(['tutorial_taskflow_api_etl']) retrieved from /Users/louisekirkham/Documents/linkedin_learning/Ex_Files_Data_Engineering_Foundations/airflow_env/lib/python3.9/site-packages/airflow/example_dags/tutorial_taskflow_api_etl.py
[2022-03-22 10:07:49,664] {logging_mixin.py:109} INFO - [2022-03-22 10:07:49,663] {dag.py:2398} INFO - Sync 1 DAGs
[2022-03-22 10:07:49,670] {logging_mixin.py:109} INFO - [2022-03-22 10:07:49,670] {dag.py:2937} INFO - Setting next_dagrun for tutorial_taskflow_api_etl to None
[2022-03-22 10:07:49,678] {processor.py:171} INFO - Processing /Users/louisekirkham/Documents/linkedin_learning/Ex_Files_Data_Engineering_Foundations/airflow_env/lib/python3.9/site-packages/airflow/example_dags/tutorial_taskflow_api_etl.py took 0.241 seconds
[2022-03-22 10:09:19,115] {processor.py:163} INFO - Started process (PID=84589) to work on /Users/louisekirkham/Documents/linkedin_learning/Ex_Files_Data_Engineering_Foundations/airflow_env/lib/python3.9/site-packages/airflow/example_dags/tutorial_taskflow_api_etl.py
[2022-03-22 10:09:19,115] {processor.py:642} INFO - Processing file /Users/louisekirkham/Documents/linkedin_learning/Ex_Files_Data_Engineering_Foundations/airflow_env/lib/python3.9/site-packages/airflow/example_dags/tutorial_taskflow_api_etl.py for tasks to queue
[2022-03-22 10:09:19,115] {logging_mixin.py:109} INFO - [2022-03-22 10:09:19,115] {dagbag.py:500} INFO - Filling up the DagBag from /Users/louisekirkham/Documents/linkedin_learning/Ex_Files_Data_Engineering_Foundations/airflow_env/lib/python3.9/site-packages/airflow/example_dags/tutorial_taskflow_api_etl.py
[2022-03-22 10:09:19,158] {processor.py:654} INFO - DAG(s) dict_keys(['tutorial_taskflow_api_etl']) retrieved from /Users/louisekirkham/Documents/linkedin_learning/Ex_Files_Data_Engineering_Foundations/airflow_env/lib/python3.9/site-packages/airflow/example_dags/tutorial_taskflow_api_etl.py
[2022-03-22 10:09:19,344] {logging_mixin.py:109} INFO - [2022-03-22 10:09:19,344] {dag.py:2398} INFO - Sync 1 DAGs
[2022-03-22 10:09:19,351] {logging_mixin.py:109} INFO - [2022-03-22 10:09:19,351] {dag.py:2937} INFO - Setting next_dagrun for tutorial_taskflow_api_etl to None
[2022-03-22 10:09:19,360] {processor.py:171} INFO - Processing /Users/louisekirkham/Documents/linkedin_learning/Ex_Files_Data_Engineering_Foundations/airflow_env/lib/python3.9/site-packages/airflow/example_dags/tutorial_taskflow_api_etl.py took 0.246 seconds
[2022-03-22 10:10:46,995] {processor.py:163} INFO - Started process (PID=85142) to work on /Users/louisekirkham/Documents/linkedin_learning/Ex_Files_Data_Engineering_Foundations/airflow_env/lib/python3.9/site-packages/airflow/example_dags/tutorial_taskflow_api_etl.py
[2022-03-22 10:10:46,995] {processor.py:642} INFO - Processing file /Users/louisekirkham/Documents/linkedin_learning/Ex_Files_Data_Engineering_Foundations/airflow_env/lib/python3.9/site-packages/airflow/example_dags/tutorial_taskflow_api_etl.py for tasks to queue
[2022-03-22 10:10:46,996] {logging_mixin.py:109} INFO - [2022-03-22 10:10:46,996] {dagbag.py:500} INFO - Filling up the DagBag from /Users/louisekirkham/Documents/linkedin_learning/Ex_Files_Data_Engineering_Foundations/airflow_env/lib/python3.9/site-packages/airflow/example_dags/tutorial_taskflow_api_etl.py
[2022-03-22 10:10:47,033] {processor.py:654} INFO - DAG(s) dict_keys(['tutorial_taskflow_api_etl']) retrieved from /Users/louisekirkham/Documents/linkedin_learning/Ex_Files_Data_Engineering_Foundations/airflow_env/lib/python3.9/site-packages/airflow/example_dags/tutorial_taskflow_api_etl.py
[2022-03-22 10:10:47,203] {logging_mixin.py:109} INFO - [2022-03-22 10:10:47,202] {dag.py:2398} INFO - Sync 1 DAGs
[2022-03-22 10:10:47,210] {logging_mixin.py:109} INFO - [2022-03-22 10:10:47,209] {dag.py:2937} INFO - Setting next_dagrun for tutorial_taskflow_api_etl to None
[2022-03-22 10:10:47,217] {processor.py:171} INFO - Processing /Users/louisekirkham/Documents/linkedin_learning/Ex_Files_Data_Engineering_Foundations/airflow_env/lib/python3.9/site-packages/airflow/example_dags/tutorial_taskflow_api_etl.py took 0.223 seconds
