[2022-03-18 05:12:40,141] {processor.py:163} INFO - Started process (PID=46176) to work on /Users/louisekirkham/Documents/linkedin_learning/Ex_Files_Data_Engineering_Foundations/airflow_env/lib/python3.9/site-packages/airflow/example_dags/example_branch_python_dop_operator_3.py
[2022-03-18 05:12:40,142] {processor.py:642} INFO - Processing file /Users/louisekirkham/Documents/linkedin_learning/Ex_Files_Data_Engineering_Foundations/airflow_env/lib/python3.9/site-packages/airflow/example_dags/example_branch_python_dop_operator_3.py for tasks to queue
[2022-03-18 05:12:40,142] {logging_mixin.py:109} INFO - [2022-03-18 05:12:40,142] {dagbag.py:500} INFO - Filling up the DagBag from /Users/louisekirkham/Documents/linkedin_learning/Ex_Files_Data_Engineering_Foundations/airflow_env/lib/python3.9/site-packages/airflow/example_dags/example_branch_python_dop_operator_3.py
[2022-03-18 05:12:40,217] {processor.py:654} INFO - DAG(s) dict_keys(['example_branch_dop_operator_v3']) retrieved from /Users/louisekirkham/Documents/linkedin_learning/Ex_Files_Data_Engineering_Foundations/airflow_env/lib/python3.9/site-packages/airflow/example_dags/example_branch_python_dop_operator_3.py
[2022-03-18 05:12:40,242] {logging_mixin.py:109} INFO - [2022-03-18 05:12:40,242] {dag.py:2398} INFO - Sync 1 DAGs
[2022-03-18 05:12:40,263] {logging_mixin.py:109} INFO - [2022-03-18 05:12:40,263] {dag.py:2937} INFO - Setting next_dagrun for example_branch_dop_operator_v3 to 2022-03-18T05:11:00+00:00
[2022-03-18 05:12:40,273] {processor.py:171} INFO - Processing /Users/louisekirkham/Documents/linkedin_learning/Ex_Files_Data_Engineering_Foundations/airflow_env/lib/python3.9/site-packages/airflow/example_dags/example_branch_python_dop_operator_3.py took 0.133 seconds
[2022-03-18 10:38:24,976] {processor.py:163} INFO - Started process (PID=46481) to work on /Users/louisekirkham/Documents/linkedin_learning/Ex_Files_Data_Engineering_Foundations/airflow_env/lib/python3.9/site-packages/airflow/example_dags/example_branch_python_dop_operator_3.py
[2022-03-18 10:38:24,980] {processor.py:642} INFO - Processing file /Users/louisekirkham/Documents/linkedin_learning/Ex_Files_Data_Engineering_Foundations/airflow_env/lib/python3.9/site-packages/airflow/example_dags/example_branch_python_dop_operator_3.py for tasks to queue
[2022-03-18 10:38:24,980] {logging_mixin.py:109} INFO - [2022-03-18 10:38:24,980] {dagbag.py:500} INFO - Filling up the DagBag from /Users/louisekirkham/Documents/linkedin_learning/Ex_Files_Data_Engineering_Foundations/airflow_env/lib/python3.9/site-packages/airflow/example_dags/example_branch_python_dop_operator_3.py
[2022-03-18 10:38:25,027] {processor.py:654} INFO - DAG(s) dict_keys(['example_branch_dop_operator_v3']) retrieved from /Users/louisekirkham/Documents/linkedin_learning/Ex_Files_Data_Engineering_Foundations/airflow_env/lib/python3.9/site-packages/airflow/example_dags/example_branch_python_dop_operator_3.py
[2022-03-18 10:38:25,043] {logging_mixin.py:109} INFO - [2022-03-18 10:38:25,042] {dag.py:2398} INFO - Sync 1 DAGs
[2022-03-18 10:38:25,056] {logging_mixin.py:109} INFO - [2022-03-18 10:38:25,056] {dag.py:2937} INFO - Setting next_dagrun for example_branch_dop_operator_v3 to 2022-03-18T10:37:00+00:00
[2022-03-18 10:38:25,067] {processor.py:171} INFO - Processing /Users/louisekirkham/Documents/linkedin_learning/Ex_Files_Data_Engineering_Foundations/airflow_env/lib/python3.9/site-packages/airflow/example_dags/example_branch_python_dop_operator_3.py took 0.091 seconds
[2022-03-18 10:39:48,109] {processor.py:163} INFO - Started process (PID=46551) to work on /Users/louisekirkham/Documents/linkedin_learning/Ex_Files_Data_Engineering_Foundations/airflow_env/lib/python3.9/site-packages/airflow/example_dags/example_branch_python_dop_operator_3.py
[2022-03-18 10:39:48,110] {processor.py:642} INFO - Processing file /Users/louisekirkham/Documents/linkedin_learning/Ex_Files_Data_Engineering_Foundations/airflow_env/lib/python3.9/site-packages/airflow/example_dags/example_branch_python_dop_operator_3.py for tasks to queue
[2022-03-18 10:39:48,110] {logging_mixin.py:109} INFO - [2022-03-18 10:39:48,110] {dagbag.py:500} INFO - Filling up the DagBag from /Users/louisekirkham/Documents/linkedin_learning/Ex_Files_Data_Engineering_Foundations/airflow_env/lib/python3.9/site-packages/airflow/example_dags/example_branch_python_dop_operator_3.py
[2022-03-18 10:39:48,145] {processor.py:654} INFO - DAG(s) dict_keys(['example_branch_dop_operator_v3']) retrieved from /Users/louisekirkham/Documents/linkedin_learning/Ex_Files_Data_Engineering_Foundations/airflow_env/lib/python3.9/site-packages/airflow/example_dags/example_branch_python_dop_operator_3.py
[2022-03-18 10:39:48,159] {logging_mixin.py:109} INFO - [2022-03-18 10:39:48,158] {dag.py:2398} INFO - Sync 1 DAGs
[2022-03-18 10:39:48,169] {logging_mixin.py:109} INFO - [2022-03-18 10:39:48,169] {dag.py:2937} INFO - Setting next_dagrun for example_branch_dop_operator_v3 to 2022-03-18T10:38:00+00:00
[2022-03-18 10:39:48,175] {processor.py:171} INFO - Processing /Users/louisekirkham/Documents/linkedin_learning/Ex_Files_Data_Engineering_Foundations/airflow_env/lib/python3.9/site-packages/airflow/example_dags/example_branch_python_dop_operator_3.py took 0.066 seconds
[2022-03-18 17:06:43,999] {processor.py:163} INFO - Started process (PID=46760) to work on /Users/louisekirkham/Documents/linkedin_learning/Ex_Files_Data_Engineering_Foundations/airflow_env/lib/python3.9/site-packages/airflow/example_dags/example_branch_python_dop_operator_3.py
[2022-03-18 17:06:43,999] {processor.py:642} INFO - Processing file /Users/louisekirkham/Documents/linkedin_learning/Ex_Files_Data_Engineering_Foundations/airflow_env/lib/python3.9/site-packages/airflow/example_dags/example_branch_python_dop_operator_3.py for tasks to queue
[2022-03-18 17:06:44,000] {logging_mixin.py:109} INFO - [2022-03-18 17:06:44,000] {dagbag.py:500} INFO - Filling up the DagBag from /Users/louisekirkham/Documents/linkedin_learning/Ex_Files_Data_Engineering_Foundations/airflow_env/lib/python3.9/site-packages/airflow/example_dags/example_branch_python_dop_operator_3.py
[2022-03-18 17:06:44,043] {processor.py:654} INFO - DAG(s) dict_keys(['example_branch_dop_operator_v3']) retrieved from /Users/louisekirkham/Documents/linkedin_learning/Ex_Files_Data_Engineering_Foundations/airflow_env/lib/python3.9/site-packages/airflow/example_dags/example_branch_python_dop_operator_3.py
[2022-03-18 17:06:44,057] {logging_mixin.py:109} INFO - [2022-03-18 17:06:44,057] {dag.py:2398} INFO - Sync 1 DAGs
[2022-03-18 17:06:44,069] {logging_mixin.py:109} INFO - [2022-03-18 17:06:44,068] {dag.py:2937} INFO - Setting next_dagrun for example_branch_dop_operator_v3 to 2022-03-18T17:05:00+00:00
[2022-03-18 17:06:44,076] {processor.py:171} INFO - Processing /Users/louisekirkham/Documents/linkedin_learning/Ex_Files_Data_Engineering_Foundations/airflow_env/lib/python3.9/site-packages/airflow/example_dags/example_branch_python_dop_operator_3.py took 0.078 seconds
[2022-03-18 17:08:09,297] {processor.py:163} INFO - Started process (PID=46833) to work on /Users/louisekirkham/Documents/linkedin_learning/Ex_Files_Data_Engineering_Foundations/airflow_env/lib/python3.9/site-packages/airflow/example_dags/example_branch_python_dop_operator_3.py
[2022-03-18 17:08:09,298] {processor.py:642} INFO - Processing file /Users/louisekirkham/Documents/linkedin_learning/Ex_Files_Data_Engineering_Foundations/airflow_env/lib/python3.9/site-packages/airflow/example_dags/example_branch_python_dop_operator_3.py for tasks to queue
[2022-03-18 17:08:09,298] {logging_mixin.py:109} INFO - [2022-03-18 17:08:09,298] {dagbag.py:500} INFO - Filling up the DagBag from /Users/louisekirkham/Documents/linkedin_learning/Ex_Files_Data_Engineering_Foundations/airflow_env/lib/python3.9/site-packages/airflow/example_dags/example_branch_python_dop_operator_3.py
[2022-03-18 17:08:09,350] {processor.py:654} INFO - DAG(s) dict_keys(['example_branch_dop_operator_v3']) retrieved from /Users/louisekirkham/Documents/linkedin_learning/Ex_Files_Data_Engineering_Foundations/airflow_env/lib/python3.9/site-packages/airflow/example_dags/example_branch_python_dop_operator_3.py
[2022-03-18 17:08:09,371] {logging_mixin.py:109} INFO - [2022-03-18 17:08:09,371] {dag.py:2398} INFO - Sync 1 DAGs
[2022-03-18 17:08:09,385] {logging_mixin.py:109} INFO - [2022-03-18 17:08:09,385] {dag.py:2937} INFO - Setting next_dagrun for example_branch_dop_operator_v3 to 2022-03-18T17:07:00+00:00
[2022-03-18 17:08:09,393] {processor.py:171} INFO - Processing /Users/louisekirkham/Documents/linkedin_learning/Ex_Files_Data_Engineering_Foundations/airflow_env/lib/python3.9/site-packages/airflow/example_dags/example_branch_python_dop_operator_3.py took 0.097 seconds
[2022-03-18 17:09:38,274] {processor.py:163} INFO - Started process (PID=46903) to work on /Users/louisekirkham/Documents/linkedin_learning/Ex_Files_Data_Engineering_Foundations/airflow_env/lib/python3.9/site-packages/airflow/example_dags/example_branch_python_dop_operator_3.py
[2022-03-18 17:09:38,275] {processor.py:642} INFO - Processing file /Users/louisekirkham/Documents/linkedin_learning/Ex_Files_Data_Engineering_Foundations/airflow_env/lib/python3.9/site-packages/airflow/example_dags/example_branch_python_dop_operator_3.py for tasks to queue
[2022-03-18 17:09:38,275] {logging_mixin.py:109} INFO - [2022-03-18 17:09:38,275] {dagbag.py:500} INFO - Filling up the DagBag from /Users/louisekirkham/Documents/linkedin_learning/Ex_Files_Data_Engineering_Foundations/airflow_env/lib/python3.9/site-packages/airflow/example_dags/example_branch_python_dop_operator_3.py
[2022-03-18 17:09:38,319] {processor.py:654} INFO - DAG(s) dict_keys(['example_branch_dop_operator_v3']) retrieved from /Users/louisekirkham/Documents/linkedin_learning/Ex_Files_Data_Engineering_Foundations/airflow_env/lib/python3.9/site-packages/airflow/example_dags/example_branch_python_dop_operator_3.py
[2022-03-18 17:09:38,335] {logging_mixin.py:109} INFO - [2022-03-18 17:09:38,335] {dag.py:2398} INFO - Sync 1 DAGs
[2022-03-18 17:09:38,347] {logging_mixin.py:109} INFO - [2022-03-18 17:09:38,347] {dag.py:2937} INFO - Setting next_dagrun for example_branch_dop_operator_v3 to 2022-03-18T17:08:00+00:00
[2022-03-18 17:09:38,354] {processor.py:171} INFO - Processing /Users/louisekirkham/Documents/linkedin_learning/Ex_Files_Data_Engineering_Foundations/airflow_env/lib/python3.9/site-packages/airflow/example_dags/example_branch_python_dop_operator_3.py took 0.081 seconds
[2022-03-18 17:11:17,235] {processor.py:163} INFO - Started process (PID=46986) to work on /Users/louisekirkham/Documents/linkedin_learning/Ex_Files_Data_Engineering_Foundations/airflow_env/lib/python3.9/site-packages/airflow/example_dags/example_branch_python_dop_operator_3.py
[2022-03-18 17:11:17,237] {processor.py:642} INFO - Processing file /Users/louisekirkham/Documents/linkedin_learning/Ex_Files_Data_Engineering_Foundations/airflow_env/lib/python3.9/site-packages/airflow/example_dags/example_branch_python_dop_operator_3.py for tasks to queue
[2022-03-18 17:11:17,237] {logging_mixin.py:109} INFO - [2022-03-18 17:11:17,237] {dagbag.py:500} INFO - Filling up the DagBag from /Users/louisekirkham/Documents/linkedin_learning/Ex_Files_Data_Engineering_Foundations/airflow_env/lib/python3.9/site-packages/airflow/example_dags/example_branch_python_dop_operator_3.py
[2022-03-18 17:11:17,276] {processor.py:654} INFO - DAG(s) dict_keys(['example_branch_dop_operator_v3']) retrieved from /Users/louisekirkham/Documents/linkedin_learning/Ex_Files_Data_Engineering_Foundations/airflow_env/lib/python3.9/site-packages/airflow/example_dags/example_branch_python_dop_operator_3.py
[2022-03-18 17:11:17,289] {logging_mixin.py:109} INFO - [2022-03-18 17:11:17,289] {dag.py:2398} INFO - Sync 1 DAGs
[2022-03-18 17:11:17,300] {logging_mixin.py:109} INFO - [2022-03-18 17:11:17,299] {dag.py:2937} INFO - Setting next_dagrun for example_branch_dop_operator_v3 to 2022-03-18T17:10:00+00:00
[2022-03-18 17:11:17,307] {processor.py:171} INFO - Processing /Users/louisekirkham/Documents/linkedin_learning/Ex_Files_Data_Engineering_Foundations/airflow_env/lib/python3.9/site-packages/airflow/example_dags/example_branch_python_dop_operator_3.py took 0.073 seconds
[2022-03-18 17:12:41,440] {processor.py:163} INFO - Started process (PID=47055) to work on /Users/louisekirkham/Documents/linkedin_learning/Ex_Files_Data_Engineering_Foundations/airflow_env/lib/python3.9/site-packages/airflow/example_dags/example_branch_python_dop_operator_3.py
[2022-03-18 17:12:41,442] {processor.py:642} INFO - Processing file /Users/louisekirkham/Documents/linkedin_learning/Ex_Files_Data_Engineering_Foundations/airflow_env/lib/python3.9/site-packages/airflow/example_dags/example_branch_python_dop_operator_3.py for tasks to queue
[2022-03-18 17:12:41,442] {logging_mixin.py:109} INFO - [2022-03-18 17:12:41,442] {dagbag.py:500} INFO - Filling up the DagBag from /Users/louisekirkham/Documents/linkedin_learning/Ex_Files_Data_Engineering_Foundations/airflow_env/lib/python3.9/site-packages/airflow/example_dags/example_branch_python_dop_operator_3.py
[2022-03-18 17:12:41,484] {processor.py:654} INFO - DAG(s) dict_keys(['example_branch_dop_operator_v3']) retrieved from /Users/louisekirkham/Documents/linkedin_learning/Ex_Files_Data_Engineering_Foundations/airflow_env/lib/python3.9/site-packages/airflow/example_dags/example_branch_python_dop_operator_3.py
[2022-03-18 17:12:41,500] {logging_mixin.py:109} INFO - [2022-03-18 17:12:41,500] {dag.py:2398} INFO - Sync 1 DAGs
[2022-03-18 17:12:41,512] {logging_mixin.py:109} INFO - [2022-03-18 17:12:41,512] {dag.py:2937} INFO - Setting next_dagrun for example_branch_dop_operator_v3 to 2022-03-18T17:11:00+00:00
[2022-03-18 17:12:41,520] {processor.py:171} INFO - Processing /Users/louisekirkham/Documents/linkedin_learning/Ex_Files_Data_Engineering_Foundations/airflow_env/lib/python3.9/site-packages/airflow/example_dags/example_branch_python_dop_operator_3.py took 0.080 seconds
[2022-03-18 17:14:06,027] {processor.py:163} INFO - Started process (PID=47113) to work on /Users/louisekirkham/Documents/linkedin_learning/Ex_Files_Data_Engineering_Foundations/airflow_env/lib/python3.9/site-packages/airflow/example_dags/example_branch_python_dop_operator_3.py
[2022-03-18 17:14:06,028] {processor.py:642} INFO - Processing file /Users/louisekirkham/Documents/linkedin_learning/Ex_Files_Data_Engineering_Foundations/airflow_env/lib/python3.9/site-packages/airflow/example_dags/example_branch_python_dop_operator_3.py for tasks to queue
[2022-03-18 17:14:06,028] {logging_mixin.py:109} INFO - [2022-03-18 17:14:06,028] {dagbag.py:500} INFO - Filling up the DagBag from /Users/louisekirkham/Documents/linkedin_learning/Ex_Files_Data_Engineering_Foundations/airflow_env/lib/python3.9/site-packages/airflow/example_dags/example_branch_python_dop_operator_3.py
[2022-03-18 17:14:06,066] {processor.py:654} INFO - DAG(s) dict_keys(['example_branch_dop_operator_v3']) retrieved from /Users/louisekirkham/Documents/linkedin_learning/Ex_Files_Data_Engineering_Foundations/airflow_env/lib/python3.9/site-packages/airflow/example_dags/example_branch_python_dop_operator_3.py
[2022-03-18 17:14:06,082] {logging_mixin.py:109} INFO - [2022-03-18 17:14:06,082] {dag.py:2398} INFO - Sync 1 DAGs
[2022-03-18 17:14:06,094] {logging_mixin.py:109} INFO - [2022-03-18 17:14:06,093] {dag.py:2937} INFO - Setting next_dagrun for example_branch_dop_operator_v3 to 2022-03-18T17:13:00+00:00
[2022-03-18 17:14:06,102] {processor.py:171} INFO - Processing /Users/louisekirkham/Documents/linkedin_learning/Ex_Files_Data_Engineering_Foundations/airflow_env/lib/python3.9/site-packages/airflow/example_dags/example_branch_python_dop_operator_3.py took 0.076 seconds
[2022-03-18 17:15:31,115] {processor.py:163} INFO - Started process (PID=47178) to work on /Users/louisekirkham/Documents/linkedin_learning/Ex_Files_Data_Engineering_Foundations/airflow_env/lib/python3.9/site-packages/airflow/example_dags/example_branch_python_dop_operator_3.py
[2022-03-18 17:15:31,116] {processor.py:642} INFO - Processing file /Users/louisekirkham/Documents/linkedin_learning/Ex_Files_Data_Engineering_Foundations/airflow_env/lib/python3.9/site-packages/airflow/example_dags/example_branch_python_dop_operator_3.py for tasks to queue
[2022-03-18 17:15:31,117] {logging_mixin.py:109} INFO - [2022-03-18 17:15:31,116] {dagbag.py:500} INFO - Filling up the DagBag from /Users/louisekirkham/Documents/linkedin_learning/Ex_Files_Data_Engineering_Foundations/airflow_env/lib/python3.9/site-packages/airflow/example_dags/example_branch_python_dop_operator_3.py
[2022-03-18 17:15:31,152] {processor.py:654} INFO - DAG(s) dict_keys(['example_branch_dop_operator_v3']) retrieved from /Users/louisekirkham/Documents/linkedin_learning/Ex_Files_Data_Engineering_Foundations/airflow_env/lib/python3.9/site-packages/airflow/example_dags/example_branch_python_dop_operator_3.py
[2022-03-18 17:15:31,165] {logging_mixin.py:109} INFO - [2022-03-18 17:15:31,165] {dag.py:2398} INFO - Sync 1 DAGs
[2022-03-18 17:15:31,176] {logging_mixin.py:109} INFO - [2022-03-18 17:15:31,175] {dag.py:2937} INFO - Setting next_dagrun for example_branch_dop_operator_v3 to 2022-03-18T17:14:00+00:00
[2022-03-18 17:15:31,182] {processor.py:171} INFO - Processing /Users/louisekirkham/Documents/linkedin_learning/Ex_Files_Data_Engineering_Foundations/airflow_env/lib/python3.9/site-packages/airflow/example_dags/example_branch_python_dop_operator_3.py took 0.068 seconds
[2022-03-18 17:16:55,944] {processor.py:163} INFO - Started process (PID=47253) to work on /Users/louisekirkham/Documents/linkedin_learning/Ex_Files_Data_Engineering_Foundations/airflow_env/lib/python3.9/site-packages/airflow/example_dags/example_branch_python_dop_operator_3.py
[2022-03-18 17:16:55,945] {processor.py:642} INFO - Processing file /Users/louisekirkham/Documents/linkedin_learning/Ex_Files_Data_Engineering_Foundations/airflow_env/lib/python3.9/site-packages/airflow/example_dags/example_branch_python_dop_operator_3.py for tasks to queue
[2022-03-18 17:16:55,946] {logging_mixin.py:109} INFO - [2022-03-18 17:16:55,946] {dagbag.py:500} INFO - Filling up the DagBag from /Users/louisekirkham/Documents/linkedin_learning/Ex_Files_Data_Engineering_Foundations/airflow_env/lib/python3.9/site-packages/airflow/example_dags/example_branch_python_dop_operator_3.py
[2022-03-18 17:16:55,985] {processor.py:654} INFO - DAG(s) dict_keys(['example_branch_dop_operator_v3']) retrieved from /Users/louisekirkham/Documents/linkedin_learning/Ex_Files_Data_Engineering_Foundations/airflow_env/lib/python3.9/site-packages/airflow/example_dags/example_branch_python_dop_operator_3.py
[2022-03-18 17:16:56,001] {logging_mixin.py:109} INFO - [2022-03-18 17:16:56,001] {dag.py:2398} INFO - Sync 1 DAGs
[2022-03-18 17:16:56,013] {logging_mixin.py:109} INFO - [2022-03-18 17:16:56,012] {dag.py:2937} INFO - Setting next_dagrun for example_branch_dop_operator_v3 to 2022-03-18T17:15:00+00:00
[2022-03-18 17:16:56,020] {processor.py:171} INFO - Processing /Users/louisekirkham/Documents/linkedin_learning/Ex_Files_Data_Engineering_Foundations/airflow_env/lib/python3.9/site-packages/airflow/example_dags/example_branch_python_dop_operator_3.py took 0.077 seconds
[2022-03-18 17:18:20,578] {processor.py:163} INFO - Started process (PID=47319) to work on /Users/louisekirkham/Documents/linkedin_learning/Ex_Files_Data_Engineering_Foundations/airflow_env/lib/python3.9/site-packages/airflow/example_dags/example_branch_python_dop_operator_3.py
[2022-03-18 17:18:20,579] {processor.py:642} INFO - Processing file /Users/louisekirkham/Documents/linkedin_learning/Ex_Files_Data_Engineering_Foundations/airflow_env/lib/python3.9/site-packages/airflow/example_dags/example_branch_python_dop_operator_3.py for tasks to queue
[2022-03-18 17:18:20,579] {logging_mixin.py:109} INFO - [2022-03-18 17:18:20,579] {dagbag.py:500} INFO - Filling up the DagBag from /Users/louisekirkham/Documents/linkedin_learning/Ex_Files_Data_Engineering_Foundations/airflow_env/lib/python3.9/site-packages/airflow/example_dags/example_branch_python_dop_operator_3.py
[2022-03-18 17:18:20,613] {processor.py:654} INFO - DAG(s) dict_keys(['example_branch_dop_operator_v3']) retrieved from /Users/louisekirkham/Documents/linkedin_learning/Ex_Files_Data_Engineering_Foundations/airflow_env/lib/python3.9/site-packages/airflow/example_dags/example_branch_python_dop_operator_3.py
[2022-03-18 17:18:20,628] {logging_mixin.py:109} INFO - [2022-03-18 17:18:20,627] {dag.py:2398} INFO - Sync 1 DAGs
[2022-03-18 17:18:20,639] {logging_mixin.py:109} INFO - [2022-03-18 17:18:20,639] {dag.py:2937} INFO - Setting next_dagrun for example_branch_dop_operator_v3 to 2022-03-18T17:17:00+00:00
[2022-03-18 17:18:20,645] {processor.py:171} INFO - Processing /Users/louisekirkham/Documents/linkedin_learning/Ex_Files_Data_Engineering_Foundations/airflow_env/lib/python3.9/site-packages/airflow/example_dags/example_branch_python_dop_operator_3.py took 0.067 seconds
[2022-03-18 17:19:42,254] {processor.py:163} INFO - Started process (PID=47382) to work on /Users/louisekirkham/Documents/linkedin_learning/Ex_Files_Data_Engineering_Foundations/airflow_env/lib/python3.9/site-packages/airflow/example_dags/example_branch_python_dop_operator_3.py
[2022-03-18 17:19:42,255] {processor.py:642} INFO - Processing file /Users/louisekirkham/Documents/linkedin_learning/Ex_Files_Data_Engineering_Foundations/airflow_env/lib/python3.9/site-packages/airflow/example_dags/example_branch_python_dop_operator_3.py for tasks to queue
[2022-03-18 17:19:42,255] {logging_mixin.py:109} INFO - [2022-03-18 17:19:42,255] {dagbag.py:500} INFO - Filling up the DagBag from /Users/louisekirkham/Documents/linkedin_learning/Ex_Files_Data_Engineering_Foundations/airflow_env/lib/python3.9/site-packages/airflow/example_dags/example_branch_python_dop_operator_3.py
[2022-03-18 17:19:42,296] {processor.py:654} INFO - DAG(s) dict_keys(['example_branch_dop_operator_v3']) retrieved from /Users/louisekirkham/Documents/linkedin_learning/Ex_Files_Data_Engineering_Foundations/airflow_env/lib/python3.9/site-packages/airflow/example_dags/example_branch_python_dop_operator_3.py
[2022-03-18 17:19:42,310] {logging_mixin.py:109} INFO - [2022-03-18 17:19:42,310] {dag.py:2398} INFO - Sync 1 DAGs
[2022-03-18 17:19:42,322] {logging_mixin.py:109} INFO - [2022-03-18 17:19:42,322] {dag.py:2937} INFO - Setting next_dagrun for example_branch_dop_operator_v3 to 2022-03-18T17:18:00+00:00
[2022-03-18 17:19:42,329] {processor.py:171} INFO - Processing /Users/louisekirkham/Documents/linkedin_learning/Ex_Files_Data_Engineering_Foundations/airflow_env/lib/python3.9/site-packages/airflow/example_dags/example_branch_python_dop_operator_3.py took 0.076 seconds
[2022-03-18 17:24:31,921] {processor.py:163} INFO - Started process (PID=47557) to work on /Users/louisekirkham/Documents/linkedin_learning/Ex_Files_Data_Engineering_Foundations/airflow_env/lib/python3.9/site-packages/airflow/example_dags/example_branch_python_dop_operator_3.py
[2022-03-18 17:24:31,922] {processor.py:642} INFO - Processing file /Users/louisekirkham/Documents/linkedin_learning/Ex_Files_Data_Engineering_Foundations/airflow_env/lib/python3.9/site-packages/airflow/example_dags/example_branch_python_dop_operator_3.py for tasks to queue
[2022-03-18 17:24:31,922] {logging_mixin.py:109} INFO - [2022-03-18 17:24:31,922] {dagbag.py:500} INFO - Filling up the DagBag from /Users/louisekirkham/Documents/linkedin_learning/Ex_Files_Data_Engineering_Foundations/airflow_env/lib/python3.9/site-packages/airflow/example_dags/example_branch_python_dop_operator_3.py
[2022-03-18 17:24:31,957] {processor.py:654} INFO - DAG(s) dict_keys(['example_branch_dop_operator_v3']) retrieved from /Users/louisekirkham/Documents/linkedin_learning/Ex_Files_Data_Engineering_Foundations/airflow_env/lib/python3.9/site-packages/airflow/example_dags/example_branch_python_dop_operator_3.py
[2022-03-18 17:24:31,969] {logging_mixin.py:109} INFO - [2022-03-18 17:24:31,969] {dag.py:2398} INFO - Sync 1 DAGs
[2022-03-18 17:24:31,980] {logging_mixin.py:109} INFO - [2022-03-18 17:24:31,980] {dag.py:2937} INFO - Setting next_dagrun for example_branch_dop_operator_v3 to 2022-03-18T17:23:00+00:00
[2022-03-18 17:24:31,987] {processor.py:171} INFO - Processing /Users/louisekirkham/Documents/linkedin_learning/Ex_Files_Data_Engineering_Foundations/airflow_env/lib/python3.9/site-packages/airflow/example_dags/example_branch_python_dop_operator_3.py took 0.067 seconds
[2022-03-18 17:26:06,926] {processor.py:163} INFO - Started process (PID=47644) to work on /Users/louisekirkham/Documents/linkedin_learning/Ex_Files_Data_Engineering_Foundations/airflow_env/lib/python3.9/site-packages/airflow/example_dags/example_branch_python_dop_operator_3.py
[2022-03-18 17:26:06,926] {processor.py:642} INFO - Processing file /Users/louisekirkham/Documents/linkedin_learning/Ex_Files_Data_Engineering_Foundations/airflow_env/lib/python3.9/site-packages/airflow/example_dags/example_branch_python_dop_operator_3.py for tasks to queue
[2022-03-18 17:26:06,927] {logging_mixin.py:109} INFO - [2022-03-18 17:26:06,927] {dagbag.py:500} INFO - Filling up the DagBag from /Users/louisekirkham/Documents/linkedin_learning/Ex_Files_Data_Engineering_Foundations/airflow_env/lib/python3.9/site-packages/airflow/example_dags/example_branch_python_dop_operator_3.py
[2022-03-18 17:26:06,970] {processor.py:654} INFO - DAG(s) dict_keys(['example_branch_dop_operator_v3']) retrieved from /Users/louisekirkham/Documents/linkedin_learning/Ex_Files_Data_Engineering_Foundations/airflow_env/lib/python3.9/site-packages/airflow/example_dags/example_branch_python_dop_operator_3.py
[2022-03-18 17:26:06,988] {logging_mixin.py:109} INFO - [2022-03-18 17:26:06,988] {dag.py:2398} INFO - Sync 1 DAGs
[2022-03-18 17:26:07,000] {logging_mixin.py:109} INFO - [2022-03-18 17:26:07,000] {dag.py:2937} INFO - Setting next_dagrun for example_branch_dop_operator_v3 to 2022-03-18T17:25:00+00:00
[2022-03-18 17:26:07,007] {processor.py:171} INFO - Processing /Users/louisekirkham/Documents/linkedin_learning/Ex_Files_Data_Engineering_Foundations/airflow_env/lib/python3.9/site-packages/airflow/example_dags/example_branch_python_dop_operator_3.py took 0.082 seconds
[2022-03-18 17:28:59,220] {processor.py:163} INFO - Started process (PID=47765) to work on /Users/louisekirkham/Documents/linkedin_learning/Ex_Files_Data_Engineering_Foundations/airflow_env/lib/python3.9/site-packages/airflow/example_dags/example_branch_python_dop_operator_3.py
[2022-03-18 17:28:59,220] {processor.py:642} INFO - Processing file /Users/louisekirkham/Documents/linkedin_learning/Ex_Files_Data_Engineering_Foundations/airflow_env/lib/python3.9/site-packages/airflow/example_dags/example_branch_python_dop_operator_3.py for tasks to queue
[2022-03-18 17:28:59,221] {logging_mixin.py:109} INFO - [2022-03-18 17:28:59,221] {dagbag.py:500} INFO - Filling up the DagBag from /Users/louisekirkham/Documents/linkedin_learning/Ex_Files_Data_Engineering_Foundations/airflow_env/lib/python3.9/site-packages/airflow/example_dags/example_branch_python_dop_operator_3.py
[2022-03-18 17:28:59,256] {processor.py:654} INFO - DAG(s) dict_keys(['example_branch_dop_operator_v3']) retrieved from /Users/louisekirkham/Documents/linkedin_learning/Ex_Files_Data_Engineering_Foundations/airflow_env/lib/python3.9/site-packages/airflow/example_dags/example_branch_python_dop_operator_3.py
[2022-03-18 17:28:59,273] {logging_mixin.py:109} INFO - [2022-03-18 17:28:59,273] {dag.py:2398} INFO - Sync 1 DAGs
[2022-03-18 17:28:59,287] {logging_mixin.py:109} INFO - [2022-03-18 17:28:59,287] {dag.py:2937} INFO - Setting next_dagrun for example_branch_dop_operator_v3 to 2022-03-18T17:27:00+00:00
[2022-03-18 17:28:59,293] {processor.py:171} INFO - Processing /Users/louisekirkham/Documents/linkedin_learning/Ex_Files_Data_Engineering_Foundations/airflow_env/lib/python3.9/site-packages/airflow/example_dags/example_branch_python_dop_operator_3.py took 0.073 seconds
[2022-03-18 17:32:17,305] {processor.py:163} INFO - Started process (PID=47940) to work on /Users/louisekirkham/Documents/linkedin_learning/Ex_Files_Data_Engineering_Foundations/airflow_env/lib/python3.9/site-packages/airflow/example_dags/example_branch_python_dop_operator_3.py
[2022-03-18 17:32:17,306] {processor.py:642} INFO - Processing file /Users/louisekirkham/Documents/linkedin_learning/Ex_Files_Data_Engineering_Foundations/airflow_env/lib/python3.9/site-packages/airflow/example_dags/example_branch_python_dop_operator_3.py for tasks to queue
[2022-03-18 17:32:17,306] {logging_mixin.py:109} INFO - [2022-03-18 17:32:17,306] {dagbag.py:500} INFO - Filling up the DagBag from /Users/louisekirkham/Documents/linkedin_learning/Ex_Files_Data_Engineering_Foundations/airflow_env/lib/python3.9/site-packages/airflow/example_dags/example_branch_python_dop_operator_3.py
[2022-03-18 17:32:17,343] {processor.py:654} INFO - DAG(s) dict_keys(['example_branch_dop_operator_v3']) retrieved from /Users/louisekirkham/Documents/linkedin_learning/Ex_Files_Data_Engineering_Foundations/airflow_env/lib/python3.9/site-packages/airflow/example_dags/example_branch_python_dop_operator_3.py
[2022-03-18 17:32:17,357] {logging_mixin.py:109} INFO - [2022-03-18 17:32:17,357] {dag.py:2398} INFO - Sync 1 DAGs
[2022-03-18 17:32:17,367] {logging_mixin.py:109} INFO - [2022-03-18 17:32:17,367] {dag.py:2937} INFO - Setting next_dagrun for example_branch_dop_operator_v3 to 2022-03-18T17:31:00+00:00
[2022-03-18 17:32:17,374] {processor.py:171} INFO - Processing /Users/louisekirkham/Documents/linkedin_learning/Ex_Files_Data_Engineering_Foundations/airflow_env/lib/python3.9/site-packages/airflow/example_dags/example_branch_python_dop_operator_3.py took 0.069 seconds
[2022-03-18 17:33:42,701] {processor.py:163} INFO - Started process (PID=48396) to work on /Users/louisekirkham/Documents/linkedin_learning/Ex_Files_Data_Engineering_Foundations/airflow_env/lib/python3.9/site-packages/airflow/example_dags/example_branch_python_dop_operator_3.py
[2022-03-18 17:33:42,701] {processor.py:642} INFO - Processing file /Users/louisekirkham/Documents/linkedin_learning/Ex_Files_Data_Engineering_Foundations/airflow_env/lib/python3.9/site-packages/airflow/example_dags/example_branch_python_dop_operator_3.py for tasks to queue
[2022-03-18 17:33:42,702] {logging_mixin.py:109} INFO - [2022-03-18 17:33:42,702] {dagbag.py:500} INFO - Filling up the DagBag from /Users/louisekirkham/Documents/linkedin_learning/Ex_Files_Data_Engineering_Foundations/airflow_env/lib/python3.9/site-packages/airflow/example_dags/example_branch_python_dop_operator_3.py
[2022-03-18 17:33:42,746] {processor.py:654} INFO - DAG(s) dict_keys(['example_branch_dop_operator_v3']) retrieved from /Users/louisekirkham/Documents/linkedin_learning/Ex_Files_Data_Engineering_Foundations/airflow_env/lib/python3.9/site-packages/airflow/example_dags/example_branch_python_dop_operator_3.py
[2022-03-18 17:33:42,763] {logging_mixin.py:109} INFO - [2022-03-18 17:33:42,763] {dag.py:2398} INFO - Sync 1 DAGs
[2022-03-18 17:33:42,775] {logging_mixin.py:109} INFO - [2022-03-18 17:33:42,775] {dag.py:2937} INFO - Setting next_dagrun for example_branch_dop_operator_v3 to 2022-03-18T17:32:00+00:00
[2022-03-18 17:33:42,782] {processor.py:171} INFO - Processing /Users/louisekirkham/Documents/linkedin_learning/Ex_Files_Data_Engineering_Foundations/airflow_env/lib/python3.9/site-packages/airflow/example_dags/example_branch_python_dop_operator_3.py took 0.082 seconds
[2022-03-18 17:35:04,183] {processor.py:163} INFO - Started process (PID=48488) to work on /Users/louisekirkham/Documents/linkedin_learning/Ex_Files_Data_Engineering_Foundations/airflow_env/lib/python3.9/site-packages/airflow/example_dags/example_branch_python_dop_operator_3.py
[2022-03-18 17:35:04,183] {processor.py:642} INFO - Processing file /Users/louisekirkham/Documents/linkedin_learning/Ex_Files_Data_Engineering_Foundations/airflow_env/lib/python3.9/site-packages/airflow/example_dags/example_branch_python_dop_operator_3.py for tasks to queue
[2022-03-18 17:35:04,184] {logging_mixin.py:109} INFO - [2022-03-18 17:35:04,183] {dagbag.py:500} INFO - Filling up the DagBag from /Users/louisekirkham/Documents/linkedin_learning/Ex_Files_Data_Engineering_Foundations/airflow_env/lib/python3.9/site-packages/airflow/example_dags/example_branch_python_dop_operator_3.py
[2022-03-18 17:35:04,223] {processor.py:654} INFO - DAG(s) dict_keys(['example_branch_dop_operator_v3']) retrieved from /Users/louisekirkham/Documents/linkedin_learning/Ex_Files_Data_Engineering_Foundations/airflow_env/lib/python3.9/site-packages/airflow/example_dags/example_branch_python_dop_operator_3.py
[2022-03-18 17:35:04,237] {logging_mixin.py:109} INFO - [2022-03-18 17:35:04,237] {dag.py:2398} INFO - Sync 1 DAGs
[2022-03-18 17:35:04,248] {logging_mixin.py:109} INFO - [2022-03-18 17:35:04,248] {dag.py:2937} INFO - Setting next_dagrun for example_branch_dop_operator_v3 to 2022-03-18T17:34:00+00:00
[2022-03-18 17:35:04,254] {processor.py:171} INFO - Processing /Users/louisekirkham/Documents/linkedin_learning/Ex_Files_Data_Engineering_Foundations/airflow_env/lib/python3.9/site-packages/airflow/example_dags/example_branch_python_dop_operator_3.py took 0.072 seconds
[2022-03-18 17:36:26,970] {processor.py:163} INFO - Started process (PID=48569) to work on /Users/louisekirkham/Documents/linkedin_learning/Ex_Files_Data_Engineering_Foundations/airflow_env/lib/python3.9/site-packages/airflow/example_dags/example_branch_python_dop_operator_3.py
[2022-03-18 17:36:26,970] {processor.py:642} INFO - Processing file /Users/louisekirkham/Documents/linkedin_learning/Ex_Files_Data_Engineering_Foundations/airflow_env/lib/python3.9/site-packages/airflow/example_dags/example_branch_python_dop_operator_3.py for tasks to queue
[2022-03-18 17:36:26,971] {logging_mixin.py:109} INFO - [2022-03-18 17:36:26,971] {dagbag.py:500} INFO - Filling up the DagBag from /Users/louisekirkham/Documents/linkedin_learning/Ex_Files_Data_Engineering_Foundations/airflow_env/lib/python3.9/site-packages/airflow/example_dags/example_branch_python_dop_operator_3.py
[2022-03-18 17:36:27,010] {processor.py:654} INFO - DAG(s) dict_keys(['example_branch_dop_operator_v3']) retrieved from /Users/louisekirkham/Documents/linkedin_learning/Ex_Files_Data_Engineering_Foundations/airflow_env/lib/python3.9/site-packages/airflow/example_dags/example_branch_python_dop_operator_3.py
[2022-03-18 17:36:27,028] {logging_mixin.py:109} INFO - [2022-03-18 17:36:27,028] {dag.py:2398} INFO - Sync 1 DAGs
[2022-03-18 17:36:27,042] {logging_mixin.py:109} INFO - [2022-03-18 17:36:27,042] {dag.py:2937} INFO - Setting next_dagrun for example_branch_dop_operator_v3 to 2022-03-18T17:35:00+00:00
[2022-03-18 17:36:27,052] {processor.py:171} INFO - Processing /Users/louisekirkham/Documents/linkedin_learning/Ex_Files_Data_Engineering_Foundations/airflow_env/lib/python3.9/site-packages/airflow/example_dags/example_branch_python_dop_operator_3.py took 0.082 seconds
[2022-03-18 17:37:50,966] {processor.py:163} INFO - Started process (PID=48638) to work on /Users/louisekirkham/Documents/linkedin_learning/Ex_Files_Data_Engineering_Foundations/airflow_env/lib/python3.9/site-packages/airflow/example_dags/example_branch_python_dop_operator_3.py
[2022-03-18 17:37:50,966] {processor.py:642} INFO - Processing file /Users/louisekirkham/Documents/linkedin_learning/Ex_Files_Data_Engineering_Foundations/airflow_env/lib/python3.9/site-packages/airflow/example_dags/example_branch_python_dop_operator_3.py for tasks to queue
[2022-03-18 17:37:50,967] {logging_mixin.py:109} INFO - [2022-03-18 17:37:50,967] {dagbag.py:500} INFO - Filling up the DagBag from /Users/louisekirkham/Documents/linkedin_learning/Ex_Files_Data_Engineering_Foundations/airflow_env/lib/python3.9/site-packages/airflow/example_dags/example_branch_python_dop_operator_3.py
[2022-03-18 17:37:51,012] {processor.py:654} INFO - DAG(s) dict_keys(['example_branch_dop_operator_v3']) retrieved from /Users/louisekirkham/Documents/linkedin_learning/Ex_Files_Data_Engineering_Foundations/airflow_env/lib/python3.9/site-packages/airflow/example_dags/example_branch_python_dop_operator_3.py
[2022-03-18 17:37:51,031] {logging_mixin.py:109} INFO - [2022-03-18 17:37:51,031] {dag.py:2398} INFO - Sync 1 DAGs
[2022-03-18 17:37:51,044] {logging_mixin.py:109} INFO - [2022-03-18 17:37:51,044] {dag.py:2937} INFO - Setting next_dagrun for example_branch_dop_operator_v3 to 2022-03-18T17:36:00+00:00
[2022-03-18 17:37:51,052] {processor.py:171} INFO - Processing /Users/louisekirkham/Documents/linkedin_learning/Ex_Files_Data_Engineering_Foundations/airflow_env/lib/python3.9/site-packages/airflow/example_dags/example_branch_python_dop_operator_3.py took 0.087 seconds
[2022-03-18 17:39:16,191] {processor.py:163} INFO - Started process (PID=48712) to work on /Users/louisekirkham/Documents/linkedin_learning/Ex_Files_Data_Engineering_Foundations/airflow_env/lib/python3.9/site-packages/airflow/example_dags/example_branch_python_dop_operator_3.py
[2022-03-18 17:39:16,194] {processor.py:642} INFO - Processing file /Users/louisekirkham/Documents/linkedin_learning/Ex_Files_Data_Engineering_Foundations/airflow_env/lib/python3.9/site-packages/airflow/example_dags/example_branch_python_dop_operator_3.py for tasks to queue
[2022-03-18 17:39:16,195] {logging_mixin.py:109} INFO - [2022-03-18 17:39:16,195] {dagbag.py:500} INFO - Filling up the DagBag from /Users/louisekirkham/Documents/linkedin_learning/Ex_Files_Data_Engineering_Foundations/airflow_env/lib/python3.9/site-packages/airflow/example_dags/example_branch_python_dop_operator_3.py
[2022-03-18 17:39:16,250] {processor.py:654} INFO - DAG(s) dict_keys(['example_branch_dop_operator_v3']) retrieved from /Users/louisekirkham/Documents/linkedin_learning/Ex_Files_Data_Engineering_Foundations/airflow_env/lib/python3.9/site-packages/airflow/example_dags/example_branch_python_dop_operator_3.py
[2022-03-18 17:39:16,272] {logging_mixin.py:109} INFO - [2022-03-18 17:39:16,272] {dag.py:2398} INFO - Sync 1 DAGs
[2022-03-18 17:39:16,288] {logging_mixin.py:109} INFO - [2022-03-18 17:39:16,288] {dag.py:2937} INFO - Setting next_dagrun for example_branch_dop_operator_v3 to 2022-03-18T17:38:00+00:00
[2022-03-18 17:39:16,297] {processor.py:171} INFO - Processing /Users/louisekirkham/Documents/linkedin_learning/Ex_Files_Data_Engineering_Foundations/airflow_env/lib/python3.9/site-packages/airflow/example_dags/example_branch_python_dop_operator_3.py took 0.106 seconds
[2022-03-18 17:40:42,024] {processor.py:163} INFO - Started process (PID=48804) to work on /Users/louisekirkham/Documents/linkedin_learning/Ex_Files_Data_Engineering_Foundations/airflow_env/lib/python3.9/site-packages/airflow/example_dags/example_branch_python_dop_operator_3.py
[2022-03-18 17:40:42,025] {processor.py:642} INFO - Processing file /Users/louisekirkham/Documents/linkedin_learning/Ex_Files_Data_Engineering_Foundations/airflow_env/lib/python3.9/site-packages/airflow/example_dags/example_branch_python_dop_operator_3.py for tasks to queue
[2022-03-18 17:40:42,025] {logging_mixin.py:109} INFO - [2022-03-18 17:40:42,025] {dagbag.py:500} INFO - Filling up the DagBag from /Users/louisekirkham/Documents/linkedin_learning/Ex_Files_Data_Engineering_Foundations/airflow_env/lib/python3.9/site-packages/airflow/example_dags/example_branch_python_dop_operator_3.py
[2022-03-18 17:40:42,067] {processor.py:654} INFO - DAG(s) dict_keys(['example_branch_dop_operator_v3']) retrieved from /Users/louisekirkham/Documents/linkedin_learning/Ex_Files_Data_Engineering_Foundations/airflow_env/lib/python3.9/site-packages/airflow/example_dags/example_branch_python_dop_operator_3.py
[2022-03-18 17:40:42,083] {logging_mixin.py:109} INFO - [2022-03-18 17:40:42,083] {dag.py:2398} INFO - Sync 1 DAGs
[2022-03-18 17:40:42,096] {logging_mixin.py:109} INFO - [2022-03-18 17:40:42,096] {dag.py:2937} INFO - Setting next_dagrun for example_branch_dop_operator_v3 to 2022-03-18T17:39:00+00:00
[2022-03-18 17:40:42,103] {processor.py:171} INFO - Processing /Users/louisekirkham/Documents/linkedin_learning/Ex_Files_Data_Engineering_Foundations/airflow_env/lib/python3.9/site-packages/airflow/example_dags/example_branch_python_dop_operator_3.py took 0.079 seconds
[2022-03-18 17:42:02,564] {processor.py:163} INFO - Started process (PID=48891) to work on /Users/louisekirkham/Documents/linkedin_learning/Ex_Files_Data_Engineering_Foundations/airflow_env/lib/python3.9/site-packages/airflow/example_dags/example_branch_python_dop_operator_3.py
[2022-03-18 17:42:02,565] {processor.py:642} INFO - Processing file /Users/louisekirkham/Documents/linkedin_learning/Ex_Files_Data_Engineering_Foundations/airflow_env/lib/python3.9/site-packages/airflow/example_dags/example_branch_python_dop_operator_3.py for tasks to queue
[2022-03-18 17:42:02,565] {logging_mixin.py:109} INFO - [2022-03-18 17:42:02,565] {dagbag.py:500} INFO - Filling up the DagBag from /Users/louisekirkham/Documents/linkedin_learning/Ex_Files_Data_Engineering_Foundations/airflow_env/lib/python3.9/site-packages/airflow/example_dags/example_branch_python_dop_operator_3.py
[2022-03-18 17:42:02,603] {processor.py:654} INFO - DAG(s) dict_keys(['example_branch_dop_operator_v3']) retrieved from /Users/louisekirkham/Documents/linkedin_learning/Ex_Files_Data_Engineering_Foundations/airflow_env/lib/python3.9/site-packages/airflow/example_dags/example_branch_python_dop_operator_3.py
[2022-03-18 17:42:02,616] {logging_mixin.py:109} INFO - [2022-03-18 17:42:02,616] {dag.py:2398} INFO - Sync 1 DAGs
[2022-03-18 17:42:02,627] {logging_mixin.py:109} INFO - [2022-03-18 17:42:02,627] {dag.py:2937} INFO - Setting next_dagrun for example_branch_dop_operator_v3 to 2022-03-18T17:41:00+00:00
[2022-03-18 17:42:02,634] {processor.py:171} INFO - Processing /Users/louisekirkham/Documents/linkedin_learning/Ex_Files_Data_Engineering_Foundations/airflow_env/lib/python3.9/site-packages/airflow/example_dags/example_branch_python_dop_operator_3.py took 0.071 seconds
[2022-03-18 17:43:27,157] {processor.py:163} INFO - Started process (PID=48952) to work on /Users/louisekirkham/Documents/linkedin_learning/Ex_Files_Data_Engineering_Foundations/airflow_env/lib/python3.9/site-packages/airflow/example_dags/example_branch_python_dop_operator_3.py
[2022-03-18 17:43:27,158] {processor.py:642} INFO - Processing file /Users/louisekirkham/Documents/linkedin_learning/Ex_Files_Data_Engineering_Foundations/airflow_env/lib/python3.9/site-packages/airflow/example_dags/example_branch_python_dop_operator_3.py for tasks to queue
[2022-03-18 17:43:27,158] {logging_mixin.py:109} INFO - [2022-03-18 17:43:27,158] {dagbag.py:500} INFO - Filling up the DagBag from /Users/louisekirkham/Documents/linkedin_learning/Ex_Files_Data_Engineering_Foundations/airflow_env/lib/python3.9/site-packages/airflow/example_dags/example_branch_python_dop_operator_3.py
[2022-03-18 17:43:27,194] {processor.py:654} INFO - DAG(s) dict_keys(['example_branch_dop_operator_v3']) retrieved from /Users/louisekirkham/Documents/linkedin_learning/Ex_Files_Data_Engineering_Foundations/airflow_env/lib/python3.9/site-packages/airflow/example_dags/example_branch_python_dop_operator_3.py
[2022-03-18 17:43:27,208] {logging_mixin.py:109} INFO - [2022-03-18 17:43:27,208] {dag.py:2398} INFO - Sync 1 DAGs
[2022-03-18 17:43:27,218] {logging_mixin.py:109} INFO - [2022-03-18 17:43:27,218] {dag.py:2937} INFO - Setting next_dagrun for example_branch_dop_operator_v3 to 2022-03-18T17:42:00+00:00
[2022-03-18 17:43:27,226] {processor.py:171} INFO - Processing /Users/louisekirkham/Documents/linkedin_learning/Ex_Files_Data_Engineering_Foundations/airflow_env/lib/python3.9/site-packages/airflow/example_dags/example_branch_python_dop_operator_3.py took 0.069 seconds
[2022-03-18 17:44:49,570] {processor.py:163} INFO - Started process (PID=49014) to work on /Users/louisekirkham/Documents/linkedin_learning/Ex_Files_Data_Engineering_Foundations/airflow_env/lib/python3.9/site-packages/airflow/example_dags/example_branch_python_dop_operator_3.py
[2022-03-18 17:44:49,570] {processor.py:642} INFO - Processing file /Users/louisekirkham/Documents/linkedin_learning/Ex_Files_Data_Engineering_Foundations/airflow_env/lib/python3.9/site-packages/airflow/example_dags/example_branch_python_dop_operator_3.py for tasks to queue
[2022-03-18 17:44:49,570] {logging_mixin.py:109} INFO - [2022-03-18 17:44:49,570] {dagbag.py:500} INFO - Filling up the DagBag from /Users/louisekirkham/Documents/linkedin_learning/Ex_Files_Data_Engineering_Foundations/airflow_env/lib/python3.9/site-packages/airflow/example_dags/example_branch_python_dop_operator_3.py
[2022-03-18 17:44:49,621] {processor.py:654} INFO - DAG(s) dict_keys(['example_branch_dop_operator_v3']) retrieved from /Users/louisekirkham/Documents/linkedin_learning/Ex_Files_Data_Engineering_Foundations/airflow_env/lib/python3.9/site-packages/airflow/example_dags/example_branch_python_dop_operator_3.py
[2022-03-18 17:44:49,637] {logging_mixin.py:109} INFO - [2022-03-18 17:44:49,636] {dag.py:2398} INFO - Sync 1 DAGs
[2022-03-18 17:44:49,649] {logging_mixin.py:109} INFO - [2022-03-18 17:44:49,649] {dag.py:2937} INFO - Setting next_dagrun for example_branch_dop_operator_v3 to 2022-03-18T17:43:00+00:00
[2022-03-18 17:44:49,656] {processor.py:171} INFO - Processing /Users/louisekirkham/Documents/linkedin_learning/Ex_Files_Data_Engineering_Foundations/airflow_env/lib/python3.9/site-packages/airflow/example_dags/example_branch_python_dop_operator_3.py took 0.088 seconds
[2022-03-18 17:46:13,745] {processor.py:163} INFO - Started process (PID=49085) to work on /Users/louisekirkham/Documents/linkedin_learning/Ex_Files_Data_Engineering_Foundations/airflow_env/lib/python3.9/site-packages/airflow/example_dags/example_branch_python_dop_operator_3.py
[2022-03-18 17:46:13,745] {processor.py:642} INFO - Processing file /Users/louisekirkham/Documents/linkedin_learning/Ex_Files_Data_Engineering_Foundations/airflow_env/lib/python3.9/site-packages/airflow/example_dags/example_branch_python_dop_operator_3.py for tasks to queue
[2022-03-18 17:46:13,745] {logging_mixin.py:109} INFO - [2022-03-18 17:46:13,745] {dagbag.py:500} INFO - Filling up the DagBag from /Users/louisekirkham/Documents/linkedin_learning/Ex_Files_Data_Engineering_Foundations/airflow_env/lib/python3.9/site-packages/airflow/example_dags/example_branch_python_dop_operator_3.py
[2022-03-18 17:46:13,782] {processor.py:654} INFO - DAG(s) dict_keys(['example_branch_dop_operator_v3']) retrieved from /Users/louisekirkham/Documents/linkedin_learning/Ex_Files_Data_Engineering_Foundations/airflow_env/lib/python3.9/site-packages/airflow/example_dags/example_branch_python_dop_operator_3.py
[2022-03-18 17:46:13,796] {logging_mixin.py:109} INFO - [2022-03-18 17:46:13,795] {dag.py:2398} INFO - Sync 1 DAGs
[2022-03-18 17:46:13,806] {logging_mixin.py:109} INFO - [2022-03-18 17:46:13,806] {dag.py:2937} INFO - Setting next_dagrun for example_branch_dop_operator_v3 to 2022-03-18T17:45:00+00:00
[2022-03-18 17:46:13,812] {processor.py:171} INFO - Processing /Users/louisekirkham/Documents/linkedin_learning/Ex_Files_Data_Engineering_Foundations/airflow_env/lib/python3.9/site-packages/airflow/example_dags/example_branch_python_dop_operator_3.py took 0.067 seconds
[2022-03-18 17:47:37,869] {processor.py:163} INFO - Started process (PID=49149) to work on /Users/louisekirkham/Documents/linkedin_learning/Ex_Files_Data_Engineering_Foundations/airflow_env/lib/python3.9/site-packages/airflow/example_dags/example_branch_python_dop_operator_3.py
[2022-03-18 17:47:37,869] {processor.py:642} INFO - Processing file /Users/louisekirkham/Documents/linkedin_learning/Ex_Files_Data_Engineering_Foundations/airflow_env/lib/python3.9/site-packages/airflow/example_dags/example_branch_python_dop_operator_3.py for tasks to queue
[2022-03-18 17:47:37,870] {logging_mixin.py:109} INFO - [2022-03-18 17:47:37,870] {dagbag.py:500} INFO - Filling up the DagBag from /Users/louisekirkham/Documents/linkedin_learning/Ex_Files_Data_Engineering_Foundations/airflow_env/lib/python3.9/site-packages/airflow/example_dags/example_branch_python_dop_operator_3.py
[2022-03-18 17:47:37,911] {processor.py:654} INFO - DAG(s) dict_keys(['example_branch_dop_operator_v3']) retrieved from /Users/louisekirkham/Documents/linkedin_learning/Ex_Files_Data_Engineering_Foundations/airflow_env/lib/python3.9/site-packages/airflow/example_dags/example_branch_python_dop_operator_3.py
[2022-03-18 17:47:37,927] {logging_mixin.py:109} INFO - [2022-03-18 17:47:37,927] {dag.py:2398} INFO - Sync 1 DAGs
[2022-03-18 17:47:37,939] {logging_mixin.py:109} INFO - [2022-03-18 17:47:37,939] {dag.py:2937} INFO - Setting next_dagrun for example_branch_dop_operator_v3 to 2022-03-18T17:46:00+00:00
[2022-03-18 17:47:37,947] {processor.py:171} INFO - Processing /Users/louisekirkham/Documents/linkedin_learning/Ex_Files_Data_Engineering_Foundations/airflow_env/lib/python3.9/site-packages/airflow/example_dags/example_branch_python_dop_operator_3.py took 0.079 seconds
[2022-03-18 17:49:03,014] {processor.py:163} INFO - Started process (PID=50906) to work on /Users/louisekirkham/Documents/linkedin_learning/Ex_Files_Data_Engineering_Foundations/airflow_env/lib/python3.9/site-packages/airflow/example_dags/example_branch_python_dop_operator_3.py
[2022-03-18 17:49:03,015] {processor.py:642} INFO - Processing file /Users/louisekirkham/Documents/linkedin_learning/Ex_Files_Data_Engineering_Foundations/airflow_env/lib/python3.9/site-packages/airflow/example_dags/example_branch_python_dop_operator_3.py for tasks to queue
[2022-03-18 17:49:03,015] {logging_mixin.py:109} INFO - [2022-03-18 17:49:03,015] {dagbag.py:500} INFO - Filling up the DagBag from /Users/louisekirkham/Documents/linkedin_learning/Ex_Files_Data_Engineering_Foundations/airflow_env/lib/python3.9/site-packages/airflow/example_dags/example_branch_python_dop_operator_3.py
[2022-03-18 17:49:03,056] {processor.py:654} INFO - DAG(s) dict_keys(['example_branch_dop_operator_v3']) retrieved from /Users/louisekirkham/Documents/linkedin_learning/Ex_Files_Data_Engineering_Foundations/airflow_env/lib/python3.9/site-packages/airflow/example_dags/example_branch_python_dop_operator_3.py
[2022-03-18 17:49:03,071] {logging_mixin.py:109} INFO - [2022-03-18 17:49:03,071] {dag.py:2398} INFO - Sync 1 DAGs
[2022-03-18 17:49:03,083] {logging_mixin.py:109} INFO - [2022-03-18 17:49:03,083] {dag.py:2937} INFO - Setting next_dagrun for example_branch_dop_operator_v3 to 2022-03-18T17:48:00+00:00
[2022-03-18 17:49:03,091] {processor.py:171} INFO - Processing /Users/louisekirkham/Documents/linkedin_learning/Ex_Files_Data_Engineering_Foundations/airflow_env/lib/python3.9/site-packages/airflow/example_dags/example_branch_python_dop_operator_3.py took 0.078 seconds
[2022-03-18 17:50:26,142] {processor.py:163} INFO - Started process (PID=50971) to work on /Users/louisekirkham/Documents/linkedin_learning/Ex_Files_Data_Engineering_Foundations/airflow_env/lib/python3.9/site-packages/airflow/example_dags/example_branch_python_dop_operator_3.py
[2022-03-18 17:50:26,144] {processor.py:642} INFO - Processing file /Users/louisekirkham/Documents/linkedin_learning/Ex_Files_Data_Engineering_Foundations/airflow_env/lib/python3.9/site-packages/airflow/example_dags/example_branch_python_dop_operator_3.py for tasks to queue
[2022-03-18 17:50:26,144] {logging_mixin.py:109} INFO - [2022-03-18 17:50:26,144] {dagbag.py:500} INFO - Filling up the DagBag from /Users/louisekirkham/Documents/linkedin_learning/Ex_Files_Data_Engineering_Foundations/airflow_env/lib/python3.9/site-packages/airflow/example_dags/example_branch_python_dop_operator_3.py
[2022-03-18 17:50:26,183] {processor.py:654} INFO - DAG(s) dict_keys(['example_branch_dop_operator_v3']) retrieved from /Users/louisekirkham/Documents/linkedin_learning/Ex_Files_Data_Engineering_Foundations/airflow_env/lib/python3.9/site-packages/airflow/example_dags/example_branch_python_dop_operator_3.py
[2022-03-18 17:50:26,197] {logging_mixin.py:109} INFO - [2022-03-18 17:50:26,197] {dag.py:2398} INFO - Sync 1 DAGs
[2022-03-18 17:50:26,209] {logging_mixin.py:109} INFO - [2022-03-18 17:50:26,209] {dag.py:2937} INFO - Setting next_dagrun for example_branch_dop_operator_v3 to 2022-03-18T17:49:00+00:00
[2022-03-18 17:50:26,217] {processor.py:171} INFO - Processing /Users/louisekirkham/Documents/linkedin_learning/Ex_Files_Data_Engineering_Foundations/airflow_env/lib/python3.9/site-packages/airflow/example_dags/example_branch_python_dop_operator_3.py took 0.075 seconds
[2022-03-18 17:51:51,575] {processor.py:163} INFO - Started process (PID=51055) to work on /Users/louisekirkham/Documents/linkedin_learning/Ex_Files_Data_Engineering_Foundations/airflow_env/lib/python3.9/site-packages/airflow/example_dags/example_branch_python_dop_operator_3.py
[2022-03-18 17:51:51,575] {processor.py:642} INFO - Processing file /Users/louisekirkham/Documents/linkedin_learning/Ex_Files_Data_Engineering_Foundations/airflow_env/lib/python3.9/site-packages/airflow/example_dags/example_branch_python_dop_operator_3.py for tasks to queue
[2022-03-18 17:51:51,575] {logging_mixin.py:109} INFO - [2022-03-18 17:51:51,575] {dagbag.py:500} INFO - Filling up the DagBag from /Users/louisekirkham/Documents/linkedin_learning/Ex_Files_Data_Engineering_Foundations/airflow_env/lib/python3.9/site-packages/airflow/example_dags/example_branch_python_dop_operator_3.py
[2022-03-18 17:51:51,615] {processor.py:654} INFO - DAG(s) dict_keys(['example_branch_dop_operator_v3']) retrieved from /Users/louisekirkham/Documents/linkedin_learning/Ex_Files_Data_Engineering_Foundations/airflow_env/lib/python3.9/site-packages/airflow/example_dags/example_branch_python_dop_operator_3.py
[2022-03-18 17:51:51,630] {logging_mixin.py:109} INFO - [2022-03-18 17:51:51,629] {dag.py:2398} INFO - Sync 1 DAGs
[2022-03-18 17:51:51,641] {logging_mixin.py:109} INFO - [2022-03-18 17:51:51,641] {dag.py:2937} INFO - Setting next_dagrun for example_branch_dop_operator_v3 to 2022-03-18T17:50:00+00:00
[2022-03-18 17:51:51,648] {processor.py:171} INFO - Processing /Users/louisekirkham/Documents/linkedin_learning/Ex_Files_Data_Engineering_Foundations/airflow_env/lib/python3.9/site-packages/airflow/example_dags/example_branch_python_dop_operator_3.py took 0.075 seconds
[2022-03-18 17:53:15,137] {processor.py:163} INFO - Started process (PID=51123) to work on /Users/louisekirkham/Documents/linkedin_learning/Ex_Files_Data_Engineering_Foundations/airflow_env/lib/python3.9/site-packages/airflow/example_dags/example_branch_python_dop_operator_3.py
[2022-03-18 17:53:15,139] {processor.py:642} INFO - Processing file /Users/louisekirkham/Documents/linkedin_learning/Ex_Files_Data_Engineering_Foundations/airflow_env/lib/python3.9/site-packages/airflow/example_dags/example_branch_python_dop_operator_3.py for tasks to queue
[2022-03-18 17:53:15,140] {logging_mixin.py:109} INFO - [2022-03-18 17:53:15,140] {dagbag.py:500} INFO - Filling up the DagBag from /Users/louisekirkham/Documents/linkedin_learning/Ex_Files_Data_Engineering_Foundations/airflow_env/lib/python3.9/site-packages/airflow/example_dags/example_branch_python_dop_operator_3.py
[2022-03-18 17:53:15,181] {processor.py:654} INFO - DAG(s) dict_keys(['example_branch_dop_operator_v3']) retrieved from /Users/louisekirkham/Documents/linkedin_learning/Ex_Files_Data_Engineering_Foundations/airflow_env/lib/python3.9/site-packages/airflow/example_dags/example_branch_python_dop_operator_3.py
[2022-03-18 17:53:15,196] {logging_mixin.py:109} INFO - [2022-03-18 17:53:15,196] {dag.py:2398} INFO - Sync 1 DAGs
[2022-03-18 17:53:15,208] {logging_mixin.py:109} INFO - [2022-03-18 17:53:15,208] {dag.py:2937} INFO - Setting next_dagrun for example_branch_dop_operator_v3 to 2022-03-18T17:52:00+00:00
[2022-03-18 17:53:15,215] {processor.py:171} INFO - Processing /Users/louisekirkham/Documents/linkedin_learning/Ex_Files_Data_Engineering_Foundations/airflow_env/lib/python3.9/site-packages/airflow/example_dags/example_branch_python_dop_operator_3.py took 0.079 seconds
[2022-03-18 17:54:37,143] {processor.py:163} INFO - Started process (PID=51184) to work on /Users/louisekirkham/Documents/linkedin_learning/Ex_Files_Data_Engineering_Foundations/airflow_env/lib/python3.9/site-packages/airflow/example_dags/example_branch_python_dop_operator_3.py
[2022-03-18 17:54:37,145] {processor.py:642} INFO - Processing file /Users/louisekirkham/Documents/linkedin_learning/Ex_Files_Data_Engineering_Foundations/airflow_env/lib/python3.9/site-packages/airflow/example_dags/example_branch_python_dop_operator_3.py for tasks to queue
[2022-03-18 17:54:37,146] {logging_mixin.py:109} INFO - [2022-03-18 17:54:37,145] {dagbag.py:500} INFO - Filling up the DagBag from /Users/louisekirkham/Documents/linkedin_learning/Ex_Files_Data_Engineering_Foundations/airflow_env/lib/python3.9/site-packages/airflow/example_dags/example_branch_python_dop_operator_3.py
[2022-03-18 17:54:37,192] {processor.py:654} INFO - DAG(s) dict_keys(['example_branch_dop_operator_v3']) retrieved from /Users/louisekirkham/Documents/linkedin_learning/Ex_Files_Data_Engineering_Foundations/airflow_env/lib/python3.9/site-packages/airflow/example_dags/example_branch_python_dop_operator_3.py
[2022-03-18 17:54:37,205] {logging_mixin.py:109} INFO - [2022-03-18 17:54:37,205] {dag.py:2398} INFO - Sync 1 DAGs
[2022-03-18 17:54:37,217] {logging_mixin.py:109} INFO - [2022-03-18 17:54:37,217] {dag.py:2937} INFO - Setting next_dagrun for example_branch_dop_operator_v3 to 2022-03-18T17:53:00+00:00
[2022-03-18 17:54:37,225] {processor.py:171} INFO - Processing /Users/louisekirkham/Documents/linkedin_learning/Ex_Files_Data_Engineering_Foundations/airflow_env/lib/python3.9/site-packages/airflow/example_dags/example_branch_python_dop_operator_3.py took 0.083 seconds
[2022-03-18 17:56:01,194] {processor.py:163} INFO - Started process (PID=51254) to work on /Users/louisekirkham/Documents/linkedin_learning/Ex_Files_Data_Engineering_Foundations/airflow_env/lib/python3.9/site-packages/airflow/example_dags/example_branch_python_dop_operator_3.py
[2022-03-18 17:56:01,195] {processor.py:642} INFO - Processing file /Users/louisekirkham/Documents/linkedin_learning/Ex_Files_Data_Engineering_Foundations/airflow_env/lib/python3.9/site-packages/airflow/example_dags/example_branch_python_dop_operator_3.py for tasks to queue
[2022-03-18 17:56:01,196] {logging_mixin.py:109} INFO - [2022-03-18 17:56:01,196] {dagbag.py:500} INFO - Filling up the DagBag from /Users/louisekirkham/Documents/linkedin_learning/Ex_Files_Data_Engineering_Foundations/airflow_env/lib/python3.9/site-packages/airflow/example_dags/example_branch_python_dop_operator_3.py
[2022-03-18 17:56:01,240] {processor.py:654} INFO - DAG(s) dict_keys(['example_branch_dop_operator_v3']) retrieved from /Users/louisekirkham/Documents/linkedin_learning/Ex_Files_Data_Engineering_Foundations/airflow_env/lib/python3.9/site-packages/airflow/example_dags/example_branch_python_dop_operator_3.py
[2022-03-18 17:56:01,257] {logging_mixin.py:109} INFO - [2022-03-18 17:56:01,257] {dag.py:2398} INFO - Sync 1 DAGs
[2022-03-18 17:56:01,269] {logging_mixin.py:109} INFO - [2022-03-18 17:56:01,269] {dag.py:2937} INFO - Setting next_dagrun for example_branch_dop_operator_v3 to 2022-03-18T17:55:00+00:00
[2022-03-18 17:56:01,278] {processor.py:171} INFO - Processing /Users/louisekirkham/Documents/linkedin_learning/Ex_Files_Data_Engineering_Foundations/airflow_env/lib/python3.9/site-packages/airflow/example_dags/example_branch_python_dop_operator_3.py took 0.085 seconds
[2022-03-18 17:57:26,284] {processor.py:163} INFO - Started process (PID=51315) to work on /Users/louisekirkham/Documents/linkedin_learning/Ex_Files_Data_Engineering_Foundations/airflow_env/lib/python3.9/site-packages/airflow/example_dags/example_branch_python_dop_operator_3.py
[2022-03-18 17:57:26,285] {processor.py:642} INFO - Processing file /Users/louisekirkham/Documents/linkedin_learning/Ex_Files_Data_Engineering_Foundations/airflow_env/lib/python3.9/site-packages/airflow/example_dags/example_branch_python_dop_operator_3.py for tasks to queue
[2022-03-18 17:57:26,285] {logging_mixin.py:109} INFO - [2022-03-18 17:57:26,285] {dagbag.py:500} INFO - Filling up the DagBag from /Users/louisekirkham/Documents/linkedin_learning/Ex_Files_Data_Engineering_Foundations/airflow_env/lib/python3.9/site-packages/airflow/example_dags/example_branch_python_dop_operator_3.py
[2022-03-18 17:57:26,323] {processor.py:654} INFO - DAG(s) dict_keys(['example_branch_dop_operator_v3']) retrieved from /Users/louisekirkham/Documents/linkedin_learning/Ex_Files_Data_Engineering_Foundations/airflow_env/lib/python3.9/site-packages/airflow/example_dags/example_branch_python_dop_operator_3.py
[2022-03-18 17:57:26,337] {logging_mixin.py:109} INFO - [2022-03-18 17:57:26,337] {dag.py:2398} INFO - Sync 1 DAGs
[2022-03-18 17:57:26,348] {logging_mixin.py:109} INFO - [2022-03-18 17:57:26,348] {dag.py:2937} INFO - Setting next_dagrun for example_branch_dop_operator_v3 to 2022-03-18T17:56:00+00:00
[2022-03-18 17:57:26,355] {processor.py:171} INFO - Processing /Users/louisekirkham/Documents/linkedin_learning/Ex_Files_Data_Engineering_Foundations/airflow_env/lib/python3.9/site-packages/airflow/example_dags/example_branch_python_dop_operator_3.py took 0.071 seconds
[2022-03-18 17:59:00,616] {processor.py:163} INFO - Started process (PID=51485) to work on /Users/louisekirkham/Documents/linkedin_learning/Ex_Files_Data_Engineering_Foundations/airflow_env/lib/python3.9/site-packages/airflow/example_dags/example_branch_python_dop_operator_3.py
[2022-03-18 17:59:00,617] {processor.py:642} INFO - Processing file /Users/louisekirkham/Documents/linkedin_learning/Ex_Files_Data_Engineering_Foundations/airflow_env/lib/python3.9/site-packages/airflow/example_dags/example_branch_python_dop_operator_3.py for tasks to queue
[2022-03-18 17:59:00,617] {logging_mixin.py:109} INFO - [2022-03-18 17:59:00,617] {dagbag.py:500} INFO - Filling up the DagBag from /Users/louisekirkham/Documents/linkedin_learning/Ex_Files_Data_Engineering_Foundations/airflow_env/lib/python3.9/site-packages/airflow/example_dags/example_branch_python_dop_operator_3.py
[2022-03-18 17:59:00,665] {processor.py:654} INFO - DAG(s) dict_keys(['example_branch_dop_operator_v3']) retrieved from /Users/louisekirkham/Documents/linkedin_learning/Ex_Files_Data_Engineering_Foundations/airflow_env/lib/python3.9/site-packages/airflow/example_dags/example_branch_python_dop_operator_3.py
[2022-03-18 17:59:00,684] {logging_mixin.py:109} INFO - [2022-03-18 17:59:00,684] {dag.py:2398} INFO - Sync 1 DAGs
[2022-03-18 17:59:00,699] {logging_mixin.py:109} INFO - [2022-03-18 17:59:00,699] {dag.py:2937} INFO - Setting next_dagrun for example_branch_dop_operator_v3 to 2022-03-18T17:58:00+00:00
[2022-03-18 17:59:00,707] {processor.py:171} INFO - Processing /Users/louisekirkham/Documents/linkedin_learning/Ex_Files_Data_Engineering_Foundations/airflow_env/lib/python3.9/site-packages/airflow/example_dags/example_branch_python_dop_operator_3.py took 0.091 seconds
