[2022-03-18 10:37:27,581] {processor.py:163} INFO - Started process (PID=46424) to work on /Users/louisekirkham/Documents/linkedin_learning/Ex_Files_Data_Engineering_Foundations/airflow_env/lib/python3.9/site-packages/airflow/example_dags/example_latest_only.py
[2022-03-18 10:37:27,581] {processor.py:642} INFO - Processing file /Users/louisekirkham/Documents/linkedin_learning/Ex_Files_Data_Engineering_Foundations/airflow_env/lib/python3.9/site-packages/airflow/example_dags/example_latest_only.py for tasks to queue
[2022-03-18 10:37:27,581] {logging_mixin.py:109} INFO - [2022-03-18 10:37:27,581] {dagbag.py:500} INFO - Filling up the DagBag from /Users/louisekirkham/Documents/linkedin_learning/Ex_Files_Data_Engineering_Foundations/airflow_env/lib/python3.9/site-packages/airflow/example_dags/example_latest_only.py
[2022-03-18 10:37:27,610] {processor.py:654} INFO - DAG(s) dict_keys(['latest_only']) retrieved from /Users/louisekirkham/Documents/linkedin_learning/Ex_Files_Data_Engineering_Foundations/airflow_env/lib/python3.9/site-packages/airflow/example_dags/example_latest_only.py
[2022-03-18 10:37:27,626] {logging_mixin.py:109} INFO - [2022-03-18 10:37:27,626] {dag.py:2398} INFO - Sync 1 DAGs
[2022-03-18 10:37:27,634] {logging_mixin.py:109} INFO - [2022-03-18 10:37:27,634] {dag.py:2937} INFO - Setting next_dagrun for latest_only to 2022-03-18T06:37:27.634316+00:00
[2022-03-18 10:37:27,641] {processor.py:171} INFO - Processing /Users/louisekirkham/Documents/linkedin_learning/Ex_Files_Data_Engineering_Foundations/airflow_env/lib/python3.9/site-packages/airflow/example_dags/example_latest_only.py took 0.061 seconds
[2022-03-18 10:38:54,389] {processor.py:163} INFO - Started process (PID=46497) to work on /Users/louisekirkham/Documents/linkedin_learning/Ex_Files_Data_Engineering_Foundations/airflow_env/lib/python3.9/site-packages/airflow/example_dags/example_latest_only.py
[2022-03-18 10:38:54,389] {processor.py:642} INFO - Processing file /Users/louisekirkham/Documents/linkedin_learning/Ex_Files_Data_Engineering_Foundations/airflow_env/lib/python3.9/site-packages/airflow/example_dags/example_latest_only.py for tasks to queue
[2022-03-18 10:38:54,389] {logging_mixin.py:109} INFO - [2022-03-18 10:38:54,389] {dagbag.py:500} INFO - Filling up the DagBag from /Users/louisekirkham/Documents/linkedin_learning/Ex_Files_Data_Engineering_Foundations/airflow_env/lib/python3.9/site-packages/airflow/example_dags/example_latest_only.py
[2022-03-18 10:38:54,424] {processor.py:654} INFO - DAG(s) dict_keys(['latest_only']) retrieved from /Users/louisekirkham/Documents/linkedin_learning/Ex_Files_Data_Engineering_Foundations/airflow_env/lib/python3.9/site-packages/airflow/example_dags/example_latest_only.py
[2022-03-18 10:38:54,441] {logging_mixin.py:109} INFO - [2022-03-18 10:38:54,440] {dag.py:2398} INFO - Sync 1 DAGs
[2022-03-18 10:38:54,450] {logging_mixin.py:109} INFO - [2022-03-18 10:38:54,449] {dag.py:2937} INFO - Setting next_dagrun for latest_only to 2022-03-18T06:38:54.449869+00:00
[2022-03-18 10:38:54,459] {processor.py:171} INFO - Processing /Users/louisekirkham/Documents/linkedin_learning/Ex_Files_Data_Engineering_Foundations/airflow_env/lib/python3.9/site-packages/airflow/example_dags/example_latest_only.py took 0.070 seconds
[2022-03-18 17:05:42,043] {processor.py:163} INFO - Started process (PID=46686) to work on /Users/louisekirkham/Documents/linkedin_learning/Ex_Files_Data_Engineering_Foundations/airflow_env/lib/python3.9/site-packages/airflow/example_dags/example_latest_only.py
[2022-03-18 17:05:42,045] {processor.py:642} INFO - Processing file /Users/louisekirkham/Documents/linkedin_learning/Ex_Files_Data_Engineering_Foundations/airflow_env/lib/python3.9/site-packages/airflow/example_dags/example_latest_only.py for tasks to queue
[2022-03-18 17:05:42,045] {logging_mixin.py:109} INFO - [2022-03-18 17:05:42,045] {dagbag.py:500} INFO - Filling up the DagBag from /Users/louisekirkham/Documents/linkedin_learning/Ex_Files_Data_Engineering_Foundations/airflow_env/lib/python3.9/site-packages/airflow/example_dags/example_latest_only.py
[2022-03-18 17:05:42,074] {processor.py:654} INFO - DAG(s) dict_keys(['latest_only']) retrieved from /Users/louisekirkham/Documents/linkedin_learning/Ex_Files_Data_Engineering_Foundations/airflow_env/lib/python3.9/site-packages/airflow/example_dags/example_latest_only.py
[2022-03-18 17:05:42,089] {logging_mixin.py:109} INFO - [2022-03-18 17:05:42,089] {dag.py:2398} INFO - Sync 1 DAGs
[2022-03-18 17:05:42,097] {logging_mixin.py:109} INFO - [2022-03-18 17:05:42,097] {dag.py:2937} INFO - Setting next_dagrun for latest_only to 2022-03-18T13:05:42.097301+00:00
[2022-03-18 17:05:42,105] {processor.py:171} INFO - Processing /Users/louisekirkham/Documents/linkedin_learning/Ex_Files_Data_Engineering_Foundations/airflow_env/lib/python3.9/site-packages/airflow/example_dags/example_latest_only.py took 0.062 seconds
[2022-03-18 17:07:14,510] {processor.py:163} INFO - Started process (PID=46778) to work on /Users/louisekirkham/Documents/linkedin_learning/Ex_Files_Data_Engineering_Foundations/airflow_env/lib/python3.9/site-packages/airflow/example_dags/example_latest_only.py
[2022-03-18 17:07:14,510] {processor.py:642} INFO - Processing file /Users/louisekirkham/Documents/linkedin_learning/Ex_Files_Data_Engineering_Foundations/airflow_env/lib/python3.9/site-packages/airflow/example_dags/example_latest_only.py for tasks to queue
[2022-03-18 17:07:14,510] {logging_mixin.py:109} INFO - [2022-03-18 17:07:14,510] {dagbag.py:500} INFO - Filling up the DagBag from /Users/louisekirkham/Documents/linkedin_learning/Ex_Files_Data_Engineering_Foundations/airflow_env/lib/python3.9/site-packages/airflow/example_dags/example_latest_only.py
[2022-03-18 17:07:14,555] {processor.py:654} INFO - DAG(s) dict_keys(['latest_only']) retrieved from /Users/louisekirkham/Documents/linkedin_learning/Ex_Files_Data_Engineering_Foundations/airflow_env/lib/python3.9/site-packages/airflow/example_dags/example_latest_only.py
[2022-03-18 17:07:14,572] {logging_mixin.py:109} INFO - [2022-03-18 17:07:14,571] {dag.py:2398} INFO - Sync 1 DAGs
[2022-03-18 17:07:14,581] {logging_mixin.py:109} INFO - [2022-03-18 17:07:14,581] {dag.py:2937} INFO - Setting next_dagrun for latest_only to 2022-03-18T13:07:14.580962+00:00
[2022-03-18 17:07:14,587] {processor.py:171} INFO - Processing /Users/louisekirkham/Documents/linkedin_learning/Ex_Files_Data_Engineering_Foundations/airflow_env/lib/python3.9/site-packages/airflow/example_dags/example_latest_only.py took 0.078 seconds
[2022-03-18 17:08:43,227] {processor.py:163} INFO - Started process (PID=46853) to work on /Users/louisekirkham/Documents/linkedin_learning/Ex_Files_Data_Engineering_Foundations/airflow_env/lib/python3.9/site-packages/airflow/example_dags/example_latest_only.py
[2022-03-18 17:08:43,228] {processor.py:642} INFO - Processing file /Users/louisekirkham/Documents/linkedin_learning/Ex_Files_Data_Engineering_Foundations/airflow_env/lib/python3.9/site-packages/airflow/example_dags/example_latest_only.py for tasks to queue
[2022-03-18 17:08:43,228] {logging_mixin.py:109} INFO - [2022-03-18 17:08:43,228] {dagbag.py:500} INFO - Filling up the DagBag from /Users/louisekirkham/Documents/linkedin_learning/Ex_Files_Data_Engineering_Foundations/airflow_env/lib/python3.9/site-packages/airflow/example_dags/example_latest_only.py
[2022-03-18 17:08:43,262] {processor.py:654} INFO - DAG(s) dict_keys(['latest_only']) retrieved from /Users/louisekirkham/Documents/linkedin_learning/Ex_Files_Data_Engineering_Foundations/airflow_env/lib/python3.9/site-packages/airflow/example_dags/example_latest_only.py
[2022-03-18 17:08:43,277] {logging_mixin.py:109} INFO - [2022-03-18 17:08:43,277] {dag.py:2398} INFO - Sync 1 DAGs
[2022-03-18 17:08:43,286] {logging_mixin.py:109} INFO - [2022-03-18 17:08:43,286] {dag.py:2937} INFO - Setting next_dagrun for latest_only to 2022-03-18T13:08:43.285877+00:00
[2022-03-18 17:08:43,292] {processor.py:171} INFO - Processing /Users/louisekirkham/Documents/linkedin_learning/Ex_Files_Data_Engineering_Foundations/airflow_env/lib/python3.9/site-packages/airflow/example_dags/example_latest_only.py took 0.066 seconds
[2022-03-18 17:10:06,658] {processor.py:163} INFO - Started process (PID=46920) to work on /Users/louisekirkham/Documents/linkedin_learning/Ex_Files_Data_Engineering_Foundations/airflow_env/lib/python3.9/site-packages/airflow/example_dags/example_latest_only.py
[2022-03-18 17:10:06,659] {processor.py:642} INFO - Processing file /Users/louisekirkham/Documents/linkedin_learning/Ex_Files_Data_Engineering_Foundations/airflow_env/lib/python3.9/site-packages/airflow/example_dags/example_latest_only.py for tasks to queue
[2022-03-18 17:10:06,660] {logging_mixin.py:109} INFO - [2022-03-18 17:10:06,660] {dagbag.py:500} INFO - Filling up the DagBag from /Users/louisekirkham/Documents/linkedin_learning/Ex_Files_Data_Engineering_Foundations/airflow_env/lib/python3.9/site-packages/airflow/example_dags/example_latest_only.py
[2022-03-18 17:10:06,686] {processor.py:654} INFO - DAG(s) dict_keys(['latest_only']) retrieved from /Users/louisekirkham/Documents/linkedin_learning/Ex_Files_Data_Engineering_Foundations/airflow_env/lib/python3.9/site-packages/airflow/example_dags/example_latest_only.py
[2022-03-18 17:10:06,699] {logging_mixin.py:109} INFO - [2022-03-18 17:10:06,699] {dag.py:2398} INFO - Sync 1 DAGs
[2022-03-18 17:10:06,706] {logging_mixin.py:109} INFO - [2022-03-18 17:10:06,706] {dag.py:2937} INFO - Setting next_dagrun for latest_only to 2022-03-18T13:10:06.706265+00:00
[2022-03-18 17:10:06,712] {processor.py:171} INFO - Processing /Users/louisekirkham/Documents/linkedin_learning/Ex_Files_Data_Engineering_Foundations/airflow_env/lib/python3.9/site-packages/airflow/example_dags/example_latest_only.py took 0.055 seconds
[2022-03-18 17:11:45,195] {processor.py:163} INFO - Started process (PID=47000) to work on /Users/louisekirkham/Documents/linkedin_learning/Ex_Files_Data_Engineering_Foundations/airflow_env/lib/python3.9/site-packages/airflow/example_dags/example_latest_only.py
[2022-03-18 17:11:45,197] {processor.py:642} INFO - Processing file /Users/louisekirkham/Documents/linkedin_learning/Ex_Files_Data_Engineering_Foundations/airflow_env/lib/python3.9/site-packages/airflow/example_dags/example_latest_only.py for tasks to queue
[2022-03-18 17:11:45,197] {logging_mixin.py:109} INFO - [2022-03-18 17:11:45,197] {dagbag.py:500} INFO - Filling up the DagBag from /Users/louisekirkham/Documents/linkedin_learning/Ex_Files_Data_Engineering_Foundations/airflow_env/lib/python3.9/site-packages/airflow/example_dags/example_latest_only.py
[2022-03-18 17:11:45,227] {processor.py:654} INFO - DAG(s) dict_keys(['latest_only']) retrieved from /Users/louisekirkham/Documents/linkedin_learning/Ex_Files_Data_Engineering_Foundations/airflow_env/lib/python3.9/site-packages/airflow/example_dags/example_latest_only.py
[2022-03-18 17:11:45,243] {logging_mixin.py:109} INFO - [2022-03-18 17:11:45,242] {dag.py:2398} INFO - Sync 1 DAGs
[2022-03-18 17:11:45,251] {logging_mixin.py:109} INFO - [2022-03-18 17:11:45,251] {dag.py:2937} INFO - Setting next_dagrun for latest_only to 2022-03-18T13:11:45.250883+00:00
[2022-03-18 17:11:45,258] {processor.py:171} INFO - Processing /Users/louisekirkham/Documents/linkedin_learning/Ex_Files_Data_Engineering_Foundations/airflow_env/lib/python3.9/site-packages/airflow/example_dags/example_latest_only.py took 0.063 seconds
[2022-03-18 17:13:10,102] {processor.py:163} INFO - Started process (PID=47069) to work on /Users/louisekirkham/Documents/linkedin_learning/Ex_Files_Data_Engineering_Foundations/airflow_env/lib/python3.9/site-packages/airflow/example_dags/example_latest_only.py
[2022-03-18 17:13:10,103] {processor.py:642} INFO - Processing file /Users/louisekirkham/Documents/linkedin_learning/Ex_Files_Data_Engineering_Foundations/airflow_env/lib/python3.9/site-packages/airflow/example_dags/example_latest_only.py for tasks to queue
[2022-03-18 17:13:10,103] {logging_mixin.py:109} INFO - [2022-03-18 17:13:10,103] {dagbag.py:500} INFO - Filling up the DagBag from /Users/louisekirkham/Documents/linkedin_learning/Ex_Files_Data_Engineering_Foundations/airflow_env/lib/python3.9/site-packages/airflow/example_dags/example_latest_only.py
[2022-03-18 17:13:10,131] {processor.py:654} INFO - DAG(s) dict_keys(['latest_only']) retrieved from /Users/louisekirkham/Documents/linkedin_learning/Ex_Files_Data_Engineering_Foundations/airflow_env/lib/python3.9/site-packages/airflow/example_dags/example_latest_only.py
[2022-03-18 17:13:10,145] {logging_mixin.py:109} INFO - [2022-03-18 17:13:10,145] {dag.py:2398} INFO - Sync 1 DAGs
[2022-03-18 17:13:10,152] {logging_mixin.py:109} INFO - [2022-03-18 17:13:10,152] {dag.py:2937} INFO - Setting next_dagrun for latest_only to 2022-03-18T13:13:10.152190+00:00
[2022-03-18 17:13:10,158] {processor.py:171} INFO - Processing /Users/louisekirkham/Documents/linkedin_learning/Ex_Files_Data_Engineering_Foundations/airflow_env/lib/python3.9/site-packages/airflow/example_dags/example_latest_only.py took 0.057 seconds
[2022-03-18 17:14:34,304] {processor.py:163} INFO - Started process (PID=47127) to work on /Users/louisekirkham/Documents/linkedin_learning/Ex_Files_Data_Engineering_Foundations/airflow_env/lib/python3.9/site-packages/airflow/example_dags/example_latest_only.py
[2022-03-18 17:14:34,305] {processor.py:642} INFO - Processing file /Users/louisekirkham/Documents/linkedin_learning/Ex_Files_Data_Engineering_Foundations/airflow_env/lib/python3.9/site-packages/airflow/example_dags/example_latest_only.py for tasks to queue
[2022-03-18 17:14:34,306] {logging_mixin.py:109} INFO - [2022-03-18 17:14:34,306] {dagbag.py:500} INFO - Filling up the DagBag from /Users/louisekirkham/Documents/linkedin_learning/Ex_Files_Data_Engineering_Foundations/airflow_env/lib/python3.9/site-packages/airflow/example_dags/example_latest_only.py
[2022-03-18 17:14:34,335] {processor.py:654} INFO - DAG(s) dict_keys(['latest_only']) retrieved from /Users/louisekirkham/Documents/linkedin_learning/Ex_Files_Data_Engineering_Foundations/airflow_env/lib/python3.9/site-packages/airflow/example_dags/example_latest_only.py
[2022-03-18 17:14:34,349] {logging_mixin.py:109} INFO - [2022-03-18 17:14:34,349] {dag.py:2398} INFO - Sync 1 DAGs
[2022-03-18 17:14:34,356] {logging_mixin.py:109} INFO - [2022-03-18 17:14:34,356] {dag.py:2937} INFO - Setting next_dagrun for latest_only to 2022-03-18T13:14:34.356077+00:00
[2022-03-18 17:14:34,364] {processor.py:171} INFO - Processing /Users/louisekirkham/Documents/linkedin_learning/Ex_Files_Data_Engineering_Foundations/airflow_env/lib/python3.9/site-packages/airflow/example_dags/example_latest_only.py took 0.061 seconds
[2022-03-18 17:15:59,509] {processor.py:163} INFO - Started process (PID=47196) to work on /Users/louisekirkham/Documents/linkedin_learning/Ex_Files_Data_Engineering_Foundations/airflow_env/lib/python3.9/site-packages/airflow/example_dags/example_latest_only.py
[2022-03-18 17:15:59,510] {processor.py:642} INFO - Processing file /Users/louisekirkham/Documents/linkedin_learning/Ex_Files_Data_Engineering_Foundations/airflow_env/lib/python3.9/site-packages/airflow/example_dags/example_latest_only.py for tasks to queue
[2022-03-18 17:15:59,510] {logging_mixin.py:109} INFO - [2022-03-18 17:15:59,510] {dagbag.py:500} INFO - Filling up the DagBag from /Users/louisekirkham/Documents/linkedin_learning/Ex_Files_Data_Engineering_Foundations/airflow_env/lib/python3.9/site-packages/airflow/example_dags/example_latest_only.py
[2022-03-18 17:15:59,537] {processor.py:654} INFO - DAG(s) dict_keys(['latest_only']) retrieved from /Users/louisekirkham/Documents/linkedin_learning/Ex_Files_Data_Engineering_Foundations/airflow_env/lib/python3.9/site-packages/airflow/example_dags/example_latest_only.py
[2022-03-18 17:15:59,551] {logging_mixin.py:109} INFO - [2022-03-18 17:15:59,550] {dag.py:2398} INFO - Sync 1 DAGs
[2022-03-18 17:15:59,558] {logging_mixin.py:109} INFO - [2022-03-18 17:15:59,558] {dag.py:2937} INFO - Setting next_dagrun for latest_only to 2022-03-18T13:15:59.558047+00:00
[2022-03-18 17:15:59,563] {processor.py:171} INFO - Processing /Users/louisekirkham/Documents/linkedin_learning/Ex_Files_Data_Engineering_Foundations/airflow_env/lib/python3.9/site-packages/airflow/example_dags/example_latest_only.py took 0.055 seconds
[2022-03-18 17:17:24,194] {processor.py:163} INFO - Started process (PID=47267) to work on /Users/louisekirkham/Documents/linkedin_learning/Ex_Files_Data_Engineering_Foundations/airflow_env/lib/python3.9/site-packages/airflow/example_dags/example_latest_only.py
[2022-03-18 17:17:24,195] {processor.py:642} INFO - Processing file /Users/louisekirkham/Documents/linkedin_learning/Ex_Files_Data_Engineering_Foundations/airflow_env/lib/python3.9/site-packages/airflow/example_dags/example_latest_only.py for tasks to queue
[2022-03-18 17:17:24,196] {logging_mixin.py:109} INFO - [2022-03-18 17:17:24,195] {dagbag.py:500} INFO - Filling up the DagBag from /Users/louisekirkham/Documents/linkedin_learning/Ex_Files_Data_Engineering_Foundations/airflow_env/lib/python3.9/site-packages/airflow/example_dags/example_latest_only.py
[2022-03-18 17:17:24,230] {processor.py:654} INFO - DAG(s) dict_keys(['latest_only']) retrieved from /Users/louisekirkham/Documents/linkedin_learning/Ex_Files_Data_Engineering_Foundations/airflow_env/lib/python3.9/site-packages/airflow/example_dags/example_latest_only.py
[2022-03-18 17:17:24,247] {logging_mixin.py:109} INFO - [2022-03-18 17:17:24,246] {dag.py:2398} INFO - Sync 1 DAGs
[2022-03-18 17:17:24,256] {logging_mixin.py:109} INFO - [2022-03-18 17:17:24,256] {dag.py:2937} INFO - Setting next_dagrun for latest_only to 2022-03-18T13:17:24.256320+00:00
[2022-03-18 17:17:24,263] {processor.py:171} INFO - Processing /Users/louisekirkham/Documents/linkedin_learning/Ex_Files_Data_Engineering_Foundations/airflow_env/lib/python3.9/site-packages/airflow/example_dags/example_latest_only.py took 0.069 seconds
[2022-03-18 17:18:48,776] {processor.py:163} INFO - Started process (PID=47334) to work on /Users/louisekirkham/Documents/linkedin_learning/Ex_Files_Data_Engineering_Foundations/airflow_env/lib/python3.9/site-packages/airflow/example_dags/example_latest_only.py
[2022-03-18 17:18:48,777] {processor.py:642} INFO - Processing file /Users/louisekirkham/Documents/linkedin_learning/Ex_Files_Data_Engineering_Foundations/airflow_env/lib/python3.9/site-packages/airflow/example_dags/example_latest_only.py for tasks to queue
[2022-03-18 17:18:48,777] {logging_mixin.py:109} INFO - [2022-03-18 17:18:48,777] {dagbag.py:500} INFO - Filling up the DagBag from /Users/louisekirkham/Documents/linkedin_learning/Ex_Files_Data_Engineering_Foundations/airflow_env/lib/python3.9/site-packages/airflow/example_dags/example_latest_only.py
[2022-03-18 17:18:48,805] {processor.py:654} INFO - DAG(s) dict_keys(['latest_only']) retrieved from /Users/louisekirkham/Documents/linkedin_learning/Ex_Files_Data_Engineering_Foundations/airflow_env/lib/python3.9/site-packages/airflow/example_dags/example_latest_only.py
[2022-03-18 17:18:48,820] {logging_mixin.py:109} INFO - [2022-03-18 17:18:48,819] {dag.py:2398} INFO - Sync 1 DAGs
[2022-03-18 17:18:48,827] {logging_mixin.py:109} INFO - [2022-03-18 17:18:48,827] {dag.py:2937} INFO - Setting next_dagrun for latest_only to 2022-03-18T13:18:48.827671+00:00
[2022-03-18 17:18:48,835] {processor.py:171} INFO - Processing /Users/louisekirkham/Documents/linkedin_learning/Ex_Files_Data_Engineering_Foundations/airflow_env/lib/python3.9/site-packages/airflow/example_dags/example_latest_only.py took 0.060 seconds
[2022-03-18 17:20:12,457] {processor.py:163} INFO - Started process (PID=47405) to work on /Users/louisekirkham/Documents/linkedin_learning/Ex_Files_Data_Engineering_Foundations/airflow_env/lib/python3.9/site-packages/airflow/example_dags/example_latest_only.py
[2022-03-18 17:20:12,457] {processor.py:642} INFO - Processing file /Users/louisekirkham/Documents/linkedin_learning/Ex_Files_Data_Engineering_Foundations/airflow_env/lib/python3.9/site-packages/airflow/example_dags/example_latest_only.py for tasks to queue
[2022-03-18 17:20:12,457] {logging_mixin.py:109} INFO - [2022-03-18 17:20:12,457] {dagbag.py:500} INFO - Filling up the DagBag from /Users/louisekirkham/Documents/linkedin_learning/Ex_Files_Data_Engineering_Foundations/airflow_env/lib/python3.9/site-packages/airflow/example_dags/example_latest_only.py
[2022-03-18 17:20:12,492] {processor.py:654} INFO - DAG(s) dict_keys(['latest_only']) retrieved from /Users/louisekirkham/Documents/linkedin_learning/Ex_Files_Data_Engineering_Foundations/airflow_env/lib/python3.9/site-packages/airflow/example_dags/example_latest_only.py
[2022-03-18 17:20:12,509] {logging_mixin.py:109} INFO - [2022-03-18 17:20:12,509] {dag.py:2398} INFO - Sync 1 DAGs
[2022-03-18 17:20:12,518] {logging_mixin.py:109} INFO - [2022-03-18 17:20:12,518] {dag.py:2937} INFO - Setting next_dagrun for latest_only to 2022-03-18T13:20:12.517971+00:00
[2022-03-18 17:20:12,525] {processor.py:171} INFO - Processing /Users/louisekirkham/Documents/linkedin_learning/Ex_Files_Data_Engineering_Foundations/airflow_env/lib/python3.9/site-packages/airflow/example_dags/example_latest_only.py took 0.069 seconds
[2022-03-18 17:24:21,890] {processor.py:163} INFO - Started process (PID=47552) to work on /Users/louisekirkham/Documents/linkedin_learning/Ex_Files_Data_Engineering_Foundations/airflow_env/lib/python3.9/site-packages/airflow/example_dags/example_latest_only.py
[2022-03-18 17:24:21,891] {processor.py:642} INFO - Processing file /Users/louisekirkham/Documents/linkedin_learning/Ex_Files_Data_Engineering_Foundations/airflow_env/lib/python3.9/site-packages/airflow/example_dags/example_latest_only.py for tasks to queue
[2022-03-18 17:24:21,891] {logging_mixin.py:109} INFO - [2022-03-18 17:24:21,891] {dagbag.py:500} INFO - Filling up the DagBag from /Users/louisekirkham/Documents/linkedin_learning/Ex_Files_Data_Engineering_Foundations/airflow_env/lib/python3.9/site-packages/airflow/example_dags/example_latest_only.py
[2022-03-18 17:24:21,919] {processor.py:654} INFO - DAG(s) dict_keys(['latest_only']) retrieved from /Users/louisekirkham/Documents/linkedin_learning/Ex_Files_Data_Engineering_Foundations/airflow_env/lib/python3.9/site-packages/airflow/example_dags/example_latest_only.py
[2022-03-18 17:24:21,933] {logging_mixin.py:109} INFO - [2022-03-18 17:24:21,933] {dag.py:2398} INFO - Sync 1 DAGs
[2022-03-18 17:24:21,940] {logging_mixin.py:109} INFO - [2022-03-18 17:24:21,940] {dag.py:2937} INFO - Setting next_dagrun for latest_only to 2022-03-18T13:24:21.940432+00:00
[2022-03-18 17:24:21,947] {processor.py:171} INFO - Processing /Users/louisekirkham/Documents/linkedin_learning/Ex_Files_Data_Engineering_Foundations/airflow_env/lib/python3.9/site-packages/airflow/example_dags/example_latest_only.py took 0.058 seconds
[2022-03-18 17:25:39,229] {processor.py:163} INFO - Started process (PID=47631) to work on /Users/louisekirkham/Documents/linkedin_learning/Ex_Files_Data_Engineering_Foundations/airflow_env/lib/python3.9/site-packages/airflow/example_dags/example_latest_only.py
[2022-03-18 17:25:39,229] {processor.py:642} INFO - Processing file /Users/louisekirkham/Documents/linkedin_learning/Ex_Files_Data_Engineering_Foundations/airflow_env/lib/python3.9/site-packages/airflow/example_dags/example_latest_only.py for tasks to queue
[2022-03-18 17:25:39,230] {logging_mixin.py:109} INFO - [2022-03-18 17:25:39,230] {dagbag.py:500} INFO - Filling up the DagBag from /Users/louisekirkham/Documents/linkedin_learning/Ex_Files_Data_Engineering_Foundations/airflow_env/lib/python3.9/site-packages/airflow/example_dags/example_latest_only.py
[2022-03-18 17:25:39,268] {processor.py:654} INFO - DAG(s) dict_keys(['latest_only']) retrieved from /Users/louisekirkham/Documents/linkedin_learning/Ex_Files_Data_Engineering_Foundations/airflow_env/lib/python3.9/site-packages/airflow/example_dags/example_latest_only.py
[2022-03-18 17:25:39,288] {logging_mixin.py:109} INFO - [2022-03-18 17:25:39,288] {dag.py:2398} INFO - Sync 1 DAGs
[2022-03-18 17:25:39,298] {logging_mixin.py:109} INFO - [2022-03-18 17:25:39,298] {dag.py:2937} INFO - Setting next_dagrun for latest_only to 2022-03-18T13:25:39.298031+00:00
[2022-03-18 17:25:39,307] {processor.py:171} INFO - Processing /Users/louisekirkham/Documents/linkedin_learning/Ex_Files_Data_Engineering_Foundations/airflow_env/lib/python3.9/site-packages/airflow/example_dags/example_latest_only.py took 0.079 seconds
[2022-03-18 17:28:49,400] {processor.py:163} INFO - Started process (PID=47760) to work on /Users/louisekirkham/Documents/linkedin_learning/Ex_Files_Data_Engineering_Foundations/airflow_env/lib/python3.9/site-packages/airflow/example_dags/example_latest_only.py
[2022-03-18 17:28:49,400] {processor.py:642} INFO - Processing file /Users/louisekirkham/Documents/linkedin_learning/Ex_Files_Data_Engineering_Foundations/airflow_env/lib/python3.9/site-packages/airflow/example_dags/example_latest_only.py for tasks to queue
[2022-03-18 17:28:49,401] {logging_mixin.py:109} INFO - [2022-03-18 17:28:49,400] {dagbag.py:500} INFO - Filling up the DagBag from /Users/louisekirkham/Documents/linkedin_learning/Ex_Files_Data_Engineering_Foundations/airflow_env/lib/python3.9/site-packages/airflow/example_dags/example_latest_only.py
[2022-03-18 17:28:49,427] {processor.py:654} INFO - DAG(s) dict_keys(['latest_only']) retrieved from /Users/louisekirkham/Documents/linkedin_learning/Ex_Files_Data_Engineering_Foundations/airflow_env/lib/python3.9/site-packages/airflow/example_dags/example_latest_only.py
[2022-03-18 17:28:49,440] {logging_mixin.py:109} INFO - [2022-03-18 17:28:49,440] {dag.py:2398} INFO - Sync 1 DAGs
[2022-03-18 17:28:49,446] {logging_mixin.py:109} INFO - [2022-03-18 17:28:49,446] {dag.py:2937} INFO - Setting next_dagrun for latest_only to 2022-03-18T13:28:49.446722+00:00
[2022-03-18 17:28:49,453] {processor.py:171} INFO - Processing /Users/louisekirkham/Documents/linkedin_learning/Ex_Files_Data_Engineering_Foundations/airflow_env/lib/python3.9/site-packages/airflow/example_dags/example_latest_only.py took 0.053 seconds
[2022-03-18 17:30:55,456] {processor.py:163} INFO - Started process (PID=47866) to work on /Users/louisekirkham/Documents/linkedin_learning/Ex_Files_Data_Engineering_Foundations/airflow_env/lib/python3.9/site-packages/airflow/example_dags/example_latest_only.py
[2022-03-18 17:30:55,456] {processor.py:642} INFO - Processing file /Users/louisekirkham/Documents/linkedin_learning/Ex_Files_Data_Engineering_Foundations/airflow_env/lib/python3.9/site-packages/airflow/example_dags/example_latest_only.py for tasks to queue
[2022-03-18 17:30:55,456] {logging_mixin.py:109} INFO - [2022-03-18 17:30:55,456] {dagbag.py:500} INFO - Filling up the DagBag from /Users/louisekirkham/Documents/linkedin_learning/Ex_Files_Data_Engineering_Foundations/airflow_env/lib/python3.9/site-packages/airflow/example_dags/example_latest_only.py
[2022-03-18 17:30:55,483] {processor.py:654} INFO - DAG(s) dict_keys(['latest_only']) retrieved from /Users/louisekirkham/Documents/linkedin_learning/Ex_Files_Data_Engineering_Foundations/airflow_env/lib/python3.9/site-packages/airflow/example_dags/example_latest_only.py
[2022-03-18 17:30:55,496] {logging_mixin.py:109} INFO - [2022-03-18 17:30:55,496] {dag.py:2398} INFO - Sync 1 DAGs
[2022-03-18 17:30:55,503] {logging_mixin.py:109} INFO - [2022-03-18 17:30:55,503] {dag.py:2937} INFO - Setting next_dagrun for latest_only to 2022-03-18T13:30:55.503590+00:00
[2022-03-18 17:30:55,510] {processor.py:171} INFO - Processing /Users/louisekirkham/Documents/linkedin_learning/Ex_Files_Data_Engineering_Foundations/airflow_env/lib/python3.9/site-packages/airflow/example_dags/example_latest_only.py took 0.055 seconds
[2022-03-18 17:32:07,348] {processor.py:163} INFO - Started process (PID=47935) to work on /Users/louisekirkham/Documents/linkedin_learning/Ex_Files_Data_Engineering_Foundations/airflow_env/lib/python3.9/site-packages/airflow/example_dags/example_latest_only.py
[2022-03-18 17:32:07,348] {processor.py:642} INFO - Processing file /Users/louisekirkham/Documents/linkedin_learning/Ex_Files_Data_Engineering_Foundations/airflow_env/lib/python3.9/site-packages/airflow/example_dags/example_latest_only.py for tasks to queue
[2022-03-18 17:32:07,348] {logging_mixin.py:109} INFO - [2022-03-18 17:32:07,348] {dagbag.py:500} INFO - Filling up the DagBag from /Users/louisekirkham/Documents/linkedin_learning/Ex_Files_Data_Engineering_Foundations/airflow_env/lib/python3.9/site-packages/airflow/example_dags/example_latest_only.py
[2022-03-18 17:32:07,375] {processor.py:654} INFO - DAG(s) dict_keys(['latest_only']) retrieved from /Users/louisekirkham/Documents/linkedin_learning/Ex_Files_Data_Engineering_Foundations/airflow_env/lib/python3.9/site-packages/airflow/example_dags/example_latest_only.py
[2022-03-18 17:32:07,389] {logging_mixin.py:109} INFO - [2022-03-18 17:32:07,389] {dag.py:2398} INFO - Sync 1 DAGs
[2022-03-18 17:32:07,396] {logging_mixin.py:109} INFO - [2022-03-18 17:32:07,396] {dag.py:2937} INFO - Setting next_dagrun for latest_only to 2022-03-18T13:32:07.396228+00:00
[2022-03-18 17:32:07,402] {processor.py:171} INFO - Processing /Users/louisekirkham/Documents/linkedin_learning/Ex_Files_Data_Engineering_Foundations/airflow_env/lib/python3.9/site-packages/airflow/example_dags/example_latest_only.py took 0.055 seconds
[2022-03-18 17:33:32,542] {processor.py:163} INFO - Started process (PID=48381) to work on /Users/louisekirkham/Documents/linkedin_learning/Ex_Files_Data_Engineering_Foundations/airflow_env/lib/python3.9/site-packages/airflow/example_dags/example_latest_only.py
[2022-03-18 17:33:32,542] {processor.py:642} INFO - Processing file /Users/louisekirkham/Documents/linkedin_learning/Ex_Files_Data_Engineering_Foundations/airflow_env/lib/python3.9/site-packages/airflow/example_dags/example_latest_only.py for tasks to queue
[2022-03-18 17:33:32,543] {logging_mixin.py:109} INFO - [2022-03-18 17:33:32,543] {dagbag.py:500} INFO - Filling up the DagBag from /Users/louisekirkham/Documents/linkedin_learning/Ex_Files_Data_Engineering_Foundations/airflow_env/lib/python3.9/site-packages/airflow/example_dags/example_latest_only.py
[2022-03-18 17:33:32,568] {processor.py:654} INFO - DAG(s) dict_keys(['latest_only']) retrieved from /Users/louisekirkham/Documents/linkedin_learning/Ex_Files_Data_Engineering_Foundations/airflow_env/lib/python3.9/site-packages/airflow/example_dags/example_latest_only.py
[2022-03-18 17:33:32,581] {logging_mixin.py:109} INFO - [2022-03-18 17:33:32,581] {dag.py:2398} INFO - Sync 1 DAGs
[2022-03-18 17:33:32,588] {logging_mixin.py:109} INFO - [2022-03-18 17:33:32,588] {dag.py:2937} INFO - Setting next_dagrun for latest_only to 2022-03-18T13:33:32.588379+00:00
[2022-03-18 17:33:32,595] {processor.py:171} INFO - Processing /Users/louisekirkham/Documents/linkedin_learning/Ex_Files_Data_Engineering_Foundations/airflow_env/lib/python3.9/site-packages/airflow/example_dags/example_latest_only.py took 0.054 seconds
[2022-03-18 17:34:54,198] {processor.py:163} INFO - Started process (PID=48480) to work on /Users/louisekirkham/Documents/linkedin_learning/Ex_Files_Data_Engineering_Foundations/airflow_env/lib/python3.9/site-packages/airflow/example_dags/example_latest_only.py
[2022-03-18 17:34:54,198] {processor.py:642} INFO - Processing file /Users/louisekirkham/Documents/linkedin_learning/Ex_Files_Data_Engineering_Foundations/airflow_env/lib/python3.9/site-packages/airflow/example_dags/example_latest_only.py for tasks to queue
[2022-03-18 17:34:54,199] {logging_mixin.py:109} INFO - [2022-03-18 17:34:54,199] {dagbag.py:500} INFO - Filling up the DagBag from /Users/louisekirkham/Documents/linkedin_learning/Ex_Files_Data_Engineering_Foundations/airflow_env/lib/python3.9/site-packages/airflow/example_dags/example_latest_only.py
[2022-03-18 17:34:54,226] {processor.py:654} INFO - DAG(s) dict_keys(['latest_only']) retrieved from /Users/louisekirkham/Documents/linkedin_learning/Ex_Files_Data_Engineering_Foundations/airflow_env/lib/python3.9/site-packages/airflow/example_dags/example_latest_only.py
[2022-03-18 17:34:54,239] {logging_mixin.py:109} INFO - [2022-03-18 17:34:54,239] {dag.py:2398} INFO - Sync 1 DAGs
[2022-03-18 17:34:54,246] {logging_mixin.py:109} INFO - [2022-03-18 17:34:54,246] {dag.py:2937} INFO - Setting next_dagrun for latest_only to 2022-03-18T13:34:54.246403+00:00
[2022-03-18 17:34:54,252] {processor.py:171} INFO - Processing /Users/louisekirkham/Documents/linkedin_learning/Ex_Files_Data_Engineering_Foundations/airflow_env/lib/python3.9/site-packages/airflow/example_dags/example_latest_only.py took 0.055 seconds
[2022-03-18 17:36:16,078] {processor.py:163} INFO - Started process (PID=48559) to work on /Users/louisekirkham/Documents/linkedin_learning/Ex_Files_Data_Engineering_Foundations/airflow_env/lib/python3.9/site-packages/airflow/example_dags/example_latest_only.py
[2022-03-18 17:36:16,079] {processor.py:642} INFO - Processing file /Users/louisekirkham/Documents/linkedin_learning/Ex_Files_Data_Engineering_Foundations/airflow_env/lib/python3.9/site-packages/airflow/example_dags/example_latest_only.py for tasks to queue
[2022-03-18 17:36:16,079] {logging_mixin.py:109} INFO - [2022-03-18 17:36:16,079] {dagbag.py:500} INFO - Filling up the DagBag from /Users/louisekirkham/Documents/linkedin_learning/Ex_Files_Data_Engineering_Foundations/airflow_env/lib/python3.9/site-packages/airflow/example_dags/example_latest_only.py
[2022-03-18 17:36:16,120] {processor.py:654} INFO - DAG(s) dict_keys(['latest_only']) retrieved from /Users/louisekirkham/Documents/linkedin_learning/Ex_Files_Data_Engineering_Foundations/airflow_env/lib/python3.9/site-packages/airflow/example_dags/example_latest_only.py
[2022-03-18 17:36:16,141] {logging_mixin.py:109} INFO - [2022-03-18 17:36:16,141] {dag.py:2398} INFO - Sync 1 DAGs
[2022-03-18 17:36:16,154] {logging_mixin.py:109} INFO - [2022-03-18 17:36:16,154] {dag.py:2937} INFO - Setting next_dagrun for latest_only to 2022-03-18T13:36:16.154301+00:00
[2022-03-18 17:36:16,164] {processor.py:171} INFO - Processing /Users/louisekirkham/Documents/linkedin_learning/Ex_Files_Data_Engineering_Foundations/airflow_env/lib/python3.9/site-packages/airflow/example_dags/example_latest_only.py took 0.087 seconds
[2022-03-18 17:37:40,845] {processor.py:163} INFO - Started process (PID=48633) to work on /Users/louisekirkham/Documents/linkedin_learning/Ex_Files_Data_Engineering_Foundations/airflow_env/lib/python3.9/site-packages/airflow/example_dags/example_latest_only.py
[2022-03-18 17:37:40,846] {processor.py:642} INFO - Processing file /Users/louisekirkham/Documents/linkedin_learning/Ex_Files_Data_Engineering_Foundations/airflow_env/lib/python3.9/site-packages/airflow/example_dags/example_latest_only.py for tasks to queue
[2022-03-18 17:37:40,846] {logging_mixin.py:109} INFO - [2022-03-18 17:37:40,846] {dagbag.py:500} INFO - Filling up the DagBag from /Users/louisekirkham/Documents/linkedin_learning/Ex_Files_Data_Engineering_Foundations/airflow_env/lib/python3.9/site-packages/airflow/example_dags/example_latest_only.py
[2022-03-18 17:37:40,879] {processor.py:654} INFO - DAG(s) dict_keys(['latest_only']) retrieved from /Users/louisekirkham/Documents/linkedin_learning/Ex_Files_Data_Engineering_Foundations/airflow_env/lib/python3.9/site-packages/airflow/example_dags/example_latest_only.py
[2022-03-18 17:37:40,895] {logging_mixin.py:109} INFO - [2022-03-18 17:37:40,895] {dag.py:2398} INFO - Sync 1 DAGs
[2022-03-18 17:37:40,904] {logging_mixin.py:109} INFO - [2022-03-18 17:37:40,904] {dag.py:2937} INFO - Setting next_dagrun for latest_only to 2022-03-18T13:37:40.903788+00:00
[2022-03-18 17:37:40,911] {processor.py:171} INFO - Processing /Users/louisekirkham/Documents/linkedin_learning/Ex_Files_Data_Engineering_Foundations/airflow_env/lib/python3.9/site-packages/airflow/example_dags/example_latest_only.py took 0.067 seconds
[2022-03-18 17:39:05,858] {processor.py:163} INFO - Started process (PID=48703) to work on /Users/louisekirkham/Documents/linkedin_learning/Ex_Files_Data_Engineering_Foundations/airflow_env/lib/python3.9/site-packages/airflow/example_dags/example_latest_only.py
[2022-03-18 17:39:05,859] {processor.py:642} INFO - Processing file /Users/louisekirkham/Documents/linkedin_learning/Ex_Files_Data_Engineering_Foundations/airflow_env/lib/python3.9/site-packages/airflow/example_dags/example_latest_only.py for tasks to queue
[2022-03-18 17:39:05,859] {logging_mixin.py:109} INFO - [2022-03-18 17:39:05,859] {dagbag.py:500} INFO - Filling up the DagBag from /Users/louisekirkham/Documents/linkedin_learning/Ex_Files_Data_Engineering_Foundations/airflow_env/lib/python3.9/site-packages/airflow/example_dags/example_latest_only.py
[2022-03-18 17:39:05,890] {processor.py:654} INFO - DAG(s) dict_keys(['latest_only']) retrieved from /Users/louisekirkham/Documents/linkedin_learning/Ex_Files_Data_Engineering_Foundations/airflow_env/lib/python3.9/site-packages/airflow/example_dags/example_latest_only.py
[2022-03-18 17:39:05,904] {logging_mixin.py:109} INFO - [2022-03-18 17:39:05,904] {dag.py:2398} INFO - Sync 1 DAGs
[2022-03-18 17:39:05,912] {logging_mixin.py:109} INFO - [2022-03-18 17:39:05,911] {dag.py:2937} INFO - Setting next_dagrun for latest_only to 2022-03-18T13:39:05.911708+00:00
[2022-03-18 17:39:05,920] {processor.py:171} INFO - Processing /Users/louisekirkham/Documents/linkedin_learning/Ex_Files_Data_Engineering_Foundations/airflow_env/lib/python3.9/site-packages/airflow/example_dags/example_latest_only.py took 0.063 seconds
[2022-03-18 17:40:31,863] {processor.py:163} INFO - Started process (PID=48795) to work on /Users/louisekirkham/Documents/linkedin_learning/Ex_Files_Data_Engineering_Foundations/airflow_env/lib/python3.9/site-packages/airflow/example_dags/example_latest_only.py
[2022-03-18 17:40:31,865] {processor.py:642} INFO - Processing file /Users/louisekirkham/Documents/linkedin_learning/Ex_Files_Data_Engineering_Foundations/airflow_env/lib/python3.9/site-packages/airflow/example_dags/example_latest_only.py for tasks to queue
[2022-03-18 17:40:31,866] {logging_mixin.py:109} INFO - [2022-03-18 17:40:31,866] {dagbag.py:500} INFO - Filling up the DagBag from /Users/louisekirkham/Documents/linkedin_learning/Ex_Files_Data_Engineering_Foundations/airflow_env/lib/python3.9/site-packages/airflow/example_dags/example_latest_only.py
[2022-03-18 17:40:31,895] {processor.py:654} INFO - DAG(s) dict_keys(['latest_only']) retrieved from /Users/louisekirkham/Documents/linkedin_learning/Ex_Files_Data_Engineering_Foundations/airflow_env/lib/python3.9/site-packages/airflow/example_dags/example_latest_only.py
[2022-03-18 17:40:31,910] {logging_mixin.py:109} INFO - [2022-03-18 17:40:31,910] {dag.py:2398} INFO - Sync 1 DAGs
[2022-03-18 17:40:31,918] {logging_mixin.py:109} INFO - [2022-03-18 17:40:31,917] {dag.py:2937} INFO - Setting next_dagrun for latest_only to 2022-03-18T13:40:31.917845+00:00
[2022-03-18 17:40:31,928] {processor.py:171} INFO - Processing /Users/louisekirkham/Documents/linkedin_learning/Ex_Files_Data_Engineering_Foundations/airflow_env/lib/python3.9/site-packages/airflow/example_dags/example_latest_only.py took 0.065 seconds
[2022-03-18 17:41:52,502] {processor.py:163} INFO - Started process (PID=48885) to work on /Users/louisekirkham/Documents/linkedin_learning/Ex_Files_Data_Engineering_Foundations/airflow_env/lib/python3.9/site-packages/airflow/example_dags/example_latest_only.py
[2022-03-18 17:41:52,502] {processor.py:642} INFO - Processing file /Users/louisekirkham/Documents/linkedin_learning/Ex_Files_Data_Engineering_Foundations/airflow_env/lib/python3.9/site-packages/airflow/example_dags/example_latest_only.py for tasks to queue
[2022-03-18 17:41:52,503] {logging_mixin.py:109} INFO - [2022-03-18 17:41:52,502] {dagbag.py:500} INFO - Filling up the DagBag from /Users/louisekirkham/Documents/linkedin_learning/Ex_Files_Data_Engineering_Foundations/airflow_env/lib/python3.9/site-packages/airflow/example_dags/example_latest_only.py
[2022-03-18 17:41:52,529] {processor.py:654} INFO - DAG(s) dict_keys(['latest_only']) retrieved from /Users/louisekirkham/Documents/linkedin_learning/Ex_Files_Data_Engineering_Foundations/airflow_env/lib/python3.9/site-packages/airflow/example_dags/example_latest_only.py
[2022-03-18 17:41:52,544] {logging_mixin.py:109} INFO - [2022-03-18 17:41:52,544] {dag.py:2398} INFO - Sync 1 DAGs
[2022-03-18 17:41:52,551] {logging_mixin.py:109} INFO - [2022-03-18 17:41:52,551] {dag.py:2937} INFO - Setting next_dagrun for latest_only to 2022-03-18T13:41:52.550998+00:00
[2022-03-18 17:41:52,558] {processor.py:171} INFO - Processing /Users/louisekirkham/Documents/linkedin_learning/Ex_Files_Data_Engineering_Foundations/airflow_env/lib/python3.9/site-packages/airflow/example_dags/example_latest_only.py took 0.056 seconds
[2022-03-18 17:43:17,146] {processor.py:163} INFO - Started process (PID=48947) to work on /Users/louisekirkham/Documents/linkedin_learning/Ex_Files_Data_Engineering_Foundations/airflow_env/lib/python3.9/site-packages/airflow/example_dags/example_latest_only.py
[2022-03-18 17:43:17,146] {processor.py:642} INFO - Processing file /Users/louisekirkham/Documents/linkedin_learning/Ex_Files_Data_Engineering_Foundations/airflow_env/lib/python3.9/site-packages/airflow/example_dags/example_latest_only.py for tasks to queue
[2022-03-18 17:43:17,147] {logging_mixin.py:109} INFO - [2022-03-18 17:43:17,147] {dagbag.py:500} INFO - Filling up the DagBag from /Users/louisekirkham/Documents/linkedin_learning/Ex_Files_Data_Engineering_Foundations/airflow_env/lib/python3.9/site-packages/airflow/example_dags/example_latest_only.py
[2022-03-18 17:43:17,175] {processor.py:654} INFO - DAG(s) dict_keys(['latest_only']) retrieved from /Users/louisekirkham/Documents/linkedin_learning/Ex_Files_Data_Engineering_Foundations/airflow_env/lib/python3.9/site-packages/airflow/example_dags/example_latest_only.py
[2022-03-18 17:43:17,188] {logging_mixin.py:109} INFO - [2022-03-18 17:43:17,188] {dag.py:2398} INFO - Sync 1 DAGs
[2022-03-18 17:43:17,195] {logging_mixin.py:109} INFO - [2022-03-18 17:43:17,195] {dag.py:2937} INFO - Setting next_dagrun for latest_only to 2022-03-18T13:43:17.195291+00:00
[2022-03-18 17:43:17,202] {processor.py:171} INFO - Processing /Users/louisekirkham/Documents/linkedin_learning/Ex_Files_Data_Engineering_Foundations/airflow_env/lib/python3.9/site-packages/airflow/example_dags/example_latest_only.py took 0.056 seconds
[2022-03-18 17:44:38,275] {processor.py:163} INFO - Started process (PID=49005) to work on /Users/louisekirkham/Documents/linkedin_learning/Ex_Files_Data_Engineering_Foundations/airflow_env/lib/python3.9/site-packages/airflow/example_dags/example_latest_only.py
[2022-03-18 17:44:38,275] {processor.py:642} INFO - Processing file /Users/louisekirkham/Documents/linkedin_learning/Ex_Files_Data_Engineering_Foundations/airflow_env/lib/python3.9/site-packages/airflow/example_dags/example_latest_only.py for tasks to queue
[2022-03-18 17:44:38,275] {logging_mixin.py:109} INFO - [2022-03-18 17:44:38,275] {dagbag.py:500} INFO - Filling up the DagBag from /Users/louisekirkham/Documents/linkedin_learning/Ex_Files_Data_Engineering_Foundations/airflow_env/lib/python3.9/site-packages/airflow/example_dags/example_latest_only.py
[2022-03-18 17:44:38,312] {processor.py:654} INFO - DAG(s) dict_keys(['latest_only']) retrieved from /Users/louisekirkham/Documents/linkedin_learning/Ex_Files_Data_Engineering_Foundations/airflow_env/lib/python3.9/site-packages/airflow/example_dags/example_latest_only.py
[2022-03-18 17:44:38,328] {logging_mixin.py:109} INFO - [2022-03-18 17:44:38,328] {dag.py:2398} INFO - Sync 1 DAGs
[2022-03-18 17:44:38,338] {logging_mixin.py:109} INFO - [2022-03-18 17:44:38,338] {dag.py:2937} INFO - Setting next_dagrun for latest_only to 2022-03-18T13:44:38.337971+00:00
[2022-03-18 17:44:38,345] {processor.py:171} INFO - Processing /Users/louisekirkham/Documents/linkedin_learning/Ex_Files_Data_Engineering_Foundations/airflow_env/lib/python3.9/site-packages/airflow/example_dags/example_latest_only.py took 0.071 seconds
[2022-03-18 17:46:03,823] {processor.py:163} INFO - Started process (PID=49080) to work on /Users/louisekirkham/Documents/linkedin_learning/Ex_Files_Data_Engineering_Foundations/airflow_env/lib/python3.9/site-packages/airflow/example_dags/example_latest_only.py
[2022-03-18 17:46:03,823] {processor.py:642} INFO - Processing file /Users/louisekirkham/Documents/linkedin_learning/Ex_Files_Data_Engineering_Foundations/airflow_env/lib/python3.9/site-packages/airflow/example_dags/example_latest_only.py for tasks to queue
[2022-03-18 17:46:03,823] {logging_mixin.py:109} INFO - [2022-03-18 17:46:03,823] {dagbag.py:500} INFO - Filling up the DagBag from /Users/louisekirkham/Documents/linkedin_learning/Ex_Files_Data_Engineering_Foundations/airflow_env/lib/python3.9/site-packages/airflow/example_dags/example_latest_only.py
[2022-03-18 17:46:03,849] {processor.py:654} INFO - DAG(s) dict_keys(['latest_only']) retrieved from /Users/louisekirkham/Documents/linkedin_learning/Ex_Files_Data_Engineering_Foundations/airflow_env/lib/python3.9/site-packages/airflow/example_dags/example_latest_only.py
[2022-03-18 17:46:03,862] {logging_mixin.py:109} INFO - [2022-03-18 17:46:03,861] {dag.py:2398} INFO - Sync 1 DAGs
[2022-03-18 17:46:03,868] {logging_mixin.py:109} INFO - [2022-03-18 17:46:03,868] {dag.py:2937} INFO - Setting next_dagrun for latest_only to 2022-03-18T13:46:03.868544+00:00
[2022-03-18 17:46:03,875] {processor.py:171} INFO - Processing /Users/louisekirkham/Documents/linkedin_learning/Ex_Files_Data_Engineering_Foundations/airflow_env/lib/python3.9/site-packages/airflow/example_dags/example_latest_only.py took 0.053 seconds
[2022-03-18 17:47:27,866] {processor.py:163} INFO - Started process (PID=49141) to work on /Users/louisekirkham/Documents/linkedin_learning/Ex_Files_Data_Engineering_Foundations/airflow_env/lib/python3.9/site-packages/airflow/example_dags/example_latest_only.py
[2022-03-18 17:47:27,867] {processor.py:642} INFO - Processing file /Users/louisekirkham/Documents/linkedin_learning/Ex_Files_Data_Engineering_Foundations/airflow_env/lib/python3.9/site-packages/airflow/example_dags/example_latest_only.py for tasks to queue
[2022-03-18 17:47:27,867] {logging_mixin.py:109} INFO - [2022-03-18 17:47:27,867] {dagbag.py:500} INFO - Filling up the DagBag from /Users/louisekirkham/Documents/linkedin_learning/Ex_Files_Data_Engineering_Foundations/airflow_env/lib/python3.9/site-packages/airflow/example_dags/example_latest_only.py
[2022-03-18 17:47:27,901] {processor.py:654} INFO - DAG(s) dict_keys(['latest_only']) retrieved from /Users/louisekirkham/Documents/linkedin_learning/Ex_Files_Data_Engineering_Foundations/airflow_env/lib/python3.9/site-packages/airflow/example_dags/example_latest_only.py
[2022-03-18 17:47:27,916] {logging_mixin.py:109} INFO - [2022-03-18 17:47:27,916] {dag.py:2398} INFO - Sync 1 DAGs
[2022-03-18 17:47:27,923] {logging_mixin.py:109} INFO - [2022-03-18 17:47:27,923] {dag.py:2937} INFO - Setting next_dagrun for latest_only to 2022-03-18T13:47:27.923742+00:00
[2022-03-18 17:47:27,931] {processor.py:171} INFO - Processing /Users/louisekirkham/Documents/linkedin_learning/Ex_Files_Data_Engineering_Foundations/airflow_env/lib/python3.9/site-packages/airflow/example_dags/example_latest_only.py took 0.065 seconds
[2022-03-18 17:48:52,589] {processor.py:163} INFO - Started process (PID=50898) to work on /Users/louisekirkham/Documents/linkedin_learning/Ex_Files_Data_Engineering_Foundations/airflow_env/lib/python3.9/site-packages/airflow/example_dags/example_latest_only.py
[2022-03-18 17:48:52,590] {processor.py:642} INFO - Processing file /Users/louisekirkham/Documents/linkedin_learning/Ex_Files_Data_Engineering_Foundations/airflow_env/lib/python3.9/site-packages/airflow/example_dags/example_latest_only.py for tasks to queue
[2022-03-18 17:48:52,590] {logging_mixin.py:109} INFO - [2022-03-18 17:48:52,590] {dagbag.py:500} INFO - Filling up the DagBag from /Users/louisekirkham/Documents/linkedin_learning/Ex_Files_Data_Engineering_Foundations/airflow_env/lib/python3.9/site-packages/airflow/example_dags/example_latest_only.py
[2022-03-18 17:48:52,619] {processor.py:654} INFO - DAG(s) dict_keys(['latest_only']) retrieved from /Users/louisekirkham/Documents/linkedin_learning/Ex_Files_Data_Engineering_Foundations/airflow_env/lib/python3.9/site-packages/airflow/example_dags/example_latest_only.py
[2022-03-18 17:48:52,634] {logging_mixin.py:109} INFO - [2022-03-18 17:48:52,634] {dag.py:2398} INFO - Sync 1 DAGs
[2022-03-18 17:48:52,643] {logging_mixin.py:109} INFO - [2022-03-18 17:48:52,643] {dag.py:2937} INFO - Setting next_dagrun for latest_only to 2022-03-18T13:48:52.643313+00:00
[2022-03-18 17:48:52,650] {processor.py:171} INFO - Processing /Users/louisekirkham/Documents/linkedin_learning/Ex_Files_Data_Engineering_Foundations/airflow_env/lib/python3.9/site-packages/airflow/example_dags/example_latest_only.py took 0.061 seconds
[2022-03-18 17:50:15,559] {processor.py:163} INFO - Started process (PID=50966) to work on /Users/louisekirkham/Documents/linkedin_learning/Ex_Files_Data_Engineering_Foundations/airflow_env/lib/python3.9/site-packages/airflow/example_dags/example_latest_only.py
[2022-03-18 17:50:15,559] {processor.py:642} INFO - Processing file /Users/louisekirkham/Documents/linkedin_learning/Ex_Files_Data_Engineering_Foundations/airflow_env/lib/python3.9/site-packages/airflow/example_dags/example_latest_only.py for tasks to queue
[2022-03-18 17:50:15,560] {logging_mixin.py:109} INFO - [2022-03-18 17:50:15,560] {dagbag.py:500} INFO - Filling up the DagBag from /Users/louisekirkham/Documents/linkedin_learning/Ex_Files_Data_Engineering_Foundations/airflow_env/lib/python3.9/site-packages/airflow/example_dags/example_latest_only.py
[2022-03-18 17:50:15,586] {processor.py:654} INFO - DAG(s) dict_keys(['latest_only']) retrieved from /Users/louisekirkham/Documents/linkedin_learning/Ex_Files_Data_Engineering_Foundations/airflow_env/lib/python3.9/site-packages/airflow/example_dags/example_latest_only.py
[2022-03-18 17:50:15,600] {logging_mixin.py:109} INFO - [2022-03-18 17:50:15,600] {dag.py:2398} INFO - Sync 1 DAGs
[2022-03-18 17:50:15,607] {logging_mixin.py:109} INFO - [2022-03-18 17:50:15,607] {dag.py:2937} INFO - Setting next_dagrun for latest_only to 2022-03-18T13:50:15.606976+00:00
[2022-03-18 17:50:15,613] {processor.py:171} INFO - Processing /Users/louisekirkham/Documents/linkedin_learning/Ex_Files_Data_Engineering_Foundations/airflow_env/lib/python3.9/site-packages/airflow/example_dags/example_latest_only.py took 0.054 seconds
[2022-03-18 17:51:41,778] {processor.py:163} INFO - Started process (PID=51050) to work on /Users/louisekirkham/Documents/linkedin_learning/Ex_Files_Data_Engineering_Foundations/airflow_env/lib/python3.9/site-packages/airflow/example_dags/example_latest_only.py
[2022-03-18 17:51:41,779] {processor.py:642} INFO - Processing file /Users/louisekirkham/Documents/linkedin_learning/Ex_Files_Data_Engineering_Foundations/airflow_env/lib/python3.9/site-packages/airflow/example_dags/example_latest_only.py for tasks to queue
[2022-03-18 17:51:41,779] {logging_mixin.py:109} INFO - [2022-03-18 17:51:41,779] {dagbag.py:500} INFO - Filling up the DagBag from /Users/louisekirkham/Documents/linkedin_learning/Ex_Files_Data_Engineering_Foundations/airflow_env/lib/python3.9/site-packages/airflow/example_dags/example_latest_only.py
[2022-03-18 17:51:41,811] {processor.py:654} INFO - DAG(s) dict_keys(['latest_only']) retrieved from /Users/louisekirkham/Documents/linkedin_learning/Ex_Files_Data_Engineering_Foundations/airflow_env/lib/python3.9/site-packages/airflow/example_dags/example_latest_only.py
[2022-03-18 17:51:41,827] {logging_mixin.py:109} INFO - [2022-03-18 17:51:41,827] {dag.py:2398} INFO - Sync 1 DAGs
[2022-03-18 17:51:41,835] {logging_mixin.py:109} INFO - [2022-03-18 17:51:41,835] {dag.py:2937} INFO - Setting next_dagrun for latest_only to 2022-03-18T13:51:41.835291+00:00
[2022-03-18 17:51:41,843] {processor.py:171} INFO - Processing /Users/louisekirkham/Documents/linkedin_learning/Ex_Files_Data_Engineering_Foundations/airflow_env/lib/python3.9/site-packages/airflow/example_dags/example_latest_only.py took 0.065 seconds
[2022-03-18 17:53:05,117] {processor.py:163} INFO - Started process (PID=51113) to work on /Users/louisekirkham/Documents/linkedin_learning/Ex_Files_Data_Engineering_Foundations/airflow_env/lib/python3.9/site-packages/airflow/example_dags/example_latest_only.py
[2022-03-18 17:53:05,118] {processor.py:642} INFO - Processing file /Users/louisekirkham/Documents/linkedin_learning/Ex_Files_Data_Engineering_Foundations/airflow_env/lib/python3.9/site-packages/airflow/example_dags/example_latest_only.py for tasks to queue
[2022-03-18 17:53:05,118] {logging_mixin.py:109} INFO - [2022-03-18 17:53:05,118] {dagbag.py:500} INFO - Filling up the DagBag from /Users/louisekirkham/Documents/linkedin_learning/Ex_Files_Data_Engineering_Foundations/airflow_env/lib/python3.9/site-packages/airflow/example_dags/example_latest_only.py
[2022-03-18 17:53:05,146] {processor.py:654} INFO - DAG(s) dict_keys(['latest_only']) retrieved from /Users/louisekirkham/Documents/linkedin_learning/Ex_Files_Data_Engineering_Foundations/airflow_env/lib/python3.9/site-packages/airflow/example_dags/example_latest_only.py
[2022-03-18 17:53:05,159] {logging_mixin.py:109} INFO - [2022-03-18 17:53:05,159] {dag.py:2398} INFO - Sync 1 DAGs
[2022-03-18 17:53:05,167] {logging_mixin.py:109} INFO - [2022-03-18 17:53:05,167] {dag.py:2937} INFO - Setting next_dagrun for latest_only to 2022-03-18T13:53:05.167037+00:00
[2022-03-18 17:53:05,173] {processor.py:171} INFO - Processing /Users/louisekirkham/Documents/linkedin_learning/Ex_Files_Data_Engineering_Foundations/airflow_env/lib/python3.9/site-packages/airflow/example_dags/example_latest_only.py took 0.056 seconds
[2022-03-18 17:54:26,702] {processor.py:163} INFO - Started process (PID=51179) to work on /Users/louisekirkham/Documents/linkedin_learning/Ex_Files_Data_Engineering_Foundations/airflow_env/lib/python3.9/site-packages/airflow/example_dags/example_latest_only.py
[2022-03-18 17:54:26,703] {processor.py:642} INFO - Processing file /Users/louisekirkham/Documents/linkedin_learning/Ex_Files_Data_Engineering_Foundations/airflow_env/lib/python3.9/site-packages/airflow/example_dags/example_latest_only.py for tasks to queue
[2022-03-18 17:54:26,703] {logging_mixin.py:109} INFO - [2022-03-18 17:54:26,703] {dagbag.py:500} INFO - Filling up the DagBag from /Users/louisekirkham/Documents/linkedin_learning/Ex_Files_Data_Engineering_Foundations/airflow_env/lib/python3.9/site-packages/airflow/example_dags/example_latest_only.py
[2022-03-18 17:54:26,729] {processor.py:654} INFO - DAG(s) dict_keys(['latest_only']) retrieved from /Users/louisekirkham/Documents/linkedin_learning/Ex_Files_Data_Engineering_Foundations/airflow_env/lib/python3.9/site-packages/airflow/example_dags/example_latest_only.py
[2022-03-18 17:54:26,742] {logging_mixin.py:109} INFO - [2022-03-18 17:54:26,742] {dag.py:2398} INFO - Sync 1 DAGs
[2022-03-18 17:54:26,748] {logging_mixin.py:109} INFO - [2022-03-18 17:54:26,748] {dag.py:2937} INFO - Setting next_dagrun for latest_only to 2022-03-18T13:54:26.748563+00:00
[2022-03-18 17:54:26,754] {processor.py:171} INFO - Processing /Users/louisekirkham/Documents/linkedin_learning/Ex_Files_Data_Engineering_Foundations/airflow_env/lib/python3.9/site-packages/airflow/example_dags/example_latest_only.py took 0.053 seconds
[2022-03-18 17:55:50,431] {processor.py:163} INFO - Started process (PID=51249) to work on /Users/louisekirkham/Documents/linkedin_learning/Ex_Files_Data_Engineering_Foundations/airflow_env/lib/python3.9/site-packages/airflow/example_dags/example_latest_only.py
[2022-03-18 17:55:50,431] {processor.py:642} INFO - Processing file /Users/louisekirkham/Documents/linkedin_learning/Ex_Files_Data_Engineering_Foundations/airflow_env/lib/python3.9/site-packages/airflow/example_dags/example_latest_only.py for tasks to queue
[2022-03-18 17:55:50,432] {logging_mixin.py:109} INFO - [2022-03-18 17:55:50,432] {dagbag.py:500} INFO - Filling up the DagBag from /Users/louisekirkham/Documents/linkedin_learning/Ex_Files_Data_Engineering_Foundations/airflow_env/lib/python3.9/site-packages/airflow/example_dags/example_latest_only.py
[2022-03-18 17:55:50,464] {processor.py:654} INFO - DAG(s) dict_keys(['latest_only']) retrieved from /Users/louisekirkham/Documents/linkedin_learning/Ex_Files_Data_Engineering_Foundations/airflow_env/lib/python3.9/site-packages/airflow/example_dags/example_latest_only.py
[2022-03-18 17:55:50,481] {logging_mixin.py:109} INFO - [2022-03-18 17:55:50,481] {dag.py:2398} INFO - Sync 1 DAGs
[2022-03-18 17:55:50,490] {logging_mixin.py:109} INFO - [2022-03-18 17:55:50,490] {dag.py:2937} INFO - Setting next_dagrun for latest_only to 2022-03-18T13:55:50.490311+00:00
[2022-03-18 17:55:50,506] {processor.py:171} INFO - Processing /Users/louisekirkham/Documents/linkedin_learning/Ex_Files_Data_Engineering_Foundations/airflow_env/lib/python3.9/site-packages/airflow/example_dags/example_latest_only.py took 0.076 seconds
[2022-03-18 17:57:16,080] {processor.py:163} INFO - Started process (PID=51310) to work on /Users/louisekirkham/Documents/linkedin_learning/Ex_Files_Data_Engineering_Foundations/airflow_env/lib/python3.9/site-packages/airflow/example_dags/example_latest_only.py
[2022-03-18 17:57:16,081] {processor.py:642} INFO - Processing file /Users/louisekirkham/Documents/linkedin_learning/Ex_Files_Data_Engineering_Foundations/airflow_env/lib/python3.9/site-packages/airflow/example_dags/example_latest_only.py for tasks to queue
[2022-03-18 17:57:16,081] {logging_mixin.py:109} INFO - [2022-03-18 17:57:16,081] {dagbag.py:500} INFO - Filling up the DagBag from /Users/louisekirkham/Documents/linkedin_learning/Ex_Files_Data_Engineering_Foundations/airflow_env/lib/python3.9/site-packages/airflow/example_dags/example_latest_only.py
[2022-03-18 17:57:16,112] {processor.py:654} INFO - DAG(s) dict_keys(['latest_only']) retrieved from /Users/louisekirkham/Documents/linkedin_learning/Ex_Files_Data_Engineering_Foundations/airflow_env/lib/python3.9/site-packages/airflow/example_dags/example_latest_only.py
[2022-03-18 17:57:16,127] {logging_mixin.py:109} INFO - [2022-03-18 17:57:16,126] {dag.py:2398} INFO - Sync 1 DAGs
[2022-03-18 17:57:16,135] {logging_mixin.py:109} INFO - [2022-03-18 17:57:16,135] {dag.py:2937} INFO - Setting next_dagrun for latest_only to 2022-03-18T13:57:16.135257+00:00
[2022-03-18 17:57:16,142] {processor.py:171} INFO - Processing /Users/louisekirkham/Documents/linkedin_learning/Ex_Files_Data_Engineering_Foundations/airflow_env/lib/python3.9/site-packages/airflow/example_dags/example_latest_only.py took 0.062 seconds
[2022-03-18 17:58:49,637] {processor.py:163} INFO - Started process (PID=51477) to work on /Users/louisekirkham/Documents/linkedin_learning/Ex_Files_Data_Engineering_Foundations/airflow_env/lib/python3.9/site-packages/airflow/example_dags/example_latest_only.py
[2022-03-18 17:58:49,637] {processor.py:642} INFO - Processing file /Users/louisekirkham/Documents/linkedin_learning/Ex_Files_Data_Engineering_Foundations/airflow_env/lib/python3.9/site-packages/airflow/example_dags/example_latest_only.py for tasks to queue
[2022-03-18 17:58:49,638] {logging_mixin.py:109} INFO - [2022-03-18 17:58:49,638] {dagbag.py:500} INFO - Filling up the DagBag from /Users/louisekirkham/Documents/linkedin_learning/Ex_Files_Data_Engineering_Foundations/airflow_env/lib/python3.9/site-packages/airflow/example_dags/example_latest_only.py
[2022-03-18 17:58:49,668] {processor.py:654} INFO - DAG(s) dict_keys(['latest_only']) retrieved from /Users/louisekirkham/Documents/linkedin_learning/Ex_Files_Data_Engineering_Foundations/airflow_env/lib/python3.9/site-packages/airflow/example_dags/example_latest_only.py
[2022-03-18 17:58:49,684] {logging_mixin.py:109} INFO - [2022-03-18 17:58:49,684] {dag.py:2398} INFO - Sync 1 DAGs
[2022-03-18 17:58:49,691] {logging_mixin.py:109} INFO - [2022-03-18 17:58:49,691] {dag.py:2937} INFO - Setting next_dagrun for latest_only to 2022-03-18T13:58:49.691600+00:00
[2022-03-18 17:58:49,699] {processor.py:171} INFO - Processing /Users/louisekirkham/Documents/linkedin_learning/Ex_Files_Data_Engineering_Foundations/airflow_env/lib/python3.9/site-packages/airflow/example_dags/example_latest_only.py took 0.062 seconds
