[2022-03-18 10:37:36,268] {processor.py:163} INFO - Started process (PID=46432) to work on /Users/louisekirkham/Documents/linkedin_learning/Ex_Files_Data_Engineering_Foundations/airflow_env/lib/python3.9/site-packages/airflow/example_dags/example_complex.py
[2022-03-18 10:37:36,269] {processor.py:642} INFO - Processing file /Users/louisekirkham/Documents/linkedin_learning/Ex_Files_Data_Engineering_Foundations/airflow_env/lib/python3.9/site-packages/airflow/example_dags/example_complex.py for tasks to queue
[2022-03-18 10:37:36,269] {logging_mixin.py:109} INFO - [2022-03-18 10:37:36,269] {dagbag.py:500} INFO - Filling up the DagBag from /Users/louisekirkham/Documents/linkedin_learning/Ex_Files_Data_Engineering_Foundations/airflow_env/lib/python3.9/site-packages/airflow/example_dags/example_complex.py
[2022-03-18 10:37:36,306] {processor.py:654} INFO - DAG(s) dict_keys(['example_complex']) retrieved from /Users/louisekirkham/Documents/linkedin_learning/Ex_Files_Data_Engineering_Foundations/airflow_env/lib/python3.9/site-packages/airflow/example_dags/example_complex.py
[2022-03-18 10:37:36,325] {logging_mixin.py:109} INFO - [2022-03-18 10:37:36,325] {dag.py:2398} INFO - Sync 1 DAGs
[2022-03-18 10:37:36,332] {logging_mixin.py:109} INFO - [2022-03-18 10:37:36,332] {dag.py:2937} INFO - Setting next_dagrun for example_complex to None
[2022-03-18 10:37:36,339] {processor.py:171} INFO - Processing /Users/louisekirkham/Documents/linkedin_learning/Ex_Files_Data_Engineering_Foundations/airflow_env/lib/python3.9/site-packages/airflow/example_dags/example_complex.py took 0.071 seconds
[2022-03-18 10:39:02,424] {processor.py:163} INFO - Started process (PID=46501) to work on /Users/louisekirkham/Documents/linkedin_learning/Ex_Files_Data_Engineering_Foundations/airflow_env/lib/python3.9/site-packages/airflow/example_dags/example_complex.py
[2022-03-18 10:39:02,424] {processor.py:642} INFO - Processing file /Users/louisekirkham/Documents/linkedin_learning/Ex_Files_Data_Engineering_Foundations/airflow_env/lib/python3.9/site-packages/airflow/example_dags/example_complex.py for tasks to queue
[2022-03-18 10:39:02,424] {logging_mixin.py:109} INFO - [2022-03-18 10:39:02,424] {dagbag.py:500} INFO - Filling up the DagBag from /Users/louisekirkham/Documents/linkedin_learning/Ex_Files_Data_Engineering_Foundations/airflow_env/lib/python3.9/site-packages/airflow/example_dags/example_complex.py
[2022-03-18 10:39:02,459] {processor.py:654} INFO - DAG(s) dict_keys(['example_complex']) retrieved from /Users/louisekirkham/Documents/linkedin_learning/Ex_Files_Data_Engineering_Foundations/airflow_env/lib/python3.9/site-packages/airflow/example_dags/example_complex.py
[2022-03-18 10:39:02,478] {logging_mixin.py:109} INFO - [2022-03-18 10:39:02,478] {dag.py:2398} INFO - Sync 1 DAGs
[2022-03-18 10:39:02,486] {logging_mixin.py:109} INFO - [2022-03-18 10:39:02,486] {dag.py:2937} INFO - Setting next_dagrun for example_complex to None
[2022-03-18 10:39:02,495] {processor.py:171} INFO - Processing /Users/louisekirkham/Documents/linkedin_learning/Ex_Files_Data_Engineering_Foundations/airflow_env/lib/python3.9/site-packages/airflow/example_dags/example_complex.py took 0.072 seconds
[2022-03-18 17:05:50,713] {processor.py:163} INFO - Started process (PID=46695) to work on /Users/louisekirkham/Documents/linkedin_learning/Ex_Files_Data_Engineering_Foundations/airflow_env/lib/python3.9/site-packages/airflow/example_dags/example_complex.py
[2022-03-18 17:05:50,714] {processor.py:642} INFO - Processing file /Users/louisekirkham/Documents/linkedin_learning/Ex_Files_Data_Engineering_Foundations/airflow_env/lib/python3.9/site-packages/airflow/example_dags/example_complex.py for tasks to queue
[2022-03-18 17:05:50,715] {logging_mixin.py:109} INFO - [2022-03-18 17:05:50,715] {dagbag.py:500} INFO - Filling up the DagBag from /Users/louisekirkham/Documents/linkedin_learning/Ex_Files_Data_Engineering_Foundations/airflow_env/lib/python3.9/site-packages/airflow/example_dags/example_complex.py
[2022-03-18 17:05:50,754] {processor.py:654} INFO - DAG(s) dict_keys(['example_complex']) retrieved from /Users/louisekirkham/Documents/linkedin_learning/Ex_Files_Data_Engineering_Foundations/airflow_env/lib/python3.9/site-packages/airflow/example_dags/example_complex.py
[2022-03-18 17:05:50,779] {logging_mixin.py:109} INFO - [2022-03-18 17:05:50,779] {dag.py:2398} INFO - Sync 1 DAGs
[2022-03-18 17:05:50,793] {logging_mixin.py:109} INFO - [2022-03-18 17:05:50,793] {dag.py:2937} INFO - Setting next_dagrun for example_complex to None
[2022-03-18 17:05:50,804] {processor.py:171} INFO - Processing /Users/louisekirkham/Documents/linkedin_learning/Ex_Files_Data_Engineering_Foundations/airflow_env/lib/python3.9/site-packages/airflow/example_dags/example_complex.py took 0.091 seconds
[2022-03-18 17:07:22,979] {processor.py:163} INFO - Started process (PID=46782) to work on /Users/louisekirkham/Documents/linkedin_learning/Ex_Files_Data_Engineering_Foundations/airflow_env/lib/python3.9/site-packages/airflow/example_dags/example_complex.py
[2022-03-18 17:07:22,980] {processor.py:642} INFO - Processing file /Users/louisekirkham/Documents/linkedin_learning/Ex_Files_Data_Engineering_Foundations/airflow_env/lib/python3.9/site-packages/airflow/example_dags/example_complex.py for tasks to queue
[2022-03-18 17:07:22,980] {logging_mixin.py:109} INFO - [2022-03-18 17:07:22,980] {dagbag.py:500} INFO - Filling up the DagBag from /Users/louisekirkham/Documents/linkedin_learning/Ex_Files_Data_Engineering_Foundations/airflow_env/lib/python3.9/site-packages/airflow/example_dags/example_complex.py
[2022-03-18 17:07:23,014] {processor.py:654} INFO - DAG(s) dict_keys(['example_complex']) retrieved from /Users/louisekirkham/Documents/linkedin_learning/Ex_Files_Data_Engineering_Foundations/airflow_env/lib/python3.9/site-packages/airflow/example_dags/example_complex.py
[2022-03-18 17:07:23,031] {logging_mixin.py:109} INFO - [2022-03-18 17:07:23,031] {dag.py:2398} INFO - Sync 1 DAGs
[2022-03-18 17:07:23,038] {logging_mixin.py:109} INFO - [2022-03-18 17:07:23,038] {dag.py:2937} INFO - Setting next_dagrun for example_complex to None
[2022-03-18 17:07:23,044] {processor.py:171} INFO - Processing /Users/louisekirkham/Documents/linkedin_learning/Ex_Files_Data_Engineering_Foundations/airflow_env/lib/python3.9/site-packages/airflow/example_dags/example_complex.py took 0.065 seconds
[2022-03-18 17:08:51,141] {processor.py:163} INFO - Started process (PID=46857) to work on /Users/louisekirkham/Documents/linkedin_learning/Ex_Files_Data_Engineering_Foundations/airflow_env/lib/python3.9/site-packages/airflow/example_dags/example_complex.py
[2022-03-18 17:08:51,142] {processor.py:642} INFO - Processing file /Users/louisekirkham/Documents/linkedin_learning/Ex_Files_Data_Engineering_Foundations/airflow_env/lib/python3.9/site-packages/airflow/example_dags/example_complex.py for tasks to queue
[2022-03-18 17:08:51,142] {logging_mixin.py:109} INFO - [2022-03-18 17:08:51,142] {dagbag.py:500} INFO - Filling up the DagBag from /Users/louisekirkham/Documents/linkedin_learning/Ex_Files_Data_Engineering_Foundations/airflow_env/lib/python3.9/site-packages/airflow/example_dags/example_complex.py
[2022-03-18 17:08:51,171] {processor.py:654} INFO - DAG(s) dict_keys(['example_complex']) retrieved from /Users/louisekirkham/Documents/linkedin_learning/Ex_Files_Data_Engineering_Foundations/airflow_env/lib/python3.9/site-packages/airflow/example_dags/example_complex.py
[2022-03-18 17:08:51,187] {logging_mixin.py:109} INFO - [2022-03-18 17:08:51,187] {dag.py:2398} INFO - Sync 1 DAGs
[2022-03-18 17:08:51,194] {logging_mixin.py:109} INFO - [2022-03-18 17:08:51,193] {dag.py:2937} INFO - Setting next_dagrun for example_complex to None
[2022-03-18 17:08:51,200] {processor.py:171} INFO - Processing /Users/louisekirkham/Documents/linkedin_learning/Ex_Files_Data_Engineering_Foundations/airflow_env/lib/python3.9/site-packages/airflow/example_dags/example_complex.py took 0.060 seconds
[2022-03-18 17:10:14,922] {processor.py:163} INFO - Started process (PID=46925) to work on /Users/louisekirkham/Documents/linkedin_learning/Ex_Files_Data_Engineering_Foundations/airflow_env/lib/python3.9/site-packages/airflow/example_dags/example_complex.py
[2022-03-18 17:10:14,923] {processor.py:642} INFO - Processing file /Users/louisekirkham/Documents/linkedin_learning/Ex_Files_Data_Engineering_Foundations/airflow_env/lib/python3.9/site-packages/airflow/example_dags/example_complex.py for tasks to queue
[2022-03-18 17:10:14,924] {logging_mixin.py:109} INFO - [2022-03-18 17:10:14,923] {dagbag.py:500} INFO - Filling up the DagBag from /Users/louisekirkham/Documents/linkedin_learning/Ex_Files_Data_Engineering_Foundations/airflow_env/lib/python3.9/site-packages/airflow/example_dags/example_complex.py
[2022-03-18 17:10:14,955] {processor.py:654} INFO - DAG(s) dict_keys(['example_complex']) retrieved from /Users/louisekirkham/Documents/linkedin_learning/Ex_Files_Data_Engineering_Foundations/airflow_env/lib/python3.9/site-packages/airflow/example_dags/example_complex.py
[2022-03-18 17:10:14,972] {logging_mixin.py:109} INFO - [2022-03-18 17:10:14,972] {dag.py:2398} INFO - Sync 1 DAGs
[2022-03-18 17:10:14,979] {logging_mixin.py:109} INFO - [2022-03-18 17:10:14,979] {dag.py:2937} INFO - Setting next_dagrun for example_complex to None
[2022-03-18 17:10:14,986] {processor.py:171} INFO - Processing /Users/louisekirkham/Documents/linkedin_learning/Ex_Files_Data_Engineering_Foundations/airflow_env/lib/python3.9/site-packages/airflow/example_dags/example_complex.py took 0.064 seconds
[2022-03-18 17:11:53,022] {processor.py:163} INFO - Started process (PID=47004) to work on /Users/louisekirkham/Documents/linkedin_learning/Ex_Files_Data_Engineering_Foundations/airflow_env/lib/python3.9/site-packages/airflow/example_dags/example_complex.py
[2022-03-18 17:11:53,023] {processor.py:642} INFO - Processing file /Users/louisekirkham/Documents/linkedin_learning/Ex_Files_Data_Engineering_Foundations/airflow_env/lib/python3.9/site-packages/airflow/example_dags/example_complex.py for tasks to queue
[2022-03-18 17:11:53,024] {logging_mixin.py:109} INFO - [2022-03-18 17:11:53,024] {dagbag.py:500} INFO - Filling up the DagBag from /Users/louisekirkham/Documents/linkedin_learning/Ex_Files_Data_Engineering_Foundations/airflow_env/lib/python3.9/site-packages/airflow/example_dags/example_complex.py
[2022-03-18 17:11:53,056] {processor.py:654} INFO - DAG(s) dict_keys(['example_complex']) retrieved from /Users/louisekirkham/Documents/linkedin_learning/Ex_Files_Data_Engineering_Foundations/airflow_env/lib/python3.9/site-packages/airflow/example_dags/example_complex.py
[2022-03-18 17:11:53,074] {logging_mixin.py:109} INFO - [2022-03-18 17:11:53,074] {dag.py:2398} INFO - Sync 1 DAGs
[2022-03-18 17:11:53,082] {logging_mixin.py:109} INFO - [2022-03-18 17:11:53,082] {dag.py:2937} INFO - Setting next_dagrun for example_complex to None
[2022-03-18 17:11:53,090] {processor.py:171} INFO - Processing /Users/louisekirkham/Documents/linkedin_learning/Ex_Files_Data_Engineering_Foundations/airflow_env/lib/python3.9/site-packages/airflow/example_dags/example_complex.py took 0.068 seconds
[2022-03-18 17:13:17,996] {processor.py:163} INFO - Started process (PID=47073) to work on /Users/louisekirkham/Documents/linkedin_learning/Ex_Files_Data_Engineering_Foundations/airflow_env/lib/python3.9/site-packages/airflow/example_dags/example_complex.py
[2022-03-18 17:13:17,997] {processor.py:642} INFO - Processing file /Users/louisekirkham/Documents/linkedin_learning/Ex_Files_Data_Engineering_Foundations/airflow_env/lib/python3.9/site-packages/airflow/example_dags/example_complex.py for tasks to queue
[2022-03-18 17:13:17,998] {logging_mixin.py:109} INFO - [2022-03-18 17:13:17,998] {dagbag.py:500} INFO - Filling up the DagBag from /Users/louisekirkham/Documents/linkedin_learning/Ex_Files_Data_Engineering_Foundations/airflow_env/lib/python3.9/site-packages/airflow/example_dags/example_complex.py
[2022-03-18 17:13:18,029] {processor.py:654} INFO - DAG(s) dict_keys(['example_complex']) retrieved from /Users/louisekirkham/Documents/linkedin_learning/Ex_Files_Data_Engineering_Foundations/airflow_env/lib/python3.9/site-packages/airflow/example_dags/example_complex.py
[2022-03-18 17:13:18,047] {logging_mixin.py:109} INFO - [2022-03-18 17:13:18,047] {dag.py:2398} INFO - Sync 1 DAGs
[2022-03-18 17:13:18,054] {logging_mixin.py:109} INFO - [2022-03-18 17:13:18,054] {dag.py:2937} INFO - Setting next_dagrun for example_complex to None
[2022-03-18 17:13:18,061] {processor.py:171} INFO - Processing /Users/louisekirkham/Documents/linkedin_learning/Ex_Files_Data_Engineering_Foundations/airflow_env/lib/python3.9/site-packages/airflow/example_dags/example_complex.py took 0.066 seconds
[2022-03-18 17:14:42,604] {processor.py:163} INFO - Started process (PID=47133) to work on /Users/louisekirkham/Documents/linkedin_learning/Ex_Files_Data_Engineering_Foundations/airflow_env/lib/python3.9/site-packages/airflow/example_dags/example_complex.py
[2022-03-18 17:14:42,605] {processor.py:642} INFO - Processing file /Users/louisekirkham/Documents/linkedin_learning/Ex_Files_Data_Engineering_Foundations/airflow_env/lib/python3.9/site-packages/airflow/example_dags/example_complex.py for tasks to queue
[2022-03-18 17:14:42,605] {logging_mixin.py:109} INFO - [2022-03-18 17:14:42,605] {dagbag.py:500} INFO - Filling up the DagBag from /Users/louisekirkham/Documents/linkedin_learning/Ex_Files_Data_Engineering_Foundations/airflow_env/lib/python3.9/site-packages/airflow/example_dags/example_complex.py
[2022-03-18 17:14:42,638] {processor.py:654} INFO - DAG(s) dict_keys(['example_complex']) retrieved from /Users/louisekirkham/Documents/linkedin_learning/Ex_Files_Data_Engineering_Foundations/airflow_env/lib/python3.9/site-packages/airflow/example_dags/example_complex.py
[2022-03-18 17:14:42,658] {logging_mixin.py:109} INFO - [2022-03-18 17:14:42,658] {dag.py:2398} INFO - Sync 1 DAGs
[2022-03-18 17:14:42,667] {logging_mixin.py:109} INFO - [2022-03-18 17:14:42,666] {dag.py:2937} INFO - Setting next_dagrun for example_complex to None
[2022-03-18 17:14:42,674] {processor.py:171} INFO - Processing /Users/louisekirkham/Documents/linkedin_learning/Ex_Files_Data_Engineering_Foundations/airflow_env/lib/python3.9/site-packages/airflow/example_dags/example_complex.py took 0.071 seconds
[2022-03-18 17:16:07,702] {processor.py:163} INFO - Started process (PID=47200) to work on /Users/louisekirkham/Documents/linkedin_learning/Ex_Files_Data_Engineering_Foundations/airflow_env/lib/python3.9/site-packages/airflow/example_dags/example_complex.py
[2022-03-18 17:16:07,703] {processor.py:642} INFO - Processing file /Users/louisekirkham/Documents/linkedin_learning/Ex_Files_Data_Engineering_Foundations/airflow_env/lib/python3.9/site-packages/airflow/example_dags/example_complex.py for tasks to queue
[2022-03-18 17:16:07,704] {logging_mixin.py:109} INFO - [2022-03-18 17:16:07,703] {dagbag.py:500} INFO - Filling up the DagBag from /Users/louisekirkham/Documents/linkedin_learning/Ex_Files_Data_Engineering_Foundations/airflow_env/lib/python3.9/site-packages/airflow/example_dags/example_complex.py
[2022-03-18 17:16:07,738] {processor.py:654} INFO - DAG(s) dict_keys(['example_complex']) retrieved from /Users/louisekirkham/Documents/linkedin_learning/Ex_Files_Data_Engineering_Foundations/airflow_env/lib/python3.9/site-packages/airflow/example_dags/example_complex.py
[2022-03-18 17:16:07,759] {logging_mixin.py:109} INFO - [2022-03-18 17:16:07,759] {dag.py:2398} INFO - Sync 1 DAGs
[2022-03-18 17:16:07,767] {logging_mixin.py:109} INFO - [2022-03-18 17:16:07,767] {dag.py:2937} INFO - Setting next_dagrun for example_complex to None
[2022-03-18 17:16:07,776] {processor.py:171} INFO - Processing /Users/louisekirkham/Documents/linkedin_learning/Ex_Files_Data_Engineering_Foundations/airflow_env/lib/python3.9/site-packages/airflow/example_dags/example_complex.py took 0.075 seconds
[2022-03-18 17:17:32,636] {processor.py:163} INFO - Started process (PID=47274) to work on /Users/louisekirkham/Documents/linkedin_learning/Ex_Files_Data_Engineering_Foundations/airflow_env/lib/python3.9/site-packages/airflow/example_dags/example_complex.py
[2022-03-18 17:17:32,637] {processor.py:642} INFO - Processing file /Users/louisekirkham/Documents/linkedin_learning/Ex_Files_Data_Engineering_Foundations/airflow_env/lib/python3.9/site-packages/airflow/example_dags/example_complex.py for tasks to queue
[2022-03-18 17:17:32,638] {logging_mixin.py:109} INFO - [2022-03-18 17:17:32,638] {dagbag.py:500} INFO - Filling up the DagBag from /Users/louisekirkham/Documents/linkedin_learning/Ex_Files_Data_Engineering_Foundations/airflow_env/lib/python3.9/site-packages/airflow/example_dags/example_complex.py
[2022-03-18 17:17:32,670] {processor.py:654} INFO - DAG(s) dict_keys(['example_complex']) retrieved from /Users/louisekirkham/Documents/linkedin_learning/Ex_Files_Data_Engineering_Foundations/airflow_env/lib/python3.9/site-packages/airflow/example_dags/example_complex.py
[2022-03-18 17:17:32,699] {logging_mixin.py:109} INFO - [2022-03-18 17:17:32,698] {dag.py:2398} INFO - Sync 1 DAGs
[2022-03-18 17:17:32,715] {logging_mixin.py:109} INFO - [2022-03-18 17:17:32,715] {dag.py:2937} INFO - Setting next_dagrun for example_complex to None
[2022-03-18 17:17:32,724] {processor.py:171} INFO - Processing /Users/louisekirkham/Documents/linkedin_learning/Ex_Files_Data_Engineering_Foundations/airflow_env/lib/python3.9/site-packages/airflow/example_dags/example_complex.py took 0.088 seconds
[2022-03-18 17:18:57,044] {processor.py:163} INFO - Started process (PID=47338) to work on /Users/louisekirkham/Documents/linkedin_learning/Ex_Files_Data_Engineering_Foundations/airflow_env/lib/python3.9/site-packages/airflow/example_dags/example_complex.py
[2022-03-18 17:18:57,046] {processor.py:642} INFO - Processing file /Users/louisekirkham/Documents/linkedin_learning/Ex_Files_Data_Engineering_Foundations/airflow_env/lib/python3.9/site-packages/airflow/example_dags/example_complex.py for tasks to queue
[2022-03-18 17:18:57,046] {logging_mixin.py:109} INFO - [2022-03-18 17:18:57,046] {dagbag.py:500} INFO - Filling up the DagBag from /Users/louisekirkham/Documents/linkedin_learning/Ex_Files_Data_Engineering_Foundations/airflow_env/lib/python3.9/site-packages/airflow/example_dags/example_complex.py
[2022-03-18 17:18:57,081] {processor.py:654} INFO - DAG(s) dict_keys(['example_complex']) retrieved from /Users/louisekirkham/Documents/linkedin_learning/Ex_Files_Data_Engineering_Foundations/airflow_env/lib/python3.9/site-packages/airflow/example_dags/example_complex.py
[2022-03-18 17:18:57,103] {logging_mixin.py:109} INFO - [2022-03-18 17:18:57,102] {dag.py:2398} INFO - Sync 1 DAGs
[2022-03-18 17:18:57,110] {logging_mixin.py:109} INFO - [2022-03-18 17:18:57,110] {dag.py:2937} INFO - Setting next_dagrun for example_complex to None
[2022-03-18 17:18:57,116] {processor.py:171} INFO - Processing /Users/louisekirkham/Documents/linkedin_learning/Ex_Files_Data_Engineering_Foundations/airflow_env/lib/python3.9/site-packages/airflow/example_dags/example_complex.py took 0.073 seconds
[2022-03-18 17:20:20,958] {processor.py:163} INFO - Started process (PID=47411) to work on /Users/louisekirkham/Documents/linkedin_learning/Ex_Files_Data_Engineering_Foundations/airflow_env/lib/python3.9/site-packages/airflow/example_dags/example_complex.py
[2022-03-18 17:20:20,959] {processor.py:642} INFO - Processing file /Users/louisekirkham/Documents/linkedin_learning/Ex_Files_Data_Engineering_Foundations/airflow_env/lib/python3.9/site-packages/airflow/example_dags/example_complex.py for tasks to queue
[2022-03-18 17:20:20,959] {logging_mixin.py:109} INFO - [2022-03-18 17:20:20,959] {dagbag.py:500} INFO - Filling up the DagBag from /Users/louisekirkham/Documents/linkedin_learning/Ex_Files_Data_Engineering_Foundations/airflow_env/lib/python3.9/site-packages/airflow/example_dags/example_complex.py
[2022-03-18 17:20:20,987] {processor.py:654} INFO - DAG(s) dict_keys(['example_complex']) retrieved from /Users/louisekirkham/Documents/linkedin_learning/Ex_Files_Data_Engineering_Foundations/airflow_env/lib/python3.9/site-packages/airflow/example_dags/example_complex.py
[2022-03-18 17:20:21,002] {logging_mixin.py:109} INFO - [2022-03-18 17:20:21,002] {dag.py:2398} INFO - Sync 1 DAGs
[2022-03-18 17:20:21,008] {logging_mixin.py:109} INFO - [2022-03-18 17:20:21,008] {dag.py:2937} INFO - Setting next_dagrun for example_complex to None
[2022-03-18 17:20:21,015] {processor.py:171} INFO - Processing /Users/louisekirkham/Documents/linkedin_learning/Ex_Files_Data_Engineering_Foundations/airflow_env/lib/python3.9/site-packages/airflow/example_dags/example_complex.py took 0.057 seconds
[2022-03-18 17:24:30,435] {processor.py:163} INFO - Started process (PID=47556) to work on /Users/louisekirkham/Documents/linkedin_learning/Ex_Files_Data_Engineering_Foundations/airflow_env/lib/python3.9/site-packages/airflow/example_dags/example_complex.py
[2022-03-18 17:24:30,436] {processor.py:642} INFO - Processing file /Users/louisekirkham/Documents/linkedin_learning/Ex_Files_Data_Engineering_Foundations/airflow_env/lib/python3.9/site-packages/airflow/example_dags/example_complex.py for tasks to queue
[2022-03-18 17:24:30,437] {logging_mixin.py:109} INFO - [2022-03-18 17:24:30,436] {dagbag.py:500} INFO - Filling up the DagBag from /Users/louisekirkham/Documents/linkedin_learning/Ex_Files_Data_Engineering_Foundations/airflow_env/lib/python3.9/site-packages/airflow/example_dags/example_complex.py
[2022-03-18 17:24:30,473] {processor.py:654} INFO - DAG(s) dict_keys(['example_complex']) retrieved from /Users/louisekirkham/Documents/linkedin_learning/Ex_Files_Data_Engineering_Foundations/airflow_env/lib/python3.9/site-packages/airflow/example_dags/example_complex.py
[2022-03-18 17:24:30,491] {logging_mixin.py:109} INFO - [2022-03-18 17:24:30,491] {dag.py:2398} INFO - Sync 1 DAGs
[2022-03-18 17:24:30,498] {logging_mixin.py:109} INFO - [2022-03-18 17:24:30,498] {dag.py:2937} INFO - Setting next_dagrun for example_complex to None
[2022-03-18 17:24:30,505] {processor.py:171} INFO - Processing /Users/louisekirkham/Documents/linkedin_learning/Ex_Files_Data_Engineering_Foundations/airflow_env/lib/python3.9/site-packages/airflow/example_dags/example_complex.py took 0.071 seconds
[2022-03-18 17:26:04,631] {processor.py:163} INFO - Started process (PID=47643) to work on /Users/louisekirkham/Documents/linkedin_learning/Ex_Files_Data_Engineering_Foundations/airflow_env/lib/python3.9/site-packages/airflow/example_dags/example_complex.py
[2022-03-18 17:26:04,631] {processor.py:642} INFO - Processing file /Users/louisekirkham/Documents/linkedin_learning/Ex_Files_Data_Engineering_Foundations/airflow_env/lib/python3.9/site-packages/airflow/example_dags/example_complex.py for tasks to queue
[2022-03-18 17:26:04,631] {logging_mixin.py:109} INFO - [2022-03-18 17:26:04,631] {dagbag.py:500} INFO - Filling up the DagBag from /Users/louisekirkham/Documents/linkedin_learning/Ex_Files_Data_Engineering_Foundations/airflow_env/lib/python3.9/site-packages/airflow/example_dags/example_complex.py
[2022-03-18 17:26:04,669] {processor.py:654} INFO - DAG(s) dict_keys(['example_complex']) retrieved from /Users/louisekirkham/Documents/linkedin_learning/Ex_Files_Data_Engineering_Foundations/airflow_env/lib/python3.9/site-packages/airflow/example_dags/example_complex.py
[2022-03-18 17:26:04,689] {logging_mixin.py:109} INFO - [2022-03-18 17:26:04,688] {dag.py:2398} INFO - Sync 1 DAGs
[2022-03-18 17:26:04,696] {logging_mixin.py:109} INFO - [2022-03-18 17:26:04,696] {dag.py:2937} INFO - Setting next_dagrun for example_complex to None
[2022-03-18 17:26:04,704] {processor.py:171} INFO - Processing /Users/louisekirkham/Documents/linkedin_learning/Ex_Files_Data_Engineering_Foundations/airflow_env/lib/python3.9/site-packages/airflow/example_dags/example_complex.py took 0.073 seconds
[2022-03-18 17:28:57,492] {processor.py:163} INFO - Started process (PID=47764) to work on /Users/louisekirkham/Documents/linkedin_learning/Ex_Files_Data_Engineering_Foundations/airflow_env/lib/python3.9/site-packages/airflow/example_dags/example_complex.py
[2022-03-18 17:28:57,492] {processor.py:642} INFO - Processing file /Users/louisekirkham/Documents/linkedin_learning/Ex_Files_Data_Engineering_Foundations/airflow_env/lib/python3.9/site-packages/airflow/example_dags/example_complex.py for tasks to queue
[2022-03-18 17:28:57,492] {logging_mixin.py:109} INFO - [2022-03-18 17:28:57,492] {dagbag.py:500} INFO - Filling up the DagBag from /Users/louisekirkham/Documents/linkedin_learning/Ex_Files_Data_Engineering_Foundations/airflow_env/lib/python3.9/site-packages/airflow/example_dags/example_complex.py
[2022-03-18 17:28:57,525] {processor.py:654} INFO - DAG(s) dict_keys(['example_complex']) retrieved from /Users/louisekirkham/Documents/linkedin_learning/Ex_Files_Data_Engineering_Foundations/airflow_env/lib/python3.9/site-packages/airflow/example_dags/example_complex.py
[2022-03-18 17:28:57,544] {logging_mixin.py:109} INFO - [2022-03-18 17:28:57,543] {dag.py:2398} INFO - Sync 1 DAGs
[2022-03-18 17:28:57,551] {logging_mixin.py:109} INFO - [2022-03-18 17:28:57,551] {dag.py:2937} INFO - Setting next_dagrun for example_complex to None
[2022-03-18 17:28:57,559] {processor.py:171} INFO - Processing /Users/louisekirkham/Documents/linkedin_learning/Ex_Files_Data_Engineering_Foundations/airflow_env/lib/python3.9/site-packages/airflow/example_dags/example_complex.py took 0.068 seconds
[2022-03-18 17:32:15,696] {processor.py:163} INFO - Started process (PID=47939) to work on /Users/louisekirkham/Documents/linkedin_learning/Ex_Files_Data_Engineering_Foundations/airflow_env/lib/python3.9/site-packages/airflow/example_dags/example_complex.py
[2022-03-18 17:32:15,697] {processor.py:642} INFO - Processing file /Users/louisekirkham/Documents/linkedin_learning/Ex_Files_Data_Engineering_Foundations/airflow_env/lib/python3.9/site-packages/airflow/example_dags/example_complex.py for tasks to queue
[2022-03-18 17:32:15,697] {logging_mixin.py:109} INFO - [2022-03-18 17:32:15,697] {dagbag.py:500} INFO - Filling up the DagBag from /Users/louisekirkham/Documents/linkedin_learning/Ex_Files_Data_Engineering_Foundations/airflow_env/lib/python3.9/site-packages/airflow/example_dags/example_complex.py
[2022-03-18 17:32:15,732] {processor.py:654} INFO - DAG(s) dict_keys(['example_complex']) retrieved from /Users/louisekirkham/Documents/linkedin_learning/Ex_Files_Data_Engineering_Foundations/airflow_env/lib/python3.9/site-packages/airflow/example_dags/example_complex.py
[2022-03-18 17:32:15,750] {logging_mixin.py:109} INFO - [2022-03-18 17:32:15,750] {dag.py:2398} INFO - Sync 1 DAGs
[2022-03-18 17:32:15,757] {logging_mixin.py:109} INFO - [2022-03-18 17:32:15,757] {dag.py:2937} INFO - Setting next_dagrun for example_complex to None
[2022-03-18 17:32:15,764] {processor.py:171} INFO - Processing /Users/louisekirkham/Documents/linkedin_learning/Ex_Files_Data_Engineering_Foundations/airflow_env/lib/python3.9/site-packages/airflow/example_dags/example_complex.py took 0.069 seconds
[2022-03-18 17:33:41,175] {processor.py:163} INFO - Started process (PID=48395) to work on /Users/louisekirkham/Documents/linkedin_learning/Ex_Files_Data_Engineering_Foundations/airflow_env/lib/python3.9/site-packages/airflow/example_dags/example_complex.py
[2022-03-18 17:33:41,175] {processor.py:642} INFO - Processing file /Users/louisekirkham/Documents/linkedin_learning/Ex_Files_Data_Engineering_Foundations/airflow_env/lib/python3.9/site-packages/airflow/example_dags/example_complex.py for tasks to queue
[2022-03-18 17:33:41,175] {logging_mixin.py:109} INFO - [2022-03-18 17:33:41,175] {dagbag.py:500} INFO - Filling up the DagBag from /Users/louisekirkham/Documents/linkedin_learning/Ex_Files_Data_Engineering_Foundations/airflow_env/lib/python3.9/site-packages/airflow/example_dags/example_complex.py
[2022-03-18 17:33:41,207] {processor.py:654} INFO - DAG(s) dict_keys(['example_complex']) retrieved from /Users/louisekirkham/Documents/linkedin_learning/Ex_Files_Data_Engineering_Foundations/airflow_env/lib/python3.9/site-packages/airflow/example_dags/example_complex.py
[2022-03-18 17:33:41,224] {logging_mixin.py:109} INFO - [2022-03-18 17:33:41,224] {dag.py:2398} INFO - Sync 1 DAGs
[2022-03-18 17:33:41,230] {logging_mixin.py:109} INFO - [2022-03-18 17:33:41,230] {dag.py:2937} INFO - Setting next_dagrun for example_complex to None
[2022-03-18 17:33:41,237] {processor.py:171} INFO - Processing /Users/louisekirkham/Documents/linkedin_learning/Ex_Files_Data_Engineering_Foundations/airflow_env/lib/python3.9/site-packages/airflow/example_dags/example_complex.py took 0.063 seconds
[2022-03-18 17:35:02,706] {processor.py:163} INFO - Started process (PID=48487) to work on /Users/louisekirkham/Documents/linkedin_learning/Ex_Files_Data_Engineering_Foundations/airflow_env/lib/python3.9/site-packages/airflow/example_dags/example_complex.py
[2022-03-18 17:35:02,706] {processor.py:642} INFO - Processing file /Users/louisekirkham/Documents/linkedin_learning/Ex_Files_Data_Engineering_Foundations/airflow_env/lib/python3.9/site-packages/airflow/example_dags/example_complex.py for tasks to queue
[2022-03-18 17:35:02,706] {logging_mixin.py:109} INFO - [2022-03-18 17:35:02,706] {dagbag.py:500} INFO - Filling up the DagBag from /Users/louisekirkham/Documents/linkedin_learning/Ex_Files_Data_Engineering_Foundations/airflow_env/lib/python3.9/site-packages/airflow/example_dags/example_complex.py
[2022-03-18 17:35:02,741] {processor.py:654} INFO - DAG(s) dict_keys(['example_complex']) retrieved from /Users/louisekirkham/Documents/linkedin_learning/Ex_Files_Data_Engineering_Foundations/airflow_env/lib/python3.9/site-packages/airflow/example_dags/example_complex.py
[2022-03-18 17:35:02,761] {logging_mixin.py:109} INFO - [2022-03-18 17:35:02,761] {dag.py:2398} INFO - Sync 1 DAGs
[2022-03-18 17:35:02,769] {logging_mixin.py:109} INFO - [2022-03-18 17:35:02,768] {dag.py:2937} INFO - Setting next_dagrun for example_complex to None
[2022-03-18 17:35:02,777] {processor.py:171} INFO - Processing /Users/louisekirkham/Documents/linkedin_learning/Ex_Files_Data_Engineering_Foundations/airflow_env/lib/python3.9/site-packages/airflow/example_dags/example_complex.py took 0.072 seconds
[2022-03-18 17:36:24,810] {processor.py:163} INFO - Started process (PID=48568) to work on /Users/louisekirkham/Documents/linkedin_learning/Ex_Files_Data_Engineering_Foundations/airflow_env/lib/python3.9/site-packages/airflow/example_dags/example_complex.py
[2022-03-18 17:36:24,810] {processor.py:642} INFO - Processing file /Users/louisekirkham/Documents/linkedin_learning/Ex_Files_Data_Engineering_Foundations/airflow_env/lib/python3.9/site-packages/airflow/example_dags/example_complex.py for tasks to queue
[2022-03-18 17:36:24,811] {logging_mixin.py:109} INFO - [2022-03-18 17:36:24,811] {dagbag.py:500} INFO - Filling up the DagBag from /Users/louisekirkham/Documents/linkedin_learning/Ex_Files_Data_Engineering_Foundations/airflow_env/lib/python3.9/site-packages/airflow/example_dags/example_complex.py
[2022-03-18 17:36:24,844] {processor.py:654} INFO - DAG(s) dict_keys(['example_complex']) retrieved from /Users/louisekirkham/Documents/linkedin_learning/Ex_Files_Data_Engineering_Foundations/airflow_env/lib/python3.9/site-packages/airflow/example_dags/example_complex.py
[2022-03-18 17:36:24,864] {logging_mixin.py:109} INFO - [2022-03-18 17:36:24,864] {dag.py:2398} INFO - Sync 1 DAGs
[2022-03-18 17:36:24,871] {logging_mixin.py:109} INFO - [2022-03-18 17:36:24,871] {dag.py:2937} INFO - Setting next_dagrun for example_complex to None
[2022-03-18 17:36:24,877] {processor.py:171} INFO - Processing /Users/louisekirkham/Documents/linkedin_learning/Ex_Files_Data_Engineering_Foundations/airflow_env/lib/python3.9/site-packages/airflow/example_dags/example_complex.py took 0.068 seconds
[2022-03-18 17:37:48,718] {processor.py:163} INFO - Started process (PID=48637) to work on /Users/louisekirkham/Documents/linkedin_learning/Ex_Files_Data_Engineering_Foundations/airflow_env/lib/python3.9/site-packages/airflow/example_dags/example_complex.py
[2022-03-18 17:37:48,720] {processor.py:642} INFO - Processing file /Users/louisekirkham/Documents/linkedin_learning/Ex_Files_Data_Engineering_Foundations/airflow_env/lib/python3.9/site-packages/airflow/example_dags/example_complex.py for tasks to queue
[2022-03-18 17:37:48,721] {logging_mixin.py:109} INFO - [2022-03-18 17:37:48,720] {dagbag.py:500} INFO - Filling up the DagBag from /Users/louisekirkham/Documents/linkedin_learning/Ex_Files_Data_Engineering_Foundations/airflow_env/lib/python3.9/site-packages/airflow/example_dags/example_complex.py
[2022-03-18 17:37:48,754] {processor.py:654} INFO - DAG(s) dict_keys(['example_complex']) retrieved from /Users/louisekirkham/Documents/linkedin_learning/Ex_Files_Data_Engineering_Foundations/airflow_env/lib/python3.9/site-packages/airflow/example_dags/example_complex.py
[2022-03-18 17:37:48,774] {logging_mixin.py:109} INFO - [2022-03-18 17:37:48,773] {dag.py:2398} INFO - Sync 1 DAGs
[2022-03-18 17:37:48,782] {logging_mixin.py:109} INFO - [2022-03-18 17:37:48,782] {dag.py:2937} INFO - Setting next_dagrun for example_complex to None
[2022-03-18 17:37:48,789] {processor.py:171} INFO - Processing /Users/louisekirkham/Documents/linkedin_learning/Ex_Files_Data_Engineering_Foundations/airflow_env/lib/python3.9/site-packages/airflow/example_dags/example_complex.py took 0.071 seconds
[2022-03-18 17:39:14,404] {processor.py:163} INFO - Started process (PID=48711) to work on /Users/louisekirkham/Documents/linkedin_learning/Ex_Files_Data_Engineering_Foundations/airflow_env/lib/python3.9/site-packages/airflow/example_dags/example_complex.py
[2022-03-18 17:39:14,405] {processor.py:642} INFO - Processing file /Users/louisekirkham/Documents/linkedin_learning/Ex_Files_Data_Engineering_Foundations/airflow_env/lib/python3.9/site-packages/airflow/example_dags/example_complex.py for tasks to queue
[2022-03-18 17:39:14,405] {logging_mixin.py:109} INFO - [2022-03-18 17:39:14,405] {dagbag.py:500} INFO - Filling up the DagBag from /Users/louisekirkham/Documents/linkedin_learning/Ex_Files_Data_Engineering_Foundations/airflow_env/lib/python3.9/site-packages/airflow/example_dags/example_complex.py
[2022-03-18 17:39:14,440] {processor.py:654} INFO - DAG(s) dict_keys(['example_complex']) retrieved from /Users/louisekirkham/Documents/linkedin_learning/Ex_Files_Data_Engineering_Foundations/airflow_env/lib/python3.9/site-packages/airflow/example_dags/example_complex.py
[2022-03-18 17:39:14,459] {logging_mixin.py:109} INFO - [2022-03-18 17:39:14,458] {dag.py:2398} INFO - Sync 1 DAGs
[2022-03-18 17:39:14,465] {logging_mixin.py:109} INFO - [2022-03-18 17:39:14,465] {dag.py:2937} INFO - Setting next_dagrun for example_complex to None
[2022-03-18 17:39:14,472] {processor.py:171} INFO - Processing /Users/louisekirkham/Documents/linkedin_learning/Ex_Files_Data_Engineering_Foundations/airflow_env/lib/python3.9/site-packages/airflow/example_dags/example_complex.py took 0.068 seconds
[2022-03-18 17:40:40,042] {processor.py:163} INFO - Started process (PID=48801) to work on /Users/louisekirkham/Documents/linkedin_learning/Ex_Files_Data_Engineering_Foundations/airflow_env/lib/python3.9/site-packages/airflow/example_dags/example_complex.py
[2022-03-18 17:40:40,042] {processor.py:642} INFO - Processing file /Users/louisekirkham/Documents/linkedin_learning/Ex_Files_Data_Engineering_Foundations/airflow_env/lib/python3.9/site-packages/airflow/example_dags/example_complex.py for tasks to queue
[2022-03-18 17:40:40,042] {logging_mixin.py:109} INFO - [2022-03-18 17:40:40,042] {dagbag.py:500} INFO - Filling up the DagBag from /Users/louisekirkham/Documents/linkedin_learning/Ex_Files_Data_Engineering_Foundations/airflow_env/lib/python3.9/site-packages/airflow/example_dags/example_complex.py
[2022-03-18 17:40:40,082] {processor.py:654} INFO - DAG(s) dict_keys(['example_complex']) retrieved from /Users/louisekirkham/Documents/linkedin_learning/Ex_Files_Data_Engineering_Foundations/airflow_env/lib/python3.9/site-packages/airflow/example_dags/example_complex.py
[2022-03-18 17:40:40,101] {logging_mixin.py:109} INFO - [2022-03-18 17:40:40,100] {dag.py:2398} INFO - Sync 1 DAGs
[2022-03-18 17:40:40,108] {logging_mixin.py:109} INFO - [2022-03-18 17:40:40,108] {dag.py:2937} INFO - Setting next_dagrun for example_complex to None
[2022-03-18 17:40:40,114] {processor.py:171} INFO - Processing /Users/louisekirkham/Documents/linkedin_learning/Ex_Files_Data_Engineering_Foundations/airflow_env/lib/python3.9/site-packages/airflow/example_dags/example_complex.py took 0.073 seconds
[2022-03-18 17:42:01,111] {processor.py:163} INFO - Started process (PID=48890) to work on /Users/louisekirkham/Documents/linkedin_learning/Ex_Files_Data_Engineering_Foundations/airflow_env/lib/python3.9/site-packages/airflow/example_dags/example_complex.py
[2022-03-18 17:42:01,111] {processor.py:642} INFO - Processing file /Users/louisekirkham/Documents/linkedin_learning/Ex_Files_Data_Engineering_Foundations/airflow_env/lib/python3.9/site-packages/airflow/example_dags/example_complex.py for tasks to queue
[2022-03-18 17:42:01,111] {logging_mixin.py:109} INFO - [2022-03-18 17:42:01,111] {dagbag.py:500} INFO - Filling up the DagBag from /Users/louisekirkham/Documents/linkedin_learning/Ex_Files_Data_Engineering_Foundations/airflow_env/lib/python3.9/site-packages/airflow/example_dags/example_complex.py
[2022-03-18 17:42:01,142] {processor.py:654} INFO - DAG(s) dict_keys(['example_complex']) retrieved from /Users/louisekirkham/Documents/linkedin_learning/Ex_Files_Data_Engineering_Foundations/airflow_env/lib/python3.9/site-packages/airflow/example_dags/example_complex.py
[2022-03-18 17:42:01,158] {logging_mixin.py:109} INFO - [2022-03-18 17:42:01,157] {dag.py:2398} INFO - Sync 1 DAGs
[2022-03-18 17:42:01,164] {logging_mixin.py:109} INFO - [2022-03-18 17:42:01,164] {dag.py:2937} INFO - Setting next_dagrun for example_complex to None
[2022-03-18 17:42:01,171] {processor.py:171} INFO - Processing /Users/louisekirkham/Documents/linkedin_learning/Ex_Files_Data_Engineering_Foundations/airflow_env/lib/python3.9/site-packages/airflow/example_dags/example_complex.py took 0.060 seconds
[2022-03-18 17:43:25,040] {processor.py:163} INFO - Started process (PID=48951) to work on /Users/louisekirkham/Documents/linkedin_learning/Ex_Files_Data_Engineering_Foundations/airflow_env/lib/python3.9/site-packages/airflow/example_dags/example_complex.py
[2022-03-18 17:43:25,041] {processor.py:642} INFO - Processing file /Users/louisekirkham/Documents/linkedin_learning/Ex_Files_Data_Engineering_Foundations/airflow_env/lib/python3.9/site-packages/airflow/example_dags/example_complex.py for tasks to queue
[2022-03-18 17:43:25,041] {logging_mixin.py:109} INFO - [2022-03-18 17:43:25,041] {dagbag.py:500} INFO - Filling up the DagBag from /Users/louisekirkham/Documents/linkedin_learning/Ex_Files_Data_Engineering_Foundations/airflow_env/lib/python3.9/site-packages/airflow/example_dags/example_complex.py
[2022-03-18 17:43:25,075] {processor.py:654} INFO - DAG(s) dict_keys(['example_complex']) retrieved from /Users/louisekirkham/Documents/linkedin_learning/Ex_Files_Data_Engineering_Foundations/airflow_env/lib/python3.9/site-packages/airflow/example_dags/example_complex.py
[2022-03-18 17:43:25,093] {logging_mixin.py:109} INFO - [2022-03-18 17:43:25,093] {dag.py:2398} INFO - Sync 1 DAGs
[2022-03-18 17:43:25,100] {logging_mixin.py:109} INFO - [2022-03-18 17:43:25,100] {dag.py:2937} INFO - Setting next_dagrun for example_complex to None
[2022-03-18 17:43:25,108] {processor.py:171} INFO - Processing /Users/louisekirkham/Documents/linkedin_learning/Ex_Files_Data_Engineering_Foundations/airflow_env/lib/python3.9/site-packages/airflow/example_dags/example_complex.py took 0.068 seconds
[2022-03-18 17:44:47,353] {processor.py:163} INFO - Started process (PID=49013) to work on /Users/louisekirkham/Documents/linkedin_learning/Ex_Files_Data_Engineering_Foundations/airflow_env/lib/python3.9/site-packages/airflow/example_dags/example_complex.py
[2022-03-18 17:44:47,353] {processor.py:642} INFO - Processing file /Users/louisekirkham/Documents/linkedin_learning/Ex_Files_Data_Engineering_Foundations/airflow_env/lib/python3.9/site-packages/airflow/example_dags/example_complex.py for tasks to queue
[2022-03-18 17:44:47,354] {logging_mixin.py:109} INFO - [2022-03-18 17:44:47,354] {dagbag.py:500} INFO - Filling up the DagBag from /Users/louisekirkham/Documents/linkedin_learning/Ex_Files_Data_Engineering_Foundations/airflow_env/lib/python3.9/site-packages/airflow/example_dags/example_complex.py
[2022-03-18 17:44:47,397] {processor.py:654} INFO - DAG(s) dict_keys(['example_complex']) retrieved from /Users/louisekirkham/Documents/linkedin_learning/Ex_Files_Data_Engineering_Foundations/airflow_env/lib/python3.9/site-packages/airflow/example_dags/example_complex.py
[2022-03-18 17:44:47,417] {logging_mixin.py:109} INFO - [2022-03-18 17:44:47,417] {dag.py:2398} INFO - Sync 1 DAGs
[2022-03-18 17:44:47,425] {logging_mixin.py:109} INFO - [2022-03-18 17:44:47,425] {dag.py:2937} INFO - Setting next_dagrun for example_complex to None
[2022-03-18 17:44:47,433] {processor.py:171} INFO - Processing /Users/louisekirkham/Documents/linkedin_learning/Ex_Files_Data_Engineering_Foundations/airflow_env/lib/python3.9/site-packages/airflow/example_dags/example_complex.py took 0.081 seconds
[2022-03-18 17:46:11,695] {processor.py:163} INFO - Started process (PID=49084) to work on /Users/louisekirkham/Documents/linkedin_learning/Ex_Files_Data_Engineering_Foundations/airflow_env/lib/python3.9/site-packages/airflow/example_dags/example_complex.py
[2022-03-18 17:46:11,695] {processor.py:642} INFO - Processing file /Users/louisekirkham/Documents/linkedin_learning/Ex_Files_Data_Engineering_Foundations/airflow_env/lib/python3.9/site-packages/airflow/example_dags/example_complex.py for tasks to queue
[2022-03-18 17:46:11,695] {logging_mixin.py:109} INFO - [2022-03-18 17:46:11,695] {dagbag.py:500} INFO - Filling up the DagBag from /Users/louisekirkham/Documents/linkedin_learning/Ex_Files_Data_Engineering_Foundations/airflow_env/lib/python3.9/site-packages/airflow/example_dags/example_complex.py
[2022-03-18 17:46:11,724] {processor.py:654} INFO - DAG(s) dict_keys(['example_complex']) retrieved from /Users/louisekirkham/Documents/linkedin_learning/Ex_Files_Data_Engineering_Foundations/airflow_env/lib/python3.9/site-packages/airflow/example_dags/example_complex.py
[2022-03-18 17:46:11,740] {logging_mixin.py:109} INFO - [2022-03-18 17:46:11,740] {dag.py:2398} INFO - Sync 1 DAGs
[2022-03-18 17:46:11,747] {logging_mixin.py:109} INFO - [2022-03-18 17:46:11,746] {dag.py:2937} INFO - Setting next_dagrun for example_complex to None
[2022-03-18 17:46:11,754] {processor.py:171} INFO - Processing /Users/louisekirkham/Documents/linkedin_learning/Ex_Files_Data_Engineering_Foundations/airflow_env/lib/python3.9/site-packages/airflow/example_dags/example_complex.py took 0.059 seconds
[2022-03-18 17:47:35,619] {processor.py:163} INFO - Started process (PID=49148) to work on /Users/louisekirkham/Documents/linkedin_learning/Ex_Files_Data_Engineering_Foundations/airflow_env/lib/python3.9/site-packages/airflow/example_dags/example_complex.py
[2022-03-18 17:47:35,619] {processor.py:642} INFO - Processing file /Users/louisekirkham/Documents/linkedin_learning/Ex_Files_Data_Engineering_Foundations/airflow_env/lib/python3.9/site-packages/airflow/example_dags/example_complex.py for tasks to queue
[2022-03-18 17:47:35,619] {logging_mixin.py:109} INFO - [2022-03-18 17:47:35,619] {dagbag.py:500} INFO - Filling up the DagBag from /Users/louisekirkham/Documents/linkedin_learning/Ex_Files_Data_Engineering_Foundations/airflow_env/lib/python3.9/site-packages/airflow/example_dags/example_complex.py
[2022-03-18 17:47:35,653] {processor.py:654} INFO - DAG(s) dict_keys(['example_complex']) retrieved from /Users/louisekirkham/Documents/linkedin_learning/Ex_Files_Data_Engineering_Foundations/airflow_env/lib/python3.9/site-packages/airflow/example_dags/example_complex.py
[2022-03-18 17:47:35,671] {logging_mixin.py:109} INFO - [2022-03-18 17:47:35,671] {dag.py:2398} INFO - Sync 1 DAGs
[2022-03-18 17:47:35,678] {logging_mixin.py:109} INFO - [2022-03-18 17:47:35,678] {dag.py:2937} INFO - Setting next_dagrun for example_complex to None
[2022-03-18 17:47:35,686] {processor.py:171} INFO - Processing /Users/louisekirkham/Documents/linkedin_learning/Ex_Files_Data_Engineering_Foundations/airflow_env/lib/python3.9/site-packages/airflow/example_dags/example_complex.py took 0.068 seconds
[2022-03-18 17:49:01,303] {processor.py:163} INFO - Started process (PID=50905) to work on /Users/louisekirkham/Documents/linkedin_learning/Ex_Files_Data_Engineering_Foundations/airflow_env/lib/python3.9/site-packages/airflow/example_dags/example_complex.py
[2022-03-18 17:49:01,304] {processor.py:642} INFO - Processing file /Users/louisekirkham/Documents/linkedin_learning/Ex_Files_Data_Engineering_Foundations/airflow_env/lib/python3.9/site-packages/airflow/example_dags/example_complex.py for tasks to queue
[2022-03-18 17:49:01,304] {logging_mixin.py:109} INFO - [2022-03-18 17:49:01,304] {dagbag.py:500} INFO - Filling up the DagBag from /Users/louisekirkham/Documents/linkedin_learning/Ex_Files_Data_Engineering_Foundations/airflow_env/lib/python3.9/site-packages/airflow/example_dags/example_complex.py
[2022-03-18 17:49:01,337] {processor.py:654} INFO - DAG(s) dict_keys(['example_complex']) retrieved from /Users/louisekirkham/Documents/linkedin_learning/Ex_Files_Data_Engineering_Foundations/airflow_env/lib/python3.9/site-packages/airflow/example_dags/example_complex.py
[2022-03-18 17:49:01,355] {logging_mixin.py:109} INFO - [2022-03-18 17:49:01,355] {dag.py:2398} INFO - Sync 1 DAGs
[2022-03-18 17:49:01,361] {logging_mixin.py:109} INFO - [2022-03-18 17:49:01,361] {dag.py:2937} INFO - Setting next_dagrun for example_complex to None
[2022-03-18 17:49:01,379] {processor.py:171} INFO - Processing /Users/louisekirkham/Documents/linkedin_learning/Ex_Files_Data_Engineering_Foundations/airflow_env/lib/python3.9/site-packages/airflow/example_dags/example_complex.py took 0.076 seconds
[2022-03-18 17:50:23,996] {processor.py:163} INFO - Started process (PID=50970) to work on /Users/louisekirkham/Documents/linkedin_learning/Ex_Files_Data_Engineering_Foundations/airflow_env/lib/python3.9/site-packages/airflow/example_dags/example_complex.py
[2022-03-18 17:50:23,998] {processor.py:642} INFO - Processing file /Users/louisekirkham/Documents/linkedin_learning/Ex_Files_Data_Engineering_Foundations/airflow_env/lib/python3.9/site-packages/airflow/example_dags/example_complex.py for tasks to queue
[2022-03-18 17:50:23,998] {logging_mixin.py:109} INFO - [2022-03-18 17:50:23,998] {dagbag.py:500} INFO - Filling up the DagBag from /Users/louisekirkham/Documents/linkedin_learning/Ex_Files_Data_Engineering_Foundations/airflow_env/lib/python3.9/site-packages/airflow/example_dags/example_complex.py
[2022-03-18 17:50:24,031] {processor.py:654} INFO - DAG(s) dict_keys(['example_complex']) retrieved from /Users/louisekirkham/Documents/linkedin_learning/Ex_Files_Data_Engineering_Foundations/airflow_env/lib/python3.9/site-packages/airflow/example_dags/example_complex.py
[2022-03-18 17:50:24,049] {logging_mixin.py:109} INFO - [2022-03-18 17:50:24,049] {dag.py:2398} INFO - Sync 1 DAGs
[2022-03-18 17:50:24,056] {logging_mixin.py:109} INFO - [2022-03-18 17:50:24,056] {dag.py:2937} INFO - Setting next_dagrun for example_complex to None
[2022-03-18 17:50:24,063] {processor.py:171} INFO - Processing /Users/louisekirkham/Documents/linkedin_learning/Ex_Files_Data_Engineering_Foundations/airflow_env/lib/python3.9/site-packages/airflow/example_dags/example_complex.py took 0.068 seconds
[2022-03-18 17:51:49,420] {processor.py:163} INFO - Started process (PID=51054) to work on /Users/louisekirkham/Documents/linkedin_learning/Ex_Files_Data_Engineering_Foundations/airflow_env/lib/python3.9/site-packages/airflow/example_dags/example_complex.py
[2022-03-18 17:51:49,421] {processor.py:642} INFO - Processing file /Users/louisekirkham/Documents/linkedin_learning/Ex_Files_Data_Engineering_Foundations/airflow_env/lib/python3.9/site-packages/airflow/example_dags/example_complex.py for tasks to queue
[2022-03-18 17:51:49,421] {logging_mixin.py:109} INFO - [2022-03-18 17:51:49,421] {dagbag.py:500} INFO - Filling up the DagBag from /Users/louisekirkham/Documents/linkedin_learning/Ex_Files_Data_Engineering_Foundations/airflow_env/lib/python3.9/site-packages/airflow/example_dags/example_complex.py
[2022-03-18 17:51:49,456] {processor.py:654} INFO - DAG(s) dict_keys(['example_complex']) retrieved from /Users/louisekirkham/Documents/linkedin_learning/Ex_Files_Data_Engineering_Foundations/airflow_env/lib/python3.9/site-packages/airflow/example_dags/example_complex.py
[2022-03-18 17:51:49,473] {logging_mixin.py:109} INFO - [2022-03-18 17:51:49,473] {dag.py:2398} INFO - Sync 1 DAGs
[2022-03-18 17:51:49,480] {logging_mixin.py:109} INFO - [2022-03-18 17:51:49,480] {dag.py:2937} INFO - Setting next_dagrun for example_complex to None
[2022-03-18 17:51:49,487] {processor.py:171} INFO - Processing /Users/louisekirkham/Documents/linkedin_learning/Ex_Files_Data_Engineering_Foundations/airflow_env/lib/python3.9/site-packages/airflow/example_dags/example_complex.py took 0.067 seconds
[2022-03-18 17:53:13,504] {processor.py:163} INFO - Started process (PID=51121) to work on /Users/louisekirkham/Documents/linkedin_learning/Ex_Files_Data_Engineering_Foundations/airflow_env/lib/python3.9/site-packages/airflow/example_dags/example_complex.py
[2022-03-18 17:53:13,505] {processor.py:642} INFO - Processing file /Users/louisekirkham/Documents/linkedin_learning/Ex_Files_Data_Engineering_Foundations/airflow_env/lib/python3.9/site-packages/airflow/example_dags/example_complex.py for tasks to queue
[2022-03-18 17:53:13,506] {logging_mixin.py:109} INFO - [2022-03-18 17:53:13,505] {dagbag.py:500} INFO - Filling up the DagBag from /Users/louisekirkham/Documents/linkedin_learning/Ex_Files_Data_Engineering_Foundations/airflow_env/lib/python3.9/site-packages/airflow/example_dags/example_complex.py
[2022-03-18 17:53:13,540] {processor.py:654} INFO - DAG(s) dict_keys(['example_complex']) retrieved from /Users/louisekirkham/Documents/linkedin_learning/Ex_Files_Data_Engineering_Foundations/airflow_env/lib/python3.9/site-packages/airflow/example_dags/example_complex.py
[2022-03-18 17:53:13,559] {logging_mixin.py:109} INFO - [2022-03-18 17:53:13,558] {dag.py:2398} INFO - Sync 1 DAGs
[2022-03-18 17:53:13,565] {logging_mixin.py:109} INFO - [2022-03-18 17:53:13,565] {dag.py:2937} INFO - Setting next_dagrun for example_complex to None
[2022-03-18 17:53:13,573] {processor.py:171} INFO - Processing /Users/louisekirkham/Documents/linkedin_learning/Ex_Files_Data_Engineering_Foundations/airflow_env/lib/python3.9/site-packages/airflow/example_dags/example_complex.py took 0.070 seconds
[2022-03-18 17:54:35,100] {processor.py:163} INFO - Started process (PID=51183) to work on /Users/louisekirkham/Documents/linkedin_learning/Ex_Files_Data_Engineering_Foundations/airflow_env/lib/python3.9/site-packages/airflow/example_dags/example_complex.py
[2022-03-18 17:54:35,101] {processor.py:642} INFO - Processing file /Users/louisekirkham/Documents/linkedin_learning/Ex_Files_Data_Engineering_Foundations/airflow_env/lib/python3.9/site-packages/airflow/example_dags/example_complex.py for tasks to queue
[2022-03-18 17:54:35,102] {logging_mixin.py:109} INFO - [2022-03-18 17:54:35,102] {dagbag.py:500} INFO - Filling up the DagBag from /Users/louisekirkham/Documents/linkedin_learning/Ex_Files_Data_Engineering_Foundations/airflow_env/lib/python3.9/site-packages/airflow/example_dags/example_complex.py
[2022-03-18 17:54:35,132] {processor.py:654} INFO - DAG(s) dict_keys(['example_complex']) retrieved from /Users/louisekirkham/Documents/linkedin_learning/Ex_Files_Data_Engineering_Foundations/airflow_env/lib/python3.9/site-packages/airflow/example_dags/example_complex.py
[2022-03-18 17:54:35,150] {logging_mixin.py:109} INFO - [2022-03-18 17:54:35,150] {dag.py:2398} INFO - Sync 1 DAGs
[2022-03-18 17:54:35,157] {logging_mixin.py:109} INFO - [2022-03-18 17:54:35,157] {dag.py:2937} INFO - Setting next_dagrun for example_complex to None
[2022-03-18 17:54:35,163] {processor.py:171} INFO - Processing /Users/louisekirkham/Documents/linkedin_learning/Ex_Files_Data_Engineering_Foundations/airflow_env/lib/python3.9/site-packages/airflow/example_dags/example_complex.py took 0.065 seconds
[2022-03-18 17:55:58,984] {processor.py:163} INFO - Started process (PID=51253) to work on /Users/louisekirkham/Documents/linkedin_learning/Ex_Files_Data_Engineering_Foundations/airflow_env/lib/python3.9/site-packages/airflow/example_dags/example_complex.py
[2022-03-18 17:55:58,985] {processor.py:642} INFO - Processing file /Users/louisekirkham/Documents/linkedin_learning/Ex_Files_Data_Engineering_Foundations/airflow_env/lib/python3.9/site-packages/airflow/example_dags/example_complex.py for tasks to queue
[2022-03-18 17:55:58,985] {logging_mixin.py:109} INFO - [2022-03-18 17:55:58,985] {dagbag.py:500} INFO - Filling up the DagBag from /Users/louisekirkham/Documents/linkedin_learning/Ex_Files_Data_Engineering_Foundations/airflow_env/lib/python3.9/site-packages/airflow/example_dags/example_complex.py
[2022-03-18 17:55:59,018] {processor.py:654} INFO - DAG(s) dict_keys(['example_complex']) retrieved from /Users/louisekirkham/Documents/linkedin_learning/Ex_Files_Data_Engineering_Foundations/airflow_env/lib/python3.9/site-packages/airflow/example_dags/example_complex.py
[2022-03-18 17:55:59,035] {logging_mixin.py:109} INFO - [2022-03-18 17:55:59,035] {dag.py:2398} INFO - Sync 1 DAGs
[2022-03-18 17:55:59,042] {logging_mixin.py:109} INFO - [2022-03-18 17:55:59,042] {dag.py:2937} INFO - Setting next_dagrun for example_complex to None
[2022-03-18 17:55:59,049] {processor.py:171} INFO - Processing /Users/louisekirkham/Documents/linkedin_learning/Ex_Files_Data_Engineering_Foundations/airflow_env/lib/python3.9/site-packages/airflow/example_dags/example_complex.py took 0.065 seconds
[2022-03-18 17:57:23,985] {processor.py:163} INFO - Started process (PID=51314) to work on /Users/louisekirkham/Documents/linkedin_learning/Ex_Files_Data_Engineering_Foundations/airflow_env/lib/python3.9/site-packages/airflow/example_dags/example_complex.py
[2022-03-18 17:57:23,986] {processor.py:642} INFO - Processing file /Users/louisekirkham/Documents/linkedin_learning/Ex_Files_Data_Engineering_Foundations/airflow_env/lib/python3.9/site-packages/airflow/example_dags/example_complex.py for tasks to queue
[2022-03-18 17:57:23,986] {logging_mixin.py:109} INFO - [2022-03-18 17:57:23,986] {dagbag.py:500} INFO - Filling up the DagBag from /Users/louisekirkham/Documents/linkedin_learning/Ex_Files_Data_Engineering_Foundations/airflow_env/lib/python3.9/site-packages/airflow/example_dags/example_complex.py
[2022-03-18 17:57:24,022] {processor.py:654} INFO - DAG(s) dict_keys(['example_complex']) retrieved from /Users/louisekirkham/Documents/linkedin_learning/Ex_Files_Data_Engineering_Foundations/airflow_env/lib/python3.9/site-packages/airflow/example_dags/example_complex.py
[2022-03-18 17:57:24,041] {logging_mixin.py:109} INFO - [2022-03-18 17:57:24,041] {dag.py:2398} INFO - Sync 1 DAGs
[2022-03-18 17:57:24,049] {logging_mixin.py:109} INFO - [2022-03-18 17:57:24,049] {dag.py:2937} INFO - Setting next_dagrun for example_complex to None
[2022-03-18 17:57:24,056] {processor.py:171} INFO - Processing /Users/louisekirkham/Documents/linkedin_learning/Ex_Files_Data_Engineering_Foundations/airflow_env/lib/python3.9/site-packages/airflow/example_dags/example_complex.py took 0.071 seconds
[2022-03-18 17:58:58,289] {processor.py:163} INFO - Started process (PID=51484) to work on /Users/louisekirkham/Documents/linkedin_learning/Ex_Files_Data_Engineering_Foundations/airflow_env/lib/python3.9/site-packages/airflow/example_dags/example_complex.py
[2022-03-18 17:58:58,290] {processor.py:642} INFO - Processing file /Users/louisekirkham/Documents/linkedin_learning/Ex_Files_Data_Engineering_Foundations/airflow_env/lib/python3.9/site-packages/airflow/example_dags/example_complex.py for tasks to queue
[2022-03-18 17:58:58,290] {logging_mixin.py:109} INFO - [2022-03-18 17:58:58,290] {dagbag.py:500} INFO - Filling up the DagBag from /Users/louisekirkham/Documents/linkedin_learning/Ex_Files_Data_Engineering_Foundations/airflow_env/lib/python3.9/site-packages/airflow/example_dags/example_complex.py
[2022-03-18 17:58:58,339] {processor.py:654} INFO - DAG(s) dict_keys(['example_complex']) retrieved from /Users/louisekirkham/Documents/linkedin_learning/Ex_Files_Data_Engineering_Foundations/airflow_env/lib/python3.9/site-packages/airflow/example_dags/example_complex.py
[2022-03-18 17:58:58,362] {logging_mixin.py:109} INFO - [2022-03-18 17:58:58,362] {dag.py:2398} INFO - Sync 1 DAGs
[2022-03-18 17:58:58,374] {logging_mixin.py:109} INFO - [2022-03-18 17:58:58,374] {dag.py:2937} INFO - Setting next_dagrun for example_complex to None
[2022-03-18 17:58:58,383] {processor.py:171} INFO - Processing /Users/louisekirkham/Documents/linkedin_learning/Ex_Files_Data_Engineering_Foundations/airflow_env/lib/python3.9/site-packages/airflow/example_dags/example_complex.py took 0.094 seconds
