[2022-03-18 10:37:33,855] {processor.py:163} INFO - Started process (PID=46431) to work on /Users/louisekirkham/Documents/linkedin_learning/Ex_Files_Data_Engineering_Foundations/airflow_env/lib/python3.9/site-packages/airflow/example_dags/example_dag_decorator.py
[2022-03-18 10:37:33,855] {processor.py:642} INFO - Processing file /Users/louisekirkham/Documents/linkedin_learning/Ex_Files_Data_Engineering_Foundations/airflow_env/lib/python3.9/site-packages/airflow/example_dags/example_dag_decorator.py for tasks to queue
[2022-03-18 10:37:33,856] {logging_mixin.py:109} INFO - [2022-03-18 10:37:33,855] {dagbag.py:500} INFO - Filling up the DagBag from /Users/louisekirkham/Documents/linkedin_learning/Ex_Files_Data_Engineering_Foundations/airflow_env/lib/python3.9/site-packages/airflow/example_dags/example_dag_decorator.py
[2022-03-18 10:37:33,902] {processor.py:654} INFO - DAG(s) dict_keys(['example_dag_decorator']) retrieved from /Users/louisekirkham/Documents/linkedin_learning/Ex_Files_Data_Engineering_Foundations/airflow_env/lib/python3.9/site-packages/airflow/example_dags/example_dag_decorator.py
[2022-03-18 10:37:34,103] {logging_mixin.py:109} INFO - [2022-03-18 10:37:34,103] {dag.py:2398} INFO - Sync 1 DAGs
[2022-03-18 10:37:34,113] {logging_mixin.py:109} INFO - [2022-03-18 10:37:34,113] {dag.py:2937} INFO - Setting next_dagrun for example_dag_decorator to None
[2022-03-18 10:37:34,121] {processor.py:171} INFO - Processing /Users/louisekirkham/Documents/linkedin_learning/Ex_Files_Data_Engineering_Foundations/airflow_env/lib/python3.9/site-packages/airflow/example_dags/example_dag_decorator.py took 0.267 seconds
[2022-03-18 10:39:00,807] {processor.py:163} INFO - Started process (PID=46500) to work on /Users/louisekirkham/Documents/linkedin_learning/Ex_Files_Data_Engineering_Foundations/airflow_env/lib/python3.9/site-packages/airflow/example_dags/example_dag_decorator.py
[2022-03-18 10:39:00,809] {processor.py:642} INFO - Processing file /Users/louisekirkham/Documents/linkedin_learning/Ex_Files_Data_Engineering_Foundations/airflow_env/lib/python3.9/site-packages/airflow/example_dags/example_dag_decorator.py for tasks to queue
[2022-03-18 10:39:00,810] {logging_mixin.py:109} INFO - [2022-03-18 10:39:00,809] {dagbag.py:500} INFO - Filling up the DagBag from /Users/louisekirkham/Documents/linkedin_learning/Ex_Files_Data_Engineering_Foundations/airflow_env/lib/python3.9/site-packages/airflow/example_dags/example_dag_decorator.py
[2022-03-18 10:39:00,879] {processor.py:654} INFO - DAG(s) dict_keys(['example_dag_decorator']) retrieved from /Users/louisekirkham/Documents/linkedin_learning/Ex_Files_Data_Engineering_Foundations/airflow_env/lib/python3.9/site-packages/airflow/example_dags/example_dag_decorator.py
[2022-03-18 10:39:01,101] {logging_mixin.py:109} INFO - [2022-03-18 10:39:01,101] {dag.py:2398} INFO - Sync 1 DAGs
[2022-03-18 10:39:01,113] {logging_mixin.py:109} INFO - [2022-03-18 10:39:01,113] {dag.py:2937} INFO - Setting next_dagrun for example_dag_decorator to None
[2022-03-18 10:39:01,121] {processor.py:171} INFO - Processing /Users/louisekirkham/Documents/linkedin_learning/Ex_Files_Data_Engineering_Foundations/airflow_env/lib/python3.9/site-packages/airflow/example_dags/example_dag_decorator.py took 0.315 seconds
[2022-03-18 17:05:48,325] {processor.py:163} INFO - Started process (PID=46691) to work on /Users/louisekirkham/Documents/linkedin_learning/Ex_Files_Data_Engineering_Foundations/airflow_env/lib/python3.9/site-packages/airflow/example_dags/example_dag_decorator.py
[2022-03-18 17:05:48,326] {processor.py:642} INFO - Processing file /Users/louisekirkham/Documents/linkedin_learning/Ex_Files_Data_Engineering_Foundations/airflow_env/lib/python3.9/site-packages/airflow/example_dags/example_dag_decorator.py for tasks to queue
[2022-03-18 17:05:48,326] {logging_mixin.py:109} INFO - [2022-03-18 17:05:48,326] {dagbag.py:500} INFO - Filling up the DagBag from /Users/louisekirkham/Documents/linkedin_learning/Ex_Files_Data_Engineering_Foundations/airflow_env/lib/python3.9/site-packages/airflow/example_dags/example_dag_decorator.py
[2022-03-18 17:05:48,383] {processor.py:654} INFO - DAG(s) dict_keys(['example_dag_decorator']) retrieved from /Users/louisekirkham/Documents/linkedin_learning/Ex_Files_Data_Engineering_Foundations/airflow_env/lib/python3.9/site-packages/airflow/example_dags/example_dag_decorator.py
[2022-03-18 17:05:48,559] {logging_mixin.py:109} INFO - [2022-03-18 17:05:48,559] {dag.py:2398} INFO - Sync 1 DAGs
[2022-03-18 17:05:48,567] {logging_mixin.py:109} INFO - [2022-03-18 17:05:48,567] {dag.py:2937} INFO - Setting next_dagrun for example_dag_decorator to None
[2022-03-18 17:05:48,575] {processor.py:171} INFO - Processing /Users/louisekirkham/Documents/linkedin_learning/Ex_Files_Data_Engineering_Foundations/airflow_env/lib/python3.9/site-packages/airflow/example_dags/example_dag_decorator.py took 0.251 seconds
[2022-03-18 17:07:20,718] {processor.py:163} INFO - Started process (PID=46781) to work on /Users/louisekirkham/Documents/linkedin_learning/Ex_Files_Data_Engineering_Foundations/airflow_env/lib/python3.9/site-packages/airflow/example_dags/example_dag_decorator.py
[2022-03-18 17:07:20,718] {processor.py:642} INFO - Processing file /Users/louisekirkham/Documents/linkedin_learning/Ex_Files_Data_Engineering_Foundations/airflow_env/lib/python3.9/site-packages/airflow/example_dags/example_dag_decorator.py for tasks to queue
[2022-03-18 17:07:20,718] {logging_mixin.py:109} INFO - [2022-03-18 17:07:20,718] {dagbag.py:500} INFO - Filling up the DagBag from /Users/louisekirkham/Documents/linkedin_learning/Ex_Files_Data_Engineering_Foundations/airflow_env/lib/python3.9/site-packages/airflow/example_dags/example_dag_decorator.py
[2022-03-18 17:07:20,756] {processor.py:654} INFO - DAG(s) dict_keys(['example_dag_decorator']) retrieved from /Users/louisekirkham/Documents/linkedin_learning/Ex_Files_Data_Engineering_Foundations/airflow_env/lib/python3.9/site-packages/airflow/example_dags/example_dag_decorator.py
[2022-03-18 17:07:20,924] {logging_mixin.py:109} INFO - [2022-03-18 17:07:20,924] {dag.py:2398} INFO - Sync 1 DAGs
[2022-03-18 17:07:20,933] {logging_mixin.py:109} INFO - [2022-03-18 17:07:20,932] {dag.py:2937} INFO - Setting next_dagrun for example_dag_decorator to None
[2022-03-18 17:07:20,939] {processor.py:171} INFO - Processing /Users/louisekirkham/Documents/linkedin_learning/Ex_Files_Data_Engineering_Foundations/airflow_env/lib/python3.9/site-packages/airflow/example_dags/example_dag_decorator.py took 0.221 seconds
[2022-03-18 17:08:49,258] {processor.py:163} INFO - Started process (PID=46856) to work on /Users/louisekirkham/Documents/linkedin_learning/Ex_Files_Data_Engineering_Foundations/airflow_env/lib/python3.9/site-packages/airflow/example_dags/example_dag_decorator.py
[2022-03-18 17:08:49,259] {processor.py:642} INFO - Processing file /Users/louisekirkham/Documents/linkedin_learning/Ex_Files_Data_Engineering_Foundations/airflow_env/lib/python3.9/site-packages/airflow/example_dags/example_dag_decorator.py for tasks to queue
[2022-03-18 17:08:49,259] {logging_mixin.py:109} INFO - [2022-03-18 17:08:49,259] {dagbag.py:500} INFO - Filling up the DagBag from /Users/louisekirkham/Documents/linkedin_learning/Ex_Files_Data_Engineering_Foundations/airflow_env/lib/python3.9/site-packages/airflow/example_dags/example_dag_decorator.py
[2022-03-18 17:08:49,303] {processor.py:654} INFO - DAG(s) dict_keys(['example_dag_decorator']) retrieved from /Users/louisekirkham/Documents/linkedin_learning/Ex_Files_Data_Engineering_Foundations/airflow_env/lib/python3.9/site-packages/airflow/example_dags/example_dag_decorator.py
[2022-03-18 17:08:49,492] {logging_mixin.py:109} INFO - [2022-03-18 17:08:49,492] {dag.py:2398} INFO - Sync 1 DAGs
[2022-03-18 17:08:49,502] {logging_mixin.py:109} INFO - [2022-03-18 17:08:49,502] {dag.py:2937} INFO - Setting next_dagrun for example_dag_decorator to None
[2022-03-18 17:08:49,510] {processor.py:171} INFO - Processing /Users/louisekirkham/Documents/linkedin_learning/Ex_Files_Data_Engineering_Foundations/airflow_env/lib/python3.9/site-packages/airflow/example_dags/example_dag_decorator.py took 0.252 seconds
[2022-03-18 17:10:12,972] {processor.py:163} INFO - Started process (PID=46924) to work on /Users/louisekirkham/Documents/linkedin_learning/Ex_Files_Data_Engineering_Foundations/airflow_env/lib/python3.9/site-packages/airflow/example_dags/example_dag_decorator.py
[2022-03-18 17:10:12,973] {processor.py:642} INFO - Processing file /Users/louisekirkham/Documents/linkedin_learning/Ex_Files_Data_Engineering_Foundations/airflow_env/lib/python3.9/site-packages/airflow/example_dags/example_dag_decorator.py for tasks to queue
[2022-03-18 17:10:12,973] {logging_mixin.py:109} INFO - [2022-03-18 17:10:12,973] {dagbag.py:500} INFO - Filling up the DagBag from /Users/louisekirkham/Documents/linkedin_learning/Ex_Files_Data_Engineering_Foundations/airflow_env/lib/python3.9/site-packages/airflow/example_dags/example_dag_decorator.py
[2022-03-18 17:10:13,016] {processor.py:654} INFO - DAG(s) dict_keys(['example_dag_decorator']) retrieved from /Users/louisekirkham/Documents/linkedin_learning/Ex_Files_Data_Engineering_Foundations/airflow_env/lib/python3.9/site-packages/airflow/example_dags/example_dag_decorator.py
[2022-03-18 17:10:13,202] {logging_mixin.py:109} INFO - [2022-03-18 17:10:13,202] {dag.py:2398} INFO - Sync 1 DAGs
[2022-03-18 17:10:13,211] {logging_mixin.py:109} INFO - [2022-03-18 17:10:13,211] {dag.py:2937} INFO - Setting next_dagrun for example_dag_decorator to None
[2022-03-18 17:10:13,222] {processor.py:171} INFO - Processing /Users/louisekirkham/Documents/linkedin_learning/Ex_Files_Data_Engineering_Foundations/airflow_env/lib/python3.9/site-packages/airflow/example_dags/example_dag_decorator.py took 0.250 seconds
[2022-03-18 17:11:51,346] {processor.py:163} INFO - Started process (PID=47003) to work on /Users/louisekirkham/Documents/linkedin_learning/Ex_Files_Data_Engineering_Foundations/airflow_env/lib/python3.9/site-packages/airflow/example_dags/example_dag_decorator.py
[2022-03-18 17:11:51,347] {processor.py:642} INFO - Processing file /Users/louisekirkham/Documents/linkedin_learning/Ex_Files_Data_Engineering_Foundations/airflow_env/lib/python3.9/site-packages/airflow/example_dags/example_dag_decorator.py for tasks to queue
[2022-03-18 17:11:51,348] {logging_mixin.py:109} INFO - [2022-03-18 17:11:51,348] {dagbag.py:500} INFO - Filling up the DagBag from /Users/louisekirkham/Documents/linkedin_learning/Ex_Files_Data_Engineering_Foundations/airflow_env/lib/python3.9/site-packages/airflow/example_dags/example_dag_decorator.py
[2022-03-18 17:11:51,398] {processor.py:654} INFO - DAG(s) dict_keys(['example_dag_decorator']) retrieved from /Users/louisekirkham/Documents/linkedin_learning/Ex_Files_Data_Engineering_Foundations/airflow_env/lib/python3.9/site-packages/airflow/example_dags/example_dag_decorator.py
[2022-03-18 17:11:51,582] {logging_mixin.py:109} INFO - [2022-03-18 17:11:51,581] {dag.py:2398} INFO - Sync 1 DAGs
[2022-03-18 17:11:51,590] {logging_mixin.py:109} INFO - [2022-03-18 17:11:51,590] {dag.py:2937} INFO - Setting next_dagrun for example_dag_decorator to None
[2022-03-18 17:11:51,599] {processor.py:171} INFO - Processing /Users/louisekirkham/Documents/linkedin_learning/Ex_Files_Data_Engineering_Foundations/airflow_env/lib/python3.9/site-packages/airflow/example_dags/example_dag_decorator.py took 0.254 seconds
[2022-03-18 17:13:15,804] {processor.py:163} INFO - Started process (PID=47072) to work on /Users/louisekirkham/Documents/linkedin_learning/Ex_Files_Data_Engineering_Foundations/airflow_env/lib/python3.9/site-packages/airflow/example_dags/example_dag_decorator.py
[2022-03-18 17:13:15,805] {processor.py:642} INFO - Processing file /Users/louisekirkham/Documents/linkedin_learning/Ex_Files_Data_Engineering_Foundations/airflow_env/lib/python3.9/site-packages/airflow/example_dags/example_dag_decorator.py for tasks to queue
[2022-03-18 17:13:15,806] {logging_mixin.py:109} INFO - [2022-03-18 17:13:15,806] {dagbag.py:500} INFO - Filling up the DagBag from /Users/louisekirkham/Documents/linkedin_learning/Ex_Files_Data_Engineering_Foundations/airflow_env/lib/python3.9/site-packages/airflow/example_dags/example_dag_decorator.py
[2022-03-18 17:13:15,847] {processor.py:654} INFO - DAG(s) dict_keys(['example_dag_decorator']) retrieved from /Users/louisekirkham/Documents/linkedin_learning/Ex_Files_Data_Engineering_Foundations/airflow_env/lib/python3.9/site-packages/airflow/example_dags/example_dag_decorator.py
[2022-03-18 17:13:16,017] {logging_mixin.py:109} INFO - [2022-03-18 17:13:16,017] {dag.py:2398} INFO - Sync 1 DAGs
[2022-03-18 17:13:16,026] {logging_mixin.py:109} INFO - [2022-03-18 17:13:16,025] {dag.py:2937} INFO - Setting next_dagrun for example_dag_decorator to None
[2022-03-18 17:13:16,034] {processor.py:171} INFO - Processing /Users/louisekirkham/Documents/linkedin_learning/Ex_Files_Data_Engineering_Foundations/airflow_env/lib/python3.9/site-packages/airflow/example_dags/example_dag_decorator.py took 0.230 seconds
[2022-03-18 17:14:40,797] {processor.py:163} INFO - Started process (PID=47132) to work on /Users/louisekirkham/Documents/linkedin_learning/Ex_Files_Data_Engineering_Foundations/airflow_env/lib/python3.9/site-packages/airflow/example_dags/example_dag_decorator.py
[2022-03-18 17:14:40,799] {processor.py:642} INFO - Processing file /Users/louisekirkham/Documents/linkedin_learning/Ex_Files_Data_Engineering_Foundations/airflow_env/lib/python3.9/site-packages/airflow/example_dags/example_dag_decorator.py for tasks to queue
[2022-03-18 17:14:40,799] {logging_mixin.py:109} INFO - [2022-03-18 17:14:40,799] {dagbag.py:500} INFO - Filling up the DagBag from /Users/louisekirkham/Documents/linkedin_learning/Ex_Files_Data_Engineering_Foundations/airflow_env/lib/python3.9/site-packages/airflow/example_dags/example_dag_decorator.py
[2022-03-18 17:14:40,852] {processor.py:654} INFO - DAG(s) dict_keys(['example_dag_decorator']) retrieved from /Users/louisekirkham/Documents/linkedin_learning/Ex_Files_Data_Engineering_Foundations/airflow_env/lib/python3.9/site-packages/airflow/example_dags/example_dag_decorator.py
[2022-03-18 17:14:41,130] {logging_mixin.py:109} INFO - [2022-03-18 17:14:41,130] {dag.py:2398} INFO - Sync 1 DAGs
[2022-03-18 17:14:41,139] {logging_mixin.py:109} INFO - [2022-03-18 17:14:41,139] {dag.py:2937} INFO - Setting next_dagrun for example_dag_decorator to None
[2022-03-18 17:14:41,149] {processor.py:171} INFO - Processing /Users/louisekirkham/Documents/linkedin_learning/Ex_Files_Data_Engineering_Foundations/airflow_env/lib/python3.9/site-packages/airflow/example_dags/example_dag_decorator.py took 0.353 seconds
[2022-03-18 17:16:06,041] {processor.py:163} INFO - Started process (PID=47199) to work on /Users/louisekirkham/Documents/linkedin_learning/Ex_Files_Data_Engineering_Foundations/airflow_env/lib/python3.9/site-packages/airflow/example_dags/example_dag_decorator.py
[2022-03-18 17:16:06,042] {processor.py:642} INFO - Processing file /Users/louisekirkham/Documents/linkedin_learning/Ex_Files_Data_Engineering_Foundations/airflow_env/lib/python3.9/site-packages/airflow/example_dags/example_dag_decorator.py for tasks to queue
[2022-03-18 17:16:06,042] {logging_mixin.py:109} INFO - [2022-03-18 17:16:06,042] {dagbag.py:500} INFO - Filling up the DagBag from /Users/louisekirkham/Documents/linkedin_learning/Ex_Files_Data_Engineering_Foundations/airflow_env/lib/python3.9/site-packages/airflow/example_dags/example_dag_decorator.py
[2022-03-18 17:16:06,088] {processor.py:654} INFO - DAG(s) dict_keys(['example_dag_decorator']) retrieved from /Users/louisekirkham/Documents/linkedin_learning/Ex_Files_Data_Engineering_Foundations/airflow_env/lib/python3.9/site-packages/airflow/example_dags/example_dag_decorator.py
[2022-03-18 17:16:06,265] {logging_mixin.py:109} INFO - [2022-03-18 17:16:06,265] {dag.py:2398} INFO - Sync 1 DAGs
[2022-03-18 17:16:06,275] {logging_mixin.py:109} INFO - [2022-03-18 17:16:06,275] {dag.py:2937} INFO - Setting next_dagrun for example_dag_decorator to None
[2022-03-18 17:16:06,282] {processor.py:171} INFO - Processing /Users/louisekirkham/Documents/linkedin_learning/Ex_Files_Data_Engineering_Foundations/airflow_env/lib/python3.9/site-packages/airflow/example_dags/example_dag_decorator.py took 0.242 seconds
[2022-03-18 17:17:30,846] {processor.py:163} INFO - Started process (PID=47273) to work on /Users/louisekirkham/Documents/linkedin_learning/Ex_Files_Data_Engineering_Foundations/airflow_env/lib/python3.9/site-packages/airflow/example_dags/example_dag_decorator.py
[2022-03-18 17:17:30,846] {processor.py:642} INFO - Processing file /Users/louisekirkham/Documents/linkedin_learning/Ex_Files_Data_Engineering_Foundations/airflow_env/lib/python3.9/site-packages/airflow/example_dags/example_dag_decorator.py for tasks to queue
[2022-03-18 17:17:30,847] {logging_mixin.py:109} INFO - [2022-03-18 17:17:30,847] {dagbag.py:500} INFO - Filling up the DagBag from /Users/louisekirkham/Documents/linkedin_learning/Ex_Files_Data_Engineering_Foundations/airflow_env/lib/python3.9/site-packages/airflow/example_dags/example_dag_decorator.py
[2022-03-18 17:17:30,892] {processor.py:654} INFO - DAG(s) dict_keys(['example_dag_decorator']) retrieved from /Users/louisekirkham/Documents/linkedin_learning/Ex_Files_Data_Engineering_Foundations/airflow_env/lib/python3.9/site-packages/airflow/example_dags/example_dag_decorator.py
[2022-03-18 17:17:31,068] {logging_mixin.py:109} INFO - [2022-03-18 17:17:31,068] {dag.py:2398} INFO - Sync 1 DAGs
[2022-03-18 17:17:31,076] {logging_mixin.py:109} INFO - [2022-03-18 17:17:31,076] {dag.py:2937} INFO - Setting next_dagrun for example_dag_decorator to None
[2022-03-18 17:17:31,083] {processor.py:171} INFO - Processing /Users/louisekirkham/Documents/linkedin_learning/Ex_Files_Data_Engineering_Foundations/airflow_env/lib/python3.9/site-packages/airflow/example_dags/example_dag_decorator.py took 0.238 seconds
[2022-03-18 17:18:55,374] {processor.py:163} INFO - Started process (PID=47337) to work on /Users/louisekirkham/Documents/linkedin_learning/Ex_Files_Data_Engineering_Foundations/airflow_env/lib/python3.9/site-packages/airflow/example_dags/example_dag_decorator.py
[2022-03-18 17:18:55,375] {processor.py:642} INFO - Processing file /Users/louisekirkham/Documents/linkedin_learning/Ex_Files_Data_Engineering_Foundations/airflow_env/lib/python3.9/site-packages/airflow/example_dags/example_dag_decorator.py for tasks to queue
[2022-03-18 17:18:55,376] {logging_mixin.py:109} INFO - [2022-03-18 17:18:55,376] {dagbag.py:500} INFO - Filling up the DagBag from /Users/louisekirkham/Documents/linkedin_learning/Ex_Files_Data_Engineering_Foundations/airflow_env/lib/python3.9/site-packages/airflow/example_dags/example_dag_decorator.py
[2022-03-18 17:18:55,421] {processor.py:654} INFO - DAG(s) dict_keys(['example_dag_decorator']) retrieved from /Users/louisekirkham/Documents/linkedin_learning/Ex_Files_Data_Engineering_Foundations/airflow_env/lib/python3.9/site-packages/airflow/example_dags/example_dag_decorator.py
[2022-03-18 17:18:55,627] {logging_mixin.py:109} INFO - [2022-03-18 17:18:55,627] {dag.py:2398} INFO - Sync 1 DAGs
[2022-03-18 17:18:55,636] {logging_mixin.py:109} INFO - [2022-03-18 17:18:55,636] {dag.py:2937} INFO - Setting next_dagrun for example_dag_decorator to None
[2022-03-18 17:18:55,644] {processor.py:171} INFO - Processing /Users/louisekirkham/Documents/linkedin_learning/Ex_Files_Data_Engineering_Foundations/airflow_env/lib/python3.9/site-packages/airflow/example_dags/example_dag_decorator.py took 0.270 seconds
[2022-03-18 17:20:18,696] {processor.py:163} INFO - Started process (PID=47410) to work on /Users/louisekirkham/Documents/linkedin_learning/Ex_Files_Data_Engineering_Foundations/airflow_env/lib/python3.9/site-packages/airflow/example_dags/example_dag_decorator.py
[2022-03-18 17:20:18,696] {processor.py:642} INFO - Processing file /Users/louisekirkham/Documents/linkedin_learning/Ex_Files_Data_Engineering_Foundations/airflow_env/lib/python3.9/site-packages/airflow/example_dags/example_dag_decorator.py for tasks to queue
[2022-03-18 17:20:18,696] {logging_mixin.py:109} INFO - [2022-03-18 17:20:18,696] {dagbag.py:500} INFO - Filling up the DagBag from /Users/louisekirkham/Documents/linkedin_learning/Ex_Files_Data_Engineering_Foundations/airflow_env/lib/python3.9/site-packages/airflow/example_dags/example_dag_decorator.py
[2022-03-18 17:20:18,736] {processor.py:654} INFO - DAG(s) dict_keys(['example_dag_decorator']) retrieved from /Users/louisekirkham/Documents/linkedin_learning/Ex_Files_Data_Engineering_Foundations/airflow_env/lib/python3.9/site-packages/airflow/example_dags/example_dag_decorator.py
[2022-03-18 17:20:18,895] {logging_mixin.py:109} INFO - [2022-03-18 17:20:18,895] {dag.py:2398} INFO - Sync 1 DAGs
[2022-03-18 17:20:18,904] {logging_mixin.py:109} INFO - [2022-03-18 17:20:18,904] {dag.py:2937} INFO - Setting next_dagrun for example_dag_decorator to None
[2022-03-18 17:20:18,911] {processor.py:171} INFO - Processing /Users/louisekirkham/Documents/linkedin_learning/Ex_Files_Data_Engineering_Foundations/airflow_env/lib/python3.9/site-packages/airflow/example_dags/example_dag_decorator.py took 0.216 seconds
[2022-03-18 17:24:28,006] {processor.py:163} INFO - Started process (PID=47555) to work on /Users/louisekirkham/Documents/linkedin_learning/Ex_Files_Data_Engineering_Foundations/airflow_env/lib/python3.9/site-packages/airflow/example_dags/example_dag_decorator.py
[2022-03-18 17:24:28,007] {processor.py:642} INFO - Processing file /Users/louisekirkham/Documents/linkedin_learning/Ex_Files_Data_Engineering_Foundations/airflow_env/lib/python3.9/site-packages/airflow/example_dags/example_dag_decorator.py for tasks to queue
[2022-03-18 17:24:28,007] {logging_mixin.py:109} INFO - [2022-03-18 17:24:28,007] {dagbag.py:500} INFO - Filling up the DagBag from /Users/louisekirkham/Documents/linkedin_learning/Ex_Files_Data_Engineering_Foundations/airflow_env/lib/python3.9/site-packages/airflow/example_dags/example_dag_decorator.py
[2022-03-18 17:24:28,054] {processor.py:654} INFO - DAG(s) dict_keys(['example_dag_decorator']) retrieved from /Users/louisekirkham/Documents/linkedin_learning/Ex_Files_Data_Engineering_Foundations/airflow_env/lib/python3.9/site-packages/airflow/example_dags/example_dag_decorator.py
[2022-03-18 17:24:28,242] {logging_mixin.py:109} INFO - [2022-03-18 17:24:28,242] {dag.py:2398} INFO - Sync 1 DAGs
[2022-03-18 17:24:28,251] {logging_mixin.py:109} INFO - [2022-03-18 17:24:28,251] {dag.py:2937} INFO - Setting next_dagrun for example_dag_decorator to None
[2022-03-18 17:24:28,259] {processor.py:171} INFO - Processing /Users/louisekirkham/Documents/linkedin_learning/Ex_Files_Data_Engineering_Foundations/airflow_env/lib/python3.9/site-packages/airflow/example_dags/example_dag_decorator.py took 0.254 seconds
[2022-03-18 17:26:02,248] {processor.py:163} INFO - Started process (PID=47642) to work on /Users/louisekirkham/Documents/linkedin_learning/Ex_Files_Data_Engineering_Foundations/airflow_env/lib/python3.9/site-packages/airflow/example_dags/example_dag_decorator.py
[2022-03-18 17:26:02,249] {processor.py:642} INFO - Processing file /Users/louisekirkham/Documents/linkedin_learning/Ex_Files_Data_Engineering_Foundations/airflow_env/lib/python3.9/site-packages/airflow/example_dags/example_dag_decorator.py for tasks to queue
[2022-03-18 17:26:02,249] {logging_mixin.py:109} INFO - [2022-03-18 17:26:02,249] {dagbag.py:500} INFO - Filling up the DagBag from /Users/louisekirkham/Documents/linkedin_learning/Ex_Files_Data_Engineering_Foundations/airflow_env/lib/python3.9/site-packages/airflow/example_dags/example_dag_decorator.py
[2022-03-18 17:26:02,301] {processor.py:654} INFO - DAG(s) dict_keys(['example_dag_decorator']) retrieved from /Users/louisekirkham/Documents/linkedin_learning/Ex_Files_Data_Engineering_Foundations/airflow_env/lib/python3.9/site-packages/airflow/example_dags/example_dag_decorator.py
[2022-03-18 17:26:02,511] {logging_mixin.py:109} INFO - [2022-03-18 17:26:02,511] {dag.py:2398} INFO - Sync 1 DAGs
[2022-03-18 17:26:02,523] {logging_mixin.py:109} INFO - [2022-03-18 17:26:02,523] {dag.py:2937} INFO - Setting next_dagrun for example_dag_decorator to None
[2022-03-18 17:26:02,533] {processor.py:171} INFO - Processing /Users/louisekirkham/Documents/linkedin_learning/Ex_Files_Data_Engineering_Foundations/airflow_env/lib/python3.9/site-packages/airflow/example_dags/example_dag_decorator.py took 0.286 seconds
[2022-03-18 17:28:55,163] {processor.py:163} INFO - Started process (PID=47763) to work on /Users/louisekirkham/Documents/linkedin_learning/Ex_Files_Data_Engineering_Foundations/airflow_env/lib/python3.9/site-packages/airflow/example_dags/example_dag_decorator.py
[2022-03-18 17:28:55,164] {processor.py:642} INFO - Processing file /Users/louisekirkham/Documents/linkedin_learning/Ex_Files_Data_Engineering_Foundations/airflow_env/lib/python3.9/site-packages/airflow/example_dags/example_dag_decorator.py for tasks to queue
[2022-03-18 17:28:55,164] {logging_mixin.py:109} INFO - [2022-03-18 17:28:55,164] {dagbag.py:500} INFO - Filling up the DagBag from /Users/louisekirkham/Documents/linkedin_learning/Ex_Files_Data_Engineering_Foundations/airflow_env/lib/python3.9/site-packages/airflow/example_dags/example_dag_decorator.py
[2022-03-18 17:28:55,205] {processor.py:654} INFO - DAG(s) dict_keys(['example_dag_decorator']) retrieved from /Users/louisekirkham/Documents/linkedin_learning/Ex_Files_Data_Engineering_Foundations/airflow_env/lib/python3.9/site-packages/airflow/example_dags/example_dag_decorator.py
[2022-03-18 17:28:55,376] {logging_mixin.py:109} INFO - [2022-03-18 17:28:55,376] {dag.py:2398} INFO - Sync 1 DAGs
[2022-03-18 17:28:55,385] {logging_mixin.py:109} INFO - [2022-03-18 17:28:55,385] {dag.py:2937} INFO - Setting next_dagrun for example_dag_decorator to None
[2022-03-18 17:28:55,393] {processor.py:171} INFO - Processing /Users/louisekirkham/Documents/linkedin_learning/Ex_Files_Data_Engineering_Foundations/airflow_env/lib/python3.9/site-packages/airflow/example_dags/example_dag_decorator.py took 0.230 seconds
[2022-03-18 17:32:13,309] {processor.py:163} INFO - Started process (PID=47938) to work on /Users/louisekirkham/Documents/linkedin_learning/Ex_Files_Data_Engineering_Foundations/airflow_env/lib/python3.9/site-packages/airflow/example_dags/example_dag_decorator.py
[2022-03-18 17:32:13,309] {processor.py:642} INFO - Processing file /Users/louisekirkham/Documents/linkedin_learning/Ex_Files_Data_Engineering_Foundations/airflow_env/lib/python3.9/site-packages/airflow/example_dags/example_dag_decorator.py for tasks to queue
[2022-03-18 17:32:13,310] {logging_mixin.py:109} INFO - [2022-03-18 17:32:13,310] {dagbag.py:500} INFO - Filling up the DagBag from /Users/louisekirkham/Documents/linkedin_learning/Ex_Files_Data_Engineering_Foundations/airflow_env/lib/python3.9/site-packages/airflow/example_dags/example_dag_decorator.py
[2022-03-18 17:32:13,349] {processor.py:654} INFO - DAG(s) dict_keys(['example_dag_decorator']) retrieved from /Users/louisekirkham/Documents/linkedin_learning/Ex_Files_Data_Engineering_Foundations/airflow_env/lib/python3.9/site-packages/airflow/example_dags/example_dag_decorator.py
[2022-03-18 17:32:13,520] {logging_mixin.py:109} INFO - [2022-03-18 17:32:13,519] {dag.py:2398} INFO - Sync 1 DAGs
[2022-03-18 17:32:13,528] {logging_mixin.py:109} INFO - [2022-03-18 17:32:13,528] {dag.py:2937} INFO - Setting next_dagrun for example_dag_decorator to None
[2022-03-18 17:32:13,536] {processor.py:171} INFO - Processing /Users/louisekirkham/Documents/linkedin_learning/Ex_Files_Data_Engineering_Foundations/airflow_env/lib/python3.9/site-packages/airflow/example_dags/example_dag_decorator.py took 0.227 seconds
[2022-03-18 17:33:38,825] {processor.py:163} INFO - Started process (PID=48393) to work on /Users/louisekirkham/Documents/linkedin_learning/Ex_Files_Data_Engineering_Foundations/airflow_env/lib/python3.9/site-packages/airflow/example_dags/example_dag_decorator.py
[2022-03-18 17:33:38,826] {processor.py:642} INFO - Processing file /Users/louisekirkham/Documents/linkedin_learning/Ex_Files_Data_Engineering_Foundations/airflow_env/lib/python3.9/site-packages/airflow/example_dags/example_dag_decorator.py for tasks to queue
[2022-03-18 17:33:38,826] {logging_mixin.py:109} INFO - [2022-03-18 17:33:38,826] {dagbag.py:500} INFO - Filling up the DagBag from /Users/louisekirkham/Documents/linkedin_learning/Ex_Files_Data_Engineering_Foundations/airflow_env/lib/python3.9/site-packages/airflow/example_dags/example_dag_decorator.py
[2022-03-18 17:33:38,868] {processor.py:654} INFO - DAG(s) dict_keys(['example_dag_decorator']) retrieved from /Users/louisekirkham/Documents/linkedin_learning/Ex_Files_Data_Engineering_Foundations/airflow_env/lib/python3.9/site-packages/airflow/example_dags/example_dag_decorator.py
[2022-03-18 17:33:39,048] {logging_mixin.py:109} INFO - [2022-03-18 17:33:39,048] {dag.py:2398} INFO - Sync 1 DAGs
[2022-03-18 17:33:39,057] {logging_mixin.py:109} INFO - [2022-03-18 17:33:39,057] {dag.py:2937} INFO - Setting next_dagrun for example_dag_decorator to None
[2022-03-18 17:33:39,065] {processor.py:171} INFO - Processing /Users/louisekirkham/Documents/linkedin_learning/Ex_Files_Data_Engineering_Foundations/airflow_env/lib/python3.9/site-packages/airflow/example_dags/example_dag_decorator.py took 0.240 seconds
[2022-03-18 17:35:00,314] {processor.py:163} INFO - Started process (PID=48486) to work on /Users/louisekirkham/Documents/linkedin_learning/Ex_Files_Data_Engineering_Foundations/airflow_env/lib/python3.9/site-packages/airflow/example_dags/example_dag_decorator.py
[2022-03-18 17:35:00,314] {processor.py:642} INFO - Processing file /Users/louisekirkham/Documents/linkedin_learning/Ex_Files_Data_Engineering_Foundations/airflow_env/lib/python3.9/site-packages/airflow/example_dags/example_dag_decorator.py for tasks to queue
[2022-03-18 17:35:00,314] {logging_mixin.py:109} INFO - [2022-03-18 17:35:00,314] {dagbag.py:500} INFO - Filling up the DagBag from /Users/louisekirkham/Documents/linkedin_learning/Ex_Files_Data_Engineering_Foundations/airflow_env/lib/python3.9/site-packages/airflow/example_dags/example_dag_decorator.py
[2022-03-18 17:35:00,356] {processor.py:654} INFO - DAG(s) dict_keys(['example_dag_decorator']) retrieved from /Users/louisekirkham/Documents/linkedin_learning/Ex_Files_Data_Engineering_Foundations/airflow_env/lib/python3.9/site-packages/airflow/example_dags/example_dag_decorator.py
[2022-03-18 17:35:00,535] {logging_mixin.py:109} INFO - [2022-03-18 17:35:00,535] {dag.py:2398} INFO - Sync 1 DAGs
[2022-03-18 17:35:00,544] {logging_mixin.py:109} INFO - [2022-03-18 17:35:00,543] {dag.py:2937} INFO - Setting next_dagrun for example_dag_decorator to None
[2022-03-18 17:35:00,552] {processor.py:171} INFO - Processing /Users/louisekirkham/Documents/linkedin_learning/Ex_Files_Data_Engineering_Foundations/airflow_env/lib/python3.9/site-packages/airflow/example_dags/example_dag_decorator.py took 0.239 seconds
[2022-03-18 17:36:22,361] {processor.py:163} INFO - Started process (PID=48564) to work on /Users/louisekirkham/Documents/linkedin_learning/Ex_Files_Data_Engineering_Foundations/airflow_env/lib/python3.9/site-packages/airflow/example_dags/example_dag_decorator.py
[2022-03-18 17:36:22,362] {processor.py:642} INFO - Processing file /Users/louisekirkham/Documents/linkedin_learning/Ex_Files_Data_Engineering_Foundations/airflow_env/lib/python3.9/site-packages/airflow/example_dags/example_dag_decorator.py for tasks to queue
[2022-03-18 17:36:22,362] {logging_mixin.py:109} INFO - [2022-03-18 17:36:22,362] {dagbag.py:500} INFO - Filling up the DagBag from /Users/louisekirkham/Documents/linkedin_learning/Ex_Files_Data_Engineering_Foundations/airflow_env/lib/python3.9/site-packages/airflow/example_dags/example_dag_decorator.py
[2022-03-18 17:36:22,403] {processor.py:654} INFO - DAG(s) dict_keys(['example_dag_decorator']) retrieved from /Users/louisekirkham/Documents/linkedin_learning/Ex_Files_Data_Engineering_Foundations/airflow_env/lib/python3.9/site-packages/airflow/example_dags/example_dag_decorator.py
[2022-03-18 17:36:22,584] {logging_mixin.py:109} INFO - [2022-03-18 17:36:22,584] {dag.py:2398} INFO - Sync 1 DAGs
[2022-03-18 17:36:22,592] {logging_mixin.py:109} INFO - [2022-03-18 17:36:22,591] {dag.py:2937} INFO - Setting next_dagrun for example_dag_decorator to None
[2022-03-18 17:36:22,598] {processor.py:171} INFO - Processing /Users/louisekirkham/Documents/linkedin_learning/Ex_Files_Data_Engineering_Foundations/airflow_env/lib/python3.9/site-packages/airflow/example_dags/example_dag_decorator.py took 0.238 seconds
[2022-03-18 17:37:47,127] {processor.py:163} INFO - Started process (PID=48636) to work on /Users/louisekirkham/Documents/linkedin_learning/Ex_Files_Data_Engineering_Foundations/airflow_env/lib/python3.9/site-packages/airflow/example_dags/example_dag_decorator.py
[2022-03-18 17:37:47,128] {processor.py:642} INFO - Processing file /Users/louisekirkham/Documents/linkedin_learning/Ex_Files_Data_Engineering_Foundations/airflow_env/lib/python3.9/site-packages/airflow/example_dags/example_dag_decorator.py for tasks to queue
[2022-03-18 17:37:47,129] {logging_mixin.py:109} INFO - [2022-03-18 17:37:47,129] {dagbag.py:500} INFO - Filling up the DagBag from /Users/louisekirkham/Documents/linkedin_learning/Ex_Files_Data_Engineering_Foundations/airflow_env/lib/python3.9/site-packages/airflow/example_dags/example_dag_decorator.py
[2022-03-18 17:37:47,168] {processor.py:654} INFO - DAG(s) dict_keys(['example_dag_decorator']) retrieved from /Users/louisekirkham/Documents/linkedin_learning/Ex_Files_Data_Engineering_Foundations/airflow_env/lib/python3.9/site-packages/airflow/example_dags/example_dag_decorator.py
[2022-03-18 17:37:47,347] {logging_mixin.py:109} INFO - [2022-03-18 17:37:47,347] {dag.py:2398} INFO - Sync 1 DAGs
[2022-03-18 17:37:47,356] {logging_mixin.py:109} INFO - [2022-03-18 17:37:47,356] {dag.py:2937} INFO - Setting next_dagrun for example_dag_decorator to None
[2022-03-18 17:37:47,364] {processor.py:171} INFO - Processing /Users/louisekirkham/Documents/linkedin_learning/Ex_Files_Data_Engineering_Foundations/airflow_env/lib/python3.9/site-packages/airflow/example_dags/example_dag_decorator.py took 0.237 seconds
[2022-03-18 17:39:11,611] {processor.py:163} INFO - Started process (PID=48708) to work on /Users/louisekirkham/Documents/linkedin_learning/Ex_Files_Data_Engineering_Foundations/airflow_env/lib/python3.9/site-packages/airflow/example_dags/example_dag_decorator.py
[2022-03-18 17:39:11,611] {processor.py:642} INFO - Processing file /Users/louisekirkham/Documents/linkedin_learning/Ex_Files_Data_Engineering_Foundations/airflow_env/lib/python3.9/site-packages/airflow/example_dags/example_dag_decorator.py for tasks to queue
[2022-03-18 17:39:11,612] {logging_mixin.py:109} INFO - [2022-03-18 17:39:11,612] {dagbag.py:500} INFO - Filling up the DagBag from /Users/louisekirkham/Documents/linkedin_learning/Ex_Files_Data_Engineering_Foundations/airflow_env/lib/python3.9/site-packages/airflow/example_dags/example_dag_decorator.py
[2022-03-18 17:39:11,665] {processor.py:654} INFO - DAG(s) dict_keys(['example_dag_decorator']) retrieved from /Users/louisekirkham/Documents/linkedin_learning/Ex_Files_Data_Engineering_Foundations/airflow_env/lib/python3.9/site-packages/airflow/example_dags/example_dag_decorator.py
[2022-03-18 17:39:12,009] {logging_mixin.py:109} INFO - [2022-03-18 17:39:12,008] {dag.py:2398} INFO - Sync 1 DAGs
[2022-03-18 17:39:12,019] {logging_mixin.py:109} INFO - [2022-03-18 17:39:12,019] {dag.py:2937} INFO - Setting next_dagrun for example_dag_decorator to None
[2022-03-18 17:39:12,034] {processor.py:171} INFO - Processing /Users/louisekirkham/Documents/linkedin_learning/Ex_Files_Data_Engineering_Foundations/airflow_env/lib/python3.9/site-packages/airflow/example_dags/example_dag_decorator.py took 0.424 seconds
[2022-03-18 17:40:37,555] {processor.py:163} INFO - Started process (PID=48798) to work on /Users/louisekirkham/Documents/linkedin_learning/Ex_Files_Data_Engineering_Foundations/airflow_env/lib/python3.9/site-packages/airflow/example_dags/example_dag_decorator.py
[2022-03-18 17:40:37,556] {processor.py:642} INFO - Processing file /Users/louisekirkham/Documents/linkedin_learning/Ex_Files_Data_Engineering_Foundations/airflow_env/lib/python3.9/site-packages/airflow/example_dags/example_dag_decorator.py for tasks to queue
[2022-03-18 17:40:37,556] {logging_mixin.py:109} INFO - [2022-03-18 17:40:37,556] {dagbag.py:500} INFO - Filling up the DagBag from /Users/louisekirkham/Documents/linkedin_learning/Ex_Files_Data_Engineering_Foundations/airflow_env/lib/python3.9/site-packages/airflow/example_dags/example_dag_decorator.py
[2022-03-18 17:40:37,613] {processor.py:654} INFO - DAG(s) dict_keys(['example_dag_decorator']) retrieved from /Users/louisekirkham/Documents/linkedin_learning/Ex_Files_Data_Engineering_Foundations/airflow_env/lib/python3.9/site-packages/airflow/example_dags/example_dag_decorator.py
[2022-03-18 17:40:37,811] {logging_mixin.py:109} INFO - [2022-03-18 17:40:37,811] {dag.py:2398} INFO - Sync 1 DAGs
[2022-03-18 17:40:37,823] {logging_mixin.py:109} INFO - [2022-03-18 17:40:37,823] {dag.py:2937} INFO - Setting next_dagrun for example_dag_decorator to None
[2022-03-18 17:40:37,833] {processor.py:171} INFO - Processing /Users/louisekirkham/Documents/linkedin_learning/Ex_Files_Data_Engineering_Foundations/airflow_env/lib/python3.9/site-packages/airflow/example_dags/example_dag_decorator.py took 0.278 seconds
[2022-03-18 17:41:58,700] {processor.py:163} INFO - Started process (PID=48889) to work on /Users/louisekirkham/Documents/linkedin_learning/Ex_Files_Data_Engineering_Foundations/airflow_env/lib/python3.9/site-packages/airflow/example_dags/example_dag_decorator.py
[2022-03-18 17:41:58,701] {processor.py:642} INFO - Processing file /Users/louisekirkham/Documents/linkedin_learning/Ex_Files_Data_Engineering_Foundations/airflow_env/lib/python3.9/site-packages/airflow/example_dags/example_dag_decorator.py for tasks to queue
[2022-03-18 17:41:58,701] {logging_mixin.py:109} INFO - [2022-03-18 17:41:58,701] {dagbag.py:500} INFO - Filling up the DagBag from /Users/louisekirkham/Documents/linkedin_learning/Ex_Files_Data_Engineering_Foundations/airflow_env/lib/python3.9/site-packages/airflow/example_dags/example_dag_decorator.py
[2022-03-18 17:41:58,746] {processor.py:654} INFO - DAG(s) dict_keys(['example_dag_decorator']) retrieved from /Users/louisekirkham/Documents/linkedin_learning/Ex_Files_Data_Engineering_Foundations/airflow_env/lib/python3.9/site-packages/airflow/example_dags/example_dag_decorator.py
[2022-03-18 17:41:58,953] {logging_mixin.py:109} INFO - [2022-03-18 17:41:58,953] {dag.py:2398} INFO - Sync 1 DAGs
[2022-03-18 17:41:58,963] {logging_mixin.py:109} INFO - [2022-03-18 17:41:58,963] {dag.py:2937} INFO - Setting next_dagrun for example_dag_decorator to None
[2022-03-18 17:41:58,970] {processor.py:171} INFO - Processing /Users/louisekirkham/Documents/linkedin_learning/Ex_Files_Data_Engineering_Foundations/airflow_env/lib/python3.9/site-packages/airflow/example_dags/example_dag_decorator.py took 0.271 seconds
[2022-03-18 17:43:23,275] {processor.py:163} INFO - Started process (PID=48950) to work on /Users/louisekirkham/Documents/linkedin_learning/Ex_Files_Data_Engineering_Foundations/airflow_env/lib/python3.9/site-packages/airflow/example_dags/example_dag_decorator.py
[2022-03-18 17:43:23,275] {processor.py:642} INFO - Processing file /Users/louisekirkham/Documents/linkedin_learning/Ex_Files_Data_Engineering_Foundations/airflow_env/lib/python3.9/site-packages/airflow/example_dags/example_dag_decorator.py for tasks to queue
[2022-03-18 17:43:23,276] {logging_mixin.py:109} INFO - [2022-03-18 17:43:23,276] {dagbag.py:500} INFO - Filling up the DagBag from /Users/louisekirkham/Documents/linkedin_learning/Ex_Files_Data_Engineering_Foundations/airflow_env/lib/python3.9/site-packages/airflow/example_dags/example_dag_decorator.py
[2022-03-18 17:43:23,316] {processor.py:654} INFO - DAG(s) dict_keys(['example_dag_decorator']) retrieved from /Users/louisekirkham/Documents/linkedin_learning/Ex_Files_Data_Engineering_Foundations/airflow_env/lib/python3.9/site-packages/airflow/example_dags/example_dag_decorator.py
[2022-03-18 17:43:23,487] {logging_mixin.py:109} INFO - [2022-03-18 17:43:23,486] {dag.py:2398} INFO - Sync 1 DAGs
[2022-03-18 17:43:23,495] {logging_mixin.py:109} INFO - [2022-03-18 17:43:23,494] {dag.py:2937} INFO - Setting next_dagrun for example_dag_decorator to None
[2022-03-18 17:43:23,502] {processor.py:171} INFO - Processing /Users/louisekirkham/Documents/linkedin_learning/Ex_Files_Data_Engineering_Foundations/airflow_env/lib/python3.9/site-packages/airflow/example_dags/example_dag_decorator.py took 0.228 seconds
[2022-03-18 17:44:44,648] {processor.py:163} INFO - Started process (PID=49011) to work on /Users/louisekirkham/Documents/linkedin_learning/Ex_Files_Data_Engineering_Foundations/airflow_env/lib/python3.9/site-packages/airflow/example_dags/example_dag_decorator.py
[2022-03-18 17:44:44,648] {processor.py:642} INFO - Processing file /Users/louisekirkham/Documents/linkedin_learning/Ex_Files_Data_Engineering_Foundations/airflow_env/lib/python3.9/site-packages/airflow/example_dags/example_dag_decorator.py for tasks to queue
[2022-03-18 17:44:44,649] {logging_mixin.py:109} INFO - [2022-03-18 17:44:44,649] {dagbag.py:500} INFO - Filling up the DagBag from /Users/louisekirkham/Documents/linkedin_learning/Ex_Files_Data_Engineering_Foundations/airflow_env/lib/python3.9/site-packages/airflow/example_dags/example_dag_decorator.py
[2022-03-18 17:44:44,718] {processor.py:654} INFO - DAG(s) dict_keys(['example_dag_decorator']) retrieved from /Users/louisekirkham/Documents/linkedin_learning/Ex_Files_Data_Engineering_Foundations/airflow_env/lib/python3.9/site-packages/airflow/example_dags/example_dag_decorator.py
[2022-03-18 17:44:45,003] {logging_mixin.py:109} INFO - [2022-03-18 17:44:45,003] {dag.py:2398} INFO - Sync 1 DAGs
[2022-03-18 17:44:45,016] {logging_mixin.py:109} INFO - [2022-03-18 17:44:45,016] {dag.py:2937} INFO - Setting next_dagrun for example_dag_decorator to None
[2022-03-18 17:44:45,041] {processor.py:171} INFO - Processing /Users/louisekirkham/Documents/linkedin_learning/Ex_Files_Data_Engineering_Foundations/airflow_env/lib/python3.9/site-packages/airflow/example_dags/example_dag_decorator.py took 0.394 seconds
[2022-03-18 17:46:09,825] {processor.py:163} INFO - Started process (PID=49083) to work on /Users/louisekirkham/Documents/linkedin_learning/Ex_Files_Data_Engineering_Foundations/airflow_env/lib/python3.9/site-packages/airflow/example_dags/example_dag_decorator.py
[2022-03-18 17:46:09,825] {processor.py:642} INFO - Processing file /Users/louisekirkham/Documents/linkedin_learning/Ex_Files_Data_Engineering_Foundations/airflow_env/lib/python3.9/site-packages/airflow/example_dags/example_dag_decorator.py for tasks to queue
[2022-03-18 17:46:09,825] {logging_mixin.py:109} INFO - [2022-03-18 17:46:09,825] {dagbag.py:500} INFO - Filling up the DagBag from /Users/louisekirkham/Documents/linkedin_learning/Ex_Files_Data_Engineering_Foundations/airflow_env/lib/python3.9/site-packages/airflow/example_dags/example_dag_decorator.py
[2022-03-18 17:46:09,864] {processor.py:654} INFO - DAG(s) dict_keys(['example_dag_decorator']) retrieved from /Users/louisekirkham/Documents/linkedin_learning/Ex_Files_Data_Engineering_Foundations/airflow_env/lib/python3.9/site-packages/airflow/example_dags/example_dag_decorator.py
[2022-03-18 17:46:10,029] {logging_mixin.py:109} INFO - [2022-03-18 17:46:10,029] {dag.py:2398} INFO - Sync 1 DAGs
[2022-03-18 17:46:10,037] {logging_mixin.py:109} INFO - [2022-03-18 17:46:10,037] {dag.py:2937} INFO - Setting next_dagrun for example_dag_decorator to None
[2022-03-18 17:46:10,044] {processor.py:171} INFO - Processing /Users/louisekirkham/Documents/linkedin_learning/Ex_Files_Data_Engineering_Foundations/airflow_env/lib/python3.9/site-packages/airflow/example_dags/example_dag_decorator.py took 0.220 seconds
[2022-03-18 17:47:33,118] {processor.py:163} INFO - Started process (PID=49144) to work on /Users/louisekirkham/Documents/linkedin_learning/Ex_Files_Data_Engineering_Foundations/airflow_env/lib/python3.9/site-packages/airflow/example_dags/example_dag_decorator.py
[2022-03-18 17:47:33,118] {processor.py:642} INFO - Processing file /Users/louisekirkham/Documents/linkedin_learning/Ex_Files_Data_Engineering_Foundations/airflow_env/lib/python3.9/site-packages/airflow/example_dags/example_dag_decorator.py for tasks to queue
[2022-03-18 17:47:33,118] {logging_mixin.py:109} INFO - [2022-03-18 17:47:33,118] {dagbag.py:500} INFO - Filling up the DagBag from /Users/louisekirkham/Documents/linkedin_learning/Ex_Files_Data_Engineering_Foundations/airflow_env/lib/python3.9/site-packages/airflow/example_dags/example_dag_decorator.py
[2022-03-18 17:47:33,160] {processor.py:654} INFO - DAG(s) dict_keys(['example_dag_decorator']) retrieved from /Users/louisekirkham/Documents/linkedin_learning/Ex_Files_Data_Engineering_Foundations/airflow_env/lib/python3.9/site-packages/airflow/example_dags/example_dag_decorator.py
[2022-03-18 17:47:33,349] {logging_mixin.py:109} INFO - [2022-03-18 17:47:33,349] {dag.py:2398} INFO - Sync 1 DAGs
[2022-03-18 17:47:33,359] {logging_mixin.py:109} INFO - [2022-03-18 17:47:33,359] {dag.py:2937} INFO - Setting next_dagrun for example_dag_decorator to None
[2022-03-18 17:47:33,368] {processor.py:171} INFO - Processing /Users/louisekirkham/Documents/linkedin_learning/Ex_Files_Data_Engineering_Foundations/airflow_env/lib/python3.9/site-packages/airflow/example_dags/example_dag_decorator.py took 0.251 seconds
[2022-03-18 17:48:58,958] {processor.py:163} INFO - Started process (PID=50903) to work on /Users/louisekirkham/Documents/linkedin_learning/Ex_Files_Data_Engineering_Foundations/airflow_env/lib/python3.9/site-packages/airflow/example_dags/example_dag_decorator.py
[2022-03-18 17:48:58,959] {processor.py:642} INFO - Processing file /Users/louisekirkham/Documents/linkedin_learning/Ex_Files_Data_Engineering_Foundations/airflow_env/lib/python3.9/site-packages/airflow/example_dags/example_dag_decorator.py for tasks to queue
[2022-03-18 17:48:58,960] {logging_mixin.py:109} INFO - [2022-03-18 17:48:58,960] {dagbag.py:500} INFO - Filling up the DagBag from /Users/louisekirkham/Documents/linkedin_learning/Ex_Files_Data_Engineering_Foundations/airflow_env/lib/python3.9/site-packages/airflow/example_dags/example_dag_decorator.py
[2022-03-18 17:48:59,015] {processor.py:654} INFO - DAG(s) dict_keys(['example_dag_decorator']) retrieved from /Users/louisekirkham/Documents/linkedin_learning/Ex_Files_Data_Engineering_Foundations/airflow_env/lib/python3.9/site-packages/airflow/example_dags/example_dag_decorator.py
[2022-03-18 17:48:59,182] {logging_mixin.py:109} INFO - [2022-03-18 17:48:59,182] {dag.py:2398} INFO - Sync 1 DAGs
[2022-03-18 17:48:59,192] {logging_mixin.py:109} INFO - [2022-03-18 17:48:59,192] {dag.py:2937} INFO - Setting next_dagrun for example_dag_decorator to None
[2022-03-18 17:48:59,199] {processor.py:171} INFO - Processing /Users/louisekirkham/Documents/linkedin_learning/Ex_Files_Data_Engineering_Foundations/airflow_env/lib/python3.9/site-packages/airflow/example_dags/example_dag_decorator.py took 0.242 seconds
[2022-03-18 17:50:21,638] {processor.py:163} INFO - Started process (PID=50969) to work on /Users/louisekirkham/Documents/linkedin_learning/Ex_Files_Data_Engineering_Foundations/airflow_env/lib/python3.9/site-packages/airflow/example_dags/example_dag_decorator.py
[2022-03-18 17:50:21,640] {processor.py:642} INFO - Processing file /Users/louisekirkham/Documents/linkedin_learning/Ex_Files_Data_Engineering_Foundations/airflow_env/lib/python3.9/site-packages/airflow/example_dags/example_dag_decorator.py for tasks to queue
[2022-03-18 17:50:21,641] {logging_mixin.py:109} INFO - [2022-03-18 17:50:21,641] {dagbag.py:500} INFO - Filling up the DagBag from /Users/louisekirkham/Documents/linkedin_learning/Ex_Files_Data_Engineering_Foundations/airflow_env/lib/python3.9/site-packages/airflow/example_dags/example_dag_decorator.py
[2022-03-18 17:50:21,679] {processor.py:654} INFO - DAG(s) dict_keys(['example_dag_decorator']) retrieved from /Users/louisekirkham/Documents/linkedin_learning/Ex_Files_Data_Engineering_Foundations/airflow_env/lib/python3.9/site-packages/airflow/example_dags/example_dag_decorator.py
[2022-03-18 17:50:21,848] {logging_mixin.py:109} INFO - [2022-03-18 17:50:21,848] {dag.py:2398} INFO - Sync 1 DAGs
[2022-03-18 17:50:21,858] {logging_mixin.py:109} INFO - [2022-03-18 17:50:21,858] {dag.py:2937} INFO - Setting next_dagrun for example_dag_decorator to None
[2022-03-18 17:50:21,866] {processor.py:171} INFO - Processing /Users/louisekirkham/Documents/linkedin_learning/Ex_Files_Data_Engineering_Foundations/airflow_env/lib/python3.9/site-packages/airflow/example_dags/example_dag_decorator.py took 0.228 seconds
[2022-03-18 17:51:47,062] {processor.py:163} INFO - Started process (PID=51053) to work on /Users/louisekirkham/Documents/linkedin_learning/Ex_Files_Data_Engineering_Foundations/airflow_env/lib/python3.9/site-packages/airflow/example_dags/example_dag_decorator.py
[2022-03-18 17:51:47,062] {processor.py:642} INFO - Processing file /Users/louisekirkham/Documents/linkedin_learning/Ex_Files_Data_Engineering_Foundations/airflow_env/lib/python3.9/site-packages/airflow/example_dags/example_dag_decorator.py for tasks to queue
[2022-03-18 17:51:47,063] {logging_mixin.py:109} INFO - [2022-03-18 17:51:47,063] {dagbag.py:500} INFO - Filling up the DagBag from /Users/louisekirkham/Documents/linkedin_learning/Ex_Files_Data_Engineering_Foundations/airflow_env/lib/python3.9/site-packages/airflow/example_dags/example_dag_decorator.py
[2022-03-18 17:51:47,105] {processor.py:654} INFO - DAG(s) dict_keys(['example_dag_decorator']) retrieved from /Users/louisekirkham/Documents/linkedin_learning/Ex_Files_Data_Engineering_Foundations/airflow_env/lib/python3.9/site-packages/airflow/example_dags/example_dag_decorator.py
[2022-03-18 17:51:47,286] {logging_mixin.py:109} INFO - [2022-03-18 17:51:47,285] {dag.py:2398} INFO - Sync 1 DAGs
[2022-03-18 17:51:47,294] {logging_mixin.py:109} INFO - [2022-03-18 17:51:47,294] {dag.py:2937} INFO - Setting next_dagrun for example_dag_decorator to None
[2022-03-18 17:51:47,301] {processor.py:171} INFO - Processing /Users/louisekirkham/Documents/linkedin_learning/Ex_Files_Data_Engineering_Foundations/airflow_env/lib/python3.9/site-packages/airflow/example_dags/example_dag_decorator.py took 0.240 seconds
[2022-03-18 17:53:11,060] {processor.py:163} INFO - Started process (PID=51120) to work on /Users/louisekirkham/Documents/linkedin_learning/Ex_Files_Data_Engineering_Foundations/airflow_env/lib/python3.9/site-packages/airflow/example_dags/example_dag_decorator.py
[2022-03-18 17:53:11,060] {processor.py:642} INFO - Processing file /Users/louisekirkham/Documents/linkedin_learning/Ex_Files_Data_Engineering_Foundations/airflow_env/lib/python3.9/site-packages/airflow/example_dags/example_dag_decorator.py for tasks to queue
[2022-03-18 17:53:11,060] {logging_mixin.py:109} INFO - [2022-03-18 17:53:11,060] {dagbag.py:500} INFO - Filling up the DagBag from /Users/louisekirkham/Documents/linkedin_learning/Ex_Files_Data_Engineering_Foundations/airflow_env/lib/python3.9/site-packages/airflow/example_dags/example_dag_decorator.py
[2022-03-18 17:53:11,098] {processor.py:654} INFO - DAG(s) dict_keys(['example_dag_decorator']) retrieved from /Users/louisekirkham/Documents/linkedin_learning/Ex_Files_Data_Engineering_Foundations/airflow_env/lib/python3.9/site-packages/airflow/example_dags/example_dag_decorator.py
[2022-03-18 17:53:11,266] {logging_mixin.py:109} INFO - [2022-03-18 17:53:11,266] {dag.py:2398} INFO - Sync 1 DAGs
[2022-03-18 17:53:11,274] {logging_mixin.py:109} INFO - [2022-03-18 17:53:11,274] {dag.py:2937} INFO - Setting next_dagrun for example_dag_decorator to None
[2022-03-18 17:53:11,281] {processor.py:171} INFO - Processing /Users/louisekirkham/Documents/linkedin_learning/Ex_Files_Data_Engineering_Foundations/airflow_env/lib/python3.9/site-packages/airflow/example_dags/example_dag_decorator.py took 0.222 seconds
[2022-03-18 17:54:32,805] {processor.py:163} INFO - Started process (PID=51182) to work on /Users/louisekirkham/Documents/linkedin_learning/Ex_Files_Data_Engineering_Foundations/airflow_env/lib/python3.9/site-packages/airflow/example_dags/example_dag_decorator.py
[2022-03-18 17:54:32,806] {processor.py:642} INFO - Processing file /Users/louisekirkham/Documents/linkedin_learning/Ex_Files_Data_Engineering_Foundations/airflow_env/lib/python3.9/site-packages/airflow/example_dags/example_dag_decorator.py for tasks to queue
[2022-03-18 17:54:32,806] {logging_mixin.py:109} INFO - [2022-03-18 17:54:32,806] {dagbag.py:500} INFO - Filling up the DagBag from /Users/louisekirkham/Documents/linkedin_learning/Ex_Files_Data_Engineering_Foundations/airflow_env/lib/python3.9/site-packages/airflow/example_dags/example_dag_decorator.py
[2022-03-18 17:54:32,843] {processor.py:654} INFO - DAG(s) dict_keys(['example_dag_decorator']) retrieved from /Users/louisekirkham/Documents/linkedin_learning/Ex_Files_Data_Engineering_Foundations/airflow_env/lib/python3.9/site-packages/airflow/example_dags/example_dag_decorator.py
[2022-03-18 17:54:33,005] {logging_mixin.py:109} INFO - [2022-03-18 17:54:33,005] {dag.py:2398} INFO - Sync 1 DAGs
[2022-03-18 17:54:33,014] {logging_mixin.py:109} INFO - [2022-03-18 17:54:33,014] {dag.py:2937} INFO - Setting next_dagrun for example_dag_decorator to None
[2022-03-18 17:54:33,022] {processor.py:171} INFO - Processing /Users/louisekirkham/Documents/linkedin_learning/Ex_Files_Data_Engineering_Foundations/airflow_env/lib/python3.9/site-packages/airflow/example_dags/example_dag_decorator.py took 0.217 seconds
[2022-03-18 17:55:56,586] {processor.py:163} INFO - Started process (PID=51252) to work on /Users/louisekirkham/Documents/linkedin_learning/Ex_Files_Data_Engineering_Foundations/airflow_env/lib/python3.9/site-packages/airflow/example_dags/example_dag_decorator.py
[2022-03-18 17:55:56,587] {processor.py:642} INFO - Processing file /Users/louisekirkham/Documents/linkedin_learning/Ex_Files_Data_Engineering_Foundations/airflow_env/lib/python3.9/site-packages/airflow/example_dags/example_dag_decorator.py for tasks to queue
[2022-03-18 17:55:56,587] {logging_mixin.py:109} INFO - [2022-03-18 17:55:56,587] {dagbag.py:500} INFO - Filling up the DagBag from /Users/louisekirkham/Documents/linkedin_learning/Ex_Files_Data_Engineering_Foundations/airflow_env/lib/python3.9/site-packages/airflow/example_dags/example_dag_decorator.py
[2022-03-18 17:55:56,629] {processor.py:654} INFO - DAG(s) dict_keys(['example_dag_decorator']) retrieved from /Users/louisekirkham/Documents/linkedin_learning/Ex_Files_Data_Engineering_Foundations/airflow_env/lib/python3.9/site-packages/airflow/example_dags/example_dag_decorator.py
[2022-03-18 17:55:56,827] {logging_mixin.py:109} INFO - [2022-03-18 17:55:56,827] {dag.py:2398} INFO - Sync 1 DAGs
[2022-03-18 17:55:56,836] {logging_mixin.py:109} INFO - [2022-03-18 17:55:56,836] {dag.py:2937} INFO - Setting next_dagrun for example_dag_decorator to None
[2022-03-18 17:55:56,845] {processor.py:171} INFO - Processing /Users/louisekirkham/Documents/linkedin_learning/Ex_Files_Data_Engineering_Foundations/airflow_env/lib/python3.9/site-packages/airflow/example_dags/example_dag_decorator.py took 0.260 seconds
[2022-03-18 17:57:21,579] {processor.py:163} INFO - Started process (PID=51313) to work on /Users/louisekirkham/Documents/linkedin_learning/Ex_Files_Data_Engineering_Foundations/airflow_env/lib/python3.9/site-packages/airflow/example_dags/example_dag_decorator.py
[2022-03-18 17:57:21,579] {processor.py:642} INFO - Processing file /Users/louisekirkham/Documents/linkedin_learning/Ex_Files_Data_Engineering_Foundations/airflow_env/lib/python3.9/site-packages/airflow/example_dags/example_dag_decorator.py for tasks to queue
[2022-03-18 17:57:21,580] {logging_mixin.py:109} INFO - [2022-03-18 17:57:21,580] {dagbag.py:500} INFO - Filling up the DagBag from /Users/louisekirkham/Documents/linkedin_learning/Ex_Files_Data_Engineering_Foundations/airflow_env/lib/python3.9/site-packages/airflow/example_dags/example_dag_decorator.py
[2022-03-18 17:57:21,623] {processor.py:654} INFO - DAG(s) dict_keys(['example_dag_decorator']) retrieved from /Users/louisekirkham/Documents/linkedin_learning/Ex_Files_Data_Engineering_Foundations/airflow_env/lib/python3.9/site-packages/airflow/example_dags/example_dag_decorator.py
[2022-03-18 17:57:21,803] {logging_mixin.py:109} INFO - [2022-03-18 17:57:21,803] {dag.py:2398} INFO - Sync 1 DAGs
[2022-03-18 17:57:21,810] {logging_mixin.py:109} INFO - [2022-03-18 17:57:21,810] {dag.py:2937} INFO - Setting next_dagrun for example_dag_decorator to None
[2022-03-18 17:57:21,817] {processor.py:171} INFO - Processing /Users/louisekirkham/Documents/linkedin_learning/Ex_Files_Data_Engineering_Foundations/airflow_env/lib/python3.9/site-packages/airflow/example_dags/example_dag_decorator.py took 0.238 seconds
[2022-03-18 17:58:55,699] {processor.py:163} INFO - Started process (PID=51482) to work on /Users/louisekirkham/Documents/linkedin_learning/Ex_Files_Data_Engineering_Foundations/airflow_env/lib/python3.9/site-packages/airflow/example_dags/example_dag_decorator.py
[2022-03-18 17:58:55,699] {processor.py:642} INFO - Processing file /Users/louisekirkham/Documents/linkedin_learning/Ex_Files_Data_Engineering_Foundations/airflow_env/lib/python3.9/site-packages/airflow/example_dags/example_dag_decorator.py for tasks to queue
[2022-03-18 17:58:55,700] {logging_mixin.py:109} INFO - [2022-03-18 17:58:55,700] {dagbag.py:500} INFO - Filling up the DagBag from /Users/louisekirkham/Documents/linkedin_learning/Ex_Files_Data_Engineering_Foundations/airflow_env/lib/python3.9/site-packages/airflow/example_dags/example_dag_decorator.py
[2022-03-18 17:58:55,756] {processor.py:654} INFO - DAG(s) dict_keys(['example_dag_decorator']) retrieved from /Users/louisekirkham/Documents/linkedin_learning/Ex_Files_Data_Engineering_Foundations/airflow_env/lib/python3.9/site-packages/airflow/example_dags/example_dag_decorator.py
[2022-03-18 17:58:56,043] {logging_mixin.py:109} INFO - [2022-03-18 17:58:56,042] {dag.py:2398} INFO - Sync 1 DAGs
[2022-03-18 17:58:56,053] {logging_mixin.py:109} INFO - [2022-03-18 17:58:56,053] {dag.py:2937} INFO - Setting next_dagrun for example_dag_decorator to None
[2022-03-18 17:58:56,062] {processor.py:171} INFO - Processing /Users/louisekirkham/Documents/linkedin_learning/Ex_Files_Data_Engineering_Foundations/airflow_env/lib/python3.9/site-packages/airflow/example_dags/example_dag_decorator.py took 0.363 seconds
