[2022-03-18 10:37:37,827] {processor.py:163} INFO - Started process (PID=46434) to work on /Users/louisekirkham/Documents/linkedin_learning/Ex_Files_Data_Engineering_Foundations/airflow_env/lib/python3.9/site-packages/airflow/example_dags/example_branch_datetime_operator.py
[2022-03-18 10:37:37,827] {processor.py:642} INFO - Processing file /Users/louisekirkham/Documents/linkedin_learning/Ex_Files_Data_Engineering_Foundations/airflow_env/lib/python3.9/site-packages/airflow/example_dags/example_branch_datetime_operator.py for tasks to queue
[2022-03-18 10:37:37,828] {logging_mixin.py:109} INFO - [2022-03-18 10:37:37,828] {dagbag.py:500} INFO - Filling up the DagBag from /Users/louisekirkham/Documents/linkedin_learning/Ex_Files_Data_Engineering_Foundations/airflow_env/lib/python3.9/site-packages/airflow/example_dags/example_branch_datetime_operator.py
[2022-03-18 10:37:37,859] {processor.py:654} INFO - DAG(s) dict_keys(['example_branch_datetime_operator_2']) retrieved from /Users/louisekirkham/Documents/linkedin_learning/Ex_Files_Data_Engineering_Foundations/airflow_env/lib/python3.9/site-packages/airflow/example_dags/example_branch_datetime_operator.py
[2022-03-18 10:37:37,875] {logging_mixin.py:109} INFO - [2022-03-18 10:37:37,874] {dag.py:2398} INFO - Sync 1 DAGs
[2022-03-18 10:37:37,884] {logging_mixin.py:109} INFO - [2022-03-18 10:37:37,884] {dag.py:2937} INFO - Setting next_dagrun for example_branch_datetime_operator_2 to 2022-03-17 00:00:00+00:00
[2022-03-18 10:37:37,891] {processor.py:171} INFO - Processing /Users/louisekirkham/Documents/linkedin_learning/Ex_Files_Data_Engineering_Foundations/airflow_env/lib/python3.9/site-packages/airflow/example_dags/example_branch_datetime_operator.py took 0.064 seconds
[2022-03-18 10:39:04,784] {processor.py:163} INFO - Started process (PID=46502) to work on /Users/louisekirkham/Documents/linkedin_learning/Ex_Files_Data_Engineering_Foundations/airflow_env/lib/python3.9/site-packages/airflow/example_dags/example_branch_datetime_operator.py
[2022-03-18 10:39:04,784] {processor.py:642} INFO - Processing file /Users/louisekirkham/Documents/linkedin_learning/Ex_Files_Data_Engineering_Foundations/airflow_env/lib/python3.9/site-packages/airflow/example_dags/example_branch_datetime_operator.py for tasks to queue
[2022-03-18 10:39:04,784] {logging_mixin.py:109} INFO - [2022-03-18 10:39:04,784] {dagbag.py:500} INFO - Filling up the DagBag from /Users/louisekirkham/Documents/linkedin_learning/Ex_Files_Data_Engineering_Foundations/airflow_env/lib/python3.9/site-packages/airflow/example_dags/example_branch_datetime_operator.py
[2022-03-18 10:39:04,817] {processor.py:654} INFO - DAG(s) dict_keys(['example_branch_datetime_operator_2']) retrieved from /Users/louisekirkham/Documents/linkedin_learning/Ex_Files_Data_Engineering_Foundations/airflow_env/lib/python3.9/site-packages/airflow/example_dags/example_branch_datetime_operator.py
[2022-03-18 10:39:04,834] {logging_mixin.py:109} INFO - [2022-03-18 10:39:04,834] {dag.py:2398} INFO - Sync 1 DAGs
[2022-03-18 10:39:04,845] {logging_mixin.py:109} INFO - [2022-03-18 10:39:04,845] {dag.py:2937} INFO - Setting next_dagrun for example_branch_datetime_operator_2 to 2022-03-17 00:00:00+00:00
[2022-03-18 10:39:04,854] {processor.py:171} INFO - Processing /Users/louisekirkham/Documents/linkedin_learning/Ex_Files_Data_Engineering_Foundations/airflow_env/lib/python3.9/site-packages/airflow/example_dags/example_branch_datetime_operator.py took 0.072 seconds
[2022-03-18 17:05:52,905] {processor.py:163} INFO - Started process (PID=46698) to work on /Users/louisekirkham/Documents/linkedin_learning/Ex_Files_Data_Engineering_Foundations/airflow_env/lib/python3.9/site-packages/airflow/example_dags/example_branch_datetime_operator.py
[2022-03-18 17:05:52,907] {processor.py:642} INFO - Processing file /Users/louisekirkham/Documents/linkedin_learning/Ex_Files_Data_Engineering_Foundations/airflow_env/lib/python3.9/site-packages/airflow/example_dags/example_branch_datetime_operator.py for tasks to queue
[2022-03-18 17:05:52,907] {logging_mixin.py:109} INFO - [2022-03-18 17:05:52,907] {dagbag.py:500} INFO - Filling up the DagBag from /Users/louisekirkham/Documents/linkedin_learning/Ex_Files_Data_Engineering_Foundations/airflow_env/lib/python3.9/site-packages/airflow/example_dags/example_branch_datetime_operator.py
[2022-03-18 17:05:52,937] {processor.py:654} INFO - DAG(s) dict_keys(['example_branch_datetime_operator_2']) retrieved from /Users/louisekirkham/Documents/linkedin_learning/Ex_Files_Data_Engineering_Foundations/airflow_env/lib/python3.9/site-packages/airflow/example_dags/example_branch_datetime_operator.py
[2022-03-18 17:05:52,950] {logging_mixin.py:109} INFO - [2022-03-18 17:05:52,950] {dag.py:2398} INFO - Sync 1 DAGs
[2022-03-18 17:05:52,958] {logging_mixin.py:109} INFO - [2022-03-18 17:05:52,958] {dag.py:2937} INFO - Setting next_dagrun for example_branch_datetime_operator_2 to 2022-03-17 00:00:00+00:00
[2022-03-18 17:05:52,966] {processor.py:171} INFO - Processing /Users/louisekirkham/Documents/linkedin_learning/Ex_Files_Data_Engineering_Foundations/airflow_env/lib/python3.9/site-packages/airflow/example_dags/example_branch_datetime_operator.py took 0.061 seconds
[2022-03-18 17:07:24,347] {processor.py:163} INFO - Started process (PID=46783) to work on /Users/louisekirkham/Documents/linkedin_learning/Ex_Files_Data_Engineering_Foundations/airflow_env/lib/python3.9/site-packages/airflow/example_dags/example_branch_datetime_operator.py
[2022-03-18 17:07:24,347] {processor.py:642} INFO - Processing file /Users/louisekirkham/Documents/linkedin_learning/Ex_Files_Data_Engineering_Foundations/airflow_env/lib/python3.9/site-packages/airflow/example_dags/example_branch_datetime_operator.py for tasks to queue
[2022-03-18 17:07:24,348] {logging_mixin.py:109} INFO - [2022-03-18 17:07:24,348] {dagbag.py:500} INFO - Filling up the DagBag from /Users/louisekirkham/Documents/linkedin_learning/Ex_Files_Data_Engineering_Foundations/airflow_env/lib/python3.9/site-packages/airflow/example_dags/example_branch_datetime_operator.py
[2022-03-18 17:07:24,377] {processor.py:654} INFO - DAG(s) dict_keys(['example_branch_datetime_operator_2']) retrieved from /Users/louisekirkham/Documents/linkedin_learning/Ex_Files_Data_Engineering_Foundations/airflow_env/lib/python3.9/site-packages/airflow/example_dags/example_branch_datetime_operator.py
[2022-03-18 17:07:24,391] {logging_mixin.py:109} INFO - [2022-03-18 17:07:24,391] {dag.py:2398} INFO - Sync 1 DAGs
[2022-03-18 17:07:24,399] {logging_mixin.py:109} INFO - [2022-03-18 17:07:24,399] {dag.py:2937} INFO - Setting next_dagrun for example_branch_datetime_operator_2 to 2022-03-17 00:00:00+00:00
[2022-03-18 17:07:24,405] {processor.py:171} INFO - Processing /Users/louisekirkham/Documents/linkedin_learning/Ex_Files_Data_Engineering_Foundations/airflow_env/lib/python3.9/site-packages/airflow/example_dags/example_branch_datetime_operator.py took 0.058 seconds
[2022-03-18 17:08:53,237] {processor.py:163} INFO - Started process (PID=46860) to work on /Users/louisekirkham/Documents/linkedin_learning/Ex_Files_Data_Engineering_Foundations/airflow_env/lib/python3.9/site-packages/airflow/example_dags/example_branch_datetime_operator.py
[2022-03-18 17:08:53,238] {processor.py:642} INFO - Processing file /Users/louisekirkham/Documents/linkedin_learning/Ex_Files_Data_Engineering_Foundations/airflow_env/lib/python3.9/site-packages/airflow/example_dags/example_branch_datetime_operator.py for tasks to queue
[2022-03-18 17:08:53,238] {logging_mixin.py:109} INFO - [2022-03-18 17:08:53,238] {dagbag.py:500} INFO - Filling up the DagBag from /Users/louisekirkham/Documents/linkedin_learning/Ex_Files_Data_Engineering_Foundations/airflow_env/lib/python3.9/site-packages/airflow/example_dags/example_branch_datetime_operator.py
[2022-03-18 17:08:53,267] {processor.py:654} INFO - DAG(s) dict_keys(['example_branch_datetime_operator_2']) retrieved from /Users/louisekirkham/Documents/linkedin_learning/Ex_Files_Data_Engineering_Foundations/airflow_env/lib/python3.9/site-packages/airflow/example_dags/example_branch_datetime_operator.py
[2022-03-18 17:08:53,282] {logging_mixin.py:109} INFO - [2022-03-18 17:08:53,282] {dag.py:2398} INFO - Sync 1 DAGs
[2022-03-18 17:08:53,290] {logging_mixin.py:109} INFO - [2022-03-18 17:08:53,290] {dag.py:2937} INFO - Setting next_dagrun for example_branch_datetime_operator_2 to 2022-03-17 00:00:00+00:00
[2022-03-18 17:08:53,297] {processor.py:171} INFO - Processing /Users/louisekirkham/Documents/linkedin_learning/Ex_Files_Data_Engineering_Foundations/airflow_env/lib/python3.9/site-packages/airflow/example_dags/example_branch_datetime_operator.py took 0.061 seconds
[2022-03-18 17:10:17,096] {processor.py:163} INFO - Started process (PID=46926) to work on /Users/louisekirkham/Documents/linkedin_learning/Ex_Files_Data_Engineering_Foundations/airflow_env/lib/python3.9/site-packages/airflow/example_dags/example_branch_datetime_operator.py
[2022-03-18 17:10:17,097] {processor.py:642} INFO - Processing file /Users/louisekirkham/Documents/linkedin_learning/Ex_Files_Data_Engineering_Foundations/airflow_env/lib/python3.9/site-packages/airflow/example_dags/example_branch_datetime_operator.py for tasks to queue
[2022-03-18 17:10:17,098] {logging_mixin.py:109} INFO - [2022-03-18 17:10:17,098] {dagbag.py:500} INFO - Filling up the DagBag from /Users/louisekirkham/Documents/linkedin_learning/Ex_Files_Data_Engineering_Foundations/airflow_env/lib/python3.9/site-packages/airflow/example_dags/example_branch_datetime_operator.py
[2022-03-18 17:10:17,130] {processor.py:654} INFO - DAG(s) dict_keys(['example_branch_datetime_operator_2']) retrieved from /Users/louisekirkham/Documents/linkedin_learning/Ex_Files_Data_Engineering_Foundations/airflow_env/lib/python3.9/site-packages/airflow/example_dags/example_branch_datetime_operator.py
[2022-03-18 17:10:17,145] {logging_mixin.py:109} INFO - [2022-03-18 17:10:17,145] {dag.py:2398} INFO - Sync 1 DAGs
[2022-03-18 17:10:17,154] {logging_mixin.py:109} INFO - [2022-03-18 17:10:17,154] {dag.py:2937} INFO - Setting next_dagrun for example_branch_datetime_operator_2 to 2022-03-17 00:00:00+00:00
[2022-03-18 17:10:17,160] {processor.py:171} INFO - Processing /Users/louisekirkham/Documents/linkedin_learning/Ex_Files_Data_Engineering_Foundations/airflow_env/lib/python3.9/site-packages/airflow/example_dags/example_branch_datetime_operator.py took 0.064 seconds
[2022-03-18 17:11:55,228] {processor.py:163} INFO - Started process (PID=47005) to work on /Users/louisekirkham/Documents/linkedin_learning/Ex_Files_Data_Engineering_Foundations/airflow_env/lib/python3.9/site-packages/airflow/example_dags/example_branch_datetime_operator.py
[2022-03-18 17:11:55,229] {processor.py:642} INFO - Processing file /Users/louisekirkham/Documents/linkedin_learning/Ex_Files_Data_Engineering_Foundations/airflow_env/lib/python3.9/site-packages/airflow/example_dags/example_branch_datetime_operator.py for tasks to queue
[2022-03-18 17:11:55,230] {logging_mixin.py:109} INFO - [2022-03-18 17:11:55,230] {dagbag.py:500} INFO - Filling up the DagBag from /Users/louisekirkham/Documents/linkedin_learning/Ex_Files_Data_Engineering_Foundations/airflow_env/lib/python3.9/site-packages/airflow/example_dags/example_branch_datetime_operator.py
[2022-03-18 17:11:55,263] {processor.py:654} INFO - DAG(s) dict_keys(['example_branch_datetime_operator_2']) retrieved from /Users/louisekirkham/Documents/linkedin_learning/Ex_Files_Data_Engineering_Foundations/airflow_env/lib/python3.9/site-packages/airflow/example_dags/example_branch_datetime_operator.py
[2022-03-18 17:11:55,280] {logging_mixin.py:109} INFO - [2022-03-18 17:11:55,280] {dag.py:2398} INFO - Sync 1 DAGs
[2022-03-18 17:11:55,291] {logging_mixin.py:109} INFO - [2022-03-18 17:11:55,291] {dag.py:2937} INFO - Setting next_dagrun for example_branch_datetime_operator_2 to 2022-03-17 00:00:00+00:00
[2022-03-18 17:11:55,300] {processor.py:171} INFO - Processing /Users/louisekirkham/Documents/linkedin_learning/Ex_Files_Data_Engineering_Foundations/airflow_env/lib/python3.9/site-packages/airflow/example_dags/example_branch_datetime_operator.py took 0.072 seconds
[2022-03-18 17:13:20,066] {processor.py:163} INFO - Started process (PID=47074) to work on /Users/louisekirkham/Documents/linkedin_learning/Ex_Files_Data_Engineering_Foundations/airflow_env/lib/python3.9/site-packages/airflow/example_dags/example_branch_datetime_operator.py
[2022-03-18 17:13:20,067] {processor.py:642} INFO - Processing file /Users/louisekirkham/Documents/linkedin_learning/Ex_Files_Data_Engineering_Foundations/airflow_env/lib/python3.9/site-packages/airflow/example_dags/example_branch_datetime_operator.py for tasks to queue
[2022-03-18 17:13:20,067] {logging_mixin.py:109} INFO - [2022-03-18 17:13:20,067] {dagbag.py:500} INFO - Filling up the DagBag from /Users/louisekirkham/Documents/linkedin_learning/Ex_Files_Data_Engineering_Foundations/airflow_env/lib/python3.9/site-packages/airflow/example_dags/example_branch_datetime_operator.py
[2022-03-18 17:13:20,097] {processor.py:654} INFO - DAG(s) dict_keys(['example_branch_datetime_operator_2']) retrieved from /Users/louisekirkham/Documents/linkedin_learning/Ex_Files_Data_Engineering_Foundations/airflow_env/lib/python3.9/site-packages/airflow/example_dags/example_branch_datetime_operator.py
[2022-03-18 17:13:20,111] {logging_mixin.py:109} INFO - [2022-03-18 17:13:20,111] {dag.py:2398} INFO - Sync 1 DAGs
[2022-03-18 17:13:20,119] {logging_mixin.py:109} INFO - [2022-03-18 17:13:20,118] {dag.py:2937} INFO - Setting next_dagrun for example_branch_datetime_operator_2 to 2022-03-17 00:00:00+00:00
[2022-03-18 17:13:20,126] {processor.py:171} INFO - Processing /Users/louisekirkham/Documents/linkedin_learning/Ex_Files_Data_Engineering_Foundations/airflow_env/lib/python3.9/site-packages/airflow/example_dags/example_branch_datetime_operator.py took 0.061 seconds
[2022-03-18 17:14:44,746] {processor.py:163} INFO - Started process (PID=47134) to work on /Users/louisekirkham/Documents/linkedin_learning/Ex_Files_Data_Engineering_Foundations/airflow_env/lib/python3.9/site-packages/airflow/example_dags/example_branch_datetime_operator.py
[2022-03-18 17:14:44,747] {processor.py:642} INFO - Processing file /Users/louisekirkham/Documents/linkedin_learning/Ex_Files_Data_Engineering_Foundations/airflow_env/lib/python3.9/site-packages/airflow/example_dags/example_branch_datetime_operator.py for tasks to queue
[2022-03-18 17:14:44,747] {logging_mixin.py:109} INFO - [2022-03-18 17:14:44,747] {dagbag.py:500} INFO - Filling up the DagBag from /Users/louisekirkham/Documents/linkedin_learning/Ex_Files_Data_Engineering_Foundations/airflow_env/lib/python3.9/site-packages/airflow/example_dags/example_branch_datetime_operator.py
[2022-03-18 17:14:44,778] {processor.py:654} INFO - DAG(s) dict_keys(['example_branch_datetime_operator_2']) retrieved from /Users/louisekirkham/Documents/linkedin_learning/Ex_Files_Data_Engineering_Foundations/airflow_env/lib/python3.9/site-packages/airflow/example_dags/example_branch_datetime_operator.py
[2022-03-18 17:14:44,795] {logging_mixin.py:109} INFO - [2022-03-18 17:14:44,794] {dag.py:2398} INFO - Sync 1 DAGs
[2022-03-18 17:14:44,804] {logging_mixin.py:109} INFO - [2022-03-18 17:14:44,804] {dag.py:2937} INFO - Setting next_dagrun for example_branch_datetime_operator_2 to 2022-03-17 00:00:00+00:00
[2022-03-18 17:14:44,811] {processor.py:171} INFO - Processing /Users/louisekirkham/Documents/linkedin_learning/Ex_Files_Data_Engineering_Foundations/airflow_env/lib/python3.9/site-packages/airflow/example_dags/example_branch_datetime_operator.py took 0.066 seconds
[2022-03-18 17:16:09,899] {processor.py:163} INFO - Started process (PID=47201) to work on /Users/louisekirkham/Documents/linkedin_learning/Ex_Files_Data_Engineering_Foundations/airflow_env/lib/python3.9/site-packages/airflow/example_dags/example_branch_datetime_operator.py
[2022-03-18 17:16:09,901] {processor.py:642} INFO - Processing file /Users/louisekirkham/Documents/linkedin_learning/Ex_Files_Data_Engineering_Foundations/airflow_env/lib/python3.9/site-packages/airflow/example_dags/example_branch_datetime_operator.py for tasks to queue
[2022-03-18 17:16:09,901] {logging_mixin.py:109} INFO - [2022-03-18 17:16:09,901] {dagbag.py:500} INFO - Filling up the DagBag from /Users/louisekirkham/Documents/linkedin_learning/Ex_Files_Data_Engineering_Foundations/airflow_env/lib/python3.9/site-packages/airflow/example_dags/example_branch_datetime_operator.py
[2022-03-18 17:16:09,929] {processor.py:654} INFO - DAG(s) dict_keys(['example_branch_datetime_operator_2']) retrieved from /Users/louisekirkham/Documents/linkedin_learning/Ex_Files_Data_Engineering_Foundations/airflow_env/lib/python3.9/site-packages/airflow/example_dags/example_branch_datetime_operator.py
[2022-03-18 17:16:09,942] {logging_mixin.py:109} INFO - [2022-03-18 17:16:09,942] {dag.py:2398} INFO - Sync 1 DAGs
[2022-03-18 17:16:09,949] {logging_mixin.py:109} INFO - [2022-03-18 17:16:09,949] {dag.py:2937} INFO - Setting next_dagrun for example_branch_datetime_operator_2 to 2022-03-17 00:00:00+00:00
[2022-03-18 17:16:09,955] {processor.py:171} INFO - Processing /Users/louisekirkham/Documents/linkedin_learning/Ex_Files_Data_Engineering_Foundations/airflow_env/lib/python3.9/site-packages/airflow/example_dags/example_branch_datetime_operator.py took 0.057 seconds
[2022-03-18 17:17:34,809] {processor.py:163} INFO - Started process (PID=47275) to work on /Users/louisekirkham/Documents/linkedin_learning/Ex_Files_Data_Engineering_Foundations/airflow_env/lib/python3.9/site-packages/airflow/example_dags/example_branch_datetime_operator.py
[2022-03-18 17:17:34,810] {processor.py:642} INFO - Processing file /Users/louisekirkham/Documents/linkedin_learning/Ex_Files_Data_Engineering_Foundations/airflow_env/lib/python3.9/site-packages/airflow/example_dags/example_branch_datetime_operator.py for tasks to queue
[2022-03-18 17:17:34,810] {logging_mixin.py:109} INFO - [2022-03-18 17:17:34,810] {dagbag.py:500} INFO - Filling up the DagBag from /Users/louisekirkham/Documents/linkedin_learning/Ex_Files_Data_Engineering_Foundations/airflow_env/lib/python3.9/site-packages/airflow/example_dags/example_branch_datetime_operator.py
[2022-03-18 17:17:34,839] {processor.py:654} INFO - DAG(s) dict_keys(['example_branch_datetime_operator_2']) retrieved from /Users/louisekirkham/Documents/linkedin_learning/Ex_Files_Data_Engineering_Foundations/airflow_env/lib/python3.9/site-packages/airflow/example_dags/example_branch_datetime_operator.py
[2022-03-18 17:17:34,852] {logging_mixin.py:109} INFO - [2022-03-18 17:17:34,852] {dag.py:2398} INFO - Sync 1 DAGs
[2022-03-18 17:17:34,860] {logging_mixin.py:109} INFO - [2022-03-18 17:17:34,860] {dag.py:2937} INFO - Setting next_dagrun for example_branch_datetime_operator_2 to 2022-03-17 00:00:00+00:00
[2022-03-18 17:17:34,866] {processor.py:171} INFO - Processing /Users/louisekirkham/Documents/linkedin_learning/Ex_Files_Data_Engineering_Foundations/airflow_env/lib/python3.9/site-packages/airflow/example_dags/example_branch_datetime_operator.py took 0.058 seconds
[2022-03-18 17:18:59,170] {processor.py:163} INFO - Started process (PID=47339) to work on /Users/louisekirkham/Documents/linkedin_learning/Ex_Files_Data_Engineering_Foundations/airflow_env/lib/python3.9/site-packages/airflow/example_dags/example_branch_datetime_operator.py
[2022-03-18 17:18:59,171] {processor.py:642} INFO - Processing file /Users/louisekirkham/Documents/linkedin_learning/Ex_Files_Data_Engineering_Foundations/airflow_env/lib/python3.9/site-packages/airflow/example_dags/example_branch_datetime_operator.py for tasks to queue
[2022-03-18 17:18:59,171] {logging_mixin.py:109} INFO - [2022-03-18 17:18:59,171] {dagbag.py:500} INFO - Filling up the DagBag from /Users/louisekirkham/Documents/linkedin_learning/Ex_Files_Data_Engineering_Foundations/airflow_env/lib/python3.9/site-packages/airflow/example_dags/example_branch_datetime_operator.py
[2022-03-18 17:18:59,198] {processor.py:654} INFO - DAG(s) dict_keys(['example_branch_datetime_operator_2']) retrieved from /Users/louisekirkham/Documents/linkedin_learning/Ex_Files_Data_Engineering_Foundations/airflow_env/lib/python3.9/site-packages/airflow/example_dags/example_branch_datetime_operator.py
[2022-03-18 17:18:59,211] {logging_mixin.py:109} INFO - [2022-03-18 17:18:59,211] {dag.py:2398} INFO - Sync 1 DAGs
[2022-03-18 17:18:59,219] {logging_mixin.py:109} INFO - [2022-03-18 17:18:59,218] {dag.py:2937} INFO - Setting next_dagrun for example_branch_datetime_operator_2 to 2022-03-17 00:00:00+00:00
[2022-03-18 17:18:59,224] {processor.py:171} INFO - Processing /Users/louisekirkham/Documents/linkedin_learning/Ex_Files_Data_Engineering_Foundations/airflow_env/lib/python3.9/site-packages/airflow/example_dags/example_branch_datetime_operator.py took 0.055 seconds
[2022-03-18 17:24:39,805] {processor.py:163} INFO - Started process (PID=47563) to work on /Users/louisekirkham/Documents/linkedin_learning/Ex_Files_Data_Engineering_Foundations/airflow_env/lib/python3.9/site-packages/airflow/example_dags/example_branch_datetime_operator.py
[2022-03-18 17:24:39,806] {processor.py:642} INFO - Processing file /Users/louisekirkham/Documents/linkedin_learning/Ex_Files_Data_Engineering_Foundations/airflow_env/lib/python3.9/site-packages/airflow/example_dags/example_branch_datetime_operator.py for tasks to queue
[2022-03-18 17:24:39,807] {logging_mixin.py:109} INFO - [2022-03-18 17:24:39,807] {dagbag.py:500} INFO - Filling up the DagBag from /Users/louisekirkham/Documents/linkedin_learning/Ex_Files_Data_Engineering_Foundations/airflow_env/lib/python3.9/site-packages/airflow/example_dags/example_branch_datetime_operator.py
[2022-03-18 17:24:39,836] {processor.py:654} INFO - DAG(s) dict_keys(['example_branch_datetime_operator_2']) retrieved from /Users/louisekirkham/Documents/linkedin_learning/Ex_Files_Data_Engineering_Foundations/airflow_env/lib/python3.9/site-packages/airflow/example_dags/example_branch_datetime_operator.py
[2022-03-18 17:24:39,850] {logging_mixin.py:109} INFO - [2022-03-18 17:24:39,850] {dag.py:2398} INFO - Sync 1 DAGs
[2022-03-18 17:24:39,858] {logging_mixin.py:109} INFO - [2022-03-18 17:24:39,858] {dag.py:2937} INFO - Setting next_dagrun for example_branch_datetime_operator_2 to 2022-03-17 00:00:00+00:00
[2022-03-18 17:24:39,865] {processor.py:171} INFO - Processing /Users/louisekirkham/Documents/linkedin_learning/Ex_Files_Data_Engineering_Foundations/airflow_env/lib/python3.9/site-packages/airflow/example_dags/example_branch_datetime_operator.py took 0.061 seconds
[2022-03-18 17:26:15,348] {processor.py:163} INFO - Started process (PID=47648) to work on /Users/louisekirkham/Documents/linkedin_learning/Ex_Files_Data_Engineering_Foundations/airflow_env/lib/python3.9/site-packages/airflow/example_dags/example_branch_datetime_operator.py
[2022-03-18 17:26:15,348] {processor.py:642} INFO - Processing file /Users/louisekirkham/Documents/linkedin_learning/Ex_Files_Data_Engineering_Foundations/airflow_env/lib/python3.9/site-packages/airflow/example_dags/example_branch_datetime_operator.py for tasks to queue
[2022-03-18 17:26:15,349] {logging_mixin.py:109} INFO - [2022-03-18 17:26:15,349] {dagbag.py:500} INFO - Filling up the DagBag from /Users/louisekirkham/Documents/linkedin_learning/Ex_Files_Data_Engineering_Foundations/airflow_env/lib/python3.9/site-packages/airflow/example_dags/example_branch_datetime_operator.py
[2022-03-18 17:26:15,380] {processor.py:654} INFO - DAG(s) dict_keys(['example_branch_datetime_operator_2']) retrieved from /Users/louisekirkham/Documents/linkedin_learning/Ex_Files_Data_Engineering_Foundations/airflow_env/lib/python3.9/site-packages/airflow/example_dags/example_branch_datetime_operator.py
[2022-03-18 17:26:15,397] {logging_mixin.py:109} INFO - [2022-03-18 17:26:15,396] {dag.py:2398} INFO - Sync 1 DAGs
[2022-03-18 17:26:15,407] {logging_mixin.py:109} INFO - [2022-03-18 17:26:15,406] {dag.py:2937} INFO - Setting next_dagrun for example_branch_datetime_operator_2 to 2022-03-17 00:00:00+00:00
[2022-03-18 17:26:15,414] {processor.py:171} INFO - Processing /Users/louisekirkham/Documents/linkedin_learning/Ex_Files_Data_Engineering_Foundations/airflow_env/lib/python3.9/site-packages/airflow/example_dags/example_branch_datetime_operator.py took 0.066 seconds
[2022-03-18 17:29:07,659] {processor.py:163} INFO - Started process (PID=47771) to work on /Users/louisekirkham/Documents/linkedin_learning/Ex_Files_Data_Engineering_Foundations/airflow_env/lib/python3.9/site-packages/airflow/example_dags/example_branch_datetime_operator.py
[2022-03-18 17:29:07,660] {processor.py:642} INFO - Processing file /Users/louisekirkham/Documents/linkedin_learning/Ex_Files_Data_Engineering_Foundations/airflow_env/lib/python3.9/site-packages/airflow/example_dags/example_branch_datetime_operator.py for tasks to queue
[2022-03-18 17:29:07,660] {logging_mixin.py:109} INFO - [2022-03-18 17:29:07,660] {dagbag.py:500} INFO - Filling up the DagBag from /Users/louisekirkham/Documents/linkedin_learning/Ex_Files_Data_Engineering_Foundations/airflow_env/lib/python3.9/site-packages/airflow/example_dags/example_branch_datetime_operator.py
[2022-03-18 17:29:07,692] {processor.py:654} INFO - DAG(s) dict_keys(['example_branch_datetime_operator_2']) retrieved from /Users/louisekirkham/Documents/linkedin_learning/Ex_Files_Data_Engineering_Foundations/airflow_env/lib/python3.9/site-packages/airflow/example_dags/example_branch_datetime_operator.py
[2022-03-18 17:29:07,709] {logging_mixin.py:109} INFO - [2022-03-18 17:29:07,709] {dag.py:2398} INFO - Sync 1 DAGs
[2022-03-18 17:29:07,718] {logging_mixin.py:109} INFO - [2022-03-18 17:29:07,718] {dag.py:2937} INFO - Setting next_dagrun for example_branch_datetime_operator_2 to 2022-03-17 00:00:00+00:00
[2022-03-18 17:29:07,725] {processor.py:171} INFO - Processing /Users/louisekirkham/Documents/linkedin_learning/Ex_Files_Data_Engineering_Foundations/airflow_env/lib/python3.9/site-packages/airflow/example_dags/example_branch_datetime_operator.py took 0.066 seconds
[2022-03-18 17:32:25,178] {processor.py:163} INFO - Started process (PID=47944) to work on /Users/louisekirkham/Documents/linkedin_learning/Ex_Files_Data_Engineering_Foundations/airflow_env/lib/python3.9/site-packages/airflow/example_dags/example_branch_datetime_operator.py
[2022-03-18 17:32:25,178] {processor.py:642} INFO - Processing file /Users/louisekirkham/Documents/linkedin_learning/Ex_Files_Data_Engineering_Foundations/airflow_env/lib/python3.9/site-packages/airflow/example_dags/example_branch_datetime_operator.py for tasks to queue
[2022-03-18 17:32:25,178] {logging_mixin.py:109} INFO - [2022-03-18 17:32:25,178] {dagbag.py:500} INFO - Filling up the DagBag from /Users/louisekirkham/Documents/linkedin_learning/Ex_Files_Data_Engineering_Foundations/airflow_env/lib/python3.9/site-packages/airflow/example_dags/example_branch_datetime_operator.py
[2022-03-18 17:32:25,209] {processor.py:654} INFO - DAG(s) dict_keys(['example_branch_datetime_operator_2']) retrieved from /Users/louisekirkham/Documents/linkedin_learning/Ex_Files_Data_Engineering_Foundations/airflow_env/lib/python3.9/site-packages/airflow/example_dags/example_branch_datetime_operator.py
[2022-03-18 17:32:25,225] {logging_mixin.py:109} INFO - [2022-03-18 17:32:25,224] {dag.py:2398} INFO - Sync 1 DAGs
[2022-03-18 17:32:25,233] {logging_mixin.py:109} INFO - [2022-03-18 17:32:25,233] {dag.py:2937} INFO - Setting next_dagrun for example_branch_datetime_operator_2 to 2022-03-17 00:00:00+00:00
[2022-03-18 17:32:25,240] {processor.py:171} INFO - Processing /Users/louisekirkham/Documents/linkedin_learning/Ex_Files_Data_Engineering_Foundations/airflow_env/lib/python3.9/site-packages/airflow/example_dags/example_branch_datetime_operator.py took 0.063 seconds
[2022-03-18 17:33:50,879] {processor.py:163} INFO - Started process (PID=48406) to work on /Users/louisekirkham/Documents/linkedin_learning/Ex_Files_Data_Engineering_Foundations/airflow_env/lib/python3.9/site-packages/airflow/example_dags/example_branch_datetime_operator.py
[2022-03-18 17:33:50,880] {processor.py:642} INFO - Processing file /Users/louisekirkham/Documents/linkedin_learning/Ex_Files_Data_Engineering_Foundations/airflow_env/lib/python3.9/site-packages/airflow/example_dags/example_branch_datetime_operator.py for tasks to queue
[2022-03-18 17:33:50,880] {logging_mixin.py:109} INFO - [2022-03-18 17:33:50,880] {dagbag.py:500} INFO - Filling up the DagBag from /Users/louisekirkham/Documents/linkedin_learning/Ex_Files_Data_Engineering_Foundations/airflow_env/lib/python3.9/site-packages/airflow/example_dags/example_branch_datetime_operator.py
[2022-03-18 17:33:50,909] {processor.py:654} INFO - DAG(s) dict_keys(['example_branch_datetime_operator_2']) retrieved from /Users/louisekirkham/Documents/linkedin_learning/Ex_Files_Data_Engineering_Foundations/airflow_env/lib/python3.9/site-packages/airflow/example_dags/example_branch_datetime_operator.py
[2022-03-18 17:33:50,921] {logging_mixin.py:109} INFO - [2022-03-18 17:33:50,921] {dag.py:2398} INFO - Sync 1 DAGs
[2022-03-18 17:33:50,929] {logging_mixin.py:109} INFO - [2022-03-18 17:33:50,929] {dag.py:2937} INFO - Setting next_dagrun for example_branch_datetime_operator_2 to 2022-03-17 00:00:00+00:00
[2022-03-18 17:33:50,936] {processor.py:171} INFO - Processing /Users/louisekirkham/Documents/linkedin_learning/Ex_Files_Data_Engineering_Foundations/airflow_env/lib/python3.9/site-packages/airflow/example_dags/example_branch_datetime_operator.py took 0.057 seconds
[2022-03-18 17:35:12,461] {processor.py:163} INFO - Started process (PID=48492) to work on /Users/louisekirkham/Documents/linkedin_learning/Ex_Files_Data_Engineering_Foundations/airflow_env/lib/python3.9/site-packages/airflow/example_dags/example_branch_datetime_operator.py
[2022-03-18 17:35:12,461] {processor.py:642} INFO - Processing file /Users/louisekirkham/Documents/linkedin_learning/Ex_Files_Data_Engineering_Foundations/airflow_env/lib/python3.9/site-packages/airflow/example_dags/example_branch_datetime_operator.py for tasks to queue
[2022-03-18 17:35:12,462] {logging_mixin.py:109} INFO - [2022-03-18 17:35:12,462] {dagbag.py:500} INFO - Filling up the DagBag from /Users/louisekirkham/Documents/linkedin_learning/Ex_Files_Data_Engineering_Foundations/airflow_env/lib/python3.9/site-packages/airflow/example_dags/example_branch_datetime_operator.py
[2022-03-18 17:35:12,494] {processor.py:654} INFO - DAG(s) dict_keys(['example_branch_datetime_operator_2']) retrieved from /Users/louisekirkham/Documents/linkedin_learning/Ex_Files_Data_Engineering_Foundations/airflow_env/lib/python3.9/site-packages/airflow/example_dags/example_branch_datetime_operator.py
[2022-03-18 17:35:12,508] {logging_mixin.py:109} INFO - [2022-03-18 17:35:12,508] {dag.py:2398} INFO - Sync 1 DAGs
[2022-03-18 17:35:12,518] {logging_mixin.py:109} INFO - [2022-03-18 17:35:12,518] {dag.py:2937} INFO - Setting next_dagrun for example_branch_datetime_operator_2 to 2022-03-17 00:00:00+00:00
[2022-03-18 17:35:12,525] {processor.py:171} INFO - Processing /Users/louisekirkham/Documents/linkedin_learning/Ex_Files_Data_Engineering_Foundations/airflow_env/lib/python3.9/site-packages/airflow/example_dags/example_branch_datetime_operator.py took 0.065 seconds
[2022-03-18 17:36:34,935] {processor.py:163} INFO - Started process (PID=48573) to work on /Users/louisekirkham/Documents/linkedin_learning/Ex_Files_Data_Engineering_Foundations/airflow_env/lib/python3.9/site-packages/airflow/example_dags/example_branch_datetime_operator.py
[2022-03-18 17:36:34,936] {processor.py:642} INFO - Processing file /Users/louisekirkham/Documents/linkedin_learning/Ex_Files_Data_Engineering_Foundations/airflow_env/lib/python3.9/site-packages/airflow/example_dags/example_branch_datetime_operator.py for tasks to queue
[2022-03-18 17:36:34,936] {logging_mixin.py:109} INFO - [2022-03-18 17:36:34,936] {dagbag.py:500} INFO - Filling up the DagBag from /Users/louisekirkham/Documents/linkedin_learning/Ex_Files_Data_Engineering_Foundations/airflow_env/lib/python3.9/site-packages/airflow/example_dags/example_branch_datetime_operator.py
[2022-03-18 17:36:34,972] {processor.py:654} INFO - DAG(s) dict_keys(['example_branch_datetime_operator_2']) retrieved from /Users/louisekirkham/Documents/linkedin_learning/Ex_Files_Data_Engineering_Foundations/airflow_env/lib/python3.9/site-packages/airflow/example_dags/example_branch_datetime_operator.py
[2022-03-18 17:36:34,990] {logging_mixin.py:109} INFO - [2022-03-18 17:36:34,990] {dag.py:2398} INFO - Sync 1 DAGs
[2022-03-18 17:36:34,998] {logging_mixin.py:109} INFO - [2022-03-18 17:36:34,998] {dag.py:2937} INFO - Setting next_dagrun for example_branch_datetime_operator_2 to 2022-03-17 00:00:00+00:00
[2022-03-18 17:36:35,006] {processor.py:171} INFO - Processing /Users/louisekirkham/Documents/linkedin_learning/Ex_Files_Data_Engineering_Foundations/airflow_env/lib/python3.9/site-packages/airflow/example_dags/example_branch_datetime_operator.py took 0.072 seconds
[2022-03-18 17:37:59,421] {processor.py:163} INFO - Started process (PID=48643) to work on /Users/louisekirkham/Documents/linkedin_learning/Ex_Files_Data_Engineering_Foundations/airflow_env/lib/python3.9/site-packages/airflow/example_dags/example_branch_datetime_operator.py
[2022-03-18 17:37:59,422] {processor.py:642} INFO - Processing file /Users/louisekirkham/Documents/linkedin_learning/Ex_Files_Data_Engineering_Foundations/airflow_env/lib/python3.9/site-packages/airflow/example_dags/example_branch_datetime_operator.py for tasks to queue
[2022-03-18 17:37:59,422] {logging_mixin.py:109} INFO - [2022-03-18 17:37:59,422] {dagbag.py:500} INFO - Filling up the DagBag from /Users/louisekirkham/Documents/linkedin_learning/Ex_Files_Data_Engineering_Foundations/airflow_env/lib/python3.9/site-packages/airflow/example_dags/example_branch_datetime_operator.py
[2022-03-18 17:37:59,448] {processor.py:654} INFO - DAG(s) dict_keys(['example_branch_datetime_operator_2']) retrieved from /Users/louisekirkham/Documents/linkedin_learning/Ex_Files_Data_Engineering_Foundations/airflow_env/lib/python3.9/site-packages/airflow/example_dags/example_branch_datetime_operator.py
[2022-03-18 17:37:59,462] {logging_mixin.py:109} INFO - [2022-03-18 17:37:59,461] {dag.py:2398} INFO - Sync 1 DAGs
[2022-03-18 17:37:59,469] {logging_mixin.py:109} INFO - [2022-03-18 17:37:59,469] {dag.py:2937} INFO - Setting next_dagrun for example_branch_datetime_operator_2 to 2022-03-17 00:00:00+00:00
[2022-03-18 17:37:59,475] {processor.py:171} INFO - Processing /Users/louisekirkham/Documents/linkedin_learning/Ex_Files_Data_Engineering_Foundations/airflow_env/lib/python3.9/site-packages/airflow/example_dags/example_branch_datetime_operator.py took 0.055 seconds
[2022-03-18 17:39:24,447] {processor.py:163} INFO - Started process (PID=48721) to work on /Users/louisekirkham/Documents/linkedin_learning/Ex_Files_Data_Engineering_Foundations/airflow_env/lib/python3.9/site-packages/airflow/example_dags/example_branch_datetime_operator.py
[2022-03-18 17:39:24,448] {processor.py:642} INFO - Processing file /Users/louisekirkham/Documents/linkedin_learning/Ex_Files_Data_Engineering_Foundations/airflow_env/lib/python3.9/site-packages/airflow/example_dags/example_branch_datetime_operator.py for tasks to queue
[2022-03-18 17:39:24,449] {logging_mixin.py:109} INFO - [2022-03-18 17:39:24,449] {dagbag.py:500} INFO - Filling up the DagBag from /Users/louisekirkham/Documents/linkedin_learning/Ex_Files_Data_Engineering_Foundations/airflow_env/lib/python3.9/site-packages/airflow/example_dags/example_branch_datetime_operator.py
[2022-03-18 17:39:24,484] {processor.py:654} INFO - DAG(s) dict_keys(['example_branch_datetime_operator_2']) retrieved from /Users/louisekirkham/Documents/linkedin_learning/Ex_Files_Data_Engineering_Foundations/airflow_env/lib/python3.9/site-packages/airflow/example_dags/example_branch_datetime_operator.py
[2022-03-18 17:39:24,499] {logging_mixin.py:109} INFO - [2022-03-18 17:39:24,499] {dag.py:2398} INFO - Sync 1 DAGs
[2022-03-18 17:39:24,510] {logging_mixin.py:109} INFO - [2022-03-18 17:39:24,510] {dag.py:2937} INFO - Setting next_dagrun for example_branch_datetime_operator_2 to 2022-03-17 00:00:00+00:00
[2022-03-18 17:39:24,518] {processor.py:171} INFO - Processing /Users/louisekirkham/Documents/linkedin_learning/Ex_Files_Data_Engineering_Foundations/airflow_env/lib/python3.9/site-packages/airflow/example_dags/example_branch_datetime_operator.py took 0.072 seconds
[2022-03-18 17:40:50,422] {processor.py:163} INFO - Started process (PID=48815) to work on /Users/louisekirkham/Documents/linkedin_learning/Ex_Files_Data_Engineering_Foundations/airflow_env/lib/python3.9/site-packages/airflow/example_dags/example_branch_datetime_operator.py
[2022-03-18 17:40:50,422] {processor.py:642} INFO - Processing file /Users/louisekirkham/Documents/linkedin_learning/Ex_Files_Data_Engineering_Foundations/airflow_env/lib/python3.9/site-packages/airflow/example_dags/example_branch_datetime_operator.py for tasks to queue
[2022-03-18 17:40:50,423] {logging_mixin.py:109} INFO - [2022-03-18 17:40:50,423] {dagbag.py:500} INFO - Filling up the DagBag from /Users/louisekirkham/Documents/linkedin_learning/Ex_Files_Data_Engineering_Foundations/airflow_env/lib/python3.9/site-packages/airflow/example_dags/example_branch_datetime_operator.py
[2022-03-18 17:40:50,457] {processor.py:654} INFO - DAG(s) dict_keys(['example_branch_datetime_operator_2']) retrieved from /Users/louisekirkham/Documents/linkedin_learning/Ex_Files_Data_Engineering_Foundations/airflow_env/lib/python3.9/site-packages/airflow/example_dags/example_branch_datetime_operator.py
[2022-03-18 17:40:50,475] {logging_mixin.py:109} INFO - [2022-03-18 17:40:50,475] {dag.py:2398} INFO - Sync 1 DAGs
[2022-03-18 17:40:50,485] {logging_mixin.py:109} INFO - [2022-03-18 17:40:50,485] {dag.py:2937} INFO - Setting next_dagrun for example_branch_datetime_operator_2 to 2022-03-17 00:00:00+00:00
[2022-03-18 17:40:50,493] {processor.py:171} INFO - Processing /Users/louisekirkham/Documents/linkedin_learning/Ex_Files_Data_Engineering_Foundations/airflow_env/lib/python3.9/site-packages/airflow/example_dags/example_branch_datetime_operator.py took 0.072 seconds
[2022-03-18 17:42:11,364] {processor.py:163} INFO - Started process (PID=48895) to work on /Users/louisekirkham/Documents/linkedin_learning/Ex_Files_Data_Engineering_Foundations/airflow_env/lib/python3.9/site-packages/airflow/example_dags/example_branch_datetime_operator.py
[2022-03-18 17:42:11,365] {processor.py:642} INFO - Processing file /Users/louisekirkham/Documents/linkedin_learning/Ex_Files_Data_Engineering_Foundations/airflow_env/lib/python3.9/site-packages/airflow/example_dags/example_branch_datetime_operator.py for tasks to queue
[2022-03-18 17:42:11,365] {logging_mixin.py:109} INFO - [2022-03-18 17:42:11,365] {dagbag.py:500} INFO - Filling up the DagBag from /Users/louisekirkham/Documents/linkedin_learning/Ex_Files_Data_Engineering_Foundations/airflow_env/lib/python3.9/site-packages/airflow/example_dags/example_branch_datetime_operator.py
[2022-03-18 17:42:11,404] {processor.py:654} INFO - DAG(s) dict_keys(['example_branch_datetime_operator_2']) retrieved from /Users/louisekirkham/Documents/linkedin_learning/Ex_Files_Data_Engineering_Foundations/airflow_env/lib/python3.9/site-packages/airflow/example_dags/example_branch_datetime_operator.py
[2022-03-18 17:42:11,424] {logging_mixin.py:109} INFO - [2022-03-18 17:42:11,424] {dag.py:2398} INFO - Sync 1 DAGs
[2022-03-18 17:42:11,434] {logging_mixin.py:109} INFO - [2022-03-18 17:42:11,434] {dag.py:2937} INFO - Setting next_dagrun for example_branch_datetime_operator_2 to 2022-03-17 00:00:00+00:00
[2022-03-18 17:42:11,444] {processor.py:171} INFO - Processing /Users/louisekirkham/Documents/linkedin_learning/Ex_Files_Data_Engineering_Foundations/airflow_env/lib/python3.9/site-packages/airflow/example_dags/example_branch_datetime_operator.py took 0.081 seconds
[2022-03-18 17:43:35,404] {processor.py:163} INFO - Started process (PID=48957) to work on /Users/louisekirkham/Documents/linkedin_learning/Ex_Files_Data_Engineering_Foundations/airflow_env/lib/python3.9/site-packages/airflow/example_dags/example_branch_datetime_operator.py
[2022-03-18 17:43:35,404] {processor.py:642} INFO - Processing file /Users/louisekirkham/Documents/linkedin_learning/Ex_Files_Data_Engineering_Foundations/airflow_env/lib/python3.9/site-packages/airflow/example_dags/example_branch_datetime_operator.py for tasks to queue
[2022-03-18 17:43:35,405] {logging_mixin.py:109} INFO - [2022-03-18 17:43:35,405] {dagbag.py:500} INFO - Filling up the DagBag from /Users/louisekirkham/Documents/linkedin_learning/Ex_Files_Data_Engineering_Foundations/airflow_env/lib/python3.9/site-packages/airflow/example_dags/example_branch_datetime_operator.py
[2022-03-18 17:43:35,433] {processor.py:654} INFO - DAG(s) dict_keys(['example_branch_datetime_operator_2']) retrieved from /Users/louisekirkham/Documents/linkedin_learning/Ex_Files_Data_Engineering_Foundations/airflow_env/lib/python3.9/site-packages/airflow/example_dags/example_branch_datetime_operator.py
[2022-03-18 17:43:35,447] {logging_mixin.py:109} INFO - [2022-03-18 17:43:35,447] {dag.py:2398} INFO - Sync 1 DAGs
[2022-03-18 17:43:35,455] {logging_mixin.py:109} INFO - [2022-03-18 17:43:35,455] {dag.py:2937} INFO - Setting next_dagrun for example_branch_datetime_operator_2 to 2022-03-17 00:00:00+00:00
[2022-03-18 17:43:35,462] {processor.py:171} INFO - Processing /Users/louisekirkham/Documents/linkedin_learning/Ex_Files_Data_Engineering_Foundations/airflow_env/lib/python3.9/site-packages/airflow/example_dags/example_branch_datetime_operator.py took 0.058 seconds
[2022-03-18 17:44:57,453] {processor.py:163} INFO - Started process (PID=49018) to work on /Users/louisekirkham/Documents/linkedin_learning/Ex_Files_Data_Engineering_Foundations/airflow_env/lib/python3.9/site-packages/airflow/example_dags/example_branch_datetime_operator.py
[2022-03-18 17:44:57,454] {processor.py:642} INFO - Processing file /Users/louisekirkham/Documents/linkedin_learning/Ex_Files_Data_Engineering_Foundations/airflow_env/lib/python3.9/site-packages/airflow/example_dags/example_branch_datetime_operator.py for tasks to queue
[2022-03-18 17:44:57,454] {logging_mixin.py:109} INFO - [2022-03-18 17:44:57,454] {dagbag.py:500} INFO - Filling up the DagBag from /Users/louisekirkham/Documents/linkedin_learning/Ex_Files_Data_Engineering_Foundations/airflow_env/lib/python3.9/site-packages/airflow/example_dags/example_branch_datetime_operator.py
[2022-03-18 17:44:57,486] {processor.py:654} INFO - DAG(s) dict_keys(['example_branch_datetime_operator_2']) retrieved from /Users/louisekirkham/Documents/linkedin_learning/Ex_Files_Data_Engineering_Foundations/airflow_env/lib/python3.9/site-packages/airflow/example_dags/example_branch_datetime_operator.py
[2022-03-18 17:44:57,502] {logging_mixin.py:109} INFO - [2022-03-18 17:44:57,502] {dag.py:2398} INFO - Sync 1 DAGs
[2022-03-18 17:44:57,511] {logging_mixin.py:109} INFO - [2022-03-18 17:44:57,511] {dag.py:2937} INFO - Setting next_dagrun for example_branch_datetime_operator_2 to 2022-03-17 00:00:00+00:00
[2022-03-18 17:44:57,519] {processor.py:171} INFO - Processing /Users/louisekirkham/Documents/linkedin_learning/Ex_Files_Data_Engineering_Foundations/airflow_env/lib/python3.9/site-packages/airflow/example_dags/example_branch_datetime_operator.py took 0.067 seconds
[2022-03-18 17:46:21,866] {processor.py:163} INFO - Started process (PID=49089) to work on /Users/louisekirkham/Documents/linkedin_learning/Ex_Files_Data_Engineering_Foundations/airflow_env/lib/python3.9/site-packages/airflow/example_dags/example_branch_datetime_operator.py
[2022-03-18 17:46:21,866] {processor.py:642} INFO - Processing file /Users/louisekirkham/Documents/linkedin_learning/Ex_Files_Data_Engineering_Foundations/airflow_env/lib/python3.9/site-packages/airflow/example_dags/example_branch_datetime_operator.py for tasks to queue
[2022-03-18 17:46:21,866] {logging_mixin.py:109} INFO - [2022-03-18 17:46:21,866] {dagbag.py:500} INFO - Filling up the DagBag from /Users/louisekirkham/Documents/linkedin_learning/Ex_Files_Data_Engineering_Foundations/airflow_env/lib/python3.9/site-packages/airflow/example_dags/example_branch_datetime_operator.py
[2022-03-18 17:46:21,893] {processor.py:654} INFO - DAG(s) dict_keys(['example_branch_datetime_operator_2']) retrieved from /Users/louisekirkham/Documents/linkedin_learning/Ex_Files_Data_Engineering_Foundations/airflow_env/lib/python3.9/site-packages/airflow/example_dags/example_branch_datetime_operator.py
[2022-03-18 17:46:21,907] {logging_mixin.py:109} INFO - [2022-03-18 17:46:21,907] {dag.py:2398} INFO - Sync 1 DAGs
[2022-03-18 17:46:21,916] {logging_mixin.py:109} INFO - [2022-03-18 17:46:21,916] {dag.py:2937} INFO - Setting next_dagrun for example_branch_datetime_operator_2 to 2022-03-17 00:00:00+00:00
[2022-03-18 17:46:21,923] {processor.py:171} INFO - Processing /Users/louisekirkham/Documents/linkedin_learning/Ex_Files_Data_Engineering_Foundations/airflow_env/lib/python3.9/site-packages/airflow/example_dags/example_branch_datetime_operator.py took 0.057 seconds
[2022-03-18 17:47:46,359] {processor.py:163} INFO - Started process (PID=49159) to work on /Users/louisekirkham/Documents/linkedin_learning/Ex_Files_Data_Engineering_Foundations/airflow_env/lib/python3.9/site-packages/airflow/example_dags/example_branch_datetime_operator.py
[2022-03-18 17:47:46,359] {processor.py:642} INFO - Processing file /Users/louisekirkham/Documents/linkedin_learning/Ex_Files_Data_Engineering_Foundations/airflow_env/lib/python3.9/site-packages/airflow/example_dags/example_branch_datetime_operator.py for tasks to queue
[2022-03-18 17:47:46,359] {logging_mixin.py:109} INFO - [2022-03-18 17:47:46,359] {dagbag.py:500} INFO - Filling up the DagBag from /Users/louisekirkham/Documents/linkedin_learning/Ex_Files_Data_Engineering_Foundations/airflow_env/lib/python3.9/site-packages/airflow/example_dags/example_branch_datetime_operator.py
[2022-03-18 17:47:46,392] {processor.py:654} INFO - DAG(s) dict_keys(['example_branch_datetime_operator_2']) retrieved from /Users/louisekirkham/Documents/linkedin_learning/Ex_Files_Data_Engineering_Foundations/airflow_env/lib/python3.9/site-packages/airflow/example_dags/example_branch_datetime_operator.py
[2022-03-18 17:47:46,409] {logging_mixin.py:109} INFO - [2022-03-18 17:47:46,409] {dag.py:2398} INFO - Sync 1 DAGs
[2022-03-18 17:47:46,418] {logging_mixin.py:109} INFO - [2022-03-18 17:47:46,418] {dag.py:2937} INFO - Setting next_dagrun for example_branch_datetime_operator_2 to 2022-03-17 00:00:00+00:00
[2022-03-18 17:47:46,427] {processor.py:171} INFO - Processing /Users/louisekirkham/Documents/linkedin_learning/Ex_Files_Data_Engineering_Foundations/airflow_env/lib/python3.9/site-packages/airflow/example_dags/example_branch_datetime_operator.py took 0.069 seconds
[2022-03-18 17:49:10,954] {processor.py:163} INFO - Started process (PID=50910) to work on /Users/louisekirkham/Documents/linkedin_learning/Ex_Files_Data_Engineering_Foundations/airflow_env/lib/python3.9/site-packages/airflow/example_dags/example_branch_datetime_operator.py
[2022-03-18 17:49:10,954] {processor.py:642} INFO - Processing file /Users/louisekirkham/Documents/linkedin_learning/Ex_Files_Data_Engineering_Foundations/airflow_env/lib/python3.9/site-packages/airflow/example_dags/example_branch_datetime_operator.py for tasks to queue
[2022-03-18 17:49:10,955] {logging_mixin.py:109} INFO - [2022-03-18 17:49:10,955] {dagbag.py:500} INFO - Filling up the DagBag from /Users/louisekirkham/Documents/linkedin_learning/Ex_Files_Data_Engineering_Foundations/airflow_env/lib/python3.9/site-packages/airflow/example_dags/example_branch_datetime_operator.py
[2022-03-18 17:49:10,985] {processor.py:654} INFO - DAG(s) dict_keys(['example_branch_datetime_operator_2']) retrieved from /Users/louisekirkham/Documents/linkedin_learning/Ex_Files_Data_Engineering_Foundations/airflow_env/lib/python3.9/site-packages/airflow/example_dags/example_branch_datetime_operator.py
[2022-03-18 17:49:10,999] {logging_mixin.py:109} INFO - [2022-03-18 17:49:10,999] {dag.py:2398} INFO - Sync 1 DAGs
[2022-03-18 17:49:11,008] {logging_mixin.py:109} INFO - [2022-03-18 17:49:11,007] {dag.py:2937} INFO - Setting next_dagrun for example_branch_datetime_operator_2 to 2022-03-17 00:00:00+00:00
[2022-03-18 17:49:11,015] {processor.py:171} INFO - Processing /Users/louisekirkham/Documents/linkedin_learning/Ex_Files_Data_Engineering_Foundations/airflow_env/lib/python3.9/site-packages/airflow/example_dags/example_branch_datetime_operator.py took 0.061 seconds
[2022-03-18 17:50:34,079] {processor.py:163} INFO - Started process (PID=50977) to work on /Users/louisekirkham/Documents/linkedin_learning/Ex_Files_Data_Engineering_Foundations/airflow_env/lib/python3.9/site-packages/airflow/example_dags/example_branch_datetime_operator.py
[2022-03-18 17:50:34,080] {processor.py:642} INFO - Processing file /Users/louisekirkham/Documents/linkedin_learning/Ex_Files_Data_Engineering_Foundations/airflow_env/lib/python3.9/site-packages/airflow/example_dags/example_branch_datetime_operator.py for tasks to queue
[2022-03-18 17:50:34,080] {logging_mixin.py:109} INFO - [2022-03-18 17:50:34,080] {dagbag.py:500} INFO - Filling up the DagBag from /Users/louisekirkham/Documents/linkedin_learning/Ex_Files_Data_Engineering_Foundations/airflow_env/lib/python3.9/site-packages/airflow/example_dags/example_branch_datetime_operator.py
[2022-03-18 17:50:34,129] {processor.py:654} INFO - DAG(s) dict_keys(['example_branch_datetime_operator_2']) retrieved from /Users/louisekirkham/Documents/linkedin_learning/Ex_Files_Data_Engineering_Foundations/airflow_env/lib/python3.9/site-packages/airflow/example_dags/example_branch_datetime_operator.py
[2022-03-18 17:50:34,150] {logging_mixin.py:109} INFO - [2022-03-18 17:50:34,149] {dag.py:2398} INFO - Sync 1 DAGs
[2022-03-18 17:50:34,164] {logging_mixin.py:109} INFO - [2022-03-18 17:50:34,163] {dag.py:2937} INFO - Setting next_dagrun for example_branch_datetime_operator_2 to 2022-03-17 00:00:00+00:00
[2022-03-18 17:50:34,172] {processor.py:171} INFO - Processing /Users/louisekirkham/Documents/linkedin_learning/Ex_Files_Data_Engineering_Foundations/airflow_env/lib/python3.9/site-packages/airflow/example_dags/example_branch_datetime_operator.py took 0.093 seconds
[2022-03-18 17:52:00,032] {processor.py:163} INFO - Started process (PID=51060) to work on /Users/louisekirkham/Documents/linkedin_learning/Ex_Files_Data_Engineering_Foundations/airflow_env/lib/python3.9/site-packages/airflow/example_dags/example_branch_datetime_operator.py
[2022-03-18 17:52:00,033] {processor.py:642} INFO - Processing file /Users/louisekirkham/Documents/linkedin_learning/Ex_Files_Data_Engineering_Foundations/airflow_env/lib/python3.9/site-packages/airflow/example_dags/example_branch_datetime_operator.py for tasks to queue
[2022-03-18 17:52:00,033] {logging_mixin.py:109} INFO - [2022-03-18 17:52:00,033] {dagbag.py:500} INFO - Filling up the DagBag from /Users/louisekirkham/Documents/linkedin_learning/Ex_Files_Data_Engineering_Foundations/airflow_env/lib/python3.9/site-packages/airflow/example_dags/example_branch_datetime_operator.py
[2022-03-18 17:52:00,068] {processor.py:654} INFO - DAG(s) dict_keys(['example_branch_datetime_operator_2']) retrieved from /Users/louisekirkham/Documents/linkedin_learning/Ex_Files_Data_Engineering_Foundations/airflow_env/lib/python3.9/site-packages/airflow/example_dags/example_branch_datetime_operator.py
[2022-03-18 17:52:00,083] {logging_mixin.py:109} INFO - [2022-03-18 17:52:00,083] {dag.py:2398} INFO - Sync 1 DAGs
[2022-03-18 17:52:00,093] {logging_mixin.py:109} INFO - [2022-03-18 17:52:00,093] {dag.py:2937} INFO - Setting next_dagrun for example_branch_datetime_operator_2 to 2022-03-17 00:00:00+00:00
[2022-03-18 17:52:00,101] {processor.py:171} INFO - Processing /Users/louisekirkham/Documents/linkedin_learning/Ex_Files_Data_Engineering_Foundations/airflow_env/lib/python3.9/site-packages/airflow/example_dags/example_branch_datetime_operator.py took 0.069 seconds
[2022-03-18 17:53:22,830] {processor.py:163} INFO - Started process (PID=51127) to work on /Users/louisekirkham/Documents/linkedin_learning/Ex_Files_Data_Engineering_Foundations/airflow_env/lib/python3.9/site-packages/airflow/example_dags/example_branch_datetime_operator.py
[2022-03-18 17:53:22,831] {processor.py:642} INFO - Processing file /Users/louisekirkham/Documents/linkedin_learning/Ex_Files_Data_Engineering_Foundations/airflow_env/lib/python3.9/site-packages/airflow/example_dags/example_branch_datetime_operator.py for tasks to queue
[2022-03-18 17:53:22,831] {logging_mixin.py:109} INFO - [2022-03-18 17:53:22,831] {dagbag.py:500} INFO - Filling up the DagBag from /Users/louisekirkham/Documents/linkedin_learning/Ex_Files_Data_Engineering_Foundations/airflow_env/lib/python3.9/site-packages/airflow/example_dags/example_branch_datetime_operator.py
[2022-03-18 17:53:22,867] {processor.py:654} INFO - DAG(s) dict_keys(['example_branch_datetime_operator_2']) retrieved from /Users/louisekirkham/Documents/linkedin_learning/Ex_Files_Data_Engineering_Foundations/airflow_env/lib/python3.9/site-packages/airflow/example_dags/example_branch_datetime_operator.py
[2022-03-18 17:53:22,884] {logging_mixin.py:109} INFO - [2022-03-18 17:53:22,883] {dag.py:2398} INFO - Sync 1 DAGs
[2022-03-18 17:53:22,895] {logging_mixin.py:109} INFO - [2022-03-18 17:53:22,895] {dag.py:2937} INFO - Setting next_dagrun for example_branch_datetime_operator_2 to 2022-03-17 00:00:00+00:00
[2022-03-18 17:53:22,904] {processor.py:171} INFO - Processing /Users/louisekirkham/Documents/linkedin_learning/Ex_Files_Data_Engineering_Foundations/airflow_env/lib/python3.9/site-packages/airflow/example_dags/example_branch_datetime_operator.py took 0.075 seconds
[2022-03-18 17:54:44,998] {processor.py:163} INFO - Started process (PID=51192) to work on /Users/louisekirkham/Documents/linkedin_learning/Ex_Files_Data_Engineering_Foundations/airflow_env/lib/python3.9/site-packages/airflow/example_dags/example_branch_datetime_operator.py
[2022-03-18 17:54:44,999] {processor.py:642} INFO - Processing file /Users/louisekirkham/Documents/linkedin_learning/Ex_Files_Data_Engineering_Foundations/airflow_env/lib/python3.9/site-packages/airflow/example_dags/example_branch_datetime_operator.py for tasks to queue
[2022-03-18 17:54:44,999] {logging_mixin.py:109} INFO - [2022-03-18 17:54:44,999] {dagbag.py:500} INFO - Filling up the DagBag from /Users/louisekirkham/Documents/linkedin_learning/Ex_Files_Data_Engineering_Foundations/airflow_env/lib/python3.9/site-packages/airflow/example_dags/example_branch_datetime_operator.py
[2022-03-18 17:54:45,039] {processor.py:654} INFO - DAG(s) dict_keys(['example_branch_datetime_operator_2']) retrieved from /Users/louisekirkham/Documents/linkedin_learning/Ex_Files_Data_Engineering_Foundations/airflow_env/lib/python3.9/site-packages/airflow/example_dags/example_branch_datetime_operator.py
[2022-03-18 17:54:45,062] {logging_mixin.py:109} INFO - [2022-03-18 17:54:45,062] {dag.py:2398} INFO - Sync 1 DAGs
[2022-03-18 17:54:45,075] {logging_mixin.py:109} INFO - [2022-03-18 17:54:45,075] {dag.py:2937} INFO - Setting next_dagrun for example_branch_datetime_operator_2 to 2022-03-17 00:00:00+00:00
[2022-03-18 17:54:45,082] {processor.py:171} INFO - Processing /Users/louisekirkham/Documents/linkedin_learning/Ex_Files_Data_Engineering_Foundations/airflow_env/lib/python3.9/site-packages/airflow/example_dags/example_branch_datetime_operator.py took 0.085 seconds
[2022-03-18 17:56:09,158] {processor.py:163} INFO - Started process (PID=51262) to work on /Users/louisekirkham/Documents/linkedin_learning/Ex_Files_Data_Engineering_Foundations/airflow_env/lib/python3.9/site-packages/airflow/example_dags/example_branch_datetime_operator.py
[2022-03-18 17:56:09,159] {processor.py:642} INFO - Processing file /Users/louisekirkham/Documents/linkedin_learning/Ex_Files_Data_Engineering_Foundations/airflow_env/lib/python3.9/site-packages/airflow/example_dags/example_branch_datetime_operator.py for tasks to queue
[2022-03-18 17:56:09,159] {logging_mixin.py:109} INFO - [2022-03-18 17:56:09,159] {dagbag.py:500} INFO - Filling up the DagBag from /Users/louisekirkham/Documents/linkedin_learning/Ex_Files_Data_Engineering_Foundations/airflow_env/lib/python3.9/site-packages/airflow/example_dags/example_branch_datetime_operator.py
[2022-03-18 17:56:09,189] {processor.py:654} INFO - DAG(s) dict_keys(['example_branch_datetime_operator_2']) retrieved from /Users/louisekirkham/Documents/linkedin_learning/Ex_Files_Data_Engineering_Foundations/airflow_env/lib/python3.9/site-packages/airflow/example_dags/example_branch_datetime_operator.py
[2022-03-18 17:56:09,203] {logging_mixin.py:109} INFO - [2022-03-18 17:56:09,203] {dag.py:2398} INFO - Sync 1 DAGs
[2022-03-18 17:56:09,213] {logging_mixin.py:109} INFO - [2022-03-18 17:56:09,213] {dag.py:2937} INFO - Setting next_dagrun for example_branch_datetime_operator_2 to 2022-03-17 00:00:00+00:00
[2022-03-18 17:56:09,219] {processor.py:171} INFO - Processing /Users/louisekirkham/Documents/linkedin_learning/Ex_Files_Data_Engineering_Foundations/airflow_env/lib/python3.9/site-packages/airflow/example_dags/example_branch_datetime_operator.py took 0.062 seconds
[2022-03-18 17:57:34,600] {processor.py:163} INFO - Started process (PID=51325) to work on /Users/louisekirkham/Documents/linkedin_learning/Ex_Files_Data_Engineering_Foundations/airflow_env/lib/python3.9/site-packages/airflow/example_dags/example_branch_datetime_operator.py
[2022-03-18 17:57:34,601] {processor.py:642} INFO - Processing file /Users/louisekirkham/Documents/linkedin_learning/Ex_Files_Data_Engineering_Foundations/airflow_env/lib/python3.9/site-packages/airflow/example_dags/example_branch_datetime_operator.py for tasks to queue
[2022-03-18 17:57:34,601] {logging_mixin.py:109} INFO - [2022-03-18 17:57:34,601] {dagbag.py:500} INFO - Filling up the DagBag from /Users/louisekirkham/Documents/linkedin_learning/Ex_Files_Data_Engineering_Foundations/airflow_env/lib/python3.9/site-packages/airflow/example_dags/example_branch_datetime_operator.py
[2022-03-18 17:57:34,635] {processor.py:654} INFO - DAG(s) dict_keys(['example_branch_datetime_operator_2']) retrieved from /Users/louisekirkham/Documents/linkedin_learning/Ex_Files_Data_Engineering_Foundations/airflow_env/lib/python3.9/site-packages/airflow/example_dags/example_branch_datetime_operator.py
[2022-03-18 17:57:34,658] {logging_mixin.py:109} INFO - [2022-03-18 17:57:34,658] {dag.py:2398} INFO - Sync 1 DAGs
[2022-03-18 17:57:34,673] {logging_mixin.py:109} INFO - [2022-03-18 17:57:34,673] {dag.py:2937} INFO - Setting next_dagrun for example_branch_datetime_operator_2 to 2022-03-17 00:00:00+00:00
[2022-03-18 17:57:34,683] {processor.py:171} INFO - Processing /Users/louisekirkham/Documents/linkedin_learning/Ex_Files_Data_Engineering_Foundations/airflow_env/lib/python3.9/site-packages/airflow/example_dags/example_branch_datetime_operator.py took 0.084 seconds
[2022-03-18 17:59:09,296] {processor.py:163} INFO - Started process (PID=51489) to work on /Users/louisekirkham/Documents/linkedin_learning/Ex_Files_Data_Engineering_Foundations/airflow_env/lib/python3.9/site-packages/airflow/example_dags/example_branch_datetime_operator.py
[2022-03-18 17:59:09,297] {processor.py:642} INFO - Processing file /Users/louisekirkham/Documents/linkedin_learning/Ex_Files_Data_Engineering_Foundations/airflow_env/lib/python3.9/site-packages/airflow/example_dags/example_branch_datetime_operator.py for tasks to queue
[2022-03-18 17:59:09,297] {logging_mixin.py:109} INFO - [2022-03-18 17:59:09,297] {dagbag.py:500} INFO - Filling up the DagBag from /Users/louisekirkham/Documents/linkedin_learning/Ex_Files_Data_Engineering_Foundations/airflow_env/lib/python3.9/site-packages/airflow/example_dags/example_branch_datetime_operator.py
[2022-03-18 17:59:09,336] {processor.py:654} INFO - DAG(s) dict_keys(['example_branch_datetime_operator_2']) retrieved from /Users/louisekirkham/Documents/linkedin_learning/Ex_Files_Data_Engineering_Foundations/airflow_env/lib/python3.9/site-packages/airflow/example_dags/example_branch_datetime_operator.py
[2022-03-18 17:59:09,352] {logging_mixin.py:109} INFO - [2022-03-18 17:59:09,352] {dag.py:2398} INFO - Sync 1 DAGs
[2022-03-18 17:59:09,364] {logging_mixin.py:109} INFO - [2022-03-18 17:59:09,364] {dag.py:2937} INFO - Setting next_dagrun for example_branch_datetime_operator_2 to 2022-03-17 00:00:00+00:00
[2022-03-18 17:59:09,373] {processor.py:171} INFO - Processing /Users/louisekirkham/Documents/linkedin_learning/Ex_Files_Data_Engineering_Foundations/airflow_env/lib/python3.9/site-packages/airflow/example_dags/example_branch_datetime_operator.py took 0.077 seconds
