[2022-03-18 10:36:56,187] {processor.py:163} INFO - Started process (PID=46348) to work on /Users/louisekirkham/Documents/linkedin_learning/Ex_Files_Data_Engineering_Foundations/airflow_env/lib/python3.9/site-packages/airflow/example_dags/example_trigger_target_dag.py
[2022-03-18 10:36:56,188] {processor.py:642} INFO - Processing file /Users/louisekirkham/Documents/linkedin_learning/Ex_Files_Data_Engineering_Foundations/airflow_env/lib/python3.9/site-packages/airflow/example_dags/example_trigger_target_dag.py for tasks to queue
[2022-03-18 10:36:56,188] {logging_mixin.py:109} INFO - [2022-03-18 10:36:56,188] {dagbag.py:500} INFO - Filling up the DagBag from /Users/louisekirkham/Documents/linkedin_learning/Ex_Files_Data_Engineering_Foundations/airflow_env/lib/python3.9/site-packages/airflow/example_dags/example_trigger_target_dag.py
[2022-03-18 10:36:56,240] {processor.py:654} INFO - DAG(s) dict_keys(['example_trigger_target_dag']) retrieved from /Users/louisekirkham/Documents/linkedin_learning/Ex_Files_Data_Engineering_Foundations/airflow_env/lib/python3.9/site-packages/airflow/example_dags/example_trigger_target_dag.py
[2022-03-18 10:36:56,256] {logging_mixin.py:109} INFO - [2022-03-18 10:36:56,256] {dag.py:2398} INFO - Sync 1 DAGs
[2022-03-18 10:36:56,266] {logging_mixin.py:109} INFO - [2022-03-18 10:36:56,265] {dag.py:2937} INFO - Setting next_dagrun for example_trigger_target_dag to None
[2022-03-18 10:36:56,273] {processor.py:171} INFO - Processing /Users/louisekirkham/Documents/linkedin_learning/Ex_Files_Data_Engineering_Foundations/airflow_env/lib/python3.9/site-packages/airflow/example_dags/example_trigger_target_dag.py took 0.087 seconds
[2022-03-18 10:38:06,369] {processor.py:163} INFO - Started process (PID=46467) to work on /Users/louisekirkham/Documents/linkedin_learning/Ex_Files_Data_Engineering_Foundations/airflow_env/lib/python3.9/site-packages/airflow/example_dags/example_trigger_target_dag.py
[2022-03-18 10:38:06,369] {processor.py:642} INFO - Processing file /Users/louisekirkham/Documents/linkedin_learning/Ex_Files_Data_Engineering_Foundations/airflow_env/lib/python3.9/site-packages/airflow/example_dags/example_trigger_target_dag.py for tasks to queue
[2022-03-18 10:38:06,370] {logging_mixin.py:109} INFO - [2022-03-18 10:38:06,370] {dagbag.py:500} INFO - Filling up the DagBag from /Users/louisekirkham/Documents/linkedin_learning/Ex_Files_Data_Engineering_Foundations/airflow_env/lib/python3.9/site-packages/airflow/example_dags/example_trigger_target_dag.py
[2022-03-18 10:38:06,412] {processor.py:654} INFO - DAG(s) dict_keys(['example_trigger_target_dag']) retrieved from /Users/louisekirkham/Documents/linkedin_learning/Ex_Files_Data_Engineering_Foundations/airflow_env/lib/python3.9/site-packages/airflow/example_dags/example_trigger_target_dag.py
[2022-03-18 10:38:06,426] {logging_mixin.py:109} INFO - [2022-03-18 10:38:06,426] {dag.py:2398} INFO - Sync 1 DAGs
[2022-03-18 10:38:06,433] {logging_mixin.py:109} INFO - [2022-03-18 10:38:06,433] {dag.py:2937} INFO - Setting next_dagrun for example_trigger_target_dag to None
[2022-03-18 10:38:06,443] {processor.py:171} INFO - Processing /Users/louisekirkham/Documents/linkedin_learning/Ex_Files_Data_Engineering_Foundations/airflow_env/lib/python3.9/site-packages/airflow/example_dags/example_trigger_target_dag.py took 0.075 seconds
[2022-03-18 10:39:29,989] {processor.py:163} INFO - Started process (PID=46531) to work on /Users/louisekirkham/Documents/linkedin_learning/Ex_Files_Data_Engineering_Foundations/airflow_env/lib/python3.9/site-packages/airflow/example_dags/example_trigger_target_dag.py
[2022-03-18 10:39:29,989] {processor.py:642} INFO - Processing file /Users/louisekirkham/Documents/linkedin_learning/Ex_Files_Data_Engineering_Foundations/airflow_env/lib/python3.9/site-packages/airflow/example_dags/example_trigger_target_dag.py for tasks to queue
[2022-03-18 10:39:29,990] {logging_mixin.py:109} INFO - [2022-03-18 10:39:29,990] {dagbag.py:500} INFO - Filling up the DagBag from /Users/louisekirkham/Documents/linkedin_learning/Ex_Files_Data_Engineering_Foundations/airflow_env/lib/python3.9/site-packages/airflow/example_dags/example_trigger_target_dag.py
[2022-03-18 10:39:30,032] {processor.py:654} INFO - DAG(s) dict_keys(['example_trigger_target_dag']) retrieved from /Users/louisekirkham/Documents/linkedin_learning/Ex_Files_Data_Engineering_Foundations/airflow_env/lib/python3.9/site-packages/airflow/example_dags/example_trigger_target_dag.py
[2022-03-18 10:39:30,049] {logging_mixin.py:109} INFO - [2022-03-18 10:39:30,049] {dag.py:2398} INFO - Sync 1 DAGs
[2022-03-18 10:39:30,057] {logging_mixin.py:109} INFO - [2022-03-18 10:39:30,056] {dag.py:2937} INFO - Setting next_dagrun for example_trigger_target_dag to None
[2022-03-18 10:39:30,064] {processor.py:171} INFO - Processing /Users/louisekirkham/Documents/linkedin_learning/Ex_Files_Data_Engineering_Foundations/airflow_env/lib/python3.9/site-packages/airflow/example_dags/example_trigger_target_dag.py took 0.076 seconds
[2022-03-18 17:06:22,615] {processor.py:163} INFO - Started process (PID=46733) to work on /Users/louisekirkham/Documents/linkedin_learning/Ex_Files_Data_Engineering_Foundations/airflow_env/lib/python3.9/site-packages/airflow/example_dags/example_trigger_target_dag.py
[2022-03-18 17:06:22,617] {processor.py:642} INFO - Processing file /Users/louisekirkham/Documents/linkedin_learning/Ex_Files_Data_Engineering_Foundations/airflow_env/lib/python3.9/site-packages/airflow/example_dags/example_trigger_target_dag.py for tasks to queue
[2022-03-18 17:06:22,617] {logging_mixin.py:109} INFO - [2022-03-18 17:06:22,617] {dagbag.py:500} INFO - Filling up the DagBag from /Users/louisekirkham/Documents/linkedin_learning/Ex_Files_Data_Engineering_Foundations/airflow_env/lib/python3.9/site-packages/airflow/example_dags/example_trigger_target_dag.py
[2022-03-18 17:06:22,660] {processor.py:654} INFO - DAG(s) dict_keys(['example_trigger_target_dag']) retrieved from /Users/louisekirkham/Documents/linkedin_learning/Ex_Files_Data_Engineering_Foundations/airflow_env/lib/python3.9/site-packages/airflow/example_dags/example_trigger_target_dag.py
[2022-03-18 17:06:22,677] {logging_mixin.py:109} INFO - [2022-03-18 17:06:22,677] {dag.py:2398} INFO - Sync 1 DAGs
[2022-03-18 17:06:22,693] {logging_mixin.py:109} INFO - [2022-03-18 17:06:22,693] {dag.py:2937} INFO - Setting next_dagrun for example_trigger_target_dag to None
[2022-03-18 17:06:22,703] {processor.py:171} INFO - Processing /Users/louisekirkham/Documents/linkedin_learning/Ex_Files_Data_Engineering_Foundations/airflow_env/lib/python3.9/site-packages/airflow/example_dags/example_trigger_target_dag.py took 0.089 seconds
[2022-03-18 17:07:47,121] {processor.py:163} INFO - Started process (PID=46811) to work on /Users/louisekirkham/Documents/linkedin_learning/Ex_Files_Data_Engineering_Foundations/airflow_env/lib/python3.9/site-packages/airflow/example_dags/example_trigger_target_dag.py
[2022-03-18 17:07:47,122] {processor.py:642} INFO - Processing file /Users/louisekirkham/Documents/linkedin_learning/Ex_Files_Data_Engineering_Foundations/airflow_env/lib/python3.9/site-packages/airflow/example_dags/example_trigger_target_dag.py for tasks to queue
[2022-03-18 17:07:47,122] {logging_mixin.py:109} INFO - [2022-03-18 17:07:47,122] {dagbag.py:500} INFO - Filling up the DagBag from /Users/louisekirkham/Documents/linkedin_learning/Ex_Files_Data_Engineering_Foundations/airflow_env/lib/python3.9/site-packages/airflow/example_dags/example_trigger_target_dag.py
[2022-03-18 17:07:47,163] {processor.py:654} INFO - DAG(s) dict_keys(['example_trigger_target_dag']) retrieved from /Users/louisekirkham/Documents/linkedin_learning/Ex_Files_Data_Engineering_Foundations/airflow_env/lib/python3.9/site-packages/airflow/example_dags/example_trigger_target_dag.py
[2022-03-18 17:07:47,176] {logging_mixin.py:109} INFO - [2022-03-18 17:07:47,176] {dag.py:2398} INFO - Sync 1 DAGs
[2022-03-18 17:07:47,184] {logging_mixin.py:109} INFO - [2022-03-18 17:07:47,184] {dag.py:2937} INFO - Setting next_dagrun for example_trigger_target_dag to None
[2022-03-18 17:07:47,190] {processor.py:171} INFO - Processing /Users/louisekirkham/Documents/linkedin_learning/Ex_Files_Data_Engineering_Foundations/airflow_env/lib/python3.9/site-packages/airflow/example_dags/example_trigger_target_dag.py took 0.069 seconds
[2022-03-18 17:08:34,920] {processor.py:163} INFO - Started process (PID=46849) to work on /Users/louisekirkham/Documents/linkedin_learning/Ex_Files_Data_Engineering_Foundations/airflow_env/lib/python3.9/site-packages/airflow/example_dags/example_trigger_target_dag.py
[2022-03-18 17:08:34,920] {processor.py:642} INFO - Processing file /Users/louisekirkham/Documents/linkedin_learning/Ex_Files_Data_Engineering_Foundations/airflow_env/lib/python3.9/site-packages/airflow/example_dags/example_trigger_target_dag.py for tasks to queue
[2022-03-18 17:08:34,920] {logging_mixin.py:109} INFO - [2022-03-18 17:08:34,920] {dagbag.py:500} INFO - Filling up the DagBag from /Users/louisekirkham/Documents/linkedin_learning/Ex_Files_Data_Engineering_Foundations/airflow_env/lib/python3.9/site-packages/airflow/example_dags/example_trigger_target_dag.py
[2022-03-18 17:08:34,960] {processor.py:654} INFO - DAG(s) dict_keys(['example_trigger_target_dag']) retrieved from /Users/louisekirkham/Documents/linkedin_learning/Ex_Files_Data_Engineering_Foundations/airflow_env/lib/python3.9/site-packages/airflow/example_dags/example_trigger_target_dag.py
[2022-03-18 17:08:34,974] {logging_mixin.py:109} INFO - [2022-03-18 17:08:34,974] {dag.py:2398} INFO - Sync 1 DAGs
[2022-03-18 17:08:34,981] {logging_mixin.py:109} INFO - [2022-03-18 17:08:34,981] {dag.py:2937} INFO - Setting next_dagrun for example_trigger_target_dag to None
[2022-03-18 17:08:34,987] {processor.py:171} INFO - Processing /Users/louisekirkham/Documents/linkedin_learning/Ex_Files_Data_Engineering_Foundations/airflow_env/lib/python3.9/site-packages/airflow/example_dags/example_trigger_target_dag.py took 0.068 seconds
[2022-03-18 17:09:58,765] {processor.py:163} INFO - Started process (PID=46916) to work on /Users/louisekirkham/Documents/linkedin_learning/Ex_Files_Data_Engineering_Foundations/airflow_env/lib/python3.9/site-packages/airflow/example_dags/example_trigger_target_dag.py
[2022-03-18 17:09:58,766] {processor.py:642} INFO - Processing file /Users/louisekirkham/Documents/linkedin_learning/Ex_Files_Data_Engineering_Foundations/airflow_env/lib/python3.9/site-packages/airflow/example_dags/example_trigger_target_dag.py for tasks to queue
[2022-03-18 17:09:58,766] {logging_mixin.py:109} INFO - [2022-03-18 17:09:58,766] {dagbag.py:500} INFO - Filling up the DagBag from /Users/louisekirkham/Documents/linkedin_learning/Ex_Files_Data_Engineering_Foundations/airflow_env/lib/python3.9/site-packages/airflow/example_dags/example_trigger_target_dag.py
[2022-03-18 17:09:58,807] {processor.py:654} INFO - DAG(s) dict_keys(['example_trigger_target_dag']) retrieved from /Users/louisekirkham/Documents/linkedin_learning/Ex_Files_Data_Engineering_Foundations/airflow_env/lib/python3.9/site-packages/airflow/example_dags/example_trigger_target_dag.py
[2022-03-18 17:09:58,821] {logging_mixin.py:109} INFO - [2022-03-18 17:09:58,820] {dag.py:2398} INFO - Sync 1 DAGs
[2022-03-18 17:09:58,827] {logging_mixin.py:109} INFO - [2022-03-18 17:09:58,827] {dag.py:2937} INFO - Setting next_dagrun for example_trigger_target_dag to None
[2022-03-18 17:09:58,833] {processor.py:171} INFO - Processing /Users/louisekirkham/Documents/linkedin_learning/Ex_Files_Data_Engineering_Foundations/airflow_env/lib/python3.9/site-packages/airflow/example_dags/example_trigger_target_dag.py took 0.069 seconds
[2022-03-18 17:11:36,859] {processor.py:163} INFO - Started process (PID=46996) to work on /Users/louisekirkham/Documents/linkedin_learning/Ex_Files_Data_Engineering_Foundations/airflow_env/lib/python3.9/site-packages/airflow/example_dags/example_trigger_target_dag.py
[2022-03-18 17:11:36,860] {processor.py:642} INFO - Processing file /Users/louisekirkham/Documents/linkedin_learning/Ex_Files_Data_Engineering_Foundations/airflow_env/lib/python3.9/site-packages/airflow/example_dags/example_trigger_target_dag.py for tasks to queue
[2022-03-18 17:11:36,861] {logging_mixin.py:109} INFO - [2022-03-18 17:11:36,861] {dagbag.py:500} INFO - Filling up the DagBag from /Users/louisekirkham/Documents/linkedin_learning/Ex_Files_Data_Engineering_Foundations/airflow_env/lib/python3.9/site-packages/airflow/example_dags/example_trigger_target_dag.py
[2022-03-18 17:11:36,899] {processor.py:654} INFO - DAG(s) dict_keys(['example_trigger_target_dag']) retrieved from /Users/louisekirkham/Documents/linkedin_learning/Ex_Files_Data_Engineering_Foundations/airflow_env/lib/python3.9/site-packages/airflow/example_dags/example_trigger_target_dag.py
[2022-03-18 17:11:36,913] {logging_mixin.py:109} INFO - [2022-03-18 17:11:36,913] {dag.py:2398} INFO - Sync 1 DAGs
[2022-03-18 17:11:36,920] {logging_mixin.py:109} INFO - [2022-03-18 17:11:36,920] {dag.py:2937} INFO - Setting next_dagrun for example_trigger_target_dag to None
[2022-03-18 17:11:36,926] {processor.py:171} INFO - Processing /Users/louisekirkham/Documents/linkedin_learning/Ex_Files_Data_Engineering_Foundations/airflow_env/lib/python3.9/site-packages/airflow/example_dags/example_trigger_target_dag.py took 0.067 seconds
[2022-03-18 17:13:01,692] {processor.py:163} INFO - Started process (PID=47065) to work on /Users/louisekirkham/Documents/linkedin_learning/Ex_Files_Data_Engineering_Foundations/airflow_env/lib/python3.9/site-packages/airflow/example_dags/example_trigger_target_dag.py
[2022-03-18 17:13:01,693] {processor.py:642} INFO - Processing file /Users/louisekirkham/Documents/linkedin_learning/Ex_Files_Data_Engineering_Foundations/airflow_env/lib/python3.9/site-packages/airflow/example_dags/example_trigger_target_dag.py for tasks to queue
[2022-03-18 17:13:01,694] {logging_mixin.py:109} INFO - [2022-03-18 17:13:01,694] {dagbag.py:500} INFO - Filling up the DagBag from /Users/louisekirkham/Documents/linkedin_learning/Ex_Files_Data_Engineering_Foundations/airflow_env/lib/python3.9/site-packages/airflow/example_dags/example_trigger_target_dag.py
[2022-03-18 17:13:01,731] {processor.py:654} INFO - DAG(s) dict_keys(['example_trigger_target_dag']) retrieved from /Users/louisekirkham/Documents/linkedin_learning/Ex_Files_Data_Engineering_Foundations/airflow_env/lib/python3.9/site-packages/airflow/example_dags/example_trigger_target_dag.py
[2022-03-18 17:13:01,744] {logging_mixin.py:109} INFO - [2022-03-18 17:13:01,744] {dag.py:2398} INFO - Sync 1 DAGs
[2022-03-18 17:13:01,751] {logging_mixin.py:109} INFO - [2022-03-18 17:13:01,751] {dag.py:2937} INFO - Setting next_dagrun for example_trigger_target_dag to None
[2022-03-18 17:13:01,758] {processor.py:171} INFO - Processing /Users/louisekirkham/Documents/linkedin_learning/Ex_Files_Data_Engineering_Foundations/airflow_env/lib/python3.9/site-packages/airflow/example_dags/example_trigger_target_dag.py took 0.067 seconds
[2022-03-18 17:14:26,164] {processor.py:163} INFO - Started process (PID=47123) to work on /Users/louisekirkham/Documents/linkedin_learning/Ex_Files_Data_Engineering_Foundations/airflow_env/lib/python3.9/site-packages/airflow/example_dags/example_trigger_target_dag.py
[2022-03-18 17:14:26,165] {processor.py:642} INFO - Processing file /Users/louisekirkham/Documents/linkedin_learning/Ex_Files_Data_Engineering_Foundations/airflow_env/lib/python3.9/site-packages/airflow/example_dags/example_trigger_target_dag.py for tasks to queue
[2022-03-18 17:14:26,166] {logging_mixin.py:109} INFO - [2022-03-18 17:14:26,166] {dagbag.py:500} INFO - Filling up the DagBag from /Users/louisekirkham/Documents/linkedin_learning/Ex_Files_Data_Engineering_Foundations/airflow_env/lib/python3.9/site-packages/airflow/example_dags/example_trigger_target_dag.py
[2022-03-18 17:14:26,203] {processor.py:654} INFO - DAG(s) dict_keys(['example_trigger_target_dag']) retrieved from /Users/louisekirkham/Documents/linkedin_learning/Ex_Files_Data_Engineering_Foundations/airflow_env/lib/python3.9/site-packages/airflow/example_dags/example_trigger_target_dag.py
[2022-03-18 17:14:26,217] {logging_mixin.py:109} INFO - [2022-03-18 17:14:26,217] {dag.py:2398} INFO - Sync 1 DAGs
[2022-03-18 17:14:26,224] {logging_mixin.py:109} INFO - [2022-03-18 17:14:26,224] {dag.py:2937} INFO - Setting next_dagrun for example_trigger_target_dag to None
[2022-03-18 17:14:26,230] {processor.py:171} INFO - Processing /Users/louisekirkham/Documents/linkedin_learning/Ex_Files_Data_Engineering_Foundations/airflow_env/lib/python3.9/site-packages/airflow/example_dags/example_trigger_target_dag.py took 0.067 seconds
[2022-03-18 17:15:51,787] {processor.py:163} INFO - Started process (PID=47189) to work on /Users/louisekirkham/Documents/linkedin_learning/Ex_Files_Data_Engineering_Foundations/airflow_env/lib/python3.9/site-packages/airflow/example_dags/example_trigger_target_dag.py
[2022-03-18 17:15:51,788] {processor.py:642} INFO - Processing file /Users/louisekirkham/Documents/linkedin_learning/Ex_Files_Data_Engineering_Foundations/airflow_env/lib/python3.9/site-packages/airflow/example_dags/example_trigger_target_dag.py for tasks to queue
[2022-03-18 17:15:51,789] {logging_mixin.py:109} INFO - [2022-03-18 17:15:51,788] {dagbag.py:500} INFO - Filling up the DagBag from /Users/louisekirkham/Documents/linkedin_learning/Ex_Files_Data_Engineering_Foundations/airflow_env/lib/python3.9/site-packages/airflow/example_dags/example_trigger_target_dag.py
[2022-03-18 17:15:51,829] {processor.py:654} INFO - DAG(s) dict_keys(['example_trigger_target_dag']) retrieved from /Users/louisekirkham/Documents/linkedin_learning/Ex_Files_Data_Engineering_Foundations/airflow_env/lib/python3.9/site-packages/airflow/example_dags/example_trigger_target_dag.py
[2022-03-18 17:15:51,844] {logging_mixin.py:109} INFO - [2022-03-18 17:15:51,843] {dag.py:2398} INFO - Sync 1 DAGs
[2022-03-18 17:15:51,852] {logging_mixin.py:109} INFO - [2022-03-18 17:15:51,852] {dag.py:2937} INFO - Setting next_dagrun for example_trigger_target_dag to None
[2022-03-18 17:15:51,859] {processor.py:171} INFO - Processing /Users/louisekirkham/Documents/linkedin_learning/Ex_Files_Data_Engineering_Foundations/airflow_env/lib/python3.9/site-packages/airflow/example_dags/example_trigger_target_dag.py took 0.073 seconds
[2022-03-18 17:17:16,194] {processor.py:163} INFO - Started process (PID=47263) to work on /Users/louisekirkham/Documents/linkedin_learning/Ex_Files_Data_Engineering_Foundations/airflow_env/lib/python3.9/site-packages/airflow/example_dags/example_trigger_target_dag.py
[2022-03-18 17:17:16,195] {processor.py:642} INFO - Processing file /Users/louisekirkham/Documents/linkedin_learning/Ex_Files_Data_Engineering_Foundations/airflow_env/lib/python3.9/site-packages/airflow/example_dags/example_trigger_target_dag.py for tasks to queue
[2022-03-18 17:17:16,197] {logging_mixin.py:109} INFO - [2022-03-18 17:17:16,197] {dagbag.py:500} INFO - Filling up the DagBag from /Users/louisekirkham/Documents/linkedin_learning/Ex_Files_Data_Engineering_Foundations/airflow_env/lib/python3.9/site-packages/airflow/example_dags/example_trigger_target_dag.py
[2022-03-18 17:17:16,234] {processor.py:654} INFO - DAG(s) dict_keys(['example_trigger_target_dag']) retrieved from /Users/louisekirkham/Documents/linkedin_learning/Ex_Files_Data_Engineering_Foundations/airflow_env/lib/python3.9/site-packages/airflow/example_dags/example_trigger_target_dag.py
[2022-03-18 17:17:16,247] {logging_mixin.py:109} INFO - [2022-03-18 17:17:16,247] {dag.py:2398} INFO - Sync 1 DAGs
[2022-03-18 17:17:16,254] {logging_mixin.py:109} INFO - [2022-03-18 17:17:16,254] {dag.py:2937} INFO - Setting next_dagrun for example_trigger_target_dag to None
[2022-03-18 17:17:16,260] {processor.py:171} INFO - Processing /Users/louisekirkham/Documents/linkedin_learning/Ex_Files_Data_Engineering_Foundations/airflow_env/lib/python3.9/site-packages/airflow/example_dags/example_trigger_target_dag.py took 0.067 seconds
[2022-03-18 17:18:40,951] {processor.py:163} INFO - Started process (PID=47330) to work on /Users/louisekirkham/Documents/linkedin_learning/Ex_Files_Data_Engineering_Foundations/airflow_env/lib/python3.9/site-packages/airflow/example_dags/example_trigger_target_dag.py
[2022-03-18 17:18:40,953] {processor.py:642} INFO - Processing file /Users/louisekirkham/Documents/linkedin_learning/Ex_Files_Data_Engineering_Foundations/airflow_env/lib/python3.9/site-packages/airflow/example_dags/example_trigger_target_dag.py for tasks to queue
[2022-03-18 17:18:40,953] {logging_mixin.py:109} INFO - [2022-03-18 17:18:40,953] {dagbag.py:500} INFO - Filling up the DagBag from /Users/louisekirkham/Documents/linkedin_learning/Ex_Files_Data_Engineering_Foundations/airflow_env/lib/python3.9/site-packages/airflow/example_dags/example_trigger_target_dag.py
[2022-03-18 17:18:40,993] {processor.py:654} INFO - DAG(s) dict_keys(['example_trigger_target_dag']) retrieved from /Users/louisekirkham/Documents/linkedin_learning/Ex_Files_Data_Engineering_Foundations/airflow_env/lib/python3.9/site-packages/airflow/example_dags/example_trigger_target_dag.py
[2022-03-18 17:18:41,008] {logging_mixin.py:109} INFO - [2022-03-18 17:18:41,008] {dag.py:2398} INFO - Sync 1 DAGs
[2022-03-18 17:18:41,016] {logging_mixin.py:109} INFO - [2022-03-18 17:18:41,016] {dag.py:2937} INFO - Setting next_dagrun for example_trigger_target_dag to None
[2022-03-18 17:18:41,026] {processor.py:171} INFO - Processing /Users/louisekirkham/Documents/linkedin_learning/Ex_Files_Data_Engineering_Foundations/airflow_env/lib/python3.9/site-packages/airflow/example_dags/example_trigger_target_dag.py took 0.075 seconds
[2022-03-18 17:20:04,583] {processor.py:163} INFO - Started process (PID=47401) to work on /Users/louisekirkham/Documents/linkedin_learning/Ex_Files_Data_Engineering_Foundations/airflow_env/lib/python3.9/site-packages/airflow/example_dags/example_trigger_target_dag.py
[2022-03-18 17:20:04,584] {processor.py:642} INFO - Processing file /Users/louisekirkham/Documents/linkedin_learning/Ex_Files_Data_Engineering_Foundations/airflow_env/lib/python3.9/site-packages/airflow/example_dags/example_trigger_target_dag.py for tasks to queue
[2022-03-18 17:20:04,584] {logging_mixin.py:109} INFO - [2022-03-18 17:20:04,584] {dagbag.py:500} INFO - Filling up the DagBag from /Users/louisekirkham/Documents/linkedin_learning/Ex_Files_Data_Engineering_Foundations/airflow_env/lib/python3.9/site-packages/airflow/example_dags/example_trigger_target_dag.py
[2022-03-18 17:20:04,621] {processor.py:654} INFO - DAG(s) dict_keys(['example_trigger_target_dag']) retrieved from /Users/louisekirkham/Documents/linkedin_learning/Ex_Files_Data_Engineering_Foundations/airflow_env/lib/python3.9/site-packages/airflow/example_dags/example_trigger_target_dag.py
[2022-03-18 17:20:04,634] {logging_mixin.py:109} INFO - [2022-03-18 17:20:04,634] {dag.py:2398} INFO - Sync 1 DAGs
[2022-03-18 17:20:04,641] {logging_mixin.py:109} INFO - [2022-03-18 17:20:04,641] {dag.py:2937} INFO - Setting next_dagrun for example_trigger_target_dag to None
[2022-03-18 17:20:04,648] {processor.py:171} INFO - Processing /Users/louisekirkham/Documents/linkedin_learning/Ex_Files_Data_Engineering_Foundations/airflow_env/lib/python3.9/site-packages/airflow/example_dags/example_trigger_target_dag.py took 0.066 seconds
[2022-03-18 17:23:54,653] {processor.py:163} INFO - Started process (PID=47531) to work on /Users/louisekirkham/Documents/linkedin_learning/Ex_Files_Data_Engineering_Foundations/airflow_env/lib/python3.9/site-packages/airflow/example_dags/example_trigger_target_dag.py
[2022-03-18 17:23:54,654] {processor.py:642} INFO - Processing file /Users/louisekirkham/Documents/linkedin_learning/Ex_Files_Data_Engineering_Foundations/airflow_env/lib/python3.9/site-packages/airflow/example_dags/example_trigger_target_dag.py for tasks to queue
[2022-03-18 17:23:54,654] {logging_mixin.py:109} INFO - [2022-03-18 17:23:54,654] {dagbag.py:500} INFO - Filling up the DagBag from /Users/louisekirkham/Documents/linkedin_learning/Ex_Files_Data_Engineering_Foundations/airflow_env/lib/python3.9/site-packages/airflow/example_dags/example_trigger_target_dag.py
[2022-03-18 17:23:54,693] {processor.py:654} INFO - DAG(s) dict_keys(['example_trigger_target_dag']) retrieved from /Users/louisekirkham/Documents/linkedin_learning/Ex_Files_Data_Engineering_Foundations/airflow_env/lib/python3.9/site-packages/airflow/example_dags/example_trigger_target_dag.py
[2022-03-18 17:23:54,715] {logging_mixin.py:109} INFO - [2022-03-18 17:23:54,715] {dag.py:2398} INFO - Sync 1 DAGs
[2022-03-18 17:23:54,725] {logging_mixin.py:109} INFO - [2022-03-18 17:23:54,725] {dag.py:2937} INFO - Setting next_dagrun for example_trigger_target_dag to None
[2022-03-18 17:23:54,732] {processor.py:171} INFO - Processing /Users/louisekirkham/Documents/linkedin_learning/Ex_Files_Data_Engineering_Foundations/airflow_env/lib/python3.9/site-packages/airflow/example_dags/example_trigger_target_dag.py took 0.080 seconds
[2022-03-18 17:25:12,131] {processor.py:163} INFO - Started process (PID=47601) to work on /Users/louisekirkham/Documents/linkedin_learning/Ex_Files_Data_Engineering_Foundations/airflow_env/lib/python3.9/site-packages/airflow/example_dags/example_trigger_target_dag.py
[2022-03-18 17:25:12,132] {processor.py:642} INFO - Processing file /Users/louisekirkham/Documents/linkedin_learning/Ex_Files_Data_Engineering_Foundations/airflow_env/lib/python3.9/site-packages/airflow/example_dags/example_trigger_target_dag.py for tasks to queue
[2022-03-18 17:25:12,133] {logging_mixin.py:109} INFO - [2022-03-18 17:25:12,133] {dagbag.py:500} INFO - Filling up the DagBag from /Users/louisekirkham/Documents/linkedin_learning/Ex_Files_Data_Engineering_Foundations/airflow_env/lib/python3.9/site-packages/airflow/example_dags/example_trigger_target_dag.py
[2022-03-18 17:25:12,196] {processor.py:654} INFO - DAG(s) dict_keys(['example_trigger_target_dag']) retrieved from /Users/louisekirkham/Documents/linkedin_learning/Ex_Files_Data_Engineering_Foundations/airflow_env/lib/python3.9/site-packages/airflow/example_dags/example_trigger_target_dag.py
[2022-03-18 17:25:12,215] {logging_mixin.py:109} INFO - [2022-03-18 17:25:12,215] {dag.py:2398} INFO - Sync 1 DAGs
[2022-03-18 17:25:12,227] {logging_mixin.py:109} INFO - [2022-03-18 17:25:12,227] {dag.py:2937} INFO - Setting next_dagrun for example_trigger_target_dag to None
[2022-03-18 17:25:12,238] {processor.py:171} INFO - Processing /Users/louisekirkham/Documents/linkedin_learning/Ex_Files_Data_Engineering_Foundations/airflow_env/lib/python3.9/site-packages/airflow/example_dags/example_trigger_target_dag.py took 0.108 seconds
[2022-03-18 17:26:41,893] {processor.py:163} INFO - Started process (PID=47676) to work on /Users/louisekirkham/Documents/linkedin_learning/Ex_Files_Data_Engineering_Foundations/airflow_env/lib/python3.9/site-packages/airflow/example_dags/example_trigger_target_dag.py
[2022-03-18 17:26:41,894] {processor.py:642} INFO - Processing file /Users/louisekirkham/Documents/linkedin_learning/Ex_Files_Data_Engineering_Foundations/airflow_env/lib/python3.9/site-packages/airflow/example_dags/example_trigger_target_dag.py for tasks to queue
[2022-03-18 17:26:41,894] {logging_mixin.py:109} INFO - [2022-03-18 17:26:41,894] {dagbag.py:500} INFO - Filling up the DagBag from /Users/louisekirkham/Documents/linkedin_learning/Ex_Files_Data_Engineering_Foundations/airflow_env/lib/python3.9/site-packages/airflow/example_dags/example_trigger_target_dag.py
[2022-03-18 17:26:41,933] {processor.py:654} INFO - DAG(s) dict_keys(['example_trigger_target_dag']) retrieved from /Users/louisekirkham/Documents/linkedin_learning/Ex_Files_Data_Engineering_Foundations/airflow_env/lib/python3.9/site-packages/airflow/example_dags/example_trigger_target_dag.py
[2022-03-18 17:26:41,949] {logging_mixin.py:109} INFO - [2022-03-18 17:26:41,949] {dag.py:2398} INFO - Sync 1 DAGs
[2022-03-18 17:26:41,955] {logging_mixin.py:109} INFO - [2022-03-18 17:26:41,955] {dag.py:2937} INFO - Setting next_dagrun for example_trigger_target_dag to None
[2022-03-18 17:26:41,962] {processor.py:171} INFO - Processing /Users/louisekirkham/Documents/linkedin_learning/Ex_Files_Data_Engineering_Foundations/airflow_env/lib/python3.9/site-packages/airflow/example_dags/example_trigger_target_dag.py took 0.069 seconds
[2022-03-18 17:28:22,917] {processor.py:163} INFO - Started process (PID=47743) to work on /Users/louisekirkham/Documents/linkedin_learning/Ex_Files_Data_Engineering_Foundations/airflow_env/lib/python3.9/site-packages/airflow/example_dags/example_trigger_target_dag.py
[2022-03-18 17:28:22,918] {processor.py:642} INFO - Processing file /Users/louisekirkham/Documents/linkedin_learning/Ex_Files_Data_Engineering_Foundations/airflow_env/lib/python3.9/site-packages/airflow/example_dags/example_trigger_target_dag.py for tasks to queue
[2022-03-18 17:28:22,918] {logging_mixin.py:109} INFO - [2022-03-18 17:28:22,918] {dagbag.py:500} INFO - Filling up the DagBag from /Users/louisekirkham/Documents/linkedin_learning/Ex_Files_Data_Engineering_Foundations/airflow_env/lib/python3.9/site-packages/airflow/example_dags/example_trigger_target_dag.py
[2022-03-18 17:28:22,955] {processor.py:654} INFO - DAG(s) dict_keys(['example_trigger_target_dag']) retrieved from /Users/louisekirkham/Documents/linkedin_learning/Ex_Files_Data_Engineering_Foundations/airflow_env/lib/python3.9/site-packages/airflow/example_dags/example_trigger_target_dag.py
[2022-03-18 17:28:22,967] {logging_mixin.py:109} INFO - [2022-03-18 17:28:22,967] {dag.py:2398} INFO - Sync 1 DAGs
[2022-03-18 17:28:22,974] {logging_mixin.py:109} INFO - [2022-03-18 17:28:22,974] {dag.py:2937} INFO - Setting next_dagrun for example_trigger_target_dag to None
[2022-03-18 17:28:22,979] {processor.py:171} INFO - Processing /Users/louisekirkham/Documents/linkedin_learning/Ex_Files_Data_Engineering_Foundations/airflow_env/lib/python3.9/site-packages/airflow/example_dags/example_trigger_target_dag.py took 0.063 seconds
[2022-03-18 17:30:28,797] {processor.py:163} INFO - Started process (PID=47843) to work on /Users/louisekirkham/Documents/linkedin_learning/Ex_Files_Data_Engineering_Foundations/airflow_env/lib/python3.9/site-packages/airflow/example_dags/example_trigger_target_dag.py
[2022-03-18 17:30:28,797] {processor.py:642} INFO - Processing file /Users/louisekirkham/Documents/linkedin_learning/Ex_Files_Data_Engineering_Foundations/airflow_env/lib/python3.9/site-packages/airflow/example_dags/example_trigger_target_dag.py for tasks to queue
[2022-03-18 17:30:28,797] {logging_mixin.py:109} INFO - [2022-03-18 17:30:28,797] {dagbag.py:500} INFO - Filling up the DagBag from /Users/louisekirkham/Documents/linkedin_learning/Ex_Files_Data_Engineering_Foundations/airflow_env/lib/python3.9/site-packages/airflow/example_dags/example_trigger_target_dag.py
[2022-03-18 17:30:28,845] {processor.py:654} INFO - DAG(s) dict_keys(['example_trigger_target_dag']) retrieved from /Users/louisekirkham/Documents/linkedin_learning/Ex_Files_Data_Engineering_Foundations/airflow_env/lib/python3.9/site-packages/airflow/example_dags/example_trigger_target_dag.py
[2022-03-18 17:30:28,859] {logging_mixin.py:109} INFO - [2022-03-18 17:30:28,858] {dag.py:2398} INFO - Sync 1 DAGs
[2022-03-18 17:30:28,865] {logging_mixin.py:109} INFO - [2022-03-18 17:30:28,865] {dag.py:2937} INFO - Setting next_dagrun for example_trigger_target_dag to None
[2022-03-18 17:30:28,871] {processor.py:171} INFO - Processing /Users/louisekirkham/Documents/linkedin_learning/Ex_Files_Data_Engineering_Foundations/airflow_env/lib/python3.9/site-packages/airflow/example_dags/example_trigger_target_dag.py took 0.076 seconds
[2022-03-18 17:31:40,574] {processor.py:163} INFO - Started process (PID=47921) to work on /Users/louisekirkham/Documents/linkedin_learning/Ex_Files_Data_Engineering_Foundations/airflow_env/lib/python3.9/site-packages/airflow/example_dags/example_trigger_target_dag.py
[2022-03-18 17:31:40,574] {processor.py:642} INFO - Processing file /Users/louisekirkham/Documents/linkedin_learning/Ex_Files_Data_Engineering_Foundations/airflow_env/lib/python3.9/site-packages/airflow/example_dags/example_trigger_target_dag.py for tasks to queue
[2022-03-18 17:31:40,575] {logging_mixin.py:109} INFO - [2022-03-18 17:31:40,575] {dagbag.py:500} INFO - Filling up the DagBag from /Users/louisekirkham/Documents/linkedin_learning/Ex_Files_Data_Engineering_Foundations/airflow_env/lib/python3.9/site-packages/airflow/example_dags/example_trigger_target_dag.py
[2022-03-18 17:31:40,622] {processor.py:654} INFO - DAG(s) dict_keys(['example_trigger_target_dag']) retrieved from /Users/louisekirkham/Documents/linkedin_learning/Ex_Files_Data_Engineering_Foundations/airflow_env/lib/python3.9/site-packages/airflow/example_dags/example_trigger_target_dag.py
[2022-03-18 17:31:40,639] {logging_mixin.py:109} INFO - [2022-03-18 17:31:40,639] {dag.py:2398} INFO - Sync 1 DAGs
[2022-03-18 17:31:40,647] {logging_mixin.py:109} INFO - [2022-03-18 17:31:40,647] {dag.py:2937} INFO - Setting next_dagrun for example_trigger_target_dag to None
[2022-03-18 17:31:40,655] {processor.py:171} INFO - Processing /Users/louisekirkham/Documents/linkedin_learning/Ex_Files_Data_Engineering_Foundations/airflow_env/lib/python3.9/site-packages/airflow/example_dags/example_trigger_target_dag.py took 0.081 seconds
[2022-03-18 17:32:53,639] {processor.py:163} INFO - Started process (PID=47979) to work on /Users/louisekirkham/Documents/linkedin_learning/Ex_Files_Data_Engineering_Foundations/airflow_env/lib/python3.9/site-packages/airflow/example_dags/example_trigger_target_dag.py
[2022-03-18 17:32:53,639] {processor.py:642} INFO - Processing file /Users/louisekirkham/Documents/linkedin_learning/Ex_Files_Data_Engineering_Foundations/airflow_env/lib/python3.9/site-packages/airflow/example_dags/example_trigger_target_dag.py for tasks to queue
[2022-03-18 17:32:53,639] {logging_mixin.py:109} INFO - [2022-03-18 17:32:53,639] {dagbag.py:500} INFO - Filling up the DagBag from /Users/louisekirkham/Documents/linkedin_learning/Ex_Files_Data_Engineering_Foundations/airflow_env/lib/python3.9/site-packages/airflow/example_dags/example_trigger_target_dag.py
[2022-03-18 17:32:53,680] {processor.py:654} INFO - DAG(s) dict_keys(['example_trigger_target_dag']) retrieved from /Users/louisekirkham/Documents/linkedin_learning/Ex_Files_Data_Engineering_Foundations/airflow_env/lib/python3.9/site-packages/airflow/example_dags/example_trigger_target_dag.py
[2022-03-18 17:32:53,694] {logging_mixin.py:109} INFO - [2022-03-18 17:32:53,694] {dag.py:2398} INFO - Sync 1 DAGs
[2022-03-18 17:32:53,702] {logging_mixin.py:109} INFO - [2022-03-18 17:32:53,702] {dag.py:2937} INFO - Setting next_dagrun for example_trigger_target_dag to None
[2022-03-18 17:32:53,709] {processor.py:171} INFO - Processing /Users/louisekirkham/Documents/linkedin_learning/Ex_Files_Data_Engineering_Foundations/airflow_env/lib/python3.9/site-packages/airflow/example_dags/example_trigger_target_dag.py took 0.070 seconds
[2022-03-18 17:34:15,636] {processor.py:163} INFO - Started process (PID=48445) to work on /Users/louisekirkham/Documents/linkedin_learning/Ex_Files_Data_Engineering_Foundations/airflow_env/lib/python3.9/site-packages/airflow/example_dags/example_trigger_target_dag.py
[2022-03-18 17:34:15,637] {processor.py:642} INFO - Processing file /Users/louisekirkham/Documents/linkedin_learning/Ex_Files_Data_Engineering_Foundations/airflow_env/lib/python3.9/site-packages/airflow/example_dags/example_trigger_target_dag.py for tasks to queue
[2022-03-18 17:34:15,637] {logging_mixin.py:109} INFO - [2022-03-18 17:34:15,637] {dagbag.py:500} INFO - Filling up the DagBag from /Users/louisekirkham/Documents/linkedin_learning/Ex_Files_Data_Engineering_Foundations/airflow_env/lib/python3.9/site-packages/airflow/example_dags/example_trigger_target_dag.py
[2022-03-18 17:34:15,676] {processor.py:654} INFO - DAG(s) dict_keys(['example_trigger_target_dag']) retrieved from /Users/louisekirkham/Documents/linkedin_learning/Ex_Files_Data_Engineering_Foundations/airflow_env/lib/python3.9/site-packages/airflow/example_dags/example_trigger_target_dag.py
[2022-03-18 17:34:15,689] {logging_mixin.py:109} INFO - [2022-03-18 17:34:15,689] {dag.py:2398} INFO - Sync 1 DAGs
[2022-03-18 17:34:15,696] {logging_mixin.py:109} INFO - [2022-03-18 17:34:15,696] {dag.py:2937} INFO - Setting next_dagrun for example_trigger_target_dag to None
[2022-03-18 17:34:15,701] {processor.py:171} INFO - Processing /Users/louisekirkham/Documents/linkedin_learning/Ex_Files_Data_Engineering_Foundations/airflow_env/lib/python3.9/site-packages/airflow/example_dags/example_trigger_target_dag.py took 0.066 seconds
[2022-03-18 17:35:37,099] {processor.py:163} INFO - Started process (PID=48529) to work on /Users/louisekirkham/Documents/linkedin_learning/Ex_Files_Data_Engineering_Foundations/airflow_env/lib/python3.9/site-packages/airflow/example_dags/example_trigger_target_dag.py
[2022-03-18 17:35:37,100] {processor.py:642} INFO - Processing file /Users/louisekirkham/Documents/linkedin_learning/Ex_Files_Data_Engineering_Foundations/airflow_env/lib/python3.9/site-packages/airflow/example_dags/example_trigger_target_dag.py for tasks to queue
[2022-03-18 17:35:37,100] {logging_mixin.py:109} INFO - [2022-03-18 17:35:37,100] {dagbag.py:500} INFO - Filling up the DagBag from /Users/louisekirkham/Documents/linkedin_learning/Ex_Files_Data_Engineering_Foundations/airflow_env/lib/python3.9/site-packages/airflow/example_dags/example_trigger_target_dag.py
[2022-03-18 17:35:37,143] {processor.py:654} INFO - DAG(s) dict_keys(['example_trigger_target_dag']) retrieved from /Users/louisekirkham/Documents/linkedin_learning/Ex_Files_Data_Engineering_Foundations/airflow_env/lib/python3.9/site-packages/airflow/example_dags/example_trigger_target_dag.py
[2022-03-18 17:35:37,157] {logging_mixin.py:109} INFO - [2022-03-18 17:35:37,157] {dag.py:2398} INFO - Sync 1 DAGs
[2022-03-18 17:35:37,165] {logging_mixin.py:109} INFO - [2022-03-18 17:35:37,165] {dag.py:2937} INFO - Setting next_dagrun for example_trigger_target_dag to None
[2022-03-18 17:35:37,171] {processor.py:171} INFO - Processing /Users/louisekirkham/Documents/linkedin_learning/Ex_Files_Data_Engineering_Foundations/airflow_env/lib/python3.9/site-packages/airflow/example_dags/example_trigger_target_dag.py took 0.072 seconds
[2022-03-18 17:37:02,254] {processor.py:163} INFO - Started process (PID=48613) to work on /Users/louisekirkham/Documents/linkedin_learning/Ex_Files_Data_Engineering_Foundations/airflow_env/lib/python3.9/site-packages/airflow/example_dags/example_trigger_target_dag.py
[2022-03-18 17:37:02,254] {processor.py:642} INFO - Processing file /Users/louisekirkham/Documents/linkedin_learning/Ex_Files_Data_Engineering_Foundations/airflow_env/lib/python3.9/site-packages/airflow/example_dags/example_trigger_target_dag.py for tasks to queue
[2022-03-18 17:37:02,254] {logging_mixin.py:109} INFO - [2022-03-18 17:37:02,254] {dagbag.py:500} INFO - Filling up the DagBag from /Users/louisekirkham/Documents/linkedin_learning/Ex_Files_Data_Engineering_Foundations/airflow_env/lib/python3.9/site-packages/airflow/example_dags/example_trigger_target_dag.py
[2022-03-18 17:37:02,291] {processor.py:654} INFO - DAG(s) dict_keys(['example_trigger_target_dag']) retrieved from /Users/louisekirkham/Documents/linkedin_learning/Ex_Files_Data_Engineering_Foundations/airflow_env/lib/python3.9/site-packages/airflow/example_dags/example_trigger_target_dag.py
[2022-03-18 17:37:02,306] {logging_mixin.py:109} INFO - [2022-03-18 17:37:02,306] {dag.py:2398} INFO - Sync 1 DAGs
[2022-03-18 17:37:02,312] {logging_mixin.py:109} INFO - [2022-03-18 17:37:02,312] {dag.py:2937} INFO - Setting next_dagrun for example_trigger_target_dag to None
[2022-03-18 17:37:02,318] {processor.py:171} INFO - Processing /Users/louisekirkham/Documents/linkedin_learning/Ex_Files_Data_Engineering_Foundations/airflow_env/lib/python3.9/site-packages/airflow/example_dags/example_trigger_target_dag.py took 0.065 seconds
[2022-03-18 17:38:26,304] {processor.py:163} INFO - Started process (PID=48674) to work on /Users/louisekirkham/Documents/linkedin_learning/Ex_Files_Data_Engineering_Foundations/airflow_env/lib/python3.9/site-packages/airflow/example_dags/example_trigger_target_dag.py
[2022-03-18 17:38:26,304] {processor.py:642} INFO - Processing file /Users/louisekirkham/Documents/linkedin_learning/Ex_Files_Data_Engineering_Foundations/airflow_env/lib/python3.9/site-packages/airflow/example_dags/example_trigger_target_dag.py for tasks to queue
[2022-03-18 17:38:26,305] {logging_mixin.py:109} INFO - [2022-03-18 17:38:26,305] {dagbag.py:500} INFO - Filling up the DagBag from /Users/louisekirkham/Documents/linkedin_learning/Ex_Files_Data_Engineering_Foundations/airflow_env/lib/python3.9/site-packages/airflow/example_dags/example_trigger_target_dag.py
[2022-03-18 17:38:26,343] {processor.py:654} INFO - DAG(s) dict_keys(['example_trigger_target_dag']) retrieved from /Users/louisekirkham/Documents/linkedin_learning/Ex_Files_Data_Engineering_Foundations/airflow_env/lib/python3.9/site-packages/airflow/example_dags/example_trigger_target_dag.py
[2022-03-18 17:38:26,357] {logging_mixin.py:109} INFO - [2022-03-18 17:38:26,357] {dag.py:2398} INFO - Sync 1 DAGs
[2022-03-18 17:38:26,364] {logging_mixin.py:109} INFO - [2022-03-18 17:38:26,364] {dag.py:2937} INFO - Setting next_dagrun for example_trigger_target_dag to None
[2022-03-18 17:38:26,371] {processor.py:171} INFO - Processing /Users/louisekirkham/Documents/linkedin_learning/Ex_Files_Data_Engineering_Foundations/airflow_env/lib/python3.9/site-packages/airflow/example_dags/example_trigger_target_dag.py took 0.067 seconds
[2022-03-18 17:39:52,947] {processor.py:163} INFO - Started process (PID=48752) to work on /Users/louisekirkham/Documents/linkedin_learning/Ex_Files_Data_Engineering_Foundations/airflow_env/lib/python3.9/site-packages/airflow/example_dags/example_trigger_target_dag.py
[2022-03-18 17:39:52,949] {processor.py:642} INFO - Processing file /Users/louisekirkham/Documents/linkedin_learning/Ex_Files_Data_Engineering_Foundations/airflow_env/lib/python3.9/site-packages/airflow/example_dags/example_trigger_target_dag.py for tasks to queue
[2022-03-18 17:39:52,949] {logging_mixin.py:109} INFO - [2022-03-18 17:39:52,949] {dagbag.py:500} INFO - Filling up the DagBag from /Users/louisekirkham/Documents/linkedin_learning/Ex_Files_Data_Engineering_Foundations/airflow_env/lib/python3.9/site-packages/airflow/example_dags/example_trigger_target_dag.py
[2022-03-18 17:39:52,987] {processor.py:654} INFO - DAG(s) dict_keys(['example_trigger_target_dag']) retrieved from /Users/louisekirkham/Documents/linkedin_learning/Ex_Files_Data_Engineering_Foundations/airflow_env/lib/python3.9/site-packages/airflow/example_dags/example_trigger_target_dag.py
[2022-03-18 17:39:53,001] {logging_mixin.py:109} INFO - [2022-03-18 17:39:53,001] {dag.py:2398} INFO - Sync 1 DAGs
[2022-03-18 17:39:53,008] {logging_mixin.py:109} INFO - [2022-03-18 17:39:53,008] {dag.py:2937} INFO - Setting next_dagrun for example_trigger_target_dag to None
[2022-03-18 17:39:53,017] {processor.py:171} INFO - Processing /Users/louisekirkham/Documents/linkedin_learning/Ex_Files_Data_Engineering_Foundations/airflow_env/lib/python3.9/site-packages/airflow/example_dags/example_trigger_target_dag.py took 0.071 seconds
[2022-03-18 17:41:14,084] {processor.py:163} INFO - Started process (PID=48843) to work on /Users/louisekirkham/Documents/linkedin_learning/Ex_Files_Data_Engineering_Foundations/airflow_env/lib/python3.9/site-packages/airflow/example_dags/example_trigger_target_dag.py
[2022-03-18 17:41:14,084] {processor.py:642} INFO - Processing file /Users/louisekirkham/Documents/linkedin_learning/Ex_Files_Data_Engineering_Foundations/airflow_env/lib/python3.9/site-packages/airflow/example_dags/example_trigger_target_dag.py for tasks to queue
[2022-03-18 17:41:14,084] {logging_mixin.py:109} INFO - [2022-03-18 17:41:14,084] {dagbag.py:500} INFO - Filling up the DagBag from /Users/louisekirkham/Documents/linkedin_learning/Ex_Files_Data_Engineering_Foundations/airflow_env/lib/python3.9/site-packages/airflow/example_dags/example_trigger_target_dag.py
[2022-03-18 17:41:14,121] {processor.py:654} INFO - DAG(s) dict_keys(['example_trigger_target_dag']) retrieved from /Users/louisekirkham/Documents/linkedin_learning/Ex_Files_Data_Engineering_Foundations/airflow_env/lib/python3.9/site-packages/airflow/example_dags/example_trigger_target_dag.py
[2022-03-18 17:41:14,135] {logging_mixin.py:109} INFO - [2022-03-18 17:41:14,135] {dag.py:2398} INFO - Sync 1 DAGs
[2022-03-18 17:41:14,143] {logging_mixin.py:109} INFO - [2022-03-18 17:41:14,143] {dag.py:2937} INFO - Setting next_dagrun for example_trigger_target_dag to None
[2022-03-18 17:41:14,152] {processor.py:171} INFO - Processing /Users/louisekirkham/Documents/linkedin_learning/Ex_Files_Data_Engineering_Foundations/airflow_env/lib/python3.9/site-packages/airflow/example_dags/example_trigger_target_dag.py took 0.068 seconds
[2022-03-18 17:42:38,704] {processor.py:163} INFO - Started process (PID=48925) to work on /Users/louisekirkham/Documents/linkedin_learning/Ex_Files_Data_Engineering_Foundations/airflow_env/lib/python3.9/site-packages/airflow/example_dags/example_trigger_target_dag.py
[2022-03-18 17:42:38,704] {processor.py:642} INFO - Processing file /Users/louisekirkham/Documents/linkedin_learning/Ex_Files_Data_Engineering_Foundations/airflow_env/lib/python3.9/site-packages/airflow/example_dags/example_trigger_target_dag.py for tasks to queue
[2022-03-18 17:42:38,704] {logging_mixin.py:109} INFO - [2022-03-18 17:42:38,704] {dagbag.py:500} INFO - Filling up the DagBag from /Users/louisekirkham/Documents/linkedin_learning/Ex_Files_Data_Engineering_Foundations/airflow_env/lib/python3.9/site-packages/airflow/example_dags/example_trigger_target_dag.py
[2022-03-18 17:42:38,744] {processor.py:654} INFO - DAG(s) dict_keys(['example_trigger_target_dag']) retrieved from /Users/louisekirkham/Documents/linkedin_learning/Ex_Files_Data_Engineering_Foundations/airflow_env/lib/python3.9/site-packages/airflow/example_dags/example_trigger_target_dag.py
[2022-03-18 17:42:38,757] {logging_mixin.py:109} INFO - [2022-03-18 17:42:38,757] {dag.py:2398} INFO - Sync 1 DAGs
[2022-03-18 17:42:38,763] {logging_mixin.py:109} INFO - [2022-03-18 17:42:38,763] {dag.py:2937} INFO - Setting next_dagrun for example_trigger_target_dag to None
[2022-03-18 17:42:38,769] {processor.py:171} INFO - Processing /Users/louisekirkham/Documents/linkedin_learning/Ex_Files_Data_Engineering_Foundations/airflow_env/lib/python3.9/site-packages/airflow/example_dags/example_trigger_target_dag.py took 0.066 seconds
[2022-03-18 17:43:59,221] {processor.py:163} INFO - Started process (PID=48986) to work on /Users/louisekirkham/Documents/linkedin_learning/Ex_Files_Data_Engineering_Foundations/airflow_env/lib/python3.9/site-packages/airflow/example_dags/example_trigger_target_dag.py
[2022-03-18 17:43:59,221] {processor.py:642} INFO - Processing file /Users/louisekirkham/Documents/linkedin_learning/Ex_Files_Data_Engineering_Foundations/airflow_env/lib/python3.9/site-packages/airflow/example_dags/example_trigger_target_dag.py for tasks to queue
[2022-03-18 17:43:59,222] {logging_mixin.py:109} INFO - [2022-03-18 17:43:59,222] {dagbag.py:500} INFO - Filling up the DagBag from /Users/louisekirkham/Documents/linkedin_learning/Ex_Files_Data_Engineering_Foundations/airflow_env/lib/python3.9/site-packages/airflow/example_dags/example_trigger_target_dag.py
[2022-03-18 17:43:59,257] {processor.py:654} INFO - DAG(s) dict_keys(['example_trigger_target_dag']) retrieved from /Users/louisekirkham/Documents/linkedin_learning/Ex_Files_Data_Engineering_Foundations/airflow_env/lib/python3.9/site-packages/airflow/example_dags/example_trigger_target_dag.py
[2022-03-18 17:43:59,270] {logging_mixin.py:109} INFO - [2022-03-18 17:43:59,270] {dag.py:2398} INFO - Sync 1 DAGs
[2022-03-18 17:43:59,277] {logging_mixin.py:109} INFO - [2022-03-18 17:43:59,276] {dag.py:2937} INFO - Setting next_dagrun for example_trigger_target_dag to None
[2022-03-18 17:43:59,283] {processor.py:171} INFO - Processing /Users/louisekirkham/Documents/linkedin_learning/Ex_Files_Data_Engineering_Foundations/airflow_env/lib/python3.9/site-packages/airflow/example_dags/example_trigger_target_dag.py took 0.063 seconds
[2022-03-18 17:45:24,895] {processor.py:163} INFO - Started process (PID=49049) to work on /Users/louisekirkham/Documents/linkedin_learning/Ex_Files_Data_Engineering_Foundations/airflow_env/lib/python3.9/site-packages/airflow/example_dags/example_trigger_target_dag.py
[2022-03-18 17:45:24,896] {processor.py:642} INFO - Processing file /Users/louisekirkham/Documents/linkedin_learning/Ex_Files_Data_Engineering_Foundations/airflow_env/lib/python3.9/site-packages/airflow/example_dags/example_trigger_target_dag.py for tasks to queue
[2022-03-18 17:45:24,896] {logging_mixin.py:109} INFO - [2022-03-18 17:45:24,896] {dagbag.py:500} INFO - Filling up the DagBag from /Users/louisekirkham/Documents/linkedin_learning/Ex_Files_Data_Engineering_Foundations/airflow_env/lib/python3.9/site-packages/airflow/example_dags/example_trigger_target_dag.py
[2022-03-18 17:45:24,933] {processor.py:654} INFO - DAG(s) dict_keys(['example_trigger_target_dag']) retrieved from /Users/louisekirkham/Documents/linkedin_learning/Ex_Files_Data_Engineering_Foundations/airflow_env/lib/python3.9/site-packages/airflow/example_dags/example_trigger_target_dag.py
[2022-03-18 17:45:24,947] {logging_mixin.py:109} INFO - [2022-03-18 17:45:24,946] {dag.py:2398} INFO - Sync 1 DAGs
[2022-03-18 17:45:24,953] {logging_mixin.py:109} INFO - [2022-03-18 17:45:24,953] {dag.py:2937} INFO - Setting next_dagrun for example_trigger_target_dag to None
[2022-03-18 17:45:24,958] {processor.py:171} INFO - Processing /Users/louisekirkham/Documents/linkedin_learning/Ex_Files_Data_Engineering_Foundations/airflow_env/lib/python3.9/site-packages/airflow/example_dags/example_trigger_target_dag.py took 0.063 seconds
[2022-03-18 17:46:47,967] {processor.py:163} INFO - Started process (PID=49116) to work on /Users/louisekirkham/Documents/linkedin_learning/Ex_Files_Data_Engineering_Foundations/airflow_env/lib/python3.9/site-packages/airflow/example_dags/example_trigger_target_dag.py
[2022-03-18 17:46:47,968] {processor.py:642} INFO - Processing file /Users/louisekirkham/Documents/linkedin_learning/Ex_Files_Data_Engineering_Foundations/airflow_env/lib/python3.9/site-packages/airflow/example_dags/example_trigger_target_dag.py for tasks to queue
[2022-03-18 17:46:47,969] {logging_mixin.py:109} INFO - [2022-03-18 17:46:47,969] {dagbag.py:500} INFO - Filling up the DagBag from /Users/louisekirkham/Documents/linkedin_learning/Ex_Files_Data_Engineering_Foundations/airflow_env/lib/python3.9/site-packages/airflow/example_dags/example_trigger_target_dag.py
[2022-03-18 17:46:48,010] {processor.py:654} INFO - DAG(s) dict_keys(['example_trigger_target_dag']) retrieved from /Users/louisekirkham/Documents/linkedin_learning/Ex_Files_Data_Engineering_Foundations/airflow_env/lib/python3.9/site-packages/airflow/example_dags/example_trigger_target_dag.py
[2022-03-18 17:46:48,026] {logging_mixin.py:109} INFO - [2022-03-18 17:46:48,026] {dag.py:2398} INFO - Sync 1 DAGs
[2022-03-18 17:46:48,033] {logging_mixin.py:109} INFO - [2022-03-18 17:46:48,033] {dag.py:2937} INFO - Setting next_dagrun for example_trigger_target_dag to None
[2022-03-18 17:46:48,039] {processor.py:171} INFO - Processing /Users/louisekirkham/Documents/linkedin_learning/Ex_Files_Data_Engineering_Foundations/airflow_env/lib/python3.9/site-packages/airflow/example_dags/example_trigger_target_dag.py took 0.073 seconds
[2022-03-18 17:48:12,104] {processor.py:163} INFO - Started process (PID=49200) to work on /Users/louisekirkham/Documents/linkedin_learning/Ex_Files_Data_Engineering_Foundations/airflow_env/lib/python3.9/site-packages/airflow/example_dags/example_trigger_target_dag.py
[2022-03-18 17:48:12,104] {processor.py:642} INFO - Processing file /Users/louisekirkham/Documents/linkedin_learning/Ex_Files_Data_Engineering_Foundations/airflow_env/lib/python3.9/site-packages/airflow/example_dags/example_trigger_target_dag.py for tasks to queue
[2022-03-18 17:48:12,104] {logging_mixin.py:109} INFO - [2022-03-18 17:48:12,104] {dagbag.py:500} INFO - Filling up the DagBag from /Users/louisekirkham/Documents/linkedin_learning/Ex_Files_Data_Engineering_Foundations/airflow_env/lib/python3.9/site-packages/airflow/example_dags/example_trigger_target_dag.py
[2022-03-18 17:48:12,149] {processor.py:654} INFO - DAG(s) dict_keys(['example_trigger_target_dag']) retrieved from /Users/louisekirkham/Documents/linkedin_learning/Ex_Files_Data_Engineering_Foundations/airflow_env/lib/python3.9/site-packages/airflow/example_dags/example_trigger_target_dag.py
[2022-03-18 17:48:12,166] {logging_mixin.py:109} INFO - [2022-03-18 17:48:12,166] {dag.py:2398} INFO - Sync 1 DAGs
[2022-03-18 17:48:12,175] {logging_mixin.py:109} INFO - [2022-03-18 17:48:12,175] {dag.py:2937} INFO - Setting next_dagrun for example_trigger_target_dag to None
[2022-03-18 17:48:12,183] {processor.py:171} INFO - Processing /Users/louisekirkham/Documents/linkedin_learning/Ex_Files_Data_Engineering_Foundations/airflow_env/lib/python3.9/site-packages/airflow/example_dags/example_trigger_target_dag.py took 0.080 seconds
[2022-03-18 17:49:37,020] {processor.py:163} INFO - Started process (PID=50942) to work on /Users/louisekirkham/Documents/linkedin_learning/Ex_Files_Data_Engineering_Foundations/airflow_env/lib/python3.9/site-packages/airflow/example_dags/example_trigger_target_dag.py
[2022-03-18 17:49:37,021] {processor.py:642} INFO - Processing file /Users/louisekirkham/Documents/linkedin_learning/Ex_Files_Data_Engineering_Foundations/airflow_env/lib/python3.9/site-packages/airflow/example_dags/example_trigger_target_dag.py for tasks to queue
[2022-03-18 17:49:37,021] {logging_mixin.py:109} INFO - [2022-03-18 17:49:37,021] {dagbag.py:500} INFO - Filling up the DagBag from /Users/louisekirkham/Documents/linkedin_learning/Ex_Files_Data_Engineering_Foundations/airflow_env/lib/python3.9/site-packages/airflow/example_dags/example_trigger_target_dag.py
[2022-03-18 17:49:37,067] {processor.py:654} INFO - DAG(s) dict_keys(['example_trigger_target_dag']) retrieved from /Users/louisekirkham/Documents/linkedin_learning/Ex_Files_Data_Engineering_Foundations/airflow_env/lib/python3.9/site-packages/airflow/example_dags/example_trigger_target_dag.py
[2022-03-18 17:49:37,082] {logging_mixin.py:109} INFO - [2022-03-18 17:49:37,082] {dag.py:2398} INFO - Sync 1 DAGs
[2022-03-18 17:49:37,091] {logging_mixin.py:109} INFO - [2022-03-18 17:49:37,091] {dag.py:2937} INFO - Setting next_dagrun for example_trigger_target_dag to None
[2022-03-18 17:49:37,098] {processor.py:171} INFO - Processing /Users/louisekirkham/Documents/linkedin_learning/Ex_Files_Data_Engineering_Foundations/airflow_env/lib/python3.9/site-packages/airflow/example_dags/example_trigger_target_dag.py took 0.078 seconds
[2022-03-18 17:51:02,293] {processor.py:163} INFO - Started process (PID=51028) to work on /Users/louisekirkham/Documents/linkedin_learning/Ex_Files_Data_Engineering_Foundations/airflow_env/lib/python3.9/site-packages/airflow/example_dags/example_trigger_target_dag.py
[2022-03-18 17:51:02,294] {processor.py:642} INFO - Processing file /Users/louisekirkham/Documents/linkedin_learning/Ex_Files_Data_Engineering_Foundations/airflow_env/lib/python3.9/site-packages/airflow/example_dags/example_trigger_target_dag.py for tasks to queue
[2022-03-18 17:51:02,294] {logging_mixin.py:109} INFO - [2022-03-18 17:51:02,294] {dagbag.py:500} INFO - Filling up the DagBag from /Users/louisekirkham/Documents/linkedin_learning/Ex_Files_Data_Engineering_Foundations/airflow_env/lib/python3.9/site-packages/airflow/example_dags/example_trigger_target_dag.py
[2022-03-18 17:51:02,333] {processor.py:654} INFO - DAG(s) dict_keys(['example_trigger_target_dag']) retrieved from /Users/louisekirkham/Documents/linkedin_learning/Ex_Files_Data_Engineering_Foundations/airflow_env/lib/python3.9/site-packages/airflow/example_dags/example_trigger_target_dag.py
[2022-03-18 17:51:02,347] {logging_mixin.py:109} INFO - [2022-03-18 17:51:02,347] {dag.py:2398} INFO - Sync 1 DAGs
[2022-03-18 17:51:02,354] {logging_mixin.py:109} INFO - [2022-03-18 17:51:02,354] {dag.py:2937} INFO - Setting next_dagrun for example_trigger_target_dag to None
[2022-03-18 17:51:02,361] {processor.py:171} INFO - Processing /Users/louisekirkham/Documents/linkedin_learning/Ex_Files_Data_Engineering_Foundations/airflow_env/lib/python3.9/site-packages/airflow/example_dags/example_trigger_target_dag.py took 0.068 seconds
[2022-03-18 17:52:26,589] {processor.py:163} INFO - Started process (PID=51092) to work on /Users/louisekirkham/Documents/linkedin_learning/Ex_Files_Data_Engineering_Foundations/airflow_env/lib/python3.9/site-packages/airflow/example_dags/example_trigger_target_dag.py
[2022-03-18 17:52:26,590] {processor.py:642} INFO - Processing file /Users/louisekirkham/Documents/linkedin_learning/Ex_Files_Data_Engineering_Foundations/airflow_env/lib/python3.9/site-packages/airflow/example_dags/example_trigger_target_dag.py for tasks to queue
[2022-03-18 17:52:26,590] {logging_mixin.py:109} INFO - [2022-03-18 17:52:26,590] {dagbag.py:500} INFO - Filling up the DagBag from /Users/louisekirkham/Documents/linkedin_learning/Ex_Files_Data_Engineering_Foundations/airflow_env/lib/python3.9/site-packages/airflow/example_dags/example_trigger_target_dag.py
[2022-03-18 17:52:26,632] {processor.py:654} INFO - DAG(s) dict_keys(['example_trigger_target_dag']) retrieved from /Users/louisekirkham/Documents/linkedin_learning/Ex_Files_Data_Engineering_Foundations/airflow_env/lib/python3.9/site-packages/airflow/example_dags/example_trigger_target_dag.py
[2022-03-18 17:52:26,645] {logging_mixin.py:109} INFO - [2022-03-18 17:52:26,645] {dag.py:2398} INFO - Sync 1 DAGs
[2022-03-18 17:52:26,651] {logging_mixin.py:109} INFO - [2022-03-18 17:52:26,651] {dag.py:2937} INFO - Setting next_dagrun for example_trigger_target_dag to None
[2022-03-18 17:52:26,657] {processor.py:171} INFO - Processing /Users/louisekirkham/Documents/linkedin_learning/Ex_Files_Data_Engineering_Foundations/airflow_env/lib/python3.9/site-packages/airflow/example_dags/example_trigger_target_dag.py took 0.068 seconds
[2022-03-18 17:53:49,065] {processor.py:163} INFO - Started process (PID=51155) to work on /Users/louisekirkham/Documents/linkedin_learning/Ex_Files_Data_Engineering_Foundations/airflow_env/lib/python3.9/site-packages/airflow/example_dags/example_trigger_target_dag.py
[2022-03-18 17:53:49,066] {processor.py:642} INFO - Processing file /Users/louisekirkham/Documents/linkedin_learning/Ex_Files_Data_Engineering_Foundations/airflow_env/lib/python3.9/site-packages/airflow/example_dags/example_trigger_target_dag.py for tasks to queue
[2022-03-18 17:53:49,067] {logging_mixin.py:109} INFO - [2022-03-18 17:53:49,067] {dagbag.py:500} INFO - Filling up the DagBag from /Users/louisekirkham/Documents/linkedin_learning/Ex_Files_Data_Engineering_Foundations/airflow_env/lib/python3.9/site-packages/airflow/example_dags/example_trigger_target_dag.py
[2022-03-18 17:53:49,105] {processor.py:654} INFO - DAG(s) dict_keys(['example_trigger_target_dag']) retrieved from /Users/louisekirkham/Documents/linkedin_learning/Ex_Files_Data_Engineering_Foundations/airflow_env/lib/python3.9/site-packages/airflow/example_dags/example_trigger_target_dag.py
[2022-03-18 17:53:49,118] {logging_mixin.py:109} INFO - [2022-03-18 17:53:49,117] {dag.py:2398} INFO - Sync 1 DAGs
[2022-03-18 17:53:49,124] {logging_mixin.py:109} INFO - [2022-03-18 17:53:49,124] {dag.py:2937} INFO - Setting next_dagrun for example_trigger_target_dag to None
[2022-03-18 17:53:49,130] {processor.py:171} INFO - Processing /Users/louisekirkham/Documents/linkedin_learning/Ex_Files_Data_Engineering_Foundations/airflow_env/lib/python3.9/site-packages/airflow/example_dags/example_trigger_target_dag.py took 0.066 seconds
[2022-03-18 17:55:11,348] {processor.py:163} INFO - Started process (PID=51224) to work on /Users/louisekirkham/Documents/linkedin_learning/Ex_Files_Data_Engineering_Foundations/airflow_env/lib/python3.9/site-packages/airflow/example_dags/example_trigger_target_dag.py
[2022-03-18 17:55:11,349] {processor.py:642} INFO - Processing file /Users/louisekirkham/Documents/linkedin_learning/Ex_Files_Data_Engineering_Foundations/airflow_env/lib/python3.9/site-packages/airflow/example_dags/example_trigger_target_dag.py for tasks to queue
[2022-03-18 17:55:11,349] {logging_mixin.py:109} INFO - [2022-03-18 17:55:11,349] {dagbag.py:500} INFO - Filling up the DagBag from /Users/louisekirkham/Documents/linkedin_learning/Ex_Files_Data_Engineering_Foundations/airflow_env/lib/python3.9/site-packages/airflow/example_dags/example_trigger_target_dag.py
[2022-03-18 17:55:11,394] {processor.py:654} INFO - DAG(s) dict_keys(['example_trigger_target_dag']) retrieved from /Users/louisekirkham/Documents/linkedin_learning/Ex_Files_Data_Engineering_Foundations/airflow_env/lib/python3.9/site-packages/airflow/example_dags/example_trigger_target_dag.py
[2022-03-18 17:55:11,410] {logging_mixin.py:109} INFO - [2022-03-18 17:55:11,410] {dag.py:2398} INFO - Sync 1 DAGs
[2022-03-18 17:55:11,419] {logging_mixin.py:109} INFO - [2022-03-18 17:55:11,419] {dag.py:2937} INFO - Setting next_dagrun for example_trigger_target_dag to None
[2022-03-18 17:55:11,427] {processor.py:171} INFO - Processing /Users/louisekirkham/Documents/linkedin_learning/Ex_Files_Data_Engineering_Foundations/airflow_env/lib/python3.9/site-packages/airflow/example_dags/example_trigger_target_dag.py took 0.080 seconds
[2022-03-18 17:56:36,993] {processor.py:163} INFO - Started process (PID=51290) to work on /Users/louisekirkham/Documents/linkedin_learning/Ex_Files_Data_Engineering_Foundations/airflow_env/lib/python3.9/site-packages/airflow/example_dags/example_trigger_target_dag.py
[2022-03-18 17:56:36,995] {processor.py:642} INFO - Processing file /Users/louisekirkham/Documents/linkedin_learning/Ex_Files_Data_Engineering_Foundations/airflow_env/lib/python3.9/site-packages/airflow/example_dags/example_trigger_target_dag.py for tasks to queue
[2022-03-18 17:56:36,995] {logging_mixin.py:109} INFO - [2022-03-18 17:56:36,995] {dagbag.py:500} INFO - Filling up the DagBag from /Users/louisekirkham/Documents/linkedin_learning/Ex_Files_Data_Engineering_Foundations/airflow_env/lib/python3.9/site-packages/airflow/example_dags/example_trigger_target_dag.py
[2022-03-18 17:56:37,041] {processor.py:654} INFO - DAG(s) dict_keys(['example_trigger_target_dag']) retrieved from /Users/louisekirkham/Documents/linkedin_learning/Ex_Files_Data_Engineering_Foundations/airflow_env/lib/python3.9/site-packages/airflow/example_dags/example_trigger_target_dag.py
[2022-03-18 17:56:37,056] {logging_mixin.py:109} INFO - [2022-03-18 17:56:37,056] {dag.py:2398} INFO - Sync 1 DAGs
[2022-03-18 17:56:37,067] {logging_mixin.py:109} INFO - [2022-03-18 17:56:37,067] {dag.py:2937} INFO - Setting next_dagrun for example_trigger_target_dag to None
[2022-03-18 17:56:37,074] {processor.py:171} INFO - Processing /Users/louisekirkham/Documents/linkedin_learning/Ex_Files_Data_Engineering_Foundations/airflow_env/lib/python3.9/site-packages/airflow/example_dags/example_trigger_target_dag.py took 0.081 seconds
[2022-03-18 17:58:06,450] {processor.py:163} INFO - Started process (PID=51382) to work on /Users/louisekirkham/Documents/linkedin_learning/Ex_Files_Data_Engineering_Foundations/airflow_env/lib/python3.9/site-packages/airflow/example_dags/example_trigger_target_dag.py
[2022-03-18 17:58:06,452] {processor.py:642} INFO - Processing file /Users/louisekirkham/Documents/linkedin_learning/Ex_Files_Data_Engineering_Foundations/airflow_env/lib/python3.9/site-packages/airflow/example_dags/example_trigger_target_dag.py for tasks to queue
[2022-03-18 17:58:06,453] {logging_mixin.py:109} INFO - [2022-03-18 17:58:06,453] {dagbag.py:500} INFO - Filling up the DagBag from /Users/louisekirkham/Documents/linkedin_learning/Ex_Files_Data_Engineering_Foundations/airflow_env/lib/python3.9/site-packages/airflow/example_dags/example_trigger_target_dag.py
[2022-03-18 17:58:06,505] {processor.py:654} INFO - DAG(s) dict_keys(['example_trigger_target_dag']) retrieved from /Users/louisekirkham/Documents/linkedin_learning/Ex_Files_Data_Engineering_Foundations/airflow_env/lib/python3.9/site-packages/airflow/example_dags/example_trigger_target_dag.py
[2022-03-18 17:58:06,521] {logging_mixin.py:109} INFO - [2022-03-18 17:58:06,521] {dag.py:2398} INFO - Sync 1 DAGs
[2022-03-18 17:58:06,529] {logging_mixin.py:109} INFO - [2022-03-18 17:58:06,529] {dag.py:2937} INFO - Setting next_dagrun for example_trigger_target_dag to None
[2022-03-18 17:58:06,537] {processor.py:171} INFO - Processing /Users/louisekirkham/Documents/linkedin_learning/Ex_Files_Data_Engineering_Foundations/airflow_env/lib/python3.9/site-packages/airflow/example_dags/example_trigger_target_dag.py took 0.088 seconds
[2022-03-18 17:59:38,486] {processor.py:163} INFO - Started process (PID=51518) to work on /Users/louisekirkham/Documents/linkedin_learning/Ex_Files_Data_Engineering_Foundations/airflow_env/lib/python3.9/site-packages/airflow/example_dags/example_trigger_target_dag.py
[2022-03-18 17:59:38,486] {processor.py:642} INFO - Processing file /Users/louisekirkham/Documents/linkedin_learning/Ex_Files_Data_Engineering_Foundations/airflow_env/lib/python3.9/site-packages/airflow/example_dags/example_trigger_target_dag.py for tasks to queue
[2022-03-18 17:59:38,486] {logging_mixin.py:109} INFO - [2022-03-18 17:59:38,486] {dagbag.py:500} INFO - Filling up the DagBag from /Users/louisekirkham/Documents/linkedin_learning/Ex_Files_Data_Engineering_Foundations/airflow_env/lib/python3.9/site-packages/airflow/example_dags/example_trigger_target_dag.py
[2022-03-18 17:59:38,540] {processor.py:654} INFO - DAG(s) dict_keys(['example_trigger_target_dag']) retrieved from /Users/louisekirkham/Documents/linkedin_learning/Ex_Files_Data_Engineering_Foundations/airflow_env/lib/python3.9/site-packages/airflow/example_dags/example_trigger_target_dag.py
[2022-03-18 17:59:38,557] {logging_mixin.py:109} INFO - [2022-03-18 17:59:38,557] {dag.py:2398} INFO - Sync 1 DAGs
[2022-03-18 17:59:38,568] {logging_mixin.py:109} INFO - [2022-03-18 17:59:38,568] {dag.py:2937} INFO - Setting next_dagrun for example_trigger_target_dag to None
[2022-03-18 17:59:38,575] {processor.py:171} INFO - Processing /Users/louisekirkham/Documents/linkedin_learning/Ex_Files_Data_Engineering_Foundations/airflow_env/lib/python3.9/site-packages/airflow/example_dags/example_trigger_target_dag.py took 0.090 seconds
[2022-03-18 21:01:32,272] {processor.py:163} INFO - Started process (PID=51623) to work on /Users/louisekirkham/Documents/linkedin_learning/Ex_Files_Data_Engineering_Foundations/airflow_env/lib/python3.9/site-packages/airflow/example_dags/example_trigger_target_dag.py
[2022-03-18 21:01:32,275] {processor.py:642} INFO - Processing file /Users/louisekirkham/Documents/linkedin_learning/Ex_Files_Data_Engineering_Foundations/airflow_env/lib/python3.9/site-packages/airflow/example_dags/example_trigger_target_dag.py for tasks to queue
[2022-03-18 21:01:32,275] {logging_mixin.py:109} INFO - [2022-03-18 21:01:32,275] {dagbag.py:500} INFO - Filling up the DagBag from /Users/louisekirkham/Documents/linkedin_learning/Ex_Files_Data_Engineering_Foundations/airflow_env/lib/python3.9/site-packages/airflow/example_dags/example_trigger_target_dag.py
[2022-03-18 21:01:32,312] {processor.py:654} INFO - DAG(s) dict_keys(['example_trigger_target_dag']) retrieved from /Users/louisekirkham/Documents/linkedin_learning/Ex_Files_Data_Engineering_Foundations/airflow_env/lib/python3.9/site-packages/airflow/example_dags/example_trigger_target_dag.py
[2022-03-18 21:01:32,325] {logging_mixin.py:109} INFO - [2022-03-18 21:01:32,325] {dag.py:2398} INFO - Sync 1 DAGs
[2022-03-18 21:01:32,331] {logging_mixin.py:109} INFO - [2022-03-18 21:01:32,331] {dag.py:2937} INFO - Setting next_dagrun for example_trigger_target_dag to None
[2022-03-18 21:01:32,339] {processor.py:171} INFO - Processing /Users/louisekirkham/Documents/linkedin_learning/Ex_Files_Data_Engineering_Foundations/airflow_env/lib/python3.9/site-packages/airflow/example_dags/example_trigger_target_dag.py took 0.067 seconds
