[2022-03-18 05:12:42,796] {processor.py:163} INFO - Started process (PID=46203) to work on /Users/louisekirkham/Documents/linkedin_learning/Ex_Files_Data_Engineering_Foundations/airflow_env/lib/python3.9/site-packages/airflow/example_dags/example_branch_operator.py
[2022-03-18 05:12:42,796] {processor.py:642} INFO - Processing file /Users/louisekirkham/Documents/linkedin_learning/Ex_Files_Data_Engineering_Foundations/airflow_env/lib/python3.9/site-packages/airflow/example_dags/example_branch_operator.py for tasks to queue
[2022-03-18 05:12:42,797] {logging_mixin.py:109} INFO - [2022-03-18 05:12:42,796] {dagbag.py:500} INFO - Filling up the DagBag from /Users/louisekirkham/Documents/linkedin_learning/Ex_Files_Data_Engineering_Foundations/airflow_env/lib/python3.9/site-packages/airflow/example_dags/example_branch_operator.py
[2022-03-18 05:12:42,840] {processor.py:654} INFO - DAG(s) dict_keys(['example_branch_operator']) retrieved from /Users/louisekirkham/Documents/linkedin_learning/Ex_Files_Data_Engineering_Foundations/airflow_env/lib/python3.9/site-packages/airflow/example_dags/example_branch_operator.py
[2022-03-18 05:12:42,857] {logging_mixin.py:109} INFO - [2022-03-18 05:12:42,857] {dag.py:2398} INFO - Sync 1 DAGs
[2022-03-18 05:12:42,865] {logging_mixin.py:109} INFO - [2022-03-18 05:12:42,865] {dag.py:2937} INFO - Setting next_dagrun for example_branch_operator to 2022-03-17 00:00:00+00:00
[2022-03-18 05:12:42,871] {processor.py:171} INFO - Processing /Users/louisekirkham/Documents/linkedin_learning/Ex_Files_Data_Engineering_Foundations/airflow_env/lib/python3.9/site-packages/airflow/example_dags/example_branch_operator.py took 0.076 seconds
[2022-03-18 10:38:26,590] {processor.py:163} INFO - Started process (PID=46484) to work on /Users/louisekirkham/Documents/linkedin_learning/Ex_Files_Data_Engineering_Foundations/airflow_env/lib/python3.9/site-packages/airflow/example_dags/example_branch_operator.py
[2022-03-18 10:38:26,593] {processor.py:642} INFO - Processing file /Users/louisekirkham/Documents/linkedin_learning/Ex_Files_Data_Engineering_Foundations/airflow_env/lib/python3.9/site-packages/airflow/example_dags/example_branch_operator.py for tasks to queue
[2022-03-18 10:38:26,594] {logging_mixin.py:109} INFO - [2022-03-18 10:38:26,594] {dagbag.py:500} INFO - Filling up the DagBag from /Users/louisekirkham/Documents/linkedin_learning/Ex_Files_Data_Engineering_Foundations/airflow_env/lib/python3.9/site-packages/airflow/example_dags/example_branch_operator.py
[2022-03-18 10:38:26,644] {processor.py:654} INFO - DAG(s) dict_keys(['example_branch_operator']) retrieved from /Users/louisekirkham/Documents/linkedin_learning/Ex_Files_Data_Engineering_Foundations/airflow_env/lib/python3.9/site-packages/airflow/example_dags/example_branch_operator.py
[2022-03-18 10:38:26,661] {logging_mixin.py:109} INFO - [2022-03-18 10:38:26,661] {dag.py:2398} INFO - Sync 1 DAGs
[2022-03-18 10:38:26,671] {logging_mixin.py:109} INFO - [2022-03-18 10:38:26,671] {dag.py:2937} INFO - Setting next_dagrun for example_branch_operator to 2022-03-17 00:00:00+00:00
[2022-03-18 10:38:26,680] {processor.py:171} INFO - Processing /Users/louisekirkham/Documents/linkedin_learning/Ex_Files_Data_Engineering_Foundations/airflow_env/lib/python3.9/site-packages/airflow/example_dags/example_branch_operator.py took 0.091 seconds
[2022-03-18 10:39:50,046] {processor.py:163} INFO - Started process (PID=46552) to work on /Users/louisekirkham/Documents/linkedin_learning/Ex_Files_Data_Engineering_Foundations/airflow_env/lib/python3.9/site-packages/airflow/example_dags/example_branch_operator.py
[2022-03-18 10:39:50,046] {processor.py:642} INFO - Processing file /Users/louisekirkham/Documents/linkedin_learning/Ex_Files_Data_Engineering_Foundations/airflow_env/lib/python3.9/site-packages/airflow/example_dags/example_branch_operator.py for tasks to queue
[2022-03-18 10:39:50,046] {logging_mixin.py:109} INFO - [2022-03-18 10:39:50,046] {dagbag.py:500} INFO - Filling up the DagBag from /Users/louisekirkham/Documents/linkedin_learning/Ex_Files_Data_Engineering_Foundations/airflow_env/lib/python3.9/site-packages/airflow/example_dags/example_branch_operator.py
[2022-03-18 10:39:50,080] {processor.py:654} INFO - DAG(s) dict_keys(['example_branch_operator']) retrieved from /Users/louisekirkham/Documents/linkedin_learning/Ex_Files_Data_Engineering_Foundations/airflow_env/lib/python3.9/site-packages/airflow/example_dags/example_branch_operator.py
[2022-03-18 10:39:50,093] {logging_mixin.py:109} INFO - [2022-03-18 10:39:50,093] {dag.py:2398} INFO - Sync 1 DAGs
[2022-03-18 10:39:50,100] {logging_mixin.py:109} INFO - [2022-03-18 10:39:50,100] {dag.py:2937} INFO - Setting next_dagrun for example_branch_operator to 2022-03-17 00:00:00+00:00
[2022-03-18 10:39:50,105] {processor.py:171} INFO - Processing /Users/louisekirkham/Documents/linkedin_learning/Ex_Files_Data_Engineering_Foundations/airflow_env/lib/python3.9/site-packages/airflow/example_dags/example_branch_operator.py took 0.060 seconds
[2022-03-18 17:06:46,239] {processor.py:163} INFO - Started process (PID=46762) to work on /Users/louisekirkham/Documents/linkedin_learning/Ex_Files_Data_Engineering_Foundations/airflow_env/lib/python3.9/site-packages/airflow/example_dags/example_branch_operator.py
[2022-03-18 17:06:46,240] {processor.py:642} INFO - Processing file /Users/louisekirkham/Documents/linkedin_learning/Ex_Files_Data_Engineering_Foundations/airflow_env/lib/python3.9/site-packages/airflow/example_dags/example_branch_operator.py for tasks to queue
[2022-03-18 17:06:46,240] {logging_mixin.py:109} INFO - [2022-03-18 17:06:46,240] {dagbag.py:500} INFO - Filling up the DagBag from /Users/louisekirkham/Documents/linkedin_learning/Ex_Files_Data_Engineering_Foundations/airflow_env/lib/python3.9/site-packages/airflow/example_dags/example_branch_operator.py
[2022-03-18 17:06:46,281] {processor.py:654} INFO - DAG(s) dict_keys(['example_branch_operator']) retrieved from /Users/louisekirkham/Documents/linkedin_learning/Ex_Files_Data_Engineering_Foundations/airflow_env/lib/python3.9/site-packages/airflow/example_dags/example_branch_operator.py
[2022-03-18 17:06:46,297] {logging_mixin.py:109} INFO - [2022-03-18 17:06:46,297] {dag.py:2398} INFO - Sync 1 DAGs
[2022-03-18 17:06:46,307] {logging_mixin.py:109} INFO - [2022-03-18 17:06:46,307] {dag.py:2937} INFO - Setting next_dagrun for example_branch_operator to 2022-03-17 00:00:00+00:00
[2022-03-18 17:06:46,314] {processor.py:171} INFO - Processing /Users/louisekirkham/Documents/linkedin_learning/Ex_Files_Data_Engineering_Foundations/airflow_env/lib/python3.9/site-packages/airflow/example_dags/example_branch_operator.py took 0.075 seconds
[2022-03-18 17:08:11,749] {processor.py:163} INFO - Started process (PID=46835) to work on /Users/louisekirkham/Documents/linkedin_learning/Ex_Files_Data_Engineering_Foundations/airflow_env/lib/python3.9/site-packages/airflow/example_dags/example_branch_operator.py
[2022-03-18 17:08:11,750] {processor.py:642} INFO - Processing file /Users/louisekirkham/Documents/linkedin_learning/Ex_Files_Data_Engineering_Foundations/airflow_env/lib/python3.9/site-packages/airflow/example_dags/example_branch_operator.py for tasks to queue
[2022-03-18 17:08:11,750] {logging_mixin.py:109} INFO - [2022-03-18 17:08:11,750] {dagbag.py:500} INFO - Filling up the DagBag from /Users/louisekirkham/Documents/linkedin_learning/Ex_Files_Data_Engineering_Foundations/airflow_env/lib/python3.9/site-packages/airflow/example_dags/example_branch_operator.py
[2022-03-18 17:08:11,800] {processor.py:654} INFO - DAG(s) dict_keys(['example_branch_operator']) retrieved from /Users/louisekirkham/Documents/linkedin_learning/Ex_Files_Data_Engineering_Foundations/airflow_env/lib/python3.9/site-packages/airflow/example_dags/example_branch_operator.py
[2022-03-18 17:08:11,817] {logging_mixin.py:109} INFO - [2022-03-18 17:08:11,817] {dag.py:2398} INFO - Sync 1 DAGs
[2022-03-18 17:08:11,828] {logging_mixin.py:109} INFO - [2022-03-18 17:08:11,828] {dag.py:2937} INFO - Setting next_dagrun for example_branch_operator to 2022-03-17 00:00:00+00:00
[2022-03-18 17:08:11,838] {processor.py:171} INFO - Processing /Users/louisekirkham/Documents/linkedin_learning/Ex_Files_Data_Engineering_Foundations/airflow_env/lib/python3.9/site-packages/airflow/example_dags/example_branch_operator.py took 0.089 seconds
[2022-03-18 17:09:40,437] {processor.py:163} INFO - Started process (PID=46905) to work on /Users/louisekirkham/Documents/linkedin_learning/Ex_Files_Data_Engineering_Foundations/airflow_env/lib/python3.9/site-packages/airflow/example_dags/example_branch_operator.py
[2022-03-18 17:09:40,438] {processor.py:642} INFO - Processing file /Users/louisekirkham/Documents/linkedin_learning/Ex_Files_Data_Engineering_Foundations/airflow_env/lib/python3.9/site-packages/airflow/example_dags/example_branch_operator.py for tasks to queue
[2022-03-18 17:09:40,438] {logging_mixin.py:109} INFO - [2022-03-18 17:09:40,438] {dagbag.py:500} INFO - Filling up the DagBag from /Users/louisekirkham/Documents/linkedin_learning/Ex_Files_Data_Engineering_Foundations/airflow_env/lib/python3.9/site-packages/airflow/example_dags/example_branch_operator.py
[2022-03-18 17:09:40,473] {processor.py:654} INFO - DAG(s) dict_keys(['example_branch_operator']) retrieved from /Users/louisekirkham/Documents/linkedin_learning/Ex_Files_Data_Engineering_Foundations/airflow_env/lib/python3.9/site-packages/airflow/example_dags/example_branch_operator.py
[2022-03-18 17:09:40,487] {logging_mixin.py:109} INFO - [2022-03-18 17:09:40,487] {dag.py:2398} INFO - Sync 1 DAGs
[2022-03-18 17:09:40,495] {logging_mixin.py:109} INFO - [2022-03-18 17:09:40,495] {dag.py:2937} INFO - Setting next_dagrun for example_branch_operator to 2022-03-17 00:00:00+00:00
[2022-03-18 17:09:40,501] {processor.py:171} INFO - Processing /Users/louisekirkham/Documents/linkedin_learning/Ex_Files_Data_Engineering_Foundations/airflow_env/lib/python3.9/site-packages/airflow/example_dags/example_branch_operator.py took 0.065 seconds
[2022-03-18 17:11:19,071] {processor.py:163} INFO - Started process (PID=46987) to work on /Users/louisekirkham/Documents/linkedin_learning/Ex_Files_Data_Engineering_Foundations/airflow_env/lib/python3.9/site-packages/airflow/example_dags/example_branch_operator.py
[2022-03-18 17:11:19,072] {processor.py:642} INFO - Processing file /Users/louisekirkham/Documents/linkedin_learning/Ex_Files_Data_Engineering_Foundations/airflow_env/lib/python3.9/site-packages/airflow/example_dags/example_branch_operator.py for tasks to queue
[2022-03-18 17:11:19,072] {logging_mixin.py:109} INFO - [2022-03-18 17:11:19,072] {dagbag.py:500} INFO - Filling up the DagBag from /Users/louisekirkham/Documents/linkedin_learning/Ex_Files_Data_Engineering_Foundations/airflow_env/lib/python3.9/site-packages/airflow/example_dags/example_branch_operator.py
[2022-03-18 17:11:19,111] {processor.py:654} INFO - DAG(s) dict_keys(['example_branch_operator']) retrieved from /Users/louisekirkham/Documents/linkedin_learning/Ex_Files_Data_Engineering_Foundations/airflow_env/lib/python3.9/site-packages/airflow/example_dags/example_branch_operator.py
[2022-03-18 17:11:19,126] {logging_mixin.py:109} INFO - [2022-03-18 17:11:19,126] {dag.py:2398} INFO - Sync 1 DAGs
[2022-03-18 17:11:19,135] {logging_mixin.py:109} INFO - [2022-03-18 17:11:19,135] {dag.py:2937} INFO - Setting next_dagrun for example_branch_operator to 2022-03-17 00:00:00+00:00
[2022-03-18 17:11:19,142] {processor.py:171} INFO - Processing /Users/louisekirkham/Documents/linkedin_learning/Ex_Files_Data_Engineering_Foundations/airflow_env/lib/python3.9/site-packages/airflow/example_dags/example_branch_operator.py took 0.072 seconds
[2022-03-18 17:12:43,612] {processor.py:163} INFO - Started process (PID=47056) to work on /Users/louisekirkham/Documents/linkedin_learning/Ex_Files_Data_Engineering_Foundations/airflow_env/lib/python3.9/site-packages/airflow/example_dags/example_branch_operator.py
[2022-03-18 17:12:43,613] {processor.py:642} INFO - Processing file /Users/louisekirkham/Documents/linkedin_learning/Ex_Files_Data_Engineering_Foundations/airflow_env/lib/python3.9/site-packages/airflow/example_dags/example_branch_operator.py for tasks to queue
[2022-03-18 17:12:43,613] {logging_mixin.py:109} INFO - [2022-03-18 17:12:43,613] {dagbag.py:500} INFO - Filling up the DagBag from /Users/louisekirkham/Documents/linkedin_learning/Ex_Files_Data_Engineering_Foundations/airflow_env/lib/python3.9/site-packages/airflow/example_dags/example_branch_operator.py
[2022-03-18 17:12:43,652] {processor.py:654} INFO - DAG(s) dict_keys(['example_branch_operator']) retrieved from /Users/louisekirkham/Documents/linkedin_learning/Ex_Files_Data_Engineering_Foundations/airflow_env/lib/python3.9/site-packages/airflow/example_dags/example_branch_operator.py
[2022-03-18 17:12:43,667] {logging_mixin.py:109} INFO - [2022-03-18 17:12:43,667] {dag.py:2398} INFO - Sync 1 DAGs
[2022-03-18 17:12:43,676] {logging_mixin.py:109} INFO - [2022-03-18 17:12:43,675] {dag.py:2937} INFO - Setting next_dagrun for example_branch_operator to 2022-03-17 00:00:00+00:00
[2022-03-18 17:12:43,682] {processor.py:171} INFO - Processing /Users/louisekirkham/Documents/linkedin_learning/Ex_Files_Data_Engineering_Foundations/airflow_env/lib/python3.9/site-packages/airflow/example_dags/example_branch_operator.py took 0.071 seconds
[2022-03-18 17:14:08,257] {processor.py:163} INFO - Started process (PID=47114) to work on /Users/louisekirkham/Documents/linkedin_learning/Ex_Files_Data_Engineering_Foundations/airflow_env/lib/python3.9/site-packages/airflow/example_dags/example_branch_operator.py
[2022-03-18 17:14:08,259] {processor.py:642} INFO - Processing file /Users/louisekirkham/Documents/linkedin_learning/Ex_Files_Data_Engineering_Foundations/airflow_env/lib/python3.9/site-packages/airflow/example_dags/example_branch_operator.py for tasks to queue
[2022-03-18 17:14:08,259] {logging_mixin.py:109} INFO - [2022-03-18 17:14:08,259] {dagbag.py:500} INFO - Filling up the DagBag from /Users/louisekirkham/Documents/linkedin_learning/Ex_Files_Data_Engineering_Foundations/airflow_env/lib/python3.9/site-packages/airflow/example_dags/example_branch_operator.py
[2022-03-18 17:14:08,304] {processor.py:654} INFO - DAG(s) dict_keys(['example_branch_operator']) retrieved from /Users/louisekirkham/Documents/linkedin_learning/Ex_Files_Data_Engineering_Foundations/airflow_env/lib/python3.9/site-packages/airflow/example_dags/example_branch_operator.py
[2022-03-18 17:14:08,323] {logging_mixin.py:109} INFO - [2022-03-18 17:14:08,323] {dag.py:2398} INFO - Sync 1 DAGs
[2022-03-18 17:14:08,334] {logging_mixin.py:109} INFO - [2022-03-18 17:14:08,334] {dag.py:2937} INFO - Setting next_dagrun for example_branch_operator to 2022-03-17 00:00:00+00:00
[2022-03-18 17:14:08,344] {processor.py:171} INFO - Processing /Users/louisekirkham/Documents/linkedin_learning/Ex_Files_Data_Engineering_Foundations/airflow_env/lib/python3.9/site-packages/airflow/example_dags/example_branch_operator.py took 0.087 seconds
[2022-03-18 17:15:33,246] {processor.py:163} INFO - Started process (PID=47179) to work on /Users/louisekirkham/Documents/linkedin_learning/Ex_Files_Data_Engineering_Foundations/airflow_env/lib/python3.9/site-packages/airflow/example_dags/example_branch_operator.py
[2022-03-18 17:15:33,247] {processor.py:642} INFO - Processing file /Users/louisekirkham/Documents/linkedin_learning/Ex_Files_Data_Engineering_Foundations/airflow_env/lib/python3.9/site-packages/airflow/example_dags/example_branch_operator.py for tasks to queue
[2022-03-18 17:15:33,247] {logging_mixin.py:109} INFO - [2022-03-18 17:15:33,247] {dagbag.py:500} INFO - Filling up the DagBag from /Users/louisekirkham/Documents/linkedin_learning/Ex_Files_Data_Engineering_Foundations/airflow_env/lib/python3.9/site-packages/airflow/example_dags/example_branch_operator.py
[2022-03-18 17:15:33,288] {processor.py:654} INFO - DAG(s) dict_keys(['example_branch_operator']) retrieved from /Users/louisekirkham/Documents/linkedin_learning/Ex_Files_Data_Engineering_Foundations/airflow_env/lib/python3.9/site-packages/airflow/example_dags/example_branch_operator.py
[2022-03-18 17:15:33,305] {logging_mixin.py:109} INFO - [2022-03-18 17:15:33,304] {dag.py:2398} INFO - Sync 1 DAGs
[2022-03-18 17:15:33,315] {logging_mixin.py:109} INFO - [2022-03-18 17:15:33,315] {dag.py:2937} INFO - Setting next_dagrun for example_branch_operator to 2022-03-17 00:00:00+00:00
[2022-03-18 17:15:33,322] {processor.py:171} INFO - Processing /Users/louisekirkham/Documents/linkedin_learning/Ex_Files_Data_Engineering_Foundations/airflow_env/lib/python3.9/site-packages/airflow/example_dags/example_branch_operator.py took 0.077 seconds
[2022-03-18 17:16:58,073] {processor.py:163} INFO - Started process (PID=47254) to work on /Users/louisekirkham/Documents/linkedin_learning/Ex_Files_Data_Engineering_Foundations/airflow_env/lib/python3.9/site-packages/airflow/example_dags/example_branch_operator.py
[2022-03-18 17:16:58,074] {processor.py:642} INFO - Processing file /Users/louisekirkham/Documents/linkedin_learning/Ex_Files_Data_Engineering_Foundations/airflow_env/lib/python3.9/site-packages/airflow/example_dags/example_branch_operator.py for tasks to queue
[2022-03-18 17:16:58,074] {logging_mixin.py:109} INFO - [2022-03-18 17:16:58,074] {dagbag.py:500} INFO - Filling up the DagBag from /Users/louisekirkham/Documents/linkedin_learning/Ex_Files_Data_Engineering_Foundations/airflow_env/lib/python3.9/site-packages/airflow/example_dags/example_branch_operator.py
[2022-03-18 17:16:58,113] {processor.py:654} INFO - DAG(s) dict_keys(['example_branch_operator']) retrieved from /Users/louisekirkham/Documents/linkedin_learning/Ex_Files_Data_Engineering_Foundations/airflow_env/lib/python3.9/site-packages/airflow/example_dags/example_branch_operator.py
[2022-03-18 17:16:58,129] {logging_mixin.py:109} INFO - [2022-03-18 17:16:58,129] {dag.py:2398} INFO - Sync 1 DAGs
[2022-03-18 17:16:58,137] {logging_mixin.py:109} INFO - [2022-03-18 17:16:58,137] {dag.py:2937} INFO - Setting next_dagrun for example_branch_operator to 2022-03-17 00:00:00+00:00
[2022-03-18 17:16:58,144] {processor.py:171} INFO - Processing /Users/louisekirkham/Documents/linkedin_learning/Ex_Files_Data_Engineering_Foundations/airflow_env/lib/python3.9/site-packages/airflow/example_dags/example_branch_operator.py took 0.072 seconds
[2022-03-18 17:18:22,729] {processor.py:163} INFO - Started process (PID=47320) to work on /Users/louisekirkham/Documents/linkedin_learning/Ex_Files_Data_Engineering_Foundations/airflow_env/lib/python3.9/site-packages/airflow/example_dags/example_branch_operator.py
[2022-03-18 17:18:22,730] {processor.py:642} INFO - Processing file /Users/louisekirkham/Documents/linkedin_learning/Ex_Files_Data_Engineering_Foundations/airflow_env/lib/python3.9/site-packages/airflow/example_dags/example_branch_operator.py for tasks to queue
[2022-03-18 17:18:22,730] {logging_mixin.py:109} INFO - [2022-03-18 17:18:22,730] {dagbag.py:500} INFO - Filling up the DagBag from /Users/louisekirkham/Documents/linkedin_learning/Ex_Files_Data_Engineering_Foundations/airflow_env/lib/python3.9/site-packages/airflow/example_dags/example_branch_operator.py
[2022-03-18 17:18:22,769] {processor.py:654} INFO - DAG(s) dict_keys(['example_branch_operator']) retrieved from /Users/louisekirkham/Documents/linkedin_learning/Ex_Files_Data_Engineering_Foundations/airflow_env/lib/python3.9/site-packages/airflow/example_dags/example_branch_operator.py
[2022-03-18 17:18:22,783] {logging_mixin.py:109} INFO - [2022-03-18 17:18:22,783] {dag.py:2398} INFO - Sync 1 DAGs
[2022-03-18 17:18:22,791] {logging_mixin.py:109} INFO - [2022-03-18 17:18:22,791] {dag.py:2937} INFO - Setting next_dagrun for example_branch_operator to 2022-03-17 00:00:00+00:00
[2022-03-18 17:18:22,797] {processor.py:171} INFO - Processing /Users/louisekirkham/Documents/linkedin_learning/Ex_Files_Data_Engineering_Foundations/airflow_env/lib/python3.9/site-packages/airflow/example_dags/example_branch_operator.py took 0.069 seconds
[2022-03-18 17:19:44,520] {processor.py:163} INFO - Started process (PID=47383) to work on /Users/louisekirkham/Documents/linkedin_learning/Ex_Files_Data_Engineering_Foundations/airflow_env/lib/python3.9/site-packages/airflow/example_dags/example_branch_operator.py
[2022-03-18 17:19:44,521] {processor.py:642} INFO - Processing file /Users/louisekirkham/Documents/linkedin_learning/Ex_Files_Data_Engineering_Foundations/airflow_env/lib/python3.9/site-packages/airflow/example_dags/example_branch_operator.py for tasks to queue
[2022-03-18 17:19:44,522] {logging_mixin.py:109} INFO - [2022-03-18 17:19:44,521] {dagbag.py:500} INFO - Filling up the DagBag from /Users/louisekirkham/Documents/linkedin_learning/Ex_Files_Data_Engineering_Foundations/airflow_env/lib/python3.9/site-packages/airflow/example_dags/example_branch_operator.py
[2022-03-18 17:19:44,566] {processor.py:654} INFO - DAG(s) dict_keys(['example_branch_operator']) retrieved from /Users/louisekirkham/Documents/linkedin_learning/Ex_Files_Data_Engineering_Foundations/airflow_env/lib/python3.9/site-packages/airflow/example_dags/example_branch_operator.py
[2022-03-18 17:19:44,582] {logging_mixin.py:109} INFO - [2022-03-18 17:19:44,582] {dag.py:2398} INFO - Sync 1 DAGs
[2022-03-18 17:19:44,590] {logging_mixin.py:109} INFO - [2022-03-18 17:19:44,590] {dag.py:2937} INFO - Setting next_dagrun for example_branch_operator to 2022-03-17 00:00:00+00:00
[2022-03-18 17:19:44,597] {processor.py:171} INFO - Processing /Users/louisekirkham/Documents/linkedin_learning/Ex_Files_Data_Engineering_Foundations/airflow_env/lib/python3.9/site-packages/airflow/example_dags/example_branch_operator.py took 0.077 seconds
[2022-03-18 17:24:34,022] {processor.py:163} INFO - Started process (PID=47558) to work on /Users/louisekirkham/Documents/linkedin_learning/Ex_Files_Data_Engineering_Foundations/airflow_env/lib/python3.9/site-packages/airflow/example_dags/example_branch_operator.py
[2022-03-18 17:24:34,023] {processor.py:642} INFO - Processing file /Users/louisekirkham/Documents/linkedin_learning/Ex_Files_Data_Engineering_Foundations/airflow_env/lib/python3.9/site-packages/airflow/example_dags/example_branch_operator.py for tasks to queue
[2022-03-18 17:24:34,024] {logging_mixin.py:109} INFO - [2022-03-18 17:24:34,024] {dagbag.py:500} INFO - Filling up the DagBag from /Users/louisekirkham/Documents/linkedin_learning/Ex_Files_Data_Engineering_Foundations/airflow_env/lib/python3.9/site-packages/airflow/example_dags/example_branch_operator.py
[2022-03-18 17:24:34,060] {processor.py:654} INFO - DAG(s) dict_keys(['example_branch_operator']) retrieved from /Users/louisekirkham/Documents/linkedin_learning/Ex_Files_Data_Engineering_Foundations/airflow_env/lib/python3.9/site-packages/airflow/example_dags/example_branch_operator.py
[2022-03-18 17:24:34,074] {logging_mixin.py:109} INFO - [2022-03-18 17:24:34,074] {dag.py:2398} INFO - Sync 1 DAGs
[2022-03-18 17:24:34,083] {logging_mixin.py:109} INFO - [2022-03-18 17:24:34,083] {dag.py:2937} INFO - Setting next_dagrun for example_branch_operator to 2022-03-17 00:00:00+00:00
[2022-03-18 17:24:34,089] {processor.py:171} INFO - Processing /Users/louisekirkham/Documents/linkedin_learning/Ex_Files_Data_Engineering_Foundations/airflow_env/lib/python3.9/site-packages/airflow/example_dags/example_branch_operator.py took 0.067 seconds
[2022-03-18 17:26:09,162] {processor.py:163} INFO - Started process (PID=47645) to work on /Users/louisekirkham/Documents/linkedin_learning/Ex_Files_Data_Engineering_Foundations/airflow_env/lib/python3.9/site-packages/airflow/example_dags/example_branch_operator.py
[2022-03-18 17:26:09,162] {processor.py:642} INFO - Processing file /Users/louisekirkham/Documents/linkedin_learning/Ex_Files_Data_Engineering_Foundations/airflow_env/lib/python3.9/site-packages/airflow/example_dags/example_branch_operator.py for tasks to queue
[2022-03-18 17:26:09,163] {logging_mixin.py:109} INFO - [2022-03-18 17:26:09,163] {dagbag.py:500} INFO - Filling up the DagBag from /Users/louisekirkham/Documents/linkedin_learning/Ex_Files_Data_Engineering_Foundations/airflow_env/lib/python3.9/site-packages/airflow/example_dags/example_branch_operator.py
[2022-03-18 17:26:09,203] {processor.py:654} INFO - DAG(s) dict_keys(['example_branch_operator']) retrieved from /Users/louisekirkham/Documents/linkedin_learning/Ex_Files_Data_Engineering_Foundations/airflow_env/lib/python3.9/site-packages/airflow/example_dags/example_branch_operator.py
[2022-03-18 17:26:09,220] {logging_mixin.py:109} INFO - [2022-03-18 17:26:09,219] {dag.py:2398} INFO - Sync 1 DAGs
[2022-03-18 17:26:09,229] {logging_mixin.py:109} INFO - [2022-03-18 17:26:09,229] {dag.py:2937} INFO - Setting next_dagrun for example_branch_operator to 2022-03-17 00:00:00+00:00
[2022-03-18 17:26:09,239] {processor.py:171} INFO - Processing /Users/louisekirkham/Documents/linkedin_learning/Ex_Files_Data_Engineering_Foundations/airflow_env/lib/python3.9/site-packages/airflow/example_dags/example_branch_operator.py took 0.077 seconds
[2022-03-18 17:29:01,398] {processor.py:163} INFO - Started process (PID=47767) to work on /Users/louisekirkham/Documents/linkedin_learning/Ex_Files_Data_Engineering_Foundations/airflow_env/lib/python3.9/site-packages/airflow/example_dags/example_branch_operator.py
[2022-03-18 17:29:01,399] {processor.py:642} INFO - Processing file /Users/louisekirkham/Documents/linkedin_learning/Ex_Files_Data_Engineering_Foundations/airflow_env/lib/python3.9/site-packages/airflow/example_dags/example_branch_operator.py for tasks to queue
[2022-03-18 17:29:01,399] {logging_mixin.py:109} INFO - [2022-03-18 17:29:01,399] {dagbag.py:500} INFO - Filling up the DagBag from /Users/louisekirkham/Documents/linkedin_learning/Ex_Files_Data_Engineering_Foundations/airflow_env/lib/python3.9/site-packages/airflow/example_dags/example_branch_operator.py
[2022-03-18 17:29:01,440] {processor.py:654} INFO - DAG(s) dict_keys(['example_branch_operator']) retrieved from /Users/louisekirkham/Documents/linkedin_learning/Ex_Files_Data_Engineering_Foundations/airflow_env/lib/python3.9/site-packages/airflow/example_dags/example_branch_operator.py
[2022-03-18 17:29:01,456] {logging_mixin.py:109} INFO - [2022-03-18 17:29:01,456] {dag.py:2398} INFO - Sync 1 DAGs
[2022-03-18 17:29:01,465] {logging_mixin.py:109} INFO - [2022-03-18 17:29:01,465] {dag.py:2937} INFO - Setting next_dagrun for example_branch_operator to 2022-03-17 00:00:00+00:00
[2022-03-18 17:29:01,473] {processor.py:171} INFO - Processing /Users/louisekirkham/Documents/linkedin_learning/Ex_Files_Data_Engineering_Foundations/airflow_env/lib/python3.9/site-packages/airflow/example_dags/example_branch_operator.py took 0.075 seconds
[2022-03-18 17:32:19,444] {processor.py:163} INFO - Started process (PID=47941) to work on /Users/louisekirkham/Documents/linkedin_learning/Ex_Files_Data_Engineering_Foundations/airflow_env/lib/python3.9/site-packages/airflow/example_dags/example_branch_operator.py
[2022-03-18 17:32:19,445] {processor.py:642} INFO - Processing file /Users/louisekirkham/Documents/linkedin_learning/Ex_Files_Data_Engineering_Foundations/airflow_env/lib/python3.9/site-packages/airflow/example_dags/example_branch_operator.py for tasks to queue
[2022-03-18 17:32:19,445] {logging_mixin.py:109} INFO - [2022-03-18 17:32:19,445] {dagbag.py:500} INFO - Filling up the DagBag from /Users/louisekirkham/Documents/linkedin_learning/Ex_Files_Data_Engineering_Foundations/airflow_env/lib/python3.9/site-packages/airflow/example_dags/example_branch_operator.py
[2022-03-18 17:32:19,480] {processor.py:654} INFO - DAG(s) dict_keys(['example_branch_operator']) retrieved from /Users/louisekirkham/Documents/linkedin_learning/Ex_Files_Data_Engineering_Foundations/airflow_env/lib/python3.9/site-packages/airflow/example_dags/example_branch_operator.py
[2022-03-18 17:32:19,495] {logging_mixin.py:109} INFO - [2022-03-18 17:32:19,494] {dag.py:2398} INFO - Sync 1 DAGs
[2022-03-18 17:32:19,503] {logging_mixin.py:109} INFO - [2022-03-18 17:32:19,503] {dag.py:2937} INFO - Setting next_dagrun for example_branch_operator to 2022-03-17 00:00:00+00:00
[2022-03-18 17:32:19,509] {processor.py:171} INFO - Processing /Users/louisekirkham/Documents/linkedin_learning/Ex_Files_Data_Engineering_Foundations/airflow_env/lib/python3.9/site-packages/airflow/example_dags/example_branch_operator.py took 0.065 seconds
[2022-03-18 17:33:44,828] {processor.py:163} INFO - Started process (PID=48397) to work on /Users/louisekirkham/Documents/linkedin_learning/Ex_Files_Data_Engineering_Foundations/airflow_env/lib/python3.9/site-packages/airflow/example_dags/example_branch_operator.py
[2022-03-18 17:33:44,829] {processor.py:642} INFO - Processing file /Users/louisekirkham/Documents/linkedin_learning/Ex_Files_Data_Engineering_Foundations/airflow_env/lib/python3.9/site-packages/airflow/example_dags/example_branch_operator.py for tasks to queue
[2022-03-18 17:33:44,829] {logging_mixin.py:109} INFO - [2022-03-18 17:33:44,829] {dagbag.py:500} INFO - Filling up the DagBag from /Users/louisekirkham/Documents/linkedin_learning/Ex_Files_Data_Engineering_Foundations/airflow_env/lib/python3.9/site-packages/airflow/example_dags/example_branch_operator.py
[2022-03-18 17:33:44,867] {processor.py:654} INFO - DAG(s) dict_keys(['example_branch_operator']) retrieved from /Users/louisekirkham/Documents/linkedin_learning/Ex_Files_Data_Engineering_Foundations/airflow_env/lib/python3.9/site-packages/airflow/example_dags/example_branch_operator.py
[2022-03-18 17:33:44,883] {logging_mixin.py:109} INFO - [2022-03-18 17:33:44,882] {dag.py:2398} INFO - Sync 1 DAGs
[2022-03-18 17:33:44,892] {logging_mixin.py:109} INFO - [2022-03-18 17:33:44,892] {dag.py:2937} INFO - Setting next_dagrun for example_branch_operator to 2022-03-17 00:00:00+00:00
[2022-03-18 17:33:44,900] {processor.py:171} INFO - Processing /Users/louisekirkham/Documents/linkedin_learning/Ex_Files_Data_Engineering_Foundations/airflow_env/lib/python3.9/site-packages/airflow/example_dags/example_branch_operator.py took 0.072 seconds
[2022-03-18 17:35:06,274] {processor.py:163} INFO - Started process (PID=48489) to work on /Users/louisekirkham/Documents/linkedin_learning/Ex_Files_Data_Engineering_Foundations/airflow_env/lib/python3.9/site-packages/airflow/example_dags/example_branch_operator.py
[2022-03-18 17:35:06,274] {processor.py:642} INFO - Processing file /Users/louisekirkham/Documents/linkedin_learning/Ex_Files_Data_Engineering_Foundations/airflow_env/lib/python3.9/site-packages/airflow/example_dags/example_branch_operator.py for tasks to queue
[2022-03-18 17:35:06,275] {logging_mixin.py:109} INFO - [2022-03-18 17:35:06,275] {dagbag.py:500} INFO - Filling up the DagBag from /Users/louisekirkham/Documents/linkedin_learning/Ex_Files_Data_Engineering_Foundations/airflow_env/lib/python3.9/site-packages/airflow/example_dags/example_branch_operator.py
[2022-03-18 17:35:06,313] {processor.py:654} INFO - DAG(s) dict_keys(['example_branch_operator']) retrieved from /Users/louisekirkham/Documents/linkedin_learning/Ex_Files_Data_Engineering_Foundations/airflow_env/lib/python3.9/site-packages/airflow/example_dags/example_branch_operator.py
[2022-03-18 17:35:06,327] {logging_mixin.py:109} INFO - [2022-03-18 17:35:06,327] {dag.py:2398} INFO - Sync 1 DAGs
[2022-03-18 17:35:06,336] {logging_mixin.py:109} INFO - [2022-03-18 17:35:06,336] {dag.py:2937} INFO - Setting next_dagrun for example_branch_operator to 2022-03-17 00:00:00+00:00
[2022-03-18 17:35:06,344] {processor.py:171} INFO - Processing /Users/louisekirkham/Documents/linkedin_learning/Ex_Files_Data_Engineering_Foundations/airflow_env/lib/python3.9/site-packages/airflow/example_dags/example_branch_operator.py took 0.071 seconds
[2022-03-18 17:36:28,791] {processor.py:163} INFO - Started process (PID=48570) to work on /Users/louisekirkham/Documents/linkedin_learning/Ex_Files_Data_Engineering_Foundations/airflow_env/lib/python3.9/site-packages/airflow/example_dags/example_branch_operator.py
[2022-03-18 17:36:28,791] {processor.py:642} INFO - Processing file /Users/louisekirkham/Documents/linkedin_learning/Ex_Files_Data_Engineering_Foundations/airflow_env/lib/python3.9/site-packages/airflow/example_dags/example_branch_operator.py for tasks to queue
[2022-03-18 17:36:28,791] {logging_mixin.py:109} INFO - [2022-03-18 17:36:28,791] {dagbag.py:500} INFO - Filling up the DagBag from /Users/louisekirkham/Documents/linkedin_learning/Ex_Files_Data_Engineering_Foundations/airflow_env/lib/python3.9/site-packages/airflow/example_dags/example_branch_operator.py
[2022-03-18 17:36:28,830] {processor.py:654} INFO - DAG(s) dict_keys(['example_branch_operator']) retrieved from /Users/louisekirkham/Documents/linkedin_learning/Ex_Files_Data_Engineering_Foundations/airflow_env/lib/python3.9/site-packages/airflow/example_dags/example_branch_operator.py
[2022-03-18 17:36:28,846] {logging_mixin.py:109} INFO - [2022-03-18 17:36:28,846] {dag.py:2398} INFO - Sync 1 DAGs
[2022-03-18 17:36:28,854] {logging_mixin.py:109} INFO - [2022-03-18 17:36:28,854] {dag.py:2937} INFO - Setting next_dagrun for example_branch_operator to 2022-03-17 00:00:00+00:00
[2022-03-18 17:36:28,863] {processor.py:171} INFO - Processing /Users/louisekirkham/Documents/linkedin_learning/Ex_Files_Data_Engineering_Foundations/airflow_env/lib/python3.9/site-packages/airflow/example_dags/example_branch_operator.py took 0.073 seconds
[2022-03-18 17:37:53,288] {processor.py:163} INFO - Started process (PID=48639) to work on /Users/louisekirkham/Documents/linkedin_learning/Ex_Files_Data_Engineering_Foundations/airflow_env/lib/python3.9/site-packages/airflow/example_dags/example_branch_operator.py
[2022-03-18 17:37:53,289] {processor.py:642} INFO - Processing file /Users/louisekirkham/Documents/linkedin_learning/Ex_Files_Data_Engineering_Foundations/airflow_env/lib/python3.9/site-packages/airflow/example_dags/example_branch_operator.py for tasks to queue
[2022-03-18 17:37:53,289] {logging_mixin.py:109} INFO - [2022-03-18 17:37:53,289] {dagbag.py:500} INFO - Filling up the DagBag from /Users/louisekirkham/Documents/linkedin_learning/Ex_Files_Data_Engineering_Foundations/airflow_env/lib/python3.9/site-packages/airflow/example_dags/example_branch_operator.py
[2022-03-18 17:37:53,330] {processor.py:654} INFO - DAG(s) dict_keys(['example_branch_operator']) retrieved from /Users/louisekirkham/Documents/linkedin_learning/Ex_Files_Data_Engineering_Foundations/airflow_env/lib/python3.9/site-packages/airflow/example_dags/example_branch_operator.py
[2022-03-18 17:37:53,346] {logging_mixin.py:109} INFO - [2022-03-18 17:37:53,346] {dag.py:2398} INFO - Sync 1 DAGs
[2022-03-18 17:37:53,357] {logging_mixin.py:109} INFO - [2022-03-18 17:37:53,357] {dag.py:2937} INFO - Setting next_dagrun for example_branch_operator to 2022-03-17 00:00:00+00:00
[2022-03-18 17:37:53,364] {processor.py:171} INFO - Processing /Users/louisekirkham/Documents/linkedin_learning/Ex_Files_Data_Engineering_Foundations/airflow_env/lib/python3.9/site-packages/airflow/example_dags/example_branch_operator.py took 0.077 seconds
[2022-03-18 17:39:18,426] {processor.py:163} INFO - Started process (PID=48714) to work on /Users/louisekirkham/Documents/linkedin_learning/Ex_Files_Data_Engineering_Foundations/airflow_env/lib/python3.9/site-packages/airflow/example_dags/example_branch_operator.py
[2022-03-18 17:39:18,427] {processor.py:642} INFO - Processing file /Users/louisekirkham/Documents/linkedin_learning/Ex_Files_Data_Engineering_Foundations/airflow_env/lib/python3.9/site-packages/airflow/example_dags/example_branch_operator.py for tasks to queue
[2022-03-18 17:39:18,427] {logging_mixin.py:109} INFO - [2022-03-18 17:39:18,427] {dagbag.py:500} INFO - Filling up the DagBag from /Users/louisekirkham/Documents/linkedin_learning/Ex_Files_Data_Engineering_Foundations/airflow_env/lib/python3.9/site-packages/airflow/example_dags/example_branch_operator.py
[2022-03-18 17:39:18,471] {processor.py:654} INFO - DAG(s) dict_keys(['example_branch_operator']) retrieved from /Users/louisekirkham/Documents/linkedin_learning/Ex_Files_Data_Engineering_Foundations/airflow_env/lib/python3.9/site-packages/airflow/example_dags/example_branch_operator.py
[2022-03-18 17:39:18,487] {logging_mixin.py:109} INFO - [2022-03-18 17:39:18,487] {dag.py:2398} INFO - Sync 1 DAGs
[2022-03-18 17:39:18,495] {logging_mixin.py:109} INFO - [2022-03-18 17:39:18,495] {dag.py:2937} INFO - Setting next_dagrun for example_branch_operator to 2022-03-17 00:00:00+00:00
[2022-03-18 17:39:18,501] {processor.py:171} INFO - Processing /Users/louisekirkham/Documents/linkedin_learning/Ex_Files_Data_Engineering_Foundations/airflow_env/lib/python3.9/site-packages/airflow/example_dags/example_branch_operator.py took 0.076 seconds
[2022-03-18 17:40:44,182] {processor.py:163} INFO - Started process (PID=48805) to work on /Users/louisekirkham/Documents/linkedin_learning/Ex_Files_Data_Engineering_Foundations/airflow_env/lib/python3.9/site-packages/airflow/example_dags/example_branch_operator.py
[2022-03-18 17:40:44,183] {processor.py:642} INFO - Processing file /Users/louisekirkham/Documents/linkedin_learning/Ex_Files_Data_Engineering_Foundations/airflow_env/lib/python3.9/site-packages/airflow/example_dags/example_branch_operator.py for tasks to queue
[2022-03-18 17:40:44,183] {logging_mixin.py:109} INFO - [2022-03-18 17:40:44,183] {dagbag.py:500} INFO - Filling up the DagBag from /Users/louisekirkham/Documents/linkedin_learning/Ex_Files_Data_Engineering_Foundations/airflow_env/lib/python3.9/site-packages/airflow/example_dags/example_branch_operator.py
[2022-03-18 17:40:44,221] {processor.py:654} INFO - DAG(s) dict_keys(['example_branch_operator']) retrieved from /Users/louisekirkham/Documents/linkedin_learning/Ex_Files_Data_Engineering_Foundations/airflow_env/lib/python3.9/site-packages/airflow/example_dags/example_branch_operator.py
[2022-03-18 17:40:44,235] {logging_mixin.py:109} INFO - [2022-03-18 17:40:44,235] {dag.py:2398} INFO - Sync 1 DAGs
[2022-03-18 17:40:44,243] {logging_mixin.py:109} INFO - [2022-03-18 17:40:44,243] {dag.py:2937} INFO - Setting next_dagrun for example_branch_operator to 2022-03-17 00:00:00+00:00
[2022-03-18 17:40:44,249] {processor.py:171} INFO - Processing /Users/louisekirkham/Documents/linkedin_learning/Ex_Files_Data_Engineering_Foundations/airflow_env/lib/python3.9/site-packages/airflow/example_dags/example_branch_operator.py took 0.067 seconds
[2022-03-18 17:42:04,876] {processor.py:163} INFO - Started process (PID=48892) to work on /Users/louisekirkham/Documents/linkedin_learning/Ex_Files_Data_Engineering_Foundations/airflow_env/lib/python3.9/site-packages/airflow/example_dags/example_branch_operator.py
[2022-03-18 17:42:04,877] {processor.py:642} INFO - Processing file /Users/louisekirkham/Documents/linkedin_learning/Ex_Files_Data_Engineering_Foundations/airflow_env/lib/python3.9/site-packages/airflow/example_dags/example_branch_operator.py for tasks to queue
[2022-03-18 17:42:04,877] {logging_mixin.py:109} INFO - [2022-03-18 17:42:04,877] {dagbag.py:500} INFO - Filling up the DagBag from /Users/louisekirkham/Documents/linkedin_learning/Ex_Files_Data_Engineering_Foundations/airflow_env/lib/python3.9/site-packages/airflow/example_dags/example_branch_operator.py
[2022-03-18 17:42:04,924] {processor.py:654} INFO - DAG(s) dict_keys(['example_branch_operator']) retrieved from /Users/louisekirkham/Documents/linkedin_learning/Ex_Files_Data_Engineering_Foundations/airflow_env/lib/python3.9/site-packages/airflow/example_dags/example_branch_operator.py
[2022-03-18 17:42:04,944] {logging_mixin.py:109} INFO - [2022-03-18 17:42:04,944] {dag.py:2398} INFO - Sync 1 DAGs
[2022-03-18 17:42:04,955] {logging_mixin.py:109} INFO - [2022-03-18 17:42:04,955] {dag.py:2937} INFO - Setting next_dagrun for example_branch_operator to 2022-03-17 00:00:00+00:00
[2022-03-18 17:42:04,967] {processor.py:171} INFO - Processing /Users/louisekirkham/Documents/linkedin_learning/Ex_Files_Data_Engineering_Foundations/airflow_env/lib/python3.9/site-packages/airflow/example_dags/example_branch_operator.py took 0.092 seconds
[2022-03-18 17:43:29,356] {processor.py:163} INFO - Started process (PID=48953) to work on /Users/louisekirkham/Documents/linkedin_learning/Ex_Files_Data_Engineering_Foundations/airflow_env/lib/python3.9/site-packages/airflow/example_dags/example_branch_operator.py
[2022-03-18 17:43:29,356] {processor.py:642} INFO - Processing file /Users/louisekirkham/Documents/linkedin_learning/Ex_Files_Data_Engineering_Foundations/airflow_env/lib/python3.9/site-packages/airflow/example_dags/example_branch_operator.py for tasks to queue
[2022-03-18 17:43:29,357] {logging_mixin.py:109} INFO - [2022-03-18 17:43:29,357] {dagbag.py:500} INFO - Filling up the DagBag from /Users/louisekirkham/Documents/linkedin_learning/Ex_Files_Data_Engineering_Foundations/airflow_env/lib/python3.9/site-packages/airflow/example_dags/example_branch_operator.py
[2022-03-18 17:43:29,405] {processor.py:654} INFO - DAG(s) dict_keys(['example_branch_operator']) retrieved from /Users/louisekirkham/Documents/linkedin_learning/Ex_Files_Data_Engineering_Foundations/airflow_env/lib/python3.9/site-packages/airflow/example_dags/example_branch_operator.py
[2022-03-18 17:43:29,422] {logging_mixin.py:109} INFO - [2022-03-18 17:43:29,422] {dag.py:2398} INFO - Sync 1 DAGs
[2022-03-18 17:43:29,431] {logging_mixin.py:109} INFO - [2022-03-18 17:43:29,431] {dag.py:2937} INFO - Setting next_dagrun for example_branch_operator to 2022-03-17 00:00:00+00:00
[2022-03-18 17:43:29,437] {processor.py:171} INFO - Processing /Users/louisekirkham/Documents/linkedin_learning/Ex_Files_Data_Engineering_Foundations/airflow_env/lib/python3.9/site-packages/airflow/example_dags/example_branch_operator.py took 0.082 seconds
[2022-03-18 17:44:51,248] {processor.py:163} INFO - Started process (PID=49015) to work on /Users/louisekirkham/Documents/linkedin_learning/Ex_Files_Data_Engineering_Foundations/airflow_env/lib/python3.9/site-packages/airflow/example_dags/example_branch_operator.py
[2022-03-18 17:44:51,248] {processor.py:642} INFO - Processing file /Users/louisekirkham/Documents/linkedin_learning/Ex_Files_Data_Engineering_Foundations/airflow_env/lib/python3.9/site-packages/airflow/example_dags/example_branch_operator.py for tasks to queue
[2022-03-18 17:44:51,248] {logging_mixin.py:109} INFO - [2022-03-18 17:44:51,248] {dagbag.py:500} INFO - Filling up the DagBag from /Users/louisekirkham/Documents/linkedin_learning/Ex_Files_Data_Engineering_Foundations/airflow_env/lib/python3.9/site-packages/airflow/example_dags/example_branch_operator.py
[2022-03-18 17:44:51,288] {processor.py:654} INFO - DAG(s) dict_keys(['example_branch_operator']) retrieved from /Users/louisekirkham/Documents/linkedin_learning/Ex_Files_Data_Engineering_Foundations/airflow_env/lib/python3.9/site-packages/airflow/example_dags/example_branch_operator.py
[2022-03-18 17:44:51,305] {logging_mixin.py:109} INFO - [2022-03-18 17:44:51,305] {dag.py:2398} INFO - Sync 1 DAGs
[2022-03-18 17:44:51,314] {logging_mixin.py:109} INFO - [2022-03-18 17:44:51,314] {dag.py:2937} INFO - Setting next_dagrun for example_branch_operator to 2022-03-17 00:00:00+00:00
[2022-03-18 17:44:51,321] {processor.py:171} INFO - Processing /Users/louisekirkham/Documents/linkedin_learning/Ex_Files_Data_Engineering_Foundations/airflow_env/lib/python3.9/site-packages/airflow/example_dags/example_branch_operator.py took 0.074 seconds
[2022-03-18 17:46:15,819] {processor.py:163} INFO - Started process (PID=49086) to work on /Users/louisekirkham/Documents/linkedin_learning/Ex_Files_Data_Engineering_Foundations/airflow_env/lib/python3.9/site-packages/airflow/example_dags/example_branch_operator.py
[2022-03-18 17:46:15,819] {processor.py:642} INFO - Processing file /Users/louisekirkham/Documents/linkedin_learning/Ex_Files_Data_Engineering_Foundations/airflow_env/lib/python3.9/site-packages/airflow/example_dags/example_branch_operator.py for tasks to queue
[2022-03-18 17:46:15,820] {logging_mixin.py:109} INFO - [2022-03-18 17:46:15,820] {dagbag.py:500} INFO - Filling up the DagBag from /Users/louisekirkham/Documents/linkedin_learning/Ex_Files_Data_Engineering_Foundations/airflow_env/lib/python3.9/site-packages/airflow/example_dags/example_branch_operator.py
[2022-03-18 17:46:15,856] {processor.py:654} INFO - DAG(s) dict_keys(['example_branch_operator']) retrieved from /Users/louisekirkham/Documents/linkedin_learning/Ex_Files_Data_Engineering_Foundations/airflow_env/lib/python3.9/site-packages/airflow/example_dags/example_branch_operator.py
[2022-03-18 17:46:15,871] {logging_mixin.py:109} INFO - [2022-03-18 17:46:15,870] {dag.py:2398} INFO - Sync 1 DAGs
[2022-03-18 17:46:15,878] {logging_mixin.py:109} INFO - [2022-03-18 17:46:15,878] {dag.py:2937} INFO - Setting next_dagrun for example_branch_operator to 2022-03-17 00:00:00+00:00
[2022-03-18 17:46:15,885] {processor.py:171} INFO - Processing /Users/louisekirkham/Documents/linkedin_learning/Ex_Files_Data_Engineering_Foundations/airflow_env/lib/python3.9/site-packages/airflow/example_dags/example_branch_operator.py took 0.066 seconds
[2022-03-18 17:47:40,116] {processor.py:163} INFO - Started process (PID=49153) to work on /Users/louisekirkham/Documents/linkedin_learning/Ex_Files_Data_Engineering_Foundations/airflow_env/lib/python3.9/site-packages/airflow/example_dags/example_branch_operator.py
[2022-03-18 17:47:40,117] {processor.py:642} INFO - Processing file /Users/louisekirkham/Documents/linkedin_learning/Ex_Files_Data_Engineering_Foundations/airflow_env/lib/python3.9/site-packages/airflow/example_dags/example_branch_operator.py for tasks to queue
[2022-03-18 17:47:40,117] {logging_mixin.py:109} INFO - [2022-03-18 17:47:40,117] {dagbag.py:500} INFO - Filling up the DagBag from /Users/louisekirkham/Documents/linkedin_learning/Ex_Files_Data_Engineering_Foundations/airflow_env/lib/python3.9/site-packages/airflow/example_dags/example_branch_operator.py
[2022-03-18 17:47:40,159] {processor.py:654} INFO - DAG(s) dict_keys(['example_branch_operator']) retrieved from /Users/louisekirkham/Documents/linkedin_learning/Ex_Files_Data_Engineering_Foundations/airflow_env/lib/python3.9/site-packages/airflow/example_dags/example_branch_operator.py
[2022-03-18 17:47:40,174] {logging_mixin.py:109} INFO - [2022-03-18 17:47:40,174] {dag.py:2398} INFO - Sync 1 DAGs
[2022-03-18 17:47:40,183] {logging_mixin.py:109} INFO - [2022-03-18 17:47:40,183] {dag.py:2937} INFO - Setting next_dagrun for example_branch_operator to 2022-03-17 00:00:00+00:00
[2022-03-18 17:47:40,190] {processor.py:171} INFO - Processing /Users/louisekirkham/Documents/linkedin_learning/Ex_Files_Data_Engineering_Foundations/airflow_env/lib/python3.9/site-packages/airflow/example_dags/example_branch_operator.py took 0.075 seconds
[2022-03-18 17:49:05,176] {processor.py:163} INFO - Started process (PID=50907) to work on /Users/louisekirkham/Documents/linkedin_learning/Ex_Files_Data_Engineering_Foundations/airflow_env/lib/python3.9/site-packages/airflow/example_dags/example_branch_operator.py
[2022-03-18 17:49:05,176] {processor.py:642} INFO - Processing file /Users/louisekirkham/Documents/linkedin_learning/Ex_Files_Data_Engineering_Foundations/airflow_env/lib/python3.9/site-packages/airflow/example_dags/example_branch_operator.py for tasks to queue
[2022-03-18 17:49:05,176] {logging_mixin.py:109} INFO - [2022-03-18 17:49:05,176] {dagbag.py:500} INFO - Filling up the DagBag from /Users/louisekirkham/Documents/linkedin_learning/Ex_Files_Data_Engineering_Foundations/airflow_env/lib/python3.9/site-packages/airflow/example_dags/example_branch_operator.py
[2022-03-18 17:49:05,213] {processor.py:654} INFO - DAG(s) dict_keys(['example_branch_operator']) retrieved from /Users/louisekirkham/Documents/linkedin_learning/Ex_Files_Data_Engineering_Foundations/airflow_env/lib/python3.9/site-packages/airflow/example_dags/example_branch_operator.py
[2022-03-18 17:49:05,226] {logging_mixin.py:109} INFO - [2022-03-18 17:49:05,226] {dag.py:2398} INFO - Sync 1 DAGs
[2022-03-18 17:49:05,235] {logging_mixin.py:109} INFO - [2022-03-18 17:49:05,235] {dag.py:2937} INFO - Setting next_dagrun for example_branch_operator to 2022-03-17 00:00:00+00:00
[2022-03-18 17:49:05,243] {processor.py:171} INFO - Processing /Users/louisekirkham/Documents/linkedin_learning/Ex_Files_Data_Engineering_Foundations/airflow_env/lib/python3.9/site-packages/airflow/example_dags/example_branch_operator.py took 0.068 seconds
[2022-03-18 17:50:27,677] {processor.py:163} INFO - Started process (PID=50972) to work on /Users/louisekirkham/Documents/linkedin_learning/Ex_Files_Data_Engineering_Foundations/airflow_env/lib/python3.9/site-packages/airflow/example_dags/example_branch_operator.py
[2022-03-18 17:50:27,678] {processor.py:642} INFO - Processing file /Users/louisekirkham/Documents/linkedin_learning/Ex_Files_Data_Engineering_Foundations/airflow_env/lib/python3.9/site-packages/airflow/example_dags/example_branch_operator.py for tasks to queue
[2022-03-18 17:50:27,678] {logging_mixin.py:109} INFO - [2022-03-18 17:50:27,678] {dagbag.py:500} INFO - Filling up the DagBag from /Users/louisekirkham/Documents/linkedin_learning/Ex_Files_Data_Engineering_Foundations/airflow_env/lib/python3.9/site-packages/airflow/example_dags/example_branch_operator.py
[2022-03-18 17:50:27,714] {processor.py:654} INFO - DAG(s) dict_keys(['example_branch_operator']) retrieved from /Users/louisekirkham/Documents/linkedin_learning/Ex_Files_Data_Engineering_Foundations/airflow_env/lib/python3.9/site-packages/airflow/example_dags/example_branch_operator.py
[2022-03-18 17:50:27,728] {logging_mixin.py:109} INFO - [2022-03-18 17:50:27,728] {dag.py:2398} INFO - Sync 1 DAGs
[2022-03-18 17:50:27,736] {logging_mixin.py:109} INFO - [2022-03-18 17:50:27,736] {dag.py:2937} INFO - Setting next_dagrun for example_branch_operator to 2022-03-17 00:00:00+00:00
[2022-03-18 17:50:27,742] {processor.py:171} INFO - Processing /Users/louisekirkham/Documents/linkedin_learning/Ex_Files_Data_Engineering_Foundations/airflow_env/lib/python3.9/site-packages/airflow/example_dags/example_branch_operator.py took 0.065 seconds
[2022-03-18 17:51:53,753] {processor.py:163} INFO - Started process (PID=51056) to work on /Users/louisekirkham/Documents/linkedin_learning/Ex_Files_Data_Engineering_Foundations/airflow_env/lib/python3.9/site-packages/airflow/example_dags/example_branch_operator.py
[2022-03-18 17:51:53,753] {processor.py:642} INFO - Processing file /Users/louisekirkham/Documents/linkedin_learning/Ex_Files_Data_Engineering_Foundations/airflow_env/lib/python3.9/site-packages/airflow/example_dags/example_branch_operator.py for tasks to queue
[2022-03-18 17:51:53,753] {logging_mixin.py:109} INFO - [2022-03-18 17:51:53,753] {dagbag.py:500} INFO - Filling up the DagBag from /Users/louisekirkham/Documents/linkedin_learning/Ex_Files_Data_Engineering_Foundations/airflow_env/lib/python3.9/site-packages/airflow/example_dags/example_branch_operator.py
[2022-03-18 17:51:53,795] {processor.py:654} INFO - DAG(s) dict_keys(['example_branch_operator']) retrieved from /Users/louisekirkham/Documents/linkedin_learning/Ex_Files_Data_Engineering_Foundations/airflow_env/lib/python3.9/site-packages/airflow/example_dags/example_branch_operator.py
[2022-03-18 17:51:53,811] {logging_mixin.py:109} INFO - [2022-03-18 17:51:53,810] {dag.py:2398} INFO - Sync 1 DAGs
[2022-03-18 17:51:53,819] {logging_mixin.py:109} INFO - [2022-03-18 17:51:53,818] {dag.py:2937} INFO - Setting next_dagrun for example_branch_operator to 2022-03-17 00:00:00+00:00
[2022-03-18 17:51:53,825] {processor.py:171} INFO - Processing /Users/louisekirkham/Documents/linkedin_learning/Ex_Files_Data_Engineering_Foundations/airflow_env/lib/python3.9/site-packages/airflow/example_dags/example_branch_operator.py took 0.073 seconds
[2022-03-18 17:53:17,296] {processor.py:163} INFO - Started process (PID=51124) to work on /Users/louisekirkham/Documents/linkedin_learning/Ex_Files_Data_Engineering_Foundations/airflow_env/lib/python3.9/site-packages/airflow/example_dags/example_branch_operator.py
[2022-03-18 17:53:17,296] {processor.py:642} INFO - Processing file /Users/louisekirkham/Documents/linkedin_learning/Ex_Files_Data_Engineering_Foundations/airflow_env/lib/python3.9/site-packages/airflow/example_dags/example_branch_operator.py for tasks to queue
[2022-03-18 17:53:17,296] {logging_mixin.py:109} INFO - [2022-03-18 17:53:17,296] {dagbag.py:500} INFO - Filling up the DagBag from /Users/louisekirkham/Documents/linkedin_learning/Ex_Files_Data_Engineering_Foundations/airflow_env/lib/python3.9/site-packages/airflow/example_dags/example_branch_operator.py
[2022-03-18 17:53:17,333] {processor.py:654} INFO - DAG(s) dict_keys(['example_branch_operator']) retrieved from /Users/louisekirkham/Documents/linkedin_learning/Ex_Files_Data_Engineering_Foundations/airflow_env/lib/python3.9/site-packages/airflow/example_dags/example_branch_operator.py
[2022-03-18 17:53:17,347] {logging_mixin.py:109} INFO - [2022-03-18 17:53:17,347] {dag.py:2398} INFO - Sync 1 DAGs
[2022-03-18 17:53:17,356] {logging_mixin.py:109} INFO - [2022-03-18 17:53:17,355] {dag.py:2937} INFO - Setting next_dagrun for example_branch_operator to 2022-03-17 00:00:00+00:00
[2022-03-18 17:53:17,363] {processor.py:171} INFO - Processing /Users/louisekirkham/Documents/linkedin_learning/Ex_Files_Data_Engineering_Foundations/airflow_env/lib/python3.9/site-packages/airflow/example_dags/example_branch_operator.py took 0.068 seconds
[2022-03-18 17:54:39,180] {processor.py:163} INFO - Started process (PID=51187) to work on /Users/louisekirkham/Documents/linkedin_learning/Ex_Files_Data_Engineering_Foundations/airflow_env/lib/python3.9/site-packages/airflow/example_dags/example_branch_operator.py
[2022-03-18 17:54:39,182] {processor.py:642} INFO - Processing file /Users/louisekirkham/Documents/linkedin_learning/Ex_Files_Data_Engineering_Foundations/airflow_env/lib/python3.9/site-packages/airflow/example_dags/example_branch_operator.py for tasks to queue
[2022-03-18 17:54:39,182] {logging_mixin.py:109} INFO - [2022-03-18 17:54:39,182] {dagbag.py:500} INFO - Filling up the DagBag from /Users/louisekirkham/Documents/linkedin_learning/Ex_Files_Data_Engineering_Foundations/airflow_env/lib/python3.9/site-packages/airflow/example_dags/example_branch_operator.py
[2022-03-18 17:54:39,217] {processor.py:654} INFO - DAG(s) dict_keys(['example_branch_operator']) retrieved from /Users/louisekirkham/Documents/linkedin_learning/Ex_Files_Data_Engineering_Foundations/airflow_env/lib/python3.9/site-packages/airflow/example_dags/example_branch_operator.py
[2022-03-18 17:54:39,231] {logging_mixin.py:109} INFO - [2022-03-18 17:54:39,231] {dag.py:2398} INFO - Sync 1 DAGs
[2022-03-18 17:54:39,239] {logging_mixin.py:109} INFO - [2022-03-18 17:54:39,239] {dag.py:2937} INFO - Setting next_dagrun for example_branch_operator to 2022-03-17 00:00:00+00:00
[2022-03-18 17:54:39,247] {processor.py:171} INFO - Processing /Users/louisekirkham/Documents/linkedin_learning/Ex_Files_Data_Engineering_Foundations/airflow_env/lib/python3.9/site-packages/airflow/example_dags/example_branch_operator.py took 0.067 seconds
[2022-03-18 17:56:02,970] {processor.py:163} INFO - Started process (PID=51255) to work on /Users/louisekirkham/Documents/linkedin_learning/Ex_Files_Data_Engineering_Foundations/airflow_env/lib/python3.9/site-packages/airflow/example_dags/example_branch_operator.py
[2022-03-18 17:56:02,971] {processor.py:642} INFO - Processing file /Users/louisekirkham/Documents/linkedin_learning/Ex_Files_Data_Engineering_Foundations/airflow_env/lib/python3.9/site-packages/airflow/example_dags/example_branch_operator.py for tasks to queue
[2022-03-18 17:56:02,972] {logging_mixin.py:109} INFO - [2022-03-18 17:56:02,972] {dagbag.py:500} INFO - Filling up the DagBag from /Users/louisekirkham/Documents/linkedin_learning/Ex_Files_Data_Engineering_Foundations/airflow_env/lib/python3.9/site-packages/airflow/example_dags/example_branch_operator.py
[2022-03-18 17:56:03,011] {processor.py:654} INFO - DAG(s) dict_keys(['example_branch_operator']) retrieved from /Users/louisekirkham/Documents/linkedin_learning/Ex_Files_Data_Engineering_Foundations/airflow_env/lib/python3.9/site-packages/airflow/example_dags/example_branch_operator.py
[2022-03-18 17:56:03,027] {logging_mixin.py:109} INFO - [2022-03-18 17:56:03,027] {dag.py:2398} INFO - Sync 1 DAGs
[2022-03-18 17:56:03,036] {logging_mixin.py:109} INFO - [2022-03-18 17:56:03,036] {dag.py:2937} INFO - Setting next_dagrun for example_branch_operator to 2022-03-17 00:00:00+00:00
[2022-03-18 17:56:03,042] {processor.py:171} INFO - Processing /Users/louisekirkham/Documents/linkedin_learning/Ex_Files_Data_Engineering_Foundations/airflow_env/lib/python3.9/site-packages/airflow/example_dags/example_branch_operator.py took 0.073 seconds
[2022-03-18 17:57:28,501] {processor.py:163} INFO - Started process (PID=51319) to work on /Users/louisekirkham/Documents/linkedin_learning/Ex_Files_Data_Engineering_Foundations/airflow_env/lib/python3.9/site-packages/airflow/example_dags/example_branch_operator.py
[2022-03-18 17:57:28,502] {processor.py:642} INFO - Processing file /Users/louisekirkham/Documents/linkedin_learning/Ex_Files_Data_Engineering_Foundations/airflow_env/lib/python3.9/site-packages/airflow/example_dags/example_branch_operator.py for tasks to queue
[2022-03-18 17:57:28,502] {logging_mixin.py:109} INFO - [2022-03-18 17:57:28,502] {dagbag.py:500} INFO - Filling up the DagBag from /Users/louisekirkham/Documents/linkedin_learning/Ex_Files_Data_Engineering_Foundations/airflow_env/lib/python3.9/site-packages/airflow/example_dags/example_branch_operator.py
[2022-03-18 17:57:28,544] {processor.py:654} INFO - DAG(s) dict_keys(['example_branch_operator']) retrieved from /Users/louisekirkham/Documents/linkedin_learning/Ex_Files_Data_Engineering_Foundations/airflow_env/lib/python3.9/site-packages/airflow/example_dags/example_branch_operator.py
[2022-03-18 17:57:28,559] {logging_mixin.py:109} INFO - [2022-03-18 17:57:28,559] {dag.py:2398} INFO - Sync 1 DAGs
[2022-03-18 17:57:28,568] {logging_mixin.py:109} INFO - [2022-03-18 17:57:28,568] {dag.py:2937} INFO - Setting next_dagrun for example_branch_operator to 2022-03-17 00:00:00+00:00
[2022-03-18 17:57:28,574] {processor.py:171} INFO - Processing /Users/louisekirkham/Documents/linkedin_learning/Ex_Files_Data_Engineering_Foundations/airflow_env/lib/python3.9/site-packages/airflow/example_dags/example_branch_operator.py took 0.074 seconds
[2022-03-18 17:59:02,828] {processor.py:163} INFO - Started process (PID=51486) to work on /Users/louisekirkham/Documents/linkedin_learning/Ex_Files_Data_Engineering_Foundations/airflow_env/lib/python3.9/site-packages/airflow/example_dags/example_branch_operator.py
[2022-03-18 17:59:02,829] {processor.py:642} INFO - Processing file /Users/louisekirkham/Documents/linkedin_learning/Ex_Files_Data_Engineering_Foundations/airflow_env/lib/python3.9/site-packages/airflow/example_dags/example_branch_operator.py for tasks to queue
[2022-03-18 17:59:02,829] {logging_mixin.py:109} INFO - [2022-03-18 17:59:02,829] {dagbag.py:500} INFO - Filling up the DagBag from /Users/louisekirkham/Documents/linkedin_learning/Ex_Files_Data_Engineering_Foundations/airflow_env/lib/python3.9/site-packages/airflow/example_dags/example_branch_operator.py
[2022-03-18 17:59:02,870] {processor.py:654} INFO - DAG(s) dict_keys(['example_branch_operator']) retrieved from /Users/louisekirkham/Documents/linkedin_learning/Ex_Files_Data_Engineering_Foundations/airflow_env/lib/python3.9/site-packages/airflow/example_dags/example_branch_operator.py
[2022-03-18 17:59:02,886] {logging_mixin.py:109} INFO - [2022-03-18 17:59:02,886] {dag.py:2398} INFO - Sync 1 DAGs
[2022-03-18 17:59:02,895] {logging_mixin.py:109} INFO - [2022-03-18 17:59:02,895] {dag.py:2937} INFO - Setting next_dagrun for example_branch_operator to 2022-03-17 00:00:00+00:00
[2022-03-18 17:59:02,902] {processor.py:171} INFO - Processing /Users/louisekirkham/Documents/linkedin_learning/Ex_Files_Data_Engineering_Foundations/airflow_env/lib/python3.9/site-packages/airflow/example_dags/example_branch_operator.py took 0.074 seconds
