[2022-03-18 10:37:24,015] {processor.py:163} INFO - Started process (PID=46422) to work on /Users/louisekirkham/Documents/linkedin_learning/Ex_Files_Data_Engineering_Foundations/airflow_env/lib/python3.9/site-packages/airflow/example_dags/example_nested_branch_dag.py
[2022-03-18 10:37:24,015] {processor.py:642} INFO - Processing file /Users/louisekirkham/Documents/linkedin_learning/Ex_Files_Data_Engineering_Foundations/airflow_env/lib/python3.9/site-packages/airflow/example_dags/example_nested_branch_dag.py for tasks to queue
[2022-03-18 10:37:24,016] {logging_mixin.py:109} INFO - [2022-03-18 10:37:24,016] {dagbag.py:500} INFO - Filling up the DagBag from /Users/louisekirkham/Documents/linkedin_learning/Ex_Files_Data_Engineering_Foundations/airflow_env/lib/python3.9/site-packages/airflow/example_dags/example_nested_branch_dag.py
[2022-03-18 10:37:24,055] {processor.py:654} INFO - DAG(s) dict_keys(['example_nested_branch_dag']) retrieved from /Users/louisekirkham/Documents/linkedin_learning/Ex_Files_Data_Engineering_Foundations/airflow_env/lib/python3.9/site-packages/airflow/example_dags/example_nested_branch_dag.py
[2022-03-18 10:37:24,070] {logging_mixin.py:109} INFO - [2022-03-18 10:37:24,070] {dag.py:2398} INFO - Sync 1 DAGs
[2022-03-18 10:37:24,079] {logging_mixin.py:109} INFO - [2022-03-18 10:37:24,078] {dag.py:2937} INFO - Setting next_dagrun for example_nested_branch_dag to 2022-03-17 00:00:00+00:00
[2022-03-18 10:37:24,086] {processor.py:171} INFO - Processing /Users/louisekirkham/Documents/linkedin_learning/Ex_Files_Data_Engineering_Foundations/airflow_env/lib/python3.9/site-packages/airflow/example_dags/example_nested_branch_dag.py took 0.072 seconds
[2022-03-18 10:38:49,970] {processor.py:163} INFO - Started process (PID=46495) to work on /Users/louisekirkham/Documents/linkedin_learning/Ex_Files_Data_Engineering_Foundations/airflow_env/lib/python3.9/site-packages/airflow/example_dags/example_nested_branch_dag.py
[2022-03-18 10:38:49,970] {processor.py:642} INFO - Processing file /Users/louisekirkham/Documents/linkedin_learning/Ex_Files_Data_Engineering_Foundations/airflow_env/lib/python3.9/site-packages/airflow/example_dags/example_nested_branch_dag.py for tasks to queue
[2022-03-18 10:38:49,970] {logging_mixin.py:109} INFO - [2022-03-18 10:38:49,970] {dagbag.py:500} INFO - Filling up the DagBag from /Users/louisekirkham/Documents/linkedin_learning/Ex_Files_Data_Engineering_Foundations/airflow_env/lib/python3.9/site-packages/airflow/example_dags/example_nested_branch_dag.py
[2022-03-18 10:38:50,010] {processor.py:654} INFO - DAG(s) dict_keys(['example_nested_branch_dag']) retrieved from /Users/louisekirkham/Documents/linkedin_learning/Ex_Files_Data_Engineering_Foundations/airflow_env/lib/python3.9/site-packages/airflow/example_dags/example_nested_branch_dag.py
[2022-03-18 10:38:50,027] {logging_mixin.py:109} INFO - [2022-03-18 10:38:50,027] {dag.py:2398} INFO - Sync 1 DAGs
[2022-03-18 10:38:50,035] {logging_mixin.py:109} INFO - [2022-03-18 10:38:50,035] {dag.py:2937} INFO - Setting next_dagrun for example_nested_branch_dag to 2022-03-17 00:00:00+00:00
[2022-03-18 10:38:50,041] {processor.py:171} INFO - Processing /Users/louisekirkham/Documents/linkedin_learning/Ex_Files_Data_Engineering_Foundations/airflow_env/lib/python3.9/site-packages/airflow/example_dags/example_nested_branch_dag.py took 0.072 seconds
[2022-03-18 17:05:38,019] {processor.py:163} INFO - Started process (PID=46674) to work on /Users/louisekirkham/Documents/linkedin_learning/Ex_Files_Data_Engineering_Foundations/airflow_env/lib/python3.9/site-packages/airflow/example_dags/example_nested_branch_dag.py
[2022-03-18 17:05:38,020] {processor.py:642} INFO - Processing file /Users/louisekirkham/Documents/linkedin_learning/Ex_Files_Data_Engineering_Foundations/airflow_env/lib/python3.9/site-packages/airflow/example_dags/example_nested_branch_dag.py for tasks to queue
[2022-03-18 17:05:38,020] {logging_mixin.py:109} INFO - [2022-03-18 17:05:38,020] {dagbag.py:500} INFO - Filling up the DagBag from /Users/louisekirkham/Documents/linkedin_learning/Ex_Files_Data_Engineering_Foundations/airflow_env/lib/python3.9/site-packages/airflow/example_dags/example_nested_branch_dag.py
[2022-03-18 17:05:38,061] {processor.py:654} INFO - DAG(s) dict_keys(['example_nested_branch_dag']) retrieved from /Users/louisekirkham/Documents/linkedin_learning/Ex_Files_Data_Engineering_Foundations/airflow_env/lib/python3.9/site-packages/airflow/example_dags/example_nested_branch_dag.py
[2022-03-18 17:05:38,077] {logging_mixin.py:109} INFO - [2022-03-18 17:05:38,077] {dag.py:2398} INFO - Sync 1 DAGs
[2022-03-18 17:05:38,087] {logging_mixin.py:109} INFO - [2022-03-18 17:05:38,087] {dag.py:2937} INFO - Setting next_dagrun for example_nested_branch_dag to 2022-03-17 00:00:00+00:00
[2022-03-18 17:05:38,094] {processor.py:171} INFO - Processing /Users/louisekirkham/Documents/linkedin_learning/Ex_Files_Data_Engineering_Foundations/airflow_env/lib/python3.9/site-packages/airflow/example_dags/example_nested_branch_dag.py took 0.075 seconds
[2022-03-18 17:07:10,360] {processor.py:163} INFO - Started process (PID=46776) to work on /Users/louisekirkham/Documents/linkedin_learning/Ex_Files_Data_Engineering_Foundations/airflow_env/lib/python3.9/site-packages/airflow/example_dags/example_nested_branch_dag.py
[2022-03-18 17:07:10,361] {processor.py:642} INFO - Processing file /Users/louisekirkham/Documents/linkedin_learning/Ex_Files_Data_Engineering_Foundations/airflow_env/lib/python3.9/site-packages/airflow/example_dags/example_nested_branch_dag.py for tasks to queue
[2022-03-18 17:07:10,361] {logging_mixin.py:109} INFO - [2022-03-18 17:07:10,361] {dagbag.py:500} INFO - Filling up the DagBag from /Users/louisekirkham/Documents/linkedin_learning/Ex_Files_Data_Engineering_Foundations/airflow_env/lib/python3.9/site-packages/airflow/example_dags/example_nested_branch_dag.py
[2022-03-18 17:07:10,398] {processor.py:654} INFO - DAG(s) dict_keys(['example_nested_branch_dag']) retrieved from /Users/louisekirkham/Documents/linkedin_learning/Ex_Files_Data_Engineering_Foundations/airflow_env/lib/python3.9/site-packages/airflow/example_dags/example_nested_branch_dag.py
[2022-03-18 17:07:10,413] {logging_mixin.py:109} INFO - [2022-03-18 17:07:10,413] {dag.py:2398} INFO - Sync 1 DAGs
[2022-03-18 17:07:10,421] {logging_mixin.py:109} INFO - [2022-03-18 17:07:10,421] {dag.py:2937} INFO - Setting next_dagrun for example_nested_branch_dag to 2022-03-17 00:00:00+00:00
[2022-03-18 17:07:10,427] {processor.py:171} INFO - Processing /Users/louisekirkham/Documents/linkedin_learning/Ex_Files_Data_Engineering_Foundations/airflow_env/lib/python3.9/site-packages/airflow/example_dags/example_nested_branch_dag.py took 0.067 seconds
[2022-03-18 17:08:38,948] {processor.py:163} INFO - Started process (PID=46851) to work on /Users/louisekirkham/Documents/linkedin_learning/Ex_Files_Data_Engineering_Foundations/airflow_env/lib/python3.9/site-packages/airflow/example_dags/example_nested_branch_dag.py
[2022-03-18 17:08:38,949] {processor.py:642} INFO - Processing file /Users/louisekirkham/Documents/linkedin_learning/Ex_Files_Data_Engineering_Foundations/airflow_env/lib/python3.9/site-packages/airflow/example_dags/example_nested_branch_dag.py for tasks to queue
[2022-03-18 17:08:38,950] {logging_mixin.py:109} INFO - [2022-03-18 17:08:38,950] {dagbag.py:500} INFO - Filling up the DagBag from /Users/louisekirkham/Documents/linkedin_learning/Ex_Files_Data_Engineering_Foundations/airflow_env/lib/python3.9/site-packages/airflow/example_dags/example_nested_branch_dag.py
[2022-03-18 17:08:38,986] {processor.py:654} INFO - DAG(s) dict_keys(['example_nested_branch_dag']) retrieved from /Users/louisekirkham/Documents/linkedin_learning/Ex_Files_Data_Engineering_Foundations/airflow_env/lib/python3.9/site-packages/airflow/example_dags/example_nested_branch_dag.py
[2022-03-18 17:08:39,000] {logging_mixin.py:109} INFO - [2022-03-18 17:08:39,000] {dag.py:2398} INFO - Sync 1 DAGs
[2022-03-18 17:08:39,009] {logging_mixin.py:109} INFO - [2022-03-18 17:08:39,008] {dag.py:2937} INFO - Setting next_dagrun for example_nested_branch_dag to 2022-03-17 00:00:00+00:00
[2022-03-18 17:08:39,015] {processor.py:171} INFO - Processing /Users/louisekirkham/Documents/linkedin_learning/Ex_Files_Data_Engineering_Foundations/airflow_env/lib/python3.9/site-packages/airflow/example_dags/example_nested_branch_dag.py took 0.067 seconds
[2022-03-18 17:10:02,721] {processor.py:163} INFO - Started process (PID=46918) to work on /Users/louisekirkham/Documents/linkedin_learning/Ex_Files_Data_Engineering_Foundations/airflow_env/lib/python3.9/site-packages/airflow/example_dags/example_nested_branch_dag.py
[2022-03-18 17:10:02,721] {processor.py:642} INFO - Processing file /Users/louisekirkham/Documents/linkedin_learning/Ex_Files_Data_Engineering_Foundations/airflow_env/lib/python3.9/site-packages/airflow/example_dags/example_nested_branch_dag.py for tasks to queue
[2022-03-18 17:10:02,722] {logging_mixin.py:109} INFO - [2022-03-18 17:10:02,722] {dagbag.py:500} INFO - Filling up the DagBag from /Users/louisekirkham/Documents/linkedin_learning/Ex_Files_Data_Engineering_Foundations/airflow_env/lib/python3.9/site-packages/airflow/example_dags/example_nested_branch_dag.py
[2022-03-18 17:10:02,763] {processor.py:654} INFO - DAG(s) dict_keys(['example_nested_branch_dag']) retrieved from /Users/louisekirkham/Documents/linkedin_learning/Ex_Files_Data_Engineering_Foundations/airflow_env/lib/python3.9/site-packages/airflow/example_dags/example_nested_branch_dag.py
[2022-03-18 17:10:02,781] {logging_mixin.py:109} INFO - [2022-03-18 17:10:02,781] {dag.py:2398} INFO - Sync 1 DAGs
[2022-03-18 17:10:02,791] {logging_mixin.py:109} INFO - [2022-03-18 17:10:02,790] {dag.py:2937} INFO - Setting next_dagrun for example_nested_branch_dag to 2022-03-17 00:00:00+00:00
[2022-03-18 17:10:02,797] {processor.py:171} INFO - Processing /Users/louisekirkham/Documents/linkedin_learning/Ex_Files_Data_Engineering_Foundations/airflow_env/lib/python3.9/site-packages/airflow/example_dags/example_nested_branch_dag.py took 0.077 seconds
[2022-03-18 17:11:41,192] {processor.py:163} INFO - Started process (PID=46998) to work on /Users/louisekirkham/Documents/linkedin_learning/Ex_Files_Data_Engineering_Foundations/airflow_env/lib/python3.9/site-packages/airflow/example_dags/example_nested_branch_dag.py
[2022-03-18 17:11:41,195] {processor.py:642} INFO - Processing file /Users/louisekirkham/Documents/linkedin_learning/Ex_Files_Data_Engineering_Foundations/airflow_env/lib/python3.9/site-packages/airflow/example_dags/example_nested_branch_dag.py for tasks to queue
[2022-03-18 17:11:41,195] {logging_mixin.py:109} INFO - [2022-03-18 17:11:41,195] {dagbag.py:500} INFO - Filling up the DagBag from /Users/louisekirkham/Documents/linkedin_learning/Ex_Files_Data_Engineering_Foundations/airflow_env/lib/python3.9/site-packages/airflow/example_dags/example_nested_branch_dag.py
[2022-03-18 17:11:41,234] {processor.py:654} INFO - DAG(s) dict_keys(['example_nested_branch_dag']) retrieved from /Users/louisekirkham/Documents/linkedin_learning/Ex_Files_Data_Engineering_Foundations/airflow_env/lib/python3.9/site-packages/airflow/example_dags/example_nested_branch_dag.py
[2022-03-18 17:11:41,249] {logging_mixin.py:109} INFO - [2022-03-18 17:11:41,248] {dag.py:2398} INFO - Sync 1 DAGs
[2022-03-18 17:11:41,257] {logging_mixin.py:109} INFO - [2022-03-18 17:11:41,257] {dag.py:2937} INFO - Setting next_dagrun for example_nested_branch_dag to 2022-03-17 00:00:00+00:00
[2022-03-18 17:11:41,263] {processor.py:171} INFO - Processing /Users/louisekirkham/Documents/linkedin_learning/Ex_Files_Data_Engineering_Foundations/airflow_env/lib/python3.9/site-packages/airflow/example_dags/example_nested_branch_dag.py took 0.071 seconds
[2022-03-18 17:13:05,759] {processor.py:163} INFO - Started process (PID=47067) to work on /Users/louisekirkham/Documents/linkedin_learning/Ex_Files_Data_Engineering_Foundations/airflow_env/lib/python3.9/site-packages/airflow/example_dags/example_nested_branch_dag.py
[2022-03-18 17:13:05,760] {processor.py:642} INFO - Processing file /Users/louisekirkham/Documents/linkedin_learning/Ex_Files_Data_Engineering_Foundations/airflow_env/lib/python3.9/site-packages/airflow/example_dags/example_nested_branch_dag.py for tasks to queue
[2022-03-18 17:13:05,760] {logging_mixin.py:109} INFO - [2022-03-18 17:13:05,760] {dagbag.py:500} INFO - Filling up the DagBag from /Users/louisekirkham/Documents/linkedin_learning/Ex_Files_Data_Engineering_Foundations/airflow_env/lib/python3.9/site-packages/airflow/example_dags/example_nested_branch_dag.py
[2022-03-18 17:13:05,808] {processor.py:654} INFO - DAG(s) dict_keys(['example_nested_branch_dag']) retrieved from /Users/louisekirkham/Documents/linkedin_learning/Ex_Files_Data_Engineering_Foundations/airflow_env/lib/python3.9/site-packages/airflow/example_dags/example_nested_branch_dag.py
[2022-03-18 17:13:05,825] {logging_mixin.py:109} INFO - [2022-03-18 17:13:05,825] {dag.py:2398} INFO - Sync 1 DAGs
[2022-03-18 17:13:05,833] {logging_mixin.py:109} INFO - [2022-03-18 17:13:05,833] {dag.py:2937} INFO - Setting next_dagrun for example_nested_branch_dag to 2022-03-17 00:00:00+00:00
[2022-03-18 17:13:05,842] {processor.py:171} INFO - Processing /Users/louisekirkham/Documents/linkedin_learning/Ex_Files_Data_Engineering_Foundations/airflow_env/lib/python3.9/site-packages/airflow/example_dags/example_nested_branch_dag.py took 0.084 seconds
[2022-03-18 17:14:30,264] {processor.py:163} INFO - Started process (PID=47125) to work on /Users/louisekirkham/Documents/linkedin_learning/Ex_Files_Data_Engineering_Foundations/airflow_env/lib/python3.9/site-packages/airflow/example_dags/example_nested_branch_dag.py
[2022-03-18 17:14:30,265] {processor.py:642} INFO - Processing file /Users/louisekirkham/Documents/linkedin_learning/Ex_Files_Data_Engineering_Foundations/airflow_env/lib/python3.9/site-packages/airflow/example_dags/example_nested_branch_dag.py for tasks to queue
[2022-03-18 17:14:30,265] {logging_mixin.py:109} INFO - [2022-03-18 17:14:30,265] {dagbag.py:500} INFO - Filling up the DagBag from /Users/louisekirkham/Documents/linkedin_learning/Ex_Files_Data_Engineering_Foundations/airflow_env/lib/python3.9/site-packages/airflow/example_dags/example_nested_branch_dag.py
[2022-03-18 17:14:30,304] {processor.py:654} INFO - DAG(s) dict_keys(['example_nested_branch_dag']) retrieved from /Users/louisekirkham/Documents/linkedin_learning/Ex_Files_Data_Engineering_Foundations/airflow_env/lib/python3.9/site-packages/airflow/example_dags/example_nested_branch_dag.py
[2022-03-18 17:14:30,318] {logging_mixin.py:109} INFO - [2022-03-18 17:14:30,318] {dag.py:2398} INFO - Sync 1 DAGs
[2022-03-18 17:14:30,326] {logging_mixin.py:109} INFO - [2022-03-18 17:14:30,325] {dag.py:2937} INFO - Setting next_dagrun for example_nested_branch_dag to 2022-03-17 00:00:00+00:00
[2022-03-18 17:14:30,333] {processor.py:171} INFO - Processing /Users/louisekirkham/Documents/linkedin_learning/Ex_Files_Data_Engineering_Foundations/airflow_env/lib/python3.9/site-packages/airflow/example_dags/example_nested_branch_dag.py took 0.069 seconds
[2022-03-18 17:15:55,708] {processor.py:163} INFO - Started process (PID=47192) to work on /Users/louisekirkham/Documents/linkedin_learning/Ex_Files_Data_Engineering_Foundations/airflow_env/lib/python3.9/site-packages/airflow/example_dags/example_nested_branch_dag.py
[2022-03-18 17:15:55,708] {processor.py:642} INFO - Processing file /Users/louisekirkham/Documents/linkedin_learning/Ex_Files_Data_Engineering_Foundations/airflow_env/lib/python3.9/site-packages/airflow/example_dags/example_nested_branch_dag.py for tasks to queue
[2022-03-18 17:15:55,709] {logging_mixin.py:109} INFO - [2022-03-18 17:15:55,709] {dagbag.py:500} INFO - Filling up the DagBag from /Users/louisekirkham/Documents/linkedin_learning/Ex_Files_Data_Engineering_Foundations/airflow_env/lib/python3.9/site-packages/airflow/example_dags/example_nested_branch_dag.py
[2022-03-18 17:15:55,749] {processor.py:654} INFO - DAG(s) dict_keys(['example_nested_branch_dag']) retrieved from /Users/louisekirkham/Documents/linkedin_learning/Ex_Files_Data_Engineering_Foundations/airflow_env/lib/python3.9/site-packages/airflow/example_dags/example_nested_branch_dag.py
[2022-03-18 17:15:55,763] {logging_mixin.py:109} INFO - [2022-03-18 17:15:55,762] {dag.py:2398} INFO - Sync 1 DAGs
[2022-03-18 17:15:55,772] {logging_mixin.py:109} INFO - [2022-03-18 17:15:55,772] {dag.py:2937} INFO - Setting next_dagrun for example_nested_branch_dag to 2022-03-17 00:00:00+00:00
[2022-03-18 17:15:55,781] {processor.py:171} INFO - Processing /Users/louisekirkham/Documents/linkedin_learning/Ex_Files_Data_Engineering_Foundations/airflow_env/lib/python3.9/site-packages/airflow/example_dags/example_nested_branch_dag.py took 0.074 seconds
[2022-03-18 17:17:20,226] {processor.py:163} INFO - Started process (PID=47265) to work on /Users/louisekirkham/Documents/linkedin_learning/Ex_Files_Data_Engineering_Foundations/airflow_env/lib/python3.9/site-packages/airflow/example_dags/example_nested_branch_dag.py
[2022-03-18 17:17:20,228] {processor.py:642} INFO - Processing file /Users/louisekirkham/Documents/linkedin_learning/Ex_Files_Data_Engineering_Foundations/airflow_env/lib/python3.9/site-packages/airflow/example_dags/example_nested_branch_dag.py for tasks to queue
[2022-03-18 17:17:20,228] {logging_mixin.py:109} INFO - [2022-03-18 17:17:20,228] {dagbag.py:500} INFO - Filling up the DagBag from /Users/louisekirkham/Documents/linkedin_learning/Ex_Files_Data_Engineering_Foundations/airflow_env/lib/python3.9/site-packages/airflow/example_dags/example_nested_branch_dag.py
[2022-03-18 17:17:20,268] {processor.py:654} INFO - DAG(s) dict_keys(['example_nested_branch_dag']) retrieved from /Users/louisekirkham/Documents/linkedin_learning/Ex_Files_Data_Engineering_Foundations/airflow_env/lib/python3.9/site-packages/airflow/example_dags/example_nested_branch_dag.py
[2022-03-18 17:17:20,284] {logging_mixin.py:109} INFO - [2022-03-18 17:17:20,283] {dag.py:2398} INFO - Sync 1 DAGs
[2022-03-18 17:17:20,293] {logging_mixin.py:109} INFO - [2022-03-18 17:17:20,293] {dag.py:2937} INFO - Setting next_dagrun for example_nested_branch_dag to 2022-03-17 00:00:00+00:00
[2022-03-18 17:17:20,301] {processor.py:171} INFO - Processing /Users/louisekirkham/Documents/linkedin_learning/Ex_Files_Data_Engineering_Foundations/airflow_env/lib/python3.9/site-packages/airflow/example_dags/example_nested_branch_dag.py took 0.075 seconds
[2022-03-18 17:18:44,961] {processor.py:163} INFO - Started process (PID=47332) to work on /Users/louisekirkham/Documents/linkedin_learning/Ex_Files_Data_Engineering_Foundations/airflow_env/lib/python3.9/site-packages/airflow/example_dags/example_nested_branch_dag.py
[2022-03-18 17:18:44,963] {processor.py:642} INFO - Processing file /Users/louisekirkham/Documents/linkedin_learning/Ex_Files_Data_Engineering_Foundations/airflow_env/lib/python3.9/site-packages/airflow/example_dags/example_nested_branch_dag.py for tasks to queue
[2022-03-18 17:18:44,963] {logging_mixin.py:109} INFO - [2022-03-18 17:18:44,963] {dagbag.py:500} INFO - Filling up the DagBag from /Users/louisekirkham/Documents/linkedin_learning/Ex_Files_Data_Engineering_Foundations/airflow_env/lib/python3.9/site-packages/airflow/example_dags/example_nested_branch_dag.py
[2022-03-18 17:18:45,005] {processor.py:654} INFO - DAG(s) dict_keys(['example_nested_branch_dag']) retrieved from /Users/louisekirkham/Documents/linkedin_learning/Ex_Files_Data_Engineering_Foundations/airflow_env/lib/python3.9/site-packages/airflow/example_dags/example_nested_branch_dag.py
[2022-03-18 17:18:45,021] {logging_mixin.py:109} INFO - [2022-03-18 17:18:45,021] {dag.py:2398} INFO - Sync 1 DAGs
[2022-03-18 17:18:45,030] {logging_mixin.py:109} INFO - [2022-03-18 17:18:45,030] {dag.py:2937} INFO - Setting next_dagrun for example_nested_branch_dag to 2022-03-17 00:00:00+00:00
[2022-03-18 17:18:45,036] {processor.py:171} INFO - Processing /Users/louisekirkham/Documents/linkedin_learning/Ex_Files_Data_Engineering_Foundations/airflow_env/lib/python3.9/site-packages/airflow/example_dags/example_nested_branch_dag.py took 0.076 seconds
[2022-03-18 17:20:08,754] {processor.py:163} INFO - Started process (PID=47403) to work on /Users/louisekirkham/Documents/linkedin_learning/Ex_Files_Data_Engineering_Foundations/airflow_env/lib/python3.9/site-packages/airflow/example_dags/example_nested_branch_dag.py
[2022-03-18 17:20:08,755] {processor.py:642} INFO - Processing file /Users/louisekirkham/Documents/linkedin_learning/Ex_Files_Data_Engineering_Foundations/airflow_env/lib/python3.9/site-packages/airflow/example_dags/example_nested_branch_dag.py for tasks to queue
[2022-03-18 17:20:08,755] {logging_mixin.py:109} INFO - [2022-03-18 17:20:08,755] {dagbag.py:500} INFO - Filling up the DagBag from /Users/louisekirkham/Documents/linkedin_learning/Ex_Files_Data_Engineering_Foundations/airflow_env/lib/python3.9/site-packages/airflow/example_dags/example_nested_branch_dag.py
[2022-03-18 17:20:08,791] {processor.py:654} INFO - DAG(s) dict_keys(['example_nested_branch_dag']) retrieved from /Users/louisekirkham/Documents/linkedin_learning/Ex_Files_Data_Engineering_Foundations/airflow_env/lib/python3.9/site-packages/airflow/example_dags/example_nested_branch_dag.py
[2022-03-18 17:20:08,805] {logging_mixin.py:109} INFO - [2022-03-18 17:20:08,805] {dag.py:2398} INFO - Sync 1 DAGs
[2022-03-18 17:20:08,813] {logging_mixin.py:109} INFO - [2022-03-18 17:20:08,813] {dag.py:2937} INFO - Setting next_dagrun for example_nested_branch_dag to 2022-03-17 00:00:00+00:00
[2022-03-18 17:20:08,821] {processor.py:171} INFO - Processing /Users/louisekirkham/Documents/linkedin_learning/Ex_Files_Data_Engineering_Foundations/airflow_env/lib/python3.9/site-packages/airflow/example_dags/example_nested_branch_dag.py took 0.067 seconds
[2022-03-18 17:24:17,838] {processor.py:163} INFO - Started process (PID=47550) to work on /Users/louisekirkham/Documents/linkedin_learning/Ex_Files_Data_Engineering_Foundations/airflow_env/lib/python3.9/site-packages/airflow/example_dags/example_nested_branch_dag.py
[2022-03-18 17:24:17,839] {processor.py:642} INFO - Processing file /Users/louisekirkham/Documents/linkedin_learning/Ex_Files_Data_Engineering_Foundations/airflow_env/lib/python3.9/site-packages/airflow/example_dags/example_nested_branch_dag.py for tasks to queue
[2022-03-18 17:24:17,839] {logging_mixin.py:109} INFO - [2022-03-18 17:24:17,839] {dagbag.py:500} INFO - Filling up the DagBag from /Users/louisekirkham/Documents/linkedin_learning/Ex_Files_Data_Engineering_Foundations/airflow_env/lib/python3.9/site-packages/airflow/example_dags/example_nested_branch_dag.py
[2022-03-18 17:24:17,875] {processor.py:654} INFO - DAG(s) dict_keys(['example_nested_branch_dag']) retrieved from /Users/louisekirkham/Documents/linkedin_learning/Ex_Files_Data_Engineering_Foundations/airflow_env/lib/python3.9/site-packages/airflow/example_dags/example_nested_branch_dag.py
[2022-03-18 17:24:17,889] {logging_mixin.py:109} INFO - [2022-03-18 17:24:17,889] {dag.py:2398} INFO - Sync 1 DAGs
[2022-03-18 17:24:17,896] {logging_mixin.py:109} INFO - [2022-03-18 17:24:17,896] {dag.py:2937} INFO - Setting next_dagrun for example_nested_branch_dag to 2022-03-17 00:00:00+00:00
[2022-03-18 17:24:17,903] {processor.py:171} INFO - Processing /Users/louisekirkham/Documents/linkedin_learning/Ex_Files_Data_Engineering_Foundations/airflow_env/lib/python3.9/site-packages/airflow/example_dags/example_nested_branch_dag.py took 0.066 seconds
[2022-03-18 17:25:35,032] {processor.py:163} INFO - Started process (PID=47627) to work on /Users/louisekirkham/Documents/linkedin_learning/Ex_Files_Data_Engineering_Foundations/airflow_env/lib/python3.9/site-packages/airflow/example_dags/example_nested_branch_dag.py
[2022-03-18 17:25:35,032] {processor.py:642} INFO - Processing file /Users/louisekirkham/Documents/linkedin_learning/Ex_Files_Data_Engineering_Foundations/airflow_env/lib/python3.9/site-packages/airflow/example_dags/example_nested_branch_dag.py for tasks to queue
[2022-03-18 17:25:35,033] {logging_mixin.py:109} INFO - [2022-03-18 17:25:35,033] {dagbag.py:500} INFO - Filling up the DagBag from /Users/louisekirkham/Documents/linkedin_learning/Ex_Files_Data_Engineering_Foundations/airflow_env/lib/python3.9/site-packages/airflow/example_dags/example_nested_branch_dag.py
[2022-03-18 17:25:35,082] {processor.py:654} INFO - DAG(s) dict_keys(['example_nested_branch_dag']) retrieved from /Users/louisekirkham/Documents/linkedin_learning/Ex_Files_Data_Engineering_Foundations/airflow_env/lib/python3.9/site-packages/airflow/example_dags/example_nested_branch_dag.py
[2022-03-18 17:25:35,101] {logging_mixin.py:109} INFO - [2022-03-18 17:25:35,101] {dag.py:2398} INFO - Sync 1 DAGs
[2022-03-18 17:25:35,112] {logging_mixin.py:109} INFO - [2022-03-18 17:25:35,112] {dag.py:2937} INFO - Setting next_dagrun for example_nested_branch_dag to 2022-03-17 00:00:00+00:00
[2022-03-18 17:25:35,119] {processor.py:171} INFO - Processing /Users/louisekirkham/Documents/linkedin_learning/Ex_Files_Data_Engineering_Foundations/airflow_env/lib/python3.9/site-packages/airflow/example_dags/example_nested_branch_dag.py took 0.088 seconds
[2022-03-18 17:28:45,469] {processor.py:163} INFO - Started process (PID=47756) to work on /Users/louisekirkham/Documents/linkedin_learning/Ex_Files_Data_Engineering_Foundations/airflow_env/lib/python3.9/site-packages/airflow/example_dags/example_nested_branch_dag.py
[2022-03-18 17:28:45,469] {processor.py:642} INFO - Processing file /Users/louisekirkham/Documents/linkedin_learning/Ex_Files_Data_Engineering_Foundations/airflow_env/lib/python3.9/site-packages/airflow/example_dags/example_nested_branch_dag.py for tasks to queue
[2022-03-18 17:28:45,470] {logging_mixin.py:109} INFO - [2022-03-18 17:28:45,470] {dagbag.py:500} INFO - Filling up the DagBag from /Users/louisekirkham/Documents/linkedin_learning/Ex_Files_Data_Engineering_Foundations/airflow_env/lib/python3.9/site-packages/airflow/example_dags/example_nested_branch_dag.py
[2022-03-18 17:28:45,516] {processor.py:654} INFO - DAG(s) dict_keys(['example_nested_branch_dag']) retrieved from /Users/louisekirkham/Documents/linkedin_learning/Ex_Files_Data_Engineering_Foundations/airflow_env/lib/python3.9/site-packages/airflow/example_dags/example_nested_branch_dag.py
[2022-03-18 17:28:45,531] {logging_mixin.py:109} INFO - [2022-03-18 17:28:45,531] {dag.py:2398} INFO - Sync 1 DAGs
[2022-03-18 17:28:45,539] {logging_mixin.py:109} INFO - [2022-03-18 17:28:45,539] {dag.py:2937} INFO - Setting next_dagrun for example_nested_branch_dag to 2022-03-17 00:00:00+00:00
[2022-03-18 17:28:45,546] {processor.py:171} INFO - Processing /Users/louisekirkham/Documents/linkedin_learning/Ex_Files_Data_Engineering_Foundations/airflow_env/lib/python3.9/site-packages/airflow/example_dags/example_nested_branch_dag.py took 0.078 seconds
[2022-03-18 17:30:51,333] {processor.py:163} INFO - Started process (PID=47863) to work on /Users/louisekirkham/Documents/linkedin_learning/Ex_Files_Data_Engineering_Foundations/airflow_env/lib/python3.9/site-packages/airflow/example_dags/example_nested_branch_dag.py
[2022-03-18 17:30:51,333] {processor.py:642} INFO - Processing file /Users/louisekirkham/Documents/linkedin_learning/Ex_Files_Data_Engineering_Foundations/airflow_env/lib/python3.9/site-packages/airflow/example_dags/example_nested_branch_dag.py for tasks to queue
[2022-03-18 17:30:51,333] {logging_mixin.py:109} INFO - [2022-03-18 17:30:51,333] {dagbag.py:500} INFO - Filling up the DagBag from /Users/louisekirkham/Documents/linkedin_learning/Ex_Files_Data_Engineering_Foundations/airflow_env/lib/python3.9/site-packages/airflow/example_dags/example_nested_branch_dag.py
[2022-03-18 17:30:51,369] {processor.py:654} INFO - DAG(s) dict_keys(['example_nested_branch_dag']) retrieved from /Users/louisekirkham/Documents/linkedin_learning/Ex_Files_Data_Engineering_Foundations/airflow_env/lib/python3.9/site-packages/airflow/example_dags/example_nested_branch_dag.py
[2022-03-18 17:30:51,383] {logging_mixin.py:109} INFO - [2022-03-18 17:30:51,383] {dag.py:2398} INFO - Sync 1 DAGs
[2022-03-18 17:30:51,390] {logging_mixin.py:109} INFO - [2022-03-18 17:30:51,390] {dag.py:2937} INFO - Setting next_dagrun for example_nested_branch_dag to 2022-03-17 00:00:00+00:00
[2022-03-18 17:30:51,397] {processor.py:171} INFO - Processing /Users/louisekirkham/Documents/linkedin_learning/Ex_Files_Data_Engineering_Foundations/airflow_env/lib/python3.9/site-packages/airflow/example_dags/example_nested_branch_dag.py took 0.065 seconds
[2022-03-18 17:32:03,468] {processor.py:163} INFO - Started process (PID=47933) to work on /Users/louisekirkham/Documents/linkedin_learning/Ex_Files_Data_Engineering_Foundations/airflow_env/lib/python3.9/site-packages/airflow/example_dags/example_nested_branch_dag.py
[2022-03-18 17:32:03,469] {processor.py:642} INFO - Processing file /Users/louisekirkham/Documents/linkedin_learning/Ex_Files_Data_Engineering_Foundations/airflow_env/lib/python3.9/site-packages/airflow/example_dags/example_nested_branch_dag.py for tasks to queue
[2022-03-18 17:32:03,469] {logging_mixin.py:109} INFO - [2022-03-18 17:32:03,469] {dagbag.py:500} INFO - Filling up the DagBag from /Users/louisekirkham/Documents/linkedin_learning/Ex_Files_Data_Engineering_Foundations/airflow_env/lib/python3.9/site-packages/airflow/example_dags/example_nested_branch_dag.py
[2022-03-18 17:32:03,508] {processor.py:654} INFO - DAG(s) dict_keys(['example_nested_branch_dag']) retrieved from /Users/louisekirkham/Documents/linkedin_learning/Ex_Files_Data_Engineering_Foundations/airflow_env/lib/python3.9/site-packages/airflow/example_dags/example_nested_branch_dag.py
[2022-03-18 17:32:03,524] {logging_mixin.py:109} INFO - [2022-03-18 17:32:03,524] {dag.py:2398} INFO - Sync 1 DAGs
[2022-03-18 17:32:03,533] {logging_mixin.py:109} INFO - [2022-03-18 17:32:03,532] {dag.py:2937} INFO - Setting next_dagrun for example_nested_branch_dag to 2022-03-17 00:00:00+00:00
[2022-03-18 17:32:03,540] {processor.py:171} INFO - Processing /Users/louisekirkham/Documents/linkedin_learning/Ex_Files_Data_Engineering_Foundations/airflow_env/lib/python3.9/site-packages/airflow/example_dags/example_nested_branch_dag.py took 0.073 seconds
[2022-03-18 17:33:15,875] {processor.py:163} INFO - Started process (PID=47992) to work on /Users/louisekirkham/Documents/linkedin_learning/Ex_Files_Data_Engineering_Foundations/airflow_env/lib/python3.9/site-packages/airflow/example_dags/example_nested_branch_dag.py
[2022-03-18 17:33:15,876] {processor.py:642} INFO - Processing file /Users/louisekirkham/Documents/linkedin_learning/Ex_Files_Data_Engineering_Foundations/airflow_env/lib/python3.9/site-packages/airflow/example_dags/example_nested_branch_dag.py for tasks to queue
[2022-03-18 17:33:15,876] {logging_mixin.py:109} INFO - [2022-03-18 17:33:15,876] {dagbag.py:500} INFO - Filling up the DagBag from /Users/louisekirkham/Documents/linkedin_learning/Ex_Files_Data_Engineering_Foundations/airflow_env/lib/python3.9/site-packages/airflow/example_dags/example_nested_branch_dag.py
[2022-03-18 17:33:15,914] {processor.py:654} INFO - DAG(s) dict_keys(['example_nested_branch_dag']) retrieved from /Users/louisekirkham/Documents/linkedin_learning/Ex_Files_Data_Engineering_Foundations/airflow_env/lib/python3.9/site-packages/airflow/example_dags/example_nested_branch_dag.py
[2022-03-18 17:33:15,929] {logging_mixin.py:109} INFO - [2022-03-18 17:33:15,928] {dag.py:2398} INFO - Sync 1 DAGs
[2022-03-18 17:33:15,936] {logging_mixin.py:109} INFO - [2022-03-18 17:33:15,936] {dag.py:2937} INFO - Setting next_dagrun for example_nested_branch_dag to 2022-03-17 00:00:00+00:00
[2022-03-18 17:33:15,943] {processor.py:171} INFO - Processing /Users/louisekirkham/Documents/linkedin_learning/Ex_Files_Data_Engineering_Foundations/airflow_env/lib/python3.9/site-packages/airflow/example_dags/example_nested_branch_dag.py took 0.068 seconds
[2022-03-18 17:34:37,769] {processor.py:163} INFO - Started process (PID=48468) to work on /Users/louisekirkham/Documents/linkedin_learning/Ex_Files_Data_Engineering_Foundations/airflow_env/lib/python3.9/site-packages/airflow/example_dags/example_nested_branch_dag.py
[2022-03-18 17:34:37,769] {processor.py:642} INFO - Processing file /Users/louisekirkham/Documents/linkedin_learning/Ex_Files_Data_Engineering_Foundations/airflow_env/lib/python3.9/site-packages/airflow/example_dags/example_nested_branch_dag.py for tasks to queue
[2022-03-18 17:34:37,770] {logging_mixin.py:109} INFO - [2022-03-18 17:34:37,770] {dagbag.py:500} INFO - Filling up the DagBag from /Users/louisekirkham/Documents/linkedin_learning/Ex_Files_Data_Engineering_Foundations/airflow_env/lib/python3.9/site-packages/airflow/example_dags/example_nested_branch_dag.py
[2022-03-18 17:34:37,812] {processor.py:654} INFO - DAG(s) dict_keys(['example_nested_branch_dag']) retrieved from /Users/louisekirkham/Documents/linkedin_learning/Ex_Files_Data_Engineering_Foundations/airflow_env/lib/python3.9/site-packages/airflow/example_dags/example_nested_branch_dag.py
[2022-03-18 17:34:37,829] {logging_mixin.py:109} INFO - [2022-03-18 17:34:37,828] {dag.py:2398} INFO - Sync 1 DAGs
[2022-03-18 17:34:37,838] {logging_mixin.py:109} INFO - [2022-03-18 17:34:37,838] {dag.py:2937} INFO - Setting next_dagrun for example_nested_branch_dag to 2022-03-17 00:00:00+00:00
[2022-03-18 17:34:37,844] {processor.py:171} INFO - Processing /Users/louisekirkham/Documents/linkedin_learning/Ex_Files_Data_Engineering_Foundations/airflow_env/lib/python3.9/site-packages/airflow/example_dags/example_nested_branch_dag.py took 0.075 seconds
[2022-03-18 17:35:59,798] {processor.py:163} INFO - Started process (PID=48551) to work on /Users/louisekirkham/Documents/linkedin_learning/Ex_Files_Data_Engineering_Foundations/airflow_env/lib/python3.9/site-packages/airflow/example_dags/example_nested_branch_dag.py
[2022-03-18 17:35:59,800] {processor.py:642} INFO - Processing file /Users/louisekirkham/Documents/linkedin_learning/Ex_Files_Data_Engineering_Foundations/airflow_env/lib/python3.9/site-packages/airflow/example_dags/example_nested_branch_dag.py for tasks to queue
[2022-03-18 17:35:59,800] {logging_mixin.py:109} INFO - [2022-03-18 17:35:59,800] {dagbag.py:500} INFO - Filling up the DagBag from /Users/louisekirkham/Documents/linkedin_learning/Ex_Files_Data_Engineering_Foundations/airflow_env/lib/python3.9/site-packages/airflow/example_dags/example_nested_branch_dag.py
[2022-03-18 17:35:59,840] {processor.py:654} INFO - DAG(s) dict_keys(['example_nested_branch_dag']) retrieved from /Users/louisekirkham/Documents/linkedin_learning/Ex_Files_Data_Engineering_Foundations/airflow_env/lib/python3.9/site-packages/airflow/example_dags/example_nested_branch_dag.py
[2022-03-18 17:35:59,855] {logging_mixin.py:109} INFO - [2022-03-18 17:35:59,855] {dag.py:2398} INFO - Sync 1 DAGs
[2022-03-18 17:35:59,866] {logging_mixin.py:109} INFO - [2022-03-18 17:35:59,866] {dag.py:2937} INFO - Setting next_dagrun for example_nested_branch_dag to 2022-03-17 00:00:00+00:00
[2022-03-18 17:35:59,874] {processor.py:171} INFO - Processing /Users/louisekirkham/Documents/linkedin_learning/Ex_Files_Data_Engineering_Foundations/airflow_env/lib/python3.9/site-packages/airflow/example_dags/example_nested_branch_dag.py took 0.077 seconds
[2022-03-18 17:37:24,837] {processor.py:163} INFO - Started process (PID=48624) to work on /Users/louisekirkham/Documents/linkedin_learning/Ex_Files_Data_Engineering_Foundations/airflow_env/lib/python3.9/site-packages/airflow/example_dags/example_nested_branch_dag.py
[2022-03-18 17:37:24,837] {processor.py:642} INFO - Processing file /Users/louisekirkham/Documents/linkedin_learning/Ex_Files_Data_Engineering_Foundations/airflow_env/lib/python3.9/site-packages/airflow/example_dags/example_nested_branch_dag.py for tasks to queue
[2022-03-18 17:37:24,837] {logging_mixin.py:109} INFO - [2022-03-18 17:37:24,837] {dagbag.py:500} INFO - Filling up the DagBag from /Users/louisekirkham/Documents/linkedin_learning/Ex_Files_Data_Engineering_Foundations/airflow_env/lib/python3.9/site-packages/airflow/example_dags/example_nested_branch_dag.py
[2022-03-18 17:37:24,876] {processor.py:654} INFO - DAG(s) dict_keys(['example_nested_branch_dag']) retrieved from /Users/louisekirkham/Documents/linkedin_learning/Ex_Files_Data_Engineering_Foundations/airflow_env/lib/python3.9/site-packages/airflow/example_dags/example_nested_branch_dag.py
[2022-03-18 17:37:24,892] {logging_mixin.py:109} INFO - [2022-03-18 17:37:24,892] {dag.py:2398} INFO - Sync 1 DAGs
[2022-03-18 17:37:24,902] {logging_mixin.py:109} INFO - [2022-03-18 17:37:24,902] {dag.py:2937} INFO - Setting next_dagrun for example_nested_branch_dag to 2022-03-17 00:00:00+00:00
[2022-03-18 17:37:24,910] {processor.py:171} INFO - Processing /Users/louisekirkham/Documents/linkedin_learning/Ex_Files_Data_Engineering_Foundations/airflow_env/lib/python3.9/site-packages/airflow/example_dags/example_nested_branch_dag.py took 0.074 seconds
[2022-03-18 17:38:49,000] {processor.py:163} INFO - Started process (PID=48690) to work on /Users/louisekirkham/Documents/linkedin_learning/Ex_Files_Data_Engineering_Foundations/airflow_env/lib/python3.9/site-packages/airflow/example_dags/example_nested_branch_dag.py
[2022-03-18 17:38:49,000] {processor.py:642} INFO - Processing file /Users/louisekirkham/Documents/linkedin_learning/Ex_Files_Data_Engineering_Foundations/airflow_env/lib/python3.9/site-packages/airflow/example_dags/example_nested_branch_dag.py for tasks to queue
[2022-03-18 17:38:49,001] {logging_mixin.py:109} INFO - [2022-03-18 17:38:49,001] {dagbag.py:500} INFO - Filling up the DagBag from /Users/louisekirkham/Documents/linkedin_learning/Ex_Files_Data_Engineering_Foundations/airflow_env/lib/python3.9/site-packages/airflow/example_dags/example_nested_branch_dag.py
[2022-03-18 17:38:49,041] {processor.py:654} INFO - DAG(s) dict_keys(['example_nested_branch_dag']) retrieved from /Users/louisekirkham/Documents/linkedin_learning/Ex_Files_Data_Engineering_Foundations/airflow_env/lib/python3.9/site-packages/airflow/example_dags/example_nested_branch_dag.py
[2022-03-18 17:38:49,061] {logging_mixin.py:109} INFO - [2022-03-18 17:38:49,061] {dag.py:2398} INFO - Sync 1 DAGs
[2022-03-18 17:38:49,069] {logging_mixin.py:109} INFO - [2022-03-18 17:38:49,069] {dag.py:2937} INFO - Setting next_dagrun for example_nested_branch_dag to 2022-03-17 00:00:00+00:00
[2022-03-18 17:38:49,075] {processor.py:171} INFO - Processing /Users/louisekirkham/Documents/linkedin_learning/Ex_Files_Data_Engineering_Foundations/airflow_env/lib/python3.9/site-packages/airflow/example_dags/example_nested_branch_dag.py took 0.076 seconds
[2022-03-18 17:40:16,139] {processor.py:163} INFO - Started process (PID=48763) to work on /Users/louisekirkham/Documents/linkedin_learning/Ex_Files_Data_Engineering_Foundations/airflow_env/lib/python3.9/site-packages/airflow/example_dags/example_nested_branch_dag.py
[2022-03-18 17:40:16,140] {processor.py:642} INFO - Processing file /Users/louisekirkham/Documents/linkedin_learning/Ex_Files_Data_Engineering_Foundations/airflow_env/lib/python3.9/site-packages/airflow/example_dags/example_nested_branch_dag.py for tasks to queue
[2022-03-18 17:40:16,140] {logging_mixin.py:109} INFO - [2022-03-18 17:40:16,140] {dagbag.py:500} INFO - Filling up the DagBag from /Users/louisekirkham/Documents/linkedin_learning/Ex_Files_Data_Engineering_Foundations/airflow_env/lib/python3.9/site-packages/airflow/example_dags/example_nested_branch_dag.py
[2022-03-18 17:40:16,190] {processor.py:654} INFO - DAG(s) dict_keys(['example_nested_branch_dag']) retrieved from /Users/louisekirkham/Documents/linkedin_learning/Ex_Files_Data_Engineering_Foundations/airflow_env/lib/python3.9/site-packages/airflow/example_dags/example_nested_branch_dag.py
[2022-03-18 17:40:16,208] {logging_mixin.py:109} INFO - [2022-03-18 17:40:16,208] {dag.py:2398} INFO - Sync 1 DAGs
[2022-03-18 17:40:16,220] {logging_mixin.py:109} INFO - [2022-03-18 17:40:16,220] {dag.py:2937} INFO - Setting next_dagrun for example_nested_branch_dag to 2022-03-17 00:00:00+00:00
[2022-03-18 17:40:16,228] {processor.py:171} INFO - Processing /Users/louisekirkham/Documents/linkedin_learning/Ex_Files_Data_Engineering_Foundations/airflow_env/lib/python3.9/site-packages/airflow/example_dags/example_nested_branch_dag.py took 0.090 seconds
[2022-03-18 17:41:36,334] {processor.py:163} INFO - Started process (PID=48864) to work on /Users/louisekirkham/Documents/linkedin_learning/Ex_Files_Data_Engineering_Foundations/airflow_env/lib/python3.9/site-packages/airflow/example_dags/example_nested_branch_dag.py
[2022-03-18 17:41:36,334] {processor.py:642} INFO - Processing file /Users/louisekirkham/Documents/linkedin_learning/Ex_Files_Data_Engineering_Foundations/airflow_env/lib/python3.9/site-packages/airflow/example_dags/example_nested_branch_dag.py for tasks to queue
[2022-03-18 17:41:36,334] {logging_mixin.py:109} INFO - [2022-03-18 17:41:36,334] {dagbag.py:500} INFO - Filling up the DagBag from /Users/louisekirkham/Documents/linkedin_learning/Ex_Files_Data_Engineering_Foundations/airflow_env/lib/python3.9/site-packages/airflow/example_dags/example_nested_branch_dag.py
[2022-03-18 17:41:36,369] {processor.py:654} INFO - DAG(s) dict_keys(['example_nested_branch_dag']) retrieved from /Users/louisekirkham/Documents/linkedin_learning/Ex_Files_Data_Engineering_Foundations/airflow_env/lib/python3.9/site-packages/airflow/example_dags/example_nested_branch_dag.py
[2022-03-18 17:41:36,383] {logging_mixin.py:109} INFO - [2022-03-18 17:41:36,383] {dag.py:2398} INFO - Sync 1 DAGs
[2022-03-18 17:41:36,391] {logging_mixin.py:109} INFO - [2022-03-18 17:41:36,391] {dag.py:2937} INFO - Setting next_dagrun for example_nested_branch_dag to 2022-03-17 00:00:00+00:00
[2022-03-18 17:41:36,397] {processor.py:171} INFO - Processing /Users/louisekirkham/Documents/linkedin_learning/Ex_Files_Data_Engineering_Foundations/airflow_env/lib/python3.9/site-packages/airflow/example_dags/example_nested_branch_dag.py took 0.064 seconds
[2022-03-18 17:43:01,167] {processor.py:163} INFO - Started process (PID=48937) to work on /Users/louisekirkham/Documents/linkedin_learning/Ex_Files_Data_Engineering_Foundations/airflow_env/lib/python3.9/site-packages/airflow/example_dags/example_nested_branch_dag.py
[2022-03-18 17:43:01,168] {processor.py:642} INFO - Processing file /Users/louisekirkham/Documents/linkedin_learning/Ex_Files_Data_Engineering_Foundations/airflow_env/lib/python3.9/site-packages/airflow/example_dags/example_nested_branch_dag.py for tasks to queue
[2022-03-18 17:43:01,168] {logging_mixin.py:109} INFO - [2022-03-18 17:43:01,168] {dagbag.py:500} INFO - Filling up the DagBag from /Users/louisekirkham/Documents/linkedin_learning/Ex_Files_Data_Engineering_Foundations/airflow_env/lib/python3.9/site-packages/airflow/example_dags/example_nested_branch_dag.py
[2022-03-18 17:43:01,204] {processor.py:654} INFO - DAG(s) dict_keys(['example_nested_branch_dag']) retrieved from /Users/louisekirkham/Documents/linkedin_learning/Ex_Files_Data_Engineering_Foundations/airflow_env/lib/python3.9/site-packages/airflow/example_dags/example_nested_branch_dag.py
[2022-03-18 17:43:01,217] {logging_mixin.py:109} INFO - [2022-03-18 17:43:01,217] {dag.py:2398} INFO - Sync 1 DAGs
[2022-03-18 17:43:01,225] {logging_mixin.py:109} INFO - [2022-03-18 17:43:01,225] {dag.py:2937} INFO - Setting next_dagrun for example_nested_branch_dag to 2022-03-17 00:00:00+00:00
[2022-03-18 17:43:01,231] {processor.py:171} INFO - Processing /Users/louisekirkham/Documents/linkedin_learning/Ex_Files_Data_Engineering_Foundations/airflow_env/lib/python3.9/site-packages/airflow/example_dags/example_nested_branch_dag.py took 0.065 seconds
[2022-03-18 17:44:21,620] {processor.py:163} INFO - Started process (PID=48997) to work on /Users/louisekirkham/Documents/linkedin_learning/Ex_Files_Data_Engineering_Foundations/airflow_env/lib/python3.9/site-packages/airflow/example_dags/example_nested_branch_dag.py
[2022-03-18 17:44:21,620] {processor.py:642} INFO - Processing file /Users/louisekirkham/Documents/linkedin_learning/Ex_Files_Data_Engineering_Foundations/airflow_env/lib/python3.9/site-packages/airflow/example_dags/example_nested_branch_dag.py for tasks to queue
[2022-03-18 17:44:21,620] {logging_mixin.py:109} INFO - [2022-03-18 17:44:21,620] {dagbag.py:500} INFO - Filling up the DagBag from /Users/louisekirkham/Documents/linkedin_learning/Ex_Files_Data_Engineering_Foundations/airflow_env/lib/python3.9/site-packages/airflow/example_dags/example_nested_branch_dag.py
[2022-03-18 17:44:21,656] {processor.py:654} INFO - DAG(s) dict_keys(['example_nested_branch_dag']) retrieved from /Users/louisekirkham/Documents/linkedin_learning/Ex_Files_Data_Engineering_Foundations/airflow_env/lib/python3.9/site-packages/airflow/example_dags/example_nested_branch_dag.py
[2022-03-18 17:44:21,670] {logging_mixin.py:109} INFO - [2022-03-18 17:44:21,669] {dag.py:2398} INFO - Sync 1 DAGs
[2022-03-18 17:44:21,678] {logging_mixin.py:109} INFO - [2022-03-18 17:44:21,678] {dag.py:2937} INFO - Setting next_dagrun for example_nested_branch_dag to 2022-03-17 00:00:00+00:00
[2022-03-18 17:44:21,685] {processor.py:171} INFO - Processing /Users/louisekirkham/Documents/linkedin_learning/Ex_Files_Data_Engineering_Foundations/airflow_env/lib/python3.9/site-packages/airflow/example_dags/example_nested_branch_dag.py took 0.066 seconds
[2022-03-18 17:45:47,739] {processor.py:163} INFO - Started process (PID=49068) to work on /Users/louisekirkham/Documents/linkedin_learning/Ex_Files_Data_Engineering_Foundations/airflow_env/lib/python3.9/site-packages/airflow/example_dags/example_nested_branch_dag.py
[2022-03-18 17:45:47,740] {processor.py:642} INFO - Processing file /Users/louisekirkham/Documents/linkedin_learning/Ex_Files_Data_Engineering_Foundations/airflow_env/lib/python3.9/site-packages/airflow/example_dags/example_nested_branch_dag.py for tasks to queue
[2022-03-18 17:45:47,740] {logging_mixin.py:109} INFO - [2022-03-18 17:45:47,740] {dagbag.py:500} INFO - Filling up the DagBag from /Users/louisekirkham/Documents/linkedin_learning/Ex_Files_Data_Engineering_Foundations/airflow_env/lib/python3.9/site-packages/airflow/example_dags/example_nested_branch_dag.py
[2022-03-18 17:45:47,777] {processor.py:654} INFO - DAG(s) dict_keys(['example_nested_branch_dag']) retrieved from /Users/louisekirkham/Documents/linkedin_learning/Ex_Files_Data_Engineering_Foundations/airflow_env/lib/python3.9/site-packages/airflow/example_dags/example_nested_branch_dag.py
[2022-03-18 17:45:47,793] {logging_mixin.py:109} INFO - [2022-03-18 17:45:47,792] {dag.py:2398} INFO - Sync 1 DAGs
[2022-03-18 17:45:47,800] {logging_mixin.py:109} INFO - [2022-03-18 17:45:47,800] {dag.py:2937} INFO - Setting next_dagrun for example_nested_branch_dag to 2022-03-17 00:00:00+00:00
[2022-03-18 17:45:47,807] {processor.py:171} INFO - Processing /Users/louisekirkham/Documents/linkedin_learning/Ex_Files_Data_Engineering_Foundations/airflow_env/lib/python3.9/site-packages/airflow/example_dags/example_nested_branch_dag.py took 0.068 seconds
[2022-03-18 17:47:10,275] {processor.py:163} INFO - Started process (PID=49131) to work on /Users/louisekirkham/Documents/linkedin_learning/Ex_Files_Data_Engineering_Foundations/airflow_env/lib/python3.9/site-packages/airflow/example_dags/example_nested_branch_dag.py
[2022-03-18 17:47:10,275] {processor.py:642} INFO - Processing file /Users/louisekirkham/Documents/linkedin_learning/Ex_Files_Data_Engineering_Foundations/airflow_env/lib/python3.9/site-packages/airflow/example_dags/example_nested_branch_dag.py for tasks to queue
[2022-03-18 17:47:10,275] {logging_mixin.py:109} INFO - [2022-03-18 17:47:10,275] {dagbag.py:500} INFO - Filling up the DagBag from /Users/louisekirkham/Documents/linkedin_learning/Ex_Files_Data_Engineering_Foundations/airflow_env/lib/python3.9/site-packages/airflow/example_dags/example_nested_branch_dag.py
[2022-03-18 17:47:10,316] {processor.py:654} INFO - DAG(s) dict_keys(['example_nested_branch_dag']) retrieved from /Users/louisekirkham/Documents/linkedin_learning/Ex_Files_Data_Engineering_Foundations/airflow_env/lib/python3.9/site-packages/airflow/example_dags/example_nested_branch_dag.py
[2022-03-18 17:47:10,331] {logging_mixin.py:109} INFO - [2022-03-18 17:47:10,331] {dag.py:2398} INFO - Sync 1 DAGs
[2022-03-18 17:47:10,340] {logging_mixin.py:109} INFO - [2022-03-18 17:47:10,340] {dag.py:2937} INFO - Setting next_dagrun for example_nested_branch_dag to 2022-03-17 00:00:00+00:00
[2022-03-18 17:47:10,348] {processor.py:171} INFO - Processing /Users/louisekirkham/Documents/linkedin_learning/Ex_Files_Data_Engineering_Foundations/airflow_env/lib/python3.9/site-packages/airflow/example_dags/example_nested_branch_dag.py took 0.073 seconds
[2022-03-18 17:48:34,838] {processor.py:163} INFO - Started process (PID=50883) to work on /Users/louisekirkham/Documents/linkedin_learning/Ex_Files_Data_Engineering_Foundations/airflow_env/lib/python3.9/site-packages/airflow/example_dags/example_nested_branch_dag.py
[2022-03-18 17:48:34,838] {processor.py:642} INFO - Processing file /Users/louisekirkham/Documents/linkedin_learning/Ex_Files_Data_Engineering_Foundations/airflow_env/lib/python3.9/site-packages/airflow/example_dags/example_nested_branch_dag.py for tasks to queue
[2022-03-18 17:48:34,838] {logging_mixin.py:109} INFO - [2022-03-18 17:48:34,838] {dagbag.py:500} INFO - Filling up the DagBag from /Users/louisekirkham/Documents/linkedin_learning/Ex_Files_Data_Engineering_Foundations/airflow_env/lib/python3.9/site-packages/airflow/example_dags/example_nested_branch_dag.py
[2022-03-18 17:48:34,878] {processor.py:654} INFO - DAG(s) dict_keys(['example_nested_branch_dag']) retrieved from /Users/louisekirkham/Documents/linkedin_learning/Ex_Files_Data_Engineering_Foundations/airflow_env/lib/python3.9/site-packages/airflow/example_dags/example_nested_branch_dag.py
[2022-03-18 17:48:34,894] {logging_mixin.py:109} INFO - [2022-03-18 17:48:34,894] {dag.py:2398} INFO - Sync 1 DAGs
[2022-03-18 17:48:34,904] {logging_mixin.py:109} INFO - [2022-03-18 17:48:34,904] {dag.py:2937} INFO - Setting next_dagrun for example_nested_branch_dag to 2022-03-17 00:00:00+00:00
[2022-03-18 17:48:34,911] {processor.py:171} INFO - Processing /Users/louisekirkham/Documents/linkedin_learning/Ex_Files_Data_Engineering_Foundations/airflow_env/lib/python3.9/site-packages/airflow/example_dags/example_nested_branch_dag.py took 0.074 seconds
[2022-03-18 17:49:59,258] {processor.py:163} INFO - Started process (PID=50957) to work on /Users/louisekirkham/Documents/linkedin_learning/Ex_Files_Data_Engineering_Foundations/airflow_env/lib/python3.9/site-packages/airflow/example_dags/example_nested_branch_dag.py
[2022-03-18 17:49:59,259] {processor.py:642} INFO - Processing file /Users/louisekirkham/Documents/linkedin_learning/Ex_Files_Data_Engineering_Foundations/airflow_env/lib/python3.9/site-packages/airflow/example_dags/example_nested_branch_dag.py for tasks to queue
[2022-03-18 17:49:59,260] {logging_mixin.py:109} INFO - [2022-03-18 17:49:59,259] {dagbag.py:500} INFO - Filling up the DagBag from /Users/louisekirkham/Documents/linkedin_learning/Ex_Files_Data_Engineering_Foundations/airflow_env/lib/python3.9/site-packages/airflow/example_dags/example_nested_branch_dag.py
[2022-03-18 17:49:59,304] {processor.py:654} INFO - DAG(s) dict_keys(['example_nested_branch_dag']) retrieved from /Users/louisekirkham/Documents/linkedin_learning/Ex_Files_Data_Engineering_Foundations/airflow_env/lib/python3.9/site-packages/airflow/example_dags/example_nested_branch_dag.py
[2022-03-18 17:49:59,321] {logging_mixin.py:109} INFO - [2022-03-18 17:49:59,321] {dag.py:2398} INFO - Sync 1 DAGs
[2022-03-18 17:49:59,333] {logging_mixin.py:109} INFO - [2022-03-18 17:49:59,333] {dag.py:2937} INFO - Setting next_dagrun for example_nested_branch_dag to 2022-03-17 00:00:00+00:00
[2022-03-18 17:49:59,340] {processor.py:171} INFO - Processing /Users/louisekirkham/Documents/linkedin_learning/Ex_Files_Data_Engineering_Foundations/airflow_env/lib/python3.9/site-packages/airflow/example_dags/example_nested_branch_dag.py took 0.083 seconds
[2022-03-18 17:51:25,089] {processor.py:163} INFO - Started process (PID=51042) to work on /Users/louisekirkham/Documents/linkedin_learning/Ex_Files_Data_Engineering_Foundations/airflow_env/lib/python3.9/site-packages/airflow/example_dags/example_nested_branch_dag.py
[2022-03-18 17:51:25,090] {processor.py:642} INFO - Processing file /Users/louisekirkham/Documents/linkedin_learning/Ex_Files_Data_Engineering_Foundations/airflow_env/lib/python3.9/site-packages/airflow/example_dags/example_nested_branch_dag.py for tasks to queue
[2022-03-18 17:51:25,090] {logging_mixin.py:109} INFO - [2022-03-18 17:51:25,090] {dagbag.py:500} INFO - Filling up the DagBag from /Users/louisekirkham/Documents/linkedin_learning/Ex_Files_Data_Engineering_Foundations/airflow_env/lib/python3.9/site-packages/airflow/example_dags/example_nested_branch_dag.py
[2022-03-18 17:51:25,128] {processor.py:654} INFO - DAG(s) dict_keys(['example_nested_branch_dag']) retrieved from /Users/louisekirkham/Documents/linkedin_learning/Ex_Files_Data_Engineering_Foundations/airflow_env/lib/python3.9/site-packages/airflow/example_dags/example_nested_branch_dag.py
[2022-03-18 17:51:25,142] {logging_mixin.py:109} INFO - [2022-03-18 17:51:25,142] {dag.py:2398} INFO - Sync 1 DAGs
[2022-03-18 17:51:25,152] {logging_mixin.py:109} INFO - [2022-03-18 17:51:25,152] {dag.py:2937} INFO - Setting next_dagrun for example_nested_branch_dag to 2022-03-17 00:00:00+00:00
[2022-03-18 17:51:25,160] {processor.py:171} INFO - Processing /Users/louisekirkham/Documents/linkedin_learning/Ex_Files_Data_Engineering_Foundations/airflow_env/lib/python3.9/site-packages/airflow/example_dags/example_nested_branch_dag.py took 0.071 seconds
[2022-03-18 17:52:48,886] {processor.py:163} INFO - Started process (PID=51104) to work on /Users/louisekirkham/Documents/linkedin_learning/Ex_Files_Data_Engineering_Foundations/airflow_env/lib/python3.9/site-packages/airflow/example_dags/example_nested_branch_dag.py
[2022-03-18 17:52:48,888] {processor.py:642} INFO - Processing file /Users/louisekirkham/Documents/linkedin_learning/Ex_Files_Data_Engineering_Foundations/airflow_env/lib/python3.9/site-packages/airflow/example_dags/example_nested_branch_dag.py for tasks to queue
[2022-03-18 17:52:48,888] {logging_mixin.py:109} INFO - [2022-03-18 17:52:48,888] {dagbag.py:500} INFO - Filling up the DagBag from /Users/louisekirkham/Documents/linkedin_learning/Ex_Files_Data_Engineering_Foundations/airflow_env/lib/python3.9/site-packages/airflow/example_dags/example_nested_branch_dag.py
[2022-03-18 17:52:48,923] {processor.py:654} INFO - DAG(s) dict_keys(['example_nested_branch_dag']) retrieved from /Users/louisekirkham/Documents/linkedin_learning/Ex_Files_Data_Engineering_Foundations/airflow_env/lib/python3.9/site-packages/airflow/example_dags/example_nested_branch_dag.py
[2022-03-18 17:52:48,935] {logging_mixin.py:109} INFO - [2022-03-18 17:52:48,935] {dag.py:2398} INFO - Sync 1 DAGs
[2022-03-18 17:52:48,942] {logging_mixin.py:109} INFO - [2022-03-18 17:52:48,942] {dag.py:2937} INFO - Setting next_dagrun for example_nested_branch_dag to 2022-03-17 00:00:00+00:00
[2022-03-18 17:52:48,949] {processor.py:171} INFO - Processing /Users/louisekirkham/Documents/linkedin_learning/Ex_Files_Data_Engineering_Foundations/airflow_env/lib/python3.9/site-packages/airflow/example_dags/example_nested_branch_dag.py took 0.063 seconds
[2022-03-18 17:54:10,624] {processor.py:163} INFO - Started process (PID=51170) to work on /Users/louisekirkham/Documents/linkedin_learning/Ex_Files_Data_Engineering_Foundations/airflow_env/lib/python3.9/site-packages/airflow/example_dags/example_nested_branch_dag.py
[2022-03-18 17:54:10,625] {processor.py:642} INFO - Processing file /Users/louisekirkham/Documents/linkedin_learning/Ex_Files_Data_Engineering_Foundations/airflow_env/lib/python3.9/site-packages/airflow/example_dags/example_nested_branch_dag.py for tasks to queue
[2022-03-18 17:54:10,626] {logging_mixin.py:109} INFO - [2022-03-18 17:54:10,626] {dagbag.py:500} INFO - Filling up the DagBag from /Users/louisekirkham/Documents/linkedin_learning/Ex_Files_Data_Engineering_Foundations/airflow_env/lib/python3.9/site-packages/airflow/example_dags/example_nested_branch_dag.py
[2022-03-18 17:54:10,667] {processor.py:654} INFO - DAG(s) dict_keys(['example_nested_branch_dag']) retrieved from /Users/louisekirkham/Documents/linkedin_learning/Ex_Files_Data_Engineering_Foundations/airflow_env/lib/python3.9/site-packages/airflow/example_dags/example_nested_branch_dag.py
[2022-03-18 17:54:10,683] {logging_mixin.py:109} INFO - [2022-03-18 17:54:10,682] {dag.py:2398} INFO - Sync 1 DAGs
[2022-03-18 17:54:10,693] {logging_mixin.py:109} INFO - [2022-03-18 17:54:10,693] {dag.py:2937} INFO - Setting next_dagrun for example_nested_branch_dag to 2022-03-17 00:00:00+00:00
[2022-03-18 17:54:10,700] {processor.py:171} INFO - Processing /Users/louisekirkham/Documents/linkedin_learning/Ex_Files_Data_Engineering_Foundations/airflow_env/lib/python3.9/site-packages/airflow/example_dags/example_nested_branch_dag.py took 0.076 seconds
[2022-03-18 17:55:33,624] {processor.py:163} INFO - Started process (PID=51237) to work on /Users/louisekirkham/Documents/linkedin_learning/Ex_Files_Data_Engineering_Foundations/airflow_env/lib/python3.9/site-packages/airflow/example_dags/example_nested_branch_dag.py
[2022-03-18 17:55:33,625] {processor.py:642} INFO - Processing file /Users/louisekirkham/Documents/linkedin_learning/Ex_Files_Data_Engineering_Foundations/airflow_env/lib/python3.9/site-packages/airflow/example_dags/example_nested_branch_dag.py for tasks to queue
[2022-03-18 17:55:33,625] {logging_mixin.py:109} INFO - [2022-03-18 17:55:33,625] {dagbag.py:500} INFO - Filling up the DagBag from /Users/louisekirkham/Documents/linkedin_learning/Ex_Files_Data_Engineering_Foundations/airflow_env/lib/python3.9/site-packages/airflow/example_dags/example_nested_branch_dag.py
[2022-03-18 17:55:33,664] {processor.py:654} INFO - DAG(s) dict_keys(['example_nested_branch_dag']) retrieved from /Users/louisekirkham/Documents/linkedin_learning/Ex_Files_Data_Engineering_Foundations/airflow_env/lib/python3.9/site-packages/airflow/example_dags/example_nested_branch_dag.py
[2022-03-18 17:55:33,680] {logging_mixin.py:109} INFO - [2022-03-18 17:55:33,680] {dag.py:2398} INFO - Sync 1 DAGs
[2022-03-18 17:55:33,689] {logging_mixin.py:109} INFO - [2022-03-18 17:55:33,688] {dag.py:2937} INFO - Setting next_dagrun for example_nested_branch_dag to 2022-03-17 00:00:00+00:00
[2022-03-18 17:55:33,695] {processor.py:171} INFO - Processing /Users/louisekirkham/Documents/linkedin_learning/Ex_Files_Data_Engineering_Foundations/airflow_env/lib/python3.9/site-packages/airflow/example_dags/example_nested_branch_dag.py took 0.072 seconds
[2022-03-18 17:56:59,820] {processor.py:163} INFO - Started process (PID=51302) to work on /Users/louisekirkham/Documents/linkedin_learning/Ex_Files_Data_Engineering_Foundations/airflow_env/lib/python3.9/site-packages/airflow/example_dags/example_nested_branch_dag.py
[2022-03-18 17:56:59,820] {processor.py:642} INFO - Processing file /Users/louisekirkham/Documents/linkedin_learning/Ex_Files_Data_Engineering_Foundations/airflow_env/lib/python3.9/site-packages/airflow/example_dags/example_nested_branch_dag.py for tasks to queue
[2022-03-18 17:56:59,820] {logging_mixin.py:109} INFO - [2022-03-18 17:56:59,820] {dagbag.py:500} INFO - Filling up the DagBag from /Users/louisekirkham/Documents/linkedin_learning/Ex_Files_Data_Engineering_Foundations/airflow_env/lib/python3.9/site-packages/airflow/example_dags/example_nested_branch_dag.py
[2022-03-18 17:56:59,857] {processor.py:654} INFO - DAG(s) dict_keys(['example_nested_branch_dag']) retrieved from /Users/louisekirkham/Documents/linkedin_learning/Ex_Files_Data_Engineering_Foundations/airflow_env/lib/python3.9/site-packages/airflow/example_dags/example_nested_branch_dag.py
[2022-03-18 17:56:59,874] {logging_mixin.py:109} INFO - [2022-03-18 17:56:59,874] {dag.py:2398} INFO - Sync 1 DAGs
[2022-03-18 17:56:59,882] {logging_mixin.py:109} INFO - [2022-03-18 17:56:59,882] {dag.py:2937} INFO - Setting next_dagrun for example_nested_branch_dag to 2022-03-17 00:00:00+00:00
[2022-03-18 17:56:59,888] {processor.py:171} INFO - Processing /Users/louisekirkham/Documents/linkedin_learning/Ex_Files_Data_Engineering_Foundations/airflow_env/lib/python3.9/site-packages/airflow/example_dags/example_nested_branch_dag.py took 0.069 seconds
[2022-03-18 17:58:28,351] {processor.py:163} INFO - Started process (PID=51407) to work on /Users/louisekirkham/Documents/linkedin_learning/Ex_Files_Data_Engineering_Foundations/airflow_env/lib/python3.9/site-packages/airflow/example_dags/example_nested_branch_dag.py
[2022-03-18 17:58:28,351] {processor.py:642} INFO - Processing file /Users/louisekirkham/Documents/linkedin_learning/Ex_Files_Data_Engineering_Foundations/airflow_env/lib/python3.9/site-packages/airflow/example_dags/example_nested_branch_dag.py for tasks to queue
[2022-03-18 17:58:28,352] {logging_mixin.py:109} INFO - [2022-03-18 17:58:28,352] {dagbag.py:500} INFO - Filling up the DagBag from /Users/louisekirkham/Documents/linkedin_learning/Ex_Files_Data_Engineering_Foundations/airflow_env/lib/python3.9/site-packages/airflow/example_dags/example_nested_branch_dag.py
[2022-03-18 17:58:28,394] {processor.py:654} INFO - DAG(s) dict_keys(['example_nested_branch_dag']) retrieved from /Users/louisekirkham/Documents/linkedin_learning/Ex_Files_Data_Engineering_Foundations/airflow_env/lib/python3.9/site-packages/airflow/example_dags/example_nested_branch_dag.py
[2022-03-18 17:58:28,410] {logging_mixin.py:109} INFO - [2022-03-18 17:58:28,410] {dag.py:2398} INFO - Sync 1 DAGs
[2022-03-18 17:58:28,419] {logging_mixin.py:109} INFO - [2022-03-18 17:58:28,419] {dag.py:2937} INFO - Setting next_dagrun for example_nested_branch_dag to 2022-03-17 00:00:00+00:00
[2022-03-18 17:58:28,429] {processor.py:171} INFO - Processing /Users/louisekirkham/Documents/linkedin_learning/Ex_Files_Data_Engineering_Foundations/airflow_env/lib/python3.9/site-packages/airflow/example_dags/example_nested_branch_dag.py took 0.079 seconds
[2022-03-18 18:00:00,949] {processor.py:163} INFO - Started process (PID=51532) to work on /Users/louisekirkham/Documents/linkedin_learning/Ex_Files_Data_Engineering_Foundations/airflow_env/lib/python3.9/site-packages/airflow/example_dags/example_nested_branch_dag.py
[2022-03-18 18:00:00,950] {processor.py:642} INFO - Processing file /Users/louisekirkham/Documents/linkedin_learning/Ex_Files_Data_Engineering_Foundations/airflow_env/lib/python3.9/site-packages/airflow/example_dags/example_nested_branch_dag.py for tasks to queue
[2022-03-18 18:00:00,950] {logging_mixin.py:109} INFO - [2022-03-18 18:00:00,950] {dagbag.py:500} INFO - Filling up the DagBag from /Users/louisekirkham/Documents/linkedin_learning/Ex_Files_Data_Engineering_Foundations/airflow_env/lib/python3.9/site-packages/airflow/example_dags/example_nested_branch_dag.py
[2022-03-18 18:00:00,985] {processor.py:654} INFO - DAG(s) dict_keys(['example_nested_branch_dag']) retrieved from /Users/louisekirkham/Documents/linkedin_learning/Ex_Files_Data_Engineering_Foundations/airflow_env/lib/python3.9/site-packages/airflow/example_dags/example_nested_branch_dag.py
[2022-03-18 18:00:00,999] {logging_mixin.py:109} INFO - [2022-03-18 18:00:00,999] {dag.py:2398} INFO - Sync 1 DAGs
[2022-03-18 18:00:01,008] {logging_mixin.py:109} INFO - [2022-03-18 18:00:01,007] {dag.py:2937} INFO - Setting next_dagrun for example_nested_branch_dag to 2022-03-17 00:00:00+00:00
[2022-03-18 18:00:01,014] {processor.py:171} INFO - Processing /Users/louisekirkham/Documents/linkedin_learning/Ex_Files_Data_Engineering_Foundations/airflow_env/lib/python3.9/site-packages/airflow/example_dags/example_nested_branch_dag.py took 0.065 seconds
