[2022-03-18 10:37:14,053] {processor.py:163} INFO - Started process (PID=46396) to work on /Users/louisekirkham/Documents/linkedin_learning/Ex_Files_Data_Engineering_Foundations/airflow_env/lib/python3.9/site-packages/airflow/example_dags/example_skip_dag.py
[2022-03-18 10:37:14,053] {processor.py:642} INFO - Processing file /Users/louisekirkham/Documents/linkedin_learning/Ex_Files_Data_Engineering_Foundations/airflow_env/lib/python3.9/site-packages/airflow/example_dags/example_skip_dag.py for tasks to queue
[2022-03-18 10:37:14,054] {logging_mixin.py:109} INFO - [2022-03-18 10:37:14,054] {dagbag.py:500} INFO - Filling up the DagBag from /Users/louisekirkham/Documents/linkedin_learning/Ex_Files_Data_Engineering_Foundations/airflow_env/lib/python3.9/site-packages/airflow/example_dags/example_skip_dag.py
[2022-03-18 10:37:14,101] {processor.py:654} INFO - DAG(s) dict_keys(['example_skip_dag']) retrieved from /Users/louisekirkham/Documents/linkedin_learning/Ex_Files_Data_Engineering_Foundations/airflow_env/lib/python3.9/site-packages/airflow/example_dags/example_skip_dag.py
[2022-03-18 10:37:14,126] {logging_mixin.py:109} INFO - [2022-03-18 10:37:14,126] {dag.py:2398} INFO - Sync 1 DAGs
[2022-03-18 10:37:14,143] {logging_mixin.py:109} INFO - [2022-03-18 10:37:14,143] {dag.py:2937} INFO - Setting next_dagrun for example_skip_dag to 2022-03-17T10:37:14.142859+00:00
[2022-03-18 10:37:14,162] {processor.py:171} INFO - Processing /Users/louisekirkham/Documents/linkedin_learning/Ex_Files_Data_Engineering_Foundations/airflow_env/lib/python3.9/site-packages/airflow/example_dags/example_skip_dag.py took 0.110 seconds
[2022-03-18 10:38:20,841] {processor.py:163} INFO - Started process (PID=46478) to work on /Users/louisekirkham/Documents/linkedin_learning/Ex_Files_Data_Engineering_Foundations/airflow_env/lib/python3.9/site-packages/airflow/example_dags/example_skip_dag.py
[2022-03-18 10:38:20,841] {processor.py:642} INFO - Processing file /Users/louisekirkham/Documents/linkedin_learning/Ex_Files_Data_Engineering_Foundations/airflow_env/lib/python3.9/site-packages/airflow/example_dags/example_skip_dag.py for tasks to queue
[2022-03-18 10:38:20,842] {logging_mixin.py:109} INFO - [2022-03-18 10:38:20,842] {dagbag.py:500} INFO - Filling up the DagBag from /Users/louisekirkham/Documents/linkedin_learning/Ex_Files_Data_Engineering_Foundations/airflow_env/lib/python3.9/site-packages/airflow/example_dags/example_skip_dag.py
[2022-03-18 10:38:20,872] {processor.py:654} INFO - DAG(s) dict_keys(['example_skip_dag']) retrieved from /Users/louisekirkham/Documents/linkedin_learning/Ex_Files_Data_Engineering_Foundations/airflow_env/lib/python3.9/site-packages/airflow/example_dags/example_skip_dag.py
[2022-03-18 10:38:20,888] {logging_mixin.py:109} INFO - [2022-03-18 10:38:20,888] {dag.py:2398} INFO - Sync 1 DAGs
[2022-03-18 10:38:20,896] {logging_mixin.py:109} INFO - [2022-03-18 10:38:20,896] {dag.py:2937} INFO - Setting next_dagrun for example_skip_dag to 2022-03-17T10:38:20.896357+00:00
[2022-03-18 10:38:20,903] {processor.py:171} INFO - Processing /Users/louisekirkham/Documents/linkedin_learning/Ex_Files_Data_Engineering_Foundations/airflow_env/lib/python3.9/site-packages/airflow/example_dags/example_skip_dag.py took 0.063 seconds
[2022-03-18 10:39:44,043] {processor.py:163} INFO - Started process (PID=46549) to work on /Users/louisekirkham/Documents/linkedin_learning/Ex_Files_Data_Engineering_Foundations/airflow_env/lib/python3.9/site-packages/airflow/example_dags/example_skip_dag.py
[2022-03-18 10:39:44,044] {processor.py:642} INFO - Processing file /Users/louisekirkham/Documents/linkedin_learning/Ex_Files_Data_Engineering_Foundations/airflow_env/lib/python3.9/site-packages/airflow/example_dags/example_skip_dag.py for tasks to queue
[2022-03-18 10:39:44,044] {logging_mixin.py:109} INFO - [2022-03-18 10:39:44,044] {dagbag.py:500} INFO - Filling up the DagBag from /Users/louisekirkham/Documents/linkedin_learning/Ex_Files_Data_Engineering_Foundations/airflow_env/lib/python3.9/site-packages/airflow/example_dags/example_skip_dag.py
[2022-03-18 10:39:44,067] {processor.py:654} INFO - DAG(s) dict_keys(['example_skip_dag']) retrieved from /Users/louisekirkham/Documents/linkedin_learning/Ex_Files_Data_Engineering_Foundations/airflow_env/lib/python3.9/site-packages/airflow/example_dags/example_skip_dag.py
[2022-03-18 10:39:44,080] {logging_mixin.py:109} INFO - [2022-03-18 10:39:44,080] {dag.py:2398} INFO - Sync 1 DAGs
[2022-03-18 10:39:44,086] {logging_mixin.py:109} INFO - [2022-03-18 10:39:44,086] {dag.py:2937} INFO - Setting next_dagrun for example_skip_dag to 2022-03-17T10:39:44.086054+00:00
[2022-03-18 10:39:44,092] {processor.py:171} INFO - Processing /Users/louisekirkham/Documents/linkedin_learning/Ex_Files_Data_Engineering_Foundations/airflow_env/lib/python3.9/site-packages/airflow/example_dags/example_skip_dag.py took 0.050 seconds
[2022-03-18 17:06:37,075] {processor.py:163} INFO - Started process (PID=46754) to work on /Users/louisekirkham/Documents/linkedin_learning/Ex_Files_Data_Engineering_Foundations/airflow_env/lib/python3.9/site-packages/airflow/example_dags/example_skip_dag.py
[2022-03-18 17:06:37,076] {processor.py:642} INFO - Processing file /Users/louisekirkham/Documents/linkedin_learning/Ex_Files_Data_Engineering_Foundations/airflow_env/lib/python3.9/site-packages/airflow/example_dags/example_skip_dag.py for tasks to queue
[2022-03-18 17:06:37,077] {logging_mixin.py:109} INFO - [2022-03-18 17:06:37,076] {dagbag.py:500} INFO - Filling up the DagBag from /Users/louisekirkham/Documents/linkedin_learning/Ex_Files_Data_Engineering_Foundations/airflow_env/lib/python3.9/site-packages/airflow/example_dags/example_skip_dag.py
[2022-03-18 17:06:37,113] {processor.py:654} INFO - DAG(s) dict_keys(['example_skip_dag']) retrieved from /Users/louisekirkham/Documents/linkedin_learning/Ex_Files_Data_Engineering_Foundations/airflow_env/lib/python3.9/site-packages/airflow/example_dags/example_skip_dag.py
[2022-03-18 17:06:37,130] {logging_mixin.py:109} INFO - [2022-03-18 17:06:37,130] {dag.py:2398} INFO - Sync 1 DAGs
[2022-03-18 17:06:37,139] {logging_mixin.py:109} INFO - [2022-03-18 17:06:37,139] {dag.py:2937} INFO - Setting next_dagrun for example_skip_dag to 2022-03-17T17:06:37.139718+00:00
[2022-03-18 17:06:37,149] {processor.py:171} INFO - Processing /Users/louisekirkham/Documents/linkedin_learning/Ex_Files_Data_Engineering_Foundations/airflow_env/lib/python3.9/site-packages/airflow/example_dags/example_skip_dag.py took 0.074 seconds
[2022-03-18 17:08:02,712] {processor.py:163} INFO - Started process (PID=46824) to work on /Users/louisekirkham/Documents/linkedin_learning/Ex_Files_Data_Engineering_Foundations/airflow_env/lib/python3.9/site-packages/airflow/example_dags/example_skip_dag.py
[2022-03-18 17:08:02,713] {processor.py:642} INFO - Processing file /Users/louisekirkham/Documents/linkedin_learning/Ex_Files_Data_Engineering_Foundations/airflow_env/lib/python3.9/site-packages/airflow/example_dags/example_skip_dag.py for tasks to queue
[2022-03-18 17:08:02,713] {logging_mixin.py:109} INFO - [2022-03-18 17:08:02,713] {dagbag.py:500} INFO - Filling up the DagBag from /Users/louisekirkham/Documents/linkedin_learning/Ex_Files_Data_Engineering_Foundations/airflow_env/lib/python3.9/site-packages/airflow/example_dags/example_skip_dag.py
[2022-03-18 17:08:02,746] {processor.py:654} INFO - DAG(s) dict_keys(['example_skip_dag']) retrieved from /Users/louisekirkham/Documents/linkedin_learning/Ex_Files_Data_Engineering_Foundations/airflow_env/lib/python3.9/site-packages/airflow/example_dags/example_skip_dag.py
[2022-03-18 17:08:02,765] {logging_mixin.py:109} INFO - [2022-03-18 17:08:02,764] {dag.py:2398} INFO - Sync 1 DAGs
[2022-03-18 17:08:02,774] {logging_mixin.py:109} INFO - [2022-03-18 17:08:02,774] {dag.py:2937} INFO - Setting next_dagrun for example_skip_dag to 2022-03-17T17:08:02.774584+00:00
[2022-03-18 17:08:02,782] {processor.py:171} INFO - Processing /Users/louisekirkham/Documents/linkedin_learning/Ex_Files_Data_Engineering_Foundations/airflow_env/lib/python3.9/site-packages/airflow/example_dags/example_skip_dag.py took 0.071 seconds
[2022-03-18 17:09:32,118] {processor.py:163} INFO - Started process (PID=46899) to work on /Users/louisekirkham/Documents/linkedin_learning/Ex_Files_Data_Engineering_Foundations/airflow_env/lib/python3.9/site-packages/airflow/example_dags/example_skip_dag.py
[2022-03-18 17:09:32,119] {processor.py:642} INFO - Processing file /Users/louisekirkham/Documents/linkedin_learning/Ex_Files_Data_Engineering_Foundations/airflow_env/lib/python3.9/site-packages/airflow/example_dags/example_skip_dag.py for tasks to queue
[2022-03-18 17:09:32,119] {logging_mixin.py:109} INFO - [2022-03-18 17:09:32,119] {dagbag.py:500} INFO - Filling up the DagBag from /Users/louisekirkham/Documents/linkedin_learning/Ex_Files_Data_Engineering_Foundations/airflow_env/lib/python3.9/site-packages/airflow/example_dags/example_skip_dag.py
[2022-03-18 17:09:32,147] {processor.py:654} INFO - DAG(s) dict_keys(['example_skip_dag']) retrieved from /Users/louisekirkham/Documents/linkedin_learning/Ex_Files_Data_Engineering_Foundations/airflow_env/lib/python3.9/site-packages/airflow/example_dags/example_skip_dag.py
[2022-03-18 17:09:32,161] {logging_mixin.py:109} INFO - [2022-03-18 17:09:32,161] {dag.py:2398} INFO - Sync 1 DAGs
[2022-03-18 17:09:32,168] {logging_mixin.py:109} INFO - [2022-03-18 17:09:32,167] {dag.py:2937} INFO - Setting next_dagrun for example_skip_dag to 2022-03-17T17:09:32.167826+00:00
[2022-03-18 17:09:32,175] {processor.py:171} INFO - Processing /Users/louisekirkham/Documents/linkedin_learning/Ex_Files_Data_Engineering_Foundations/airflow_env/lib/python3.9/site-packages/airflow/example_dags/example_skip_dag.py took 0.058 seconds
[2022-03-18 17:11:11,295] {processor.py:163} INFO - Started process (PID=46983) to work on /Users/louisekirkham/Documents/linkedin_learning/Ex_Files_Data_Engineering_Foundations/airflow_env/lib/python3.9/site-packages/airflow/example_dags/example_skip_dag.py
[2022-03-18 17:11:11,296] {processor.py:642} INFO - Processing file /Users/louisekirkham/Documents/linkedin_learning/Ex_Files_Data_Engineering_Foundations/airflow_env/lib/python3.9/site-packages/airflow/example_dags/example_skip_dag.py for tasks to queue
[2022-03-18 17:11:11,296] {logging_mixin.py:109} INFO - [2022-03-18 17:11:11,296] {dagbag.py:500} INFO - Filling up the DagBag from /Users/louisekirkham/Documents/linkedin_learning/Ex_Files_Data_Engineering_Foundations/airflow_env/lib/python3.9/site-packages/airflow/example_dags/example_skip_dag.py
[2022-03-18 17:11:11,325] {processor.py:654} INFO - DAG(s) dict_keys(['example_skip_dag']) retrieved from /Users/louisekirkham/Documents/linkedin_learning/Ex_Files_Data_Engineering_Foundations/airflow_env/lib/python3.9/site-packages/airflow/example_dags/example_skip_dag.py
[2022-03-18 17:11:11,340] {logging_mixin.py:109} INFO - [2022-03-18 17:11:11,340] {dag.py:2398} INFO - Sync 1 DAGs
[2022-03-18 17:11:11,347] {logging_mixin.py:109} INFO - [2022-03-18 17:11:11,347] {dag.py:2937} INFO - Setting next_dagrun for example_skip_dag to 2022-03-17T17:11:11.347345+00:00
[2022-03-18 17:11:11,354] {processor.py:171} INFO - Processing /Users/louisekirkham/Documents/linkedin_learning/Ex_Files_Data_Engineering_Foundations/airflow_env/lib/python3.9/site-packages/airflow/example_dags/example_skip_dag.py took 0.060 seconds
[2022-03-18 17:12:35,850] {processor.py:163} INFO - Started process (PID=47049) to work on /Users/louisekirkham/Documents/linkedin_learning/Ex_Files_Data_Engineering_Foundations/airflow_env/lib/python3.9/site-packages/airflow/example_dags/example_skip_dag.py
[2022-03-18 17:12:35,852] {processor.py:642} INFO - Processing file /Users/louisekirkham/Documents/linkedin_learning/Ex_Files_Data_Engineering_Foundations/airflow_env/lib/python3.9/site-packages/airflow/example_dags/example_skip_dag.py for tasks to queue
[2022-03-18 17:12:35,852] {logging_mixin.py:109} INFO - [2022-03-18 17:12:35,852] {dagbag.py:500} INFO - Filling up the DagBag from /Users/louisekirkham/Documents/linkedin_learning/Ex_Files_Data_Engineering_Foundations/airflow_env/lib/python3.9/site-packages/airflow/example_dags/example_skip_dag.py
[2022-03-18 17:12:35,885] {processor.py:654} INFO - DAG(s) dict_keys(['example_skip_dag']) retrieved from /Users/louisekirkham/Documents/linkedin_learning/Ex_Files_Data_Engineering_Foundations/airflow_env/lib/python3.9/site-packages/airflow/example_dags/example_skip_dag.py
[2022-03-18 17:12:35,903] {logging_mixin.py:109} INFO - [2022-03-18 17:12:35,903] {dag.py:2398} INFO - Sync 1 DAGs
[2022-03-18 17:12:35,911] {logging_mixin.py:109} INFO - [2022-03-18 17:12:35,911] {dag.py:2937} INFO - Setting next_dagrun for example_skip_dag to 2022-03-17T17:12:35.911355+00:00
[2022-03-18 17:12:35,918] {processor.py:171} INFO - Processing /Users/louisekirkham/Documents/linkedin_learning/Ex_Files_Data_Engineering_Foundations/airflow_env/lib/python3.9/site-packages/airflow/example_dags/example_skip_dag.py took 0.069 seconds
[2022-03-18 17:13:59,887] {processor.py:163} INFO - Started process (PID=47110) to work on /Users/louisekirkham/Documents/linkedin_learning/Ex_Files_Data_Engineering_Foundations/airflow_env/lib/python3.9/site-packages/airflow/example_dags/example_skip_dag.py
[2022-03-18 17:13:59,888] {processor.py:642} INFO - Processing file /Users/louisekirkham/Documents/linkedin_learning/Ex_Files_Data_Engineering_Foundations/airflow_env/lib/python3.9/site-packages/airflow/example_dags/example_skip_dag.py for tasks to queue
[2022-03-18 17:13:59,888] {logging_mixin.py:109} INFO - [2022-03-18 17:13:59,888] {dagbag.py:500} INFO - Filling up the DagBag from /Users/louisekirkham/Documents/linkedin_learning/Ex_Files_Data_Engineering_Foundations/airflow_env/lib/python3.9/site-packages/airflow/example_dags/example_skip_dag.py
[2022-03-18 17:13:59,916] {processor.py:654} INFO - DAG(s) dict_keys(['example_skip_dag']) retrieved from /Users/louisekirkham/Documents/linkedin_learning/Ex_Files_Data_Engineering_Foundations/airflow_env/lib/python3.9/site-packages/airflow/example_dags/example_skip_dag.py
[2022-03-18 17:13:59,930] {logging_mixin.py:109} INFO - [2022-03-18 17:13:59,930] {dag.py:2398} INFO - Sync 1 DAGs
[2022-03-18 17:13:59,937] {logging_mixin.py:109} INFO - [2022-03-18 17:13:59,937] {dag.py:2937} INFO - Setting next_dagrun for example_skip_dag to 2022-03-17T17:13:59.937392+00:00
[2022-03-18 17:13:59,945] {processor.py:171} INFO - Processing /Users/louisekirkham/Documents/linkedin_learning/Ex_Files_Data_Engineering_Foundations/airflow_env/lib/python3.9/site-packages/airflow/example_dags/example_skip_dag.py took 0.059 seconds
[2022-03-18 17:15:25,254] {processor.py:163} INFO - Started process (PID=47175) to work on /Users/louisekirkham/Documents/linkedin_learning/Ex_Files_Data_Engineering_Foundations/airflow_env/lib/python3.9/site-packages/airflow/example_dags/example_skip_dag.py
[2022-03-18 17:15:25,255] {processor.py:642} INFO - Processing file /Users/louisekirkham/Documents/linkedin_learning/Ex_Files_Data_Engineering_Foundations/airflow_env/lib/python3.9/site-packages/airflow/example_dags/example_skip_dag.py for tasks to queue
[2022-03-18 17:15:25,255] {logging_mixin.py:109} INFO - [2022-03-18 17:15:25,255] {dagbag.py:500} INFO - Filling up the DagBag from /Users/louisekirkham/Documents/linkedin_learning/Ex_Files_Data_Engineering_Foundations/airflow_env/lib/python3.9/site-packages/airflow/example_dags/example_skip_dag.py
[2022-03-18 17:15:25,285] {processor.py:654} INFO - DAG(s) dict_keys(['example_skip_dag']) retrieved from /Users/louisekirkham/Documents/linkedin_learning/Ex_Files_Data_Engineering_Foundations/airflow_env/lib/python3.9/site-packages/airflow/example_dags/example_skip_dag.py
[2022-03-18 17:15:25,302] {logging_mixin.py:109} INFO - [2022-03-18 17:15:25,302] {dag.py:2398} INFO - Sync 1 DAGs
[2022-03-18 17:15:25,311] {logging_mixin.py:109} INFO - [2022-03-18 17:15:25,311] {dag.py:2937} INFO - Setting next_dagrun for example_skip_dag to 2022-03-17T17:15:25.311391+00:00
[2022-03-18 17:15:25,320] {processor.py:171} INFO - Processing /Users/louisekirkham/Documents/linkedin_learning/Ex_Files_Data_Engineering_Foundations/airflow_env/lib/python3.9/site-packages/airflow/example_dags/example_skip_dag.py took 0.067 seconds
[2022-03-18 17:16:50,045] {processor.py:163} INFO - Started process (PID=47250) to work on /Users/louisekirkham/Documents/linkedin_learning/Ex_Files_Data_Engineering_Foundations/airflow_env/lib/python3.9/site-packages/airflow/example_dags/example_skip_dag.py
[2022-03-18 17:16:50,046] {processor.py:642} INFO - Processing file /Users/louisekirkham/Documents/linkedin_learning/Ex_Files_Data_Engineering_Foundations/airflow_env/lib/python3.9/site-packages/airflow/example_dags/example_skip_dag.py for tasks to queue
[2022-03-18 17:16:50,046] {logging_mixin.py:109} INFO - [2022-03-18 17:16:50,046] {dagbag.py:500} INFO - Filling up the DagBag from /Users/louisekirkham/Documents/linkedin_learning/Ex_Files_Data_Engineering_Foundations/airflow_env/lib/python3.9/site-packages/airflow/example_dags/example_skip_dag.py
[2022-03-18 17:16:50,076] {processor.py:654} INFO - DAG(s) dict_keys(['example_skip_dag']) retrieved from /Users/louisekirkham/Documents/linkedin_learning/Ex_Files_Data_Engineering_Foundations/airflow_env/lib/python3.9/site-packages/airflow/example_dags/example_skip_dag.py
[2022-03-18 17:16:50,092] {logging_mixin.py:109} INFO - [2022-03-18 17:16:50,091] {dag.py:2398} INFO - Sync 1 DAGs
[2022-03-18 17:16:50,100] {logging_mixin.py:109} INFO - [2022-03-18 17:16:50,100] {dag.py:2937} INFO - Setting next_dagrun for example_skip_dag to 2022-03-17T17:16:50.100113+00:00
[2022-03-18 17:16:50,107] {processor.py:171} INFO - Processing /Users/louisekirkham/Documents/linkedin_learning/Ex_Files_Data_Engineering_Foundations/airflow_env/lib/python3.9/site-packages/airflow/example_dags/example_skip_dag.py took 0.062 seconds
[2022-03-18 17:18:14,636] {processor.py:163} INFO - Started process (PID=47316) to work on /Users/louisekirkham/Documents/linkedin_learning/Ex_Files_Data_Engineering_Foundations/airflow_env/lib/python3.9/site-packages/airflow/example_dags/example_skip_dag.py
[2022-03-18 17:18:14,637] {processor.py:642} INFO - Processing file /Users/louisekirkham/Documents/linkedin_learning/Ex_Files_Data_Engineering_Foundations/airflow_env/lib/python3.9/site-packages/airflow/example_dags/example_skip_dag.py for tasks to queue
[2022-03-18 17:18:14,637] {logging_mixin.py:109} INFO - [2022-03-18 17:18:14,637] {dagbag.py:500} INFO - Filling up the DagBag from /Users/louisekirkham/Documents/linkedin_learning/Ex_Files_Data_Engineering_Foundations/airflow_env/lib/python3.9/site-packages/airflow/example_dags/example_skip_dag.py
[2022-03-18 17:18:14,665] {processor.py:654} INFO - DAG(s) dict_keys(['example_skip_dag']) retrieved from /Users/louisekirkham/Documents/linkedin_learning/Ex_Files_Data_Engineering_Foundations/airflow_env/lib/python3.9/site-packages/airflow/example_dags/example_skip_dag.py
[2022-03-18 17:18:14,679] {logging_mixin.py:109} INFO - [2022-03-18 17:18:14,679] {dag.py:2398} INFO - Sync 1 DAGs
[2022-03-18 17:18:14,686] {logging_mixin.py:109} INFO - [2022-03-18 17:18:14,686] {dag.py:2937} INFO - Setting next_dagrun for example_skip_dag to 2022-03-17T17:18:14.685954+00:00
[2022-03-18 17:18:14,692] {processor.py:171} INFO - Processing /Users/louisekirkham/Documents/linkedin_learning/Ex_Files_Data_Engineering_Foundations/airflow_env/lib/python3.9/site-packages/airflow/example_dags/example_skip_dag.py took 0.056 seconds
[2022-03-18 17:19:36,641] {processor.py:163} INFO - Started process (PID=47373) to work on /Users/louisekirkham/Documents/linkedin_learning/Ex_Files_Data_Engineering_Foundations/airflow_env/lib/python3.9/site-packages/airflow/example_dags/example_skip_dag.py
[2022-03-18 17:19:36,642] {processor.py:642} INFO - Processing file /Users/louisekirkham/Documents/linkedin_learning/Ex_Files_Data_Engineering_Foundations/airflow_env/lib/python3.9/site-packages/airflow/example_dags/example_skip_dag.py for tasks to queue
[2022-03-18 17:19:36,642] {logging_mixin.py:109} INFO - [2022-03-18 17:19:36,642] {dagbag.py:500} INFO - Filling up the DagBag from /Users/louisekirkham/Documents/linkedin_learning/Ex_Files_Data_Engineering_Foundations/airflow_env/lib/python3.9/site-packages/airflow/example_dags/example_skip_dag.py
[2022-03-18 17:19:36,670] {processor.py:654} INFO - DAG(s) dict_keys(['example_skip_dag']) retrieved from /Users/louisekirkham/Documents/linkedin_learning/Ex_Files_Data_Engineering_Foundations/airflow_env/lib/python3.9/site-packages/airflow/example_dags/example_skip_dag.py
[2022-03-18 17:19:36,684] {logging_mixin.py:109} INFO - [2022-03-18 17:19:36,684] {dag.py:2398} INFO - Sync 1 DAGs
[2022-03-18 17:19:36,691] {logging_mixin.py:109} INFO - [2022-03-18 17:19:36,691] {dag.py:2937} INFO - Setting next_dagrun for example_skip_dag to 2022-03-17T17:19:36.691018+00:00
[2022-03-18 17:19:36,699] {processor.py:171} INFO - Processing /Users/louisekirkham/Documents/linkedin_learning/Ex_Files_Data_Engineering_Foundations/airflow_env/lib/python3.9/site-packages/airflow/example_dags/example_skip_dag.py took 0.059 seconds
[2022-03-18 17:24:09,637] {processor.py:163} INFO - Started process (PID=47543) to work on /Users/louisekirkham/Documents/linkedin_learning/Ex_Files_Data_Engineering_Foundations/airflow_env/lib/python3.9/site-packages/airflow/example_dags/example_skip_dag.py
[2022-03-18 17:24:09,638] {processor.py:642} INFO - Processing file /Users/louisekirkham/Documents/linkedin_learning/Ex_Files_Data_Engineering_Foundations/airflow_env/lib/python3.9/site-packages/airflow/example_dags/example_skip_dag.py for tasks to queue
[2022-03-18 17:24:09,638] {logging_mixin.py:109} INFO - [2022-03-18 17:24:09,638] {dagbag.py:500} INFO - Filling up the DagBag from /Users/louisekirkham/Documents/linkedin_learning/Ex_Files_Data_Engineering_Foundations/airflow_env/lib/python3.9/site-packages/airflow/example_dags/example_skip_dag.py
[2022-03-18 17:24:09,665] {processor.py:654} INFO - DAG(s) dict_keys(['example_skip_dag']) retrieved from /Users/louisekirkham/Documents/linkedin_learning/Ex_Files_Data_Engineering_Foundations/airflow_env/lib/python3.9/site-packages/airflow/example_dags/example_skip_dag.py
[2022-03-18 17:24:09,678] {logging_mixin.py:109} INFO - [2022-03-18 17:24:09,678] {dag.py:2398} INFO - Sync 1 DAGs
[2022-03-18 17:24:09,685] {logging_mixin.py:109} INFO - [2022-03-18 17:24:09,685] {dag.py:2937} INFO - Setting next_dagrun for example_skip_dag to 2022-03-17T17:24:09.685641+00:00
[2022-03-18 17:24:09,694] {processor.py:171} INFO - Processing /Users/louisekirkham/Documents/linkedin_learning/Ex_Files_Data_Engineering_Foundations/airflow_env/lib/python3.9/site-packages/airflow/example_dags/example_skip_dag.py took 0.058 seconds
[2022-03-18 17:25:26,423] {processor.py:163} INFO - Started process (PID=47611) to work on /Users/louisekirkham/Documents/linkedin_learning/Ex_Files_Data_Engineering_Foundations/airflow_env/lib/python3.9/site-packages/airflow/example_dags/example_skip_dag.py
[2022-03-18 17:25:26,423] {processor.py:642} INFO - Processing file /Users/louisekirkham/Documents/linkedin_learning/Ex_Files_Data_Engineering_Foundations/airflow_env/lib/python3.9/site-packages/airflow/example_dags/example_skip_dag.py for tasks to queue
[2022-03-18 17:25:26,423] {logging_mixin.py:109} INFO - [2022-03-18 17:25:26,423] {dagbag.py:500} INFO - Filling up the DagBag from /Users/louisekirkham/Documents/linkedin_learning/Ex_Files_Data_Engineering_Foundations/airflow_env/lib/python3.9/site-packages/airflow/example_dags/example_skip_dag.py
[2022-03-18 17:25:26,450] {processor.py:654} INFO - DAG(s) dict_keys(['example_skip_dag']) retrieved from /Users/louisekirkham/Documents/linkedin_learning/Ex_Files_Data_Engineering_Foundations/airflow_env/lib/python3.9/site-packages/airflow/example_dags/example_skip_dag.py
[2022-03-18 17:25:26,464] {logging_mixin.py:109} INFO - [2022-03-18 17:25:26,463] {dag.py:2398} INFO - Sync 1 DAGs
[2022-03-18 17:25:26,471] {logging_mixin.py:109} INFO - [2022-03-18 17:25:26,471] {dag.py:2937} INFO - Setting next_dagrun for example_skip_dag to 2022-03-17T17:25:26.470939+00:00
[2022-03-18 17:25:26,478] {processor.py:171} INFO - Processing /Users/louisekirkham/Documents/linkedin_learning/Ex_Files_Data_Engineering_Foundations/airflow_env/lib/python3.9/site-packages/airflow/example_dags/example_skip_dag.py took 0.056 seconds
[2022-03-18 17:26:55,662] {processor.py:163} INFO - Started process (PID=47686) to work on /Users/louisekirkham/Documents/linkedin_learning/Ex_Files_Data_Engineering_Foundations/airflow_env/lib/python3.9/site-packages/airflow/example_dags/example_skip_dag.py
[2022-03-18 17:26:55,662] {processor.py:642} INFO - Processing file /Users/louisekirkham/Documents/linkedin_learning/Ex_Files_Data_Engineering_Foundations/airflow_env/lib/python3.9/site-packages/airflow/example_dags/example_skip_dag.py for tasks to queue
[2022-03-18 17:26:55,663] {logging_mixin.py:109} INFO - [2022-03-18 17:26:55,663] {dagbag.py:500} INFO - Filling up the DagBag from /Users/louisekirkham/Documents/linkedin_learning/Ex_Files_Data_Engineering_Foundations/airflow_env/lib/python3.9/site-packages/airflow/example_dags/example_skip_dag.py
[2022-03-18 17:26:55,690] {processor.py:654} INFO - DAG(s) dict_keys(['example_skip_dag']) retrieved from /Users/louisekirkham/Documents/linkedin_learning/Ex_Files_Data_Engineering_Foundations/airflow_env/lib/python3.9/site-packages/airflow/example_dags/example_skip_dag.py
[2022-03-18 17:26:55,703] {logging_mixin.py:109} INFO - [2022-03-18 17:26:55,703] {dag.py:2398} INFO - Sync 1 DAGs
[2022-03-18 17:26:55,710] {logging_mixin.py:109} INFO - [2022-03-18 17:26:55,710] {dag.py:2937} INFO - Setting next_dagrun for example_skip_dag to 2022-03-17T17:26:55.710322+00:00
[2022-03-18 17:26:55,716] {processor.py:171} INFO - Processing /Users/louisekirkham/Documents/linkedin_learning/Ex_Files_Data_Engineering_Foundations/airflow_env/lib/python3.9/site-packages/airflow/example_dags/example_skip_dag.py took 0.055 seconds
[2022-03-18 17:28:36,925] {processor.py:163} INFO - Started process (PID=47751) to work on /Users/louisekirkham/Documents/linkedin_learning/Ex_Files_Data_Engineering_Foundations/airflow_env/lib/python3.9/site-packages/airflow/example_dags/example_skip_dag.py
[2022-03-18 17:28:36,925] {processor.py:642} INFO - Processing file /Users/louisekirkham/Documents/linkedin_learning/Ex_Files_Data_Engineering_Foundations/airflow_env/lib/python3.9/site-packages/airflow/example_dags/example_skip_dag.py for tasks to queue
[2022-03-18 17:28:36,925] {logging_mixin.py:109} INFO - [2022-03-18 17:28:36,925] {dagbag.py:500} INFO - Filling up the DagBag from /Users/louisekirkham/Documents/linkedin_learning/Ex_Files_Data_Engineering_Foundations/airflow_env/lib/python3.9/site-packages/airflow/example_dags/example_skip_dag.py
[2022-03-18 17:28:36,953] {processor.py:654} INFO - DAG(s) dict_keys(['example_skip_dag']) retrieved from /Users/louisekirkham/Documents/linkedin_learning/Ex_Files_Data_Engineering_Foundations/airflow_env/lib/python3.9/site-packages/airflow/example_dags/example_skip_dag.py
[2022-03-18 17:28:36,968] {logging_mixin.py:109} INFO - [2022-03-18 17:28:36,967] {dag.py:2398} INFO - Sync 1 DAGs
[2022-03-18 17:28:36,975] {logging_mixin.py:109} INFO - [2022-03-18 17:28:36,975] {dag.py:2937} INFO - Setting next_dagrun for example_skip_dag to 2022-03-17T17:28:36.975272+00:00
[2022-03-18 17:28:36,983] {processor.py:171} INFO - Processing /Users/louisekirkham/Documents/linkedin_learning/Ex_Files_Data_Engineering_Foundations/airflow_env/lib/python3.9/site-packages/airflow/example_dags/example_skip_dag.py took 0.059 seconds
[2022-03-18 17:30:42,635] {processor.py:163} INFO - Started process (PID=47859) to work on /Users/louisekirkham/Documents/linkedin_learning/Ex_Files_Data_Engineering_Foundations/airflow_env/lib/python3.9/site-packages/airflow/example_dags/example_skip_dag.py
[2022-03-18 17:30:42,636] {processor.py:642} INFO - Processing file /Users/louisekirkham/Documents/linkedin_learning/Ex_Files_Data_Engineering_Foundations/airflow_env/lib/python3.9/site-packages/airflow/example_dags/example_skip_dag.py for tasks to queue
[2022-03-18 17:30:42,636] {logging_mixin.py:109} INFO - [2022-03-18 17:30:42,636] {dagbag.py:500} INFO - Filling up the DagBag from /Users/louisekirkham/Documents/linkedin_learning/Ex_Files_Data_Engineering_Foundations/airflow_env/lib/python3.9/site-packages/airflow/example_dags/example_skip_dag.py
[2022-03-18 17:30:42,662] {processor.py:654} INFO - DAG(s) dict_keys(['example_skip_dag']) retrieved from /Users/louisekirkham/Documents/linkedin_learning/Ex_Files_Data_Engineering_Foundations/airflow_env/lib/python3.9/site-packages/airflow/example_dags/example_skip_dag.py
[2022-03-18 17:30:42,677] {logging_mixin.py:109} INFO - [2022-03-18 17:30:42,677] {dag.py:2398} INFO - Sync 1 DAGs
[2022-03-18 17:30:42,684] {logging_mixin.py:109} INFO - [2022-03-18 17:30:42,684] {dag.py:2937} INFO - Setting next_dagrun for example_skip_dag to 2022-03-17T17:30:42.683905+00:00
[2022-03-18 17:30:42,691] {processor.py:171} INFO - Processing /Users/louisekirkham/Documents/linkedin_learning/Ex_Files_Data_Engineering_Foundations/airflow_env/lib/python3.9/site-packages/airflow/example_dags/example_skip_dag.py took 0.057 seconds
[2022-03-18 17:31:54,978] {processor.py:163} INFO - Started process (PID=47929) to work on /Users/louisekirkham/Documents/linkedin_learning/Ex_Files_Data_Engineering_Foundations/airflow_env/lib/python3.9/site-packages/airflow/example_dags/example_skip_dag.py
[2022-03-18 17:31:54,978] {processor.py:642} INFO - Processing file /Users/louisekirkham/Documents/linkedin_learning/Ex_Files_Data_Engineering_Foundations/airflow_env/lib/python3.9/site-packages/airflow/example_dags/example_skip_dag.py for tasks to queue
[2022-03-18 17:31:54,978] {logging_mixin.py:109} INFO - [2022-03-18 17:31:54,978] {dagbag.py:500} INFO - Filling up the DagBag from /Users/louisekirkham/Documents/linkedin_learning/Ex_Files_Data_Engineering_Foundations/airflow_env/lib/python3.9/site-packages/airflow/example_dags/example_skip_dag.py
[2022-03-18 17:31:55,003] {processor.py:654} INFO - DAG(s) dict_keys(['example_skip_dag']) retrieved from /Users/louisekirkham/Documents/linkedin_learning/Ex_Files_Data_Engineering_Foundations/airflow_env/lib/python3.9/site-packages/airflow/example_dags/example_skip_dag.py
[2022-03-18 17:31:55,017] {logging_mixin.py:109} INFO - [2022-03-18 17:31:55,017] {dag.py:2398} INFO - Sync 1 DAGs
[2022-03-18 17:31:55,024] {logging_mixin.py:109} INFO - [2022-03-18 17:31:55,023] {dag.py:2937} INFO - Setting next_dagrun for example_skip_dag to 2022-03-17T17:31:55.023873+00:00
[2022-03-18 17:31:55,030] {processor.py:171} INFO - Processing /Users/louisekirkham/Documents/linkedin_learning/Ex_Files_Data_Engineering_Foundations/airflow_env/lib/python3.9/site-packages/airflow/example_dags/example_skip_dag.py took 0.053 seconds
[2022-03-18 17:33:08,358] {processor.py:163} INFO - Started process (PID=47988) to work on /Users/louisekirkham/Documents/linkedin_learning/Ex_Files_Data_Engineering_Foundations/airflow_env/lib/python3.9/site-packages/airflow/example_dags/example_skip_dag.py
[2022-03-18 17:33:08,359] {processor.py:642} INFO - Processing file /Users/louisekirkham/Documents/linkedin_learning/Ex_Files_Data_Engineering_Foundations/airflow_env/lib/python3.9/site-packages/airflow/example_dags/example_skip_dag.py for tasks to queue
[2022-03-18 17:33:08,359] {logging_mixin.py:109} INFO - [2022-03-18 17:33:08,359] {dagbag.py:500} INFO - Filling up the DagBag from /Users/louisekirkham/Documents/linkedin_learning/Ex_Files_Data_Engineering_Foundations/airflow_env/lib/python3.9/site-packages/airflow/example_dags/example_skip_dag.py
[2022-03-18 17:33:08,389] {processor.py:654} INFO - DAG(s) dict_keys(['example_skip_dag']) retrieved from /Users/louisekirkham/Documents/linkedin_learning/Ex_Files_Data_Engineering_Foundations/airflow_env/lib/python3.9/site-packages/airflow/example_dags/example_skip_dag.py
[2022-03-18 17:33:08,404] {logging_mixin.py:109} INFO - [2022-03-18 17:33:08,404] {dag.py:2398} INFO - Sync 1 DAGs
[2022-03-18 17:33:08,412] {logging_mixin.py:109} INFO - [2022-03-18 17:33:08,412] {dag.py:2937} INFO - Setting next_dagrun for example_skip_dag to 2022-03-17T17:33:08.412304+00:00
[2022-03-18 17:33:08,419] {processor.py:171} INFO - Processing /Users/louisekirkham/Documents/linkedin_learning/Ex_Files_Data_Engineering_Foundations/airflow_env/lib/python3.9/site-packages/airflow/example_dags/example_skip_dag.py took 0.062 seconds
[2022-03-18 17:34:29,518] {processor.py:163} INFO - Started process (PID=48452) to work on /Users/louisekirkham/Documents/linkedin_learning/Ex_Files_Data_Engineering_Foundations/airflow_env/lib/python3.9/site-packages/airflow/example_dags/example_skip_dag.py
[2022-03-18 17:34:29,518] {processor.py:642} INFO - Processing file /Users/louisekirkham/Documents/linkedin_learning/Ex_Files_Data_Engineering_Foundations/airflow_env/lib/python3.9/site-packages/airflow/example_dags/example_skip_dag.py for tasks to queue
[2022-03-18 17:34:29,519] {logging_mixin.py:109} INFO - [2022-03-18 17:34:29,519] {dagbag.py:500} INFO - Filling up the DagBag from /Users/louisekirkham/Documents/linkedin_learning/Ex_Files_Data_Engineering_Foundations/airflow_env/lib/python3.9/site-packages/airflow/example_dags/example_skip_dag.py
[2022-03-18 17:34:29,545] {processor.py:654} INFO - DAG(s) dict_keys(['example_skip_dag']) retrieved from /Users/louisekirkham/Documents/linkedin_learning/Ex_Files_Data_Engineering_Foundations/airflow_env/lib/python3.9/site-packages/airflow/example_dags/example_skip_dag.py
[2022-03-18 17:34:29,558] {logging_mixin.py:109} INFO - [2022-03-18 17:34:29,558] {dag.py:2398} INFO - Sync 1 DAGs
[2022-03-18 17:34:29,564] {logging_mixin.py:109} INFO - [2022-03-18 17:34:29,564] {dag.py:2937} INFO - Setting next_dagrun for example_skip_dag to 2022-03-17T17:34:29.564720+00:00
[2022-03-18 17:34:29,571] {processor.py:171} INFO - Processing /Users/louisekirkham/Documents/linkedin_learning/Ex_Files_Data_Engineering_Foundations/airflow_env/lib/python3.9/site-packages/airflow/example_dags/example_skip_dag.py took 0.054 seconds
[2022-03-18 17:35:51,791] {processor.py:163} INFO - Started process (PID=48547) to work on /Users/louisekirkham/Documents/linkedin_learning/Ex_Files_Data_Engineering_Foundations/airflow_env/lib/python3.9/site-packages/airflow/example_dags/example_skip_dag.py
[2022-03-18 17:35:51,792] {processor.py:642} INFO - Processing file /Users/louisekirkham/Documents/linkedin_learning/Ex_Files_Data_Engineering_Foundations/airflow_env/lib/python3.9/site-packages/airflow/example_dags/example_skip_dag.py for tasks to queue
[2022-03-18 17:35:51,792] {logging_mixin.py:109} INFO - [2022-03-18 17:35:51,792] {dagbag.py:500} INFO - Filling up the DagBag from /Users/louisekirkham/Documents/linkedin_learning/Ex_Files_Data_Engineering_Foundations/airflow_env/lib/python3.9/site-packages/airflow/example_dags/example_skip_dag.py
[2022-03-18 17:35:51,827] {processor.py:654} INFO - DAG(s) dict_keys(['example_skip_dag']) retrieved from /Users/louisekirkham/Documents/linkedin_learning/Ex_Files_Data_Engineering_Foundations/airflow_env/lib/python3.9/site-packages/airflow/example_dags/example_skip_dag.py
[2022-03-18 17:35:51,851] {logging_mixin.py:109} INFO - [2022-03-18 17:35:51,850] {dag.py:2398} INFO - Sync 1 DAGs
[2022-03-18 17:35:51,861] {logging_mixin.py:109} INFO - [2022-03-18 17:35:51,861] {dag.py:2937} INFO - Setting next_dagrun for example_skip_dag to 2022-03-17T17:35:51.861423+00:00
[2022-03-18 17:35:51,869] {processor.py:171} INFO - Processing /Users/louisekirkham/Documents/linkedin_learning/Ex_Files_Data_Engineering_Foundations/airflow_env/lib/python3.9/site-packages/airflow/example_dags/example_skip_dag.py took 0.079 seconds
[2022-03-18 17:37:16,308] {processor.py:163} INFO - Started process (PID=48620) to work on /Users/louisekirkham/Documents/linkedin_learning/Ex_Files_Data_Engineering_Foundations/airflow_env/lib/python3.9/site-packages/airflow/example_dags/example_skip_dag.py
[2022-03-18 17:37:16,308] {processor.py:642} INFO - Processing file /Users/louisekirkham/Documents/linkedin_learning/Ex_Files_Data_Engineering_Foundations/airflow_env/lib/python3.9/site-packages/airflow/example_dags/example_skip_dag.py for tasks to queue
[2022-03-18 17:37:16,308] {logging_mixin.py:109} INFO - [2022-03-18 17:37:16,308] {dagbag.py:500} INFO - Filling up the DagBag from /Users/louisekirkham/Documents/linkedin_learning/Ex_Files_Data_Engineering_Foundations/airflow_env/lib/python3.9/site-packages/airflow/example_dags/example_skip_dag.py
[2022-03-18 17:37:16,334] {processor.py:654} INFO - DAG(s) dict_keys(['example_skip_dag']) retrieved from /Users/louisekirkham/Documents/linkedin_learning/Ex_Files_Data_Engineering_Foundations/airflow_env/lib/python3.9/site-packages/airflow/example_dags/example_skip_dag.py
[2022-03-18 17:37:16,347] {logging_mixin.py:109} INFO - [2022-03-18 17:37:16,347] {dag.py:2398} INFO - Sync 1 DAGs
[2022-03-18 17:37:16,354] {logging_mixin.py:109} INFO - [2022-03-18 17:37:16,354] {dag.py:2937} INFO - Setting next_dagrun for example_skip_dag to 2022-03-17T17:37:16.353977+00:00
[2022-03-18 17:37:16,360] {processor.py:171} INFO - Processing /Users/louisekirkham/Documents/linkedin_learning/Ex_Files_Data_Engineering_Foundations/airflow_env/lib/python3.9/site-packages/airflow/example_dags/example_skip_dag.py took 0.053 seconds
[2022-03-18 17:38:40,251] {processor.py:163} INFO - Started process (PID=48685) to work on /Users/louisekirkham/Documents/linkedin_learning/Ex_Files_Data_Engineering_Foundations/airflow_env/lib/python3.9/site-packages/airflow/example_dags/example_skip_dag.py
[2022-03-18 17:38:40,251] {processor.py:642} INFO - Processing file /Users/louisekirkham/Documents/linkedin_learning/Ex_Files_Data_Engineering_Foundations/airflow_env/lib/python3.9/site-packages/airflow/example_dags/example_skip_dag.py for tasks to queue
[2022-03-18 17:38:40,251] {logging_mixin.py:109} INFO - [2022-03-18 17:38:40,251] {dagbag.py:500} INFO - Filling up the DagBag from /Users/louisekirkham/Documents/linkedin_learning/Ex_Files_Data_Engineering_Foundations/airflow_env/lib/python3.9/site-packages/airflow/example_dags/example_skip_dag.py
[2022-03-18 17:38:40,280] {processor.py:654} INFO - DAG(s) dict_keys(['example_skip_dag']) retrieved from /Users/louisekirkham/Documents/linkedin_learning/Ex_Files_Data_Engineering_Foundations/airflow_env/lib/python3.9/site-packages/airflow/example_dags/example_skip_dag.py
[2022-03-18 17:38:40,295] {logging_mixin.py:109} INFO - [2022-03-18 17:38:40,295] {dag.py:2398} INFO - Sync 1 DAGs
[2022-03-18 17:38:40,302] {logging_mixin.py:109} INFO - [2022-03-18 17:38:40,302] {dag.py:2937} INFO - Setting next_dagrun for example_skip_dag to 2022-03-17T17:38:40.302471+00:00
[2022-03-18 17:38:40,308] {processor.py:171} INFO - Processing /Users/louisekirkham/Documents/linkedin_learning/Ex_Files_Data_Engineering_Foundations/airflow_env/lib/python3.9/site-packages/airflow/example_dags/example_skip_dag.py took 0.058 seconds
[2022-03-18 17:40:07,505] {processor.py:163} INFO - Started process (PID=48759) to work on /Users/louisekirkham/Documents/linkedin_learning/Ex_Files_Data_Engineering_Foundations/airflow_env/lib/python3.9/site-packages/airflow/example_dags/example_skip_dag.py
[2022-03-18 17:40:07,506] {processor.py:642} INFO - Processing file /Users/louisekirkham/Documents/linkedin_learning/Ex_Files_Data_Engineering_Foundations/airflow_env/lib/python3.9/site-packages/airflow/example_dags/example_skip_dag.py for tasks to queue
[2022-03-18 17:40:07,506] {logging_mixin.py:109} INFO - [2022-03-18 17:40:07,506] {dagbag.py:500} INFO - Filling up the DagBag from /Users/louisekirkham/Documents/linkedin_learning/Ex_Files_Data_Engineering_Foundations/airflow_env/lib/python3.9/site-packages/airflow/example_dags/example_skip_dag.py
[2022-03-18 17:40:07,534] {processor.py:654} INFO - DAG(s) dict_keys(['example_skip_dag']) retrieved from /Users/louisekirkham/Documents/linkedin_learning/Ex_Files_Data_Engineering_Foundations/airflow_env/lib/python3.9/site-packages/airflow/example_dags/example_skip_dag.py
[2022-03-18 17:40:07,551] {logging_mixin.py:109} INFO - [2022-03-18 17:40:07,551] {dag.py:2398} INFO - Sync 1 DAGs
[2022-03-18 17:40:07,559] {logging_mixin.py:109} INFO - [2022-03-18 17:40:07,559] {dag.py:2937} INFO - Setting next_dagrun for example_skip_dag to 2022-03-17T17:40:07.559241+00:00
[2022-03-18 17:40:07,566] {processor.py:171} INFO - Processing /Users/louisekirkham/Documents/linkedin_learning/Ex_Files_Data_Engineering_Foundations/airflow_env/lib/python3.9/site-packages/airflow/example_dags/example_skip_dag.py took 0.062 seconds
[2022-03-18 17:41:27,983] {processor.py:163} INFO - Started process (PID=48850) to work on /Users/louisekirkham/Documents/linkedin_learning/Ex_Files_Data_Engineering_Foundations/airflow_env/lib/python3.9/site-packages/airflow/example_dags/example_skip_dag.py
[2022-03-18 17:41:27,983] {processor.py:642} INFO - Processing file /Users/louisekirkham/Documents/linkedin_learning/Ex_Files_Data_Engineering_Foundations/airflow_env/lib/python3.9/site-packages/airflow/example_dags/example_skip_dag.py for tasks to queue
[2022-03-18 17:41:27,984] {logging_mixin.py:109} INFO - [2022-03-18 17:41:27,983] {dagbag.py:500} INFO - Filling up the DagBag from /Users/louisekirkham/Documents/linkedin_learning/Ex_Files_Data_Engineering_Foundations/airflow_env/lib/python3.9/site-packages/airflow/example_dags/example_skip_dag.py
[2022-03-18 17:41:28,011] {processor.py:654} INFO - DAG(s) dict_keys(['example_skip_dag']) retrieved from /Users/louisekirkham/Documents/linkedin_learning/Ex_Files_Data_Engineering_Foundations/airflow_env/lib/python3.9/site-packages/airflow/example_dags/example_skip_dag.py
[2022-03-18 17:41:28,025] {logging_mixin.py:109} INFO - [2022-03-18 17:41:28,025] {dag.py:2398} INFO - Sync 1 DAGs
[2022-03-18 17:41:28,032] {logging_mixin.py:109} INFO - [2022-03-18 17:41:28,032] {dag.py:2937} INFO - Setting next_dagrun for example_skip_dag to 2022-03-17T17:41:28.032643+00:00
[2022-03-18 17:41:28,039] {processor.py:171} INFO - Processing /Users/louisekirkham/Documents/linkedin_learning/Ex_Files_Data_Engineering_Foundations/airflow_env/lib/python3.9/site-packages/airflow/example_dags/example_skip_dag.py took 0.057 seconds
[2022-03-18 17:42:52,613] {processor.py:163} INFO - Started process (PID=48933) to work on /Users/louisekirkham/Documents/linkedin_learning/Ex_Files_Data_Engineering_Foundations/airflow_env/lib/python3.9/site-packages/airflow/example_dags/example_skip_dag.py
[2022-03-18 17:42:52,614] {processor.py:642} INFO - Processing file /Users/louisekirkham/Documents/linkedin_learning/Ex_Files_Data_Engineering_Foundations/airflow_env/lib/python3.9/site-packages/airflow/example_dags/example_skip_dag.py for tasks to queue
[2022-03-18 17:42:52,614] {logging_mixin.py:109} INFO - [2022-03-18 17:42:52,614] {dagbag.py:500} INFO - Filling up the DagBag from /Users/louisekirkham/Documents/linkedin_learning/Ex_Files_Data_Engineering_Foundations/airflow_env/lib/python3.9/site-packages/airflow/example_dags/example_skip_dag.py
[2022-03-18 17:42:52,647] {processor.py:654} INFO - DAG(s) dict_keys(['example_skip_dag']) retrieved from /Users/louisekirkham/Documents/linkedin_learning/Ex_Files_Data_Engineering_Foundations/airflow_env/lib/python3.9/site-packages/airflow/example_dags/example_skip_dag.py
[2022-03-18 17:42:52,665] {logging_mixin.py:109} INFO - [2022-03-18 17:42:52,665] {dag.py:2398} INFO - Sync 1 DAGs
[2022-03-18 17:42:52,674] {logging_mixin.py:109} INFO - [2022-03-18 17:42:52,674] {dag.py:2937} INFO - Setting next_dagrun for example_skip_dag to 2022-03-17T17:42:52.674199+00:00
[2022-03-18 17:42:52,681] {processor.py:171} INFO - Processing /Users/louisekirkham/Documents/linkedin_learning/Ex_Files_Data_Engineering_Foundations/airflow_env/lib/python3.9/site-packages/airflow/example_dags/example_skip_dag.py took 0.069 seconds
[2022-03-18 17:44:13,485] {processor.py:163} INFO - Started process (PID=48993) to work on /Users/louisekirkham/Documents/linkedin_learning/Ex_Files_Data_Engineering_Foundations/airflow_env/lib/python3.9/site-packages/airflow/example_dags/example_skip_dag.py
[2022-03-18 17:44:13,485] {processor.py:642} INFO - Processing file /Users/louisekirkham/Documents/linkedin_learning/Ex_Files_Data_Engineering_Foundations/airflow_env/lib/python3.9/site-packages/airflow/example_dags/example_skip_dag.py for tasks to queue
[2022-03-18 17:44:13,485] {logging_mixin.py:109} INFO - [2022-03-18 17:44:13,485] {dagbag.py:500} INFO - Filling up the DagBag from /Users/louisekirkham/Documents/linkedin_learning/Ex_Files_Data_Engineering_Foundations/airflow_env/lib/python3.9/site-packages/airflow/example_dags/example_skip_dag.py
[2022-03-18 17:44:13,513] {processor.py:654} INFO - DAG(s) dict_keys(['example_skip_dag']) retrieved from /Users/louisekirkham/Documents/linkedin_learning/Ex_Files_Data_Engineering_Foundations/airflow_env/lib/python3.9/site-packages/airflow/example_dags/example_skip_dag.py
[2022-03-18 17:44:13,527] {logging_mixin.py:109} INFO - [2022-03-18 17:44:13,527] {dag.py:2398} INFO - Sync 1 DAGs
[2022-03-18 17:44:13,535] {logging_mixin.py:109} INFO - [2022-03-18 17:44:13,535] {dag.py:2937} INFO - Setting next_dagrun for example_skip_dag to 2022-03-17T17:44:13.535158+00:00
[2022-03-18 17:44:13,542] {processor.py:171} INFO - Processing /Users/louisekirkham/Documents/linkedin_learning/Ex_Files_Data_Engineering_Foundations/airflow_env/lib/python3.9/site-packages/airflow/example_dags/example_skip_dag.py took 0.058 seconds
[2022-03-18 17:45:39,072] {processor.py:163} INFO - Started process (PID=49064) to work on /Users/louisekirkham/Documents/linkedin_learning/Ex_Files_Data_Engineering_Foundations/airflow_env/lib/python3.9/site-packages/airflow/example_dags/example_skip_dag.py
[2022-03-18 17:45:39,072] {processor.py:642} INFO - Processing file /Users/louisekirkham/Documents/linkedin_learning/Ex_Files_Data_Engineering_Foundations/airflow_env/lib/python3.9/site-packages/airflow/example_dags/example_skip_dag.py for tasks to queue
[2022-03-18 17:45:39,073] {logging_mixin.py:109} INFO - [2022-03-18 17:45:39,073] {dagbag.py:500} INFO - Filling up the DagBag from /Users/louisekirkham/Documents/linkedin_learning/Ex_Files_Data_Engineering_Foundations/airflow_env/lib/python3.9/site-packages/airflow/example_dags/example_skip_dag.py
[2022-03-18 17:45:39,105] {processor.py:654} INFO - DAG(s) dict_keys(['example_skip_dag']) retrieved from /Users/louisekirkham/Documents/linkedin_learning/Ex_Files_Data_Engineering_Foundations/airflow_env/lib/python3.9/site-packages/airflow/example_dags/example_skip_dag.py
[2022-03-18 17:45:39,121] {logging_mixin.py:109} INFO - [2022-03-18 17:45:39,121] {dag.py:2398} INFO - Sync 1 DAGs
[2022-03-18 17:45:39,129] {logging_mixin.py:109} INFO - [2022-03-18 17:45:39,129] {dag.py:2937} INFO - Setting next_dagrun for example_skip_dag to 2022-03-17T17:45:39.129613+00:00
[2022-03-18 17:45:39,136] {processor.py:171} INFO - Processing /Users/louisekirkham/Documents/linkedin_learning/Ex_Files_Data_Engineering_Foundations/airflow_env/lib/python3.9/site-packages/airflow/example_dags/example_skip_dag.py took 0.065 seconds
[2022-03-18 17:47:01,839] {processor.py:163} INFO - Started process (PID=49127) to work on /Users/louisekirkham/Documents/linkedin_learning/Ex_Files_Data_Engineering_Foundations/airflow_env/lib/python3.9/site-packages/airflow/example_dags/example_skip_dag.py
[2022-03-18 17:47:01,840] {processor.py:642} INFO - Processing file /Users/louisekirkham/Documents/linkedin_learning/Ex_Files_Data_Engineering_Foundations/airflow_env/lib/python3.9/site-packages/airflow/example_dags/example_skip_dag.py for tasks to queue
[2022-03-18 17:47:01,840] {logging_mixin.py:109} INFO - [2022-03-18 17:47:01,840] {dagbag.py:500} INFO - Filling up the DagBag from /Users/louisekirkham/Documents/linkedin_learning/Ex_Files_Data_Engineering_Foundations/airflow_env/lib/python3.9/site-packages/airflow/example_dags/example_skip_dag.py
[2022-03-18 17:47:01,871] {processor.py:654} INFO - DAG(s) dict_keys(['example_skip_dag']) retrieved from /Users/louisekirkham/Documents/linkedin_learning/Ex_Files_Data_Engineering_Foundations/airflow_env/lib/python3.9/site-packages/airflow/example_dags/example_skip_dag.py
[2022-03-18 17:47:01,887] {logging_mixin.py:109} INFO - [2022-03-18 17:47:01,887] {dag.py:2398} INFO - Sync 1 DAGs
[2022-03-18 17:47:01,895] {logging_mixin.py:109} INFO - [2022-03-18 17:47:01,895] {dag.py:2937} INFO - Setting next_dagrun for example_skip_dag to 2022-03-17T17:47:01.895473+00:00
[2022-03-18 17:47:01,904] {processor.py:171} INFO - Processing /Users/louisekirkham/Documents/linkedin_learning/Ex_Files_Data_Engineering_Foundations/airflow_env/lib/python3.9/site-packages/airflow/example_dags/example_skip_dag.py took 0.066 seconds
[2022-03-18 17:48:26,349] {processor.py:163} INFO - Started process (PID=49743) to work on /Users/louisekirkham/Documents/linkedin_learning/Ex_Files_Data_Engineering_Foundations/airflow_env/lib/python3.9/site-packages/airflow/example_dags/example_skip_dag.py
[2022-03-18 17:48:26,349] {processor.py:642} INFO - Processing file /Users/louisekirkham/Documents/linkedin_learning/Ex_Files_Data_Engineering_Foundations/airflow_env/lib/python3.9/site-packages/airflow/example_dags/example_skip_dag.py for tasks to queue
[2022-03-18 17:48:26,349] {logging_mixin.py:109} INFO - [2022-03-18 17:48:26,349] {dagbag.py:500} INFO - Filling up the DagBag from /Users/louisekirkham/Documents/linkedin_learning/Ex_Files_Data_Engineering_Foundations/airflow_env/lib/python3.9/site-packages/airflow/example_dags/example_skip_dag.py
[2022-03-18 17:48:26,386] {processor.py:654} INFO - DAG(s) dict_keys(['example_skip_dag']) retrieved from /Users/louisekirkham/Documents/linkedin_learning/Ex_Files_Data_Engineering_Foundations/airflow_env/lib/python3.9/site-packages/airflow/example_dags/example_skip_dag.py
[2022-03-18 17:48:26,403] {logging_mixin.py:109} INFO - [2022-03-18 17:48:26,403] {dag.py:2398} INFO - Sync 1 DAGs
[2022-03-18 17:48:26,413] {logging_mixin.py:109} INFO - [2022-03-18 17:48:26,413] {dag.py:2937} INFO - Setting next_dagrun for example_skip_dag to 2022-03-17T17:48:26.413508+00:00
[2022-03-18 17:48:26,420] {processor.py:171} INFO - Processing /Users/louisekirkham/Documents/linkedin_learning/Ex_Files_Data_Engineering_Foundations/airflow_env/lib/python3.9/site-packages/airflow/example_dags/example_skip_dag.py took 0.072 seconds
[2022-03-18 17:49:50,789] {processor.py:163} INFO - Started process (PID=50953) to work on /Users/louisekirkham/Documents/linkedin_learning/Ex_Files_Data_Engineering_Foundations/airflow_env/lib/python3.9/site-packages/airflow/example_dags/example_skip_dag.py
[2022-03-18 17:49:50,790] {processor.py:642} INFO - Processing file /Users/louisekirkham/Documents/linkedin_learning/Ex_Files_Data_Engineering_Foundations/airflow_env/lib/python3.9/site-packages/airflow/example_dags/example_skip_dag.py for tasks to queue
[2022-03-18 17:49:50,791] {logging_mixin.py:109} INFO - [2022-03-18 17:49:50,791] {dagbag.py:500} INFO - Filling up the DagBag from /Users/louisekirkham/Documents/linkedin_learning/Ex_Files_Data_Engineering_Foundations/airflow_env/lib/python3.9/site-packages/airflow/example_dags/example_skip_dag.py
[2022-03-18 17:49:50,820] {processor.py:654} INFO - DAG(s) dict_keys(['example_skip_dag']) retrieved from /Users/louisekirkham/Documents/linkedin_learning/Ex_Files_Data_Engineering_Foundations/airflow_env/lib/python3.9/site-packages/airflow/example_dags/example_skip_dag.py
[2022-03-18 17:49:50,836] {logging_mixin.py:109} INFO - [2022-03-18 17:49:50,835] {dag.py:2398} INFO - Sync 1 DAGs
[2022-03-18 17:49:50,844] {logging_mixin.py:109} INFO - [2022-03-18 17:49:50,844] {dag.py:2937} INFO - Setting next_dagrun for example_skip_dag to 2022-03-17T17:49:50.843958+00:00
[2022-03-18 17:49:50,851] {processor.py:171} INFO - Processing /Users/louisekirkham/Documents/linkedin_learning/Ex_Files_Data_Engineering_Foundations/airflow_env/lib/python3.9/site-packages/airflow/example_dags/example_skip_dag.py took 0.063 seconds
[2022-03-18 17:51:17,035] {processor.py:163} INFO - Started process (PID=51035) to work on /Users/louisekirkham/Documents/linkedin_learning/Ex_Files_Data_Engineering_Foundations/airflow_env/lib/python3.9/site-packages/airflow/example_dags/example_skip_dag.py
[2022-03-18 17:51:17,035] {processor.py:642} INFO - Processing file /Users/louisekirkham/Documents/linkedin_learning/Ex_Files_Data_Engineering_Foundations/airflow_env/lib/python3.9/site-packages/airflow/example_dags/example_skip_dag.py for tasks to queue
[2022-03-18 17:51:17,036] {logging_mixin.py:109} INFO - [2022-03-18 17:51:17,036] {dagbag.py:500} INFO - Filling up the DagBag from /Users/louisekirkham/Documents/linkedin_learning/Ex_Files_Data_Engineering_Foundations/airflow_env/lib/python3.9/site-packages/airflow/example_dags/example_skip_dag.py
[2022-03-18 17:51:17,065] {processor.py:654} INFO - DAG(s) dict_keys(['example_skip_dag']) retrieved from /Users/louisekirkham/Documents/linkedin_learning/Ex_Files_Data_Engineering_Foundations/airflow_env/lib/python3.9/site-packages/airflow/example_dags/example_skip_dag.py
[2022-03-18 17:51:17,082] {logging_mixin.py:109} INFO - [2022-03-18 17:51:17,081] {dag.py:2398} INFO - Sync 1 DAGs
[2022-03-18 17:51:17,090] {logging_mixin.py:109} INFO - [2022-03-18 17:51:17,090] {dag.py:2937} INFO - Setting next_dagrun for example_skip_dag to 2022-03-17T17:51:17.089890+00:00
[2022-03-18 17:51:17,097] {processor.py:171} INFO - Processing /Users/louisekirkham/Documents/linkedin_learning/Ex_Files_Data_Engineering_Foundations/airflow_env/lib/python3.9/site-packages/airflow/example_dags/example_skip_dag.py took 0.062 seconds
[2022-03-18 17:52:40,718] {processor.py:163} INFO - Started process (PID=51099) to work on /Users/louisekirkham/Documents/linkedin_learning/Ex_Files_Data_Engineering_Foundations/airflow_env/lib/python3.9/site-packages/airflow/example_dags/example_skip_dag.py
[2022-03-18 17:52:40,720] {processor.py:642} INFO - Processing file /Users/louisekirkham/Documents/linkedin_learning/Ex_Files_Data_Engineering_Foundations/airflow_env/lib/python3.9/site-packages/airflow/example_dags/example_skip_dag.py for tasks to queue
[2022-03-18 17:52:40,720] {logging_mixin.py:109} INFO - [2022-03-18 17:52:40,720] {dagbag.py:500} INFO - Filling up the DagBag from /Users/louisekirkham/Documents/linkedin_learning/Ex_Files_Data_Engineering_Foundations/airflow_env/lib/python3.9/site-packages/airflow/example_dags/example_skip_dag.py
[2022-03-18 17:52:40,750] {processor.py:654} INFO - DAG(s) dict_keys(['example_skip_dag']) retrieved from /Users/louisekirkham/Documents/linkedin_learning/Ex_Files_Data_Engineering_Foundations/airflow_env/lib/python3.9/site-packages/airflow/example_dags/example_skip_dag.py
[2022-03-18 17:52:40,765] {logging_mixin.py:109} INFO - [2022-03-18 17:52:40,765] {dag.py:2398} INFO - Sync 1 DAGs
[2022-03-18 17:52:40,773] {logging_mixin.py:109} INFO - [2022-03-18 17:52:40,773] {dag.py:2937} INFO - Setting next_dagrun for example_skip_dag to 2022-03-17T17:52:40.773494+00:00
[2022-03-18 17:52:40,781] {processor.py:171} INFO - Processing /Users/louisekirkham/Documents/linkedin_learning/Ex_Files_Data_Engineering_Foundations/airflow_env/lib/python3.9/site-packages/airflow/example_dags/example_skip_dag.py took 0.063 seconds
[2022-03-18 17:54:02,716] {processor.py:163} INFO - Started process (PID=51162) to work on /Users/louisekirkham/Documents/linkedin_learning/Ex_Files_Data_Engineering_Foundations/airflow_env/lib/python3.9/site-packages/airflow/example_dags/example_skip_dag.py
[2022-03-18 17:54:02,718] {processor.py:642} INFO - Processing file /Users/louisekirkham/Documents/linkedin_learning/Ex_Files_Data_Engineering_Foundations/airflow_env/lib/python3.9/site-packages/airflow/example_dags/example_skip_dag.py for tasks to queue
[2022-03-18 17:54:02,718] {logging_mixin.py:109} INFO - [2022-03-18 17:54:02,718] {dagbag.py:500} INFO - Filling up the DagBag from /Users/louisekirkham/Documents/linkedin_learning/Ex_Files_Data_Engineering_Foundations/airflow_env/lib/python3.9/site-packages/airflow/example_dags/example_skip_dag.py
[2022-03-18 17:54:02,744] {processor.py:654} INFO - DAG(s) dict_keys(['example_skip_dag']) retrieved from /Users/louisekirkham/Documents/linkedin_learning/Ex_Files_Data_Engineering_Foundations/airflow_env/lib/python3.9/site-packages/airflow/example_dags/example_skip_dag.py
[2022-03-18 17:54:02,758] {logging_mixin.py:109} INFO - [2022-03-18 17:54:02,758] {dag.py:2398} INFO - Sync 1 DAGs
[2022-03-18 17:54:02,765] {logging_mixin.py:109} INFO - [2022-03-18 17:54:02,765] {dag.py:2937} INFO - Setting next_dagrun for example_skip_dag to 2022-03-17T17:54:02.765622+00:00
[2022-03-18 17:54:02,774] {processor.py:171} INFO - Processing /Users/louisekirkham/Documents/linkedin_learning/Ex_Files_Data_Engineering_Foundations/airflow_env/lib/python3.9/site-packages/airflow/example_dags/example_skip_dag.py took 0.059 seconds
[2022-03-18 17:55:25,210] {processor.py:163} INFO - Started process (PID=51233) to work on /Users/louisekirkham/Documents/linkedin_learning/Ex_Files_Data_Engineering_Foundations/airflow_env/lib/python3.9/site-packages/airflow/example_dags/example_skip_dag.py
[2022-03-18 17:55:25,212] {processor.py:642} INFO - Processing file /Users/louisekirkham/Documents/linkedin_learning/Ex_Files_Data_Engineering_Foundations/airflow_env/lib/python3.9/site-packages/airflow/example_dags/example_skip_dag.py for tasks to queue
[2022-03-18 17:55:25,213] {logging_mixin.py:109} INFO - [2022-03-18 17:55:25,213] {dagbag.py:500} INFO - Filling up the DagBag from /Users/louisekirkham/Documents/linkedin_learning/Ex_Files_Data_Engineering_Foundations/airflow_env/lib/python3.9/site-packages/airflow/example_dags/example_skip_dag.py
[2022-03-18 17:55:25,238] {processor.py:654} INFO - DAG(s) dict_keys(['example_skip_dag']) retrieved from /Users/louisekirkham/Documents/linkedin_learning/Ex_Files_Data_Engineering_Foundations/airflow_env/lib/python3.9/site-packages/airflow/example_dags/example_skip_dag.py
[2022-03-18 17:55:25,252] {logging_mixin.py:109} INFO - [2022-03-18 17:55:25,252] {dag.py:2398} INFO - Sync 1 DAGs
[2022-03-18 17:55:25,258] {logging_mixin.py:109} INFO - [2022-03-18 17:55:25,258] {dag.py:2937} INFO - Setting next_dagrun for example_skip_dag to 2022-03-17T17:55:25.258663+00:00
[2022-03-18 17:55:25,264] {processor.py:171} INFO - Processing /Users/louisekirkham/Documents/linkedin_learning/Ex_Files_Data_Engineering_Foundations/airflow_env/lib/python3.9/site-packages/airflow/example_dags/example_skip_dag.py took 0.054 seconds
[2022-03-18 17:56:51,519] {processor.py:163} INFO - Started process (PID=51297) to work on /Users/louisekirkham/Documents/linkedin_learning/Ex_Files_Data_Engineering_Foundations/airflow_env/lib/python3.9/site-packages/airflow/example_dags/example_skip_dag.py
[2022-03-18 17:56:51,519] {processor.py:642} INFO - Processing file /Users/louisekirkham/Documents/linkedin_learning/Ex_Files_Data_Engineering_Foundations/airflow_env/lib/python3.9/site-packages/airflow/example_dags/example_skip_dag.py for tasks to queue
[2022-03-18 17:56:51,520] {logging_mixin.py:109} INFO - [2022-03-18 17:56:51,520] {dagbag.py:500} INFO - Filling up the DagBag from /Users/louisekirkham/Documents/linkedin_learning/Ex_Files_Data_Engineering_Foundations/airflow_env/lib/python3.9/site-packages/airflow/example_dags/example_skip_dag.py
[2022-03-18 17:56:51,546] {processor.py:654} INFO - DAG(s) dict_keys(['example_skip_dag']) retrieved from /Users/louisekirkham/Documents/linkedin_learning/Ex_Files_Data_Engineering_Foundations/airflow_env/lib/python3.9/site-packages/airflow/example_dags/example_skip_dag.py
[2022-03-18 17:56:51,560] {logging_mixin.py:109} INFO - [2022-03-18 17:56:51,560] {dag.py:2398} INFO - Sync 1 DAGs
[2022-03-18 17:56:51,567] {logging_mixin.py:109} INFO - [2022-03-18 17:56:51,567] {dag.py:2937} INFO - Setting next_dagrun for example_skip_dag to 2022-03-17T17:56:51.567622+00:00
[2022-03-18 17:56:51,576] {processor.py:171} INFO - Processing /Users/louisekirkham/Documents/linkedin_learning/Ex_Files_Data_Engineering_Foundations/airflow_env/lib/python3.9/site-packages/airflow/example_dags/example_skip_dag.py took 0.058 seconds
[2022-03-18 17:58:20,423] {processor.py:163} INFO - Started process (PID=51390) to work on /Users/louisekirkham/Documents/linkedin_learning/Ex_Files_Data_Engineering_Foundations/airflow_env/lib/python3.9/site-packages/airflow/example_dags/example_skip_dag.py
[2022-03-18 17:58:20,425] {processor.py:642} INFO - Processing file /Users/louisekirkham/Documents/linkedin_learning/Ex_Files_Data_Engineering_Foundations/airflow_env/lib/python3.9/site-packages/airflow/example_dags/example_skip_dag.py for tasks to queue
[2022-03-18 17:58:20,426] {logging_mixin.py:109} INFO - [2022-03-18 17:58:20,426] {dagbag.py:500} INFO - Filling up the DagBag from /Users/louisekirkham/Documents/linkedin_learning/Ex_Files_Data_Engineering_Foundations/airflow_env/lib/python3.9/site-packages/airflow/example_dags/example_skip_dag.py
[2022-03-18 17:58:20,455] {processor.py:654} INFO - DAG(s) dict_keys(['example_skip_dag']) retrieved from /Users/louisekirkham/Documents/linkedin_learning/Ex_Files_Data_Engineering_Foundations/airflow_env/lib/python3.9/site-packages/airflow/example_dags/example_skip_dag.py
[2022-03-18 17:58:20,473] {logging_mixin.py:109} INFO - [2022-03-18 17:58:20,473] {dag.py:2398} INFO - Sync 1 DAGs
[2022-03-18 17:58:20,481] {logging_mixin.py:109} INFO - [2022-03-18 17:58:20,481] {dag.py:2937} INFO - Setting next_dagrun for example_skip_dag to 2022-03-17T17:58:20.480936+00:00
[2022-03-18 17:58:20,489] {processor.py:171} INFO - Processing /Users/louisekirkham/Documents/linkedin_learning/Ex_Files_Data_Engineering_Foundations/airflow_env/lib/python3.9/site-packages/airflow/example_dags/example_skip_dag.py took 0.066 seconds
[2022-03-18 17:59:52,932] {processor.py:163} INFO - Started process (PID=51527) to work on /Users/louisekirkham/Documents/linkedin_learning/Ex_Files_Data_Engineering_Foundations/airflow_env/lib/python3.9/site-packages/airflow/example_dags/example_skip_dag.py
[2022-03-18 17:59:52,932] {processor.py:642} INFO - Processing file /Users/louisekirkham/Documents/linkedin_learning/Ex_Files_Data_Engineering_Foundations/airflow_env/lib/python3.9/site-packages/airflow/example_dags/example_skip_dag.py for tasks to queue
[2022-03-18 17:59:52,933] {logging_mixin.py:109} INFO - [2022-03-18 17:59:52,933] {dagbag.py:500} INFO - Filling up the DagBag from /Users/louisekirkham/Documents/linkedin_learning/Ex_Files_Data_Engineering_Foundations/airflow_env/lib/python3.9/site-packages/airflow/example_dags/example_skip_dag.py
[2022-03-18 17:59:52,959] {processor.py:654} INFO - DAG(s) dict_keys(['example_skip_dag']) retrieved from /Users/louisekirkham/Documents/linkedin_learning/Ex_Files_Data_Engineering_Foundations/airflow_env/lib/python3.9/site-packages/airflow/example_dags/example_skip_dag.py
[2022-03-18 17:59:52,972] {logging_mixin.py:109} INFO - [2022-03-18 17:59:52,972] {dag.py:2398} INFO - Sync 1 DAGs
[2022-03-18 17:59:52,980] {logging_mixin.py:109} INFO - [2022-03-18 17:59:52,980] {dag.py:2937} INFO - Setting next_dagrun for example_skip_dag to 2022-03-17T17:59:52.980261+00:00
[2022-03-18 17:59:52,986] {processor.py:171} INFO - Processing /Users/louisekirkham/Documents/linkedin_learning/Ex_Files_Data_Engineering_Foundations/airflow_env/lib/python3.9/site-packages/airflow/example_dags/example_skip_dag.py took 0.055 seconds
[2022-03-18 21:01:46,114] {processor.py:163} INFO - Started process (PID=51653) to work on /Users/louisekirkham/Documents/linkedin_learning/Ex_Files_Data_Engineering_Foundations/airflow_env/lib/python3.9/site-packages/airflow/example_dags/example_skip_dag.py
[2022-03-18 21:01:46,116] {processor.py:642} INFO - Processing file /Users/louisekirkham/Documents/linkedin_learning/Ex_Files_Data_Engineering_Foundations/airflow_env/lib/python3.9/site-packages/airflow/example_dags/example_skip_dag.py for tasks to queue
[2022-03-18 21:01:46,117] {logging_mixin.py:109} INFO - [2022-03-18 21:01:46,117] {dagbag.py:500} INFO - Filling up the DagBag from /Users/louisekirkham/Documents/linkedin_learning/Ex_Files_Data_Engineering_Foundations/airflow_env/lib/python3.9/site-packages/airflow/example_dags/example_skip_dag.py
[2022-03-18 21:01:46,143] {processor.py:654} INFO - DAG(s) dict_keys(['example_skip_dag']) retrieved from /Users/louisekirkham/Documents/linkedin_learning/Ex_Files_Data_Engineering_Foundations/airflow_env/lib/python3.9/site-packages/airflow/example_dags/example_skip_dag.py
[2022-03-18 21:01:46,160] {logging_mixin.py:109} INFO - [2022-03-18 21:01:46,159] {dag.py:2398} INFO - Sync 1 DAGs
[2022-03-18 21:01:46,166] {logging_mixin.py:109} INFO - [2022-03-18 21:01:46,166] {dag.py:2937} INFO - Setting next_dagrun for example_skip_dag to 2022-03-17T21:01:46.166510+00:00
[2022-03-18 21:01:46,172] {processor.py:171} INFO - Processing /Users/louisekirkham/Documents/linkedin_learning/Ex_Files_Data_Engineering_Foundations/airflow_env/lib/python3.9/site-packages/airflow/example_dags/example_skip_dag.py took 0.059 seconds
