[2022-03-18 10:36:50,414] {processor.py:163} INFO - Started process (PID=46329) to work on /Users/louisekirkham/Documents/linkedin_learning/Ex_Files_Data_Engineering_Foundations/airflow_env/lib/python3.9/site-packages/airflow/example_dags/example_xcomargs.py
[2022-03-18 10:36:50,414] {processor.py:642} INFO - Processing file /Users/louisekirkham/Documents/linkedin_learning/Ex_Files_Data_Engineering_Foundations/airflow_env/lib/python3.9/site-packages/airflow/example_dags/example_xcomargs.py for tasks to queue
[2022-03-18 10:36:50,415] {logging_mixin.py:109} INFO - [2022-03-18 10:36:50,415] {dagbag.py:500} INFO - Filling up the DagBag from /Users/louisekirkham/Documents/linkedin_learning/Ex_Files_Data_Engineering_Foundations/airflow_env/lib/python3.9/site-packages/airflow/example_dags/example_xcomargs.py
[2022-03-18 10:36:50,469] {processor.py:654} INFO - DAG(s) dict_keys(['example_xcom_args', 'example_xcom_args_with_operators']) retrieved from /Users/louisekirkham/Documents/linkedin_learning/Ex_Files_Data_Engineering_Foundations/airflow_env/lib/python3.9/site-packages/airflow/example_dags/example_xcomargs.py
[2022-03-18 10:36:50,710] {logging_mixin.py:109} INFO - [2022-03-18 10:36:50,709] {dag.py:2398} INFO - Sync 2 DAGs
[2022-03-18 10:36:50,723] {logging_mixin.py:109} INFO - [2022-03-18 10:36:50,723] {dag.py:2937} INFO - Setting next_dagrun for example_xcom_args to None
[2022-03-18 10:36:50,723] {logging_mixin.py:109} INFO - [2022-03-18 10:36:50,723] {dag.py:2937} INFO - Setting next_dagrun for example_xcom_args_with_operators to None
[2022-03-18 10:36:50,732] {processor.py:171} INFO - Processing /Users/louisekirkham/Documents/linkedin_learning/Ex_Files_Data_Engineering_Foundations/airflow_env/lib/python3.9/site-packages/airflow/example_dags/example_xcomargs.py took 0.318 seconds
[2022-03-18 10:38:02,373] {processor.py:163} INFO - Started process (PID=46462) to work on /Users/louisekirkham/Documents/linkedin_learning/Ex_Files_Data_Engineering_Foundations/airflow_env/lib/python3.9/site-packages/airflow/example_dags/example_xcomargs.py
[2022-03-18 10:38:02,374] {processor.py:642} INFO - Processing file /Users/louisekirkham/Documents/linkedin_learning/Ex_Files_Data_Engineering_Foundations/airflow_env/lib/python3.9/site-packages/airflow/example_dags/example_xcomargs.py for tasks to queue
[2022-03-18 10:38:02,374] {logging_mixin.py:109} INFO - [2022-03-18 10:38:02,374] {dagbag.py:500} INFO - Filling up the DagBag from /Users/louisekirkham/Documents/linkedin_learning/Ex_Files_Data_Engineering_Foundations/airflow_env/lib/python3.9/site-packages/airflow/example_dags/example_xcomargs.py
[2022-03-18 10:38:02,416] {processor.py:654} INFO - DAG(s) dict_keys(['example_xcom_args', 'example_xcom_args_with_operators']) retrieved from /Users/louisekirkham/Documents/linkedin_learning/Ex_Files_Data_Engineering_Foundations/airflow_env/lib/python3.9/site-packages/airflow/example_dags/example_xcomargs.py
[2022-03-18 10:38:02,594] {logging_mixin.py:109} INFO - [2022-03-18 10:38:02,594] {dag.py:2398} INFO - Sync 2 DAGs
[2022-03-18 10:38:02,602] {logging_mixin.py:109} INFO - [2022-03-18 10:38:02,602] {dag.py:2937} INFO - Setting next_dagrun for example_xcom_args to None
[2022-03-18 10:38:02,602] {logging_mixin.py:109} INFO - [2022-03-18 10:38:02,602] {dag.py:2937} INFO - Setting next_dagrun for example_xcom_args_with_operators to None
[2022-03-18 10:38:02,609] {processor.py:171} INFO - Processing /Users/louisekirkham/Documents/linkedin_learning/Ex_Files_Data_Engineering_Foundations/airflow_env/lib/python3.9/site-packages/airflow/example_dags/example_xcomargs.py took 0.236 seconds
[2022-03-18 10:39:25,275] {processor.py:163} INFO - Started process (PID=46528) to work on /Users/louisekirkham/Documents/linkedin_learning/Ex_Files_Data_Engineering_Foundations/airflow_env/lib/python3.9/site-packages/airflow/example_dags/example_xcomargs.py
[2022-03-18 10:39:25,275] {processor.py:642} INFO - Processing file /Users/louisekirkham/Documents/linkedin_learning/Ex_Files_Data_Engineering_Foundations/airflow_env/lib/python3.9/site-packages/airflow/example_dags/example_xcomargs.py for tasks to queue
[2022-03-18 10:39:25,276] {logging_mixin.py:109} INFO - [2022-03-18 10:39:25,276] {dagbag.py:500} INFO - Filling up the DagBag from /Users/louisekirkham/Documents/linkedin_learning/Ex_Files_Data_Engineering_Foundations/airflow_env/lib/python3.9/site-packages/airflow/example_dags/example_xcomargs.py
[2022-03-18 10:39:25,322] {processor.py:654} INFO - DAG(s) dict_keys(['example_xcom_args', 'example_xcom_args_with_operators']) retrieved from /Users/louisekirkham/Documents/linkedin_learning/Ex_Files_Data_Engineering_Foundations/airflow_env/lib/python3.9/site-packages/airflow/example_dags/example_xcomargs.py
[2022-03-18 10:39:25,562] {logging_mixin.py:109} INFO - [2022-03-18 10:39:25,562] {dag.py:2398} INFO - Sync 2 DAGs
[2022-03-18 10:39:25,572] {logging_mixin.py:109} INFO - [2022-03-18 10:39:25,572] {dag.py:2937} INFO - Setting next_dagrun for example_xcom_args to None
[2022-03-18 10:39:25,572] {logging_mixin.py:109} INFO - [2022-03-18 10:39:25,572] {dag.py:2937} INFO - Setting next_dagrun for example_xcom_args_with_operators to None
[2022-03-18 10:39:25,579] {processor.py:171} INFO - Processing /Users/louisekirkham/Documents/linkedin_learning/Ex_Files_Data_Engineering_Foundations/airflow_env/lib/python3.9/site-packages/airflow/example_dags/example_xcomargs.py took 0.305 seconds
[2022-03-18 17:06:18,259] {processor.py:163} INFO - Started process (PID=46730) to work on /Users/louisekirkham/Documents/linkedin_learning/Ex_Files_Data_Engineering_Foundations/airflow_env/lib/python3.9/site-packages/airflow/example_dags/example_xcomargs.py
[2022-03-18 17:06:18,260] {processor.py:642} INFO - Processing file /Users/louisekirkham/Documents/linkedin_learning/Ex_Files_Data_Engineering_Foundations/airflow_env/lib/python3.9/site-packages/airflow/example_dags/example_xcomargs.py for tasks to queue
[2022-03-18 17:06:18,260] {logging_mixin.py:109} INFO - [2022-03-18 17:06:18,260] {dagbag.py:500} INFO - Filling up the DagBag from /Users/louisekirkham/Documents/linkedin_learning/Ex_Files_Data_Engineering_Foundations/airflow_env/lib/python3.9/site-packages/airflow/example_dags/example_xcomargs.py
[2022-03-18 17:06:18,304] {processor.py:654} INFO - DAG(s) dict_keys(['example_xcom_args', 'example_xcom_args_with_operators']) retrieved from /Users/louisekirkham/Documents/linkedin_learning/Ex_Files_Data_Engineering_Foundations/airflow_env/lib/python3.9/site-packages/airflow/example_dags/example_xcomargs.py
[2022-03-18 17:06:18,484] {logging_mixin.py:109} INFO - [2022-03-18 17:06:18,484] {dag.py:2398} INFO - Sync 2 DAGs
[2022-03-18 17:06:18,495] {logging_mixin.py:109} INFO - [2022-03-18 17:06:18,494] {dag.py:2937} INFO - Setting next_dagrun for example_xcom_args to None
[2022-03-18 17:06:18,495] {logging_mixin.py:109} INFO - [2022-03-18 17:06:18,495] {dag.py:2937} INFO - Setting next_dagrun for example_xcom_args_with_operators to None
[2022-03-18 17:06:18,504] {processor.py:171} INFO - Processing /Users/louisekirkham/Documents/linkedin_learning/Ex_Files_Data_Engineering_Foundations/airflow_env/lib/python3.9/site-packages/airflow/example_dags/example_xcomargs.py took 0.246 seconds
[2022-03-18 17:07:04,439] {processor.py:163} INFO - Started process (PID=46771) to work on /Users/louisekirkham/Documents/linkedin_learning/Ex_Files_Data_Engineering_Foundations/airflow_env/lib/python3.9/site-packages/airflow/example_dags/example_xcomargs.py
[2022-03-18 17:07:04,440] {processor.py:642} INFO - Processing file /Users/louisekirkham/Documents/linkedin_learning/Ex_Files_Data_Engineering_Foundations/airflow_env/lib/python3.9/site-packages/airflow/example_dags/example_xcomargs.py for tasks to queue
[2022-03-18 17:07:04,440] {logging_mixin.py:109} INFO - [2022-03-18 17:07:04,440] {dagbag.py:500} INFO - Filling up the DagBag from /Users/louisekirkham/Documents/linkedin_learning/Ex_Files_Data_Engineering_Foundations/airflow_env/lib/python3.9/site-packages/airflow/example_dags/example_xcomargs.py
[2022-03-18 17:07:04,487] {processor.py:654} INFO - DAG(s) dict_keys(['example_xcom_args', 'example_xcom_args_with_operators']) retrieved from /Users/louisekirkham/Documents/linkedin_learning/Ex_Files_Data_Engineering_Foundations/airflow_env/lib/python3.9/site-packages/airflow/example_dags/example_xcomargs.py
[2022-03-18 17:07:04,791] {logging_mixin.py:109} INFO - [2022-03-18 17:07:04,790] {dag.py:2398} INFO - Sync 2 DAGs
[2022-03-18 17:07:04,807] {logging_mixin.py:109} INFO - [2022-03-18 17:07:04,807] {dag.py:2937} INFO - Setting next_dagrun for example_xcom_args to None
[2022-03-18 17:07:04,807] {logging_mixin.py:109} INFO - [2022-03-18 17:07:04,807] {dag.py:2937} INFO - Setting next_dagrun for example_xcom_args_with_operators to None
[2022-03-18 17:07:04,816] {processor.py:171} INFO - Processing /Users/louisekirkham/Documents/linkedin_learning/Ex_Files_Data_Engineering_Foundations/airflow_env/lib/python3.9/site-packages/airflow/example_dags/example_xcomargs.py took 0.378 seconds
[2022-03-18 17:08:30,118] {processor.py:163} INFO - Started process (PID=46846) to work on /Users/louisekirkham/Documents/linkedin_learning/Ex_Files_Data_Engineering_Foundations/airflow_env/lib/python3.9/site-packages/airflow/example_dags/example_xcomargs.py
[2022-03-18 17:08:30,119] {processor.py:642} INFO - Processing file /Users/louisekirkham/Documents/linkedin_learning/Ex_Files_Data_Engineering_Foundations/airflow_env/lib/python3.9/site-packages/airflow/example_dags/example_xcomargs.py for tasks to queue
[2022-03-18 17:08:30,119] {logging_mixin.py:109} INFO - [2022-03-18 17:08:30,119] {dagbag.py:500} INFO - Filling up the DagBag from /Users/louisekirkham/Documents/linkedin_learning/Ex_Files_Data_Engineering_Foundations/airflow_env/lib/python3.9/site-packages/airflow/example_dags/example_xcomargs.py
[2022-03-18 17:08:30,164] {processor.py:654} INFO - DAG(s) dict_keys(['example_xcom_args', 'example_xcom_args_with_operators']) retrieved from /Users/louisekirkham/Documents/linkedin_learning/Ex_Files_Data_Engineering_Foundations/airflow_env/lib/python3.9/site-packages/airflow/example_dags/example_xcomargs.py
[2022-03-18 17:08:30,361] {logging_mixin.py:109} INFO - [2022-03-18 17:08:30,360] {dag.py:2398} INFO - Sync 2 DAGs
[2022-03-18 17:08:30,370] {logging_mixin.py:109} INFO - [2022-03-18 17:08:30,370] {dag.py:2937} INFO - Setting next_dagrun for example_xcom_args to None
[2022-03-18 17:08:30,371] {logging_mixin.py:109} INFO - [2022-03-18 17:08:30,371] {dag.py:2937} INFO - Setting next_dagrun for example_xcom_args_with_operators to None
[2022-03-18 17:08:30,378] {processor.py:171} INFO - Processing /Users/louisekirkham/Documents/linkedin_learning/Ex_Files_Data_Engineering_Foundations/airflow_env/lib/python3.9/site-packages/airflow/example_dags/example_xcomargs.py took 0.260 seconds
[2022-03-18 17:09:15,746] {processor.py:163} INFO - Started process (PID=46890) to work on /Users/louisekirkham/Documents/linkedin_learning/Ex_Files_Data_Engineering_Foundations/airflow_env/lib/python3.9/site-packages/airflow/example_dags/example_xcomargs.py
[2022-03-18 17:09:15,746] {processor.py:642} INFO - Processing file /Users/louisekirkham/Documents/linkedin_learning/Ex_Files_Data_Engineering_Foundations/airflow_env/lib/python3.9/site-packages/airflow/example_dags/example_xcomargs.py for tasks to queue
[2022-03-18 17:09:15,747] {logging_mixin.py:109} INFO - [2022-03-18 17:09:15,747] {dagbag.py:500} INFO - Filling up the DagBag from /Users/louisekirkham/Documents/linkedin_learning/Ex_Files_Data_Engineering_Foundations/airflow_env/lib/python3.9/site-packages/airflow/example_dags/example_xcomargs.py
[2022-03-18 17:09:15,784] {processor.py:654} INFO - DAG(s) dict_keys(['example_xcom_args', 'example_xcom_args_with_operators']) retrieved from /Users/louisekirkham/Documents/linkedin_learning/Ex_Files_Data_Engineering_Foundations/airflow_env/lib/python3.9/site-packages/airflow/example_dags/example_xcomargs.py
[2022-03-18 17:09:15,949] {logging_mixin.py:109} INFO - [2022-03-18 17:09:15,948] {dag.py:2398} INFO - Sync 2 DAGs
[2022-03-18 17:09:15,956] {logging_mixin.py:109} INFO - [2022-03-18 17:09:15,956] {dag.py:2937} INFO - Setting next_dagrun for example_xcom_args to None
[2022-03-18 17:09:15,957] {logging_mixin.py:109} INFO - [2022-03-18 17:09:15,957] {dag.py:2937} INFO - Setting next_dagrun for example_xcom_args_with_operators to None
[2022-03-18 17:09:15,963] {processor.py:171} INFO - Processing /Users/louisekirkham/Documents/linkedin_learning/Ex_Files_Data_Engineering_Foundations/airflow_env/lib/python3.9/site-packages/airflow/example_dags/example_xcomargs.py took 0.217 seconds
[2022-03-18 17:10:53,856] {processor.py:163} INFO - Started process (PID=46958) to work on /Users/louisekirkham/Documents/linkedin_learning/Ex_Files_Data_Engineering_Foundations/airflow_env/lib/python3.9/site-packages/airflow/example_dags/example_xcomargs.py
[2022-03-18 17:10:53,857] {processor.py:642} INFO - Processing file /Users/louisekirkham/Documents/linkedin_learning/Ex_Files_Data_Engineering_Foundations/airflow_env/lib/python3.9/site-packages/airflow/example_dags/example_xcomargs.py for tasks to queue
[2022-03-18 17:10:53,857] {logging_mixin.py:109} INFO - [2022-03-18 17:10:53,857] {dagbag.py:500} INFO - Filling up the DagBag from /Users/louisekirkham/Documents/linkedin_learning/Ex_Files_Data_Engineering_Foundations/airflow_env/lib/python3.9/site-packages/airflow/example_dags/example_xcomargs.py
[2022-03-18 17:10:53,929] {processor.py:654} INFO - DAG(s) dict_keys(['example_xcom_args', 'example_xcom_args_with_operators']) retrieved from /Users/louisekirkham/Documents/linkedin_learning/Ex_Files_Data_Engineering_Foundations/airflow_env/lib/python3.9/site-packages/airflow/example_dags/example_xcomargs.py
[2022-03-18 17:10:54,332] {logging_mixin.py:109} INFO - [2022-03-18 17:10:54,331] {dag.py:2398} INFO - Sync 2 DAGs
[2022-03-18 17:10:54,348] {logging_mixin.py:109} INFO - [2022-03-18 17:10:54,348] {dag.py:2937} INFO - Setting next_dagrun for example_xcom_args to None
[2022-03-18 17:10:54,349] {logging_mixin.py:109} INFO - [2022-03-18 17:10:54,348] {dag.py:2937} INFO - Setting next_dagrun for example_xcom_args_with_operators to None
[2022-03-18 17:10:54,370] {processor.py:171} INFO - Processing /Users/louisekirkham/Documents/linkedin_learning/Ex_Files_Data_Engineering_Foundations/airflow_env/lib/python3.9/site-packages/airflow/example_dags/example_xcomargs.py took 0.514 seconds
[2022-03-18 17:12:19,783] {processor.py:163} INFO - Started process (PID=47033) to work on /Users/louisekirkham/Documents/linkedin_learning/Ex_Files_Data_Engineering_Foundations/airflow_env/lib/python3.9/site-packages/airflow/example_dags/example_xcomargs.py
[2022-03-18 17:12:19,784] {processor.py:642} INFO - Processing file /Users/louisekirkham/Documents/linkedin_learning/Ex_Files_Data_Engineering_Foundations/airflow_env/lib/python3.9/site-packages/airflow/example_dags/example_xcomargs.py for tasks to queue
[2022-03-18 17:12:19,784] {logging_mixin.py:109} INFO - [2022-03-18 17:12:19,784] {dagbag.py:500} INFO - Filling up the DagBag from /Users/louisekirkham/Documents/linkedin_learning/Ex_Files_Data_Engineering_Foundations/airflow_env/lib/python3.9/site-packages/airflow/example_dags/example_xcomargs.py
[2022-03-18 17:12:19,829] {processor.py:654} INFO - DAG(s) dict_keys(['example_xcom_args', 'example_xcom_args_with_operators']) retrieved from /Users/louisekirkham/Documents/linkedin_learning/Ex_Files_Data_Engineering_Foundations/airflow_env/lib/python3.9/site-packages/airflow/example_dags/example_xcomargs.py
[2022-03-18 17:12:20,027] {logging_mixin.py:109} INFO - [2022-03-18 17:12:20,026] {dag.py:2398} INFO - Sync 2 DAGs
[2022-03-18 17:12:20,036] {logging_mixin.py:109} INFO - [2022-03-18 17:12:20,036] {dag.py:2937} INFO - Setting next_dagrun for example_xcom_args to None
[2022-03-18 17:12:20,037] {logging_mixin.py:109} INFO - [2022-03-18 17:12:20,037] {dag.py:2937} INFO - Setting next_dagrun for example_xcom_args_with_operators to None
[2022-03-18 17:12:20,045] {processor.py:171} INFO - Processing /Users/louisekirkham/Documents/linkedin_learning/Ex_Files_Data_Engineering_Foundations/airflow_env/lib/python3.9/site-packages/airflow/example_dags/example_xcomargs.py took 0.263 seconds
[2022-03-18 17:13:43,935] {processor.py:163} INFO - Started process (PID=47100) to work on /Users/louisekirkham/Documents/linkedin_learning/Ex_Files_Data_Engineering_Foundations/airflow_env/lib/python3.9/site-packages/airflow/example_dags/example_xcomargs.py
[2022-03-18 17:13:43,936] {processor.py:642} INFO - Processing file /Users/louisekirkham/Documents/linkedin_learning/Ex_Files_Data_Engineering_Foundations/airflow_env/lib/python3.9/site-packages/airflow/example_dags/example_xcomargs.py for tasks to queue
[2022-03-18 17:13:43,936] {logging_mixin.py:109} INFO - [2022-03-18 17:13:43,936] {dagbag.py:500} INFO - Filling up the DagBag from /Users/louisekirkham/Documents/linkedin_learning/Ex_Files_Data_Engineering_Foundations/airflow_env/lib/python3.9/site-packages/airflow/example_dags/example_xcomargs.py
[2022-03-18 17:13:43,976] {processor.py:654} INFO - DAG(s) dict_keys(['example_xcom_args', 'example_xcom_args_with_operators']) retrieved from /Users/louisekirkham/Documents/linkedin_learning/Ex_Files_Data_Engineering_Foundations/airflow_env/lib/python3.9/site-packages/airflow/example_dags/example_xcomargs.py
[2022-03-18 17:13:44,149] {logging_mixin.py:109} INFO - [2022-03-18 17:13:44,149] {dag.py:2398} INFO - Sync 2 DAGs
[2022-03-18 17:13:44,157] {logging_mixin.py:109} INFO - [2022-03-18 17:13:44,157] {dag.py:2937} INFO - Setting next_dagrun for example_xcom_args to None
[2022-03-18 17:13:44,157] {logging_mixin.py:109} INFO - [2022-03-18 17:13:44,157] {dag.py:2937} INFO - Setting next_dagrun for example_xcom_args_with_operators to None
[2022-03-18 17:13:44,165] {processor.py:171} INFO - Processing /Users/louisekirkham/Documents/linkedin_learning/Ex_Files_Data_Engineering_Foundations/airflow_env/lib/python3.9/site-packages/airflow/example_dags/example_xcomargs.py took 0.231 seconds
[2022-03-18 17:15:09,091] {processor.py:163} INFO - Started process (PID=47160) to work on /Users/louisekirkham/Documents/linkedin_learning/Ex_Files_Data_Engineering_Foundations/airflow_env/lib/python3.9/site-packages/airflow/example_dags/example_xcomargs.py
[2022-03-18 17:15:09,092] {processor.py:642} INFO - Processing file /Users/louisekirkham/Documents/linkedin_learning/Ex_Files_Data_Engineering_Foundations/airflow_env/lib/python3.9/site-packages/airflow/example_dags/example_xcomargs.py for tasks to queue
[2022-03-18 17:15:09,092] {logging_mixin.py:109} INFO - [2022-03-18 17:15:09,092] {dagbag.py:500} INFO - Filling up the DagBag from /Users/louisekirkham/Documents/linkedin_learning/Ex_Files_Data_Engineering_Foundations/airflow_env/lib/python3.9/site-packages/airflow/example_dags/example_xcomargs.py
[2022-03-18 17:15:09,136] {processor.py:654} INFO - DAG(s) dict_keys(['example_xcom_args', 'example_xcom_args_with_operators']) retrieved from /Users/louisekirkham/Documents/linkedin_learning/Ex_Files_Data_Engineering_Foundations/airflow_env/lib/python3.9/site-packages/airflow/example_dags/example_xcomargs.py
[2022-03-18 17:15:09,318] {logging_mixin.py:109} INFO - [2022-03-18 17:15:09,317] {dag.py:2398} INFO - Sync 2 DAGs
[2022-03-18 17:15:09,326] {logging_mixin.py:109} INFO - [2022-03-18 17:15:09,326] {dag.py:2937} INFO - Setting next_dagrun for example_xcom_args to None
[2022-03-18 17:15:09,326] {logging_mixin.py:109} INFO - [2022-03-18 17:15:09,326] {dag.py:2937} INFO - Setting next_dagrun for example_xcom_args_with_operators to None
[2022-03-18 17:15:09,334] {processor.py:171} INFO - Processing /Users/louisekirkham/Documents/linkedin_learning/Ex_Files_Data_Engineering_Foundations/airflow_env/lib/python3.9/site-packages/airflow/example_dags/example_xcomargs.py took 0.243 seconds
[2022-03-18 17:16:33,843] {processor.py:163} INFO - Started process (PID=47236) to work on /Users/louisekirkham/Documents/linkedin_learning/Ex_Files_Data_Engineering_Foundations/airflow_env/lib/python3.9/site-packages/airflow/example_dags/example_xcomargs.py
[2022-03-18 17:16:33,844] {processor.py:642} INFO - Processing file /Users/louisekirkham/Documents/linkedin_learning/Ex_Files_Data_Engineering_Foundations/airflow_env/lib/python3.9/site-packages/airflow/example_dags/example_xcomargs.py for tasks to queue
[2022-03-18 17:16:33,844] {logging_mixin.py:109} INFO - [2022-03-18 17:16:33,844] {dagbag.py:500} INFO - Filling up the DagBag from /Users/louisekirkham/Documents/linkedin_learning/Ex_Files_Data_Engineering_Foundations/airflow_env/lib/python3.9/site-packages/airflow/example_dags/example_xcomargs.py
[2022-03-18 17:16:33,887] {processor.py:654} INFO - DAG(s) dict_keys(['example_xcom_args', 'example_xcom_args_with_operators']) retrieved from /Users/louisekirkham/Documents/linkedin_learning/Ex_Files_Data_Engineering_Foundations/airflow_env/lib/python3.9/site-packages/airflow/example_dags/example_xcomargs.py
[2022-03-18 17:16:34,099] {logging_mixin.py:109} INFO - [2022-03-18 17:16:34,099] {dag.py:2398} INFO - Sync 2 DAGs
[2022-03-18 17:16:34,109] {logging_mixin.py:109} INFO - [2022-03-18 17:16:34,109] {dag.py:2937} INFO - Setting next_dagrun for example_xcom_args to None
[2022-03-18 17:16:34,109] {logging_mixin.py:109} INFO - [2022-03-18 17:16:34,109] {dag.py:2937} INFO - Setting next_dagrun for example_xcom_args_with_operators to None
[2022-03-18 17:16:34,116] {processor.py:171} INFO - Processing /Users/louisekirkham/Documents/linkedin_learning/Ex_Files_Data_Engineering_Foundations/airflow_env/lib/python3.9/site-packages/airflow/example_dags/example_xcomargs.py took 0.274 seconds
[2022-03-18 17:17:58,473] {processor.py:163} INFO - Started process (PID=47308) to work on /Users/louisekirkham/Documents/linkedin_learning/Ex_Files_Data_Engineering_Foundations/airflow_env/lib/python3.9/site-packages/airflow/example_dags/example_xcomargs.py
[2022-03-18 17:17:58,474] {processor.py:642} INFO - Processing file /Users/louisekirkham/Documents/linkedin_learning/Ex_Files_Data_Engineering_Foundations/airflow_env/lib/python3.9/site-packages/airflow/example_dags/example_xcomargs.py for tasks to queue
[2022-03-18 17:17:58,474] {logging_mixin.py:109} INFO - [2022-03-18 17:17:58,474] {dagbag.py:500} INFO - Filling up the DagBag from /Users/louisekirkham/Documents/linkedin_learning/Ex_Files_Data_Engineering_Foundations/airflow_env/lib/python3.9/site-packages/airflow/example_dags/example_xcomargs.py
[2022-03-18 17:17:58,514] {processor.py:654} INFO - DAG(s) dict_keys(['example_xcom_args', 'example_xcom_args_with_operators']) retrieved from /Users/louisekirkham/Documents/linkedin_learning/Ex_Files_Data_Engineering_Foundations/airflow_env/lib/python3.9/site-packages/airflow/example_dags/example_xcomargs.py
[2022-03-18 17:17:58,692] {logging_mixin.py:109} INFO - [2022-03-18 17:17:58,691] {dag.py:2398} INFO - Sync 2 DAGs
[2022-03-18 17:17:58,699] {logging_mixin.py:109} INFO - [2022-03-18 17:17:58,699] {dag.py:2937} INFO - Setting next_dagrun for example_xcom_args to None
[2022-03-18 17:17:58,699] {logging_mixin.py:109} INFO - [2022-03-18 17:17:58,699] {dag.py:2937} INFO - Setting next_dagrun for example_xcom_args_with_operators to None
[2022-03-18 17:17:58,706] {processor.py:171} INFO - Processing /Users/louisekirkham/Documents/linkedin_learning/Ex_Files_Data_Engineering_Foundations/airflow_env/lib/python3.9/site-packages/airflow/example_dags/example_xcomargs.py took 0.234 seconds
[2022-03-18 17:19:19,692] {processor.py:163} INFO - Started process (PID=47364) to work on /Users/louisekirkham/Documents/linkedin_learning/Ex_Files_Data_Engineering_Foundations/airflow_env/lib/python3.9/site-packages/airflow/example_dags/example_xcomargs.py
[2022-03-18 17:19:19,693] {processor.py:642} INFO - Processing file /Users/louisekirkham/Documents/linkedin_learning/Ex_Files_Data_Engineering_Foundations/airflow_env/lib/python3.9/site-packages/airflow/example_dags/example_xcomargs.py for tasks to queue
[2022-03-18 17:19:19,693] {logging_mixin.py:109} INFO - [2022-03-18 17:19:19,693] {dagbag.py:500} INFO - Filling up the DagBag from /Users/louisekirkham/Documents/linkedin_learning/Ex_Files_Data_Engineering_Foundations/airflow_env/lib/python3.9/site-packages/airflow/example_dags/example_xcomargs.py
[2022-03-18 17:19:19,732] {processor.py:654} INFO - DAG(s) dict_keys(['example_xcom_args', 'example_xcom_args_with_operators']) retrieved from /Users/louisekirkham/Documents/linkedin_learning/Ex_Files_Data_Engineering_Foundations/airflow_env/lib/python3.9/site-packages/airflow/example_dags/example_xcomargs.py
[2022-03-18 17:19:19,903] {logging_mixin.py:109} INFO - [2022-03-18 17:19:19,903] {dag.py:2398} INFO - Sync 2 DAGs
[2022-03-18 17:19:19,913] {logging_mixin.py:109} INFO - [2022-03-18 17:19:19,912] {dag.py:2937} INFO - Setting next_dagrun for example_xcom_args to None
[2022-03-18 17:19:19,913] {logging_mixin.py:109} INFO - [2022-03-18 17:19:19,913] {dag.py:2937} INFO - Setting next_dagrun for example_xcom_args_with_operators to None
[2022-03-18 17:19:19,920] {processor.py:171} INFO - Processing /Users/louisekirkham/Documents/linkedin_learning/Ex_Files_Data_Engineering_Foundations/airflow_env/lib/python3.9/site-packages/airflow/example_dags/example_xcomargs.py took 0.228 seconds
[2022-03-18 17:23:50,841] {processor.py:163} INFO - Started process (PID=47529) to work on /Users/louisekirkham/Documents/linkedin_learning/Ex_Files_Data_Engineering_Foundations/airflow_env/lib/python3.9/site-packages/airflow/example_dags/example_xcomargs.py
[2022-03-18 17:23:50,843] {processor.py:642} INFO - Processing file /Users/louisekirkham/Documents/linkedin_learning/Ex_Files_Data_Engineering_Foundations/airflow_env/lib/python3.9/site-packages/airflow/example_dags/example_xcomargs.py for tasks to queue
[2022-03-18 17:23:50,843] {logging_mixin.py:109} INFO - [2022-03-18 17:23:50,843] {dagbag.py:500} INFO - Filling up the DagBag from /Users/louisekirkham/Documents/linkedin_learning/Ex_Files_Data_Engineering_Foundations/airflow_env/lib/python3.9/site-packages/airflow/example_dags/example_xcomargs.py
[2022-03-18 17:23:50,882] {processor.py:654} INFO - DAG(s) dict_keys(['example_xcom_args', 'example_xcom_args_with_operators']) retrieved from /Users/louisekirkham/Documents/linkedin_learning/Ex_Files_Data_Engineering_Foundations/airflow_env/lib/python3.9/site-packages/airflow/example_dags/example_xcomargs.py
[2022-03-18 17:23:51,044] {logging_mixin.py:109} INFO - [2022-03-18 17:23:51,044] {dag.py:2398} INFO - Sync 2 DAGs
[2022-03-18 17:23:51,052] {logging_mixin.py:109} INFO - [2022-03-18 17:23:51,052] {dag.py:2937} INFO - Setting next_dagrun for example_xcom_args to None
[2022-03-18 17:23:51,052] {logging_mixin.py:109} INFO - [2022-03-18 17:23:51,052] {dag.py:2937} INFO - Setting next_dagrun for example_xcom_args_with_operators to None
[2022-03-18 17:23:51,059] {processor.py:171} INFO - Processing /Users/louisekirkham/Documents/linkedin_learning/Ex_Files_Data_Engineering_Foundations/airflow_env/lib/python3.9/site-packages/airflow/example_dags/example_xcomargs.py took 0.218 seconds
[2022-03-18 17:25:07,353] {processor.py:163} INFO - Started process (PID=47598) to work on /Users/louisekirkham/Documents/linkedin_learning/Ex_Files_Data_Engineering_Foundations/airflow_env/lib/python3.9/site-packages/airflow/example_dags/example_xcomargs.py
[2022-03-18 17:25:07,354] {processor.py:642} INFO - Processing file /Users/louisekirkham/Documents/linkedin_learning/Ex_Files_Data_Engineering_Foundations/airflow_env/lib/python3.9/site-packages/airflow/example_dags/example_xcomargs.py for tasks to queue
[2022-03-18 17:25:07,354] {logging_mixin.py:109} INFO - [2022-03-18 17:25:07,354] {dagbag.py:500} INFO - Filling up the DagBag from /Users/louisekirkham/Documents/linkedin_learning/Ex_Files_Data_Engineering_Foundations/airflow_env/lib/python3.9/site-packages/airflow/example_dags/example_xcomargs.py
[2022-03-18 17:25:07,399] {processor.py:654} INFO - DAG(s) dict_keys(['example_xcom_args', 'example_xcom_args_with_operators']) retrieved from /Users/louisekirkham/Documents/linkedin_learning/Ex_Files_Data_Engineering_Foundations/airflow_env/lib/python3.9/site-packages/airflow/example_dags/example_xcomargs.py
[2022-03-18 17:25:07,581] {logging_mixin.py:109} INFO - [2022-03-18 17:25:07,580] {dag.py:2398} INFO - Sync 2 DAGs
[2022-03-18 17:25:07,590] {logging_mixin.py:109} INFO - [2022-03-18 17:25:07,590] {dag.py:2937} INFO - Setting next_dagrun for example_xcom_args to None
[2022-03-18 17:25:07,590] {logging_mixin.py:109} INFO - [2022-03-18 17:25:07,590] {dag.py:2937} INFO - Setting next_dagrun for example_xcom_args_with_operators to None
[2022-03-18 17:25:07,599] {processor.py:171} INFO - Processing /Users/louisekirkham/Documents/linkedin_learning/Ex_Files_Data_Engineering_Foundations/airflow_env/lib/python3.9/site-packages/airflow/example_dags/example_xcomargs.py took 0.247 seconds
[2022-03-18 17:25:54,288] {processor.py:163} INFO - Started process (PID=47638) to work on /Users/louisekirkham/Documents/linkedin_learning/Ex_Files_Data_Engineering_Foundations/airflow_env/lib/python3.9/site-packages/airflow/example_dags/example_xcomargs.py
[2022-03-18 17:25:54,289] {processor.py:642} INFO - Processing file /Users/louisekirkham/Documents/linkedin_learning/Ex_Files_Data_Engineering_Foundations/airflow_env/lib/python3.9/site-packages/airflow/example_dags/example_xcomargs.py for tasks to queue
[2022-03-18 17:25:54,289] {logging_mixin.py:109} INFO - [2022-03-18 17:25:54,289] {dagbag.py:500} INFO - Filling up the DagBag from /Users/louisekirkham/Documents/linkedin_learning/Ex_Files_Data_Engineering_Foundations/airflow_env/lib/python3.9/site-packages/airflow/example_dags/example_xcomargs.py
[2022-03-18 17:25:54,331] {processor.py:654} INFO - DAG(s) dict_keys(['example_xcom_args', 'example_xcom_args_with_operators']) retrieved from /Users/louisekirkham/Documents/linkedin_learning/Ex_Files_Data_Engineering_Foundations/airflow_env/lib/python3.9/site-packages/airflow/example_dags/example_xcomargs.py
[2022-03-18 17:25:54,522] {logging_mixin.py:109} INFO - [2022-03-18 17:25:54,521] {dag.py:2398} INFO - Sync 2 DAGs
[2022-03-18 17:25:54,532] {logging_mixin.py:109} INFO - [2022-03-18 17:25:54,532] {dag.py:2937} INFO - Setting next_dagrun for example_xcom_args to None
[2022-03-18 17:25:54,533] {logging_mixin.py:109} INFO - [2022-03-18 17:25:54,533] {dag.py:2937} INFO - Setting next_dagrun for example_xcom_args_with_operators to None
[2022-03-18 17:25:54,541] {processor.py:171} INFO - Processing /Users/louisekirkham/Documents/linkedin_learning/Ex_Files_Data_Engineering_Foundations/airflow_env/lib/python3.9/site-packages/airflow/example_dags/example_xcomargs.py took 0.253 seconds
[2022-03-18 17:26:39,404] {processor.py:163} INFO - Started process (PID=47674) to work on /Users/louisekirkham/Documents/linkedin_learning/Ex_Files_Data_Engineering_Foundations/airflow_env/lib/python3.9/site-packages/airflow/example_dags/example_xcomargs.py
[2022-03-18 17:26:39,404] {processor.py:642} INFO - Processing file /Users/louisekirkham/Documents/linkedin_learning/Ex_Files_Data_Engineering_Foundations/airflow_env/lib/python3.9/site-packages/airflow/example_dags/example_xcomargs.py for tasks to queue
[2022-03-18 17:26:39,405] {logging_mixin.py:109} INFO - [2022-03-18 17:26:39,405] {dagbag.py:500} INFO - Filling up the DagBag from /Users/louisekirkham/Documents/linkedin_learning/Ex_Files_Data_Engineering_Foundations/airflow_env/lib/python3.9/site-packages/airflow/example_dags/example_xcomargs.py
[2022-03-18 17:26:39,448] {processor.py:654} INFO - DAG(s) dict_keys(['example_xcom_args', 'example_xcom_args_with_operators']) retrieved from /Users/louisekirkham/Documents/linkedin_learning/Ex_Files_Data_Engineering_Foundations/airflow_env/lib/python3.9/site-packages/airflow/example_dags/example_xcomargs.py
[2022-03-18 17:26:39,645] {logging_mixin.py:109} INFO - [2022-03-18 17:26:39,644] {dag.py:2398} INFO - Sync 2 DAGs
[2022-03-18 17:26:39,654] {logging_mixin.py:109} INFO - [2022-03-18 17:26:39,654] {dag.py:2937} INFO - Setting next_dagrun for example_xcom_args to None
[2022-03-18 17:26:39,654] {logging_mixin.py:109} INFO - [2022-03-18 17:26:39,654] {dag.py:2937} INFO - Setting next_dagrun for example_xcom_args_with_operators to None
[2022-03-18 17:26:39,662] {processor.py:171} INFO - Processing /Users/louisekirkham/Documents/linkedin_learning/Ex_Files_Data_Engineering_Foundations/airflow_env/lib/python3.9/site-packages/airflow/example_dags/example_xcomargs.py took 0.258 seconds
[2022-03-18 17:28:19,254] {processor.py:163} INFO - Started process (PID=47741) to work on /Users/louisekirkham/Documents/linkedin_learning/Ex_Files_Data_Engineering_Foundations/airflow_env/lib/python3.9/site-packages/airflow/example_dags/example_xcomargs.py
[2022-03-18 17:28:19,255] {processor.py:642} INFO - Processing file /Users/louisekirkham/Documents/linkedin_learning/Ex_Files_Data_Engineering_Foundations/airflow_env/lib/python3.9/site-packages/airflow/example_dags/example_xcomargs.py for tasks to queue
[2022-03-18 17:28:19,255] {logging_mixin.py:109} INFO - [2022-03-18 17:28:19,255] {dagbag.py:500} INFO - Filling up the DagBag from /Users/louisekirkham/Documents/linkedin_learning/Ex_Files_Data_Engineering_Foundations/airflow_env/lib/python3.9/site-packages/airflow/example_dags/example_xcomargs.py
[2022-03-18 17:28:19,301] {processor.py:654} INFO - DAG(s) dict_keys(['example_xcom_args', 'example_xcom_args_with_operators']) retrieved from /Users/louisekirkham/Documents/linkedin_learning/Ex_Files_Data_Engineering_Foundations/airflow_env/lib/python3.9/site-packages/airflow/example_dags/example_xcomargs.py
[2022-03-18 17:28:19,488] {logging_mixin.py:109} INFO - [2022-03-18 17:28:19,488] {dag.py:2398} INFO - Sync 2 DAGs
[2022-03-18 17:28:19,498] {logging_mixin.py:109} INFO - [2022-03-18 17:28:19,498] {dag.py:2937} INFO - Setting next_dagrun for example_xcom_args to None
[2022-03-18 17:28:19,498] {logging_mixin.py:109} INFO - [2022-03-18 17:28:19,498] {dag.py:2937} INFO - Setting next_dagrun for example_xcom_args_with_operators to None
[2022-03-18 17:28:19,505] {processor.py:171} INFO - Processing /Users/louisekirkham/Documents/linkedin_learning/Ex_Files_Data_Engineering_Foundations/airflow_env/lib/python3.9/site-packages/airflow/example_dags/example_xcomargs.py took 0.252 seconds
[2022-03-18 17:30:24,911] {processor.py:163} INFO - Started process (PID=47841) to work on /Users/louisekirkham/Documents/linkedin_learning/Ex_Files_Data_Engineering_Foundations/airflow_env/lib/python3.9/site-packages/airflow/example_dags/example_xcomargs.py
[2022-03-18 17:30:24,911] {processor.py:642} INFO - Processing file /Users/louisekirkham/Documents/linkedin_learning/Ex_Files_Data_Engineering_Foundations/airflow_env/lib/python3.9/site-packages/airflow/example_dags/example_xcomargs.py for tasks to queue
[2022-03-18 17:30:24,911] {logging_mixin.py:109} INFO - [2022-03-18 17:30:24,911] {dagbag.py:500} INFO - Filling up the DagBag from /Users/louisekirkham/Documents/linkedin_learning/Ex_Files_Data_Engineering_Foundations/airflow_env/lib/python3.9/site-packages/airflow/example_dags/example_xcomargs.py
[2022-03-18 17:30:24,951] {processor.py:654} INFO - DAG(s) dict_keys(['example_xcom_args', 'example_xcom_args_with_operators']) retrieved from /Users/louisekirkham/Documents/linkedin_learning/Ex_Files_Data_Engineering_Foundations/airflow_env/lib/python3.9/site-packages/airflow/example_dags/example_xcomargs.py
[2022-03-18 17:30:25,122] {logging_mixin.py:109} INFO - [2022-03-18 17:30:25,122] {dag.py:2398} INFO - Sync 2 DAGs
[2022-03-18 17:30:25,130] {logging_mixin.py:109} INFO - [2022-03-18 17:30:25,130] {dag.py:2937} INFO - Setting next_dagrun for example_xcom_args to None
[2022-03-18 17:30:25,130] {logging_mixin.py:109} INFO - [2022-03-18 17:30:25,130] {dag.py:2937} INFO - Setting next_dagrun for example_xcom_args_with_operators to None
[2022-03-18 17:30:25,138] {processor.py:171} INFO - Processing /Users/louisekirkham/Documents/linkedin_learning/Ex_Files_Data_Engineering_Foundations/airflow_env/lib/python3.9/site-packages/airflow/example_dags/example_xcomargs.py took 0.228 seconds
[2022-03-18 17:31:36,552] {processor.py:163} INFO - Started process (PID=47919) to work on /Users/louisekirkham/Documents/linkedin_learning/Ex_Files_Data_Engineering_Foundations/airflow_env/lib/python3.9/site-packages/airflow/example_dags/example_xcomargs.py
[2022-03-18 17:31:36,553] {processor.py:642} INFO - Processing file /Users/louisekirkham/Documents/linkedin_learning/Ex_Files_Data_Engineering_Foundations/airflow_env/lib/python3.9/site-packages/airflow/example_dags/example_xcomargs.py for tasks to queue
[2022-03-18 17:31:36,553] {logging_mixin.py:109} INFO - [2022-03-18 17:31:36,553] {dagbag.py:500} INFO - Filling up the DagBag from /Users/louisekirkham/Documents/linkedin_learning/Ex_Files_Data_Engineering_Foundations/airflow_env/lib/python3.9/site-packages/airflow/example_dags/example_xcomargs.py
[2022-03-18 17:31:36,628] {processor.py:654} INFO - DAG(s) dict_keys(['example_xcom_args', 'example_xcom_args_with_operators']) retrieved from /Users/louisekirkham/Documents/linkedin_learning/Ex_Files_Data_Engineering_Foundations/airflow_env/lib/python3.9/site-packages/airflow/example_dags/example_xcomargs.py
[2022-03-18 17:31:36,844] {logging_mixin.py:109} INFO - [2022-03-18 17:31:36,844] {dag.py:2398} INFO - Sync 2 DAGs
[2022-03-18 17:31:36,854] {logging_mixin.py:109} INFO - [2022-03-18 17:31:36,853] {dag.py:2937} INFO - Setting next_dagrun for example_xcom_args to None
[2022-03-18 17:31:36,854] {logging_mixin.py:109} INFO - [2022-03-18 17:31:36,854] {dag.py:2937} INFO - Setting next_dagrun for example_xcom_args_with_operators to None
[2022-03-18 17:31:36,862] {processor.py:171} INFO - Processing /Users/louisekirkham/Documents/linkedin_learning/Ex_Files_Data_Engineering_Foundations/airflow_env/lib/python3.9/site-packages/airflow/example_dags/example_xcomargs.py took 0.311 seconds
[2022-03-18 17:32:49,664] {processor.py:163} INFO - Started process (PID=47976) to work on /Users/louisekirkham/Documents/linkedin_learning/Ex_Files_Data_Engineering_Foundations/airflow_env/lib/python3.9/site-packages/airflow/example_dags/example_xcomargs.py
[2022-03-18 17:32:49,664] {processor.py:642} INFO - Processing file /Users/louisekirkham/Documents/linkedin_learning/Ex_Files_Data_Engineering_Foundations/airflow_env/lib/python3.9/site-packages/airflow/example_dags/example_xcomargs.py for tasks to queue
[2022-03-18 17:32:49,665] {logging_mixin.py:109} INFO - [2022-03-18 17:32:49,665] {dagbag.py:500} INFO - Filling up the DagBag from /Users/louisekirkham/Documents/linkedin_learning/Ex_Files_Data_Engineering_Foundations/airflow_env/lib/python3.9/site-packages/airflow/example_dags/example_xcomargs.py
[2022-03-18 17:32:49,739] {processor.py:654} INFO - DAG(s) dict_keys(['example_xcom_args', 'example_xcom_args_with_operators']) retrieved from /Users/louisekirkham/Documents/linkedin_learning/Ex_Files_Data_Engineering_Foundations/airflow_env/lib/python3.9/site-packages/airflow/example_dags/example_xcomargs.py
[2022-03-18 17:32:49,959] {logging_mixin.py:109} INFO - [2022-03-18 17:32:49,959] {dag.py:2398} INFO - Sync 2 DAGs
[2022-03-18 17:32:49,969] {logging_mixin.py:109} INFO - [2022-03-18 17:32:49,969] {dag.py:2937} INFO - Setting next_dagrun for example_xcom_args to None
[2022-03-18 17:32:49,969] {logging_mixin.py:109} INFO - [2022-03-18 17:32:49,969] {dag.py:2937} INFO - Setting next_dagrun for example_xcom_args_with_operators to None
[2022-03-18 17:32:49,977] {processor.py:171} INFO - Processing /Users/louisekirkham/Documents/linkedin_learning/Ex_Files_Data_Engineering_Foundations/airflow_env/lib/python3.9/site-packages/airflow/example_dags/example_xcomargs.py took 0.314 seconds
[2022-03-18 17:34:10,937] {processor.py:163} INFO - Started process (PID=48442) to work on /Users/louisekirkham/Documents/linkedin_learning/Ex_Files_Data_Engineering_Foundations/airflow_env/lib/python3.9/site-packages/airflow/example_dags/example_xcomargs.py
[2022-03-18 17:34:10,937] {processor.py:642} INFO - Processing file /Users/louisekirkham/Documents/linkedin_learning/Ex_Files_Data_Engineering_Foundations/airflow_env/lib/python3.9/site-packages/airflow/example_dags/example_xcomargs.py for tasks to queue
[2022-03-18 17:34:10,938] {logging_mixin.py:109} INFO - [2022-03-18 17:34:10,938] {dagbag.py:500} INFO - Filling up the DagBag from /Users/louisekirkham/Documents/linkedin_learning/Ex_Files_Data_Engineering_Foundations/airflow_env/lib/python3.9/site-packages/airflow/example_dags/example_xcomargs.py
[2022-03-18 17:34:10,978] {processor.py:654} INFO - DAG(s) dict_keys(['example_xcom_args', 'example_xcom_args_with_operators']) retrieved from /Users/louisekirkham/Documents/linkedin_learning/Ex_Files_Data_Engineering_Foundations/airflow_env/lib/python3.9/site-packages/airflow/example_dags/example_xcomargs.py
[2022-03-18 17:34:11,161] {logging_mixin.py:109} INFO - [2022-03-18 17:34:11,161] {dag.py:2398} INFO - Sync 2 DAGs
[2022-03-18 17:34:11,169] {logging_mixin.py:109} INFO - [2022-03-18 17:34:11,169] {dag.py:2937} INFO - Setting next_dagrun for example_xcom_args to None
[2022-03-18 17:34:11,169] {logging_mixin.py:109} INFO - [2022-03-18 17:34:11,169] {dag.py:2937} INFO - Setting next_dagrun for example_xcom_args_with_operators to None
[2022-03-18 17:34:11,177] {processor.py:171} INFO - Processing /Users/louisekirkham/Documents/linkedin_learning/Ex_Files_Data_Engineering_Foundations/airflow_env/lib/python3.9/site-packages/airflow/example_dags/example_xcomargs.py took 0.241 seconds
[2022-03-18 17:35:33,517] {processor.py:163} INFO - Started process (PID=48525) to work on /Users/louisekirkham/Documents/linkedin_learning/Ex_Files_Data_Engineering_Foundations/airflow_env/lib/python3.9/site-packages/airflow/example_dags/example_xcomargs.py
[2022-03-18 17:35:33,517] {processor.py:642} INFO - Processing file /Users/louisekirkham/Documents/linkedin_learning/Ex_Files_Data_Engineering_Foundations/airflow_env/lib/python3.9/site-packages/airflow/example_dags/example_xcomargs.py for tasks to queue
[2022-03-18 17:35:33,518] {logging_mixin.py:109} INFO - [2022-03-18 17:35:33,518] {dagbag.py:500} INFO - Filling up the DagBag from /Users/louisekirkham/Documents/linkedin_learning/Ex_Files_Data_Engineering_Foundations/airflow_env/lib/python3.9/site-packages/airflow/example_dags/example_xcomargs.py
[2022-03-18 17:35:33,559] {processor.py:654} INFO - DAG(s) dict_keys(['example_xcom_args', 'example_xcom_args_with_operators']) retrieved from /Users/louisekirkham/Documents/linkedin_learning/Ex_Files_Data_Engineering_Foundations/airflow_env/lib/python3.9/site-packages/airflow/example_dags/example_xcomargs.py
[2022-03-18 17:35:33,749] {logging_mixin.py:109} INFO - [2022-03-18 17:35:33,748] {dag.py:2398} INFO - Sync 2 DAGs
[2022-03-18 17:35:33,759] {logging_mixin.py:109} INFO - [2022-03-18 17:35:33,759] {dag.py:2937} INFO - Setting next_dagrun for example_xcom_args to None
[2022-03-18 17:35:33,759] {logging_mixin.py:109} INFO - [2022-03-18 17:35:33,759] {dag.py:2937} INFO - Setting next_dagrun for example_xcom_args_with_operators to None
[2022-03-18 17:35:33,767] {processor.py:171} INFO - Processing /Users/louisekirkham/Documents/linkedin_learning/Ex_Files_Data_Engineering_Foundations/airflow_env/lib/python3.9/site-packages/airflow/example_dags/example_xcomargs.py took 0.251 seconds
[2022-03-18 17:36:58,447] {processor.py:163} INFO - Started process (PID=48611) to work on /Users/louisekirkham/Documents/linkedin_learning/Ex_Files_Data_Engineering_Foundations/airflow_env/lib/python3.9/site-packages/airflow/example_dags/example_xcomargs.py
[2022-03-18 17:36:58,447] {processor.py:642} INFO - Processing file /Users/louisekirkham/Documents/linkedin_learning/Ex_Files_Data_Engineering_Foundations/airflow_env/lib/python3.9/site-packages/airflow/example_dags/example_xcomargs.py for tasks to queue
[2022-03-18 17:36:58,447] {logging_mixin.py:109} INFO - [2022-03-18 17:36:58,447] {dagbag.py:500} INFO - Filling up the DagBag from /Users/louisekirkham/Documents/linkedin_learning/Ex_Files_Data_Engineering_Foundations/airflow_env/lib/python3.9/site-packages/airflow/example_dags/example_xcomargs.py
[2022-03-18 17:36:58,491] {processor.py:654} INFO - DAG(s) dict_keys(['example_xcom_args', 'example_xcom_args_with_operators']) retrieved from /Users/louisekirkham/Documents/linkedin_learning/Ex_Files_Data_Engineering_Foundations/airflow_env/lib/python3.9/site-packages/airflow/example_dags/example_xcomargs.py
[2022-03-18 17:36:58,669] {logging_mixin.py:109} INFO - [2022-03-18 17:36:58,668] {dag.py:2398} INFO - Sync 2 DAGs
[2022-03-18 17:36:58,677] {logging_mixin.py:109} INFO - [2022-03-18 17:36:58,677] {dag.py:2937} INFO - Setting next_dagrun for example_xcom_args to None
[2022-03-18 17:36:58,677] {logging_mixin.py:109} INFO - [2022-03-18 17:36:58,677] {dag.py:2937} INFO - Setting next_dagrun for example_xcom_args_with_operators to None
[2022-03-18 17:36:58,684] {processor.py:171} INFO - Processing /Users/louisekirkham/Documents/linkedin_learning/Ex_Files_Data_Engineering_Foundations/airflow_env/lib/python3.9/site-packages/airflow/example_dags/example_xcomargs.py took 0.238 seconds
[2022-03-18 17:38:22,406] {processor.py:163} INFO - Started process (PID=48671) to work on /Users/louisekirkham/Documents/linkedin_learning/Ex_Files_Data_Engineering_Foundations/airflow_env/lib/python3.9/site-packages/airflow/example_dags/example_xcomargs.py
[2022-03-18 17:38:22,407] {processor.py:642} INFO - Processing file /Users/louisekirkham/Documents/linkedin_learning/Ex_Files_Data_Engineering_Foundations/airflow_env/lib/python3.9/site-packages/airflow/example_dags/example_xcomargs.py for tasks to queue
[2022-03-18 17:38:22,408] {logging_mixin.py:109} INFO - [2022-03-18 17:38:22,408] {dagbag.py:500} INFO - Filling up the DagBag from /Users/louisekirkham/Documents/linkedin_learning/Ex_Files_Data_Engineering_Foundations/airflow_env/lib/python3.9/site-packages/airflow/example_dags/example_xcomargs.py
[2022-03-18 17:38:22,448] {processor.py:654} INFO - DAG(s) dict_keys(['example_xcom_args', 'example_xcom_args_with_operators']) retrieved from /Users/louisekirkham/Documents/linkedin_learning/Ex_Files_Data_Engineering_Foundations/airflow_env/lib/python3.9/site-packages/airflow/example_dags/example_xcomargs.py
[2022-03-18 17:38:22,620] {logging_mixin.py:109} INFO - [2022-03-18 17:38:22,620] {dag.py:2398} INFO - Sync 2 DAGs
[2022-03-18 17:38:22,628] {logging_mixin.py:109} INFO - [2022-03-18 17:38:22,628] {dag.py:2937} INFO - Setting next_dagrun for example_xcom_args to None
[2022-03-18 17:38:22,628] {logging_mixin.py:109} INFO - [2022-03-18 17:38:22,628] {dag.py:2937} INFO - Setting next_dagrun for example_xcom_args_with_operators to None
[2022-03-18 17:38:22,636] {processor.py:171} INFO - Processing /Users/louisekirkham/Documents/linkedin_learning/Ex_Files_Data_Engineering_Foundations/airflow_env/lib/python3.9/site-packages/airflow/example_dags/example_xcomargs.py took 0.230 seconds
[2022-03-18 17:39:48,990] {processor.py:163} INFO - Started process (PID=48749) to work on /Users/louisekirkham/Documents/linkedin_learning/Ex_Files_Data_Engineering_Foundations/airflow_env/lib/python3.9/site-packages/airflow/example_dags/example_xcomargs.py
[2022-03-18 17:39:48,991] {processor.py:642} INFO - Processing file /Users/louisekirkham/Documents/linkedin_learning/Ex_Files_Data_Engineering_Foundations/airflow_env/lib/python3.9/site-packages/airflow/example_dags/example_xcomargs.py for tasks to queue
[2022-03-18 17:39:48,992] {logging_mixin.py:109} INFO - [2022-03-18 17:39:48,992] {dagbag.py:500} INFO - Filling up the DagBag from /Users/louisekirkham/Documents/linkedin_learning/Ex_Files_Data_Engineering_Foundations/airflow_env/lib/python3.9/site-packages/airflow/example_dags/example_xcomargs.py
[2022-03-18 17:39:49,041] {processor.py:654} INFO - DAG(s) dict_keys(['example_xcom_args', 'example_xcom_args_with_operators']) retrieved from /Users/louisekirkham/Documents/linkedin_learning/Ex_Files_Data_Engineering_Foundations/airflow_env/lib/python3.9/site-packages/airflow/example_dags/example_xcomargs.py
[2022-03-18 17:39:49,229] {logging_mixin.py:109} INFO - [2022-03-18 17:39:49,229] {dag.py:2398} INFO - Sync 2 DAGs
[2022-03-18 17:39:49,238] {logging_mixin.py:109} INFO - [2022-03-18 17:39:49,237] {dag.py:2937} INFO - Setting next_dagrun for example_xcom_args to None
[2022-03-18 17:39:49,238] {logging_mixin.py:109} INFO - [2022-03-18 17:39:49,238] {dag.py:2937} INFO - Setting next_dagrun for example_xcom_args_with_operators to None
[2022-03-18 17:39:49,246] {processor.py:171} INFO - Processing /Users/louisekirkham/Documents/linkedin_learning/Ex_Files_Data_Engineering_Foundations/airflow_env/lib/python3.9/site-packages/airflow/example_dags/example_xcomargs.py took 0.256 seconds
[2022-03-18 17:41:10,390] {processor.py:163} INFO - Started process (PID=48840) to work on /Users/louisekirkham/Documents/linkedin_learning/Ex_Files_Data_Engineering_Foundations/airflow_env/lib/python3.9/site-packages/airflow/example_dags/example_xcomargs.py
[2022-03-18 17:41:10,390] {processor.py:642} INFO - Processing file /Users/louisekirkham/Documents/linkedin_learning/Ex_Files_Data_Engineering_Foundations/airflow_env/lib/python3.9/site-packages/airflow/example_dags/example_xcomargs.py for tasks to queue
[2022-03-18 17:41:10,391] {logging_mixin.py:109} INFO - [2022-03-18 17:41:10,391] {dagbag.py:500} INFO - Filling up the DagBag from /Users/louisekirkham/Documents/linkedin_learning/Ex_Files_Data_Engineering_Foundations/airflow_env/lib/python3.9/site-packages/airflow/example_dags/example_xcomargs.py
[2022-03-18 17:41:10,429] {processor.py:654} INFO - DAG(s) dict_keys(['example_xcom_args', 'example_xcom_args_with_operators']) retrieved from /Users/louisekirkham/Documents/linkedin_learning/Ex_Files_Data_Engineering_Foundations/airflow_env/lib/python3.9/site-packages/airflow/example_dags/example_xcomargs.py
[2022-03-18 17:41:10,606] {logging_mixin.py:109} INFO - [2022-03-18 17:41:10,606] {dag.py:2398} INFO - Sync 2 DAGs
[2022-03-18 17:41:10,616] {logging_mixin.py:109} INFO - [2022-03-18 17:41:10,616] {dag.py:2937} INFO - Setting next_dagrun for example_xcom_args to None
[2022-03-18 17:41:10,616] {logging_mixin.py:109} INFO - [2022-03-18 17:41:10,616] {dag.py:2937} INFO - Setting next_dagrun for example_xcom_args_with_operators to None
[2022-03-18 17:41:10,624] {processor.py:171} INFO - Processing /Users/louisekirkham/Documents/linkedin_learning/Ex_Files_Data_Engineering_Foundations/airflow_env/lib/python3.9/site-packages/airflow/example_dags/example_xcomargs.py took 0.235 seconds
[2022-03-18 17:42:34,885] {processor.py:163} INFO - Started process (PID=48923) to work on /Users/louisekirkham/Documents/linkedin_learning/Ex_Files_Data_Engineering_Foundations/airflow_env/lib/python3.9/site-packages/airflow/example_dags/example_xcomargs.py
[2022-03-18 17:42:34,886] {processor.py:642} INFO - Processing file /Users/louisekirkham/Documents/linkedin_learning/Ex_Files_Data_Engineering_Foundations/airflow_env/lib/python3.9/site-packages/airflow/example_dags/example_xcomargs.py for tasks to queue
[2022-03-18 17:42:34,886] {logging_mixin.py:109} INFO - [2022-03-18 17:42:34,886] {dagbag.py:500} INFO - Filling up the DagBag from /Users/louisekirkham/Documents/linkedin_learning/Ex_Files_Data_Engineering_Foundations/airflow_env/lib/python3.9/site-packages/airflow/example_dags/example_xcomargs.py
[2022-03-18 17:42:34,929] {processor.py:654} INFO - DAG(s) dict_keys(['example_xcom_args', 'example_xcom_args_with_operators']) retrieved from /Users/louisekirkham/Documents/linkedin_learning/Ex_Files_Data_Engineering_Foundations/airflow_env/lib/python3.9/site-packages/airflow/example_dags/example_xcomargs.py
[2022-03-18 17:42:35,137] {logging_mixin.py:109} INFO - [2022-03-18 17:42:35,137] {dag.py:2398} INFO - Sync 2 DAGs
[2022-03-18 17:42:35,146] {logging_mixin.py:109} INFO - [2022-03-18 17:42:35,146] {dag.py:2937} INFO - Setting next_dagrun for example_xcom_args to None
[2022-03-18 17:42:35,146] {logging_mixin.py:109} INFO - [2022-03-18 17:42:35,146] {dag.py:2937} INFO - Setting next_dagrun for example_xcom_args_with_operators to None
[2022-03-18 17:42:35,155] {processor.py:171} INFO - Processing /Users/louisekirkham/Documents/linkedin_learning/Ex_Files_Data_Engineering_Foundations/airflow_env/lib/python3.9/site-packages/airflow/example_dags/example_xcomargs.py took 0.270 seconds
[2022-03-18 17:43:55,558] {processor.py:163} INFO - Started process (PID=48984) to work on /Users/louisekirkham/Documents/linkedin_learning/Ex_Files_Data_Engineering_Foundations/airflow_env/lib/python3.9/site-packages/airflow/example_dags/example_xcomargs.py
[2022-03-18 17:43:55,558] {processor.py:642} INFO - Processing file /Users/louisekirkham/Documents/linkedin_learning/Ex_Files_Data_Engineering_Foundations/airflow_env/lib/python3.9/site-packages/airflow/example_dags/example_xcomargs.py for tasks to queue
[2022-03-18 17:43:55,558] {logging_mixin.py:109} INFO - [2022-03-18 17:43:55,558] {dagbag.py:500} INFO - Filling up the DagBag from /Users/louisekirkham/Documents/linkedin_learning/Ex_Files_Data_Engineering_Foundations/airflow_env/lib/python3.9/site-packages/airflow/example_dags/example_xcomargs.py
[2022-03-18 17:43:55,598] {processor.py:654} INFO - DAG(s) dict_keys(['example_xcom_args', 'example_xcom_args_with_operators']) retrieved from /Users/louisekirkham/Documents/linkedin_learning/Ex_Files_Data_Engineering_Foundations/airflow_env/lib/python3.9/site-packages/airflow/example_dags/example_xcomargs.py
[2022-03-18 17:43:55,762] {logging_mixin.py:109} INFO - [2022-03-18 17:43:55,762] {dag.py:2398} INFO - Sync 2 DAGs
[2022-03-18 17:43:55,770] {logging_mixin.py:109} INFO - [2022-03-18 17:43:55,770] {dag.py:2937} INFO - Setting next_dagrun for example_xcom_args to None
[2022-03-18 17:43:55,771] {logging_mixin.py:109} INFO - [2022-03-18 17:43:55,771] {dag.py:2937} INFO - Setting next_dagrun for example_xcom_args_with_operators to None
[2022-03-18 17:43:55,777] {processor.py:171} INFO - Processing /Users/louisekirkham/Documents/linkedin_learning/Ex_Files_Data_Engineering_Foundations/airflow_env/lib/python3.9/site-packages/airflow/example_dags/example_xcomargs.py took 0.220 seconds
[2022-03-18 17:45:21,057] {processor.py:163} INFO - Started process (PID=49046) to work on /Users/louisekirkham/Documents/linkedin_learning/Ex_Files_Data_Engineering_Foundations/airflow_env/lib/python3.9/site-packages/airflow/example_dags/example_xcomargs.py
[2022-03-18 17:45:21,057] {processor.py:642} INFO - Processing file /Users/louisekirkham/Documents/linkedin_learning/Ex_Files_Data_Engineering_Foundations/airflow_env/lib/python3.9/site-packages/airflow/example_dags/example_xcomargs.py for tasks to queue
[2022-03-18 17:45:21,058] {logging_mixin.py:109} INFO - [2022-03-18 17:45:21,058] {dagbag.py:500} INFO - Filling up the DagBag from /Users/louisekirkham/Documents/linkedin_learning/Ex_Files_Data_Engineering_Foundations/airflow_env/lib/python3.9/site-packages/airflow/example_dags/example_xcomargs.py
[2022-03-18 17:45:21,103] {processor.py:654} INFO - DAG(s) dict_keys(['example_xcom_args', 'example_xcom_args_with_operators']) retrieved from /Users/louisekirkham/Documents/linkedin_learning/Ex_Files_Data_Engineering_Foundations/airflow_env/lib/python3.9/site-packages/airflow/example_dags/example_xcomargs.py
[2022-03-18 17:45:21,290] {logging_mixin.py:109} INFO - [2022-03-18 17:45:21,290] {dag.py:2398} INFO - Sync 2 DAGs
[2022-03-18 17:45:21,299] {logging_mixin.py:109} INFO - [2022-03-18 17:45:21,299] {dag.py:2937} INFO - Setting next_dagrun for example_xcom_args to None
[2022-03-18 17:45:21,299] {logging_mixin.py:109} INFO - [2022-03-18 17:45:21,299] {dag.py:2937} INFO - Setting next_dagrun for example_xcom_args_with_operators to None
[2022-03-18 17:45:21,307] {processor.py:171} INFO - Processing /Users/louisekirkham/Documents/linkedin_learning/Ex_Files_Data_Engineering_Foundations/airflow_env/lib/python3.9/site-packages/airflow/example_dags/example_xcomargs.py took 0.251 seconds
[2022-03-18 17:46:43,134] {processor.py:163} INFO - Started process (PID=49114) to work on /Users/louisekirkham/Documents/linkedin_learning/Ex_Files_Data_Engineering_Foundations/airflow_env/lib/python3.9/site-packages/airflow/example_dags/example_xcomargs.py
[2022-03-18 17:46:43,134] {processor.py:642} INFO - Processing file /Users/louisekirkham/Documents/linkedin_learning/Ex_Files_Data_Engineering_Foundations/airflow_env/lib/python3.9/site-packages/airflow/example_dags/example_xcomargs.py for tasks to queue
[2022-03-18 17:46:43,134] {logging_mixin.py:109} INFO - [2022-03-18 17:46:43,134] {dagbag.py:500} INFO - Filling up the DagBag from /Users/louisekirkham/Documents/linkedin_learning/Ex_Files_Data_Engineering_Foundations/airflow_env/lib/python3.9/site-packages/airflow/example_dags/example_xcomargs.py
[2022-03-18 17:46:43,182] {processor.py:654} INFO - DAG(s) dict_keys(['example_xcom_args', 'example_xcom_args_with_operators']) retrieved from /Users/louisekirkham/Documents/linkedin_learning/Ex_Files_Data_Engineering_Foundations/airflow_env/lib/python3.9/site-packages/airflow/example_dags/example_xcomargs.py
[2022-03-18 17:46:43,372] {logging_mixin.py:109} INFO - [2022-03-18 17:46:43,372] {dag.py:2398} INFO - Sync 2 DAGs
[2022-03-18 17:46:43,381] {logging_mixin.py:109} INFO - [2022-03-18 17:46:43,381] {dag.py:2937} INFO - Setting next_dagrun for example_xcom_args to None
[2022-03-18 17:46:43,381] {logging_mixin.py:109} INFO - [2022-03-18 17:46:43,381] {dag.py:2937} INFO - Setting next_dagrun for example_xcom_args_with_operators to None
[2022-03-18 17:46:43,388] {processor.py:171} INFO - Processing /Users/louisekirkham/Documents/linkedin_learning/Ex_Files_Data_Engineering_Foundations/airflow_env/lib/python3.9/site-packages/airflow/example_dags/example_xcomargs.py took 0.255 seconds
[2022-03-18 17:48:07,123] {processor.py:163} INFO - Started process (PID=49198) to work on /Users/louisekirkham/Documents/linkedin_learning/Ex_Files_Data_Engineering_Foundations/airflow_env/lib/python3.9/site-packages/airflow/example_dags/example_xcomargs.py
[2022-03-18 17:48:07,123] {processor.py:642} INFO - Processing file /Users/louisekirkham/Documents/linkedin_learning/Ex_Files_Data_Engineering_Foundations/airflow_env/lib/python3.9/site-packages/airflow/example_dags/example_xcomargs.py for tasks to queue
[2022-03-18 17:48:07,123] {logging_mixin.py:109} INFO - [2022-03-18 17:48:07,123] {dagbag.py:500} INFO - Filling up the DagBag from /Users/louisekirkham/Documents/linkedin_learning/Ex_Files_Data_Engineering_Foundations/airflow_env/lib/python3.9/site-packages/airflow/example_dags/example_xcomargs.py
[2022-03-18 17:48:07,170] {processor.py:654} INFO - DAG(s) dict_keys(['example_xcom_args', 'example_xcom_args_with_operators']) retrieved from /Users/louisekirkham/Documents/linkedin_learning/Ex_Files_Data_Engineering_Foundations/airflow_env/lib/python3.9/site-packages/airflow/example_dags/example_xcomargs.py
[2022-03-18 17:48:07,360] {logging_mixin.py:109} INFO - [2022-03-18 17:48:07,360] {dag.py:2398} INFO - Sync 2 DAGs
[2022-03-18 17:48:07,371] {logging_mixin.py:109} INFO - [2022-03-18 17:48:07,371] {dag.py:2937} INFO - Setting next_dagrun for example_xcom_args to None
[2022-03-18 17:48:07,371] {logging_mixin.py:109} INFO - [2022-03-18 17:48:07,371] {dag.py:2937} INFO - Setting next_dagrun for example_xcom_args_with_operators to None
[2022-03-18 17:48:07,378] {processor.py:171} INFO - Processing /Users/louisekirkham/Documents/linkedin_learning/Ex_Files_Data_Engineering_Foundations/airflow_env/lib/python3.9/site-packages/airflow/example_dags/example_xcomargs.py took 0.256 seconds
[2022-03-18 17:48:50,973] {processor.py:163} INFO - Started process (PID=50897) to work on /Users/louisekirkham/Documents/linkedin_learning/Ex_Files_Data_Engineering_Foundations/airflow_env/lib/python3.9/site-packages/airflow/example_dags/example_xcomargs.py
[2022-03-18 17:48:50,973] {processor.py:642} INFO - Processing file /Users/louisekirkham/Documents/linkedin_learning/Ex_Files_Data_Engineering_Foundations/airflow_env/lib/python3.9/site-packages/airflow/example_dags/example_xcomargs.py for tasks to queue
[2022-03-18 17:48:50,974] {logging_mixin.py:109} INFO - [2022-03-18 17:48:50,974] {dagbag.py:500} INFO - Filling up the DagBag from /Users/louisekirkham/Documents/linkedin_learning/Ex_Files_Data_Engineering_Foundations/airflow_env/lib/python3.9/site-packages/airflow/example_dags/example_xcomargs.py
[2022-03-18 17:48:51,012] {processor.py:654} INFO - DAG(s) dict_keys(['example_xcom_args', 'example_xcom_args_with_operators']) retrieved from /Users/louisekirkham/Documents/linkedin_learning/Ex_Files_Data_Engineering_Foundations/airflow_env/lib/python3.9/site-packages/airflow/example_dags/example_xcomargs.py
[2022-03-18 17:48:51,193] {logging_mixin.py:109} INFO - [2022-03-18 17:48:51,193] {dag.py:2398} INFO - Sync 2 DAGs
[2022-03-18 17:48:51,203] {logging_mixin.py:109} INFO - [2022-03-18 17:48:51,203] {dag.py:2937} INFO - Setting next_dagrun for example_xcom_args to None
[2022-03-18 17:48:51,203] {logging_mixin.py:109} INFO - [2022-03-18 17:48:51,203] {dag.py:2937} INFO - Setting next_dagrun for example_xcom_args_with_operators to None
[2022-03-18 17:48:51,211] {processor.py:171} INFO - Processing /Users/louisekirkham/Documents/linkedin_learning/Ex_Files_Data_Engineering_Foundations/airflow_env/lib/python3.9/site-packages/airflow/example_dags/example_xcomargs.py took 0.239 seconds
[2022-03-18 17:50:13,691] {processor.py:163} INFO - Started process (PID=50964) to work on /Users/louisekirkham/Documents/linkedin_learning/Ex_Files_Data_Engineering_Foundations/airflow_env/lib/python3.9/site-packages/airflow/example_dags/example_xcomargs.py
[2022-03-18 17:50:13,693] {processor.py:642} INFO - Processing file /Users/louisekirkham/Documents/linkedin_learning/Ex_Files_Data_Engineering_Foundations/airflow_env/lib/python3.9/site-packages/airflow/example_dags/example_xcomargs.py for tasks to queue
[2022-03-18 17:50:13,694] {logging_mixin.py:109} INFO - [2022-03-18 17:50:13,694] {dagbag.py:500} INFO - Filling up the DagBag from /Users/louisekirkham/Documents/linkedin_learning/Ex_Files_Data_Engineering_Foundations/airflow_env/lib/python3.9/site-packages/airflow/example_dags/example_xcomargs.py
[2022-03-18 17:50:13,733] {processor.py:654} INFO - DAG(s) dict_keys(['example_xcom_args', 'example_xcom_args_with_operators']) retrieved from /Users/louisekirkham/Documents/linkedin_learning/Ex_Files_Data_Engineering_Foundations/airflow_env/lib/python3.9/site-packages/airflow/example_dags/example_xcomargs.py
[2022-03-18 17:50:13,907] {logging_mixin.py:109} INFO - [2022-03-18 17:50:13,907] {dag.py:2398} INFO - Sync 2 DAGs
[2022-03-18 17:50:13,916] {logging_mixin.py:109} INFO - [2022-03-18 17:50:13,916] {dag.py:2937} INFO - Setting next_dagrun for example_xcom_args to None
[2022-03-18 17:50:13,916] {logging_mixin.py:109} INFO - [2022-03-18 17:50:13,916] {dag.py:2937} INFO - Setting next_dagrun for example_xcom_args_with_operators to None
[2022-03-18 17:50:13,925] {processor.py:171} INFO - Processing /Users/louisekirkham/Documents/linkedin_learning/Ex_Files_Data_Engineering_Foundations/airflow_env/lib/python3.9/site-packages/airflow/example_dags/example_xcomargs.py took 0.234 seconds
[2022-03-18 17:50:58,255] {processor.py:163} INFO - Started process (PID=51022) to work on /Users/louisekirkham/Documents/linkedin_learning/Ex_Files_Data_Engineering_Foundations/airflow_env/lib/python3.9/site-packages/airflow/example_dags/example_xcomargs.py
[2022-03-18 17:50:58,256] {processor.py:642} INFO - Processing file /Users/louisekirkham/Documents/linkedin_learning/Ex_Files_Data_Engineering_Foundations/airflow_env/lib/python3.9/site-packages/airflow/example_dags/example_xcomargs.py for tasks to queue
[2022-03-18 17:50:58,256] {logging_mixin.py:109} INFO - [2022-03-18 17:50:58,256] {dagbag.py:500} INFO - Filling up the DagBag from /Users/louisekirkham/Documents/linkedin_learning/Ex_Files_Data_Engineering_Foundations/airflow_env/lib/python3.9/site-packages/airflow/example_dags/example_xcomargs.py
[2022-03-18 17:50:58,298] {processor.py:654} INFO - DAG(s) dict_keys(['example_xcom_args', 'example_xcom_args_with_operators']) retrieved from /Users/louisekirkham/Documents/linkedin_learning/Ex_Files_Data_Engineering_Foundations/airflow_env/lib/python3.9/site-packages/airflow/example_dags/example_xcomargs.py
[2022-03-18 17:50:58,531] {logging_mixin.py:109} INFO - [2022-03-18 17:50:58,531] {dag.py:2398} INFO - Sync 2 DAGs
[2022-03-18 17:50:58,540] {logging_mixin.py:109} INFO - [2022-03-18 17:50:58,540] {dag.py:2937} INFO - Setting next_dagrun for example_xcom_args to None
[2022-03-18 17:50:58,540] {logging_mixin.py:109} INFO - [2022-03-18 17:50:58,540] {dag.py:2937} INFO - Setting next_dagrun for example_xcom_args_with_operators to None
[2022-03-18 17:50:58,550] {processor.py:171} INFO - Processing /Users/louisekirkham/Documents/linkedin_learning/Ex_Files_Data_Engineering_Foundations/airflow_env/lib/python3.9/site-packages/airflow/example_dags/example_xcomargs.py took 0.295 seconds
[2022-03-18 17:52:22,639] {processor.py:163} INFO - Started process (PID=51090) to work on /Users/louisekirkham/Documents/linkedin_learning/Ex_Files_Data_Engineering_Foundations/airflow_env/lib/python3.9/site-packages/airflow/example_dags/example_xcomargs.py
[2022-03-18 17:52:22,640] {processor.py:642} INFO - Processing file /Users/louisekirkham/Documents/linkedin_learning/Ex_Files_Data_Engineering_Foundations/airflow_env/lib/python3.9/site-packages/airflow/example_dags/example_xcomargs.py for tasks to queue
[2022-03-18 17:52:22,640] {logging_mixin.py:109} INFO - [2022-03-18 17:52:22,640] {dagbag.py:500} INFO - Filling up the DagBag from /Users/louisekirkham/Documents/linkedin_learning/Ex_Files_Data_Engineering_Foundations/airflow_env/lib/python3.9/site-packages/airflow/example_dags/example_xcomargs.py
[2022-03-18 17:52:22,683] {processor.py:654} INFO - DAG(s) dict_keys(['example_xcom_args', 'example_xcom_args_with_operators']) retrieved from /Users/louisekirkham/Documents/linkedin_learning/Ex_Files_Data_Engineering_Foundations/airflow_env/lib/python3.9/site-packages/airflow/example_dags/example_xcomargs.py
[2022-03-18 17:52:22,865] {logging_mixin.py:109} INFO - [2022-03-18 17:52:22,865] {dag.py:2398} INFO - Sync 2 DAGs
[2022-03-18 17:52:22,873] {logging_mixin.py:109} INFO - [2022-03-18 17:52:22,873] {dag.py:2937} INFO - Setting next_dagrun for example_xcom_args to None
[2022-03-18 17:52:22,873] {logging_mixin.py:109} INFO - [2022-03-18 17:52:22,873] {dag.py:2937} INFO - Setting next_dagrun for example_xcom_args_with_operators to None
[2022-03-18 17:52:22,880] {processor.py:171} INFO - Processing /Users/louisekirkham/Documents/linkedin_learning/Ex_Files_Data_Engineering_Foundations/airflow_env/lib/python3.9/site-packages/airflow/example_dags/example_xcomargs.py took 0.241 seconds
[2022-03-18 17:53:44,192] {processor.py:163} INFO - Started process (PID=51153) to work on /Users/louisekirkham/Documents/linkedin_learning/Ex_Files_Data_Engineering_Foundations/airflow_env/lib/python3.9/site-packages/airflow/example_dags/example_xcomargs.py
[2022-03-18 17:53:44,193] {processor.py:642} INFO - Processing file /Users/louisekirkham/Documents/linkedin_learning/Ex_Files_Data_Engineering_Foundations/airflow_env/lib/python3.9/site-packages/airflow/example_dags/example_xcomargs.py for tasks to queue
[2022-03-18 17:53:44,194] {logging_mixin.py:109} INFO - [2022-03-18 17:53:44,194] {dagbag.py:500} INFO - Filling up the DagBag from /Users/louisekirkham/Documents/linkedin_learning/Ex_Files_Data_Engineering_Foundations/airflow_env/lib/python3.9/site-packages/airflow/example_dags/example_xcomargs.py
[2022-03-18 17:53:44,233] {processor.py:654} INFO - DAG(s) dict_keys(['example_xcom_args', 'example_xcom_args_with_operators']) retrieved from /Users/louisekirkham/Documents/linkedin_learning/Ex_Files_Data_Engineering_Foundations/airflow_env/lib/python3.9/site-packages/airflow/example_dags/example_xcomargs.py
[2022-03-18 17:53:44,407] {logging_mixin.py:109} INFO - [2022-03-18 17:53:44,407] {dag.py:2398} INFO - Sync 2 DAGs
[2022-03-18 17:53:44,415] {logging_mixin.py:109} INFO - [2022-03-18 17:53:44,415] {dag.py:2937} INFO - Setting next_dagrun for example_xcom_args to None
[2022-03-18 17:53:44,415] {logging_mixin.py:109} INFO - [2022-03-18 17:53:44,415] {dag.py:2937} INFO - Setting next_dagrun for example_xcom_args_with_operators to None
[2022-03-18 17:53:44,422] {processor.py:171} INFO - Processing /Users/louisekirkham/Documents/linkedin_learning/Ex_Files_Data_Engineering_Foundations/airflow_env/lib/python3.9/site-packages/airflow/example_dags/example_xcomargs.py took 0.231 seconds
[2022-03-18 17:55:06,715] {processor.py:163} INFO - Started process (PID=51222) to work on /Users/louisekirkham/Documents/linkedin_learning/Ex_Files_Data_Engineering_Foundations/airflow_env/lib/python3.9/site-packages/airflow/example_dags/example_xcomargs.py
[2022-03-18 17:55:06,716] {processor.py:642} INFO - Processing file /Users/louisekirkham/Documents/linkedin_learning/Ex_Files_Data_Engineering_Foundations/airflow_env/lib/python3.9/site-packages/airflow/example_dags/example_xcomargs.py for tasks to queue
[2022-03-18 17:55:06,717] {logging_mixin.py:109} INFO - [2022-03-18 17:55:06,717] {dagbag.py:500} INFO - Filling up the DagBag from /Users/louisekirkham/Documents/linkedin_learning/Ex_Files_Data_Engineering_Foundations/airflow_env/lib/python3.9/site-packages/airflow/example_dags/example_xcomargs.py
[2022-03-18 17:55:06,753] {processor.py:654} INFO - DAG(s) dict_keys(['example_xcom_args', 'example_xcom_args_with_operators']) retrieved from /Users/louisekirkham/Documents/linkedin_learning/Ex_Files_Data_Engineering_Foundations/airflow_env/lib/python3.9/site-packages/airflow/example_dags/example_xcomargs.py
[2022-03-18 17:55:06,911] {logging_mixin.py:109} INFO - [2022-03-18 17:55:06,911] {dag.py:2398} INFO - Sync 2 DAGs
[2022-03-18 17:55:06,919] {logging_mixin.py:109} INFO - [2022-03-18 17:55:06,919] {dag.py:2937} INFO - Setting next_dagrun for example_xcom_args to None
[2022-03-18 17:55:06,919] {logging_mixin.py:109} INFO - [2022-03-18 17:55:06,919] {dag.py:2937} INFO - Setting next_dagrun for example_xcom_args_with_operators to None
[2022-03-18 17:55:06,926] {processor.py:171} INFO - Processing /Users/louisekirkham/Documents/linkedin_learning/Ex_Files_Data_Engineering_Foundations/airflow_env/lib/python3.9/site-packages/airflow/example_dags/example_xcomargs.py took 0.211 seconds
[2022-03-18 17:56:32,996] {processor.py:163} INFO - Started process (PID=51288) to work on /Users/louisekirkham/Documents/linkedin_learning/Ex_Files_Data_Engineering_Foundations/airflow_env/lib/python3.9/site-packages/airflow/example_dags/example_xcomargs.py
[2022-03-18 17:56:32,998] {processor.py:642} INFO - Processing file /Users/louisekirkham/Documents/linkedin_learning/Ex_Files_Data_Engineering_Foundations/airflow_env/lib/python3.9/site-packages/airflow/example_dags/example_xcomargs.py for tasks to queue
[2022-03-18 17:56:32,998] {logging_mixin.py:109} INFO - [2022-03-18 17:56:32,998] {dagbag.py:500} INFO - Filling up the DagBag from /Users/louisekirkham/Documents/linkedin_learning/Ex_Files_Data_Engineering_Foundations/airflow_env/lib/python3.9/site-packages/airflow/example_dags/example_xcomargs.py
[2022-03-18 17:56:33,046] {processor.py:654} INFO - DAG(s) dict_keys(['example_xcom_args', 'example_xcom_args_with_operators']) retrieved from /Users/louisekirkham/Documents/linkedin_learning/Ex_Files_Data_Engineering_Foundations/airflow_env/lib/python3.9/site-packages/airflow/example_dags/example_xcomargs.py
[2022-03-18 17:56:33,260] {logging_mixin.py:109} INFO - [2022-03-18 17:56:33,260] {dag.py:2398} INFO - Sync 2 DAGs
[2022-03-18 17:56:33,271] {logging_mixin.py:109} INFO - [2022-03-18 17:56:33,271] {dag.py:2937} INFO - Setting next_dagrun for example_xcom_args to None
[2022-03-18 17:56:33,271] {logging_mixin.py:109} INFO - [2022-03-18 17:56:33,271] {dag.py:2937} INFO - Setting next_dagrun for example_xcom_args_with_operators to None
[2022-03-18 17:56:33,279] {processor.py:171} INFO - Processing /Users/louisekirkham/Documents/linkedin_learning/Ex_Files_Data_Engineering_Foundations/airflow_env/lib/python3.9/site-packages/airflow/example_dags/example_xcomargs.py took 0.284 seconds
[2022-03-18 17:58:01,615] {processor.py:163} INFO - Started process (PID=51380) to work on /Users/louisekirkham/Documents/linkedin_learning/Ex_Files_Data_Engineering_Foundations/airflow_env/lib/python3.9/site-packages/airflow/example_dags/example_xcomargs.py
[2022-03-18 17:58:01,617] {processor.py:642} INFO - Processing file /Users/louisekirkham/Documents/linkedin_learning/Ex_Files_Data_Engineering_Foundations/airflow_env/lib/python3.9/site-packages/airflow/example_dags/example_xcomargs.py for tasks to queue
[2022-03-18 17:58:01,617] {logging_mixin.py:109} INFO - [2022-03-18 17:58:01,617] {dagbag.py:500} INFO - Filling up the DagBag from /Users/louisekirkham/Documents/linkedin_learning/Ex_Files_Data_Engineering_Foundations/airflow_env/lib/python3.9/site-packages/airflow/example_dags/example_xcomargs.py
[2022-03-18 17:58:01,658] {processor.py:654} INFO - DAG(s) dict_keys(['example_xcom_args', 'example_xcom_args_with_operators']) retrieved from /Users/louisekirkham/Documents/linkedin_learning/Ex_Files_Data_Engineering_Foundations/airflow_env/lib/python3.9/site-packages/airflow/example_dags/example_xcomargs.py
[2022-03-18 17:58:01,831] {logging_mixin.py:109} INFO - [2022-03-18 17:58:01,830] {dag.py:2398} INFO - Sync 2 DAGs
[2022-03-18 17:58:01,839] {logging_mixin.py:109} INFO - [2022-03-18 17:58:01,839] {dag.py:2937} INFO - Setting next_dagrun for example_xcom_args to None
[2022-03-18 17:58:01,839] {logging_mixin.py:109} INFO - [2022-03-18 17:58:01,839] {dag.py:2937} INFO - Setting next_dagrun for example_xcom_args_with_operators to None
[2022-03-18 17:58:01,847] {processor.py:171} INFO - Processing /Users/louisekirkham/Documents/linkedin_learning/Ex_Files_Data_Engineering_Foundations/airflow_env/lib/python3.9/site-packages/airflow/example_dags/example_xcomargs.py took 0.233 seconds
[2022-03-18 17:59:32,976] {processor.py:163} INFO - Started process (PID=51515) to work on /Users/louisekirkham/Documents/linkedin_learning/Ex_Files_Data_Engineering_Foundations/airflow_env/lib/python3.9/site-packages/airflow/example_dags/example_xcomargs.py
[2022-03-18 17:59:32,976] {processor.py:642} INFO - Processing file /Users/louisekirkham/Documents/linkedin_learning/Ex_Files_Data_Engineering_Foundations/airflow_env/lib/python3.9/site-packages/airflow/example_dags/example_xcomargs.py for tasks to queue
[2022-03-18 17:59:32,976] {logging_mixin.py:109} INFO - [2022-03-18 17:59:32,976] {dagbag.py:500} INFO - Filling up the DagBag from /Users/louisekirkham/Documents/linkedin_learning/Ex_Files_Data_Engineering_Foundations/airflow_env/lib/python3.9/site-packages/airflow/example_dags/example_xcomargs.py
[2022-03-18 17:59:33,028] {processor.py:654} INFO - DAG(s) dict_keys(['example_xcom_args', 'example_xcom_args_with_operators']) retrieved from /Users/louisekirkham/Documents/linkedin_learning/Ex_Files_Data_Engineering_Foundations/airflow_env/lib/python3.9/site-packages/airflow/example_dags/example_xcomargs.py
[2022-03-18 17:59:33,308] {logging_mixin.py:109} INFO - [2022-03-18 17:59:33,308] {dag.py:2398} INFO - Sync 2 DAGs
[2022-03-18 17:59:33,322] {logging_mixin.py:109} INFO - [2022-03-18 17:59:33,322] {dag.py:2937} INFO - Setting next_dagrun for example_xcom_args to None
[2022-03-18 17:59:33,323] {logging_mixin.py:109} INFO - [2022-03-18 17:59:33,323] {dag.py:2937} INFO - Setting next_dagrun for example_xcom_args_with_operators to None
[2022-03-18 17:59:33,346] {processor.py:171} INFO - Processing /Users/louisekirkham/Documents/linkedin_learning/Ex_Files_Data_Engineering_Foundations/airflow_env/lib/python3.9/site-packages/airflow/example_dags/example_xcomargs.py took 0.372 seconds
[2022-03-18 21:01:27,751] {processor.py:163} INFO - Started process (PID=51621) to work on /Users/louisekirkham/Documents/linkedin_learning/Ex_Files_Data_Engineering_Foundations/airflow_env/lib/python3.9/site-packages/airflow/example_dags/example_xcomargs.py
[2022-03-18 21:01:27,751] {processor.py:642} INFO - Processing file /Users/louisekirkham/Documents/linkedin_learning/Ex_Files_Data_Engineering_Foundations/airflow_env/lib/python3.9/site-packages/airflow/example_dags/example_xcomargs.py for tasks to queue
[2022-03-18 21:01:27,752] {logging_mixin.py:109} INFO - [2022-03-18 21:01:27,752] {dagbag.py:500} INFO - Filling up the DagBag from /Users/louisekirkham/Documents/linkedin_learning/Ex_Files_Data_Engineering_Foundations/airflow_env/lib/python3.9/site-packages/airflow/example_dags/example_xcomargs.py
[2022-03-18 21:01:27,796] {processor.py:654} INFO - DAG(s) dict_keys(['example_xcom_args', 'example_xcom_args_with_operators']) retrieved from /Users/louisekirkham/Documents/linkedin_learning/Ex_Files_Data_Engineering_Foundations/airflow_env/lib/python3.9/site-packages/airflow/example_dags/example_xcomargs.py
[2022-03-18 21:01:27,999] {logging_mixin.py:109} INFO - [2022-03-18 21:01:27,999] {dag.py:2398} INFO - Sync 2 DAGs
[2022-03-18 21:01:28,007] {logging_mixin.py:109} INFO - [2022-03-18 21:01:28,007] {dag.py:2937} INFO - Setting next_dagrun for example_xcom_args to None
[2022-03-18 21:01:28,007] {logging_mixin.py:109} INFO - [2022-03-18 21:01:28,007] {dag.py:2937} INFO - Setting next_dagrun for example_xcom_args_with_operators to None
[2022-03-18 21:01:28,015] {processor.py:171} INFO - Processing /Users/louisekirkham/Documents/linkedin_learning/Ex_Files_Data_Engineering_Foundations/airflow_env/lib/python3.9/site-packages/airflow/example_dags/example_xcomargs.py took 0.265 seconds
