[2022-03-18 10:37:11,373] {processor.py:163} INFO - Started process (PID=46391) to work on /Users/louisekirkham/Documents/linkedin_learning/Ex_Files_Data_Engineering_Foundations/airflow_env/lib/python3.9/site-packages/airflow/example_dags/example_sla_dag.py
[2022-03-18 10:37:11,379] {processor.py:642} INFO - Processing file /Users/louisekirkham/Documents/linkedin_learning/Ex_Files_Data_Engineering_Foundations/airflow_env/lib/python3.9/site-packages/airflow/example_dags/example_sla_dag.py for tasks to queue
[2022-03-18 10:37:11,380] {logging_mixin.py:109} INFO - [2022-03-18 10:37:11,380] {dagbag.py:500} INFO - Filling up the DagBag from /Users/louisekirkham/Documents/linkedin_learning/Ex_Files_Data_Engineering_Foundations/airflow_env/lib/python3.9/site-packages/airflow/example_dags/example_sla_dag.py
[2022-03-18 10:37:11,442] {processor.py:654} INFO - DAG(s) dict_keys(['example_sla_dag']) retrieved from /Users/louisekirkham/Documents/linkedin_learning/Ex_Files_Data_Engineering_Foundations/airflow_env/lib/python3.9/site-packages/airflow/example_dags/example_sla_dag.py
[2022-03-18 10:37:11,461] {logging_mixin.py:109} INFO - [2022-03-18 10:37:11,461] {dag.py:2398} INFO - Sync 1 DAGs
[2022-03-18 10:37:11,477] {logging_mixin.py:109} INFO - [2022-03-18 10:37:11,477] {dag.py:2937} INFO - Setting next_dagrun for example_sla_dag to 2022-03-18T10:34:00+00:00
[2022-03-18 10:37:11,484] {processor.py:171} INFO - Processing /Users/louisekirkham/Documents/linkedin_learning/Ex_Files_Data_Engineering_Foundations/airflow_env/lib/python3.9/site-packages/airflow/example_dags/example_sla_dag.py took 0.113 seconds
[2022-03-18 10:38:18,627] {processor.py:163} INFO - Started process (PID=46477) to work on /Users/louisekirkham/Documents/linkedin_learning/Ex_Files_Data_Engineering_Foundations/airflow_env/lib/python3.9/site-packages/airflow/example_dags/example_sla_dag.py
[2022-03-18 10:38:18,627] {processor.py:642} INFO - Processing file /Users/louisekirkham/Documents/linkedin_learning/Ex_Files_Data_Engineering_Foundations/airflow_env/lib/python3.9/site-packages/airflow/example_dags/example_sla_dag.py for tasks to queue
[2022-03-18 10:38:18,627] {logging_mixin.py:109} INFO - [2022-03-18 10:38:18,627] {dagbag.py:500} INFO - Filling up the DagBag from /Users/louisekirkham/Documents/linkedin_learning/Ex_Files_Data_Engineering_Foundations/airflow_env/lib/python3.9/site-packages/airflow/example_dags/example_sla_dag.py
[2022-03-18 10:38:18,664] {processor.py:654} INFO - DAG(s) dict_keys(['example_sla_dag']) retrieved from /Users/louisekirkham/Documents/linkedin_learning/Ex_Files_Data_Engineering_Foundations/airflow_env/lib/python3.9/site-packages/airflow/example_dags/example_sla_dag.py
[2022-03-18 10:38:18,677] {logging_mixin.py:109} INFO - [2022-03-18 10:38:18,677] {dag.py:2398} INFO - Sync 1 DAGs
[2022-03-18 10:38:18,686] {logging_mixin.py:109} INFO - [2022-03-18 10:38:18,686] {dag.py:2937} INFO - Setting next_dagrun for example_sla_dag to 2022-03-18T10:36:00+00:00
[2022-03-18 10:38:18,693] {processor.py:171} INFO - Processing /Users/louisekirkham/Documents/linkedin_learning/Ex_Files_Data_Engineering_Foundations/airflow_env/lib/python3.9/site-packages/airflow/example_dags/example_sla_dag.py took 0.067 seconds
[2022-03-18 10:39:42,211] {processor.py:163} INFO - Started process (PID=46548) to work on /Users/louisekirkham/Documents/linkedin_learning/Ex_Files_Data_Engineering_Foundations/airflow_env/lib/python3.9/site-packages/airflow/example_dags/example_sla_dag.py
[2022-03-18 10:39:42,211] {processor.py:642} INFO - Processing file /Users/louisekirkham/Documents/linkedin_learning/Ex_Files_Data_Engineering_Foundations/airflow_env/lib/python3.9/site-packages/airflow/example_dags/example_sla_dag.py for tasks to queue
[2022-03-18 10:39:42,212] {logging_mixin.py:109} INFO - [2022-03-18 10:39:42,212] {dagbag.py:500} INFO - Filling up the DagBag from /Users/louisekirkham/Documents/linkedin_learning/Ex_Files_Data_Engineering_Foundations/airflow_env/lib/python3.9/site-packages/airflow/example_dags/example_sla_dag.py
[2022-03-18 10:39:42,250] {processor.py:654} INFO - DAG(s) dict_keys(['example_sla_dag']) retrieved from /Users/louisekirkham/Documents/linkedin_learning/Ex_Files_Data_Engineering_Foundations/airflow_env/lib/python3.9/site-packages/airflow/example_dags/example_sla_dag.py
[2022-03-18 10:39:42,263] {logging_mixin.py:109} INFO - [2022-03-18 10:39:42,263] {dag.py:2398} INFO - Sync 1 DAGs
[2022-03-18 10:39:42,273] {logging_mixin.py:109} INFO - [2022-03-18 10:39:42,273] {dag.py:2937} INFO - Setting next_dagrun for example_sla_dag to 2022-03-18T10:36:00+00:00
[2022-03-18 10:39:42,279] {processor.py:171} INFO - Processing /Users/louisekirkham/Documents/linkedin_learning/Ex_Files_Data_Engineering_Foundations/airflow_env/lib/python3.9/site-packages/airflow/example_dags/example_sla_dag.py took 0.069 seconds
[2022-03-18 17:06:35,285] {processor.py:163} INFO - Started process (PID=46749) to work on /Users/louisekirkham/Documents/linkedin_learning/Ex_Files_Data_Engineering_Foundations/airflow_env/lib/python3.9/site-packages/airflow/example_dags/example_sla_dag.py
[2022-03-18 17:06:35,286] {processor.py:642} INFO - Processing file /Users/louisekirkham/Documents/linkedin_learning/Ex_Files_Data_Engineering_Foundations/airflow_env/lib/python3.9/site-packages/airflow/example_dags/example_sla_dag.py for tasks to queue
[2022-03-18 17:06:35,286] {logging_mixin.py:109} INFO - [2022-03-18 17:06:35,286] {dagbag.py:500} INFO - Filling up the DagBag from /Users/louisekirkham/Documents/linkedin_learning/Ex_Files_Data_Engineering_Foundations/airflow_env/lib/python3.9/site-packages/airflow/example_dags/example_sla_dag.py
[2022-03-18 17:06:35,336] {processor.py:654} INFO - DAG(s) dict_keys(['example_sla_dag']) retrieved from /Users/louisekirkham/Documents/linkedin_learning/Ex_Files_Data_Engineering_Foundations/airflow_env/lib/python3.9/site-packages/airflow/example_dags/example_sla_dag.py
[2022-03-18 17:06:35,355] {logging_mixin.py:109} INFO - [2022-03-18 17:06:35,354] {dag.py:2398} INFO - Sync 1 DAGs
[2022-03-18 17:06:35,374] {logging_mixin.py:109} INFO - [2022-03-18 17:06:35,374] {dag.py:2937} INFO - Setting next_dagrun for example_sla_dag to 2022-03-18T17:04:00+00:00
[2022-03-18 17:06:35,384] {processor.py:171} INFO - Processing /Users/louisekirkham/Documents/linkedin_learning/Ex_Files_Data_Engineering_Foundations/airflow_env/lib/python3.9/site-packages/airflow/example_dags/example_sla_dag.py took 0.100 seconds
[2022-03-18 17:08:00,831] {processor.py:163} INFO - Started process (PID=46823) to work on /Users/louisekirkham/Documents/linkedin_learning/Ex_Files_Data_Engineering_Foundations/airflow_env/lib/python3.9/site-packages/airflow/example_dags/example_sla_dag.py
[2022-03-18 17:08:00,831] {processor.py:642} INFO - Processing file /Users/louisekirkham/Documents/linkedin_learning/Ex_Files_Data_Engineering_Foundations/airflow_env/lib/python3.9/site-packages/airflow/example_dags/example_sla_dag.py for tasks to queue
[2022-03-18 17:08:00,832] {logging_mixin.py:109} INFO - [2022-03-18 17:08:00,831] {dagbag.py:500} INFO - Filling up the DagBag from /Users/louisekirkham/Documents/linkedin_learning/Ex_Files_Data_Engineering_Foundations/airflow_env/lib/python3.9/site-packages/airflow/example_dags/example_sla_dag.py
[2022-03-18 17:08:00,875] {processor.py:654} INFO - DAG(s) dict_keys(['example_sla_dag']) retrieved from /Users/louisekirkham/Documents/linkedin_learning/Ex_Files_Data_Engineering_Foundations/airflow_env/lib/python3.9/site-packages/airflow/example_dags/example_sla_dag.py
[2022-03-18 17:08:00,892] {logging_mixin.py:109} INFO - [2022-03-18 17:08:00,891] {dag.py:2398} INFO - Sync 1 DAGs
[2022-03-18 17:08:00,906] {logging_mixin.py:109} INFO - [2022-03-18 17:08:00,906] {dag.py:2937} INFO - Setting next_dagrun for example_sla_dag to 2022-03-18T17:06:00+00:00
[2022-03-18 17:08:00,912] {processor.py:171} INFO - Processing /Users/louisekirkham/Documents/linkedin_learning/Ex_Files_Data_Engineering_Foundations/airflow_env/lib/python3.9/site-packages/airflow/example_dags/example_sla_dag.py took 0.082 seconds
[2022-03-18 17:09:30,370] {processor.py:163} INFO - Started process (PID=46898) to work on /Users/louisekirkham/Documents/linkedin_learning/Ex_Files_Data_Engineering_Foundations/airflow_env/lib/python3.9/site-packages/airflow/example_dags/example_sla_dag.py
[2022-03-18 17:09:30,372] {processor.py:642} INFO - Processing file /Users/louisekirkham/Documents/linkedin_learning/Ex_Files_Data_Engineering_Foundations/airflow_env/lib/python3.9/site-packages/airflow/example_dags/example_sla_dag.py for tasks to queue
[2022-03-18 17:09:30,372] {logging_mixin.py:109} INFO - [2022-03-18 17:09:30,372] {dagbag.py:500} INFO - Filling up the DagBag from /Users/louisekirkham/Documents/linkedin_learning/Ex_Files_Data_Engineering_Foundations/airflow_env/lib/python3.9/site-packages/airflow/example_dags/example_sla_dag.py
[2022-03-18 17:09:30,413] {processor.py:654} INFO - DAG(s) dict_keys(['example_sla_dag']) retrieved from /Users/louisekirkham/Documents/linkedin_learning/Ex_Files_Data_Engineering_Foundations/airflow_env/lib/python3.9/site-packages/airflow/example_dags/example_sla_dag.py
[2022-03-18 17:09:30,426] {logging_mixin.py:109} INFO - [2022-03-18 17:09:30,426] {dag.py:2398} INFO - Sync 1 DAGs
[2022-03-18 17:09:30,438] {logging_mixin.py:109} INFO - [2022-03-18 17:09:30,438] {dag.py:2937} INFO - Setting next_dagrun for example_sla_dag to 2022-03-18T17:06:00+00:00
[2022-03-18 17:09:30,444] {processor.py:171} INFO - Processing /Users/louisekirkham/Documents/linkedin_learning/Ex_Files_Data_Engineering_Foundations/airflow_env/lib/python3.9/site-packages/airflow/example_dags/example_sla_dag.py took 0.074 seconds
[2022-03-18 17:11:09,183] {processor.py:163} INFO - Started process (PID=46982) to work on /Users/louisekirkham/Documents/linkedin_learning/Ex_Files_Data_Engineering_Foundations/airflow_env/lib/python3.9/site-packages/airflow/example_dags/example_sla_dag.py
[2022-03-18 17:11:09,184] {processor.py:642} INFO - Processing file /Users/louisekirkham/Documents/linkedin_learning/Ex_Files_Data_Engineering_Foundations/airflow_env/lib/python3.9/site-packages/airflow/example_dags/example_sla_dag.py for tasks to queue
[2022-03-18 17:11:09,184] {logging_mixin.py:109} INFO - [2022-03-18 17:11:09,184] {dagbag.py:500} INFO - Filling up the DagBag from /Users/louisekirkham/Documents/linkedin_learning/Ex_Files_Data_Engineering_Foundations/airflow_env/lib/python3.9/site-packages/airflow/example_dags/example_sla_dag.py
[2022-03-18 17:11:09,227] {processor.py:654} INFO - DAG(s) dict_keys(['example_sla_dag']) retrieved from /Users/louisekirkham/Documents/linkedin_learning/Ex_Files_Data_Engineering_Foundations/airflow_env/lib/python3.9/site-packages/airflow/example_dags/example_sla_dag.py
[2022-03-18 17:11:09,243] {logging_mixin.py:109} INFO - [2022-03-18 17:11:09,243] {dag.py:2398} INFO - Sync 1 DAGs
[2022-03-18 17:11:09,254] {logging_mixin.py:109} INFO - [2022-03-18 17:11:09,254] {dag.py:2937} INFO - Setting next_dagrun for example_sla_dag to 2022-03-18T17:08:00+00:00
[2022-03-18 17:11:09,262] {processor.py:171} INFO - Processing /Users/louisekirkham/Documents/linkedin_learning/Ex_Files_Data_Engineering_Foundations/airflow_env/lib/python3.9/site-packages/airflow/example_dags/example_sla_dag.py took 0.080 seconds
[2022-03-18 17:12:33,918] {processor.py:163} INFO - Started process (PID=47048) to work on /Users/louisekirkham/Documents/linkedin_learning/Ex_Files_Data_Engineering_Foundations/airflow_env/lib/python3.9/site-packages/airflow/example_dags/example_sla_dag.py
[2022-03-18 17:12:33,919] {processor.py:642} INFO - Processing file /Users/louisekirkham/Documents/linkedin_learning/Ex_Files_Data_Engineering_Foundations/airflow_env/lib/python3.9/site-packages/airflow/example_dags/example_sla_dag.py for tasks to queue
[2022-03-18 17:12:33,919] {logging_mixin.py:109} INFO - [2022-03-18 17:12:33,919] {dagbag.py:500} INFO - Filling up the DagBag from /Users/louisekirkham/Documents/linkedin_learning/Ex_Files_Data_Engineering_Foundations/airflow_env/lib/python3.9/site-packages/airflow/example_dags/example_sla_dag.py
[2022-03-18 17:12:33,958] {processor.py:654} INFO - DAG(s) dict_keys(['example_sla_dag']) retrieved from /Users/louisekirkham/Documents/linkedin_learning/Ex_Files_Data_Engineering_Foundations/airflow_env/lib/python3.9/site-packages/airflow/example_dags/example_sla_dag.py
[2022-03-18 17:12:33,971] {logging_mixin.py:109} INFO - [2022-03-18 17:12:33,971] {dag.py:2398} INFO - Sync 1 DAGs
[2022-03-18 17:12:33,981] {logging_mixin.py:109} INFO - [2022-03-18 17:12:33,981] {dag.py:2937} INFO - Setting next_dagrun for example_sla_dag to 2022-03-18T17:10:00+00:00
[2022-03-18 17:12:33,987] {processor.py:171} INFO - Processing /Users/louisekirkham/Documents/linkedin_learning/Ex_Files_Data_Engineering_Foundations/airflow_env/lib/python3.9/site-packages/airflow/example_dags/example_sla_dag.py took 0.070 seconds
[2022-03-18 17:13:58,080] {processor.py:163} INFO - Started process (PID=47109) to work on /Users/louisekirkham/Documents/linkedin_learning/Ex_Files_Data_Engineering_Foundations/airflow_env/lib/python3.9/site-packages/airflow/example_dags/example_sla_dag.py
[2022-03-18 17:13:58,081] {processor.py:642} INFO - Processing file /Users/louisekirkham/Documents/linkedin_learning/Ex_Files_Data_Engineering_Foundations/airflow_env/lib/python3.9/site-packages/airflow/example_dags/example_sla_dag.py for tasks to queue
[2022-03-18 17:13:58,081] {logging_mixin.py:109} INFO - [2022-03-18 17:13:58,081] {dagbag.py:500} INFO - Filling up the DagBag from /Users/louisekirkham/Documents/linkedin_learning/Ex_Files_Data_Engineering_Foundations/airflow_env/lib/python3.9/site-packages/airflow/example_dags/example_sla_dag.py
[2022-03-18 17:13:58,120] {processor.py:654} INFO - DAG(s) dict_keys(['example_sla_dag']) retrieved from /Users/louisekirkham/Documents/linkedin_learning/Ex_Files_Data_Engineering_Foundations/airflow_env/lib/python3.9/site-packages/airflow/example_dags/example_sla_dag.py
[2022-03-18 17:13:58,133] {logging_mixin.py:109} INFO - [2022-03-18 17:13:58,133] {dag.py:2398} INFO - Sync 1 DAGs
[2022-03-18 17:13:58,143] {logging_mixin.py:109} INFO - [2022-03-18 17:13:58,142] {dag.py:2937} INFO - Setting next_dagrun for example_sla_dag to 2022-03-18T17:10:00+00:00
[2022-03-18 17:13:58,148] {processor.py:171} INFO - Processing /Users/louisekirkham/Documents/linkedin_learning/Ex_Files_Data_Engineering_Foundations/airflow_env/lib/python3.9/site-packages/airflow/example_dags/example_sla_dag.py took 0.069 seconds
[2022-03-18 17:15:23,398] {processor.py:163} INFO - Started process (PID=47170) to work on /Users/louisekirkham/Documents/linkedin_learning/Ex_Files_Data_Engineering_Foundations/airflow_env/lib/python3.9/site-packages/airflow/example_dags/example_sla_dag.py
[2022-03-18 17:15:23,399] {processor.py:642} INFO - Processing file /Users/louisekirkham/Documents/linkedin_learning/Ex_Files_Data_Engineering_Foundations/airflow_env/lib/python3.9/site-packages/airflow/example_dags/example_sla_dag.py for tasks to queue
[2022-03-18 17:15:23,400] {logging_mixin.py:109} INFO - [2022-03-18 17:15:23,400] {dagbag.py:500} INFO - Filling up the DagBag from /Users/louisekirkham/Documents/linkedin_learning/Ex_Files_Data_Engineering_Foundations/airflow_env/lib/python3.9/site-packages/airflow/example_dags/example_sla_dag.py
[2022-03-18 17:15:23,442] {processor.py:654} INFO - DAG(s) dict_keys(['example_sla_dag']) retrieved from /Users/louisekirkham/Documents/linkedin_learning/Ex_Files_Data_Engineering_Foundations/airflow_env/lib/python3.9/site-packages/airflow/example_dags/example_sla_dag.py
[2022-03-18 17:15:23,456] {logging_mixin.py:109} INFO - [2022-03-18 17:15:23,456] {dag.py:2398} INFO - Sync 1 DAGs
[2022-03-18 17:15:23,466] {logging_mixin.py:109} INFO - [2022-03-18 17:15:23,466] {dag.py:2937} INFO - Setting next_dagrun for example_sla_dag to 2022-03-18T17:12:00+00:00
[2022-03-18 17:15:23,472] {processor.py:171} INFO - Processing /Users/louisekirkham/Documents/linkedin_learning/Ex_Files_Data_Engineering_Foundations/airflow_env/lib/python3.9/site-packages/airflow/example_dags/example_sla_dag.py took 0.075 seconds
[2022-03-18 17:16:48,186] {processor.py:163} INFO - Started process (PID=47248) to work on /Users/louisekirkham/Documents/linkedin_learning/Ex_Files_Data_Engineering_Foundations/airflow_env/lib/python3.9/site-packages/airflow/example_dags/example_sla_dag.py
[2022-03-18 17:16:48,186] {processor.py:642} INFO - Processing file /Users/louisekirkham/Documents/linkedin_learning/Ex_Files_Data_Engineering_Foundations/airflow_env/lib/python3.9/site-packages/airflow/example_dags/example_sla_dag.py for tasks to queue
[2022-03-18 17:16:48,187] {logging_mixin.py:109} INFO - [2022-03-18 17:16:48,187] {dagbag.py:500} INFO - Filling up the DagBag from /Users/louisekirkham/Documents/linkedin_learning/Ex_Files_Data_Engineering_Foundations/airflow_env/lib/python3.9/site-packages/airflow/example_dags/example_sla_dag.py
[2022-03-18 17:16:48,228] {processor.py:654} INFO - DAG(s) dict_keys(['example_sla_dag']) retrieved from /Users/louisekirkham/Documents/linkedin_learning/Ex_Files_Data_Engineering_Foundations/airflow_env/lib/python3.9/site-packages/airflow/example_dags/example_sla_dag.py
[2022-03-18 17:16:48,242] {logging_mixin.py:109} INFO - [2022-03-18 17:16:48,242] {dag.py:2398} INFO - Sync 1 DAGs
[2022-03-18 17:16:48,251] {logging_mixin.py:109} INFO - [2022-03-18 17:16:48,251] {dag.py:2937} INFO - Setting next_dagrun for example_sla_dag to 2022-03-18T17:14:00+00:00
[2022-03-18 17:16:48,257] {processor.py:171} INFO - Processing /Users/louisekirkham/Documents/linkedin_learning/Ex_Files_Data_Engineering_Foundations/airflow_env/lib/python3.9/site-packages/airflow/example_dags/example_sla_dag.py took 0.073 seconds
[2022-03-18 17:18:12,819] {processor.py:163} INFO - Started process (PID=47315) to work on /Users/louisekirkham/Documents/linkedin_learning/Ex_Files_Data_Engineering_Foundations/airflow_env/lib/python3.9/site-packages/airflow/example_dags/example_sla_dag.py
[2022-03-18 17:18:12,820] {processor.py:642} INFO - Processing file /Users/louisekirkham/Documents/linkedin_learning/Ex_Files_Data_Engineering_Foundations/airflow_env/lib/python3.9/site-packages/airflow/example_dags/example_sla_dag.py for tasks to queue
[2022-03-18 17:18:12,820] {logging_mixin.py:109} INFO - [2022-03-18 17:18:12,820] {dagbag.py:500} INFO - Filling up the DagBag from /Users/louisekirkham/Documents/linkedin_learning/Ex_Files_Data_Engineering_Foundations/airflow_env/lib/python3.9/site-packages/airflow/example_dags/example_sla_dag.py
[2022-03-18 17:18:12,862] {processor.py:654} INFO - DAG(s) dict_keys(['example_sla_dag']) retrieved from /Users/louisekirkham/Documents/linkedin_learning/Ex_Files_Data_Engineering_Foundations/airflow_env/lib/python3.9/site-packages/airflow/example_dags/example_sla_dag.py
[2022-03-18 17:18:12,878] {logging_mixin.py:109} INFO - [2022-03-18 17:18:12,878] {dag.py:2398} INFO - Sync 1 DAGs
[2022-03-18 17:18:12,889] {logging_mixin.py:109} INFO - [2022-03-18 17:18:12,889] {dag.py:2937} INFO - Setting next_dagrun for example_sla_dag to 2022-03-18T17:16:00+00:00
[2022-03-18 17:18:12,897] {processor.py:171} INFO - Processing /Users/louisekirkham/Documents/linkedin_learning/Ex_Files_Data_Engineering_Foundations/airflow_env/lib/python3.9/site-packages/airflow/example_dags/example_sla_dag.py took 0.079 seconds
[2022-03-18 17:19:34,379] {processor.py:163} INFO - Started process (PID=47371) to work on /Users/louisekirkham/Documents/linkedin_learning/Ex_Files_Data_Engineering_Foundations/airflow_env/lib/python3.9/site-packages/airflow/example_dags/example_sla_dag.py
[2022-03-18 17:19:34,380] {processor.py:642} INFO - Processing file /Users/louisekirkham/Documents/linkedin_learning/Ex_Files_Data_Engineering_Foundations/airflow_env/lib/python3.9/site-packages/airflow/example_dags/example_sla_dag.py for tasks to queue
[2022-03-18 17:19:34,380] {logging_mixin.py:109} INFO - [2022-03-18 17:19:34,380] {dagbag.py:500} INFO - Filling up the DagBag from /Users/louisekirkham/Documents/linkedin_learning/Ex_Files_Data_Engineering_Foundations/airflow_env/lib/python3.9/site-packages/airflow/example_dags/example_sla_dag.py
[2022-03-18 17:19:34,431] {processor.py:654} INFO - DAG(s) dict_keys(['example_sla_dag']) retrieved from /Users/louisekirkham/Documents/linkedin_learning/Ex_Files_Data_Engineering_Foundations/airflow_env/lib/python3.9/site-packages/airflow/example_dags/example_sla_dag.py
[2022-03-18 17:19:34,449] {logging_mixin.py:109} INFO - [2022-03-18 17:19:34,449] {dag.py:2398} INFO - Sync 1 DAGs
[2022-03-18 17:19:34,460] {logging_mixin.py:109} INFO - [2022-03-18 17:19:34,460] {dag.py:2937} INFO - Setting next_dagrun for example_sla_dag to 2022-03-18T17:16:00+00:00
[2022-03-18 17:19:34,466] {processor.py:171} INFO - Processing /Users/louisekirkham/Documents/linkedin_learning/Ex_Files_Data_Engineering_Foundations/airflow_env/lib/python3.9/site-packages/airflow/example_dags/example_sla_dag.py took 0.088 seconds
[2022-03-18 17:24:07,515] {processor.py:163} INFO - Started process (PID=47542) to work on /Users/louisekirkham/Documents/linkedin_learning/Ex_Files_Data_Engineering_Foundations/airflow_env/lib/python3.9/site-packages/airflow/example_dags/example_sla_dag.py
[2022-03-18 17:24:07,516] {processor.py:642} INFO - Processing file /Users/louisekirkham/Documents/linkedin_learning/Ex_Files_Data_Engineering_Foundations/airflow_env/lib/python3.9/site-packages/airflow/example_dags/example_sla_dag.py for tasks to queue
[2022-03-18 17:24:07,517] {logging_mixin.py:109} INFO - [2022-03-18 17:24:07,517] {dagbag.py:500} INFO - Filling up the DagBag from /Users/louisekirkham/Documents/linkedin_learning/Ex_Files_Data_Engineering_Foundations/airflow_env/lib/python3.9/site-packages/airflow/example_dags/example_sla_dag.py
[2022-03-18 17:24:07,554] {processor.py:654} INFO - DAG(s) dict_keys(['example_sla_dag']) retrieved from /Users/louisekirkham/Documents/linkedin_learning/Ex_Files_Data_Engineering_Foundations/airflow_env/lib/python3.9/site-packages/airflow/example_dags/example_sla_dag.py
[2022-03-18 17:24:07,567] {logging_mixin.py:109} INFO - [2022-03-18 17:24:07,567] {dag.py:2398} INFO - Sync 1 DAGs
[2022-03-18 17:24:07,576] {logging_mixin.py:109} INFO - [2022-03-18 17:24:07,576] {dag.py:2937} INFO - Setting next_dagrun for example_sla_dag to 2022-03-18T17:22:00+00:00
[2022-03-18 17:24:07,582] {processor.py:171} INFO - Processing /Users/louisekirkham/Documents/linkedin_learning/Ex_Files_Data_Engineering_Foundations/airflow_env/lib/python3.9/site-packages/airflow/example_dags/example_sla_dag.py took 0.068 seconds
[2022-03-18 17:25:24,522] {processor.py:163} INFO - Started process (PID=47610) to work on /Users/louisekirkham/Documents/linkedin_learning/Ex_Files_Data_Engineering_Foundations/airflow_env/lib/python3.9/site-packages/airflow/example_dags/example_sla_dag.py
[2022-03-18 17:25:24,522] {processor.py:642} INFO - Processing file /Users/louisekirkham/Documents/linkedin_learning/Ex_Files_Data_Engineering_Foundations/airflow_env/lib/python3.9/site-packages/airflow/example_dags/example_sla_dag.py for tasks to queue
[2022-03-18 17:25:24,522] {logging_mixin.py:109} INFO - [2022-03-18 17:25:24,522] {dagbag.py:500} INFO - Filling up the DagBag from /Users/louisekirkham/Documents/linkedin_learning/Ex_Files_Data_Engineering_Foundations/airflow_env/lib/python3.9/site-packages/airflow/example_dags/example_sla_dag.py
[2022-03-18 17:25:24,560] {processor.py:654} INFO - DAG(s) dict_keys(['example_sla_dag']) retrieved from /Users/louisekirkham/Documents/linkedin_learning/Ex_Files_Data_Engineering_Foundations/airflow_env/lib/python3.9/site-packages/airflow/example_dags/example_sla_dag.py
[2022-03-18 17:25:24,575] {logging_mixin.py:109} INFO - [2022-03-18 17:25:24,574] {dag.py:2398} INFO - Sync 1 DAGs
[2022-03-18 17:25:24,585] {logging_mixin.py:109} INFO - [2022-03-18 17:25:24,585] {dag.py:2937} INFO - Setting next_dagrun for example_sla_dag to 2022-03-18T17:22:00+00:00
[2022-03-18 17:25:24,591] {processor.py:171} INFO - Processing /Users/louisekirkham/Documents/linkedin_learning/Ex_Files_Data_Engineering_Foundations/airflow_env/lib/python3.9/site-packages/airflow/example_dags/example_sla_dag.py took 0.070 seconds
[2022-03-18 17:26:53,893] {processor.py:163} INFO - Started process (PID=47685) to work on /Users/louisekirkham/Documents/linkedin_learning/Ex_Files_Data_Engineering_Foundations/airflow_env/lib/python3.9/site-packages/airflow/example_dags/example_sla_dag.py
[2022-03-18 17:26:53,894] {processor.py:642} INFO - Processing file /Users/louisekirkham/Documents/linkedin_learning/Ex_Files_Data_Engineering_Foundations/airflow_env/lib/python3.9/site-packages/airflow/example_dags/example_sla_dag.py for tasks to queue
[2022-03-18 17:26:53,894] {logging_mixin.py:109} INFO - [2022-03-18 17:26:53,894] {dagbag.py:500} INFO - Filling up the DagBag from /Users/louisekirkham/Documents/linkedin_learning/Ex_Files_Data_Engineering_Foundations/airflow_env/lib/python3.9/site-packages/airflow/example_dags/example_sla_dag.py
[2022-03-18 17:26:53,937] {processor.py:654} INFO - DAG(s) dict_keys(['example_sla_dag']) retrieved from /Users/louisekirkham/Documents/linkedin_learning/Ex_Files_Data_Engineering_Foundations/airflow_env/lib/python3.9/site-packages/airflow/example_dags/example_sla_dag.py
[2022-03-18 17:26:53,952] {logging_mixin.py:109} INFO - [2022-03-18 17:26:53,952] {dag.py:2398} INFO - Sync 1 DAGs
[2022-03-18 17:26:53,963] {logging_mixin.py:109} INFO - [2022-03-18 17:26:53,962] {dag.py:2937} INFO - Setting next_dagrun for example_sla_dag to 2022-03-18T17:24:00+00:00
[2022-03-18 17:26:53,969] {processor.py:171} INFO - Processing /Users/louisekirkham/Documents/linkedin_learning/Ex_Files_Data_Engineering_Foundations/airflow_env/lib/python3.9/site-packages/airflow/example_dags/example_sla_dag.py took 0.076 seconds
[2022-03-18 17:28:35,335] {processor.py:163} INFO - Started process (PID=47750) to work on /Users/louisekirkham/Documents/linkedin_learning/Ex_Files_Data_Engineering_Foundations/airflow_env/lib/python3.9/site-packages/airflow/example_dags/example_sla_dag.py
[2022-03-18 17:28:35,335] {processor.py:642} INFO - Processing file /Users/louisekirkham/Documents/linkedin_learning/Ex_Files_Data_Engineering_Foundations/airflow_env/lib/python3.9/site-packages/airflow/example_dags/example_sla_dag.py for tasks to queue
[2022-03-18 17:28:35,335] {logging_mixin.py:109} INFO - [2022-03-18 17:28:35,335] {dagbag.py:500} INFO - Filling up the DagBag from /Users/louisekirkham/Documents/linkedin_learning/Ex_Files_Data_Engineering_Foundations/airflow_env/lib/python3.9/site-packages/airflow/example_dags/example_sla_dag.py
[2022-03-18 17:28:35,372] {processor.py:654} INFO - DAG(s) dict_keys(['example_sla_dag']) retrieved from /Users/louisekirkham/Documents/linkedin_learning/Ex_Files_Data_Engineering_Foundations/airflow_env/lib/python3.9/site-packages/airflow/example_dags/example_sla_dag.py
[2022-03-18 17:28:35,384] {logging_mixin.py:109} INFO - [2022-03-18 17:28:35,384] {dag.py:2398} INFO - Sync 1 DAGs
[2022-03-18 17:28:35,394] {logging_mixin.py:109} INFO - [2022-03-18 17:28:35,394] {dag.py:2937} INFO - Setting next_dagrun for example_sla_dag to 2022-03-18T17:26:00+00:00
[2022-03-18 17:28:35,401] {processor.py:171} INFO - Processing /Users/louisekirkham/Documents/linkedin_learning/Ex_Files_Data_Engineering_Foundations/airflow_env/lib/python3.9/site-packages/airflow/example_dags/example_sla_dag.py took 0.067 seconds
[2022-03-18 17:30:41,249] {processor.py:163} INFO - Started process (PID=47858) to work on /Users/louisekirkham/Documents/linkedin_learning/Ex_Files_Data_Engineering_Foundations/airflow_env/lib/python3.9/site-packages/airflow/example_dags/example_sla_dag.py
[2022-03-18 17:30:41,249] {processor.py:642} INFO - Processing file /Users/louisekirkham/Documents/linkedin_learning/Ex_Files_Data_Engineering_Foundations/airflow_env/lib/python3.9/site-packages/airflow/example_dags/example_sla_dag.py for tasks to queue
[2022-03-18 17:30:41,249] {logging_mixin.py:109} INFO - [2022-03-18 17:30:41,249] {dagbag.py:500} INFO - Filling up the DagBag from /Users/louisekirkham/Documents/linkedin_learning/Ex_Files_Data_Engineering_Foundations/airflow_env/lib/python3.9/site-packages/airflow/example_dags/example_sla_dag.py
[2022-03-18 17:30:41,285] {processor.py:654} INFO - DAG(s) dict_keys(['example_sla_dag']) retrieved from /Users/louisekirkham/Documents/linkedin_learning/Ex_Files_Data_Engineering_Foundations/airflow_env/lib/python3.9/site-packages/airflow/example_dags/example_sla_dag.py
[2022-03-18 17:30:41,297] {logging_mixin.py:109} INFO - [2022-03-18 17:30:41,297] {dag.py:2398} INFO - Sync 1 DAGs
[2022-03-18 17:30:41,306] {logging_mixin.py:109} INFO - [2022-03-18 17:30:41,306] {dag.py:2937} INFO - Setting next_dagrun for example_sla_dag to 2022-03-18T17:28:00+00:00
[2022-03-18 17:30:41,312] {processor.py:171} INFO - Processing /Users/louisekirkham/Documents/linkedin_learning/Ex_Files_Data_Engineering_Foundations/airflow_env/lib/python3.9/site-packages/airflow/example_dags/example_sla_dag.py took 0.064 seconds
[2022-03-18 17:31:52,918] {processor.py:163} INFO - Started process (PID=47928) to work on /Users/louisekirkham/Documents/linkedin_learning/Ex_Files_Data_Engineering_Foundations/airflow_env/lib/python3.9/site-packages/airflow/example_dags/example_sla_dag.py
[2022-03-18 17:31:52,919] {processor.py:642} INFO - Processing file /Users/louisekirkham/Documents/linkedin_learning/Ex_Files_Data_Engineering_Foundations/airflow_env/lib/python3.9/site-packages/airflow/example_dags/example_sla_dag.py for tasks to queue
[2022-03-18 17:31:52,919] {logging_mixin.py:109} INFO - [2022-03-18 17:31:52,919] {dagbag.py:500} INFO - Filling up the DagBag from /Users/louisekirkham/Documents/linkedin_learning/Ex_Files_Data_Engineering_Foundations/airflow_env/lib/python3.9/site-packages/airflow/example_dags/example_sla_dag.py
[2022-03-18 17:31:52,957] {processor.py:654} INFO - DAG(s) dict_keys(['example_sla_dag']) retrieved from /Users/louisekirkham/Documents/linkedin_learning/Ex_Files_Data_Engineering_Foundations/airflow_env/lib/python3.9/site-packages/airflow/example_dags/example_sla_dag.py
[2022-03-18 17:31:52,971] {logging_mixin.py:109} INFO - [2022-03-18 17:31:52,971] {dag.py:2398} INFO - Sync 1 DAGs
[2022-03-18 17:31:52,981] {logging_mixin.py:109} INFO - [2022-03-18 17:31:52,980] {dag.py:2937} INFO - Setting next_dagrun for example_sla_dag to 2022-03-18T17:28:00+00:00
[2022-03-18 17:31:52,987] {processor.py:171} INFO - Processing /Users/louisekirkham/Documents/linkedin_learning/Ex_Files_Data_Engineering_Foundations/airflow_env/lib/python3.9/site-packages/airflow/example_dags/example_sla_dag.py took 0.069 seconds
[2022-03-18 17:33:06,206] {processor.py:163} INFO - Started process (PID=47987) to work on /Users/louisekirkham/Documents/linkedin_learning/Ex_Files_Data_Engineering_Foundations/airflow_env/lib/python3.9/site-packages/airflow/example_dags/example_sla_dag.py
[2022-03-18 17:33:06,206] {processor.py:642} INFO - Processing file /Users/louisekirkham/Documents/linkedin_learning/Ex_Files_Data_Engineering_Foundations/airflow_env/lib/python3.9/site-packages/airflow/example_dags/example_sla_dag.py for tasks to queue
[2022-03-18 17:33:06,206] {logging_mixin.py:109} INFO - [2022-03-18 17:33:06,206] {dagbag.py:500} INFO - Filling up the DagBag from /Users/louisekirkham/Documents/linkedin_learning/Ex_Files_Data_Engineering_Foundations/airflow_env/lib/python3.9/site-packages/airflow/example_dags/example_sla_dag.py
[2022-03-18 17:33:06,250] {processor.py:654} INFO - DAG(s) dict_keys(['example_sla_dag']) retrieved from /Users/louisekirkham/Documents/linkedin_learning/Ex_Files_Data_Engineering_Foundations/airflow_env/lib/python3.9/site-packages/airflow/example_dags/example_sla_dag.py
[2022-03-18 17:33:06,264] {logging_mixin.py:109} INFO - [2022-03-18 17:33:06,264] {dag.py:2398} INFO - Sync 1 DAGs
[2022-03-18 17:33:06,276] {logging_mixin.py:109} INFO - [2022-03-18 17:33:06,276] {dag.py:2937} INFO - Setting next_dagrun for example_sla_dag to 2022-03-18T17:30:00+00:00
[2022-03-18 17:33:06,284] {processor.py:171} INFO - Processing /Users/louisekirkham/Documents/linkedin_learning/Ex_Files_Data_Engineering_Foundations/airflow_env/lib/python3.9/site-packages/airflow/example_dags/example_sla_dag.py took 0.079 seconds
[2022-03-18 17:34:27,771] {processor.py:163} INFO - Started process (PID=48451) to work on /Users/louisekirkham/Documents/linkedin_learning/Ex_Files_Data_Engineering_Foundations/airflow_env/lib/python3.9/site-packages/airflow/example_dags/example_sla_dag.py
[2022-03-18 17:34:27,772] {processor.py:642} INFO - Processing file /Users/louisekirkham/Documents/linkedin_learning/Ex_Files_Data_Engineering_Foundations/airflow_env/lib/python3.9/site-packages/airflow/example_dags/example_sla_dag.py for tasks to queue
[2022-03-18 17:34:27,772] {logging_mixin.py:109} INFO - [2022-03-18 17:34:27,772] {dagbag.py:500} INFO - Filling up the DagBag from /Users/louisekirkham/Documents/linkedin_learning/Ex_Files_Data_Engineering_Foundations/airflow_env/lib/python3.9/site-packages/airflow/example_dags/example_sla_dag.py
[2022-03-18 17:34:27,824] {processor.py:654} INFO - DAG(s) dict_keys(['example_sla_dag']) retrieved from /Users/louisekirkham/Documents/linkedin_learning/Ex_Files_Data_Engineering_Foundations/airflow_env/lib/python3.9/site-packages/airflow/example_dags/example_sla_dag.py
[2022-03-18 17:34:27,843] {logging_mixin.py:109} INFO - [2022-03-18 17:34:27,843] {dag.py:2398} INFO - Sync 1 DAGs
[2022-03-18 17:34:27,855] {logging_mixin.py:109} INFO - [2022-03-18 17:34:27,854] {dag.py:2937} INFO - Setting next_dagrun for example_sla_dag to 2022-03-18T17:32:00+00:00
[2022-03-18 17:34:27,862] {processor.py:171} INFO - Processing /Users/louisekirkham/Documents/linkedin_learning/Ex_Files_Data_Engineering_Foundations/airflow_env/lib/python3.9/site-packages/airflow/example_dags/example_sla_dag.py took 0.092 seconds
[2022-03-18 17:35:50,280] {processor.py:163} INFO - Started process (PID=48546) to work on /Users/louisekirkham/Documents/linkedin_learning/Ex_Files_Data_Engineering_Foundations/airflow_env/lib/python3.9/site-packages/airflow/example_dags/example_sla_dag.py
[2022-03-18 17:35:50,280] {processor.py:642} INFO - Processing file /Users/louisekirkham/Documents/linkedin_learning/Ex_Files_Data_Engineering_Foundations/airflow_env/lib/python3.9/site-packages/airflow/example_dags/example_sla_dag.py for tasks to queue
[2022-03-18 17:35:50,281] {logging_mixin.py:109} INFO - [2022-03-18 17:35:50,281] {dagbag.py:500} INFO - Filling up the DagBag from /Users/louisekirkham/Documents/linkedin_learning/Ex_Files_Data_Engineering_Foundations/airflow_env/lib/python3.9/site-packages/airflow/example_dags/example_sla_dag.py
[2022-03-18 17:35:50,323] {processor.py:654} INFO - DAG(s) dict_keys(['example_sla_dag']) retrieved from /Users/louisekirkham/Documents/linkedin_learning/Ex_Files_Data_Engineering_Foundations/airflow_env/lib/python3.9/site-packages/airflow/example_dags/example_sla_dag.py
[2022-03-18 17:35:50,337] {logging_mixin.py:109} INFO - [2022-03-18 17:35:50,337] {dag.py:2398} INFO - Sync 1 DAGs
[2022-03-18 17:35:50,349] {logging_mixin.py:109} INFO - [2022-03-18 17:35:50,349] {dag.py:2937} INFO - Setting next_dagrun for example_sla_dag to 2022-03-18T17:32:00+00:00
[2022-03-18 17:35:50,356] {processor.py:171} INFO - Processing /Users/louisekirkham/Documents/linkedin_learning/Ex_Files_Data_Engineering_Foundations/airflow_env/lib/python3.9/site-packages/airflow/example_dags/example_sla_dag.py took 0.077 seconds
[2022-03-18 17:37:14,671] {processor.py:163} INFO - Started process (PID=48619) to work on /Users/louisekirkham/Documents/linkedin_learning/Ex_Files_Data_Engineering_Foundations/airflow_env/lib/python3.9/site-packages/airflow/example_dags/example_sla_dag.py
[2022-03-18 17:37:14,671] {processor.py:642} INFO - Processing file /Users/louisekirkham/Documents/linkedin_learning/Ex_Files_Data_Engineering_Foundations/airflow_env/lib/python3.9/site-packages/airflow/example_dags/example_sla_dag.py for tasks to queue
[2022-03-18 17:37:14,672] {logging_mixin.py:109} INFO - [2022-03-18 17:37:14,672] {dagbag.py:500} INFO - Filling up the DagBag from /Users/louisekirkham/Documents/linkedin_learning/Ex_Files_Data_Engineering_Foundations/airflow_env/lib/python3.9/site-packages/airflow/example_dags/example_sla_dag.py
[2022-03-18 17:37:14,711] {processor.py:654} INFO - DAG(s) dict_keys(['example_sla_dag']) retrieved from /Users/louisekirkham/Documents/linkedin_learning/Ex_Files_Data_Engineering_Foundations/airflow_env/lib/python3.9/site-packages/airflow/example_dags/example_sla_dag.py
[2022-03-18 17:37:14,726] {logging_mixin.py:109} INFO - [2022-03-18 17:37:14,726] {dag.py:2398} INFO - Sync 1 DAGs
[2022-03-18 17:37:14,735] {logging_mixin.py:109} INFO - [2022-03-18 17:37:14,735] {dag.py:2937} INFO - Setting next_dagrun for example_sla_dag to 2022-03-18T17:34:00+00:00
[2022-03-18 17:37:14,743] {processor.py:171} INFO - Processing /Users/louisekirkham/Documents/linkedin_learning/Ex_Files_Data_Engineering_Foundations/airflow_env/lib/python3.9/site-packages/airflow/example_dags/example_sla_dag.py took 0.072 seconds
[2022-03-18 17:38:38,877] {processor.py:163} INFO - Started process (PID=48683) to work on /Users/louisekirkham/Documents/linkedin_learning/Ex_Files_Data_Engineering_Foundations/airflow_env/lib/python3.9/site-packages/airflow/example_dags/example_sla_dag.py
[2022-03-18 17:38:38,877] {processor.py:642} INFO - Processing file /Users/louisekirkham/Documents/linkedin_learning/Ex_Files_Data_Engineering_Foundations/airflow_env/lib/python3.9/site-packages/airflow/example_dags/example_sla_dag.py for tasks to queue
[2022-03-18 17:38:38,877] {logging_mixin.py:109} INFO - [2022-03-18 17:38:38,877] {dagbag.py:500} INFO - Filling up the DagBag from /Users/louisekirkham/Documents/linkedin_learning/Ex_Files_Data_Engineering_Foundations/airflow_env/lib/python3.9/site-packages/airflow/example_dags/example_sla_dag.py
[2022-03-18 17:38:38,919] {processor.py:654} INFO - DAG(s) dict_keys(['example_sla_dag']) retrieved from /Users/louisekirkham/Documents/linkedin_learning/Ex_Files_Data_Engineering_Foundations/airflow_env/lib/python3.9/site-packages/airflow/example_dags/example_sla_dag.py
[2022-03-18 17:38:38,933] {logging_mixin.py:109} INFO - [2022-03-18 17:38:38,933] {dag.py:2398} INFO - Sync 1 DAGs
[2022-03-18 17:38:38,943] {logging_mixin.py:109} INFO - [2022-03-18 17:38:38,943] {dag.py:2937} INFO - Setting next_dagrun for example_sla_dag to 2022-03-18T17:36:00+00:00
[2022-03-18 17:38:38,949] {processor.py:171} INFO - Processing /Users/louisekirkham/Documents/linkedin_learning/Ex_Files_Data_Engineering_Foundations/airflow_env/lib/python3.9/site-packages/airflow/example_dags/example_sla_dag.py took 0.073 seconds
[2022-03-18 17:40:05,308] {processor.py:163} INFO - Started process (PID=48758) to work on /Users/louisekirkham/Documents/linkedin_learning/Ex_Files_Data_Engineering_Foundations/airflow_env/lib/python3.9/site-packages/airflow/example_dags/example_sla_dag.py
[2022-03-18 17:40:05,310] {processor.py:642} INFO - Processing file /Users/louisekirkham/Documents/linkedin_learning/Ex_Files_Data_Engineering_Foundations/airflow_env/lib/python3.9/site-packages/airflow/example_dags/example_sla_dag.py for tasks to queue
[2022-03-18 17:40:05,310] {logging_mixin.py:109} INFO - [2022-03-18 17:40:05,310] {dagbag.py:500} INFO - Filling up the DagBag from /Users/louisekirkham/Documents/linkedin_learning/Ex_Files_Data_Engineering_Foundations/airflow_env/lib/python3.9/site-packages/airflow/example_dags/example_sla_dag.py
[2022-03-18 17:40:05,356] {processor.py:654} INFO - DAG(s) dict_keys(['example_sla_dag']) retrieved from /Users/louisekirkham/Documents/linkedin_learning/Ex_Files_Data_Engineering_Foundations/airflow_env/lib/python3.9/site-packages/airflow/example_dags/example_sla_dag.py
[2022-03-18 17:40:05,372] {logging_mixin.py:109} INFO - [2022-03-18 17:40:05,372] {dag.py:2398} INFO - Sync 1 DAGs
[2022-03-18 17:40:05,384] {logging_mixin.py:109} INFO - [2022-03-18 17:40:05,384] {dag.py:2937} INFO - Setting next_dagrun for example_sla_dag to 2022-03-18T17:38:00+00:00
[2022-03-18 17:40:05,391] {processor.py:171} INFO - Processing /Users/louisekirkham/Documents/linkedin_learning/Ex_Files_Data_Engineering_Foundations/airflow_env/lib/python3.9/site-packages/airflow/example_dags/example_sla_dag.py took 0.085 seconds
[2022-03-18 17:41:25,911] {processor.py:163} INFO - Started process (PID=48849) to work on /Users/louisekirkham/Documents/linkedin_learning/Ex_Files_Data_Engineering_Foundations/airflow_env/lib/python3.9/site-packages/airflow/example_dags/example_sla_dag.py
[2022-03-18 17:41:25,911] {processor.py:642} INFO - Processing file /Users/louisekirkham/Documents/linkedin_learning/Ex_Files_Data_Engineering_Foundations/airflow_env/lib/python3.9/site-packages/airflow/example_dags/example_sla_dag.py for tasks to queue
[2022-03-18 17:41:25,912] {logging_mixin.py:109} INFO - [2022-03-18 17:41:25,911] {dagbag.py:500} INFO - Filling up the DagBag from /Users/louisekirkham/Documents/linkedin_learning/Ex_Files_Data_Engineering_Foundations/airflow_env/lib/python3.9/site-packages/airflow/example_dags/example_sla_dag.py
[2022-03-18 17:41:25,948] {processor.py:654} INFO - DAG(s) dict_keys(['example_sla_dag']) retrieved from /Users/louisekirkham/Documents/linkedin_learning/Ex_Files_Data_Engineering_Foundations/airflow_env/lib/python3.9/site-packages/airflow/example_dags/example_sla_dag.py
[2022-03-18 17:41:25,961] {logging_mixin.py:109} INFO - [2022-03-18 17:41:25,961] {dag.py:2398} INFO - Sync 1 DAGs
[2022-03-18 17:41:25,971] {logging_mixin.py:109} INFO - [2022-03-18 17:41:25,971] {dag.py:2937} INFO - Setting next_dagrun for example_sla_dag to 2022-03-18T17:38:00+00:00
[2022-03-18 17:41:25,977] {processor.py:171} INFO - Processing /Users/louisekirkham/Documents/linkedin_learning/Ex_Files_Data_Engineering_Foundations/airflow_env/lib/python3.9/site-packages/airflow/example_dags/example_sla_dag.py took 0.067 seconds
[2022-03-18 17:42:51,390] {processor.py:163} INFO - Started process (PID=48932) to work on /Users/louisekirkham/Documents/linkedin_learning/Ex_Files_Data_Engineering_Foundations/airflow_env/lib/python3.9/site-packages/airflow/example_dags/example_sla_dag.py
[2022-03-18 17:42:51,391] {processor.py:642} INFO - Processing file /Users/louisekirkham/Documents/linkedin_learning/Ex_Files_Data_Engineering_Foundations/airflow_env/lib/python3.9/site-packages/airflow/example_dags/example_sla_dag.py for tasks to queue
[2022-03-18 17:42:51,391] {logging_mixin.py:109} INFO - [2022-03-18 17:42:51,391] {dagbag.py:500} INFO - Filling up the DagBag from /Users/louisekirkham/Documents/linkedin_learning/Ex_Files_Data_Engineering_Foundations/airflow_env/lib/python3.9/site-packages/airflow/example_dags/example_sla_dag.py
[2022-03-18 17:42:51,430] {processor.py:654} INFO - DAG(s) dict_keys(['example_sla_dag']) retrieved from /Users/louisekirkham/Documents/linkedin_learning/Ex_Files_Data_Engineering_Foundations/airflow_env/lib/python3.9/site-packages/airflow/example_dags/example_sla_dag.py
[2022-03-18 17:42:51,443] {logging_mixin.py:109} INFO - [2022-03-18 17:42:51,443] {dag.py:2398} INFO - Sync 1 DAGs
[2022-03-18 17:42:51,452] {logging_mixin.py:109} INFO - [2022-03-18 17:42:51,452] {dag.py:2937} INFO - Setting next_dagrun for example_sla_dag to 2022-03-18T17:40:00+00:00
[2022-03-18 17:42:51,458] {processor.py:171} INFO - Processing /Users/louisekirkham/Documents/linkedin_learning/Ex_Files_Data_Engineering_Foundations/airflow_env/lib/python3.9/site-packages/airflow/example_dags/example_sla_dag.py took 0.068 seconds
[2022-03-18 17:44:11,504] {processor.py:163} INFO - Started process (PID=48992) to work on /Users/louisekirkham/Documents/linkedin_learning/Ex_Files_Data_Engineering_Foundations/airflow_env/lib/python3.9/site-packages/airflow/example_dags/example_sla_dag.py
[2022-03-18 17:44:11,504] {processor.py:642} INFO - Processing file /Users/louisekirkham/Documents/linkedin_learning/Ex_Files_Data_Engineering_Foundations/airflow_env/lib/python3.9/site-packages/airflow/example_dags/example_sla_dag.py for tasks to queue
[2022-03-18 17:44:11,505] {logging_mixin.py:109} INFO - [2022-03-18 17:44:11,505] {dagbag.py:500} INFO - Filling up the DagBag from /Users/louisekirkham/Documents/linkedin_learning/Ex_Files_Data_Engineering_Foundations/airflow_env/lib/python3.9/site-packages/airflow/example_dags/example_sla_dag.py
[2022-03-18 17:44:11,545] {processor.py:654} INFO - DAG(s) dict_keys(['example_sla_dag']) retrieved from /Users/louisekirkham/Documents/linkedin_learning/Ex_Files_Data_Engineering_Foundations/airflow_env/lib/python3.9/site-packages/airflow/example_dags/example_sla_dag.py
[2022-03-18 17:44:11,560] {logging_mixin.py:109} INFO - [2022-03-18 17:44:11,560] {dag.py:2398} INFO - Sync 1 DAGs
[2022-03-18 17:44:11,570] {logging_mixin.py:109} INFO - [2022-03-18 17:44:11,570] {dag.py:2937} INFO - Setting next_dagrun for example_sla_dag to 2022-03-18T17:42:00+00:00
[2022-03-18 17:44:11,578] {processor.py:171} INFO - Processing /Users/louisekirkham/Documents/linkedin_learning/Ex_Files_Data_Engineering_Foundations/airflow_env/lib/python3.9/site-packages/airflow/example_dags/example_sla_dag.py took 0.075 seconds
[2022-03-18 17:45:37,350] {processor.py:163} INFO - Started process (PID=49062) to work on /Users/louisekirkham/Documents/linkedin_learning/Ex_Files_Data_Engineering_Foundations/airflow_env/lib/python3.9/site-packages/airflow/example_dags/example_sla_dag.py
[2022-03-18 17:45:37,350] {processor.py:642} INFO - Processing file /Users/louisekirkham/Documents/linkedin_learning/Ex_Files_Data_Engineering_Foundations/airflow_env/lib/python3.9/site-packages/airflow/example_dags/example_sla_dag.py for tasks to queue
[2022-03-18 17:45:37,351] {logging_mixin.py:109} INFO - [2022-03-18 17:45:37,350] {dagbag.py:500} INFO - Filling up the DagBag from /Users/louisekirkham/Documents/linkedin_learning/Ex_Files_Data_Engineering_Foundations/airflow_env/lib/python3.9/site-packages/airflow/example_dags/example_sla_dag.py
[2022-03-18 17:45:37,391] {processor.py:654} INFO - DAG(s) dict_keys(['example_sla_dag']) retrieved from /Users/louisekirkham/Documents/linkedin_learning/Ex_Files_Data_Engineering_Foundations/airflow_env/lib/python3.9/site-packages/airflow/example_dags/example_sla_dag.py
[2022-03-18 17:45:37,405] {logging_mixin.py:109} INFO - [2022-03-18 17:45:37,405] {dag.py:2398} INFO - Sync 1 DAGs
[2022-03-18 17:45:37,416] {logging_mixin.py:109} INFO - [2022-03-18 17:45:37,416] {dag.py:2937} INFO - Setting next_dagrun for example_sla_dag to 2022-03-18T17:42:00+00:00
[2022-03-18 17:45:37,423] {processor.py:171} INFO - Processing /Users/louisekirkham/Documents/linkedin_learning/Ex_Files_Data_Engineering_Foundations/airflow_env/lib/python3.9/site-packages/airflow/example_dags/example_sla_dag.py took 0.073 seconds
[2022-03-18 17:47:00,134] {processor.py:163} INFO - Started process (PID=49125) to work on /Users/louisekirkham/Documents/linkedin_learning/Ex_Files_Data_Engineering_Foundations/airflow_env/lib/python3.9/site-packages/airflow/example_dags/example_sla_dag.py
[2022-03-18 17:47:00,135] {processor.py:642} INFO - Processing file /Users/louisekirkham/Documents/linkedin_learning/Ex_Files_Data_Engineering_Foundations/airflow_env/lib/python3.9/site-packages/airflow/example_dags/example_sla_dag.py for tasks to queue
[2022-03-18 17:47:00,135] {logging_mixin.py:109} INFO - [2022-03-18 17:47:00,135] {dagbag.py:500} INFO - Filling up the DagBag from /Users/louisekirkham/Documents/linkedin_learning/Ex_Files_Data_Engineering_Foundations/airflow_env/lib/python3.9/site-packages/airflow/example_dags/example_sla_dag.py
[2022-03-18 17:47:00,191] {processor.py:654} INFO - DAG(s) dict_keys(['example_sla_dag']) retrieved from /Users/louisekirkham/Documents/linkedin_learning/Ex_Files_Data_Engineering_Foundations/airflow_env/lib/python3.9/site-packages/airflow/example_dags/example_sla_dag.py
[2022-03-18 17:47:00,207] {logging_mixin.py:109} INFO - [2022-03-18 17:47:00,206] {dag.py:2398} INFO - Sync 1 DAGs
[2022-03-18 17:47:00,219] {logging_mixin.py:109} INFO - [2022-03-18 17:47:00,219] {dag.py:2937} INFO - Setting next_dagrun for example_sla_dag to 2022-03-18T17:44:00+00:00
[2022-03-18 17:47:00,228] {processor.py:171} INFO - Processing /Users/louisekirkham/Documents/linkedin_learning/Ex_Files_Data_Engineering_Foundations/airflow_env/lib/python3.9/site-packages/airflow/example_dags/example_sla_dag.py took 0.095 seconds
[2022-03-18 17:48:24,551] {processor.py:163} INFO - Started process (PID=49460) to work on /Users/louisekirkham/Documents/linkedin_learning/Ex_Files_Data_Engineering_Foundations/airflow_env/lib/python3.9/site-packages/airflow/example_dags/example_sla_dag.py
[2022-03-18 17:48:24,552] {processor.py:642} INFO - Processing file /Users/louisekirkham/Documents/linkedin_learning/Ex_Files_Data_Engineering_Foundations/airflow_env/lib/python3.9/site-packages/airflow/example_dags/example_sla_dag.py for tasks to queue
[2022-03-18 17:48:24,553] {logging_mixin.py:109} INFO - [2022-03-18 17:48:24,553] {dagbag.py:500} INFO - Filling up the DagBag from /Users/louisekirkham/Documents/linkedin_learning/Ex_Files_Data_Engineering_Foundations/airflow_env/lib/python3.9/site-packages/airflow/example_dags/example_sla_dag.py
[2022-03-18 17:48:24,598] {processor.py:654} INFO - DAG(s) dict_keys(['example_sla_dag']) retrieved from /Users/louisekirkham/Documents/linkedin_learning/Ex_Files_Data_Engineering_Foundations/airflow_env/lib/python3.9/site-packages/airflow/example_dags/example_sla_dag.py
[2022-03-18 17:48:24,615] {logging_mixin.py:109} INFO - [2022-03-18 17:48:24,614] {dag.py:2398} INFO - Sync 1 DAGs
[2022-03-18 17:48:24,626] {logging_mixin.py:109} INFO - [2022-03-18 17:48:24,626] {dag.py:2937} INFO - Setting next_dagrun for example_sla_dag to 2022-03-18T17:46:00+00:00
[2022-03-18 17:48:24,633] {processor.py:171} INFO - Processing /Users/louisekirkham/Documents/linkedin_learning/Ex_Files_Data_Engineering_Foundations/airflow_env/lib/python3.9/site-packages/airflow/example_dags/example_sla_dag.py took 0.083 seconds
[2022-03-18 17:49:48,932] {processor.py:163} INFO - Started process (PID=50950) to work on /Users/louisekirkham/Documents/linkedin_learning/Ex_Files_Data_Engineering_Foundations/airflow_env/lib/python3.9/site-packages/airflow/example_dags/example_sla_dag.py
[2022-03-18 17:49:48,933] {processor.py:642} INFO - Processing file /Users/louisekirkham/Documents/linkedin_learning/Ex_Files_Data_Engineering_Foundations/airflow_env/lib/python3.9/site-packages/airflow/example_dags/example_sla_dag.py for tasks to queue
[2022-03-18 17:49:48,934] {logging_mixin.py:109} INFO - [2022-03-18 17:49:48,934] {dagbag.py:500} INFO - Filling up the DagBag from /Users/louisekirkham/Documents/linkedin_learning/Ex_Files_Data_Engineering_Foundations/airflow_env/lib/python3.9/site-packages/airflow/example_dags/example_sla_dag.py
[2022-03-18 17:49:48,983] {processor.py:654} INFO - DAG(s) dict_keys(['example_sla_dag']) retrieved from /Users/louisekirkham/Documents/linkedin_learning/Ex_Files_Data_Engineering_Foundations/airflow_env/lib/python3.9/site-packages/airflow/example_dags/example_sla_dag.py
[2022-03-18 17:49:48,999] {logging_mixin.py:109} INFO - [2022-03-18 17:49:48,999] {dag.py:2398} INFO - Sync 1 DAGs
[2022-03-18 17:49:49,015] {logging_mixin.py:109} INFO - [2022-03-18 17:49:49,015] {dag.py:2937} INFO - Setting next_dagrun for example_sla_dag to 2022-03-18T17:46:00+00:00
[2022-03-18 17:49:49,025] {processor.py:171} INFO - Processing /Users/louisekirkham/Documents/linkedin_learning/Ex_Files_Data_Engineering_Foundations/airflow_env/lib/python3.9/site-packages/airflow/example_dags/example_sla_dag.py took 0.094 seconds
[2022-03-18 17:51:14,828] {processor.py:163} INFO - Started process (PID=51034) to work on /Users/louisekirkham/Documents/linkedin_learning/Ex_Files_Data_Engineering_Foundations/airflow_env/lib/python3.9/site-packages/airflow/example_dags/example_sla_dag.py
[2022-03-18 17:51:14,828] {processor.py:642} INFO - Processing file /Users/louisekirkham/Documents/linkedin_learning/Ex_Files_Data_Engineering_Foundations/airflow_env/lib/python3.9/site-packages/airflow/example_dags/example_sla_dag.py for tasks to queue
[2022-03-18 17:51:14,829] {logging_mixin.py:109} INFO - [2022-03-18 17:51:14,829] {dagbag.py:500} INFO - Filling up the DagBag from /Users/louisekirkham/Documents/linkedin_learning/Ex_Files_Data_Engineering_Foundations/airflow_env/lib/python3.9/site-packages/airflow/example_dags/example_sla_dag.py
[2022-03-18 17:51:14,871] {processor.py:654} INFO - DAG(s) dict_keys(['example_sla_dag']) retrieved from /Users/louisekirkham/Documents/linkedin_learning/Ex_Files_Data_Engineering_Foundations/airflow_env/lib/python3.9/site-packages/airflow/example_dags/example_sla_dag.py
[2022-03-18 17:51:14,885] {logging_mixin.py:109} INFO - [2022-03-18 17:51:14,885] {dag.py:2398} INFO - Sync 1 DAGs
[2022-03-18 17:51:14,896] {logging_mixin.py:109} INFO - [2022-03-18 17:51:14,896] {dag.py:2937} INFO - Setting next_dagrun for example_sla_dag to 2022-03-18T17:48:00+00:00
[2022-03-18 17:51:14,904] {processor.py:171} INFO - Processing /Users/louisekirkham/Documents/linkedin_learning/Ex_Files_Data_Engineering_Foundations/airflow_env/lib/python3.9/site-packages/airflow/example_dags/example_sla_dag.py took 0.077 seconds
[2022-03-18 17:52:38,569] {processor.py:163} INFO - Started process (PID=51098) to work on /Users/louisekirkham/Documents/linkedin_learning/Ex_Files_Data_Engineering_Foundations/airflow_env/lib/python3.9/site-packages/airflow/example_dags/example_sla_dag.py
[2022-03-18 17:52:38,570] {processor.py:642} INFO - Processing file /Users/louisekirkham/Documents/linkedin_learning/Ex_Files_Data_Engineering_Foundations/airflow_env/lib/python3.9/site-packages/airflow/example_dags/example_sla_dag.py for tasks to queue
[2022-03-18 17:52:38,570] {logging_mixin.py:109} INFO - [2022-03-18 17:52:38,570] {dagbag.py:500} INFO - Filling up the DagBag from /Users/louisekirkham/Documents/linkedin_learning/Ex_Files_Data_Engineering_Foundations/airflow_env/lib/python3.9/site-packages/airflow/example_dags/example_sla_dag.py
[2022-03-18 17:52:38,609] {processor.py:654} INFO - DAG(s) dict_keys(['example_sla_dag']) retrieved from /Users/louisekirkham/Documents/linkedin_learning/Ex_Files_Data_Engineering_Foundations/airflow_env/lib/python3.9/site-packages/airflow/example_dags/example_sla_dag.py
[2022-03-18 17:52:38,621] {logging_mixin.py:109} INFO - [2022-03-18 17:52:38,621] {dag.py:2398} INFO - Sync 1 DAGs
[2022-03-18 17:52:38,636] {logging_mixin.py:109} INFO - [2022-03-18 17:52:38,636] {dag.py:2937} INFO - Setting next_dagrun for example_sla_dag to 2022-03-18T17:50:00+00:00
[2022-03-18 17:52:38,646] {processor.py:171} INFO - Processing /Users/louisekirkham/Documents/linkedin_learning/Ex_Files_Data_Engineering_Foundations/airflow_env/lib/python3.9/site-packages/airflow/example_dags/example_sla_dag.py took 0.077 seconds
[2022-03-18 17:54:00,913] {processor.py:163} INFO - Started process (PID=51161) to work on /Users/louisekirkham/Documents/linkedin_learning/Ex_Files_Data_Engineering_Foundations/airflow_env/lib/python3.9/site-packages/airflow/example_dags/example_sla_dag.py
[2022-03-18 17:54:00,915] {processor.py:642} INFO - Processing file /Users/louisekirkham/Documents/linkedin_learning/Ex_Files_Data_Engineering_Foundations/airflow_env/lib/python3.9/site-packages/airflow/example_dags/example_sla_dag.py for tasks to queue
[2022-03-18 17:54:00,916] {logging_mixin.py:109} INFO - [2022-03-18 17:54:00,916] {dagbag.py:500} INFO - Filling up the DagBag from /Users/louisekirkham/Documents/linkedin_learning/Ex_Files_Data_Engineering_Foundations/airflow_env/lib/python3.9/site-packages/airflow/example_dags/example_sla_dag.py
[2022-03-18 17:54:00,954] {processor.py:654} INFO - DAG(s) dict_keys(['example_sla_dag']) retrieved from /Users/louisekirkham/Documents/linkedin_learning/Ex_Files_Data_Engineering_Foundations/airflow_env/lib/python3.9/site-packages/airflow/example_dags/example_sla_dag.py
[2022-03-18 17:54:00,967] {logging_mixin.py:109} INFO - [2022-03-18 17:54:00,967] {dag.py:2398} INFO - Sync 1 DAGs
[2022-03-18 17:54:00,977] {logging_mixin.py:109} INFO - [2022-03-18 17:54:00,977] {dag.py:2937} INFO - Setting next_dagrun for example_sla_dag to 2022-03-18T17:52:00+00:00
[2022-03-18 17:54:00,984] {processor.py:171} INFO - Processing /Users/louisekirkham/Documents/linkedin_learning/Ex_Files_Data_Engineering_Foundations/airflow_env/lib/python3.9/site-packages/airflow/example_dags/example_sla_dag.py took 0.072 seconds
[2022-03-18 17:55:23,437] {processor.py:163} INFO - Started process (PID=51232) to work on /Users/louisekirkham/Documents/linkedin_learning/Ex_Files_Data_Engineering_Foundations/airflow_env/lib/python3.9/site-packages/airflow/example_dags/example_sla_dag.py
[2022-03-18 17:55:23,439] {processor.py:642} INFO - Processing file /Users/louisekirkham/Documents/linkedin_learning/Ex_Files_Data_Engineering_Foundations/airflow_env/lib/python3.9/site-packages/airflow/example_dags/example_sla_dag.py for tasks to queue
[2022-03-18 17:55:23,439] {logging_mixin.py:109} INFO - [2022-03-18 17:55:23,439] {dagbag.py:500} INFO - Filling up the DagBag from /Users/louisekirkham/Documents/linkedin_learning/Ex_Files_Data_Engineering_Foundations/airflow_env/lib/python3.9/site-packages/airflow/example_dags/example_sla_dag.py
[2022-03-18 17:55:23,486] {processor.py:654} INFO - DAG(s) dict_keys(['example_sla_dag']) retrieved from /Users/louisekirkham/Documents/linkedin_learning/Ex_Files_Data_Engineering_Foundations/airflow_env/lib/python3.9/site-packages/airflow/example_dags/example_sla_dag.py
[2022-03-18 17:55:23,501] {logging_mixin.py:109} INFO - [2022-03-18 17:55:23,501] {dag.py:2398} INFO - Sync 1 DAGs
[2022-03-18 17:55:23,512] {logging_mixin.py:109} INFO - [2022-03-18 17:55:23,512] {dag.py:2937} INFO - Setting next_dagrun for example_sla_dag to 2022-03-18T17:52:00+00:00
[2022-03-18 17:55:23,519] {processor.py:171} INFO - Processing /Users/louisekirkham/Documents/linkedin_learning/Ex_Files_Data_Engineering_Foundations/airflow_env/lib/python3.9/site-packages/airflow/example_dags/example_sla_dag.py took 0.082 seconds
[2022-03-18 17:56:49,356] {processor.py:163} INFO - Started process (PID=51296) to work on /Users/louisekirkham/Documents/linkedin_learning/Ex_Files_Data_Engineering_Foundations/airflow_env/lib/python3.9/site-packages/airflow/example_dags/example_sla_dag.py
[2022-03-18 17:56:49,357] {processor.py:642} INFO - Processing file /Users/louisekirkham/Documents/linkedin_learning/Ex_Files_Data_Engineering_Foundations/airflow_env/lib/python3.9/site-packages/airflow/example_dags/example_sla_dag.py for tasks to queue
[2022-03-18 17:56:49,358] {logging_mixin.py:109} INFO - [2022-03-18 17:56:49,358] {dagbag.py:500} INFO - Filling up the DagBag from /Users/louisekirkham/Documents/linkedin_learning/Ex_Files_Data_Engineering_Foundations/airflow_env/lib/python3.9/site-packages/airflow/example_dags/example_sla_dag.py
[2022-03-18 17:56:49,398] {processor.py:654} INFO - DAG(s) dict_keys(['example_sla_dag']) retrieved from /Users/louisekirkham/Documents/linkedin_learning/Ex_Files_Data_Engineering_Foundations/airflow_env/lib/python3.9/site-packages/airflow/example_dags/example_sla_dag.py
[2022-03-18 17:56:49,414] {logging_mixin.py:109} INFO - [2022-03-18 17:56:49,414] {dag.py:2398} INFO - Sync 1 DAGs
[2022-03-18 17:56:49,426] {logging_mixin.py:109} INFO - [2022-03-18 17:56:49,426] {dag.py:2937} INFO - Setting next_dagrun for example_sla_dag to 2022-03-18T17:54:00+00:00
[2022-03-18 17:56:49,434] {processor.py:171} INFO - Processing /Users/louisekirkham/Documents/linkedin_learning/Ex_Files_Data_Engineering_Foundations/airflow_env/lib/python3.9/site-packages/airflow/example_dags/example_sla_dag.py took 0.079 seconds
[2022-03-18 17:58:18,578] {processor.py:163} INFO - Started process (PID=51389) to work on /Users/louisekirkham/Documents/linkedin_learning/Ex_Files_Data_Engineering_Foundations/airflow_env/lib/python3.9/site-packages/airflow/example_dags/example_sla_dag.py
[2022-03-18 17:58:18,579] {processor.py:642} INFO - Processing file /Users/louisekirkham/Documents/linkedin_learning/Ex_Files_Data_Engineering_Foundations/airflow_env/lib/python3.9/site-packages/airflow/example_dags/example_sla_dag.py for tasks to queue
[2022-03-18 17:58:18,579] {logging_mixin.py:109} INFO - [2022-03-18 17:58:18,579] {dagbag.py:500} INFO - Filling up the DagBag from /Users/louisekirkham/Documents/linkedin_learning/Ex_Files_Data_Engineering_Foundations/airflow_env/lib/python3.9/site-packages/airflow/example_dags/example_sla_dag.py
[2022-03-18 17:58:18,617] {processor.py:654} INFO - DAG(s) dict_keys(['example_sla_dag']) retrieved from /Users/louisekirkham/Documents/linkedin_learning/Ex_Files_Data_Engineering_Foundations/airflow_env/lib/python3.9/site-packages/airflow/example_dags/example_sla_dag.py
[2022-03-18 17:58:18,631] {logging_mixin.py:109} INFO - [2022-03-18 17:58:18,630] {dag.py:2398} INFO - Sync 1 DAGs
[2022-03-18 17:58:18,642] {logging_mixin.py:109} INFO - [2022-03-18 17:58:18,642] {dag.py:2937} INFO - Setting next_dagrun for example_sla_dag to 2022-03-18T17:56:00+00:00
[2022-03-18 17:58:18,648] {processor.py:171} INFO - Processing /Users/louisekirkham/Documents/linkedin_learning/Ex_Files_Data_Engineering_Foundations/airflow_env/lib/python3.9/site-packages/airflow/example_dags/example_sla_dag.py took 0.071 seconds
[2022-03-18 17:59:50,881] {processor.py:163} INFO - Started process (PID=51526) to work on /Users/louisekirkham/Documents/linkedin_learning/Ex_Files_Data_Engineering_Foundations/airflow_env/lib/python3.9/site-packages/airflow/example_dags/example_sla_dag.py
[2022-03-18 17:59:50,881] {processor.py:642} INFO - Processing file /Users/louisekirkham/Documents/linkedin_learning/Ex_Files_Data_Engineering_Foundations/airflow_env/lib/python3.9/site-packages/airflow/example_dags/example_sla_dag.py for tasks to queue
[2022-03-18 17:59:50,882] {logging_mixin.py:109} INFO - [2022-03-18 17:59:50,881] {dagbag.py:500} INFO - Filling up the DagBag from /Users/louisekirkham/Documents/linkedin_learning/Ex_Files_Data_Engineering_Foundations/airflow_env/lib/python3.9/site-packages/airflow/example_dags/example_sla_dag.py
[2022-03-18 17:59:50,917] {processor.py:654} INFO - DAG(s) dict_keys(['example_sla_dag']) retrieved from /Users/louisekirkham/Documents/linkedin_learning/Ex_Files_Data_Engineering_Foundations/airflow_env/lib/python3.9/site-packages/airflow/example_dags/example_sla_dag.py
[2022-03-18 17:59:50,930] {logging_mixin.py:109} INFO - [2022-03-18 17:59:50,930] {dag.py:2398} INFO - Sync 1 DAGs
[2022-03-18 17:59:50,939] {logging_mixin.py:109} INFO - [2022-03-18 17:59:50,939] {dag.py:2937} INFO - Setting next_dagrun for example_sla_dag to 2022-03-18T17:56:00+00:00
[2022-03-18 17:59:50,945] {processor.py:171} INFO - Processing /Users/louisekirkham/Documents/linkedin_learning/Ex_Files_Data_Engineering_Foundations/airflow_env/lib/python3.9/site-packages/airflow/example_dags/example_sla_dag.py took 0.065 seconds
[2022-03-18 21:01:44,135] {processor.py:163} INFO - Started process (PID=51652) to work on /Users/louisekirkham/Documents/linkedin_learning/Ex_Files_Data_Engineering_Foundations/airflow_env/lib/python3.9/site-packages/airflow/example_dags/example_sla_dag.py
[2022-03-18 21:01:44,136] {processor.py:642} INFO - Processing file /Users/louisekirkham/Documents/linkedin_learning/Ex_Files_Data_Engineering_Foundations/airflow_env/lib/python3.9/site-packages/airflow/example_dags/example_sla_dag.py for tasks to queue
[2022-03-18 21:01:44,137] {logging_mixin.py:109} INFO - [2022-03-18 21:01:44,137] {dagbag.py:500} INFO - Filling up the DagBag from /Users/louisekirkham/Documents/linkedin_learning/Ex_Files_Data_Engineering_Foundations/airflow_env/lib/python3.9/site-packages/airflow/example_dags/example_sla_dag.py
[2022-03-18 21:01:44,173] {processor.py:654} INFO - DAG(s) dict_keys(['example_sla_dag']) retrieved from /Users/louisekirkham/Documents/linkedin_learning/Ex_Files_Data_Engineering_Foundations/airflow_env/lib/python3.9/site-packages/airflow/example_dags/example_sla_dag.py
[2022-03-18 21:01:44,186] {logging_mixin.py:109} INFO - [2022-03-18 21:01:44,186] {dag.py:2398} INFO - Sync 1 DAGs
[2022-03-18 21:01:44,194] {logging_mixin.py:109} INFO - [2022-03-18 21:01:44,194] {dag.py:2937} INFO - Setting next_dagrun for example_sla_dag to 2022-03-18T20:58:00+00:00
[2022-03-18 21:01:44,201] {processor.py:171} INFO - Processing /Users/louisekirkham/Documents/linkedin_learning/Ex_Files_Data_Engineering_Foundations/airflow_env/lib/python3.9/site-packages/airflow/example_dags/example_sla_dag.py took 0.066 seconds
