[2022-03-18 10:37:05,107] {processor.py:163} INFO - Started process (PID=46374) to work on /Users/louisekirkham/Documents/linkedin_learning/Ex_Files_Data_Engineering_Foundations/airflow_env/lib/python3.9/site-packages/airflow/example_dags/example_task_group.py
[2022-03-18 10:37:05,108] {processor.py:642} INFO - Processing file /Users/louisekirkham/Documents/linkedin_learning/Ex_Files_Data_Engineering_Foundations/airflow_env/lib/python3.9/site-packages/airflow/example_dags/example_task_group.py for tasks to queue
[2022-03-18 10:37:05,108] {logging_mixin.py:109} INFO - [2022-03-18 10:37:05,108] {dagbag.py:500} INFO - Filling up the DagBag from /Users/louisekirkham/Documents/linkedin_learning/Ex_Files_Data_Engineering_Foundations/airflow_env/lib/python3.9/site-packages/airflow/example_dags/example_task_group.py
[2022-03-18 10:37:05,143] {processor.py:654} INFO - DAG(s) dict_keys(['example_task_group']) retrieved from /Users/louisekirkham/Documents/linkedin_learning/Ex_Files_Data_Engineering_Foundations/airflow_env/lib/python3.9/site-packages/airflow/example_dags/example_task_group.py
[2022-03-18 10:37:05,163] {logging_mixin.py:109} INFO - [2022-03-18 10:37:05,163] {dag.py:2398} INFO - Sync 1 DAGs
[2022-03-18 10:37:05,173] {logging_mixin.py:109} INFO - [2022-03-18 10:37:05,173] {dag.py:2937} INFO - Setting next_dagrun for example_task_group to 2022-03-17T10:37:05.172927+00:00
[2022-03-18 10:37:05,181] {processor.py:171} INFO - Processing /Users/louisekirkham/Documents/linkedin_learning/Ex_Files_Data_Engineering_Foundations/airflow_env/lib/python3.9/site-packages/airflow/example_dags/example_task_group.py took 0.074 seconds
[2022-03-18 10:38:14,647] {processor.py:163} INFO - Started process (PID=46474) to work on /Users/louisekirkham/Documents/linkedin_learning/Ex_Files_Data_Engineering_Foundations/airflow_env/lib/python3.9/site-packages/airflow/example_dags/example_task_group.py
[2022-03-18 10:38:14,647] {processor.py:642} INFO - Processing file /Users/louisekirkham/Documents/linkedin_learning/Ex_Files_Data_Engineering_Foundations/airflow_env/lib/python3.9/site-packages/airflow/example_dags/example_task_group.py for tasks to queue
[2022-03-18 10:38:14,647] {logging_mixin.py:109} INFO - [2022-03-18 10:38:14,647] {dagbag.py:500} INFO - Filling up the DagBag from /Users/louisekirkham/Documents/linkedin_learning/Ex_Files_Data_Engineering_Foundations/airflow_env/lib/python3.9/site-packages/airflow/example_dags/example_task_group.py
[2022-03-18 10:38:14,676] {processor.py:654} INFO - DAG(s) dict_keys(['example_task_group']) retrieved from /Users/louisekirkham/Documents/linkedin_learning/Ex_Files_Data_Engineering_Foundations/airflow_env/lib/python3.9/site-packages/airflow/example_dags/example_task_group.py
[2022-03-18 10:38:14,690] {logging_mixin.py:109} INFO - [2022-03-18 10:38:14,690] {dag.py:2398} INFO - Sync 1 DAGs
[2022-03-18 10:38:14,697] {logging_mixin.py:109} INFO - [2022-03-18 10:38:14,697] {dag.py:2937} INFO - Setting next_dagrun for example_task_group to 2022-03-17T10:38:14.697783+00:00
[2022-03-18 10:38:14,705] {processor.py:171} INFO - Processing /Users/louisekirkham/Documents/linkedin_learning/Ex_Files_Data_Engineering_Foundations/airflow_env/lib/python3.9/site-packages/airflow/example_dags/example_task_group.py took 0.059 seconds
[2022-03-18 10:39:38,002] {processor.py:163} INFO - Started process (PID=46546) to work on /Users/louisekirkham/Documents/linkedin_learning/Ex_Files_Data_Engineering_Foundations/airflow_env/lib/python3.9/site-packages/airflow/example_dags/example_task_group.py
[2022-03-18 10:39:38,002] {processor.py:642} INFO - Processing file /Users/louisekirkham/Documents/linkedin_learning/Ex_Files_Data_Engineering_Foundations/airflow_env/lib/python3.9/site-packages/airflow/example_dags/example_task_group.py for tasks to queue
[2022-03-18 10:39:38,002] {logging_mixin.py:109} INFO - [2022-03-18 10:39:38,002] {dagbag.py:500} INFO - Filling up the DagBag from /Users/louisekirkham/Documents/linkedin_learning/Ex_Files_Data_Engineering_Foundations/airflow_env/lib/python3.9/site-packages/airflow/example_dags/example_task_group.py
[2022-03-18 10:39:38,032] {processor.py:654} INFO - DAG(s) dict_keys(['example_task_group']) retrieved from /Users/louisekirkham/Documents/linkedin_learning/Ex_Files_Data_Engineering_Foundations/airflow_env/lib/python3.9/site-packages/airflow/example_dags/example_task_group.py
[2022-03-18 10:39:38,047] {logging_mixin.py:109} INFO - [2022-03-18 10:39:38,047] {dag.py:2398} INFO - Sync 1 DAGs
[2022-03-18 10:39:38,056] {logging_mixin.py:109} INFO - [2022-03-18 10:39:38,056] {dag.py:2937} INFO - Setting next_dagrun for example_task_group to 2022-03-17T10:39:38.056473+00:00
[2022-03-18 10:39:38,063] {processor.py:171} INFO - Processing /Users/louisekirkham/Documents/linkedin_learning/Ex_Files_Data_Engineering_Foundations/airflow_env/lib/python3.9/site-packages/airflow/example_dags/example_task_group.py took 0.062 seconds
[2022-03-18 17:06:31,365] {processor.py:163} INFO - Started process (PID=46743) to work on /Users/louisekirkham/Documents/linkedin_learning/Ex_Files_Data_Engineering_Foundations/airflow_env/lib/python3.9/site-packages/airflow/example_dags/example_task_group.py
[2022-03-18 17:06:31,367] {processor.py:642} INFO - Processing file /Users/louisekirkham/Documents/linkedin_learning/Ex_Files_Data_Engineering_Foundations/airflow_env/lib/python3.9/site-packages/airflow/example_dags/example_task_group.py for tasks to queue
[2022-03-18 17:06:31,367] {logging_mixin.py:109} INFO - [2022-03-18 17:06:31,367] {dagbag.py:500} INFO - Filling up the DagBag from /Users/louisekirkham/Documents/linkedin_learning/Ex_Files_Data_Engineering_Foundations/airflow_env/lib/python3.9/site-packages/airflow/example_dags/example_task_group.py
[2022-03-18 17:06:31,404] {processor.py:654} INFO - DAG(s) dict_keys(['example_task_group']) retrieved from /Users/louisekirkham/Documents/linkedin_learning/Ex_Files_Data_Engineering_Foundations/airflow_env/lib/python3.9/site-packages/airflow/example_dags/example_task_group.py
[2022-03-18 17:06:31,423] {logging_mixin.py:109} INFO - [2022-03-18 17:06:31,423] {dag.py:2398} INFO - Sync 1 DAGs
[2022-03-18 17:06:31,436] {logging_mixin.py:109} INFO - [2022-03-18 17:06:31,436] {dag.py:2937} INFO - Setting next_dagrun for example_task_group to 2022-03-17T17:06:31.436546+00:00
[2022-03-18 17:06:31,443] {processor.py:171} INFO - Processing /Users/louisekirkham/Documents/linkedin_learning/Ex_Files_Data_Engineering_Foundations/airflow_env/lib/python3.9/site-packages/airflow/example_dags/example_task_group.py took 0.079 seconds
[2022-03-18 17:07:56,365] {processor.py:163} INFO - Started process (PID=46821) to work on /Users/louisekirkham/Documents/linkedin_learning/Ex_Files_Data_Engineering_Foundations/airflow_env/lib/python3.9/site-packages/airflow/example_dags/example_task_group.py
[2022-03-18 17:07:56,365] {processor.py:642} INFO - Processing file /Users/louisekirkham/Documents/linkedin_learning/Ex_Files_Data_Engineering_Foundations/airflow_env/lib/python3.9/site-packages/airflow/example_dags/example_task_group.py for tasks to queue
[2022-03-18 17:07:56,365] {logging_mixin.py:109} INFO - [2022-03-18 17:07:56,365] {dagbag.py:500} INFO - Filling up the DagBag from /Users/louisekirkham/Documents/linkedin_learning/Ex_Files_Data_Engineering_Foundations/airflow_env/lib/python3.9/site-packages/airflow/example_dags/example_task_group.py
[2022-03-18 17:07:56,396] {processor.py:654} INFO - DAG(s) dict_keys(['example_task_group']) retrieved from /Users/louisekirkham/Documents/linkedin_learning/Ex_Files_Data_Engineering_Foundations/airflow_env/lib/python3.9/site-packages/airflow/example_dags/example_task_group.py
[2022-03-18 17:07:56,411] {logging_mixin.py:109} INFO - [2022-03-18 17:07:56,411] {dag.py:2398} INFO - Sync 1 DAGs
[2022-03-18 17:07:56,418] {logging_mixin.py:109} INFO - [2022-03-18 17:07:56,418] {dag.py:2937} INFO - Setting next_dagrun for example_task_group to 2022-03-17T17:07:56.418382+00:00
[2022-03-18 17:07:56,426] {processor.py:171} INFO - Processing /Users/louisekirkham/Documents/linkedin_learning/Ex_Files_Data_Engineering_Foundations/airflow_env/lib/python3.9/site-packages/airflow/example_dags/example_task_group.py took 0.062 seconds
[2022-03-18 17:09:25,990] {processor.py:163} INFO - Started process (PID=46895) to work on /Users/louisekirkham/Documents/linkedin_learning/Ex_Files_Data_Engineering_Foundations/airflow_env/lib/python3.9/site-packages/airflow/example_dags/example_task_group.py
[2022-03-18 17:09:25,992] {processor.py:642} INFO - Processing file /Users/louisekirkham/Documents/linkedin_learning/Ex_Files_Data_Engineering_Foundations/airflow_env/lib/python3.9/site-packages/airflow/example_dags/example_task_group.py for tasks to queue
[2022-03-18 17:09:25,993] {logging_mixin.py:109} INFO - [2022-03-18 17:09:25,992] {dagbag.py:500} INFO - Filling up the DagBag from /Users/louisekirkham/Documents/linkedin_learning/Ex_Files_Data_Engineering_Foundations/airflow_env/lib/python3.9/site-packages/airflow/example_dags/example_task_group.py
[2022-03-18 17:09:26,026] {processor.py:654} INFO - DAG(s) dict_keys(['example_task_group']) retrieved from /Users/louisekirkham/Documents/linkedin_learning/Ex_Files_Data_Engineering_Foundations/airflow_env/lib/python3.9/site-packages/airflow/example_dags/example_task_group.py
[2022-03-18 17:09:26,043] {logging_mixin.py:109} INFO - [2022-03-18 17:09:26,042] {dag.py:2398} INFO - Sync 1 DAGs
[2022-03-18 17:09:26,051] {logging_mixin.py:109} INFO - [2022-03-18 17:09:26,051] {dag.py:2937} INFO - Setting next_dagrun for example_task_group to 2022-03-17T17:09:26.051327+00:00
[2022-03-18 17:09:26,059] {processor.py:171} INFO - Processing /Users/louisekirkham/Documents/linkedin_learning/Ex_Files_Data_Engineering_Foundations/airflow_env/lib/python3.9/site-packages/airflow/example_dags/example_task_group.py took 0.069 seconds
[2022-03-18 17:11:04,661] {processor.py:163} INFO - Started process (PID=46976) to work on /Users/louisekirkham/Documents/linkedin_learning/Ex_Files_Data_Engineering_Foundations/airflow_env/lib/python3.9/site-packages/airflow/example_dags/example_task_group.py
[2022-03-18 17:11:04,662] {processor.py:642} INFO - Processing file /Users/louisekirkham/Documents/linkedin_learning/Ex_Files_Data_Engineering_Foundations/airflow_env/lib/python3.9/site-packages/airflow/example_dags/example_task_group.py for tasks to queue
[2022-03-18 17:11:04,663] {logging_mixin.py:109} INFO - [2022-03-18 17:11:04,663] {dagbag.py:500} INFO - Filling up the DagBag from /Users/louisekirkham/Documents/linkedin_learning/Ex_Files_Data_Engineering_Foundations/airflow_env/lib/python3.9/site-packages/airflow/example_dags/example_task_group.py
[2022-03-18 17:11:04,694] {processor.py:654} INFO - DAG(s) dict_keys(['example_task_group']) retrieved from /Users/louisekirkham/Documents/linkedin_learning/Ex_Files_Data_Engineering_Foundations/airflow_env/lib/python3.9/site-packages/airflow/example_dags/example_task_group.py
[2022-03-18 17:11:04,711] {logging_mixin.py:109} INFO - [2022-03-18 17:11:04,711] {dag.py:2398} INFO - Sync 1 DAGs
[2022-03-18 17:11:04,718] {logging_mixin.py:109} INFO - [2022-03-18 17:11:04,718] {dag.py:2937} INFO - Setting next_dagrun for example_task_group to 2022-03-17T17:11:04.718258+00:00
[2022-03-18 17:11:04,724] {processor.py:171} INFO - Processing /Users/louisekirkham/Documents/linkedin_learning/Ex_Files_Data_Engineering_Foundations/airflow_env/lib/python3.9/site-packages/airflow/example_dags/example_task_group.py took 0.064 seconds
[2022-03-18 17:12:29,748] {processor.py:163} INFO - Started process (PID=47042) to work on /Users/louisekirkham/Documents/linkedin_learning/Ex_Files_Data_Engineering_Foundations/airflow_env/lib/python3.9/site-packages/airflow/example_dags/example_task_group.py
[2022-03-18 17:12:29,749] {processor.py:642} INFO - Processing file /Users/louisekirkham/Documents/linkedin_learning/Ex_Files_Data_Engineering_Foundations/airflow_env/lib/python3.9/site-packages/airflow/example_dags/example_task_group.py for tasks to queue
[2022-03-18 17:12:29,750] {logging_mixin.py:109} INFO - [2022-03-18 17:12:29,750] {dagbag.py:500} INFO - Filling up the DagBag from /Users/louisekirkham/Documents/linkedin_learning/Ex_Files_Data_Engineering_Foundations/airflow_env/lib/python3.9/site-packages/airflow/example_dags/example_task_group.py
[2022-03-18 17:12:29,779] {processor.py:654} INFO - DAG(s) dict_keys(['example_task_group']) retrieved from /Users/louisekirkham/Documents/linkedin_learning/Ex_Files_Data_Engineering_Foundations/airflow_env/lib/python3.9/site-packages/airflow/example_dags/example_task_group.py
[2022-03-18 17:12:29,793] {logging_mixin.py:109} INFO - [2022-03-18 17:12:29,793] {dag.py:2398} INFO - Sync 1 DAGs
[2022-03-18 17:12:29,800] {logging_mixin.py:109} INFO - [2022-03-18 17:12:29,800] {dag.py:2937} INFO - Setting next_dagrun for example_task_group to 2022-03-17T17:12:29.800632+00:00
[2022-03-18 17:12:29,807] {processor.py:171} INFO - Processing /Users/louisekirkham/Documents/linkedin_learning/Ex_Files_Data_Engineering_Foundations/airflow_env/lib/python3.9/site-packages/airflow/example_dags/example_task_group.py took 0.059 seconds
[2022-03-18 17:13:53,842] {processor.py:163} INFO - Started process (PID=47107) to work on /Users/louisekirkham/Documents/linkedin_learning/Ex_Files_Data_Engineering_Foundations/airflow_env/lib/python3.9/site-packages/airflow/example_dags/example_task_group.py
[2022-03-18 17:13:53,843] {processor.py:642} INFO - Processing file /Users/louisekirkham/Documents/linkedin_learning/Ex_Files_Data_Engineering_Foundations/airflow_env/lib/python3.9/site-packages/airflow/example_dags/example_task_group.py for tasks to queue
[2022-03-18 17:13:53,844] {logging_mixin.py:109} INFO - [2022-03-18 17:13:53,844] {dagbag.py:500} INFO - Filling up the DagBag from /Users/louisekirkham/Documents/linkedin_learning/Ex_Files_Data_Engineering_Foundations/airflow_env/lib/python3.9/site-packages/airflow/example_dags/example_task_group.py
[2022-03-18 17:13:53,871] {processor.py:654} INFO - DAG(s) dict_keys(['example_task_group']) retrieved from /Users/louisekirkham/Documents/linkedin_learning/Ex_Files_Data_Engineering_Foundations/airflow_env/lib/python3.9/site-packages/airflow/example_dags/example_task_group.py
[2022-03-18 17:13:53,886] {logging_mixin.py:109} INFO - [2022-03-18 17:13:53,886] {dag.py:2398} INFO - Sync 1 DAGs
[2022-03-18 17:13:53,893] {logging_mixin.py:109} INFO - [2022-03-18 17:13:53,892] {dag.py:2937} INFO - Setting next_dagrun for example_task_group to 2022-03-17T17:13:53.892855+00:00
[2022-03-18 17:13:53,899] {processor.py:171} INFO - Processing /Users/louisekirkham/Documents/linkedin_learning/Ex_Files_Data_Engineering_Foundations/airflow_env/lib/python3.9/site-packages/airflow/example_dags/example_task_group.py took 0.058 seconds
[2022-03-18 17:15:18,977] {processor.py:163} INFO - Started process (PID=47168) to work on /Users/louisekirkham/Documents/linkedin_learning/Ex_Files_Data_Engineering_Foundations/airflow_env/lib/python3.9/site-packages/airflow/example_dags/example_task_group.py
[2022-03-18 17:15:18,978] {processor.py:642} INFO - Processing file /Users/louisekirkham/Documents/linkedin_learning/Ex_Files_Data_Engineering_Foundations/airflow_env/lib/python3.9/site-packages/airflow/example_dags/example_task_group.py for tasks to queue
[2022-03-18 17:15:18,979] {logging_mixin.py:109} INFO - [2022-03-18 17:15:18,979] {dagbag.py:500} INFO - Filling up the DagBag from /Users/louisekirkham/Documents/linkedin_learning/Ex_Files_Data_Engineering_Foundations/airflow_env/lib/python3.9/site-packages/airflow/example_dags/example_task_group.py
[2022-03-18 17:15:19,014] {processor.py:654} INFO - DAG(s) dict_keys(['example_task_group']) retrieved from /Users/louisekirkham/Documents/linkedin_learning/Ex_Files_Data_Engineering_Foundations/airflow_env/lib/python3.9/site-packages/airflow/example_dags/example_task_group.py
[2022-03-18 17:15:19,031] {logging_mixin.py:109} INFO - [2022-03-18 17:15:19,031] {dag.py:2398} INFO - Sync 1 DAGs
[2022-03-18 17:15:19,039] {logging_mixin.py:109} INFO - [2022-03-18 17:15:19,039] {dag.py:2937} INFO - Setting next_dagrun for example_task_group to 2022-03-17T17:15:19.038761+00:00
[2022-03-18 17:15:19,048] {processor.py:171} INFO - Processing /Users/louisekirkham/Documents/linkedin_learning/Ex_Files_Data_Engineering_Foundations/airflow_env/lib/python3.9/site-packages/airflow/example_dags/example_task_group.py took 0.071 seconds
[2022-03-18 17:16:43,904] {processor.py:163} INFO - Started process (PID=47244) to work on /Users/louisekirkham/Documents/linkedin_learning/Ex_Files_Data_Engineering_Foundations/airflow_env/lib/python3.9/site-packages/airflow/example_dags/example_task_group.py
[2022-03-18 17:16:43,905] {processor.py:642} INFO - Processing file /Users/louisekirkham/Documents/linkedin_learning/Ex_Files_Data_Engineering_Foundations/airflow_env/lib/python3.9/site-packages/airflow/example_dags/example_task_group.py for tasks to queue
[2022-03-18 17:16:43,905] {logging_mixin.py:109} INFO - [2022-03-18 17:16:43,905] {dagbag.py:500} INFO - Filling up the DagBag from /Users/louisekirkham/Documents/linkedin_learning/Ex_Files_Data_Engineering_Foundations/airflow_env/lib/python3.9/site-packages/airflow/example_dags/example_task_group.py
[2022-03-18 17:16:43,937] {processor.py:654} INFO - DAG(s) dict_keys(['example_task_group']) retrieved from /Users/louisekirkham/Documents/linkedin_learning/Ex_Files_Data_Engineering_Foundations/airflow_env/lib/python3.9/site-packages/airflow/example_dags/example_task_group.py
[2022-03-18 17:16:43,951] {logging_mixin.py:109} INFO - [2022-03-18 17:16:43,951] {dag.py:2398} INFO - Sync 1 DAGs
[2022-03-18 17:16:43,958] {logging_mixin.py:109} INFO - [2022-03-18 17:16:43,958] {dag.py:2937} INFO - Setting next_dagrun for example_task_group to 2022-03-17T17:16:43.958020+00:00
[2022-03-18 17:16:43,966] {processor.py:171} INFO - Processing /Users/louisekirkham/Documents/linkedin_learning/Ex_Files_Data_Engineering_Foundations/airflow_env/lib/python3.9/site-packages/airflow/example_dags/example_task_group.py took 0.062 seconds
[2022-03-18 17:18:08,496] {processor.py:163} INFO - Started process (PID=47313) to work on /Users/louisekirkham/Documents/linkedin_learning/Ex_Files_Data_Engineering_Foundations/airflow_env/lib/python3.9/site-packages/airflow/example_dags/example_task_group.py
[2022-03-18 17:18:08,498] {processor.py:642} INFO - Processing file /Users/louisekirkham/Documents/linkedin_learning/Ex_Files_Data_Engineering_Foundations/airflow_env/lib/python3.9/site-packages/airflow/example_dags/example_task_group.py for tasks to queue
[2022-03-18 17:18:08,498] {logging_mixin.py:109} INFO - [2022-03-18 17:18:08,498] {dagbag.py:500} INFO - Filling up the DagBag from /Users/louisekirkham/Documents/linkedin_learning/Ex_Files_Data_Engineering_Foundations/airflow_env/lib/python3.9/site-packages/airflow/example_dags/example_task_group.py
[2022-03-18 17:18:08,528] {processor.py:654} INFO - DAG(s) dict_keys(['example_task_group']) retrieved from /Users/louisekirkham/Documents/linkedin_learning/Ex_Files_Data_Engineering_Foundations/airflow_env/lib/python3.9/site-packages/airflow/example_dags/example_task_group.py
[2022-03-18 17:18:08,543] {logging_mixin.py:109} INFO - [2022-03-18 17:18:08,543] {dag.py:2398} INFO - Sync 1 DAGs
[2022-03-18 17:18:08,550] {logging_mixin.py:109} INFO - [2022-03-18 17:18:08,550] {dag.py:2937} INFO - Setting next_dagrun for example_task_group to 2022-03-17T17:18:08.550078+00:00
[2022-03-18 17:18:08,556] {processor.py:171} INFO - Processing /Users/louisekirkham/Documents/linkedin_learning/Ex_Files_Data_Engineering_Foundations/airflow_env/lib/python3.9/site-packages/airflow/example_dags/example_task_group.py took 0.061 seconds
[2022-03-18 17:19:30,427] {processor.py:163} INFO - Started process (PID=47369) to work on /Users/louisekirkham/Documents/linkedin_learning/Ex_Files_Data_Engineering_Foundations/airflow_env/lib/python3.9/site-packages/airflow/example_dags/example_task_group.py
[2022-03-18 17:19:30,429] {processor.py:642} INFO - Processing file /Users/louisekirkham/Documents/linkedin_learning/Ex_Files_Data_Engineering_Foundations/airflow_env/lib/python3.9/site-packages/airflow/example_dags/example_task_group.py for tasks to queue
[2022-03-18 17:19:30,429] {logging_mixin.py:109} INFO - [2022-03-18 17:19:30,429] {dagbag.py:500} INFO - Filling up the DagBag from /Users/louisekirkham/Documents/linkedin_learning/Ex_Files_Data_Engineering_Foundations/airflow_env/lib/python3.9/site-packages/airflow/example_dags/example_task_group.py
[2022-03-18 17:19:30,460] {processor.py:654} INFO - DAG(s) dict_keys(['example_task_group']) retrieved from /Users/louisekirkham/Documents/linkedin_learning/Ex_Files_Data_Engineering_Foundations/airflow_env/lib/python3.9/site-packages/airflow/example_dags/example_task_group.py
[2022-03-18 17:19:30,474] {logging_mixin.py:109} INFO - [2022-03-18 17:19:30,474] {dag.py:2398} INFO - Sync 1 DAGs
[2022-03-18 17:19:30,482] {logging_mixin.py:109} INFO - [2022-03-18 17:19:30,482] {dag.py:2937} INFO - Setting next_dagrun for example_task_group to 2022-03-17T17:19:30.482293+00:00
[2022-03-18 17:19:30,489] {processor.py:171} INFO - Processing /Users/louisekirkham/Documents/linkedin_learning/Ex_Files_Data_Engineering_Foundations/airflow_env/lib/python3.9/site-packages/airflow/example_dags/example_task_group.py took 0.063 seconds
[2022-03-18 17:24:03,627] {processor.py:163} INFO - Started process (PID=47537) to work on /Users/louisekirkham/Documents/linkedin_learning/Ex_Files_Data_Engineering_Foundations/airflow_env/lib/python3.9/site-packages/airflow/example_dags/example_task_group.py
[2022-03-18 17:24:03,629] {processor.py:642} INFO - Processing file /Users/louisekirkham/Documents/linkedin_learning/Ex_Files_Data_Engineering_Foundations/airflow_env/lib/python3.9/site-packages/airflow/example_dags/example_task_group.py for tasks to queue
[2022-03-18 17:24:03,629] {logging_mixin.py:109} INFO - [2022-03-18 17:24:03,629] {dagbag.py:500} INFO - Filling up the DagBag from /Users/louisekirkham/Documents/linkedin_learning/Ex_Files_Data_Engineering_Foundations/airflow_env/lib/python3.9/site-packages/airflow/example_dags/example_task_group.py
[2022-03-18 17:24:03,660] {processor.py:654} INFO - DAG(s) dict_keys(['example_task_group']) retrieved from /Users/louisekirkham/Documents/linkedin_learning/Ex_Files_Data_Engineering_Foundations/airflow_env/lib/python3.9/site-packages/airflow/example_dags/example_task_group.py
[2022-03-18 17:24:03,675] {logging_mixin.py:109} INFO - [2022-03-18 17:24:03,675] {dag.py:2398} INFO - Sync 1 DAGs
[2022-03-18 17:24:03,683] {logging_mixin.py:109} INFO - [2022-03-18 17:24:03,683] {dag.py:2937} INFO - Setting next_dagrun for example_task_group to 2022-03-17T17:24:03.683250+00:00
[2022-03-18 17:24:03,691] {processor.py:171} INFO - Processing /Users/louisekirkham/Documents/linkedin_learning/Ex_Files_Data_Engineering_Foundations/airflow_env/lib/python3.9/site-packages/airflow/example_dags/example_task_group.py took 0.064 seconds
[2022-03-18 17:25:20,297] {processor.py:163} INFO - Started process (PID=47608) to work on /Users/louisekirkham/Documents/linkedin_learning/Ex_Files_Data_Engineering_Foundations/airflow_env/lib/python3.9/site-packages/airflow/example_dags/example_task_group.py
[2022-03-18 17:25:20,298] {processor.py:642} INFO - Processing file /Users/louisekirkham/Documents/linkedin_learning/Ex_Files_Data_Engineering_Foundations/airflow_env/lib/python3.9/site-packages/airflow/example_dags/example_task_group.py for tasks to queue
[2022-03-18 17:25:20,298] {logging_mixin.py:109} INFO - [2022-03-18 17:25:20,298] {dagbag.py:500} INFO - Filling up the DagBag from /Users/louisekirkham/Documents/linkedin_learning/Ex_Files_Data_Engineering_Foundations/airflow_env/lib/python3.9/site-packages/airflow/example_dags/example_task_group.py
[2022-03-18 17:25:20,336] {processor.py:654} INFO - DAG(s) dict_keys(['example_task_group']) retrieved from /Users/louisekirkham/Documents/linkedin_learning/Ex_Files_Data_Engineering_Foundations/airflow_env/lib/python3.9/site-packages/airflow/example_dags/example_task_group.py
[2022-03-18 17:25:20,353] {logging_mixin.py:109} INFO - [2022-03-18 17:25:20,352] {dag.py:2398} INFO - Sync 1 DAGs
[2022-03-18 17:25:20,364] {logging_mixin.py:109} INFO - [2022-03-18 17:25:20,363] {dag.py:2937} INFO - Setting next_dagrun for example_task_group to 2022-03-17T17:25:20.363472+00:00
[2022-03-18 17:25:20,373] {processor.py:171} INFO - Processing /Users/louisekirkham/Documents/linkedin_learning/Ex_Files_Data_Engineering_Foundations/airflow_env/lib/python3.9/site-packages/airflow/example_dags/example_task_group.py took 0.077 seconds
[2022-03-18 17:26:49,459] {processor.py:163} INFO - Started process (PID=47682) to work on /Users/louisekirkham/Documents/linkedin_learning/Ex_Files_Data_Engineering_Foundations/airflow_env/lib/python3.9/site-packages/airflow/example_dags/example_task_group.py
[2022-03-18 17:26:49,460] {processor.py:642} INFO - Processing file /Users/louisekirkham/Documents/linkedin_learning/Ex_Files_Data_Engineering_Foundations/airflow_env/lib/python3.9/site-packages/airflow/example_dags/example_task_group.py for tasks to queue
[2022-03-18 17:26:49,462] {logging_mixin.py:109} INFO - [2022-03-18 17:26:49,461] {dagbag.py:500} INFO - Filling up the DagBag from /Users/louisekirkham/Documents/linkedin_learning/Ex_Files_Data_Engineering_Foundations/airflow_env/lib/python3.9/site-packages/airflow/example_dags/example_task_group.py
[2022-03-18 17:26:49,501] {processor.py:654} INFO - DAG(s) dict_keys(['example_task_group']) retrieved from /Users/louisekirkham/Documents/linkedin_learning/Ex_Files_Data_Engineering_Foundations/airflow_env/lib/python3.9/site-packages/airflow/example_dags/example_task_group.py
[2022-03-18 17:26:49,518] {logging_mixin.py:109} INFO - [2022-03-18 17:26:49,518] {dag.py:2398} INFO - Sync 1 DAGs
[2022-03-18 17:26:49,529] {logging_mixin.py:109} INFO - [2022-03-18 17:26:49,528] {dag.py:2937} INFO - Setting next_dagrun for example_task_group to 2022-03-17T17:26:49.528797+00:00
[2022-03-18 17:26:49,562] {processor.py:171} INFO - Processing /Users/louisekirkham/Documents/linkedin_learning/Ex_Files_Data_Engineering_Foundations/airflow_env/lib/python3.9/site-packages/airflow/example_dags/example_task_group.py took 0.104 seconds
[2022-03-18 17:28:31,367] {processor.py:163} INFO - Started process (PID=47747) to work on /Users/louisekirkham/Documents/linkedin_learning/Ex_Files_Data_Engineering_Foundations/airflow_env/lib/python3.9/site-packages/airflow/example_dags/example_task_group.py
[2022-03-18 17:28:31,367] {processor.py:642} INFO - Processing file /Users/louisekirkham/Documents/linkedin_learning/Ex_Files_Data_Engineering_Foundations/airflow_env/lib/python3.9/site-packages/airflow/example_dags/example_task_group.py for tasks to queue
[2022-03-18 17:28:31,367] {logging_mixin.py:109} INFO - [2022-03-18 17:28:31,367] {dagbag.py:500} INFO - Filling up the DagBag from /Users/louisekirkham/Documents/linkedin_learning/Ex_Files_Data_Engineering_Foundations/airflow_env/lib/python3.9/site-packages/airflow/example_dags/example_task_group.py
[2022-03-18 17:28:31,397] {processor.py:654} INFO - DAG(s) dict_keys(['example_task_group']) retrieved from /Users/louisekirkham/Documents/linkedin_learning/Ex_Files_Data_Engineering_Foundations/airflow_env/lib/python3.9/site-packages/airflow/example_dags/example_task_group.py
[2022-03-18 17:28:31,412] {logging_mixin.py:109} INFO - [2022-03-18 17:28:31,412] {dag.py:2398} INFO - Sync 1 DAGs
[2022-03-18 17:28:31,420] {logging_mixin.py:109} INFO - [2022-03-18 17:28:31,419] {dag.py:2937} INFO - Setting next_dagrun for example_task_group to 2022-03-17T17:28:31.419824+00:00
[2022-03-18 17:28:31,427] {processor.py:171} INFO - Processing /Users/louisekirkham/Documents/linkedin_learning/Ex_Files_Data_Engineering_Foundations/airflow_env/lib/python3.9/site-packages/airflow/example_dags/example_task_group.py took 0.061 seconds
[2022-03-18 17:30:37,362] {processor.py:163} INFO - Started process (PID=47850) to work on /Users/louisekirkham/Documents/linkedin_learning/Ex_Files_Data_Engineering_Foundations/airflow_env/lib/python3.9/site-packages/airflow/example_dags/example_task_group.py
[2022-03-18 17:30:37,362] {processor.py:642} INFO - Processing file /Users/louisekirkham/Documents/linkedin_learning/Ex_Files_Data_Engineering_Foundations/airflow_env/lib/python3.9/site-packages/airflow/example_dags/example_task_group.py for tasks to queue
[2022-03-18 17:30:37,363] {logging_mixin.py:109} INFO - [2022-03-18 17:30:37,363] {dagbag.py:500} INFO - Filling up the DagBag from /Users/louisekirkham/Documents/linkedin_learning/Ex_Files_Data_Engineering_Foundations/airflow_env/lib/python3.9/site-packages/airflow/example_dags/example_task_group.py
[2022-03-18 17:30:37,393] {processor.py:654} INFO - DAG(s) dict_keys(['example_task_group']) retrieved from /Users/louisekirkham/Documents/linkedin_learning/Ex_Files_Data_Engineering_Foundations/airflow_env/lib/python3.9/site-packages/airflow/example_dags/example_task_group.py
[2022-03-18 17:30:37,408] {logging_mixin.py:109} INFO - [2022-03-18 17:30:37,407] {dag.py:2398} INFO - Sync 1 DAGs
[2022-03-18 17:30:37,415] {logging_mixin.py:109} INFO - [2022-03-18 17:30:37,415] {dag.py:2937} INFO - Setting next_dagrun for example_task_group to 2022-03-17T17:30:37.415207+00:00
[2022-03-18 17:30:37,424] {processor.py:171} INFO - Processing /Users/louisekirkham/Documents/linkedin_learning/Ex_Files_Data_Engineering_Foundations/airflow_env/lib/python3.9/site-packages/airflow/example_dags/example_task_group.py took 0.062 seconds
[2022-03-18 17:31:49,086] {processor.py:163} INFO - Started process (PID=47926) to work on /Users/louisekirkham/Documents/linkedin_learning/Ex_Files_Data_Engineering_Foundations/airflow_env/lib/python3.9/site-packages/airflow/example_dags/example_task_group.py
[2022-03-18 17:31:49,087] {processor.py:642} INFO - Processing file /Users/louisekirkham/Documents/linkedin_learning/Ex_Files_Data_Engineering_Foundations/airflow_env/lib/python3.9/site-packages/airflow/example_dags/example_task_group.py for tasks to queue
[2022-03-18 17:31:49,087] {logging_mixin.py:109} INFO - [2022-03-18 17:31:49,087] {dagbag.py:500} INFO - Filling up the DagBag from /Users/louisekirkham/Documents/linkedin_learning/Ex_Files_Data_Engineering_Foundations/airflow_env/lib/python3.9/site-packages/airflow/example_dags/example_task_group.py
[2022-03-18 17:31:49,116] {processor.py:654} INFO - DAG(s) dict_keys(['example_task_group']) retrieved from /Users/louisekirkham/Documents/linkedin_learning/Ex_Files_Data_Engineering_Foundations/airflow_env/lib/python3.9/site-packages/airflow/example_dags/example_task_group.py
[2022-03-18 17:31:49,132] {logging_mixin.py:109} INFO - [2022-03-18 17:31:49,132] {dag.py:2398} INFO - Sync 1 DAGs
[2022-03-18 17:31:49,140] {logging_mixin.py:109} INFO - [2022-03-18 17:31:49,140] {dag.py:2937} INFO - Setting next_dagrun for example_task_group to 2022-03-17T17:31:49.140077+00:00
[2022-03-18 17:31:49,147] {processor.py:171} INFO - Processing /Users/louisekirkham/Documents/linkedin_learning/Ex_Files_Data_Engineering_Foundations/airflow_env/lib/python3.9/site-packages/airflow/example_dags/example_task_group.py took 0.062 seconds
[2022-03-18 17:33:02,101] {processor.py:163} INFO - Started process (PID=47985) to work on /Users/louisekirkham/Documents/linkedin_learning/Ex_Files_Data_Engineering_Foundations/airflow_env/lib/python3.9/site-packages/airflow/example_dags/example_task_group.py
[2022-03-18 17:33:02,101] {processor.py:642} INFO - Processing file /Users/louisekirkham/Documents/linkedin_learning/Ex_Files_Data_Engineering_Foundations/airflow_env/lib/python3.9/site-packages/airflow/example_dags/example_task_group.py for tasks to queue
[2022-03-18 17:33:02,102] {logging_mixin.py:109} INFO - [2022-03-18 17:33:02,102] {dagbag.py:500} INFO - Filling up the DagBag from /Users/louisekirkham/Documents/linkedin_learning/Ex_Files_Data_Engineering_Foundations/airflow_env/lib/python3.9/site-packages/airflow/example_dags/example_task_group.py
[2022-03-18 17:33:02,129] {processor.py:654} INFO - DAG(s) dict_keys(['example_task_group']) retrieved from /Users/louisekirkham/Documents/linkedin_learning/Ex_Files_Data_Engineering_Foundations/airflow_env/lib/python3.9/site-packages/airflow/example_dags/example_task_group.py
[2022-03-18 17:33:02,143] {logging_mixin.py:109} INFO - [2022-03-18 17:33:02,143] {dag.py:2398} INFO - Sync 1 DAGs
[2022-03-18 17:33:02,151] {logging_mixin.py:109} INFO - [2022-03-18 17:33:02,150] {dag.py:2937} INFO - Setting next_dagrun for example_task_group to 2022-03-17T17:33:02.150823+00:00
[2022-03-18 17:33:02,157] {processor.py:171} INFO - Processing /Users/louisekirkham/Documents/linkedin_learning/Ex_Files_Data_Engineering_Foundations/airflow_env/lib/python3.9/site-packages/airflow/example_dags/example_task_group.py took 0.057 seconds
[2022-03-18 17:34:23,417] {processor.py:163} INFO - Started process (PID=48449) to work on /Users/louisekirkham/Documents/linkedin_learning/Ex_Files_Data_Engineering_Foundations/airflow_env/lib/python3.9/site-packages/airflow/example_dags/example_task_group.py
[2022-03-18 17:34:23,417] {processor.py:642} INFO - Processing file /Users/louisekirkham/Documents/linkedin_learning/Ex_Files_Data_Engineering_Foundations/airflow_env/lib/python3.9/site-packages/airflow/example_dags/example_task_group.py for tasks to queue
[2022-03-18 17:34:23,418] {logging_mixin.py:109} INFO - [2022-03-18 17:34:23,418] {dagbag.py:500} INFO - Filling up the DagBag from /Users/louisekirkham/Documents/linkedin_learning/Ex_Files_Data_Engineering_Foundations/airflow_env/lib/python3.9/site-packages/airflow/example_dags/example_task_group.py
[2022-03-18 17:34:23,447] {processor.py:654} INFO - DAG(s) dict_keys(['example_task_group']) retrieved from /Users/louisekirkham/Documents/linkedin_learning/Ex_Files_Data_Engineering_Foundations/airflow_env/lib/python3.9/site-packages/airflow/example_dags/example_task_group.py
[2022-03-18 17:34:23,461] {logging_mixin.py:109} INFO - [2022-03-18 17:34:23,460] {dag.py:2398} INFO - Sync 1 DAGs
[2022-03-18 17:34:23,467] {logging_mixin.py:109} INFO - [2022-03-18 17:34:23,467] {dag.py:2937} INFO - Setting next_dagrun for example_task_group to 2022-03-17T17:34:23.467761+00:00
[2022-03-18 17:34:23,474] {processor.py:171} INFO - Processing /Users/louisekirkham/Documents/linkedin_learning/Ex_Files_Data_Engineering_Foundations/airflow_env/lib/python3.9/site-packages/airflow/example_dags/example_task_group.py took 0.058 seconds
[2022-03-18 17:35:45,522] {processor.py:163} INFO - Started process (PID=48541) to work on /Users/louisekirkham/Documents/linkedin_learning/Ex_Files_Data_Engineering_Foundations/airflow_env/lib/python3.9/site-packages/airflow/example_dags/example_task_group.py
[2022-03-18 17:35:45,522] {processor.py:642} INFO - Processing file /Users/louisekirkham/Documents/linkedin_learning/Ex_Files_Data_Engineering_Foundations/airflow_env/lib/python3.9/site-packages/airflow/example_dags/example_task_group.py for tasks to queue
[2022-03-18 17:35:45,523] {logging_mixin.py:109} INFO - [2022-03-18 17:35:45,523] {dagbag.py:500} INFO - Filling up the DagBag from /Users/louisekirkham/Documents/linkedin_learning/Ex_Files_Data_Engineering_Foundations/airflow_env/lib/python3.9/site-packages/airflow/example_dags/example_task_group.py
[2022-03-18 17:35:45,556] {processor.py:654} INFO - DAG(s) dict_keys(['example_task_group']) retrieved from /Users/louisekirkham/Documents/linkedin_learning/Ex_Files_Data_Engineering_Foundations/airflow_env/lib/python3.9/site-packages/airflow/example_dags/example_task_group.py
[2022-03-18 17:35:45,574] {logging_mixin.py:109} INFO - [2022-03-18 17:35:45,574] {dag.py:2398} INFO - Sync 1 DAGs
[2022-03-18 17:35:45,583] {logging_mixin.py:109} INFO - [2022-03-18 17:35:45,583] {dag.py:2937} INFO - Setting next_dagrun for example_task_group to 2022-03-17T17:35:45.583549+00:00
[2022-03-18 17:35:45,590] {processor.py:171} INFO - Processing /Users/louisekirkham/Documents/linkedin_learning/Ex_Files_Data_Engineering_Foundations/airflow_env/lib/python3.9/site-packages/airflow/example_dags/example_task_group.py took 0.069 seconds
[2022-03-18 17:37:10,718] {processor.py:163} INFO - Started process (PID=48617) to work on /Users/louisekirkham/Documents/linkedin_learning/Ex_Files_Data_Engineering_Foundations/airflow_env/lib/python3.9/site-packages/airflow/example_dags/example_task_group.py
[2022-03-18 17:37:10,718] {processor.py:642} INFO - Processing file /Users/louisekirkham/Documents/linkedin_learning/Ex_Files_Data_Engineering_Foundations/airflow_env/lib/python3.9/site-packages/airflow/example_dags/example_task_group.py for tasks to queue
[2022-03-18 17:37:10,719] {logging_mixin.py:109} INFO - [2022-03-18 17:37:10,719] {dagbag.py:500} INFO - Filling up the DagBag from /Users/louisekirkham/Documents/linkedin_learning/Ex_Files_Data_Engineering_Foundations/airflow_env/lib/python3.9/site-packages/airflow/example_dags/example_task_group.py
[2022-03-18 17:37:10,749] {processor.py:654} INFO - DAG(s) dict_keys(['example_task_group']) retrieved from /Users/louisekirkham/Documents/linkedin_learning/Ex_Files_Data_Engineering_Foundations/airflow_env/lib/python3.9/site-packages/airflow/example_dags/example_task_group.py
[2022-03-18 17:37:10,763] {logging_mixin.py:109} INFO - [2022-03-18 17:37:10,763] {dag.py:2398} INFO - Sync 1 DAGs
[2022-03-18 17:37:10,770] {logging_mixin.py:109} INFO - [2022-03-18 17:37:10,770] {dag.py:2937} INFO - Setting next_dagrun for example_task_group to 2022-03-17T17:37:10.770357+00:00
[2022-03-18 17:37:10,777] {processor.py:171} INFO - Processing /Users/louisekirkham/Documents/linkedin_learning/Ex_Files_Data_Engineering_Foundations/airflow_env/lib/python3.9/site-packages/airflow/example_dags/example_task_group.py took 0.060 seconds
[2022-03-18 17:38:34,778] {processor.py:163} INFO - Started process (PID=48680) to work on /Users/louisekirkham/Documents/linkedin_learning/Ex_Files_Data_Engineering_Foundations/airflow_env/lib/python3.9/site-packages/airflow/example_dags/example_task_group.py
[2022-03-18 17:38:34,778] {processor.py:642} INFO - Processing file /Users/louisekirkham/Documents/linkedin_learning/Ex_Files_Data_Engineering_Foundations/airflow_env/lib/python3.9/site-packages/airflow/example_dags/example_task_group.py for tasks to queue
[2022-03-18 17:38:34,778] {logging_mixin.py:109} INFO - [2022-03-18 17:38:34,778] {dagbag.py:500} INFO - Filling up the DagBag from /Users/louisekirkham/Documents/linkedin_learning/Ex_Files_Data_Engineering_Foundations/airflow_env/lib/python3.9/site-packages/airflow/example_dags/example_task_group.py
[2022-03-18 17:38:34,806] {processor.py:654} INFO - DAG(s) dict_keys(['example_task_group']) retrieved from /Users/louisekirkham/Documents/linkedin_learning/Ex_Files_Data_Engineering_Foundations/airflow_env/lib/python3.9/site-packages/airflow/example_dags/example_task_group.py
[2022-03-18 17:38:34,822] {logging_mixin.py:109} INFO - [2022-03-18 17:38:34,822] {dag.py:2398} INFO - Sync 1 DAGs
[2022-03-18 17:38:34,830] {logging_mixin.py:109} INFO - [2022-03-18 17:38:34,830] {dag.py:2937} INFO - Setting next_dagrun for example_task_group to 2022-03-17T17:38:34.830265+00:00
[2022-03-18 17:38:34,836] {processor.py:171} INFO - Processing /Users/louisekirkham/Documents/linkedin_learning/Ex_Files_Data_Engineering_Foundations/airflow_env/lib/python3.9/site-packages/airflow/example_dags/example_task_group.py took 0.059 seconds
[2022-03-18 17:40:01,452] {processor.py:163} INFO - Started process (PID=48756) to work on /Users/louisekirkham/Documents/linkedin_learning/Ex_Files_Data_Engineering_Foundations/airflow_env/lib/python3.9/site-packages/airflow/example_dags/example_task_group.py
[2022-03-18 17:40:01,454] {processor.py:642} INFO - Processing file /Users/louisekirkham/Documents/linkedin_learning/Ex_Files_Data_Engineering_Foundations/airflow_env/lib/python3.9/site-packages/airflow/example_dags/example_task_group.py for tasks to queue
[2022-03-18 17:40:01,454] {logging_mixin.py:109} INFO - [2022-03-18 17:40:01,454] {dagbag.py:500} INFO - Filling up the DagBag from /Users/louisekirkham/Documents/linkedin_learning/Ex_Files_Data_Engineering_Foundations/airflow_env/lib/python3.9/site-packages/airflow/example_dags/example_task_group.py
[2022-03-18 17:40:01,485] {processor.py:654} INFO - DAG(s) dict_keys(['example_task_group']) retrieved from /Users/louisekirkham/Documents/linkedin_learning/Ex_Files_Data_Engineering_Foundations/airflow_env/lib/python3.9/site-packages/airflow/example_dags/example_task_group.py
[2022-03-18 17:40:01,502] {logging_mixin.py:109} INFO - [2022-03-18 17:40:01,502] {dag.py:2398} INFO - Sync 1 DAGs
[2022-03-18 17:40:01,511] {logging_mixin.py:109} INFO - [2022-03-18 17:40:01,511] {dag.py:2937} INFO - Setting next_dagrun for example_task_group to 2022-03-17T17:40:01.511319+00:00
[2022-03-18 17:40:01,520] {processor.py:171} INFO - Processing /Users/louisekirkham/Documents/linkedin_learning/Ex_Files_Data_Engineering_Foundations/airflow_env/lib/python3.9/site-packages/airflow/example_dags/example_task_group.py took 0.069 seconds
[2022-03-18 17:41:22,351] {processor.py:163} INFO - Started process (PID=48847) to work on /Users/louisekirkham/Documents/linkedin_learning/Ex_Files_Data_Engineering_Foundations/airflow_env/lib/python3.9/site-packages/airflow/example_dags/example_task_group.py
[2022-03-18 17:41:22,351] {processor.py:642} INFO - Processing file /Users/louisekirkham/Documents/linkedin_learning/Ex_Files_Data_Engineering_Foundations/airflow_env/lib/python3.9/site-packages/airflow/example_dags/example_task_group.py for tasks to queue
[2022-03-18 17:41:22,352] {logging_mixin.py:109} INFO - [2022-03-18 17:41:22,351] {dagbag.py:500} INFO - Filling up the DagBag from /Users/louisekirkham/Documents/linkedin_learning/Ex_Files_Data_Engineering_Foundations/airflow_env/lib/python3.9/site-packages/airflow/example_dags/example_task_group.py
[2022-03-18 17:41:22,379] {processor.py:654} INFO - DAG(s) dict_keys(['example_task_group']) retrieved from /Users/louisekirkham/Documents/linkedin_learning/Ex_Files_Data_Engineering_Foundations/airflow_env/lib/python3.9/site-packages/airflow/example_dags/example_task_group.py
[2022-03-18 17:41:22,393] {logging_mixin.py:109} INFO - [2022-03-18 17:41:22,393] {dag.py:2398} INFO - Sync 1 DAGs
[2022-03-18 17:41:22,400] {logging_mixin.py:109} INFO - [2022-03-18 17:41:22,400] {dag.py:2937} INFO - Setting next_dagrun for example_task_group to 2022-03-17T17:41:22.400230+00:00
[2022-03-18 17:41:22,406] {processor.py:171} INFO - Processing /Users/louisekirkham/Documents/linkedin_learning/Ex_Files_Data_Engineering_Foundations/airflow_env/lib/python3.9/site-packages/airflow/example_dags/example_task_group.py took 0.056 seconds
[2022-03-18 17:42:47,378] {processor.py:163} INFO - Started process (PID=48930) to work on /Users/louisekirkham/Documents/linkedin_learning/Ex_Files_Data_Engineering_Foundations/airflow_env/lib/python3.9/site-packages/airflow/example_dags/example_task_group.py
[2022-03-18 17:42:47,378] {processor.py:642} INFO - Processing file /Users/louisekirkham/Documents/linkedin_learning/Ex_Files_Data_Engineering_Foundations/airflow_env/lib/python3.9/site-packages/airflow/example_dags/example_task_group.py for tasks to queue
[2022-03-18 17:42:47,379] {logging_mixin.py:109} INFO - [2022-03-18 17:42:47,379] {dagbag.py:500} INFO - Filling up the DagBag from /Users/louisekirkham/Documents/linkedin_learning/Ex_Files_Data_Engineering_Foundations/airflow_env/lib/python3.9/site-packages/airflow/example_dags/example_task_group.py
[2022-03-18 17:42:47,408] {processor.py:654} INFO - DAG(s) dict_keys(['example_task_group']) retrieved from /Users/louisekirkham/Documents/linkedin_learning/Ex_Files_Data_Engineering_Foundations/airflow_env/lib/python3.9/site-packages/airflow/example_dags/example_task_group.py
[2022-03-18 17:42:47,422] {logging_mixin.py:109} INFO - [2022-03-18 17:42:47,421] {dag.py:2398} INFO - Sync 1 DAGs
[2022-03-18 17:42:47,428] {logging_mixin.py:109} INFO - [2022-03-18 17:42:47,428] {dag.py:2937} INFO - Setting next_dagrun for example_task_group to 2022-03-17T17:42:47.428718+00:00
[2022-03-18 17:42:47,435] {processor.py:171} INFO - Processing /Users/louisekirkham/Documents/linkedin_learning/Ex_Files_Data_Engineering_Foundations/airflow_env/lib/python3.9/site-packages/airflow/example_dags/example_task_group.py took 0.057 seconds
[2022-03-18 17:44:07,361] {processor.py:163} INFO - Started process (PID=48990) to work on /Users/louisekirkham/Documents/linkedin_learning/Ex_Files_Data_Engineering_Foundations/airflow_env/lib/python3.9/site-packages/airflow/example_dags/example_task_group.py
[2022-03-18 17:44:07,361] {processor.py:642} INFO - Processing file /Users/louisekirkham/Documents/linkedin_learning/Ex_Files_Data_Engineering_Foundations/airflow_env/lib/python3.9/site-packages/airflow/example_dags/example_task_group.py for tasks to queue
[2022-03-18 17:44:07,361] {logging_mixin.py:109} INFO - [2022-03-18 17:44:07,361] {dagbag.py:500} INFO - Filling up the DagBag from /Users/louisekirkham/Documents/linkedin_learning/Ex_Files_Data_Engineering_Foundations/airflow_env/lib/python3.9/site-packages/airflow/example_dags/example_task_group.py
[2022-03-18 17:44:07,396] {processor.py:654} INFO - DAG(s) dict_keys(['example_task_group']) retrieved from /Users/louisekirkham/Documents/linkedin_learning/Ex_Files_Data_Engineering_Foundations/airflow_env/lib/python3.9/site-packages/airflow/example_dags/example_task_group.py
[2022-03-18 17:44:07,413] {logging_mixin.py:109} INFO - [2022-03-18 17:44:07,413] {dag.py:2398} INFO - Sync 1 DAGs
[2022-03-18 17:44:07,422] {logging_mixin.py:109} INFO - [2022-03-18 17:44:07,422] {dag.py:2937} INFO - Setting next_dagrun for example_task_group to 2022-03-17T17:44:07.422288+00:00
[2022-03-18 17:44:07,430] {processor.py:171} INFO - Processing /Users/louisekirkham/Documents/linkedin_learning/Ex_Files_Data_Engineering_Foundations/airflow_env/lib/python3.9/site-packages/airflow/example_dags/example_task_group.py took 0.070 seconds
[2022-03-18 17:45:33,463] {processor.py:163} INFO - Started process (PID=49058) to work on /Users/louisekirkham/Documents/linkedin_learning/Ex_Files_Data_Engineering_Foundations/airflow_env/lib/python3.9/site-packages/airflow/example_dags/example_task_group.py
[2022-03-18 17:45:33,463] {processor.py:642} INFO - Processing file /Users/louisekirkham/Documents/linkedin_learning/Ex_Files_Data_Engineering_Foundations/airflow_env/lib/python3.9/site-packages/airflow/example_dags/example_task_group.py for tasks to queue
[2022-03-18 17:45:33,464] {logging_mixin.py:109} INFO - [2022-03-18 17:45:33,464] {dagbag.py:500} INFO - Filling up the DagBag from /Users/louisekirkham/Documents/linkedin_learning/Ex_Files_Data_Engineering_Foundations/airflow_env/lib/python3.9/site-packages/airflow/example_dags/example_task_group.py
[2022-03-18 17:45:33,494] {processor.py:654} INFO - DAG(s) dict_keys(['example_task_group']) retrieved from /Users/louisekirkham/Documents/linkedin_learning/Ex_Files_Data_Engineering_Foundations/airflow_env/lib/python3.9/site-packages/airflow/example_dags/example_task_group.py
[2022-03-18 17:45:33,510] {logging_mixin.py:109} INFO - [2022-03-18 17:45:33,510] {dag.py:2398} INFO - Sync 1 DAGs
[2022-03-18 17:45:33,517] {logging_mixin.py:109} INFO - [2022-03-18 17:45:33,517] {dag.py:2937} INFO - Setting next_dagrun for example_task_group to 2022-03-17T17:45:33.517191+00:00
[2022-03-18 17:45:33,524] {processor.py:171} INFO - Processing /Users/louisekirkham/Documents/linkedin_learning/Ex_Files_Data_Engineering_Foundations/airflow_env/lib/python3.9/site-packages/airflow/example_dags/example_task_group.py took 0.061 seconds
[2022-03-18 17:46:55,612] {processor.py:163} INFO - Started process (PID=49123) to work on /Users/louisekirkham/Documents/linkedin_learning/Ex_Files_Data_Engineering_Foundations/airflow_env/lib/python3.9/site-packages/airflow/example_dags/example_task_group.py
[2022-03-18 17:46:55,613] {processor.py:642} INFO - Processing file /Users/louisekirkham/Documents/linkedin_learning/Ex_Files_Data_Engineering_Foundations/airflow_env/lib/python3.9/site-packages/airflow/example_dags/example_task_group.py for tasks to queue
[2022-03-18 17:46:55,613] {logging_mixin.py:109} INFO - [2022-03-18 17:46:55,613] {dagbag.py:500} INFO - Filling up the DagBag from /Users/louisekirkham/Documents/linkedin_learning/Ex_Files_Data_Engineering_Foundations/airflow_env/lib/python3.9/site-packages/airflow/example_dags/example_task_group.py
[2022-03-18 17:46:55,641] {processor.py:654} INFO - DAG(s) dict_keys(['example_task_group']) retrieved from /Users/louisekirkham/Documents/linkedin_learning/Ex_Files_Data_Engineering_Foundations/airflow_env/lib/python3.9/site-packages/airflow/example_dags/example_task_group.py
[2022-03-18 17:46:55,654] {logging_mixin.py:109} INFO - [2022-03-18 17:46:55,654] {dag.py:2398} INFO - Sync 1 DAGs
[2022-03-18 17:46:55,661] {logging_mixin.py:109} INFO - [2022-03-18 17:46:55,661] {dag.py:2937} INFO - Setting next_dagrun for example_task_group to 2022-03-17T17:46:55.661028+00:00
[2022-03-18 17:46:55,667] {processor.py:171} INFO - Processing /Users/louisekirkham/Documents/linkedin_learning/Ex_Files_Data_Engineering_Foundations/airflow_env/lib/python3.9/site-packages/airflow/example_dags/example_task_group.py took 0.056 seconds
[2022-03-18 17:48:20,088] {processor.py:163} INFO - Started process (PID=49363) to work on /Users/louisekirkham/Documents/linkedin_learning/Ex_Files_Data_Engineering_Foundations/airflow_env/lib/python3.9/site-packages/airflow/example_dags/example_task_group.py
[2022-03-18 17:48:20,088] {processor.py:642} INFO - Processing file /Users/louisekirkham/Documents/linkedin_learning/Ex_Files_Data_Engineering_Foundations/airflow_env/lib/python3.9/site-packages/airflow/example_dags/example_task_group.py for tasks to queue
[2022-03-18 17:48:20,089] {logging_mixin.py:109} INFO - [2022-03-18 17:48:20,089] {dagbag.py:500} INFO - Filling up the DagBag from /Users/louisekirkham/Documents/linkedin_learning/Ex_Files_Data_Engineering_Foundations/airflow_env/lib/python3.9/site-packages/airflow/example_dags/example_task_group.py
[2022-03-18 17:48:20,128] {processor.py:654} INFO - DAG(s) dict_keys(['example_task_group']) retrieved from /Users/louisekirkham/Documents/linkedin_learning/Ex_Files_Data_Engineering_Foundations/airflow_env/lib/python3.9/site-packages/airflow/example_dags/example_task_group.py
[2022-03-18 17:48:20,146] {logging_mixin.py:109} INFO - [2022-03-18 17:48:20,146] {dag.py:2398} INFO - Sync 1 DAGs
[2022-03-18 17:48:20,154] {logging_mixin.py:109} INFO - [2022-03-18 17:48:20,153] {dag.py:2937} INFO - Setting next_dagrun for example_task_group to 2022-03-17T17:48:20.153820+00:00
[2022-03-18 17:48:20,161] {processor.py:171} INFO - Processing /Users/louisekirkham/Documents/linkedin_learning/Ex_Files_Data_Engineering_Foundations/airflow_env/lib/python3.9/site-packages/airflow/example_dags/example_task_group.py took 0.074 seconds
[2022-03-18 17:49:44,565] {processor.py:163} INFO - Started process (PID=50948) to work on /Users/louisekirkham/Documents/linkedin_learning/Ex_Files_Data_Engineering_Foundations/airflow_env/lib/python3.9/site-packages/airflow/example_dags/example_task_group.py
[2022-03-18 17:49:44,565] {processor.py:642} INFO - Processing file /Users/louisekirkham/Documents/linkedin_learning/Ex_Files_Data_Engineering_Foundations/airflow_env/lib/python3.9/site-packages/airflow/example_dags/example_task_group.py for tasks to queue
[2022-03-18 17:49:44,565] {logging_mixin.py:109} INFO - [2022-03-18 17:49:44,565] {dagbag.py:500} INFO - Filling up the DagBag from /Users/louisekirkham/Documents/linkedin_learning/Ex_Files_Data_Engineering_Foundations/airflow_env/lib/python3.9/site-packages/airflow/example_dags/example_task_group.py
[2022-03-18 17:49:44,594] {processor.py:654} INFO - DAG(s) dict_keys(['example_task_group']) retrieved from /Users/louisekirkham/Documents/linkedin_learning/Ex_Files_Data_Engineering_Foundations/airflow_env/lib/python3.9/site-packages/airflow/example_dags/example_task_group.py
[2022-03-18 17:49:44,609] {logging_mixin.py:109} INFO - [2022-03-18 17:49:44,608] {dag.py:2398} INFO - Sync 1 DAGs
[2022-03-18 17:49:44,616] {logging_mixin.py:109} INFO - [2022-03-18 17:49:44,616] {dag.py:2937} INFO - Setting next_dagrun for example_task_group to 2022-03-17T17:49:44.615971+00:00
[2022-03-18 17:49:44,622] {processor.py:171} INFO - Processing /Users/louisekirkham/Documents/linkedin_learning/Ex_Files_Data_Engineering_Foundations/airflow_env/lib/python3.9/site-packages/airflow/example_dags/example_task_group.py took 0.058 seconds
[2022-03-18 17:51:11,159] {processor.py:163} INFO - Started process (PID=51032) to work on /Users/louisekirkham/Documents/linkedin_learning/Ex_Files_Data_Engineering_Foundations/airflow_env/lib/python3.9/site-packages/airflow/example_dags/example_task_group.py
[2022-03-18 17:51:11,159] {processor.py:642} INFO - Processing file /Users/louisekirkham/Documents/linkedin_learning/Ex_Files_Data_Engineering_Foundations/airflow_env/lib/python3.9/site-packages/airflow/example_dags/example_task_group.py for tasks to queue
[2022-03-18 17:51:11,160] {logging_mixin.py:109} INFO - [2022-03-18 17:51:11,160] {dagbag.py:500} INFO - Filling up the DagBag from /Users/louisekirkham/Documents/linkedin_learning/Ex_Files_Data_Engineering_Foundations/airflow_env/lib/python3.9/site-packages/airflow/example_dags/example_task_group.py
[2022-03-18 17:51:11,189] {processor.py:654} INFO - DAG(s) dict_keys(['example_task_group']) retrieved from /Users/louisekirkham/Documents/linkedin_learning/Ex_Files_Data_Engineering_Foundations/airflow_env/lib/python3.9/site-packages/airflow/example_dags/example_task_group.py
[2022-03-18 17:51:11,203] {logging_mixin.py:109} INFO - [2022-03-18 17:51:11,203] {dag.py:2398} INFO - Sync 1 DAGs
[2022-03-18 17:51:11,210] {logging_mixin.py:109} INFO - [2022-03-18 17:51:11,210] {dag.py:2937} INFO - Setting next_dagrun for example_task_group to 2022-03-17T17:51:11.210633+00:00
[2022-03-18 17:51:11,219] {processor.py:171} INFO - Processing /Users/louisekirkham/Documents/linkedin_learning/Ex_Files_Data_Engineering_Foundations/airflow_env/lib/python3.9/site-packages/airflow/example_dags/example_task_group.py took 0.060 seconds
[2022-03-18 17:52:34,410] {processor.py:163} INFO - Started process (PID=51096) to work on /Users/louisekirkham/Documents/linkedin_learning/Ex_Files_Data_Engineering_Foundations/airflow_env/lib/python3.9/site-packages/airflow/example_dags/example_task_group.py
[2022-03-18 17:52:34,412] {processor.py:642} INFO - Processing file /Users/louisekirkham/Documents/linkedin_learning/Ex_Files_Data_Engineering_Foundations/airflow_env/lib/python3.9/site-packages/airflow/example_dags/example_task_group.py for tasks to queue
[2022-03-18 17:52:34,412] {logging_mixin.py:109} INFO - [2022-03-18 17:52:34,412] {dagbag.py:500} INFO - Filling up the DagBag from /Users/louisekirkham/Documents/linkedin_learning/Ex_Files_Data_Engineering_Foundations/airflow_env/lib/python3.9/site-packages/airflow/example_dags/example_task_group.py
[2022-03-18 17:52:34,439] {processor.py:654} INFO - DAG(s) dict_keys(['example_task_group']) retrieved from /Users/louisekirkham/Documents/linkedin_learning/Ex_Files_Data_Engineering_Foundations/airflow_env/lib/python3.9/site-packages/airflow/example_dags/example_task_group.py
[2022-03-18 17:52:34,453] {logging_mixin.py:109} INFO - [2022-03-18 17:52:34,452] {dag.py:2398} INFO - Sync 1 DAGs
[2022-03-18 17:52:34,459] {logging_mixin.py:109} INFO - [2022-03-18 17:52:34,459] {dag.py:2937} INFO - Setting next_dagrun for example_task_group to 2022-03-17T17:52:34.459357+00:00
[2022-03-18 17:52:34,467] {processor.py:171} INFO - Processing /Users/louisekirkham/Documents/linkedin_learning/Ex_Files_Data_Engineering_Foundations/airflow_env/lib/python3.9/site-packages/airflow/example_dags/example_task_group.py took 0.058 seconds
[2022-03-18 17:53:56,583] {processor.py:163} INFO - Started process (PID=51159) to work on /Users/louisekirkham/Documents/linkedin_learning/Ex_Files_Data_Engineering_Foundations/airflow_env/lib/python3.9/site-packages/airflow/example_dags/example_task_group.py
[2022-03-18 17:53:56,585] {processor.py:642} INFO - Processing file /Users/louisekirkham/Documents/linkedin_learning/Ex_Files_Data_Engineering_Foundations/airflow_env/lib/python3.9/site-packages/airflow/example_dags/example_task_group.py for tasks to queue
[2022-03-18 17:53:56,586] {logging_mixin.py:109} INFO - [2022-03-18 17:53:56,586] {dagbag.py:500} INFO - Filling up the DagBag from /Users/louisekirkham/Documents/linkedin_learning/Ex_Files_Data_Engineering_Foundations/airflow_env/lib/python3.9/site-packages/airflow/example_dags/example_task_group.py
[2022-03-18 17:53:56,614] {processor.py:654} INFO - DAG(s) dict_keys(['example_task_group']) retrieved from /Users/louisekirkham/Documents/linkedin_learning/Ex_Files_Data_Engineering_Foundations/airflow_env/lib/python3.9/site-packages/airflow/example_dags/example_task_group.py
[2022-03-18 17:53:56,628] {logging_mixin.py:109} INFO - [2022-03-18 17:53:56,627] {dag.py:2398} INFO - Sync 1 DAGs
[2022-03-18 17:53:56,634] {logging_mixin.py:109} INFO - [2022-03-18 17:53:56,634] {dag.py:2937} INFO - Setting next_dagrun for example_task_group to 2022-03-17T17:53:56.634511+00:00
[2022-03-18 17:53:56,642] {processor.py:171} INFO - Processing /Users/louisekirkham/Documents/linkedin_learning/Ex_Files_Data_Engineering_Foundations/airflow_env/lib/python3.9/site-packages/airflow/example_dags/example_task_group.py took 0.059 seconds
[2022-03-18 17:55:19,032] {processor.py:163} INFO - Started process (PID=51230) to work on /Users/louisekirkham/Documents/linkedin_learning/Ex_Files_Data_Engineering_Foundations/airflow_env/lib/python3.9/site-packages/airflow/example_dags/example_task_group.py
[2022-03-18 17:55:19,034] {processor.py:642} INFO - Processing file /Users/louisekirkham/Documents/linkedin_learning/Ex_Files_Data_Engineering_Foundations/airflow_env/lib/python3.9/site-packages/airflow/example_dags/example_task_group.py for tasks to queue
[2022-03-18 17:55:19,035] {logging_mixin.py:109} INFO - [2022-03-18 17:55:19,034] {dagbag.py:500} INFO - Filling up the DagBag from /Users/louisekirkham/Documents/linkedin_learning/Ex_Files_Data_Engineering_Foundations/airflow_env/lib/python3.9/site-packages/airflow/example_dags/example_task_group.py
[2022-03-18 17:55:19,065] {processor.py:654} INFO - DAG(s) dict_keys(['example_task_group']) retrieved from /Users/louisekirkham/Documents/linkedin_learning/Ex_Files_Data_Engineering_Foundations/airflow_env/lib/python3.9/site-packages/airflow/example_dags/example_task_group.py
[2022-03-18 17:55:19,080] {logging_mixin.py:109} INFO - [2022-03-18 17:55:19,080] {dag.py:2398} INFO - Sync 1 DAGs
[2022-03-18 17:55:19,089] {logging_mixin.py:109} INFO - [2022-03-18 17:55:19,088] {dag.py:2937} INFO - Setting next_dagrun for example_task_group to 2022-03-17T17:55:19.088793+00:00
[2022-03-18 17:55:19,095] {processor.py:171} INFO - Processing /Users/louisekirkham/Documents/linkedin_learning/Ex_Files_Data_Engineering_Foundations/airflow_env/lib/python3.9/site-packages/airflow/example_dags/example_task_group.py took 0.064 seconds
[2022-03-18 17:56:45,634] {processor.py:163} INFO - Started process (PID=51294) to work on /Users/louisekirkham/Documents/linkedin_learning/Ex_Files_Data_Engineering_Foundations/airflow_env/lib/python3.9/site-packages/airflow/example_dags/example_task_group.py
[2022-03-18 17:56:45,635] {processor.py:642} INFO - Processing file /Users/louisekirkham/Documents/linkedin_learning/Ex_Files_Data_Engineering_Foundations/airflow_env/lib/python3.9/site-packages/airflow/example_dags/example_task_group.py for tasks to queue
[2022-03-18 17:56:45,636] {logging_mixin.py:109} INFO - [2022-03-18 17:56:45,636] {dagbag.py:500} INFO - Filling up the DagBag from /Users/louisekirkham/Documents/linkedin_learning/Ex_Files_Data_Engineering_Foundations/airflow_env/lib/python3.9/site-packages/airflow/example_dags/example_task_group.py
[2022-03-18 17:56:45,668] {processor.py:654} INFO - DAG(s) dict_keys(['example_task_group']) retrieved from /Users/louisekirkham/Documents/linkedin_learning/Ex_Files_Data_Engineering_Foundations/airflow_env/lib/python3.9/site-packages/airflow/example_dags/example_task_group.py
[2022-03-18 17:56:45,683] {logging_mixin.py:109} INFO - [2022-03-18 17:56:45,683] {dag.py:2398} INFO - Sync 1 DAGs
[2022-03-18 17:56:45,693] {logging_mixin.py:109} INFO - [2022-03-18 17:56:45,693] {dag.py:2937} INFO - Setting next_dagrun for example_task_group to 2022-03-17T17:56:45.693371+00:00
[2022-03-18 17:56:45,701] {processor.py:171} INFO - Processing /Users/louisekirkham/Documents/linkedin_learning/Ex_Files_Data_Engineering_Foundations/airflow_env/lib/python3.9/site-packages/airflow/example_dags/example_task_group.py took 0.067 seconds
[2022-03-18 17:58:14,337] {processor.py:163} INFO - Started process (PID=51387) to work on /Users/louisekirkham/Documents/linkedin_learning/Ex_Files_Data_Engineering_Foundations/airflow_env/lib/python3.9/site-packages/airflow/example_dags/example_task_group.py
[2022-03-18 17:58:14,338] {processor.py:642} INFO - Processing file /Users/louisekirkham/Documents/linkedin_learning/Ex_Files_Data_Engineering_Foundations/airflow_env/lib/python3.9/site-packages/airflow/example_dags/example_task_group.py for tasks to queue
[2022-03-18 17:58:14,339] {logging_mixin.py:109} INFO - [2022-03-18 17:58:14,339] {dagbag.py:500} INFO - Filling up the DagBag from /Users/louisekirkham/Documents/linkedin_learning/Ex_Files_Data_Engineering_Foundations/airflow_env/lib/python3.9/site-packages/airflow/example_dags/example_task_group.py
[2022-03-18 17:58:14,370] {processor.py:654} INFO - DAG(s) dict_keys(['example_task_group']) retrieved from /Users/louisekirkham/Documents/linkedin_learning/Ex_Files_Data_Engineering_Foundations/airflow_env/lib/python3.9/site-packages/airflow/example_dags/example_task_group.py
[2022-03-18 17:58:14,385] {logging_mixin.py:109} INFO - [2022-03-18 17:58:14,385] {dag.py:2398} INFO - Sync 1 DAGs
[2022-03-18 17:58:14,392] {logging_mixin.py:109} INFO - [2022-03-18 17:58:14,392] {dag.py:2937} INFO - Setting next_dagrun for example_task_group to 2022-03-17T17:58:14.392139+00:00
[2022-03-18 17:58:14,402] {processor.py:171} INFO - Processing /Users/louisekirkham/Documents/linkedin_learning/Ex_Files_Data_Engineering_Foundations/airflow_env/lib/python3.9/site-packages/airflow/example_dags/example_task_group.py took 0.065 seconds
[2022-03-18 17:59:47,236] {processor.py:163} INFO - Started process (PID=51524) to work on /Users/louisekirkham/Documents/linkedin_learning/Ex_Files_Data_Engineering_Foundations/airflow_env/lib/python3.9/site-packages/airflow/example_dags/example_task_group.py
[2022-03-18 17:59:47,236] {processor.py:642} INFO - Processing file /Users/louisekirkham/Documents/linkedin_learning/Ex_Files_Data_Engineering_Foundations/airflow_env/lib/python3.9/site-packages/airflow/example_dags/example_task_group.py for tasks to queue
[2022-03-18 17:59:47,236] {logging_mixin.py:109} INFO - [2022-03-18 17:59:47,236] {dagbag.py:500} INFO - Filling up the DagBag from /Users/louisekirkham/Documents/linkedin_learning/Ex_Files_Data_Engineering_Foundations/airflow_env/lib/python3.9/site-packages/airflow/example_dags/example_task_group.py
[2022-03-18 17:59:47,263] {processor.py:654} INFO - DAG(s) dict_keys(['example_task_group']) retrieved from /Users/louisekirkham/Documents/linkedin_learning/Ex_Files_Data_Engineering_Foundations/airflow_env/lib/python3.9/site-packages/airflow/example_dags/example_task_group.py
[2022-03-18 17:59:47,277] {logging_mixin.py:109} INFO - [2022-03-18 17:59:47,277] {dag.py:2398} INFO - Sync 1 DAGs
[2022-03-18 17:59:47,285] {logging_mixin.py:109} INFO - [2022-03-18 17:59:47,285] {dag.py:2937} INFO - Setting next_dagrun for example_task_group to 2022-03-17T17:59:47.285538+00:00
[2022-03-18 17:59:47,293] {processor.py:171} INFO - Processing /Users/louisekirkham/Documents/linkedin_learning/Ex_Files_Data_Engineering_Foundations/airflow_env/lib/python3.9/site-packages/airflow/example_dags/example_task_group.py took 0.058 seconds
[2022-03-18 21:01:40,093] {processor.py:163} INFO - Started process (PID=51650) to work on /Users/louisekirkham/Documents/linkedin_learning/Ex_Files_Data_Engineering_Foundations/airflow_env/lib/python3.9/site-packages/airflow/example_dags/example_task_group.py
[2022-03-18 21:01:40,095] {processor.py:642} INFO - Processing file /Users/louisekirkham/Documents/linkedin_learning/Ex_Files_Data_Engineering_Foundations/airflow_env/lib/python3.9/site-packages/airflow/example_dags/example_task_group.py for tasks to queue
[2022-03-18 21:01:40,095] {logging_mixin.py:109} INFO - [2022-03-18 21:01:40,095] {dagbag.py:500} INFO - Filling up the DagBag from /Users/louisekirkham/Documents/linkedin_learning/Ex_Files_Data_Engineering_Foundations/airflow_env/lib/python3.9/site-packages/airflow/example_dags/example_task_group.py
[2022-03-18 21:01:40,123] {processor.py:654} INFO - DAG(s) dict_keys(['example_task_group']) retrieved from /Users/louisekirkham/Documents/linkedin_learning/Ex_Files_Data_Engineering_Foundations/airflow_env/lib/python3.9/site-packages/airflow/example_dags/example_task_group.py
[2022-03-18 21:01:40,137] {logging_mixin.py:109} INFO - [2022-03-18 21:01:40,137] {dag.py:2398} INFO - Sync 1 DAGs
[2022-03-18 21:01:40,146] {logging_mixin.py:109} INFO - [2022-03-18 21:01:40,146] {dag.py:2937} INFO - Setting next_dagrun for example_task_group to 2022-03-17T21:01:40.146707+00:00
[2022-03-18 21:01:40,153] {processor.py:171} INFO - Processing /Users/louisekirkham/Documents/linkedin_learning/Ex_Files_Data_Engineering_Foundations/airflow_env/lib/python3.9/site-packages/airflow/example_dags/example_task_group.py took 0.061 seconds
