[2022-03-18 10:37:19,182] {processor.py:163} INFO - Started process (PID=46420) to work on /Users/louisekirkham/Documents/linkedin_learning/Ex_Files_Data_Engineering_Foundations/airflow_env/lib/python3.9/site-packages/airflow/example_dags/example_python_operator.py
[2022-03-18 10:37:19,182] {processor.py:642} INFO - Processing file /Users/louisekirkham/Documents/linkedin_learning/Ex_Files_Data_Engineering_Foundations/airflow_env/lib/python3.9/site-packages/airflow/example_dags/example_python_operator.py for tasks to queue
[2022-03-18 10:37:19,183] {logging_mixin.py:109} INFO - [2022-03-18 10:37:19,183] {dagbag.py:500} INFO - Filling up the DagBag from /Users/louisekirkham/Documents/linkedin_learning/Ex_Files_Data_Engineering_Foundations/airflow_env/lib/python3.9/site-packages/airflow/example_dags/example_python_operator.py
[2022-03-18 10:37:19,235] {processor.py:654} INFO - DAG(s) dict_keys(['example_python_operator']) retrieved from /Users/louisekirkham/Documents/linkedin_learning/Ex_Files_Data_Engineering_Foundations/airflow_env/lib/python3.9/site-packages/airflow/example_dags/example_python_operator.py
[2022-03-18 10:37:19,253] {logging_mixin.py:109} INFO - [2022-03-18 10:37:19,253] {dag.py:2398} INFO - Sync 1 DAGs
[2022-03-18 10:37:19,264] {logging_mixin.py:109} INFO - [2022-03-18 10:37:19,264] {dag.py:2937} INFO - Setting next_dagrun for example_python_operator to None
[2022-03-18 10:37:19,272] {processor.py:171} INFO - Processing /Users/louisekirkham/Documents/linkedin_learning/Ex_Files_Data_Engineering_Foundations/airflow_env/lib/python3.9/site-packages/airflow/example_dags/example_python_operator.py took 0.091 seconds
[2022-03-18 10:38:45,975] {processor.py:163} INFO - Started process (PID=46493) to work on /Users/louisekirkham/Documents/linkedin_learning/Ex_Files_Data_Engineering_Foundations/airflow_env/lib/python3.9/site-packages/airflow/example_dags/example_python_operator.py
[2022-03-18 10:38:45,975] {processor.py:642} INFO - Processing file /Users/louisekirkham/Documents/linkedin_learning/Ex_Files_Data_Engineering_Foundations/airflow_env/lib/python3.9/site-packages/airflow/example_dags/example_python_operator.py for tasks to queue
[2022-03-18 10:38:45,976] {logging_mixin.py:109} INFO - [2022-03-18 10:38:45,976] {dagbag.py:500} INFO - Filling up the DagBag from /Users/louisekirkham/Documents/linkedin_learning/Ex_Files_Data_Engineering_Foundations/airflow_env/lib/python3.9/site-packages/airflow/example_dags/example_python_operator.py
[2022-03-18 10:38:46,027] {processor.py:654} INFO - DAG(s) dict_keys(['example_python_operator']) retrieved from /Users/louisekirkham/Documents/linkedin_learning/Ex_Files_Data_Engineering_Foundations/airflow_env/lib/python3.9/site-packages/airflow/example_dags/example_python_operator.py
[2022-03-18 10:38:46,043] {logging_mixin.py:109} INFO - [2022-03-18 10:38:46,043] {dag.py:2398} INFO - Sync 1 DAGs
[2022-03-18 10:38:46,051] {logging_mixin.py:109} INFO - [2022-03-18 10:38:46,051] {dag.py:2937} INFO - Setting next_dagrun for example_python_operator to None
[2022-03-18 10:38:46,057] {processor.py:171} INFO - Processing /Users/louisekirkham/Documents/linkedin_learning/Ex_Files_Data_Engineering_Foundations/airflow_env/lib/python3.9/site-packages/airflow/example_dags/example_python_operator.py took 0.083 seconds
[2022-03-18 17:05:33,088] {processor.py:163} INFO - Started process (PID=46664) to work on /Users/louisekirkham/Documents/linkedin_learning/Ex_Files_Data_Engineering_Foundations/airflow_env/lib/python3.9/site-packages/airflow/example_dags/example_python_operator.py
[2022-03-18 17:05:33,090] {processor.py:642} INFO - Processing file /Users/louisekirkham/Documents/linkedin_learning/Ex_Files_Data_Engineering_Foundations/airflow_env/lib/python3.9/site-packages/airflow/example_dags/example_python_operator.py for tasks to queue
[2022-03-18 17:05:33,090] {logging_mixin.py:109} INFO - [2022-03-18 17:05:33,090] {dagbag.py:500} INFO - Filling up the DagBag from /Users/louisekirkham/Documents/linkedin_learning/Ex_Files_Data_Engineering_Foundations/airflow_env/lib/python3.9/site-packages/airflow/example_dags/example_python_operator.py
[2022-03-18 17:05:33,173] {processor.py:654} INFO - DAG(s) dict_keys(['example_python_operator']) retrieved from /Users/louisekirkham/Documents/linkedin_learning/Ex_Files_Data_Engineering_Foundations/airflow_env/lib/python3.9/site-packages/airflow/example_dags/example_python_operator.py
[2022-03-18 17:05:33,204] {logging_mixin.py:109} INFO - [2022-03-18 17:05:33,203] {dag.py:2398} INFO - Sync 1 DAGs
[2022-03-18 17:05:33,222] {logging_mixin.py:109} INFO - [2022-03-18 17:05:33,222] {dag.py:2937} INFO - Setting next_dagrun for example_python_operator to None
[2022-03-18 17:05:33,233] {processor.py:171} INFO - Processing /Users/louisekirkham/Documents/linkedin_learning/Ex_Files_Data_Engineering_Foundations/airflow_env/lib/python3.9/site-packages/airflow/example_dags/example_python_operator.py took 0.146 seconds
[2022-03-18 17:06:41,772] {processor.py:163} INFO - Started process (PID=46756) to work on /Users/louisekirkham/Documents/linkedin_learning/Ex_Files_Data_Engineering_Foundations/airflow_env/lib/python3.9/site-packages/airflow/example_dags/example_python_operator.py
[2022-03-18 17:06:41,772] {processor.py:642} INFO - Processing file /Users/louisekirkham/Documents/linkedin_learning/Ex_Files_Data_Engineering_Foundations/airflow_env/lib/python3.9/site-packages/airflow/example_dags/example_python_operator.py for tasks to queue
[2022-03-18 17:06:41,773] {logging_mixin.py:109} INFO - [2022-03-18 17:06:41,773] {dagbag.py:500} INFO - Filling up the DagBag from /Users/louisekirkham/Documents/linkedin_learning/Ex_Files_Data_Engineering_Foundations/airflow_env/lib/python3.9/site-packages/airflow/example_dags/example_python_operator.py
[2022-03-18 17:06:41,817] {processor.py:654} INFO - DAG(s) dict_keys(['example_python_operator']) retrieved from /Users/louisekirkham/Documents/linkedin_learning/Ex_Files_Data_Engineering_Foundations/airflow_env/lib/python3.9/site-packages/airflow/example_dags/example_python_operator.py
[2022-03-18 17:06:41,834] {logging_mixin.py:109} INFO - [2022-03-18 17:06:41,833] {dag.py:2398} INFO - Sync 1 DAGs
[2022-03-18 17:06:41,841] {logging_mixin.py:109} INFO - [2022-03-18 17:06:41,841] {dag.py:2937} INFO - Setting next_dagrun for example_python_operator to None
[2022-03-18 17:06:41,848] {processor.py:171} INFO - Processing /Users/louisekirkham/Documents/linkedin_learning/Ex_Files_Data_Engineering_Foundations/airflow_env/lib/python3.9/site-packages/airflow/example_dags/example_python_operator.py took 0.076 seconds
[2022-03-18 17:08:07,680] {processor.py:163} INFO - Started process (PID=46830) to work on /Users/louisekirkham/Documents/linkedin_learning/Ex_Files_Data_Engineering_Foundations/airflow_env/lib/python3.9/site-packages/airflow/example_dags/example_python_operator.py
[2022-03-18 17:08:07,681] {processor.py:642} INFO - Processing file /Users/louisekirkham/Documents/linkedin_learning/Ex_Files_Data_Engineering_Foundations/airflow_env/lib/python3.9/site-packages/airflow/example_dags/example_python_operator.py for tasks to queue
[2022-03-18 17:08:07,681] {logging_mixin.py:109} INFO - [2022-03-18 17:08:07,681] {dagbag.py:500} INFO - Filling up the DagBag from /Users/louisekirkham/Documents/linkedin_learning/Ex_Files_Data_Engineering_Foundations/airflow_env/lib/python3.9/site-packages/airflow/example_dags/example_python_operator.py
[2022-03-18 17:08:07,733] {processor.py:654} INFO - DAG(s) dict_keys(['example_python_operator']) retrieved from /Users/louisekirkham/Documents/linkedin_learning/Ex_Files_Data_Engineering_Foundations/airflow_env/lib/python3.9/site-packages/airflow/example_dags/example_python_operator.py
[2022-03-18 17:08:07,750] {logging_mixin.py:109} INFO - [2022-03-18 17:08:07,750] {dag.py:2398} INFO - Sync 1 DAGs
[2022-03-18 17:08:07,760] {logging_mixin.py:109} INFO - [2022-03-18 17:08:07,760] {dag.py:2937} INFO - Setting next_dagrun for example_python_operator to None
[2022-03-18 17:08:07,768] {processor.py:171} INFO - Processing /Users/louisekirkham/Documents/linkedin_learning/Ex_Files_Data_Engineering_Foundations/airflow_env/lib/python3.9/site-packages/airflow/example_dags/example_python_operator.py took 0.088 seconds
[2022-03-18 17:09:36,261] {processor.py:163} INFO - Started process (PID=46901) to work on /Users/louisekirkham/Documents/linkedin_learning/Ex_Files_Data_Engineering_Foundations/airflow_env/lib/python3.9/site-packages/airflow/example_dags/example_python_operator.py
[2022-03-18 17:09:36,262] {processor.py:642} INFO - Processing file /Users/louisekirkham/Documents/linkedin_learning/Ex_Files_Data_Engineering_Foundations/airflow_env/lib/python3.9/site-packages/airflow/example_dags/example_python_operator.py for tasks to queue
[2022-03-18 17:09:36,263] {logging_mixin.py:109} INFO - [2022-03-18 17:09:36,263] {dagbag.py:500} INFO - Filling up the DagBag from /Users/louisekirkham/Documents/linkedin_learning/Ex_Files_Data_Engineering_Foundations/airflow_env/lib/python3.9/site-packages/airflow/example_dags/example_python_operator.py
[2022-03-18 17:09:36,300] {processor.py:654} INFO - DAG(s) dict_keys(['example_python_operator']) retrieved from /Users/louisekirkham/Documents/linkedin_learning/Ex_Files_Data_Engineering_Foundations/airflow_env/lib/python3.9/site-packages/airflow/example_dags/example_python_operator.py
[2022-03-18 17:09:36,314] {logging_mixin.py:109} INFO - [2022-03-18 17:09:36,314] {dag.py:2398} INFO - Sync 1 DAGs
[2022-03-18 17:09:36,321] {logging_mixin.py:109} INFO - [2022-03-18 17:09:36,321] {dag.py:2937} INFO - Setting next_dagrun for example_python_operator to None
[2022-03-18 17:09:36,328] {processor.py:171} INFO - Processing /Users/louisekirkham/Documents/linkedin_learning/Ex_Files_Data_Engineering_Foundations/airflow_env/lib/python3.9/site-packages/airflow/example_dags/example_python_operator.py took 0.067 seconds
[2022-03-18 17:11:15,113] {processor.py:163} INFO - Started process (PID=46985) to work on /Users/louisekirkham/Documents/linkedin_learning/Ex_Files_Data_Engineering_Foundations/airflow_env/lib/python3.9/site-packages/airflow/example_dags/example_python_operator.py
[2022-03-18 17:11:15,114] {processor.py:642} INFO - Processing file /Users/louisekirkham/Documents/linkedin_learning/Ex_Files_Data_Engineering_Foundations/airflow_env/lib/python3.9/site-packages/airflow/example_dags/example_python_operator.py for tasks to queue
[2022-03-18 17:11:15,114] {logging_mixin.py:109} INFO - [2022-03-18 17:11:15,114] {dagbag.py:500} INFO - Filling up the DagBag from /Users/louisekirkham/Documents/linkedin_learning/Ex_Files_Data_Engineering_Foundations/airflow_env/lib/python3.9/site-packages/airflow/example_dags/example_python_operator.py
[2022-03-18 17:11:15,157] {processor.py:654} INFO - DAG(s) dict_keys(['example_python_operator']) retrieved from /Users/louisekirkham/Documents/linkedin_learning/Ex_Files_Data_Engineering_Foundations/airflow_env/lib/python3.9/site-packages/airflow/example_dags/example_python_operator.py
[2022-03-18 17:11:15,173] {logging_mixin.py:109} INFO - [2022-03-18 17:11:15,173] {dag.py:2398} INFO - Sync 1 DAGs
[2022-03-18 17:11:15,181] {logging_mixin.py:109} INFO - [2022-03-18 17:11:15,181] {dag.py:2937} INFO - Setting next_dagrun for example_python_operator to None
[2022-03-18 17:11:15,189] {processor.py:171} INFO - Processing /Users/louisekirkham/Documents/linkedin_learning/Ex_Files_Data_Engineering_Foundations/airflow_env/lib/python3.9/site-packages/airflow/example_dags/example_python_operator.py took 0.077 seconds
[2022-03-18 17:12:40,099] {processor.py:163} INFO - Started process (PID=47054) to work on /Users/louisekirkham/Documents/linkedin_learning/Ex_Files_Data_Engineering_Foundations/airflow_env/lib/python3.9/site-packages/airflow/example_dags/example_python_operator.py
[2022-03-18 17:12:40,100] {processor.py:642} INFO - Processing file /Users/louisekirkham/Documents/linkedin_learning/Ex_Files_Data_Engineering_Foundations/airflow_env/lib/python3.9/site-packages/airflow/example_dags/example_python_operator.py for tasks to queue
[2022-03-18 17:12:40,100] {logging_mixin.py:109} INFO - [2022-03-18 17:12:40,100] {dagbag.py:500} INFO - Filling up the DagBag from /Users/louisekirkham/Documents/linkedin_learning/Ex_Files_Data_Engineering_Foundations/airflow_env/lib/python3.9/site-packages/airflow/example_dags/example_python_operator.py
[2022-03-18 17:12:40,140] {processor.py:654} INFO - DAG(s) dict_keys(['example_python_operator']) retrieved from /Users/louisekirkham/Documents/linkedin_learning/Ex_Files_Data_Engineering_Foundations/airflow_env/lib/python3.9/site-packages/airflow/example_dags/example_python_operator.py
[2022-03-18 17:12:40,157] {logging_mixin.py:109} INFO - [2022-03-18 17:12:40,157] {dag.py:2398} INFO - Sync 1 DAGs
[2022-03-18 17:12:40,163] {logging_mixin.py:109} INFO - [2022-03-18 17:12:40,163] {dag.py:2937} INFO - Setting next_dagrun for example_python_operator to None
[2022-03-18 17:12:40,171] {processor.py:171} INFO - Processing /Users/louisekirkham/Documents/linkedin_learning/Ex_Files_Data_Engineering_Foundations/airflow_env/lib/python3.9/site-packages/airflow/example_dags/example_python_operator.py took 0.072 seconds
[2022-03-18 17:14:03,891] {processor.py:163} INFO - Started process (PID=47112) to work on /Users/louisekirkham/Documents/linkedin_learning/Ex_Files_Data_Engineering_Foundations/airflow_env/lib/python3.9/site-packages/airflow/example_dags/example_python_operator.py
[2022-03-18 17:14:03,893] {processor.py:642} INFO - Processing file /Users/louisekirkham/Documents/linkedin_learning/Ex_Files_Data_Engineering_Foundations/airflow_env/lib/python3.9/site-packages/airflow/example_dags/example_python_operator.py for tasks to queue
[2022-03-18 17:14:03,893] {logging_mixin.py:109} INFO - [2022-03-18 17:14:03,893] {dagbag.py:500} INFO - Filling up the DagBag from /Users/louisekirkham/Documents/linkedin_learning/Ex_Files_Data_Engineering_Foundations/airflow_env/lib/python3.9/site-packages/airflow/example_dags/example_python_operator.py
[2022-03-18 17:14:03,936] {processor.py:654} INFO - DAG(s) dict_keys(['example_python_operator']) retrieved from /Users/louisekirkham/Documents/linkedin_learning/Ex_Files_Data_Engineering_Foundations/airflow_env/lib/python3.9/site-packages/airflow/example_dags/example_python_operator.py
[2022-03-18 17:14:03,953] {logging_mixin.py:109} INFO - [2022-03-18 17:14:03,952] {dag.py:2398} INFO - Sync 1 DAGs
[2022-03-18 17:14:03,960] {logging_mixin.py:109} INFO - [2022-03-18 17:14:03,960] {dag.py:2937} INFO - Setting next_dagrun for example_python_operator to None
[2022-03-18 17:14:03,967] {processor.py:171} INFO - Processing /Users/louisekirkham/Documents/linkedin_learning/Ex_Files_Data_Engineering_Foundations/airflow_env/lib/python3.9/site-packages/airflow/example_dags/example_python_operator.py took 0.077 seconds
[2022-03-18 17:15:29,048] {processor.py:163} INFO - Started process (PID=47177) to work on /Users/louisekirkham/Documents/linkedin_learning/Ex_Files_Data_Engineering_Foundations/airflow_env/lib/python3.9/site-packages/airflow/example_dags/example_python_operator.py
[2022-03-18 17:15:29,049] {processor.py:642} INFO - Processing file /Users/louisekirkham/Documents/linkedin_learning/Ex_Files_Data_Engineering_Foundations/airflow_env/lib/python3.9/site-packages/airflow/example_dags/example_python_operator.py for tasks to queue
[2022-03-18 17:15:29,050] {logging_mixin.py:109} INFO - [2022-03-18 17:15:29,050] {dagbag.py:500} INFO - Filling up the DagBag from /Users/louisekirkham/Documents/linkedin_learning/Ex_Files_Data_Engineering_Foundations/airflow_env/lib/python3.9/site-packages/airflow/example_dags/example_python_operator.py
[2022-03-18 17:15:29,088] {processor.py:654} INFO - DAG(s) dict_keys(['example_python_operator']) retrieved from /Users/louisekirkham/Documents/linkedin_learning/Ex_Files_Data_Engineering_Foundations/airflow_env/lib/python3.9/site-packages/airflow/example_dags/example_python_operator.py
[2022-03-18 17:15:29,102] {logging_mixin.py:109} INFO - [2022-03-18 17:15:29,102] {dag.py:2398} INFO - Sync 1 DAGs
[2022-03-18 17:15:29,109] {logging_mixin.py:109} INFO - [2022-03-18 17:15:29,109] {dag.py:2937} INFO - Setting next_dagrun for example_python_operator to None
[2022-03-18 17:15:29,115] {processor.py:171} INFO - Processing /Users/louisekirkham/Documents/linkedin_learning/Ex_Files_Data_Engineering_Foundations/airflow_env/lib/python3.9/site-packages/airflow/example_dags/example_python_operator.py took 0.068 seconds
[2022-03-18 17:16:53,791] {processor.py:163} INFO - Started process (PID=47252) to work on /Users/louisekirkham/Documents/linkedin_learning/Ex_Files_Data_Engineering_Foundations/airflow_env/lib/python3.9/site-packages/airflow/example_dags/example_python_operator.py
[2022-03-18 17:16:53,792] {processor.py:642} INFO - Processing file /Users/louisekirkham/Documents/linkedin_learning/Ex_Files_Data_Engineering_Foundations/airflow_env/lib/python3.9/site-packages/airflow/example_dags/example_python_operator.py for tasks to queue
[2022-03-18 17:16:53,793] {logging_mixin.py:109} INFO - [2022-03-18 17:16:53,793] {dagbag.py:500} INFO - Filling up the DagBag from /Users/louisekirkham/Documents/linkedin_learning/Ex_Files_Data_Engineering_Foundations/airflow_env/lib/python3.9/site-packages/airflow/example_dags/example_python_operator.py
[2022-03-18 17:16:53,836] {processor.py:654} INFO - DAG(s) dict_keys(['example_python_operator']) retrieved from /Users/louisekirkham/Documents/linkedin_learning/Ex_Files_Data_Engineering_Foundations/airflow_env/lib/python3.9/site-packages/airflow/example_dags/example_python_operator.py
[2022-03-18 17:16:53,853] {logging_mixin.py:109} INFO - [2022-03-18 17:16:53,852] {dag.py:2398} INFO - Sync 1 DAGs
[2022-03-18 17:16:53,860] {logging_mixin.py:109} INFO - [2022-03-18 17:16:53,860] {dag.py:2937} INFO - Setting next_dagrun for example_python_operator to None
[2022-03-18 17:16:53,866] {processor.py:171} INFO - Processing /Users/louisekirkham/Documents/linkedin_learning/Ex_Files_Data_Engineering_Foundations/airflow_env/lib/python3.9/site-packages/airflow/example_dags/example_python_operator.py took 0.076 seconds
[2022-03-18 17:18:18,466] {processor.py:163} INFO - Started process (PID=47318) to work on /Users/louisekirkham/Documents/linkedin_learning/Ex_Files_Data_Engineering_Foundations/airflow_env/lib/python3.9/site-packages/airflow/example_dags/example_python_operator.py
[2022-03-18 17:18:18,466] {processor.py:642} INFO - Processing file /Users/louisekirkham/Documents/linkedin_learning/Ex_Files_Data_Engineering_Foundations/airflow_env/lib/python3.9/site-packages/airflow/example_dags/example_python_operator.py for tasks to queue
[2022-03-18 17:18:18,467] {logging_mixin.py:109} INFO - [2022-03-18 17:18:18,467] {dagbag.py:500} INFO - Filling up the DagBag from /Users/louisekirkham/Documents/linkedin_learning/Ex_Files_Data_Engineering_Foundations/airflow_env/lib/python3.9/site-packages/airflow/example_dags/example_python_operator.py
[2022-03-18 17:18:18,507] {processor.py:654} INFO - DAG(s) dict_keys(['example_python_operator']) retrieved from /Users/louisekirkham/Documents/linkedin_learning/Ex_Files_Data_Engineering_Foundations/airflow_env/lib/python3.9/site-packages/airflow/example_dags/example_python_operator.py
[2022-03-18 17:18:18,522] {logging_mixin.py:109} INFO - [2022-03-18 17:18:18,522] {dag.py:2398} INFO - Sync 1 DAGs
[2022-03-18 17:18:18,529] {logging_mixin.py:109} INFO - [2022-03-18 17:18:18,529] {dag.py:2937} INFO - Setting next_dagrun for example_python_operator to None
[2022-03-18 17:18:18,536] {processor.py:171} INFO - Processing /Users/louisekirkham/Documents/linkedin_learning/Ex_Files_Data_Engineering_Foundations/airflow_env/lib/python3.9/site-packages/airflow/example_dags/example_python_operator.py took 0.071 seconds
[2022-03-18 17:19:40,009] {processor.py:163} INFO - Started process (PID=47377) to work on /Users/louisekirkham/Documents/linkedin_learning/Ex_Files_Data_Engineering_Foundations/airflow_env/lib/python3.9/site-packages/airflow/example_dags/example_python_operator.py
[2022-03-18 17:19:40,010] {processor.py:642} INFO - Processing file /Users/louisekirkham/Documents/linkedin_learning/Ex_Files_Data_Engineering_Foundations/airflow_env/lib/python3.9/site-packages/airflow/example_dags/example_python_operator.py for tasks to queue
[2022-03-18 17:19:40,010] {logging_mixin.py:109} INFO - [2022-03-18 17:19:40,010] {dagbag.py:500} INFO - Filling up the DagBag from /Users/louisekirkham/Documents/linkedin_learning/Ex_Files_Data_Engineering_Foundations/airflow_env/lib/python3.9/site-packages/airflow/example_dags/example_python_operator.py
[2022-03-18 17:19:40,060] {processor.py:654} INFO - DAG(s) dict_keys(['example_python_operator']) retrieved from /Users/louisekirkham/Documents/linkedin_learning/Ex_Files_Data_Engineering_Foundations/airflow_env/lib/python3.9/site-packages/airflow/example_dags/example_python_operator.py
[2022-03-18 17:19:40,078] {logging_mixin.py:109} INFO - [2022-03-18 17:19:40,078] {dag.py:2398} INFO - Sync 1 DAGs
[2022-03-18 17:19:40,087] {logging_mixin.py:109} INFO - [2022-03-18 17:19:40,087] {dag.py:2937} INFO - Setting next_dagrun for example_python_operator to None
[2022-03-18 17:19:40,093] {processor.py:171} INFO - Processing /Users/louisekirkham/Documents/linkedin_learning/Ex_Files_Data_Engineering_Foundations/airflow_env/lib/python3.9/site-packages/airflow/example_dags/example_python_operator.py took 0.085 seconds
[2022-03-18 17:24:13,649] {processor.py:163} INFO - Started process (PID=47548) to work on /Users/louisekirkham/Documents/linkedin_learning/Ex_Files_Data_Engineering_Foundations/airflow_env/lib/python3.9/site-packages/airflow/example_dags/example_python_operator.py
[2022-03-18 17:24:13,650] {processor.py:642} INFO - Processing file /Users/louisekirkham/Documents/linkedin_learning/Ex_Files_Data_Engineering_Foundations/airflow_env/lib/python3.9/site-packages/airflow/example_dags/example_python_operator.py for tasks to queue
[2022-03-18 17:24:13,650] {logging_mixin.py:109} INFO - [2022-03-18 17:24:13,650] {dagbag.py:500} INFO - Filling up the DagBag from /Users/louisekirkham/Documents/linkedin_learning/Ex_Files_Data_Engineering_Foundations/airflow_env/lib/python3.9/site-packages/airflow/example_dags/example_python_operator.py
[2022-03-18 17:24:13,692] {processor.py:654} INFO - DAG(s) dict_keys(['example_python_operator']) retrieved from /Users/louisekirkham/Documents/linkedin_learning/Ex_Files_Data_Engineering_Foundations/airflow_env/lib/python3.9/site-packages/airflow/example_dags/example_python_operator.py
[2022-03-18 17:24:13,708] {logging_mixin.py:109} INFO - [2022-03-18 17:24:13,707] {dag.py:2398} INFO - Sync 1 DAGs
[2022-03-18 17:24:13,715] {logging_mixin.py:109} INFO - [2022-03-18 17:24:13,714] {dag.py:2937} INFO - Setting next_dagrun for example_python_operator to None
[2022-03-18 17:24:13,721] {processor.py:171} INFO - Processing /Users/louisekirkham/Documents/linkedin_learning/Ex_Files_Data_Engineering_Foundations/airflow_env/lib/python3.9/site-packages/airflow/example_dags/example_python_operator.py took 0.072 seconds
[2022-03-18 17:25:30,764] {processor.py:163} INFO - Started process (PID=47613) to work on /Users/louisekirkham/Documents/linkedin_learning/Ex_Files_Data_Engineering_Foundations/airflow_env/lib/python3.9/site-packages/airflow/example_dags/example_python_operator.py
[2022-03-18 17:25:30,764] {processor.py:642} INFO - Processing file /Users/louisekirkham/Documents/linkedin_learning/Ex_Files_Data_Engineering_Foundations/airflow_env/lib/python3.9/site-packages/airflow/example_dags/example_python_operator.py for tasks to queue
[2022-03-18 17:25:30,765] {logging_mixin.py:109} INFO - [2022-03-18 17:25:30,765] {dagbag.py:500} INFO - Filling up the DagBag from /Users/louisekirkham/Documents/linkedin_learning/Ex_Files_Data_Engineering_Foundations/airflow_env/lib/python3.9/site-packages/airflow/example_dags/example_python_operator.py
[2022-03-18 17:25:30,819] {processor.py:654} INFO - DAG(s) dict_keys(['example_python_operator']) retrieved from /Users/louisekirkham/Documents/linkedin_learning/Ex_Files_Data_Engineering_Foundations/airflow_env/lib/python3.9/site-packages/airflow/example_dags/example_python_operator.py
[2022-03-18 17:25:30,842] {logging_mixin.py:109} INFO - [2022-03-18 17:25:30,841] {dag.py:2398} INFO - Sync 1 DAGs
[2022-03-18 17:25:30,850] {logging_mixin.py:109} INFO - [2022-03-18 17:25:30,850] {dag.py:2937} INFO - Setting next_dagrun for example_python_operator to None
[2022-03-18 17:25:30,860] {processor.py:171} INFO - Processing /Users/louisekirkham/Documents/linkedin_learning/Ex_Files_Data_Engineering_Foundations/airflow_env/lib/python3.9/site-packages/airflow/example_dags/example_python_operator.py took 0.097 seconds
[2022-03-18 17:28:41,124] {processor.py:163} INFO - Started process (PID=47753) to work on /Users/louisekirkham/Documents/linkedin_learning/Ex_Files_Data_Engineering_Foundations/airflow_env/lib/python3.9/site-packages/airflow/example_dags/example_python_operator.py
[2022-03-18 17:28:41,125] {processor.py:642} INFO - Processing file /Users/louisekirkham/Documents/linkedin_learning/Ex_Files_Data_Engineering_Foundations/airflow_env/lib/python3.9/site-packages/airflow/example_dags/example_python_operator.py for tasks to queue
[2022-03-18 17:28:41,125] {logging_mixin.py:109} INFO - [2022-03-18 17:28:41,125] {dagbag.py:500} INFO - Filling up the DagBag from /Users/louisekirkham/Documents/linkedin_learning/Ex_Files_Data_Engineering_Foundations/airflow_env/lib/python3.9/site-packages/airflow/example_dags/example_python_operator.py
[2022-03-18 17:28:41,163] {processor.py:654} INFO - DAG(s) dict_keys(['example_python_operator']) retrieved from /Users/louisekirkham/Documents/linkedin_learning/Ex_Files_Data_Engineering_Foundations/airflow_env/lib/python3.9/site-packages/airflow/example_dags/example_python_operator.py
[2022-03-18 17:28:41,177] {logging_mixin.py:109} INFO - [2022-03-18 17:28:41,176] {dag.py:2398} INFO - Sync 1 DAGs
[2022-03-18 17:28:41,184] {logging_mixin.py:109} INFO - [2022-03-18 17:28:41,183] {dag.py:2937} INFO - Setting next_dagrun for example_python_operator to None
[2022-03-18 17:28:41,190] {processor.py:171} INFO - Processing /Users/louisekirkham/Documents/linkedin_learning/Ex_Files_Data_Engineering_Foundations/airflow_env/lib/python3.9/site-packages/airflow/example_dags/example_python_operator.py took 0.067 seconds
[2022-03-18 17:30:46,885] {processor.py:163} INFO - Started process (PID=47861) to work on /Users/louisekirkham/Documents/linkedin_learning/Ex_Files_Data_Engineering_Foundations/airflow_env/lib/python3.9/site-packages/airflow/example_dags/example_python_operator.py
[2022-03-18 17:30:46,886] {processor.py:642} INFO - Processing file /Users/louisekirkham/Documents/linkedin_learning/Ex_Files_Data_Engineering_Foundations/airflow_env/lib/python3.9/site-packages/airflow/example_dags/example_python_operator.py for tasks to queue
[2022-03-18 17:30:46,886] {logging_mixin.py:109} INFO - [2022-03-18 17:30:46,886] {dagbag.py:500} INFO - Filling up the DagBag from /Users/louisekirkham/Documents/linkedin_learning/Ex_Files_Data_Engineering_Foundations/airflow_env/lib/python3.9/site-packages/airflow/example_dags/example_python_operator.py
[2022-03-18 17:30:46,925] {processor.py:654} INFO - DAG(s) dict_keys(['example_python_operator']) retrieved from /Users/louisekirkham/Documents/linkedin_learning/Ex_Files_Data_Engineering_Foundations/airflow_env/lib/python3.9/site-packages/airflow/example_dags/example_python_operator.py
[2022-03-18 17:30:46,942] {logging_mixin.py:109} INFO - [2022-03-18 17:30:46,941] {dag.py:2398} INFO - Sync 1 DAGs
[2022-03-18 17:30:46,952] {logging_mixin.py:109} INFO - [2022-03-18 17:30:46,952] {dag.py:2937} INFO - Setting next_dagrun for example_python_operator to None
[2022-03-18 17:30:46,959] {processor.py:171} INFO - Processing /Users/louisekirkham/Documents/linkedin_learning/Ex_Files_Data_Engineering_Foundations/airflow_env/lib/python3.9/site-packages/airflow/example_dags/example_python_operator.py took 0.075 seconds
[2022-03-18 17:31:59,066] {processor.py:163} INFO - Started process (PID=47931) to work on /Users/louisekirkham/Documents/linkedin_learning/Ex_Files_Data_Engineering_Foundations/airflow_env/lib/python3.9/site-packages/airflow/example_dags/example_python_operator.py
[2022-03-18 17:31:59,066] {processor.py:642} INFO - Processing file /Users/louisekirkham/Documents/linkedin_learning/Ex_Files_Data_Engineering_Foundations/airflow_env/lib/python3.9/site-packages/airflow/example_dags/example_python_operator.py for tasks to queue
[2022-03-18 17:31:59,066] {logging_mixin.py:109} INFO - [2022-03-18 17:31:59,066] {dagbag.py:500} INFO - Filling up the DagBag from /Users/louisekirkham/Documents/linkedin_learning/Ex_Files_Data_Engineering_Foundations/airflow_env/lib/python3.9/site-packages/airflow/example_dags/example_python_operator.py
[2022-03-18 17:31:59,105] {processor.py:654} INFO - DAG(s) dict_keys(['example_python_operator']) retrieved from /Users/louisekirkham/Documents/linkedin_learning/Ex_Files_Data_Engineering_Foundations/airflow_env/lib/python3.9/site-packages/airflow/example_dags/example_python_operator.py
[2022-03-18 17:31:59,119] {logging_mixin.py:109} INFO - [2022-03-18 17:31:59,118] {dag.py:2398} INFO - Sync 1 DAGs
[2022-03-18 17:31:59,126] {logging_mixin.py:109} INFO - [2022-03-18 17:31:59,126] {dag.py:2937} INFO - Setting next_dagrun for example_python_operator to None
[2022-03-18 17:31:59,133] {processor.py:171} INFO - Processing /Users/louisekirkham/Documents/linkedin_learning/Ex_Files_Data_Engineering_Foundations/airflow_env/lib/python3.9/site-packages/airflow/example_dags/example_python_operator.py took 0.068 seconds
[2022-03-18 17:33:12,344] {processor.py:163} INFO - Started process (PID=47990) to work on /Users/louisekirkham/Documents/linkedin_learning/Ex_Files_Data_Engineering_Foundations/airflow_env/lib/python3.9/site-packages/airflow/example_dags/example_python_operator.py
[2022-03-18 17:33:12,344] {processor.py:642} INFO - Processing file /Users/louisekirkham/Documents/linkedin_learning/Ex_Files_Data_Engineering_Foundations/airflow_env/lib/python3.9/site-packages/airflow/example_dags/example_python_operator.py for tasks to queue
[2022-03-18 17:33:12,345] {logging_mixin.py:109} INFO - [2022-03-18 17:33:12,344] {dagbag.py:500} INFO - Filling up the DagBag from /Users/louisekirkham/Documents/linkedin_learning/Ex_Files_Data_Engineering_Foundations/airflow_env/lib/python3.9/site-packages/airflow/example_dags/example_python_operator.py
[2022-03-18 17:33:12,385] {processor.py:654} INFO - DAG(s) dict_keys(['example_python_operator']) retrieved from /Users/louisekirkham/Documents/linkedin_learning/Ex_Files_Data_Engineering_Foundations/airflow_env/lib/python3.9/site-packages/airflow/example_dags/example_python_operator.py
[2022-03-18 17:33:12,400] {logging_mixin.py:109} INFO - [2022-03-18 17:33:12,400] {dag.py:2398} INFO - Sync 1 DAGs
[2022-03-18 17:33:12,406] {logging_mixin.py:109} INFO - [2022-03-18 17:33:12,406] {dag.py:2937} INFO - Setting next_dagrun for example_python_operator to None
[2022-03-18 17:33:12,413] {processor.py:171} INFO - Processing /Users/louisekirkham/Documents/linkedin_learning/Ex_Files_Data_Engineering_Foundations/airflow_env/lib/python3.9/site-packages/airflow/example_dags/example_python_operator.py took 0.070 seconds
[2022-03-18 17:34:33,862] {processor.py:163} INFO - Started process (PID=48465) to work on /Users/louisekirkham/Documents/linkedin_learning/Ex_Files_Data_Engineering_Foundations/airflow_env/lib/python3.9/site-packages/airflow/example_dags/example_python_operator.py
[2022-03-18 17:34:33,863] {processor.py:642} INFO - Processing file /Users/louisekirkham/Documents/linkedin_learning/Ex_Files_Data_Engineering_Foundations/airflow_env/lib/python3.9/site-packages/airflow/example_dags/example_python_operator.py for tasks to queue
[2022-03-18 17:34:33,863] {logging_mixin.py:109} INFO - [2022-03-18 17:34:33,863] {dagbag.py:500} INFO - Filling up the DagBag from /Users/louisekirkham/Documents/linkedin_learning/Ex_Files_Data_Engineering_Foundations/airflow_env/lib/python3.9/site-packages/airflow/example_dags/example_python_operator.py
[2022-03-18 17:34:33,903] {processor.py:654} INFO - DAG(s) dict_keys(['example_python_operator']) retrieved from /Users/louisekirkham/Documents/linkedin_learning/Ex_Files_Data_Engineering_Foundations/airflow_env/lib/python3.9/site-packages/airflow/example_dags/example_python_operator.py
[2022-03-18 17:34:33,918] {logging_mixin.py:109} INFO - [2022-03-18 17:34:33,917] {dag.py:2398} INFO - Sync 1 DAGs
[2022-03-18 17:34:33,925] {logging_mixin.py:109} INFO - [2022-03-18 17:34:33,925] {dag.py:2937} INFO - Setting next_dagrun for example_python_operator to None
[2022-03-18 17:34:33,932] {processor.py:171} INFO - Processing /Users/louisekirkham/Documents/linkedin_learning/Ex_Files_Data_Engineering_Foundations/airflow_env/lib/python3.9/site-packages/airflow/example_dags/example_python_operator.py took 0.070 seconds
[2022-03-18 17:35:55,508] {processor.py:163} INFO - Started process (PID=48549) to work on /Users/louisekirkham/Documents/linkedin_learning/Ex_Files_Data_Engineering_Foundations/airflow_env/lib/python3.9/site-packages/airflow/example_dags/example_python_operator.py
[2022-03-18 17:35:55,509] {processor.py:642} INFO - Processing file /Users/louisekirkham/Documents/linkedin_learning/Ex_Files_Data_Engineering_Foundations/airflow_env/lib/python3.9/site-packages/airflow/example_dags/example_python_operator.py for tasks to queue
[2022-03-18 17:35:55,509] {logging_mixin.py:109} INFO - [2022-03-18 17:35:55,509] {dagbag.py:500} INFO - Filling up the DagBag from /Users/louisekirkham/Documents/linkedin_learning/Ex_Files_Data_Engineering_Foundations/airflow_env/lib/python3.9/site-packages/airflow/example_dags/example_python_operator.py
[2022-03-18 17:35:55,551] {processor.py:654} INFO - DAG(s) dict_keys(['example_python_operator']) retrieved from /Users/louisekirkham/Documents/linkedin_learning/Ex_Files_Data_Engineering_Foundations/airflow_env/lib/python3.9/site-packages/airflow/example_dags/example_python_operator.py
[2022-03-18 17:35:55,567] {logging_mixin.py:109} INFO - [2022-03-18 17:35:55,566] {dag.py:2398} INFO - Sync 1 DAGs
[2022-03-18 17:35:55,574] {logging_mixin.py:109} INFO - [2022-03-18 17:35:55,574] {dag.py:2937} INFO - Setting next_dagrun for example_python_operator to None
[2022-03-18 17:35:55,581] {processor.py:171} INFO - Processing /Users/louisekirkham/Documents/linkedin_learning/Ex_Files_Data_Engineering_Foundations/airflow_env/lib/python3.9/site-packages/airflow/example_dags/example_python_operator.py took 0.074 seconds
[2022-03-18 17:37:20,526] {processor.py:163} INFO - Started process (PID=48622) to work on /Users/louisekirkham/Documents/linkedin_learning/Ex_Files_Data_Engineering_Foundations/airflow_env/lib/python3.9/site-packages/airflow/example_dags/example_python_operator.py
[2022-03-18 17:37:20,527] {processor.py:642} INFO - Processing file /Users/louisekirkham/Documents/linkedin_learning/Ex_Files_Data_Engineering_Foundations/airflow_env/lib/python3.9/site-packages/airflow/example_dags/example_python_operator.py for tasks to queue
[2022-03-18 17:37:20,527] {logging_mixin.py:109} INFO - [2022-03-18 17:37:20,527] {dagbag.py:500} INFO - Filling up the DagBag from /Users/louisekirkham/Documents/linkedin_learning/Ex_Files_Data_Engineering_Foundations/airflow_env/lib/python3.9/site-packages/airflow/example_dags/example_python_operator.py
[2022-03-18 17:37:20,566] {processor.py:654} INFO - DAG(s) dict_keys(['example_python_operator']) retrieved from /Users/louisekirkham/Documents/linkedin_learning/Ex_Files_Data_Engineering_Foundations/airflow_env/lib/python3.9/site-packages/airflow/example_dags/example_python_operator.py
[2022-03-18 17:37:20,580] {logging_mixin.py:109} INFO - [2022-03-18 17:37:20,580] {dag.py:2398} INFO - Sync 1 DAGs
[2022-03-18 17:37:20,587] {logging_mixin.py:109} INFO - [2022-03-18 17:37:20,587] {dag.py:2937} INFO - Setting next_dagrun for example_python_operator to None
[2022-03-18 17:37:20,593] {processor.py:171} INFO - Processing /Users/louisekirkham/Documents/linkedin_learning/Ex_Files_Data_Engineering_Foundations/airflow_env/lib/python3.9/site-packages/airflow/example_dags/example_python_operator.py took 0.067 seconds
[2022-03-18 17:38:44,586] {processor.py:163} INFO - Started process (PID=48687) to work on /Users/louisekirkham/Documents/linkedin_learning/Ex_Files_Data_Engineering_Foundations/airflow_env/lib/python3.9/site-packages/airflow/example_dags/example_python_operator.py
[2022-03-18 17:38:44,586] {processor.py:642} INFO - Processing file /Users/louisekirkham/Documents/linkedin_learning/Ex_Files_Data_Engineering_Foundations/airflow_env/lib/python3.9/site-packages/airflow/example_dags/example_python_operator.py for tasks to queue
[2022-03-18 17:38:44,586] {logging_mixin.py:109} INFO - [2022-03-18 17:38:44,586] {dagbag.py:500} INFO - Filling up the DagBag from /Users/louisekirkham/Documents/linkedin_learning/Ex_Files_Data_Engineering_Foundations/airflow_env/lib/python3.9/site-packages/airflow/example_dags/example_python_operator.py
[2022-03-18 17:38:44,625] {processor.py:654} INFO - DAG(s) dict_keys(['example_python_operator']) retrieved from /Users/louisekirkham/Documents/linkedin_learning/Ex_Files_Data_Engineering_Foundations/airflow_env/lib/python3.9/site-packages/airflow/example_dags/example_python_operator.py
[2022-03-18 17:38:44,639] {logging_mixin.py:109} INFO - [2022-03-18 17:38:44,638] {dag.py:2398} INFO - Sync 1 DAGs
[2022-03-18 17:38:44,647] {logging_mixin.py:109} INFO - [2022-03-18 17:38:44,647] {dag.py:2937} INFO - Setting next_dagrun for example_python_operator to None
[2022-03-18 17:38:44,653] {processor.py:171} INFO - Processing /Users/louisekirkham/Documents/linkedin_learning/Ex_Files_Data_Engineering_Foundations/airflow_env/lib/python3.9/site-packages/airflow/example_dags/example_python_operator.py took 0.068 seconds
[2022-03-18 17:40:11,468] {processor.py:163} INFO - Started process (PID=48761) to work on /Users/louisekirkham/Documents/linkedin_learning/Ex_Files_Data_Engineering_Foundations/airflow_env/lib/python3.9/site-packages/airflow/example_dags/example_python_operator.py
[2022-03-18 17:40:11,469] {processor.py:642} INFO - Processing file /Users/louisekirkham/Documents/linkedin_learning/Ex_Files_Data_Engineering_Foundations/airflow_env/lib/python3.9/site-packages/airflow/example_dags/example_python_operator.py for tasks to queue
[2022-03-18 17:40:11,469] {logging_mixin.py:109} INFO - [2022-03-18 17:40:11,469] {dagbag.py:500} INFO - Filling up the DagBag from /Users/louisekirkham/Documents/linkedin_learning/Ex_Files_Data_Engineering_Foundations/airflow_env/lib/python3.9/site-packages/airflow/example_dags/example_python_operator.py
[2022-03-18 17:40:11,508] {processor.py:654} INFO - DAG(s) dict_keys(['example_python_operator']) retrieved from /Users/louisekirkham/Documents/linkedin_learning/Ex_Files_Data_Engineering_Foundations/airflow_env/lib/python3.9/site-packages/airflow/example_dags/example_python_operator.py
[2022-03-18 17:40:11,523] {logging_mixin.py:109} INFO - [2022-03-18 17:40:11,523] {dag.py:2398} INFO - Sync 1 DAGs
[2022-03-18 17:40:11,530] {logging_mixin.py:109} INFO - [2022-03-18 17:40:11,530] {dag.py:2937} INFO - Setting next_dagrun for example_python_operator to None
[2022-03-18 17:40:11,536] {processor.py:171} INFO - Processing /Users/louisekirkham/Documents/linkedin_learning/Ex_Files_Data_Engineering_Foundations/airflow_env/lib/python3.9/site-packages/airflow/example_dags/example_python_operator.py took 0.069 seconds
[2022-03-18 17:41:32,257] {processor.py:163} INFO - Started process (PID=48852) to work on /Users/louisekirkham/Documents/linkedin_learning/Ex_Files_Data_Engineering_Foundations/airflow_env/lib/python3.9/site-packages/airflow/example_dags/example_python_operator.py
[2022-03-18 17:41:32,257] {processor.py:642} INFO - Processing file /Users/louisekirkham/Documents/linkedin_learning/Ex_Files_Data_Engineering_Foundations/airflow_env/lib/python3.9/site-packages/airflow/example_dags/example_python_operator.py for tasks to queue
[2022-03-18 17:41:32,258] {logging_mixin.py:109} INFO - [2022-03-18 17:41:32,258] {dagbag.py:500} INFO - Filling up the DagBag from /Users/louisekirkham/Documents/linkedin_learning/Ex_Files_Data_Engineering_Foundations/airflow_env/lib/python3.9/site-packages/airflow/example_dags/example_python_operator.py
[2022-03-18 17:41:32,297] {processor.py:654} INFO - DAG(s) dict_keys(['example_python_operator']) retrieved from /Users/louisekirkham/Documents/linkedin_learning/Ex_Files_Data_Engineering_Foundations/airflow_env/lib/python3.9/site-packages/airflow/example_dags/example_python_operator.py
[2022-03-18 17:41:32,312] {logging_mixin.py:109} INFO - [2022-03-18 17:41:32,312] {dag.py:2398} INFO - Sync 1 DAGs
[2022-03-18 17:41:32,318] {logging_mixin.py:109} INFO - [2022-03-18 17:41:32,318] {dag.py:2937} INFO - Setting next_dagrun for example_python_operator to None
[2022-03-18 17:41:32,326] {processor.py:171} INFO - Processing /Users/louisekirkham/Documents/linkedin_learning/Ex_Files_Data_Engineering_Foundations/airflow_env/lib/python3.9/site-packages/airflow/example_dags/example_python_operator.py took 0.069 seconds
[2022-03-18 17:42:56,895] {processor.py:163} INFO - Started process (PID=48935) to work on /Users/louisekirkham/Documents/linkedin_learning/Ex_Files_Data_Engineering_Foundations/airflow_env/lib/python3.9/site-packages/airflow/example_dags/example_python_operator.py
[2022-03-18 17:42:56,896] {processor.py:642} INFO - Processing file /Users/louisekirkham/Documents/linkedin_learning/Ex_Files_Data_Engineering_Foundations/airflow_env/lib/python3.9/site-packages/airflow/example_dags/example_python_operator.py for tasks to queue
[2022-03-18 17:42:56,896] {logging_mixin.py:109} INFO - [2022-03-18 17:42:56,896] {dagbag.py:500} INFO - Filling up the DagBag from /Users/louisekirkham/Documents/linkedin_learning/Ex_Files_Data_Engineering_Foundations/airflow_env/lib/python3.9/site-packages/airflow/example_dags/example_python_operator.py
[2022-03-18 17:42:56,933] {processor.py:654} INFO - DAG(s) dict_keys(['example_python_operator']) retrieved from /Users/louisekirkham/Documents/linkedin_learning/Ex_Files_Data_Engineering_Foundations/airflow_env/lib/python3.9/site-packages/airflow/example_dags/example_python_operator.py
[2022-03-18 17:42:56,946] {logging_mixin.py:109} INFO - [2022-03-18 17:42:56,946] {dag.py:2398} INFO - Sync 1 DAGs
[2022-03-18 17:42:56,952] {logging_mixin.py:109} INFO - [2022-03-18 17:42:56,952] {dag.py:2937} INFO - Setting next_dagrun for example_python_operator to None
[2022-03-18 17:42:56,959] {processor.py:171} INFO - Processing /Users/louisekirkham/Documents/linkedin_learning/Ex_Files_Data_Engineering_Foundations/airflow_env/lib/python3.9/site-packages/airflow/example_dags/example_python_operator.py took 0.064 seconds
[2022-03-18 17:44:17,463] {processor.py:163} INFO - Started process (PID=48995) to work on /Users/louisekirkham/Documents/linkedin_learning/Ex_Files_Data_Engineering_Foundations/airflow_env/lib/python3.9/site-packages/airflow/example_dags/example_python_operator.py
[2022-03-18 17:44:17,463] {processor.py:642} INFO - Processing file /Users/louisekirkham/Documents/linkedin_learning/Ex_Files_Data_Engineering_Foundations/airflow_env/lib/python3.9/site-packages/airflow/example_dags/example_python_operator.py for tasks to queue
[2022-03-18 17:44:17,463] {logging_mixin.py:109} INFO - [2022-03-18 17:44:17,463] {dagbag.py:500} INFO - Filling up the DagBag from /Users/louisekirkham/Documents/linkedin_learning/Ex_Files_Data_Engineering_Foundations/airflow_env/lib/python3.9/site-packages/airflow/example_dags/example_python_operator.py
[2022-03-18 17:44:17,502] {processor.py:654} INFO - DAG(s) dict_keys(['example_python_operator']) retrieved from /Users/louisekirkham/Documents/linkedin_learning/Ex_Files_Data_Engineering_Foundations/airflow_env/lib/python3.9/site-packages/airflow/example_dags/example_python_operator.py
[2022-03-18 17:44:17,515] {logging_mixin.py:109} INFO - [2022-03-18 17:44:17,515] {dag.py:2398} INFO - Sync 1 DAGs
[2022-03-18 17:44:17,522] {logging_mixin.py:109} INFO - [2022-03-18 17:44:17,522] {dag.py:2937} INFO - Setting next_dagrun for example_python_operator to None
[2022-03-18 17:44:17,528] {processor.py:171} INFO - Processing /Users/louisekirkham/Documents/linkedin_learning/Ex_Files_Data_Engineering_Foundations/airflow_env/lib/python3.9/site-packages/airflow/example_dags/example_python_operator.py took 0.066 seconds
[2022-03-18 17:45:43,410] {processor.py:163} INFO - Started process (PID=49066) to work on /Users/louisekirkham/Documents/linkedin_learning/Ex_Files_Data_Engineering_Foundations/airflow_env/lib/python3.9/site-packages/airflow/example_dags/example_python_operator.py
[2022-03-18 17:45:43,410] {processor.py:642} INFO - Processing file /Users/louisekirkham/Documents/linkedin_learning/Ex_Files_Data_Engineering_Foundations/airflow_env/lib/python3.9/site-packages/airflow/example_dags/example_python_operator.py for tasks to queue
[2022-03-18 17:45:43,411] {logging_mixin.py:109} INFO - [2022-03-18 17:45:43,411] {dagbag.py:500} INFO - Filling up the DagBag from /Users/louisekirkham/Documents/linkedin_learning/Ex_Files_Data_Engineering_Foundations/airflow_env/lib/python3.9/site-packages/airflow/example_dags/example_python_operator.py
[2022-03-18 17:45:43,461] {processor.py:654} INFO - DAG(s) dict_keys(['example_python_operator']) retrieved from /Users/louisekirkham/Documents/linkedin_learning/Ex_Files_Data_Engineering_Foundations/airflow_env/lib/python3.9/site-packages/airflow/example_dags/example_python_operator.py
[2022-03-18 17:45:43,480] {logging_mixin.py:109} INFO - [2022-03-18 17:45:43,479] {dag.py:2398} INFO - Sync 1 DAGs
[2022-03-18 17:45:43,489] {logging_mixin.py:109} INFO - [2022-03-18 17:45:43,489] {dag.py:2937} INFO - Setting next_dagrun for example_python_operator to None
[2022-03-18 17:45:43,496] {processor.py:171} INFO - Processing /Users/louisekirkham/Documents/linkedin_learning/Ex_Files_Data_Engineering_Foundations/airflow_env/lib/python3.9/site-packages/airflow/example_dags/example_python_operator.py took 0.087 seconds
[2022-03-18 17:47:06,524] {processor.py:163} INFO - Started process (PID=49129) to work on /Users/louisekirkham/Documents/linkedin_learning/Ex_Files_Data_Engineering_Foundations/airflow_env/lib/python3.9/site-packages/airflow/example_dags/example_python_operator.py
[2022-03-18 17:47:06,525] {processor.py:642} INFO - Processing file /Users/louisekirkham/Documents/linkedin_learning/Ex_Files_Data_Engineering_Foundations/airflow_env/lib/python3.9/site-packages/airflow/example_dags/example_python_operator.py for tasks to queue
[2022-03-18 17:47:06,526] {logging_mixin.py:109} INFO - [2022-03-18 17:47:06,526] {dagbag.py:500} INFO - Filling up the DagBag from /Users/louisekirkham/Documents/linkedin_learning/Ex_Files_Data_Engineering_Foundations/airflow_env/lib/python3.9/site-packages/airflow/example_dags/example_python_operator.py
[2022-03-18 17:47:06,570] {processor.py:654} INFO - DAG(s) dict_keys(['example_python_operator']) retrieved from /Users/louisekirkham/Documents/linkedin_learning/Ex_Files_Data_Engineering_Foundations/airflow_env/lib/python3.9/site-packages/airflow/example_dags/example_python_operator.py
[2022-03-18 17:47:06,586] {logging_mixin.py:109} INFO - [2022-03-18 17:47:06,586] {dag.py:2398} INFO - Sync 1 DAGs
[2022-03-18 17:47:06,595] {logging_mixin.py:109} INFO - [2022-03-18 17:47:06,595] {dag.py:2937} INFO - Setting next_dagrun for example_python_operator to None
[2022-03-18 17:47:06,603] {processor.py:171} INFO - Processing /Users/louisekirkham/Documents/linkedin_learning/Ex_Files_Data_Engineering_Foundations/airflow_env/lib/python3.9/site-packages/airflow/example_dags/example_python_operator.py took 0.079 seconds
[2022-03-18 17:48:30,723] {processor.py:163} INFO - Started process (PID=50853) to work on /Users/louisekirkham/Documents/linkedin_learning/Ex_Files_Data_Engineering_Foundations/airflow_env/lib/python3.9/site-packages/airflow/example_dags/example_python_operator.py
[2022-03-18 17:48:30,723] {processor.py:642} INFO - Processing file /Users/louisekirkham/Documents/linkedin_learning/Ex_Files_Data_Engineering_Foundations/airflow_env/lib/python3.9/site-packages/airflow/example_dags/example_python_operator.py for tasks to queue
[2022-03-18 17:48:30,723] {logging_mixin.py:109} INFO - [2022-03-18 17:48:30,723] {dagbag.py:500} INFO - Filling up the DagBag from /Users/louisekirkham/Documents/linkedin_learning/Ex_Files_Data_Engineering_Foundations/airflow_env/lib/python3.9/site-packages/airflow/example_dags/example_python_operator.py
[2022-03-18 17:48:30,764] {processor.py:654} INFO - DAG(s) dict_keys(['example_python_operator']) retrieved from /Users/louisekirkham/Documents/linkedin_learning/Ex_Files_Data_Engineering_Foundations/airflow_env/lib/python3.9/site-packages/airflow/example_dags/example_python_operator.py
[2022-03-18 17:48:30,779] {logging_mixin.py:109} INFO - [2022-03-18 17:48:30,779] {dag.py:2398} INFO - Sync 1 DAGs
[2022-03-18 17:48:30,786] {logging_mixin.py:109} INFO - [2022-03-18 17:48:30,786] {dag.py:2937} INFO - Setting next_dagrun for example_python_operator to None
[2022-03-18 17:48:30,792] {processor.py:171} INFO - Processing /Users/louisekirkham/Documents/linkedin_learning/Ex_Files_Data_Engineering_Foundations/airflow_env/lib/python3.9/site-packages/airflow/example_dags/example_python_operator.py took 0.070 seconds
[2022-03-18 17:49:55,286] {processor.py:163} INFO - Started process (PID=50955) to work on /Users/louisekirkham/Documents/linkedin_learning/Ex_Files_Data_Engineering_Foundations/airflow_env/lib/python3.9/site-packages/airflow/example_dags/example_python_operator.py
[2022-03-18 17:49:55,287] {processor.py:642} INFO - Processing file /Users/louisekirkham/Documents/linkedin_learning/Ex_Files_Data_Engineering_Foundations/airflow_env/lib/python3.9/site-packages/airflow/example_dags/example_python_operator.py for tasks to queue
[2022-03-18 17:49:55,288] {logging_mixin.py:109} INFO - [2022-03-18 17:49:55,288] {dagbag.py:500} INFO - Filling up the DagBag from /Users/louisekirkham/Documents/linkedin_learning/Ex_Files_Data_Engineering_Foundations/airflow_env/lib/python3.9/site-packages/airflow/example_dags/example_python_operator.py
[2022-03-18 17:49:55,332] {processor.py:654} INFO - DAG(s) dict_keys(['example_python_operator']) retrieved from /Users/louisekirkham/Documents/linkedin_learning/Ex_Files_Data_Engineering_Foundations/airflow_env/lib/python3.9/site-packages/airflow/example_dags/example_python_operator.py
[2022-03-18 17:49:55,347] {logging_mixin.py:109} INFO - [2022-03-18 17:49:55,346] {dag.py:2398} INFO - Sync 1 DAGs
[2022-03-18 17:49:55,354] {logging_mixin.py:109} INFO - [2022-03-18 17:49:55,354] {dag.py:2937} INFO - Setting next_dagrun for example_python_operator to None
[2022-03-18 17:49:55,362] {processor.py:171} INFO - Processing /Users/louisekirkham/Documents/linkedin_learning/Ex_Files_Data_Engineering_Foundations/airflow_env/lib/python3.9/site-packages/airflow/example_dags/example_python_operator.py took 0.076 seconds
[2022-03-18 17:51:21,070] {processor.py:163} INFO - Started process (PID=51040) to work on /Users/louisekirkham/Documents/linkedin_learning/Ex_Files_Data_Engineering_Foundations/airflow_env/lib/python3.9/site-packages/airflow/example_dags/example_python_operator.py
[2022-03-18 17:51:21,071] {processor.py:642} INFO - Processing file /Users/louisekirkham/Documents/linkedin_learning/Ex_Files_Data_Engineering_Foundations/airflow_env/lib/python3.9/site-packages/airflow/example_dags/example_python_operator.py for tasks to queue
[2022-03-18 17:51:21,071] {logging_mixin.py:109} INFO - [2022-03-18 17:51:21,071] {dagbag.py:500} INFO - Filling up the DagBag from /Users/louisekirkham/Documents/linkedin_learning/Ex_Files_Data_Engineering_Foundations/airflow_env/lib/python3.9/site-packages/airflow/example_dags/example_python_operator.py
[2022-03-18 17:51:21,113] {processor.py:654} INFO - DAG(s) dict_keys(['example_python_operator']) retrieved from /Users/louisekirkham/Documents/linkedin_learning/Ex_Files_Data_Engineering_Foundations/airflow_env/lib/python3.9/site-packages/airflow/example_dags/example_python_operator.py
[2022-03-18 17:51:21,129] {logging_mixin.py:109} INFO - [2022-03-18 17:51:21,129] {dag.py:2398} INFO - Sync 1 DAGs
[2022-03-18 17:51:21,139] {logging_mixin.py:109} INFO - [2022-03-18 17:51:21,139] {dag.py:2937} INFO - Setting next_dagrun for example_python_operator to None
[2022-03-18 17:51:21,147] {processor.py:171} INFO - Processing /Users/louisekirkham/Documents/linkedin_learning/Ex_Files_Data_Engineering_Foundations/airflow_env/lib/python3.9/site-packages/airflow/example_dags/example_python_operator.py took 0.077 seconds
[2022-03-18 17:52:44,694] {processor.py:163} INFO - Started process (PID=51101) to work on /Users/louisekirkham/Documents/linkedin_learning/Ex_Files_Data_Engineering_Foundations/airflow_env/lib/python3.9/site-packages/airflow/example_dags/example_python_operator.py
[2022-03-18 17:52:44,695] {processor.py:642} INFO - Processing file /Users/louisekirkham/Documents/linkedin_learning/Ex_Files_Data_Engineering_Foundations/airflow_env/lib/python3.9/site-packages/airflow/example_dags/example_python_operator.py for tasks to queue
[2022-03-18 17:52:44,695] {logging_mixin.py:109} INFO - [2022-03-18 17:52:44,695] {dagbag.py:500} INFO - Filling up the DagBag from /Users/louisekirkham/Documents/linkedin_learning/Ex_Files_Data_Engineering_Foundations/airflow_env/lib/python3.9/site-packages/airflow/example_dags/example_python_operator.py
[2022-03-18 17:52:44,734] {processor.py:654} INFO - DAG(s) dict_keys(['example_python_operator']) retrieved from /Users/louisekirkham/Documents/linkedin_learning/Ex_Files_Data_Engineering_Foundations/airflow_env/lib/python3.9/site-packages/airflow/example_dags/example_python_operator.py
[2022-03-18 17:52:44,754] {logging_mixin.py:109} INFO - [2022-03-18 17:52:44,754] {dag.py:2398} INFO - Sync 1 DAGs
[2022-03-18 17:52:44,762] {logging_mixin.py:109} INFO - [2022-03-18 17:52:44,762] {dag.py:2937} INFO - Setting next_dagrun for example_python_operator to None
[2022-03-18 17:52:44,769] {processor.py:171} INFO - Processing /Users/louisekirkham/Documents/linkedin_learning/Ex_Files_Data_Engineering_Foundations/airflow_env/lib/python3.9/site-packages/airflow/example_dags/example_python_operator.py took 0.076 seconds
[2022-03-18 17:54:07,107] {processor.py:163} INFO - Started process (PID=51168) to work on /Users/louisekirkham/Documents/linkedin_learning/Ex_Files_Data_Engineering_Foundations/airflow_env/lib/python3.9/site-packages/airflow/example_dags/example_python_operator.py
[2022-03-18 17:54:07,109] {processor.py:642} INFO - Processing file /Users/louisekirkham/Documents/linkedin_learning/Ex_Files_Data_Engineering_Foundations/airflow_env/lib/python3.9/site-packages/airflow/example_dags/example_python_operator.py for tasks to queue
[2022-03-18 17:54:07,109] {logging_mixin.py:109} INFO - [2022-03-18 17:54:07,109] {dagbag.py:500} INFO - Filling up the DagBag from /Users/louisekirkham/Documents/linkedin_learning/Ex_Files_Data_Engineering_Foundations/airflow_env/lib/python3.9/site-packages/airflow/example_dags/example_python_operator.py
[2022-03-18 17:54:07,151] {processor.py:654} INFO - DAG(s) dict_keys(['example_python_operator']) retrieved from /Users/louisekirkham/Documents/linkedin_learning/Ex_Files_Data_Engineering_Foundations/airflow_env/lib/python3.9/site-packages/airflow/example_dags/example_python_operator.py
[2022-03-18 17:54:07,167] {logging_mixin.py:109} INFO - [2022-03-18 17:54:07,167] {dag.py:2398} INFO - Sync 1 DAGs
[2022-03-18 17:54:07,175] {logging_mixin.py:109} INFO - [2022-03-18 17:54:07,175] {dag.py:2937} INFO - Setting next_dagrun for example_python_operator to None
[2022-03-18 17:54:07,182] {processor.py:171} INFO - Processing /Users/louisekirkham/Documents/linkedin_learning/Ex_Files_Data_Engineering_Foundations/airflow_env/lib/python3.9/site-packages/airflow/example_dags/example_python_operator.py took 0.076 seconds
[2022-03-18 17:55:29,524] {processor.py:163} INFO - Started process (PID=51235) to work on /Users/louisekirkham/Documents/linkedin_learning/Ex_Files_Data_Engineering_Foundations/airflow_env/lib/python3.9/site-packages/airflow/example_dags/example_python_operator.py
[2022-03-18 17:55:29,525] {processor.py:642} INFO - Processing file /Users/louisekirkham/Documents/linkedin_learning/Ex_Files_Data_Engineering_Foundations/airflow_env/lib/python3.9/site-packages/airflow/example_dags/example_python_operator.py for tasks to queue
[2022-03-18 17:55:29,526] {logging_mixin.py:109} INFO - [2022-03-18 17:55:29,526] {dagbag.py:500} INFO - Filling up the DagBag from /Users/louisekirkham/Documents/linkedin_learning/Ex_Files_Data_Engineering_Foundations/airflow_env/lib/python3.9/site-packages/airflow/example_dags/example_python_operator.py
[2022-03-18 17:55:29,563] {processor.py:654} INFO - DAG(s) dict_keys(['example_python_operator']) retrieved from /Users/louisekirkham/Documents/linkedin_learning/Ex_Files_Data_Engineering_Foundations/airflow_env/lib/python3.9/site-packages/airflow/example_dags/example_python_operator.py
[2022-03-18 17:55:29,577] {logging_mixin.py:109} INFO - [2022-03-18 17:55:29,577] {dag.py:2398} INFO - Sync 1 DAGs
[2022-03-18 17:55:29,585] {logging_mixin.py:109} INFO - [2022-03-18 17:55:29,585] {dag.py:2937} INFO - Setting next_dagrun for example_python_operator to None
[2022-03-18 17:55:29,591] {processor.py:171} INFO - Processing /Users/louisekirkham/Documents/linkedin_learning/Ex_Files_Data_Engineering_Foundations/airflow_env/lib/python3.9/site-packages/airflow/example_dags/example_python_operator.py took 0.067 seconds
[2022-03-18 17:56:55,469] {processor.py:163} INFO - Started process (PID=51299) to work on /Users/louisekirkham/Documents/linkedin_learning/Ex_Files_Data_Engineering_Foundations/airflow_env/lib/python3.9/site-packages/airflow/example_dags/example_python_operator.py
[2022-03-18 17:56:55,470] {processor.py:642} INFO - Processing file /Users/louisekirkham/Documents/linkedin_learning/Ex_Files_Data_Engineering_Foundations/airflow_env/lib/python3.9/site-packages/airflow/example_dags/example_python_operator.py for tasks to queue
[2022-03-18 17:56:55,470] {logging_mixin.py:109} INFO - [2022-03-18 17:56:55,470] {dagbag.py:500} INFO - Filling up the DagBag from /Users/louisekirkham/Documents/linkedin_learning/Ex_Files_Data_Engineering_Foundations/airflow_env/lib/python3.9/site-packages/airflow/example_dags/example_python_operator.py
[2022-03-18 17:56:55,510] {processor.py:654} INFO - DAG(s) dict_keys(['example_python_operator']) retrieved from /Users/louisekirkham/Documents/linkedin_learning/Ex_Files_Data_Engineering_Foundations/airflow_env/lib/python3.9/site-packages/airflow/example_dags/example_python_operator.py
[2022-03-18 17:56:55,523] {logging_mixin.py:109} INFO - [2022-03-18 17:56:55,523] {dag.py:2398} INFO - Sync 1 DAGs
[2022-03-18 17:56:55,530] {logging_mixin.py:109} INFO - [2022-03-18 17:56:55,530] {dag.py:2937} INFO - Setting next_dagrun for example_python_operator to None
[2022-03-18 17:56:55,535] {processor.py:171} INFO - Processing /Users/louisekirkham/Documents/linkedin_learning/Ex_Files_Data_Engineering_Foundations/airflow_env/lib/python3.9/site-packages/airflow/example_dags/example_python_operator.py took 0.067 seconds
[2022-03-18 17:58:24,086] {processor.py:163} INFO - Started process (PID=51401) to work on /Users/louisekirkham/Documents/linkedin_learning/Ex_Files_Data_Engineering_Foundations/airflow_env/lib/python3.9/site-packages/airflow/example_dags/example_python_operator.py
[2022-03-18 17:58:24,087] {processor.py:642} INFO - Processing file /Users/louisekirkham/Documents/linkedin_learning/Ex_Files_Data_Engineering_Foundations/airflow_env/lib/python3.9/site-packages/airflow/example_dags/example_python_operator.py for tasks to queue
[2022-03-18 17:58:24,087] {logging_mixin.py:109} INFO - [2022-03-18 17:58:24,087] {dagbag.py:500} INFO - Filling up the DagBag from /Users/louisekirkham/Documents/linkedin_learning/Ex_Files_Data_Engineering_Foundations/airflow_env/lib/python3.9/site-packages/airflow/example_dags/example_python_operator.py
[2022-03-18 17:58:24,127] {processor.py:654} INFO - DAG(s) dict_keys(['example_python_operator']) retrieved from /Users/louisekirkham/Documents/linkedin_learning/Ex_Files_Data_Engineering_Foundations/airflow_env/lib/python3.9/site-packages/airflow/example_dags/example_python_operator.py
[2022-03-18 17:58:24,140] {logging_mixin.py:109} INFO - [2022-03-18 17:58:24,140] {dag.py:2398} INFO - Sync 1 DAGs
[2022-03-18 17:58:24,147] {logging_mixin.py:109} INFO - [2022-03-18 17:58:24,147] {dag.py:2937} INFO - Setting next_dagrun for example_python_operator to None
[2022-03-18 17:58:24,152] {processor.py:171} INFO - Processing /Users/louisekirkham/Documents/linkedin_learning/Ex_Files_Data_Engineering_Foundations/airflow_env/lib/python3.9/site-packages/airflow/example_dags/example_python_operator.py took 0.067 seconds
[2022-03-18 17:59:56,949] {processor.py:163} INFO - Started process (PID=51530) to work on /Users/louisekirkham/Documents/linkedin_learning/Ex_Files_Data_Engineering_Foundations/airflow_env/lib/python3.9/site-packages/airflow/example_dags/example_python_operator.py
[2022-03-18 17:59:56,949] {processor.py:642} INFO - Processing file /Users/louisekirkham/Documents/linkedin_learning/Ex_Files_Data_Engineering_Foundations/airflow_env/lib/python3.9/site-packages/airflow/example_dags/example_python_operator.py for tasks to queue
[2022-03-18 17:59:56,950] {logging_mixin.py:109} INFO - [2022-03-18 17:59:56,950] {dagbag.py:500} INFO - Filling up the DagBag from /Users/louisekirkham/Documents/linkedin_learning/Ex_Files_Data_Engineering_Foundations/airflow_env/lib/python3.9/site-packages/airflow/example_dags/example_python_operator.py
[2022-03-18 17:59:56,989] {processor.py:654} INFO - DAG(s) dict_keys(['example_python_operator']) retrieved from /Users/louisekirkham/Documents/linkedin_learning/Ex_Files_Data_Engineering_Foundations/airflow_env/lib/python3.9/site-packages/airflow/example_dags/example_python_operator.py
[2022-03-18 17:59:57,003] {logging_mixin.py:109} INFO - [2022-03-18 17:59:57,003] {dag.py:2398} INFO - Sync 1 DAGs
[2022-03-18 17:59:57,010] {logging_mixin.py:109} INFO - [2022-03-18 17:59:57,010] {dag.py:2937} INFO - Setting next_dagrun for example_python_operator to None
[2022-03-18 17:59:57,016] {processor.py:171} INFO - Processing /Users/louisekirkham/Documents/linkedin_learning/Ex_Files_Data_Engineering_Foundations/airflow_env/lib/python3.9/site-packages/airflow/example_dags/example_python_operator.py took 0.067 seconds
