[2022-03-18 10:37:25,416] {processor.py:163} INFO - Started process (PID=46423) to work on /Users/louisekirkham/Documents/linkedin_learning/Ex_Files_Data_Engineering_Foundations/airflow_env/lib/python3.9/site-packages/airflow/example_dags/example_latest_only_with_trigger.py
[2022-03-18 10:37:25,416] {processor.py:642} INFO - Processing file /Users/louisekirkham/Documents/linkedin_learning/Ex_Files_Data_Engineering_Foundations/airflow_env/lib/python3.9/site-packages/airflow/example_dags/example_latest_only_with_trigger.py for tasks to queue
[2022-03-18 10:37:25,417] {logging_mixin.py:109} INFO - [2022-03-18 10:37:25,417] {dagbag.py:500} INFO - Filling up the DagBag from /Users/louisekirkham/Documents/linkedin_learning/Ex_Files_Data_Engineering_Foundations/airflow_env/lib/python3.9/site-packages/airflow/example_dags/example_latest_only_with_trigger.py
[2022-03-18 10:37:25,446] {processor.py:654} INFO - DAG(s) dict_keys(['latest_only_with_trigger']) retrieved from /Users/louisekirkham/Documents/linkedin_learning/Ex_Files_Data_Engineering_Foundations/airflow_env/lib/python3.9/site-packages/airflow/example_dags/example_latest_only_with_trigger.py
[2022-03-18 10:37:25,460] {logging_mixin.py:109} INFO - [2022-03-18 10:37:25,460] {dag.py:2398} INFO - Sync 1 DAGs
[2022-03-18 10:37:25,467] {logging_mixin.py:109} INFO - [2022-03-18 10:37:25,467] {dag.py:2937} INFO - Setting next_dagrun for latest_only_with_trigger to 2022-03-18T06:37:25.467225+00:00
[2022-03-18 10:37:25,474] {processor.py:171} INFO - Processing /Users/louisekirkham/Documents/linkedin_learning/Ex_Files_Data_Engineering_Foundations/airflow_env/lib/python3.9/site-packages/airflow/example_dags/example_latest_only_with_trigger.py took 0.059 seconds
[2022-03-18 10:38:52,161] {processor.py:163} INFO - Started process (PID=46496) to work on /Users/louisekirkham/Documents/linkedin_learning/Ex_Files_Data_Engineering_Foundations/airflow_env/lib/python3.9/site-packages/airflow/example_dags/example_latest_only_with_trigger.py
[2022-03-18 10:38:52,161] {processor.py:642} INFO - Processing file /Users/louisekirkham/Documents/linkedin_learning/Ex_Files_Data_Engineering_Foundations/airflow_env/lib/python3.9/site-packages/airflow/example_dags/example_latest_only_with_trigger.py for tasks to queue
[2022-03-18 10:38:52,162] {logging_mixin.py:109} INFO - [2022-03-18 10:38:52,162] {dagbag.py:500} INFO - Filling up the DagBag from /Users/louisekirkham/Documents/linkedin_learning/Ex_Files_Data_Engineering_Foundations/airflow_env/lib/python3.9/site-packages/airflow/example_dags/example_latest_only_with_trigger.py
[2022-03-18 10:38:52,192] {processor.py:654} INFO - DAG(s) dict_keys(['latest_only_with_trigger']) retrieved from /Users/louisekirkham/Documents/linkedin_learning/Ex_Files_Data_Engineering_Foundations/airflow_env/lib/python3.9/site-packages/airflow/example_dags/example_latest_only_with_trigger.py
[2022-03-18 10:38:52,207] {logging_mixin.py:109} INFO - [2022-03-18 10:38:52,207] {dag.py:2398} INFO - Sync 1 DAGs
[2022-03-18 10:38:52,216] {logging_mixin.py:109} INFO - [2022-03-18 10:38:52,216] {dag.py:2937} INFO - Setting next_dagrun for latest_only_with_trigger to 2022-03-18T06:38:52.215887+00:00
[2022-03-18 10:38:52,224] {processor.py:171} INFO - Processing /Users/louisekirkham/Documents/linkedin_learning/Ex_Files_Data_Engineering_Foundations/airflow_env/lib/python3.9/site-packages/airflow/example_dags/example_latest_only_with_trigger.py took 0.064 seconds
[2022-03-18 17:05:40,251] {processor.py:163} INFO - Started process (PID=46679) to work on /Users/louisekirkham/Documents/linkedin_learning/Ex_Files_Data_Engineering_Foundations/airflow_env/lib/python3.9/site-packages/airflow/example_dags/example_latest_only_with_trigger.py
[2022-03-18 17:05:40,252] {processor.py:642} INFO - Processing file /Users/louisekirkham/Documents/linkedin_learning/Ex_Files_Data_Engineering_Foundations/airflow_env/lib/python3.9/site-packages/airflow/example_dags/example_latest_only_with_trigger.py for tasks to queue
[2022-03-18 17:05:40,253] {logging_mixin.py:109} INFO - [2022-03-18 17:05:40,253] {dagbag.py:500} INFO - Filling up the DagBag from /Users/louisekirkham/Documents/linkedin_learning/Ex_Files_Data_Engineering_Foundations/airflow_env/lib/python3.9/site-packages/airflow/example_dags/example_latest_only_with_trigger.py
[2022-03-18 17:05:40,286] {processor.py:654} INFO - DAG(s) dict_keys(['latest_only_with_trigger']) retrieved from /Users/louisekirkham/Documents/linkedin_learning/Ex_Files_Data_Engineering_Foundations/airflow_env/lib/python3.9/site-packages/airflow/example_dags/example_latest_only_with_trigger.py
[2022-03-18 17:05:40,301] {logging_mixin.py:109} INFO - [2022-03-18 17:05:40,301] {dag.py:2398} INFO - Sync 1 DAGs
[2022-03-18 17:05:40,310] {logging_mixin.py:109} INFO - [2022-03-18 17:05:40,310] {dag.py:2937} INFO - Setting next_dagrun for latest_only_with_trigger to 2022-03-18T13:05:40.309954+00:00
[2022-03-18 17:05:40,318] {processor.py:171} INFO - Processing /Users/louisekirkham/Documents/linkedin_learning/Ex_Files_Data_Engineering_Foundations/airflow_env/lib/python3.9/site-packages/airflow/example_dags/example_latest_only_with_trigger.py took 0.068 seconds
[2022-03-18 17:07:12,422] {processor.py:163} INFO - Started process (PID=46777) to work on /Users/louisekirkham/Documents/linkedin_learning/Ex_Files_Data_Engineering_Foundations/airflow_env/lib/python3.9/site-packages/airflow/example_dags/example_latest_only_with_trigger.py
[2022-03-18 17:07:12,422] {processor.py:642} INFO - Processing file /Users/louisekirkham/Documents/linkedin_learning/Ex_Files_Data_Engineering_Foundations/airflow_env/lib/python3.9/site-packages/airflow/example_dags/example_latest_only_with_trigger.py for tasks to queue
[2022-03-18 17:07:12,423] {logging_mixin.py:109} INFO - [2022-03-18 17:07:12,423] {dagbag.py:500} INFO - Filling up the DagBag from /Users/louisekirkham/Documents/linkedin_learning/Ex_Files_Data_Engineering_Foundations/airflow_env/lib/python3.9/site-packages/airflow/example_dags/example_latest_only_with_trigger.py
[2022-03-18 17:07:12,450] {processor.py:654} INFO - DAG(s) dict_keys(['latest_only_with_trigger']) retrieved from /Users/louisekirkham/Documents/linkedin_learning/Ex_Files_Data_Engineering_Foundations/airflow_env/lib/python3.9/site-packages/airflow/example_dags/example_latest_only_with_trigger.py
[2022-03-18 17:07:12,464] {logging_mixin.py:109} INFO - [2022-03-18 17:07:12,464] {dag.py:2398} INFO - Sync 1 DAGs
[2022-03-18 17:07:12,471] {logging_mixin.py:109} INFO - [2022-03-18 17:07:12,471] {dag.py:2937} INFO - Setting next_dagrun for latest_only_with_trigger to 2022-03-18T13:07:12.471096+00:00
[2022-03-18 17:07:12,477] {processor.py:171} INFO - Processing /Users/louisekirkham/Documents/linkedin_learning/Ex_Files_Data_Engineering_Foundations/airflow_env/lib/python3.9/site-packages/airflow/example_dags/example_latest_only_with_trigger.py took 0.055 seconds
[2022-03-18 17:08:41,085] {processor.py:163} INFO - Started process (PID=46852) to work on /Users/louisekirkham/Documents/linkedin_learning/Ex_Files_Data_Engineering_Foundations/airflow_env/lib/python3.9/site-packages/airflow/example_dags/example_latest_only_with_trigger.py
[2022-03-18 17:08:41,087] {processor.py:642} INFO - Processing file /Users/louisekirkham/Documents/linkedin_learning/Ex_Files_Data_Engineering_Foundations/airflow_env/lib/python3.9/site-packages/airflow/example_dags/example_latest_only_with_trigger.py for tasks to queue
[2022-03-18 17:08:41,087] {logging_mixin.py:109} INFO - [2022-03-18 17:08:41,087] {dagbag.py:500} INFO - Filling up the DagBag from /Users/louisekirkham/Documents/linkedin_learning/Ex_Files_Data_Engineering_Foundations/airflow_env/lib/python3.9/site-packages/airflow/example_dags/example_latest_only_with_trigger.py
[2022-03-18 17:08:41,119] {processor.py:654} INFO - DAG(s) dict_keys(['latest_only_with_trigger']) retrieved from /Users/louisekirkham/Documents/linkedin_learning/Ex_Files_Data_Engineering_Foundations/airflow_env/lib/python3.9/site-packages/airflow/example_dags/example_latest_only_with_trigger.py
[2022-03-18 17:08:41,134] {logging_mixin.py:109} INFO - [2022-03-18 17:08:41,134] {dag.py:2398} INFO - Sync 1 DAGs
[2022-03-18 17:08:41,142] {logging_mixin.py:109} INFO - [2022-03-18 17:08:41,142] {dag.py:2937} INFO - Setting next_dagrun for latest_only_with_trigger to 2022-03-18T13:08:41.142591+00:00
[2022-03-18 17:08:41,151] {processor.py:171} INFO - Processing /Users/louisekirkham/Documents/linkedin_learning/Ex_Files_Data_Engineering_Foundations/airflow_env/lib/python3.9/site-packages/airflow/example_dags/example_latest_only_with_trigger.py took 0.066 seconds
[2022-03-18 17:10:04,904] {processor.py:163} INFO - Started process (PID=46919) to work on /Users/louisekirkham/Documents/linkedin_learning/Ex_Files_Data_Engineering_Foundations/airflow_env/lib/python3.9/site-packages/airflow/example_dags/example_latest_only_with_trigger.py
[2022-03-18 17:10:04,905] {processor.py:642} INFO - Processing file /Users/louisekirkham/Documents/linkedin_learning/Ex_Files_Data_Engineering_Foundations/airflow_env/lib/python3.9/site-packages/airflow/example_dags/example_latest_only_with_trigger.py for tasks to queue
[2022-03-18 17:10:04,906] {logging_mixin.py:109} INFO - [2022-03-18 17:10:04,906] {dagbag.py:500} INFO - Filling up the DagBag from /Users/louisekirkham/Documents/linkedin_learning/Ex_Files_Data_Engineering_Foundations/airflow_env/lib/python3.9/site-packages/airflow/example_dags/example_latest_only_with_trigger.py
[2022-03-18 17:10:04,936] {processor.py:654} INFO - DAG(s) dict_keys(['latest_only_with_trigger']) retrieved from /Users/louisekirkham/Documents/linkedin_learning/Ex_Files_Data_Engineering_Foundations/airflow_env/lib/python3.9/site-packages/airflow/example_dags/example_latest_only_with_trigger.py
[2022-03-18 17:10:04,951] {logging_mixin.py:109} INFO - [2022-03-18 17:10:04,951] {dag.py:2398} INFO - Sync 1 DAGs
[2022-03-18 17:10:04,959] {logging_mixin.py:109} INFO - [2022-03-18 17:10:04,958] {dag.py:2937} INFO - Setting next_dagrun for latest_only_with_trigger to 2022-03-18T13:10:04.958731+00:00
[2022-03-18 17:10:04,966] {processor.py:171} INFO - Processing /Users/louisekirkham/Documents/linkedin_learning/Ex_Files_Data_Engineering_Foundations/airflow_env/lib/python3.9/site-packages/airflow/example_dags/example_latest_only_with_trigger.py took 0.062 seconds
[2022-03-18 17:11:43,000] {processor.py:163} INFO - Started process (PID=46999) to work on /Users/louisekirkham/Documents/linkedin_learning/Ex_Files_Data_Engineering_Foundations/airflow_env/lib/python3.9/site-packages/airflow/example_dags/example_latest_only_with_trigger.py
[2022-03-18 17:11:43,001] {processor.py:642} INFO - Processing file /Users/louisekirkham/Documents/linkedin_learning/Ex_Files_Data_Engineering_Foundations/airflow_env/lib/python3.9/site-packages/airflow/example_dags/example_latest_only_with_trigger.py for tasks to queue
[2022-03-18 17:11:43,002] {logging_mixin.py:109} INFO - [2022-03-18 17:11:43,002] {dagbag.py:500} INFO - Filling up the DagBag from /Users/louisekirkham/Documents/linkedin_learning/Ex_Files_Data_Engineering_Foundations/airflow_env/lib/python3.9/site-packages/airflow/example_dags/example_latest_only_with_trigger.py
[2022-03-18 17:11:43,035] {processor.py:654} INFO - DAG(s) dict_keys(['latest_only_with_trigger']) retrieved from /Users/louisekirkham/Documents/linkedin_learning/Ex_Files_Data_Engineering_Foundations/airflow_env/lib/python3.9/site-packages/airflow/example_dags/example_latest_only_with_trigger.py
[2022-03-18 17:11:43,051] {logging_mixin.py:109} INFO - [2022-03-18 17:11:43,050] {dag.py:2398} INFO - Sync 1 DAGs
[2022-03-18 17:11:43,058] {logging_mixin.py:109} INFO - [2022-03-18 17:11:43,058] {dag.py:2937} INFO - Setting next_dagrun for latest_only_with_trigger to 2022-03-18T13:11:43.058279+00:00
[2022-03-18 17:11:43,066] {processor.py:171} INFO - Processing /Users/louisekirkham/Documents/linkedin_learning/Ex_Files_Data_Engineering_Foundations/airflow_env/lib/python3.9/site-packages/airflow/example_dags/example_latest_only_with_trigger.py took 0.067 seconds
[2022-03-18 17:13:07,961] {processor.py:163} INFO - Started process (PID=47068) to work on /Users/louisekirkham/Documents/linkedin_learning/Ex_Files_Data_Engineering_Foundations/airflow_env/lib/python3.9/site-packages/airflow/example_dags/example_latest_only_with_trigger.py
[2022-03-18 17:13:07,962] {processor.py:642} INFO - Processing file /Users/louisekirkham/Documents/linkedin_learning/Ex_Files_Data_Engineering_Foundations/airflow_env/lib/python3.9/site-packages/airflow/example_dags/example_latest_only_with_trigger.py for tasks to queue
[2022-03-18 17:13:07,962] {logging_mixin.py:109} INFO - [2022-03-18 17:13:07,962] {dagbag.py:500} INFO - Filling up the DagBag from /Users/louisekirkham/Documents/linkedin_learning/Ex_Files_Data_Engineering_Foundations/airflow_env/lib/python3.9/site-packages/airflow/example_dags/example_latest_only_with_trigger.py
[2022-03-18 17:13:07,992] {processor.py:654} INFO - DAG(s) dict_keys(['latest_only_with_trigger']) retrieved from /Users/louisekirkham/Documents/linkedin_learning/Ex_Files_Data_Engineering_Foundations/airflow_env/lib/python3.9/site-packages/airflow/example_dags/example_latest_only_with_trigger.py
[2022-03-18 17:13:08,009] {logging_mixin.py:109} INFO - [2022-03-18 17:13:08,008] {dag.py:2398} INFO - Sync 1 DAGs
[2022-03-18 17:13:08,017] {logging_mixin.py:109} INFO - [2022-03-18 17:13:08,017] {dag.py:2937} INFO - Setting next_dagrun for latest_only_with_trigger to 2022-03-18T13:13:08.016971+00:00
[2022-03-18 17:13:08,024] {processor.py:171} INFO - Processing /Users/louisekirkham/Documents/linkedin_learning/Ex_Files_Data_Engineering_Foundations/airflow_env/lib/python3.9/site-packages/airflow/example_dags/example_latest_only_with_trigger.py took 0.064 seconds
[2022-03-18 17:14:32,369] {processor.py:163} INFO - Started process (PID=47126) to work on /Users/louisekirkham/Documents/linkedin_learning/Ex_Files_Data_Engineering_Foundations/airflow_env/lib/python3.9/site-packages/airflow/example_dags/example_latest_only_with_trigger.py
[2022-03-18 17:14:32,371] {processor.py:642} INFO - Processing file /Users/louisekirkham/Documents/linkedin_learning/Ex_Files_Data_Engineering_Foundations/airflow_env/lib/python3.9/site-packages/airflow/example_dags/example_latest_only_with_trigger.py for tasks to queue
[2022-03-18 17:14:32,371] {logging_mixin.py:109} INFO - [2022-03-18 17:14:32,371] {dagbag.py:500} INFO - Filling up the DagBag from /Users/louisekirkham/Documents/linkedin_learning/Ex_Files_Data_Engineering_Foundations/airflow_env/lib/python3.9/site-packages/airflow/example_dags/example_latest_only_with_trigger.py
[2022-03-18 17:14:32,401] {processor.py:654} INFO - DAG(s) dict_keys(['latest_only_with_trigger']) retrieved from /Users/louisekirkham/Documents/linkedin_learning/Ex_Files_Data_Engineering_Foundations/airflow_env/lib/python3.9/site-packages/airflow/example_dags/example_latest_only_with_trigger.py
[2022-03-18 17:14:32,417] {logging_mixin.py:109} INFO - [2022-03-18 17:14:32,417] {dag.py:2398} INFO - Sync 1 DAGs
[2022-03-18 17:14:32,425] {logging_mixin.py:109} INFO - [2022-03-18 17:14:32,425] {dag.py:2937} INFO - Setting next_dagrun for latest_only_with_trigger to 2022-03-18T13:14:32.425196+00:00
[2022-03-18 17:14:32,432] {processor.py:171} INFO - Processing /Users/louisekirkham/Documents/linkedin_learning/Ex_Files_Data_Engineering_Foundations/airflow_env/lib/python3.9/site-packages/airflow/example_dags/example_latest_only_with_trigger.py took 0.063 seconds
[2022-03-18 17:15:58,145] {processor.py:163} INFO - Started process (PID=47195) to work on /Users/louisekirkham/Documents/linkedin_learning/Ex_Files_Data_Engineering_Foundations/airflow_env/lib/python3.9/site-packages/airflow/example_dags/example_latest_only_with_trigger.py
[2022-03-18 17:15:58,146] {processor.py:642} INFO - Processing file /Users/louisekirkham/Documents/linkedin_learning/Ex_Files_Data_Engineering_Foundations/airflow_env/lib/python3.9/site-packages/airflow/example_dags/example_latest_only_with_trigger.py for tasks to queue
[2022-03-18 17:15:58,147] {logging_mixin.py:109} INFO - [2022-03-18 17:15:58,147] {dagbag.py:500} INFO - Filling up the DagBag from /Users/louisekirkham/Documents/linkedin_learning/Ex_Files_Data_Engineering_Foundations/airflow_env/lib/python3.9/site-packages/airflow/example_dags/example_latest_only_with_trigger.py
[2022-03-18 17:15:58,190] {processor.py:654} INFO - DAG(s) dict_keys(['latest_only_with_trigger']) retrieved from /Users/louisekirkham/Documents/linkedin_learning/Ex_Files_Data_Engineering_Foundations/airflow_env/lib/python3.9/site-packages/airflow/example_dags/example_latest_only_with_trigger.py
[2022-03-18 17:15:58,212] {logging_mixin.py:109} INFO - [2022-03-18 17:15:58,212] {dag.py:2398} INFO - Sync 1 DAGs
[2022-03-18 17:15:58,225] {logging_mixin.py:109} INFO - [2022-03-18 17:15:58,224] {dag.py:2937} INFO - Setting next_dagrun for latest_only_with_trigger to 2022-03-18T13:15:58.224732+00:00
[2022-03-18 17:15:58,233] {processor.py:171} INFO - Processing /Users/louisekirkham/Documents/linkedin_learning/Ex_Files_Data_Engineering_Foundations/airflow_env/lib/python3.9/site-packages/airflow/example_dags/example_latest_only_with_trigger.py took 0.088 seconds
[2022-03-18 17:17:22,385] {processor.py:163} INFO - Started process (PID=47266) to work on /Users/louisekirkham/Documents/linkedin_learning/Ex_Files_Data_Engineering_Foundations/airflow_env/lib/python3.9/site-packages/airflow/example_dags/example_latest_only_with_trigger.py
[2022-03-18 17:17:22,386] {processor.py:642} INFO - Processing file /Users/louisekirkham/Documents/linkedin_learning/Ex_Files_Data_Engineering_Foundations/airflow_env/lib/python3.9/site-packages/airflow/example_dags/example_latest_only_with_trigger.py for tasks to queue
[2022-03-18 17:17:22,386] {logging_mixin.py:109} INFO - [2022-03-18 17:17:22,386] {dagbag.py:500} INFO - Filling up the DagBag from /Users/louisekirkham/Documents/linkedin_learning/Ex_Files_Data_Engineering_Foundations/airflow_env/lib/python3.9/site-packages/airflow/example_dags/example_latest_only_with_trigger.py
[2022-03-18 17:17:22,415] {processor.py:654} INFO - DAG(s) dict_keys(['latest_only_with_trigger']) retrieved from /Users/louisekirkham/Documents/linkedin_learning/Ex_Files_Data_Engineering_Foundations/airflow_env/lib/python3.9/site-packages/airflow/example_dags/example_latest_only_with_trigger.py
[2022-03-18 17:17:22,431] {logging_mixin.py:109} INFO - [2022-03-18 17:17:22,431] {dag.py:2398} INFO - Sync 1 DAGs
[2022-03-18 17:17:22,440] {logging_mixin.py:109} INFO - [2022-03-18 17:17:22,440] {dag.py:2937} INFO - Setting next_dagrun for latest_only_with_trigger to 2022-03-18T13:17:22.440375+00:00
[2022-03-18 17:17:22,446] {processor.py:171} INFO - Processing /Users/louisekirkham/Documents/linkedin_learning/Ex_Files_Data_Engineering_Foundations/airflow_env/lib/python3.9/site-packages/airflow/example_dags/example_latest_only_with_trigger.py took 0.062 seconds
[2022-03-18 17:18:47,169] {processor.py:163} INFO - Started process (PID=47333) to work on /Users/louisekirkham/Documents/linkedin_learning/Ex_Files_Data_Engineering_Foundations/airflow_env/lib/python3.9/site-packages/airflow/example_dags/example_latest_only_with_trigger.py
[2022-03-18 17:18:47,169] {processor.py:642} INFO - Processing file /Users/louisekirkham/Documents/linkedin_learning/Ex_Files_Data_Engineering_Foundations/airflow_env/lib/python3.9/site-packages/airflow/example_dags/example_latest_only_with_trigger.py for tasks to queue
[2022-03-18 17:18:47,170] {logging_mixin.py:109} INFO - [2022-03-18 17:18:47,170] {dagbag.py:500} INFO - Filling up the DagBag from /Users/louisekirkham/Documents/linkedin_learning/Ex_Files_Data_Engineering_Foundations/airflow_env/lib/python3.9/site-packages/airflow/example_dags/example_latest_only_with_trigger.py
[2022-03-18 17:18:47,206] {processor.py:654} INFO - DAG(s) dict_keys(['latest_only_with_trigger']) retrieved from /Users/louisekirkham/Documents/linkedin_learning/Ex_Files_Data_Engineering_Foundations/airflow_env/lib/python3.9/site-packages/airflow/example_dags/example_latest_only_with_trigger.py
[2022-03-18 17:18:47,224] {logging_mixin.py:109} INFO - [2022-03-18 17:18:47,224] {dag.py:2398} INFO - Sync 1 DAGs
[2022-03-18 17:18:47,234] {logging_mixin.py:109} INFO - [2022-03-18 17:18:47,234] {dag.py:2937} INFO - Setting next_dagrun for latest_only_with_trigger to 2022-03-18T13:18:47.234169+00:00
[2022-03-18 17:18:47,241] {processor.py:171} INFO - Processing /Users/louisekirkham/Documents/linkedin_learning/Ex_Files_Data_Engineering_Foundations/airflow_env/lib/python3.9/site-packages/airflow/example_dags/example_latest_only_with_trigger.py took 0.073 seconds
[2022-03-18 17:20:10,684] {processor.py:163} INFO - Started process (PID=47404) to work on /Users/louisekirkham/Documents/linkedin_learning/Ex_Files_Data_Engineering_Foundations/airflow_env/lib/python3.9/site-packages/airflow/example_dags/example_latest_only_with_trigger.py
[2022-03-18 17:20:10,684] {processor.py:642} INFO - Processing file /Users/louisekirkham/Documents/linkedin_learning/Ex_Files_Data_Engineering_Foundations/airflow_env/lib/python3.9/site-packages/airflow/example_dags/example_latest_only_with_trigger.py for tasks to queue
[2022-03-18 17:20:10,685] {logging_mixin.py:109} INFO - [2022-03-18 17:20:10,685] {dagbag.py:500} INFO - Filling up the DagBag from /Users/louisekirkham/Documents/linkedin_learning/Ex_Files_Data_Engineering_Foundations/airflow_env/lib/python3.9/site-packages/airflow/example_dags/example_latest_only_with_trigger.py
[2022-03-18 17:20:10,713] {processor.py:654} INFO - DAG(s) dict_keys(['latest_only_with_trigger']) retrieved from /Users/louisekirkham/Documents/linkedin_learning/Ex_Files_Data_Engineering_Foundations/airflow_env/lib/python3.9/site-packages/airflow/example_dags/example_latest_only_with_trigger.py
[2022-03-18 17:20:10,727] {logging_mixin.py:109} INFO - [2022-03-18 17:20:10,727] {dag.py:2398} INFO - Sync 1 DAGs
[2022-03-18 17:20:10,735] {logging_mixin.py:109} INFO - [2022-03-18 17:20:10,735] {dag.py:2937} INFO - Setting next_dagrun for latest_only_with_trigger to 2022-03-18T13:20:10.735613+00:00
[2022-03-18 17:20:10,747] {processor.py:171} INFO - Processing /Users/louisekirkham/Documents/linkedin_learning/Ex_Files_Data_Engineering_Foundations/airflow_env/lib/python3.9/site-packages/airflow/example_dags/example_latest_only_with_trigger.py took 0.063 seconds
[2022-03-18 17:24:19,771] {processor.py:163} INFO - Started process (PID=47551) to work on /Users/louisekirkham/Documents/linkedin_learning/Ex_Files_Data_Engineering_Foundations/airflow_env/lib/python3.9/site-packages/airflow/example_dags/example_latest_only_with_trigger.py
[2022-03-18 17:24:19,773] {processor.py:642} INFO - Processing file /Users/louisekirkham/Documents/linkedin_learning/Ex_Files_Data_Engineering_Foundations/airflow_env/lib/python3.9/site-packages/airflow/example_dags/example_latest_only_with_trigger.py for tasks to queue
[2022-03-18 17:24:19,773] {logging_mixin.py:109} INFO - [2022-03-18 17:24:19,773] {dagbag.py:500} INFO - Filling up the DagBag from /Users/louisekirkham/Documents/linkedin_learning/Ex_Files_Data_Engineering_Foundations/airflow_env/lib/python3.9/site-packages/airflow/example_dags/example_latest_only_with_trigger.py
[2022-03-18 17:24:19,802] {processor.py:654} INFO - DAG(s) dict_keys(['latest_only_with_trigger']) retrieved from /Users/louisekirkham/Documents/linkedin_learning/Ex_Files_Data_Engineering_Foundations/airflow_env/lib/python3.9/site-packages/airflow/example_dags/example_latest_only_with_trigger.py
[2022-03-18 17:24:19,816] {logging_mixin.py:109} INFO - [2022-03-18 17:24:19,815] {dag.py:2398} INFO - Sync 1 DAGs
[2022-03-18 17:24:19,823] {logging_mixin.py:109} INFO - [2022-03-18 17:24:19,823] {dag.py:2937} INFO - Setting next_dagrun for latest_only_with_trigger to 2022-03-18T13:24:19.823243+00:00
[2022-03-18 17:24:19,830] {processor.py:171} INFO - Processing /Users/louisekirkham/Documents/linkedin_learning/Ex_Files_Data_Engineering_Foundations/airflow_env/lib/python3.9/site-packages/airflow/example_dags/example_latest_only_with_trigger.py took 0.059 seconds
[2022-03-18 17:25:37,309] {processor.py:163} INFO - Started process (PID=47628) to work on /Users/louisekirkham/Documents/linkedin_learning/Ex_Files_Data_Engineering_Foundations/airflow_env/lib/python3.9/site-packages/airflow/example_dags/example_latest_only_with_trigger.py
[2022-03-18 17:25:37,309] {processor.py:642} INFO - Processing file /Users/louisekirkham/Documents/linkedin_learning/Ex_Files_Data_Engineering_Foundations/airflow_env/lib/python3.9/site-packages/airflow/example_dags/example_latest_only_with_trigger.py for tasks to queue
[2022-03-18 17:25:37,310] {logging_mixin.py:109} INFO - [2022-03-18 17:25:37,310] {dagbag.py:500} INFO - Filling up the DagBag from /Users/louisekirkham/Documents/linkedin_learning/Ex_Files_Data_Engineering_Foundations/airflow_env/lib/python3.9/site-packages/airflow/example_dags/example_latest_only_with_trigger.py
[2022-03-18 17:25:37,349] {processor.py:654} INFO - DAG(s) dict_keys(['latest_only_with_trigger']) retrieved from /Users/louisekirkham/Documents/linkedin_learning/Ex_Files_Data_Engineering_Foundations/airflow_env/lib/python3.9/site-packages/airflow/example_dags/example_latest_only_with_trigger.py
[2022-03-18 17:25:37,370] {logging_mixin.py:109} INFO - [2022-03-18 17:25:37,370] {dag.py:2398} INFO - Sync 1 DAGs
[2022-03-18 17:25:37,381] {logging_mixin.py:109} INFO - [2022-03-18 17:25:37,381] {dag.py:2937} INFO - Setting next_dagrun for latest_only_with_trigger to 2022-03-18T13:25:37.381648+00:00
[2022-03-18 17:25:37,389] {processor.py:171} INFO - Processing /Users/louisekirkham/Documents/linkedin_learning/Ex_Files_Data_Engineering_Foundations/airflow_env/lib/python3.9/site-packages/airflow/example_dags/example_latest_only_with_trigger.py took 0.081 seconds
[2022-03-18 17:28:47,305] {processor.py:163} INFO - Started process (PID=47758) to work on /Users/louisekirkham/Documents/linkedin_learning/Ex_Files_Data_Engineering_Foundations/airflow_env/lib/python3.9/site-packages/airflow/example_dags/example_latest_only_with_trigger.py
[2022-03-18 17:28:47,305] {processor.py:642} INFO - Processing file /Users/louisekirkham/Documents/linkedin_learning/Ex_Files_Data_Engineering_Foundations/airflow_env/lib/python3.9/site-packages/airflow/example_dags/example_latest_only_with_trigger.py for tasks to queue
[2022-03-18 17:28:47,306] {logging_mixin.py:109} INFO - [2022-03-18 17:28:47,306] {dagbag.py:500} INFO - Filling up the DagBag from /Users/louisekirkham/Documents/linkedin_learning/Ex_Files_Data_Engineering_Foundations/airflow_env/lib/python3.9/site-packages/airflow/example_dags/example_latest_only_with_trigger.py
[2022-03-18 17:28:47,336] {processor.py:654} INFO - DAG(s) dict_keys(['latest_only_with_trigger']) retrieved from /Users/louisekirkham/Documents/linkedin_learning/Ex_Files_Data_Engineering_Foundations/airflow_env/lib/python3.9/site-packages/airflow/example_dags/example_latest_only_with_trigger.py
[2022-03-18 17:28:47,350] {logging_mixin.py:109} INFO - [2022-03-18 17:28:47,350] {dag.py:2398} INFO - Sync 1 DAGs
[2022-03-18 17:28:47,358] {logging_mixin.py:109} INFO - [2022-03-18 17:28:47,358] {dag.py:2937} INFO - Setting next_dagrun for latest_only_with_trigger to 2022-03-18T13:28:47.358136+00:00
[2022-03-18 17:28:47,365] {processor.py:171} INFO - Processing /Users/louisekirkham/Documents/linkedin_learning/Ex_Files_Data_Engineering_Foundations/airflow_env/lib/python3.9/site-packages/airflow/example_dags/example_latest_only_with_trigger.py took 0.061 seconds
[2022-03-18 17:30:53,153] {processor.py:163} INFO - Started process (PID=47865) to work on /Users/louisekirkham/Documents/linkedin_learning/Ex_Files_Data_Engineering_Foundations/airflow_env/lib/python3.9/site-packages/airflow/example_dags/example_latest_only_with_trigger.py
[2022-03-18 17:30:53,153] {processor.py:642} INFO - Processing file /Users/louisekirkham/Documents/linkedin_learning/Ex_Files_Data_Engineering_Foundations/airflow_env/lib/python3.9/site-packages/airflow/example_dags/example_latest_only_with_trigger.py for tasks to queue
[2022-03-18 17:30:53,154] {logging_mixin.py:109} INFO - [2022-03-18 17:30:53,154] {dagbag.py:500} INFO - Filling up the DagBag from /Users/louisekirkham/Documents/linkedin_learning/Ex_Files_Data_Engineering_Foundations/airflow_env/lib/python3.9/site-packages/airflow/example_dags/example_latest_only_with_trigger.py
[2022-03-18 17:30:53,191] {processor.py:654} INFO - DAG(s) dict_keys(['latest_only_with_trigger']) retrieved from /Users/louisekirkham/Documents/linkedin_learning/Ex_Files_Data_Engineering_Foundations/airflow_env/lib/python3.9/site-packages/airflow/example_dags/example_latest_only_with_trigger.py
[2022-03-18 17:30:53,210] {logging_mixin.py:109} INFO - [2022-03-18 17:30:53,210] {dag.py:2398} INFO - Sync 1 DAGs
[2022-03-18 17:30:53,219] {logging_mixin.py:109} INFO - [2022-03-18 17:30:53,219] {dag.py:2937} INFO - Setting next_dagrun for latest_only_with_trigger to 2022-03-18T13:30:53.219714+00:00
[2022-03-18 17:30:53,228] {processor.py:171} INFO - Processing /Users/louisekirkham/Documents/linkedin_learning/Ex_Files_Data_Engineering_Foundations/airflow_env/lib/python3.9/site-packages/airflow/example_dags/example_latest_only_with_trigger.py took 0.075 seconds
[2022-03-18 17:32:05,222] {processor.py:163} INFO - Started process (PID=47934) to work on /Users/louisekirkham/Documents/linkedin_learning/Ex_Files_Data_Engineering_Foundations/airflow_env/lib/python3.9/site-packages/airflow/example_dags/example_latest_only_with_trigger.py
[2022-03-18 17:32:05,222] {processor.py:642} INFO - Processing file /Users/louisekirkham/Documents/linkedin_learning/Ex_Files_Data_Engineering_Foundations/airflow_env/lib/python3.9/site-packages/airflow/example_dags/example_latest_only_with_trigger.py for tasks to queue
[2022-03-18 17:32:05,222] {logging_mixin.py:109} INFO - [2022-03-18 17:32:05,222] {dagbag.py:500} INFO - Filling up the DagBag from /Users/louisekirkham/Documents/linkedin_learning/Ex_Files_Data_Engineering_Foundations/airflow_env/lib/python3.9/site-packages/airflow/example_dags/example_latest_only_with_trigger.py
[2022-03-18 17:32:05,251] {processor.py:654} INFO - DAG(s) dict_keys(['latest_only_with_trigger']) retrieved from /Users/louisekirkham/Documents/linkedin_learning/Ex_Files_Data_Engineering_Foundations/airflow_env/lib/python3.9/site-packages/airflow/example_dags/example_latest_only_with_trigger.py
[2022-03-18 17:32:05,266] {logging_mixin.py:109} INFO - [2022-03-18 17:32:05,266] {dag.py:2398} INFO - Sync 1 DAGs
[2022-03-18 17:32:05,274] {logging_mixin.py:109} INFO - [2022-03-18 17:32:05,274] {dag.py:2937} INFO - Setting next_dagrun for latest_only_with_trigger to 2022-03-18T13:32:05.274116+00:00
[2022-03-18 17:32:05,281] {processor.py:171} INFO - Processing /Users/louisekirkham/Documents/linkedin_learning/Ex_Files_Data_Engineering_Foundations/airflow_env/lib/python3.9/site-packages/airflow/example_dags/example_latest_only_with_trigger.py took 0.060 seconds
[2022-03-18 17:33:18,000] {processor.py:163} INFO - Started process (PID=47993) to work on /Users/louisekirkham/Documents/linkedin_learning/Ex_Files_Data_Engineering_Foundations/airflow_env/lib/python3.9/site-packages/airflow/example_dags/example_latest_only_with_trigger.py
[2022-03-18 17:33:18,001] {processor.py:642} INFO - Processing file /Users/louisekirkham/Documents/linkedin_learning/Ex_Files_Data_Engineering_Foundations/airflow_env/lib/python3.9/site-packages/airflow/example_dags/example_latest_only_with_trigger.py for tasks to queue
[2022-03-18 17:33:18,001] {logging_mixin.py:109} INFO - [2022-03-18 17:33:18,001] {dagbag.py:500} INFO - Filling up the DagBag from /Users/louisekirkham/Documents/linkedin_learning/Ex_Files_Data_Engineering_Foundations/airflow_env/lib/python3.9/site-packages/airflow/example_dags/example_latest_only_with_trigger.py
[2022-03-18 17:33:18,030] {processor.py:654} INFO - DAG(s) dict_keys(['latest_only_with_trigger']) retrieved from /Users/louisekirkham/Documents/linkedin_learning/Ex_Files_Data_Engineering_Foundations/airflow_env/lib/python3.9/site-packages/airflow/example_dags/example_latest_only_with_trigger.py
[2022-03-18 17:33:18,044] {logging_mixin.py:109} INFO - [2022-03-18 17:33:18,044] {dag.py:2398} INFO - Sync 1 DAGs
[2022-03-18 17:33:18,051] {logging_mixin.py:109} INFO - [2022-03-18 17:33:18,051] {dag.py:2937} INFO - Setting next_dagrun for latest_only_with_trigger to 2022-03-18T13:33:18.051157+00:00
[2022-03-18 17:33:18,058] {processor.py:171} INFO - Processing /Users/louisekirkham/Documents/linkedin_learning/Ex_Files_Data_Engineering_Foundations/airflow_env/lib/python3.9/site-packages/airflow/example_dags/example_latest_only_with_trigger.py took 0.058 seconds
[2022-03-18 17:34:39,966] {processor.py:163} INFO - Started process (PID=48473) to work on /Users/louisekirkham/Documents/linkedin_learning/Ex_Files_Data_Engineering_Foundations/airflow_env/lib/python3.9/site-packages/airflow/example_dags/example_latest_only_with_trigger.py
[2022-03-18 17:34:39,966] {processor.py:642} INFO - Processing file /Users/louisekirkham/Documents/linkedin_learning/Ex_Files_Data_Engineering_Foundations/airflow_env/lib/python3.9/site-packages/airflow/example_dags/example_latest_only_with_trigger.py for tasks to queue
[2022-03-18 17:34:39,966] {logging_mixin.py:109} INFO - [2022-03-18 17:34:39,966] {dagbag.py:500} INFO - Filling up the DagBag from /Users/louisekirkham/Documents/linkedin_learning/Ex_Files_Data_Engineering_Foundations/airflow_env/lib/python3.9/site-packages/airflow/example_dags/example_latest_only_with_trigger.py
[2022-03-18 17:34:39,999] {processor.py:654} INFO - DAG(s) dict_keys(['latest_only_with_trigger']) retrieved from /Users/louisekirkham/Documents/linkedin_learning/Ex_Files_Data_Engineering_Foundations/airflow_env/lib/python3.9/site-packages/airflow/example_dags/example_latest_only_with_trigger.py
[2022-03-18 17:34:40,015] {logging_mixin.py:109} INFO - [2022-03-18 17:34:40,015] {dag.py:2398} INFO - Sync 1 DAGs
[2022-03-18 17:34:40,022] {logging_mixin.py:109} INFO - [2022-03-18 17:34:40,022] {dag.py:2937} INFO - Setting next_dagrun for latest_only_with_trigger to 2022-03-18T13:34:40.022558+00:00
[2022-03-18 17:34:40,031] {processor.py:171} INFO - Processing /Users/louisekirkham/Documents/linkedin_learning/Ex_Files_Data_Engineering_Foundations/airflow_env/lib/python3.9/site-packages/airflow/example_dags/example_latest_only_with_trigger.py took 0.066 seconds
[2022-03-18 17:36:02,044] {processor.py:163} INFO - Started process (PID=48552) to work on /Users/louisekirkham/Documents/linkedin_learning/Ex_Files_Data_Engineering_Foundations/airflow_env/lib/python3.9/site-packages/airflow/example_dags/example_latest_only_with_trigger.py
[2022-03-18 17:36:02,044] {processor.py:642} INFO - Processing file /Users/louisekirkham/Documents/linkedin_learning/Ex_Files_Data_Engineering_Foundations/airflow_env/lib/python3.9/site-packages/airflow/example_dags/example_latest_only_with_trigger.py for tasks to queue
[2022-03-18 17:36:02,045] {logging_mixin.py:109} INFO - [2022-03-18 17:36:02,044] {dagbag.py:500} INFO - Filling up the DagBag from /Users/louisekirkham/Documents/linkedin_learning/Ex_Files_Data_Engineering_Foundations/airflow_env/lib/python3.9/site-packages/airflow/example_dags/example_latest_only_with_trigger.py
[2022-03-18 17:36:02,082] {processor.py:654} INFO - DAG(s) dict_keys(['latest_only_with_trigger']) retrieved from /Users/louisekirkham/Documents/linkedin_learning/Ex_Files_Data_Engineering_Foundations/airflow_env/lib/python3.9/site-packages/airflow/example_dags/example_latest_only_with_trigger.py
[2022-03-18 17:36:02,098] {logging_mixin.py:109} INFO - [2022-03-18 17:36:02,098] {dag.py:2398} INFO - Sync 1 DAGs
[2022-03-18 17:36:02,108] {logging_mixin.py:109} INFO - [2022-03-18 17:36:02,108] {dag.py:2937} INFO - Setting next_dagrun for latest_only_with_trigger to 2022-03-18T13:36:02.107942+00:00
[2022-03-18 17:36:02,117] {processor.py:171} INFO - Processing /Users/louisekirkham/Documents/linkedin_learning/Ex_Files_Data_Engineering_Foundations/airflow_env/lib/python3.9/site-packages/airflow/example_dags/example_latest_only_with_trigger.py took 0.074 seconds
[2022-03-18 17:37:26,776] {processor.py:163} INFO - Started process (PID=48625) to work on /Users/louisekirkham/Documents/linkedin_learning/Ex_Files_Data_Engineering_Foundations/airflow_env/lib/python3.9/site-packages/airflow/example_dags/example_latest_only_with_trigger.py
[2022-03-18 17:37:26,776] {processor.py:642} INFO - Processing file /Users/louisekirkham/Documents/linkedin_learning/Ex_Files_Data_Engineering_Foundations/airflow_env/lib/python3.9/site-packages/airflow/example_dags/example_latest_only_with_trigger.py for tasks to queue
[2022-03-18 17:37:26,776] {logging_mixin.py:109} INFO - [2022-03-18 17:37:26,776] {dagbag.py:500} INFO - Filling up the DagBag from /Users/louisekirkham/Documents/linkedin_learning/Ex_Files_Data_Engineering_Foundations/airflow_env/lib/python3.9/site-packages/airflow/example_dags/example_latest_only_with_trigger.py
[2022-03-18 17:37:26,804] {processor.py:654} INFO - DAG(s) dict_keys(['latest_only_with_trigger']) retrieved from /Users/louisekirkham/Documents/linkedin_learning/Ex_Files_Data_Engineering_Foundations/airflow_env/lib/python3.9/site-packages/airflow/example_dags/example_latest_only_with_trigger.py
[2022-03-18 17:37:26,819] {logging_mixin.py:109} INFO - [2022-03-18 17:37:26,819] {dag.py:2398} INFO - Sync 1 DAGs
[2022-03-18 17:37:26,826] {logging_mixin.py:109} INFO - [2022-03-18 17:37:26,826] {dag.py:2937} INFO - Setting next_dagrun for latest_only_with_trigger to 2022-03-18T13:37:26.826313+00:00
[2022-03-18 17:37:26,832] {processor.py:171} INFO - Processing /Users/louisekirkham/Documents/linkedin_learning/Ex_Files_Data_Engineering_Foundations/airflow_env/lib/python3.9/site-packages/airflow/example_dags/example_latest_only_with_trigger.py took 0.057 seconds
[2022-03-18 17:38:50,850] {processor.py:163} INFO - Started process (PID=48691) to work on /Users/louisekirkham/Documents/linkedin_learning/Ex_Files_Data_Engineering_Foundations/airflow_env/lib/python3.9/site-packages/airflow/example_dags/example_latest_only_with_trigger.py
[2022-03-18 17:38:50,851] {processor.py:642} INFO - Processing file /Users/louisekirkham/Documents/linkedin_learning/Ex_Files_Data_Engineering_Foundations/airflow_env/lib/python3.9/site-packages/airflow/example_dags/example_latest_only_with_trigger.py for tasks to queue
[2022-03-18 17:38:50,851] {logging_mixin.py:109} INFO - [2022-03-18 17:38:50,851] {dagbag.py:500} INFO - Filling up the DagBag from /Users/louisekirkham/Documents/linkedin_learning/Ex_Files_Data_Engineering_Foundations/airflow_env/lib/python3.9/site-packages/airflow/example_dags/example_latest_only_with_trigger.py
[2022-03-18 17:38:50,884] {processor.py:654} INFO - DAG(s) dict_keys(['latest_only_with_trigger']) retrieved from /Users/louisekirkham/Documents/linkedin_learning/Ex_Files_Data_Engineering_Foundations/airflow_env/lib/python3.9/site-packages/airflow/example_dags/example_latest_only_with_trigger.py
[2022-03-18 17:38:50,900] {logging_mixin.py:109} INFO - [2022-03-18 17:38:50,900] {dag.py:2398} INFO - Sync 1 DAGs
[2022-03-18 17:38:50,907] {logging_mixin.py:109} INFO - [2022-03-18 17:38:50,907] {dag.py:2937} INFO - Setting next_dagrun for latest_only_with_trigger to 2022-03-18T13:38:50.907411+00:00
[2022-03-18 17:38:50,915] {processor.py:171} INFO - Processing /Users/louisekirkham/Documents/linkedin_learning/Ex_Files_Data_Engineering_Foundations/airflow_env/lib/python3.9/site-packages/airflow/example_dags/example_latest_only_with_trigger.py took 0.066 seconds
[2022-03-18 17:40:17,541] {processor.py:163} INFO - Started process (PID=48764) to work on /Users/louisekirkham/Documents/linkedin_learning/Ex_Files_Data_Engineering_Foundations/airflow_env/lib/python3.9/site-packages/airflow/example_dags/example_latest_only_with_trigger.py
[2022-03-18 17:40:17,542] {processor.py:642} INFO - Processing file /Users/louisekirkham/Documents/linkedin_learning/Ex_Files_Data_Engineering_Foundations/airflow_env/lib/python3.9/site-packages/airflow/example_dags/example_latest_only_with_trigger.py for tasks to queue
[2022-03-18 17:40:17,542] {logging_mixin.py:109} INFO - [2022-03-18 17:40:17,542] {dagbag.py:500} INFO - Filling up the DagBag from /Users/louisekirkham/Documents/linkedin_learning/Ex_Files_Data_Engineering_Foundations/airflow_env/lib/python3.9/site-packages/airflow/example_dags/example_latest_only_with_trigger.py
[2022-03-18 17:40:17,572] {processor.py:654} INFO - DAG(s) dict_keys(['latest_only_with_trigger']) retrieved from /Users/louisekirkham/Documents/linkedin_learning/Ex_Files_Data_Engineering_Foundations/airflow_env/lib/python3.9/site-packages/airflow/example_dags/example_latest_only_with_trigger.py
[2022-03-18 17:40:17,586] {logging_mixin.py:109} INFO - [2022-03-18 17:40:17,586] {dag.py:2398} INFO - Sync 1 DAGs
[2022-03-18 17:40:17,592] {logging_mixin.py:109} INFO - [2022-03-18 17:40:17,592] {dag.py:2937} INFO - Setting next_dagrun for latest_only_with_trigger to 2022-03-18T13:40:17.592751+00:00
[2022-03-18 17:40:17,599] {processor.py:171} INFO - Processing /Users/louisekirkham/Documents/linkedin_learning/Ex_Files_Data_Engineering_Foundations/airflow_env/lib/python3.9/site-packages/airflow/example_dags/example_latest_only_with_trigger.py took 0.058 seconds
[2022-03-18 17:41:38,456] {processor.py:163} INFO - Started process (PID=48878) to work on /Users/louisekirkham/Documents/linkedin_learning/Ex_Files_Data_Engineering_Foundations/airflow_env/lib/python3.9/site-packages/airflow/example_dags/example_latest_only_with_trigger.py
[2022-03-18 17:41:38,457] {processor.py:642} INFO - Processing file /Users/louisekirkham/Documents/linkedin_learning/Ex_Files_Data_Engineering_Foundations/airflow_env/lib/python3.9/site-packages/airflow/example_dags/example_latest_only_with_trigger.py for tasks to queue
[2022-03-18 17:41:38,457] {logging_mixin.py:109} INFO - [2022-03-18 17:41:38,457] {dagbag.py:500} INFO - Filling up the DagBag from /Users/louisekirkham/Documents/linkedin_learning/Ex_Files_Data_Engineering_Foundations/airflow_env/lib/python3.9/site-packages/airflow/example_dags/example_latest_only_with_trigger.py
[2022-03-18 17:41:38,487] {processor.py:654} INFO - DAG(s) dict_keys(['latest_only_with_trigger']) retrieved from /Users/louisekirkham/Documents/linkedin_learning/Ex_Files_Data_Engineering_Foundations/airflow_env/lib/python3.9/site-packages/airflow/example_dags/example_latest_only_with_trigger.py
[2022-03-18 17:41:38,501] {logging_mixin.py:109} INFO - [2022-03-18 17:41:38,501] {dag.py:2398} INFO - Sync 1 DAGs
[2022-03-18 17:41:38,520] {logging_mixin.py:109} INFO - [2022-03-18 17:41:38,520] {dag.py:2937} INFO - Setting next_dagrun for latest_only_with_trigger to 2022-03-18T13:41:38.520087+00:00
[2022-03-18 17:41:38,530] {processor.py:171} INFO - Processing /Users/louisekirkham/Documents/linkedin_learning/Ex_Files_Data_Engineering_Foundations/airflow_env/lib/python3.9/site-packages/airflow/example_dags/example_latest_only_with_trigger.py took 0.075 seconds
[2022-03-18 17:43:03,083] {processor.py:163} INFO - Started process (PID=48938) to work on /Users/louisekirkham/Documents/linkedin_learning/Ex_Files_Data_Engineering_Foundations/airflow_env/lib/python3.9/site-packages/airflow/example_dags/example_latest_only_with_trigger.py
[2022-03-18 17:43:03,084] {processor.py:642} INFO - Processing file /Users/louisekirkham/Documents/linkedin_learning/Ex_Files_Data_Engineering_Foundations/airflow_env/lib/python3.9/site-packages/airflow/example_dags/example_latest_only_with_trigger.py for tasks to queue
[2022-03-18 17:43:03,084] {logging_mixin.py:109} INFO - [2022-03-18 17:43:03,084] {dagbag.py:500} INFO - Filling up the DagBag from /Users/louisekirkham/Documents/linkedin_learning/Ex_Files_Data_Engineering_Foundations/airflow_env/lib/python3.9/site-packages/airflow/example_dags/example_latest_only_with_trigger.py
[2022-03-18 17:43:03,116] {processor.py:654} INFO - DAG(s) dict_keys(['latest_only_with_trigger']) retrieved from /Users/louisekirkham/Documents/linkedin_learning/Ex_Files_Data_Engineering_Foundations/airflow_env/lib/python3.9/site-packages/airflow/example_dags/example_latest_only_with_trigger.py
[2022-03-18 17:43:03,135] {logging_mixin.py:109} INFO - [2022-03-18 17:43:03,135] {dag.py:2398} INFO - Sync 1 DAGs
[2022-03-18 17:43:03,143] {logging_mixin.py:109} INFO - [2022-03-18 17:43:03,143] {dag.py:2937} INFO - Setting next_dagrun for latest_only_with_trigger to 2022-03-18T13:43:03.143203+00:00
[2022-03-18 17:43:03,150] {processor.py:171} INFO - Processing /Users/louisekirkham/Documents/linkedin_learning/Ex_Files_Data_Engineering_Foundations/airflow_env/lib/python3.9/site-packages/airflow/example_dags/example_latest_only_with_trigger.py took 0.067 seconds
[2022-03-18 17:44:23,726] {processor.py:163} INFO - Started process (PID=48998) to work on /Users/louisekirkham/Documents/linkedin_learning/Ex_Files_Data_Engineering_Foundations/airflow_env/lib/python3.9/site-packages/airflow/example_dags/example_latest_only_with_trigger.py
[2022-03-18 17:44:23,726] {processor.py:642} INFO - Processing file /Users/louisekirkham/Documents/linkedin_learning/Ex_Files_Data_Engineering_Foundations/airflow_env/lib/python3.9/site-packages/airflow/example_dags/example_latest_only_with_trigger.py for tasks to queue
[2022-03-18 17:44:23,726] {logging_mixin.py:109} INFO - [2022-03-18 17:44:23,726] {dagbag.py:500} INFO - Filling up the DagBag from /Users/louisekirkham/Documents/linkedin_learning/Ex_Files_Data_Engineering_Foundations/airflow_env/lib/python3.9/site-packages/airflow/example_dags/example_latest_only_with_trigger.py
[2022-03-18 17:44:23,755] {processor.py:654} INFO - DAG(s) dict_keys(['latest_only_with_trigger']) retrieved from /Users/louisekirkham/Documents/linkedin_learning/Ex_Files_Data_Engineering_Foundations/airflow_env/lib/python3.9/site-packages/airflow/example_dags/example_latest_only_with_trigger.py
[2022-03-18 17:44:23,770] {logging_mixin.py:109} INFO - [2022-03-18 17:44:23,770] {dag.py:2398} INFO - Sync 1 DAGs
[2022-03-18 17:44:23,778] {logging_mixin.py:109} INFO - [2022-03-18 17:44:23,778] {dag.py:2937} INFO - Setting next_dagrun for latest_only_with_trigger to 2022-03-18T13:44:23.777929+00:00
[2022-03-18 17:44:23,786] {processor.py:171} INFO - Processing /Users/louisekirkham/Documents/linkedin_learning/Ex_Files_Data_Engineering_Foundations/airflow_env/lib/python3.9/site-packages/airflow/example_dags/example_latest_only_with_trigger.py took 0.061 seconds
[2022-03-18 17:45:49,604] {processor.py:163} INFO - Started process (PID=49069) to work on /Users/louisekirkham/Documents/linkedin_learning/Ex_Files_Data_Engineering_Foundations/airflow_env/lib/python3.9/site-packages/airflow/example_dags/example_latest_only_with_trigger.py
[2022-03-18 17:45:49,605] {processor.py:642} INFO - Processing file /Users/louisekirkham/Documents/linkedin_learning/Ex_Files_Data_Engineering_Foundations/airflow_env/lib/python3.9/site-packages/airflow/example_dags/example_latest_only_with_trigger.py for tasks to queue
[2022-03-18 17:45:49,605] {logging_mixin.py:109} INFO - [2022-03-18 17:45:49,605] {dagbag.py:500} INFO - Filling up the DagBag from /Users/louisekirkham/Documents/linkedin_learning/Ex_Files_Data_Engineering_Foundations/airflow_env/lib/python3.9/site-packages/airflow/example_dags/example_latest_only_with_trigger.py
[2022-03-18 17:45:49,634] {processor.py:654} INFO - DAG(s) dict_keys(['latest_only_with_trigger']) retrieved from /Users/louisekirkham/Documents/linkedin_learning/Ex_Files_Data_Engineering_Foundations/airflow_env/lib/python3.9/site-packages/airflow/example_dags/example_latest_only_with_trigger.py
[2022-03-18 17:45:49,650] {logging_mixin.py:109} INFO - [2022-03-18 17:45:49,650] {dag.py:2398} INFO - Sync 1 DAGs
[2022-03-18 17:45:49,658] {logging_mixin.py:109} INFO - [2022-03-18 17:45:49,657] {dag.py:2937} INFO - Setting next_dagrun for latest_only_with_trigger to 2022-03-18T13:45:49.657816+00:00
[2022-03-18 17:45:49,665] {processor.py:171} INFO - Processing /Users/louisekirkham/Documents/linkedin_learning/Ex_Files_Data_Engineering_Foundations/airflow_env/lib/python3.9/site-packages/airflow/example_dags/example_latest_only_with_trigger.py took 0.061 seconds
[2022-03-18 17:47:12,441] {processor.py:163} INFO - Started process (PID=49133) to work on /Users/louisekirkham/Documents/linkedin_learning/Ex_Files_Data_Engineering_Foundations/airflow_env/lib/python3.9/site-packages/airflow/example_dags/example_latest_only_with_trigger.py
[2022-03-18 17:47:12,441] {processor.py:642} INFO - Processing file /Users/louisekirkham/Documents/linkedin_learning/Ex_Files_Data_Engineering_Foundations/airflow_env/lib/python3.9/site-packages/airflow/example_dags/example_latest_only_with_trigger.py for tasks to queue
[2022-03-18 17:47:12,441] {logging_mixin.py:109} INFO - [2022-03-18 17:47:12,441] {dagbag.py:500} INFO - Filling up the DagBag from /Users/louisekirkham/Documents/linkedin_learning/Ex_Files_Data_Engineering_Foundations/airflow_env/lib/python3.9/site-packages/airflow/example_dags/example_latest_only_with_trigger.py
[2022-03-18 17:47:12,472] {processor.py:654} INFO - DAG(s) dict_keys(['latest_only_with_trigger']) retrieved from /Users/louisekirkham/Documents/linkedin_learning/Ex_Files_Data_Engineering_Foundations/airflow_env/lib/python3.9/site-packages/airflow/example_dags/example_latest_only_with_trigger.py
[2022-03-18 17:47:12,487] {logging_mixin.py:109} INFO - [2022-03-18 17:47:12,486] {dag.py:2398} INFO - Sync 1 DAGs
[2022-03-18 17:47:12,495] {logging_mixin.py:109} INFO - [2022-03-18 17:47:12,495] {dag.py:2937} INFO - Setting next_dagrun for latest_only_with_trigger to 2022-03-18T13:47:12.495133+00:00
[2022-03-18 17:47:12,502] {processor.py:171} INFO - Processing /Users/louisekirkham/Documents/linkedin_learning/Ex_Files_Data_Engineering_Foundations/airflow_env/lib/python3.9/site-packages/airflow/example_dags/example_latest_only_with_trigger.py took 0.062 seconds
[2022-03-18 17:48:36,405] {processor.py:163} INFO - Started process (PID=50884) to work on /Users/louisekirkham/Documents/linkedin_learning/Ex_Files_Data_Engineering_Foundations/airflow_env/lib/python3.9/site-packages/airflow/example_dags/example_latest_only_with_trigger.py
[2022-03-18 17:48:36,406] {processor.py:642} INFO - Processing file /Users/louisekirkham/Documents/linkedin_learning/Ex_Files_Data_Engineering_Foundations/airflow_env/lib/python3.9/site-packages/airflow/example_dags/example_latest_only_with_trigger.py for tasks to queue
[2022-03-18 17:48:36,406] {logging_mixin.py:109} INFO - [2022-03-18 17:48:36,406] {dagbag.py:500} INFO - Filling up the DagBag from /Users/louisekirkham/Documents/linkedin_learning/Ex_Files_Data_Engineering_Foundations/airflow_env/lib/python3.9/site-packages/airflow/example_dags/example_latest_only_with_trigger.py
[2022-03-18 17:48:36,440] {processor.py:654} INFO - DAG(s) dict_keys(['latest_only_with_trigger']) retrieved from /Users/louisekirkham/Documents/linkedin_learning/Ex_Files_Data_Engineering_Foundations/airflow_env/lib/python3.9/site-packages/airflow/example_dags/example_latest_only_with_trigger.py
[2022-03-18 17:48:36,457] {logging_mixin.py:109} INFO - [2022-03-18 17:48:36,457] {dag.py:2398} INFO - Sync 1 DAGs
[2022-03-18 17:48:36,466] {logging_mixin.py:109} INFO - [2022-03-18 17:48:36,466] {dag.py:2937} INFO - Setting next_dagrun for latest_only_with_trigger to 2022-03-18T13:48:36.466188+00:00
[2022-03-18 17:48:36,473] {processor.py:171} INFO - Processing /Users/louisekirkham/Documents/linkedin_learning/Ex_Files_Data_Engineering_Foundations/airflow_env/lib/python3.9/site-packages/airflow/example_dags/example_latest_only_with_trigger.py took 0.068 seconds
[2022-03-18 17:50:01,465] {processor.py:163} INFO - Started process (PID=50958) to work on /Users/louisekirkham/Documents/linkedin_learning/Ex_Files_Data_Engineering_Foundations/airflow_env/lib/python3.9/site-packages/airflow/example_dags/example_latest_only_with_trigger.py
[2022-03-18 17:50:01,466] {processor.py:642} INFO - Processing file /Users/louisekirkham/Documents/linkedin_learning/Ex_Files_Data_Engineering_Foundations/airflow_env/lib/python3.9/site-packages/airflow/example_dags/example_latest_only_with_trigger.py for tasks to queue
[2022-03-18 17:50:01,466] {logging_mixin.py:109} INFO - [2022-03-18 17:50:01,466] {dagbag.py:500} INFO - Filling up the DagBag from /Users/louisekirkham/Documents/linkedin_learning/Ex_Files_Data_Engineering_Foundations/airflow_env/lib/python3.9/site-packages/airflow/example_dags/example_latest_only_with_trigger.py
[2022-03-18 17:50:01,500] {processor.py:654} INFO - DAG(s) dict_keys(['latest_only_with_trigger']) retrieved from /Users/louisekirkham/Documents/linkedin_learning/Ex_Files_Data_Engineering_Foundations/airflow_env/lib/python3.9/site-packages/airflow/example_dags/example_latest_only_with_trigger.py
[2022-03-18 17:50:01,516] {logging_mixin.py:109} INFO - [2022-03-18 17:50:01,515] {dag.py:2398} INFO - Sync 1 DAGs
[2022-03-18 17:50:01,524] {logging_mixin.py:109} INFO - [2022-03-18 17:50:01,524] {dag.py:2937} INFO - Setting next_dagrun for latest_only_with_trigger to 2022-03-18T13:50:01.523893+00:00
[2022-03-18 17:50:01,533] {processor.py:171} INFO - Processing /Users/louisekirkham/Documents/linkedin_learning/Ex_Files_Data_Engineering_Foundations/airflow_env/lib/python3.9/site-packages/airflow/example_dags/example_latest_only_with_trigger.py took 0.068 seconds
[2022-03-18 17:51:27,290] {processor.py:163} INFO - Started process (PID=51043) to work on /Users/louisekirkham/Documents/linkedin_learning/Ex_Files_Data_Engineering_Foundations/airflow_env/lib/python3.9/site-packages/airflow/example_dags/example_latest_only_with_trigger.py
[2022-03-18 17:51:27,291] {processor.py:642} INFO - Processing file /Users/louisekirkham/Documents/linkedin_learning/Ex_Files_Data_Engineering_Foundations/airflow_env/lib/python3.9/site-packages/airflow/example_dags/example_latest_only_with_trigger.py for tasks to queue
[2022-03-18 17:51:27,291] {logging_mixin.py:109} INFO - [2022-03-18 17:51:27,291] {dagbag.py:500} INFO - Filling up the DagBag from /Users/louisekirkham/Documents/linkedin_learning/Ex_Files_Data_Engineering_Foundations/airflow_env/lib/python3.9/site-packages/airflow/example_dags/example_latest_only_with_trigger.py
[2022-03-18 17:51:27,321] {processor.py:654} INFO - DAG(s) dict_keys(['latest_only_with_trigger']) retrieved from /Users/louisekirkham/Documents/linkedin_learning/Ex_Files_Data_Engineering_Foundations/airflow_env/lib/python3.9/site-packages/airflow/example_dags/example_latest_only_with_trigger.py
[2022-03-18 17:51:27,337] {logging_mixin.py:109} INFO - [2022-03-18 17:51:27,337] {dag.py:2398} INFO - Sync 1 DAGs
[2022-03-18 17:51:27,345] {logging_mixin.py:109} INFO - [2022-03-18 17:51:27,345] {dag.py:2937} INFO - Setting next_dagrun for latest_only_with_trigger to 2022-03-18T13:51:27.345419+00:00
[2022-03-18 17:51:27,353] {processor.py:171} INFO - Processing /Users/louisekirkham/Documents/linkedin_learning/Ex_Files_Data_Engineering_Foundations/airflow_env/lib/python3.9/site-packages/airflow/example_dags/example_latest_only_with_trigger.py took 0.063 seconds
[2022-03-18 17:52:50,445] {processor.py:163} INFO - Started process (PID=51105) to work on /Users/louisekirkham/Documents/linkedin_learning/Ex_Files_Data_Engineering_Foundations/airflow_env/lib/python3.9/site-packages/airflow/example_dags/example_latest_only_with_trigger.py
[2022-03-18 17:52:50,445] {processor.py:642} INFO - Processing file /Users/louisekirkham/Documents/linkedin_learning/Ex_Files_Data_Engineering_Foundations/airflow_env/lib/python3.9/site-packages/airflow/example_dags/example_latest_only_with_trigger.py for tasks to queue
[2022-03-18 17:52:50,446] {logging_mixin.py:109} INFO - [2022-03-18 17:52:50,446] {dagbag.py:500} INFO - Filling up the DagBag from /Users/louisekirkham/Documents/linkedin_learning/Ex_Files_Data_Engineering_Foundations/airflow_env/lib/python3.9/site-packages/airflow/example_dags/example_latest_only_with_trigger.py
[2022-03-18 17:52:50,473] {processor.py:654} INFO - DAG(s) dict_keys(['latest_only_with_trigger']) retrieved from /Users/louisekirkham/Documents/linkedin_learning/Ex_Files_Data_Engineering_Foundations/airflow_env/lib/python3.9/site-packages/airflow/example_dags/example_latest_only_with_trigger.py
[2022-03-18 17:52:50,487] {logging_mixin.py:109} INFO - [2022-03-18 17:52:50,487] {dag.py:2398} INFO - Sync 1 DAGs
[2022-03-18 17:52:50,494] {logging_mixin.py:109} INFO - [2022-03-18 17:52:50,494] {dag.py:2937} INFO - Setting next_dagrun for latest_only_with_trigger to 2022-03-18T13:52:50.493962+00:00
[2022-03-18 17:52:50,501] {processor.py:171} INFO - Processing /Users/louisekirkham/Documents/linkedin_learning/Ex_Files_Data_Engineering_Foundations/airflow_env/lib/python3.9/site-packages/airflow/example_dags/example_latest_only_with_trigger.py took 0.056 seconds
[2022-03-18 17:54:12,866] {processor.py:163} INFO - Started process (PID=51171) to work on /Users/louisekirkham/Documents/linkedin_learning/Ex_Files_Data_Engineering_Foundations/airflow_env/lib/python3.9/site-packages/airflow/example_dags/example_latest_only_with_trigger.py
[2022-03-18 17:54:12,866] {processor.py:642} INFO - Processing file /Users/louisekirkham/Documents/linkedin_learning/Ex_Files_Data_Engineering_Foundations/airflow_env/lib/python3.9/site-packages/airflow/example_dags/example_latest_only_with_trigger.py for tasks to queue
[2022-03-18 17:54:12,866] {logging_mixin.py:109} INFO - [2022-03-18 17:54:12,866] {dagbag.py:500} INFO - Filling up the DagBag from /Users/louisekirkham/Documents/linkedin_learning/Ex_Files_Data_Engineering_Foundations/airflow_env/lib/python3.9/site-packages/airflow/example_dags/example_latest_only_with_trigger.py
[2022-03-18 17:54:12,904] {processor.py:654} INFO - DAG(s) dict_keys(['latest_only_with_trigger']) retrieved from /Users/louisekirkham/Documents/linkedin_learning/Ex_Files_Data_Engineering_Foundations/airflow_env/lib/python3.9/site-packages/airflow/example_dags/example_latest_only_with_trigger.py
[2022-03-18 17:54:12,923] {logging_mixin.py:109} INFO - [2022-03-18 17:54:12,923] {dag.py:2398} INFO - Sync 1 DAGs
[2022-03-18 17:54:12,931] {logging_mixin.py:109} INFO - [2022-03-18 17:54:12,931] {dag.py:2937} INFO - Setting next_dagrun for latest_only_with_trigger to 2022-03-18T13:54:12.930879+00:00
[2022-03-18 17:54:12,938] {processor.py:171} INFO - Processing /Users/louisekirkham/Documents/linkedin_learning/Ex_Files_Data_Engineering_Foundations/airflow_env/lib/python3.9/site-packages/airflow/example_dags/example_latest_only_with_trigger.py took 0.073 seconds
[2022-03-18 17:55:35,862] {processor.py:163} INFO - Started process (PID=51239) to work on /Users/louisekirkham/Documents/linkedin_learning/Ex_Files_Data_Engineering_Foundations/airflow_env/lib/python3.9/site-packages/airflow/example_dags/example_latest_only_with_trigger.py
[2022-03-18 17:55:35,863] {processor.py:642} INFO - Processing file /Users/louisekirkham/Documents/linkedin_learning/Ex_Files_Data_Engineering_Foundations/airflow_env/lib/python3.9/site-packages/airflow/example_dags/example_latest_only_with_trigger.py for tasks to queue
[2022-03-18 17:55:35,864] {logging_mixin.py:109} INFO - [2022-03-18 17:55:35,864] {dagbag.py:500} INFO - Filling up the DagBag from /Users/louisekirkham/Documents/linkedin_learning/Ex_Files_Data_Engineering_Foundations/airflow_env/lib/python3.9/site-packages/airflow/example_dags/example_latest_only_with_trigger.py
[2022-03-18 17:55:35,896] {processor.py:654} INFO - DAG(s) dict_keys(['latest_only_with_trigger']) retrieved from /Users/louisekirkham/Documents/linkedin_learning/Ex_Files_Data_Engineering_Foundations/airflow_env/lib/python3.9/site-packages/airflow/example_dags/example_latest_only_with_trigger.py
[2022-03-18 17:55:35,913] {logging_mixin.py:109} INFO - [2022-03-18 17:55:35,912] {dag.py:2398} INFO - Sync 1 DAGs
[2022-03-18 17:55:35,922] {logging_mixin.py:109} INFO - [2022-03-18 17:55:35,921] {dag.py:2937} INFO - Setting next_dagrun for latest_only_with_trigger to 2022-03-18T13:55:35.921746+00:00
[2022-03-18 17:55:35,928] {processor.py:171} INFO - Processing /Users/louisekirkham/Documents/linkedin_learning/Ex_Files_Data_Engineering_Foundations/airflow_env/lib/python3.9/site-packages/airflow/example_dags/example_latest_only_with_trigger.py took 0.067 seconds
[2022-03-18 17:57:01,576] {processor.py:163} INFO - Started process (PID=51303) to work on /Users/louisekirkham/Documents/linkedin_learning/Ex_Files_Data_Engineering_Foundations/airflow_env/lib/python3.9/site-packages/airflow/example_dags/example_latest_only_with_trigger.py
[2022-03-18 17:57:01,577] {processor.py:642} INFO - Processing file /Users/louisekirkham/Documents/linkedin_learning/Ex_Files_Data_Engineering_Foundations/airflow_env/lib/python3.9/site-packages/airflow/example_dags/example_latest_only_with_trigger.py for tasks to queue
[2022-03-18 17:57:01,577] {logging_mixin.py:109} INFO - [2022-03-18 17:57:01,577] {dagbag.py:500} INFO - Filling up the DagBag from /Users/louisekirkham/Documents/linkedin_learning/Ex_Files_Data_Engineering_Foundations/airflow_env/lib/python3.9/site-packages/airflow/example_dags/example_latest_only_with_trigger.py
[2022-03-18 17:57:01,605] {processor.py:654} INFO - DAG(s) dict_keys(['latest_only_with_trigger']) retrieved from /Users/louisekirkham/Documents/linkedin_learning/Ex_Files_Data_Engineering_Foundations/airflow_env/lib/python3.9/site-packages/airflow/example_dags/example_latest_only_with_trigger.py
[2022-03-18 17:57:01,619] {logging_mixin.py:109} INFO - [2022-03-18 17:57:01,619] {dag.py:2398} INFO - Sync 1 DAGs
[2022-03-18 17:57:01,625] {logging_mixin.py:109} INFO - [2022-03-18 17:57:01,625] {dag.py:2937} INFO - Setting next_dagrun for latest_only_with_trigger to 2022-03-18T13:57:01.625790+00:00
[2022-03-18 17:57:01,631] {processor.py:171} INFO - Processing /Users/louisekirkham/Documents/linkedin_learning/Ex_Files_Data_Engineering_Foundations/airflow_env/lib/python3.9/site-packages/airflow/example_dags/example_latest_only_with_trigger.py took 0.056 seconds
[2022-03-18 17:58:30,542] {processor.py:163} INFO - Started process (PID=51426) to work on /Users/louisekirkham/Documents/linkedin_learning/Ex_Files_Data_Engineering_Foundations/airflow_env/lib/python3.9/site-packages/airflow/example_dags/example_latest_only_with_trigger.py
[2022-03-18 17:58:30,542] {processor.py:642} INFO - Processing file /Users/louisekirkham/Documents/linkedin_learning/Ex_Files_Data_Engineering_Foundations/airflow_env/lib/python3.9/site-packages/airflow/example_dags/example_latest_only_with_trigger.py for tasks to queue
[2022-03-18 17:58:30,542] {logging_mixin.py:109} INFO - [2022-03-18 17:58:30,542] {dagbag.py:500} INFO - Filling up the DagBag from /Users/louisekirkham/Documents/linkedin_learning/Ex_Files_Data_Engineering_Foundations/airflow_env/lib/python3.9/site-packages/airflow/example_dags/example_latest_only_with_trigger.py
[2022-03-18 17:58:30,574] {processor.py:654} INFO - DAG(s) dict_keys(['latest_only_with_trigger']) retrieved from /Users/louisekirkham/Documents/linkedin_learning/Ex_Files_Data_Engineering_Foundations/airflow_env/lib/python3.9/site-packages/airflow/example_dags/example_latest_only_with_trigger.py
[2022-03-18 17:58:30,589] {logging_mixin.py:109} INFO - [2022-03-18 17:58:30,589] {dag.py:2398} INFO - Sync 1 DAGs
[2022-03-18 17:58:30,597] {logging_mixin.py:109} INFO - [2022-03-18 17:58:30,596] {dag.py:2937} INFO - Setting next_dagrun for latest_only_with_trigger to 2022-03-18T13:58:30.596797+00:00
[2022-03-18 17:58:30,603] {processor.py:171} INFO - Processing /Users/louisekirkham/Documents/linkedin_learning/Ex_Files_Data_Engineering_Foundations/airflow_env/lib/python3.9/site-packages/airflow/example_dags/example_latest_only_with_trigger.py took 0.062 seconds
[2022-03-18 21:00:03,997] {processor.py:163} INFO - Started process (PID=51533) to work on /Users/louisekirkham/Documents/linkedin_learning/Ex_Files_Data_Engineering_Foundations/airflow_env/lib/python3.9/site-packages/airflow/example_dags/example_latest_only_with_trigger.py
[2022-03-18 21:00:03,998] {processor.py:642} INFO - Processing file /Users/louisekirkham/Documents/linkedin_learning/Ex_Files_Data_Engineering_Foundations/airflow_env/lib/python3.9/site-packages/airflow/example_dags/example_latest_only_with_trigger.py for tasks to queue
[2022-03-18 21:00:03,998] {logging_mixin.py:109} INFO - [2022-03-18 21:00:03,998] {dagbag.py:500} INFO - Filling up the DagBag from /Users/louisekirkham/Documents/linkedin_learning/Ex_Files_Data_Engineering_Foundations/airflow_env/lib/python3.9/site-packages/airflow/example_dags/example_latest_only_with_trigger.py
[2022-03-18 21:00:04,808] {processor.py:654} INFO - DAG(s) dict_keys(['latest_only_with_trigger']) retrieved from /Users/louisekirkham/Documents/linkedin_learning/Ex_Files_Data_Engineering_Foundations/airflow_env/lib/python3.9/site-packages/airflow/example_dags/example_latest_only_with_trigger.py
[2022-03-18 21:00:04,841] {logging_mixin.py:109} INFO - [2022-03-18 21:00:04,841] {dag.py:2398} INFO - Sync 1 DAGs
[2022-03-18 21:00:04,859] {logging_mixin.py:109} INFO - [2022-03-18 21:00:04,859] {dag.py:2937} INFO - Setting next_dagrun for latest_only_with_trigger to 2022-03-18T17:00:04.856094+00:00
[2022-03-18 21:00:04,878] {processor.py:171} INFO - Processing /Users/louisekirkham/Documents/linkedin_learning/Ex_Files_Data_Engineering_Foundations/airflow_env/lib/python3.9/site-packages/airflow/example_dags/example_latest_only_with_trigger.py took 0.881 seconds
