[2022-03-18 10:37:31,627] {processor.py:163} INFO - Started process (PID=46428) to work on /Users/louisekirkham/Documents/linkedin_learning/Ex_Files_Data_Engineering_Foundations/airflow_env/lib/python3.9/site-packages/airflow/example_dags/example_external_task_marker_dag.py
[2022-03-18 10:37:31,627] {processor.py:642} INFO - Processing file /Users/louisekirkham/Documents/linkedin_learning/Ex_Files_Data_Engineering_Foundations/airflow_env/lib/python3.9/site-packages/airflow/example_dags/example_external_task_marker_dag.py for tasks to queue
[2022-03-18 10:37:31,628] {logging_mixin.py:109} INFO - [2022-03-18 10:37:31,627] {dagbag.py:500} INFO - Filling up the DagBag from /Users/louisekirkham/Documents/linkedin_learning/Ex_Files_Data_Engineering_Foundations/airflow_env/lib/python3.9/site-packages/airflow/example_dags/example_external_task_marker_dag.py
[2022-03-18 10:37:31,664] {processor.py:654} INFO - DAG(s) dict_keys(['example_external_task_marker_parent', 'example_external_task_marker_child']) retrieved from /Users/louisekirkham/Documents/linkedin_learning/Ex_Files_Data_Engineering_Foundations/airflow_env/lib/python3.9/site-packages/airflow/example_dags/example_external_task_marker_dag.py
[2022-03-18 10:37:31,681] {logging_mixin.py:109} INFO - [2022-03-18 10:37:31,680] {dag.py:2398} INFO - Sync 2 DAGs
[2022-03-18 10:37:31,688] {logging_mixin.py:109} INFO - [2022-03-18 10:37:31,688] {dag.py:2937} INFO - Setting next_dagrun for example_external_task_marker_child to None
[2022-03-18 10:37:31,688] {logging_mixin.py:109} INFO - [2022-03-18 10:37:31,688] {dag.py:2937} INFO - Setting next_dagrun for example_external_task_marker_parent to None
[2022-03-18 10:37:31,695] {processor.py:171} INFO - Processing /Users/louisekirkham/Documents/linkedin_learning/Ex_Files_Data_Engineering_Foundations/airflow_env/lib/python3.9/site-packages/airflow/example_dags/example_external_task_marker_dag.py took 0.069 seconds
[2022-03-18 10:38:58,482] {processor.py:163} INFO - Started process (PID=46499) to work on /Users/louisekirkham/Documents/linkedin_learning/Ex_Files_Data_Engineering_Foundations/airflow_env/lib/python3.9/site-packages/airflow/example_dags/example_external_task_marker_dag.py
[2022-03-18 10:38:58,483] {processor.py:642} INFO - Processing file /Users/louisekirkham/Documents/linkedin_learning/Ex_Files_Data_Engineering_Foundations/airflow_env/lib/python3.9/site-packages/airflow/example_dags/example_external_task_marker_dag.py for tasks to queue
[2022-03-18 10:38:58,483] {logging_mixin.py:109} INFO - [2022-03-18 10:38:58,483] {dagbag.py:500} INFO - Filling up the DagBag from /Users/louisekirkham/Documents/linkedin_learning/Ex_Files_Data_Engineering_Foundations/airflow_env/lib/python3.9/site-packages/airflow/example_dags/example_external_task_marker_dag.py
[2022-03-18 10:38:58,514] {processor.py:654} INFO - DAG(s) dict_keys(['example_external_task_marker_parent', 'example_external_task_marker_child']) retrieved from /Users/louisekirkham/Documents/linkedin_learning/Ex_Files_Data_Engineering_Foundations/airflow_env/lib/python3.9/site-packages/airflow/example_dags/example_external_task_marker_dag.py
[2022-03-18 10:38:58,534] {logging_mixin.py:109} INFO - [2022-03-18 10:38:58,534] {dag.py:2398} INFO - Sync 2 DAGs
[2022-03-18 10:38:58,542] {logging_mixin.py:109} INFO - [2022-03-18 10:38:58,542] {dag.py:2937} INFO - Setting next_dagrun for example_external_task_marker_child to None
[2022-03-18 10:38:58,543] {logging_mixin.py:109} INFO - [2022-03-18 10:38:58,542] {dag.py:2937} INFO - Setting next_dagrun for example_external_task_marker_parent to None
[2022-03-18 10:38:58,552] {processor.py:171} INFO - Processing /Users/louisekirkham/Documents/linkedin_learning/Ex_Files_Data_Engineering_Foundations/airflow_env/lib/python3.9/site-packages/airflow/example_dags/example_external_task_marker_dag.py took 0.070 seconds
[2022-03-18 17:05:46,408] {processor.py:163} INFO - Started process (PID=46689) to work on /Users/louisekirkham/Documents/linkedin_learning/Ex_Files_Data_Engineering_Foundations/airflow_env/lib/python3.9/site-packages/airflow/example_dags/example_external_task_marker_dag.py
[2022-03-18 17:05:46,409] {processor.py:642} INFO - Processing file /Users/louisekirkham/Documents/linkedin_learning/Ex_Files_Data_Engineering_Foundations/airflow_env/lib/python3.9/site-packages/airflow/example_dags/example_external_task_marker_dag.py for tasks to queue
[2022-03-18 17:05:46,409] {logging_mixin.py:109} INFO - [2022-03-18 17:05:46,409] {dagbag.py:500} INFO - Filling up the DagBag from /Users/louisekirkham/Documents/linkedin_learning/Ex_Files_Data_Engineering_Foundations/airflow_env/lib/python3.9/site-packages/airflow/example_dags/example_external_task_marker_dag.py
[2022-03-18 17:05:46,445] {processor.py:654} INFO - DAG(s) dict_keys(['example_external_task_marker_parent', 'example_external_task_marker_child']) retrieved from /Users/louisekirkham/Documents/linkedin_learning/Ex_Files_Data_Engineering_Foundations/airflow_env/lib/python3.9/site-packages/airflow/example_dags/example_external_task_marker_dag.py
[2022-03-18 17:05:46,463] {logging_mixin.py:109} INFO - [2022-03-18 17:05:46,462] {dag.py:2398} INFO - Sync 2 DAGs
[2022-03-18 17:05:46,470] {logging_mixin.py:109} INFO - [2022-03-18 17:05:46,470] {dag.py:2937} INFO - Setting next_dagrun for example_external_task_marker_child to None
[2022-03-18 17:05:46,470] {logging_mixin.py:109} INFO - [2022-03-18 17:05:46,470] {dag.py:2937} INFO - Setting next_dagrun for example_external_task_marker_parent to None
[2022-03-18 17:05:46,476] {processor.py:171} INFO - Processing /Users/louisekirkham/Documents/linkedin_learning/Ex_Files_Data_Engineering_Foundations/airflow_env/lib/python3.9/site-packages/airflow/example_dags/example_external_task_marker_dag.py took 0.069 seconds
[2022-03-18 17:07:18,605] {processor.py:163} INFO - Started process (PID=46780) to work on /Users/louisekirkham/Documents/linkedin_learning/Ex_Files_Data_Engineering_Foundations/airflow_env/lib/python3.9/site-packages/airflow/example_dags/example_external_task_marker_dag.py
[2022-03-18 17:07:18,605] {processor.py:642} INFO - Processing file /Users/louisekirkham/Documents/linkedin_learning/Ex_Files_Data_Engineering_Foundations/airflow_env/lib/python3.9/site-packages/airflow/example_dags/example_external_task_marker_dag.py for tasks to queue
[2022-03-18 17:07:18,605] {logging_mixin.py:109} INFO - [2022-03-18 17:07:18,605] {dagbag.py:500} INFO - Filling up the DagBag from /Users/louisekirkham/Documents/linkedin_learning/Ex_Files_Data_Engineering_Foundations/airflow_env/lib/python3.9/site-packages/airflow/example_dags/example_external_task_marker_dag.py
[2022-03-18 17:07:18,632] {processor.py:654} INFO - DAG(s) dict_keys(['example_external_task_marker_parent', 'example_external_task_marker_child']) retrieved from /Users/louisekirkham/Documents/linkedin_learning/Ex_Files_Data_Engineering_Foundations/airflow_env/lib/python3.9/site-packages/airflow/example_dags/example_external_task_marker_dag.py
[2022-03-18 17:07:18,648] {logging_mixin.py:109} INFO - [2022-03-18 17:07:18,648] {dag.py:2398} INFO - Sync 2 DAGs
[2022-03-18 17:07:18,656] {logging_mixin.py:109} INFO - [2022-03-18 17:07:18,655] {dag.py:2937} INFO - Setting next_dagrun for example_external_task_marker_child to None
[2022-03-18 17:07:18,656] {logging_mixin.py:109} INFO - [2022-03-18 17:07:18,656] {dag.py:2937} INFO - Setting next_dagrun for example_external_task_marker_parent to None
[2022-03-18 17:07:18,662] {processor.py:171} INFO - Processing /Users/louisekirkham/Documents/linkedin_learning/Ex_Files_Data_Engineering_Foundations/airflow_env/lib/python3.9/site-packages/airflow/example_dags/example_external_task_marker_dag.py took 0.058 seconds
[2022-03-18 17:08:47,142] {processor.py:163} INFO - Started process (PID=46855) to work on /Users/louisekirkham/Documents/linkedin_learning/Ex_Files_Data_Engineering_Foundations/airflow_env/lib/python3.9/site-packages/airflow/example_dags/example_external_task_marker_dag.py
[2022-03-18 17:08:47,144] {processor.py:642} INFO - Processing file /Users/louisekirkham/Documents/linkedin_learning/Ex_Files_Data_Engineering_Foundations/airflow_env/lib/python3.9/site-packages/airflow/example_dags/example_external_task_marker_dag.py for tasks to queue
[2022-03-18 17:08:47,144] {logging_mixin.py:109} INFO - [2022-03-18 17:08:47,144] {dagbag.py:500} INFO - Filling up the DagBag from /Users/louisekirkham/Documents/linkedin_learning/Ex_Files_Data_Engineering_Foundations/airflow_env/lib/python3.9/site-packages/airflow/example_dags/example_external_task_marker_dag.py
[2022-03-18 17:08:47,172] {processor.py:654} INFO - DAG(s) dict_keys(['example_external_task_marker_parent', 'example_external_task_marker_child']) retrieved from /Users/louisekirkham/Documents/linkedin_learning/Ex_Files_Data_Engineering_Foundations/airflow_env/lib/python3.9/site-packages/airflow/example_dags/example_external_task_marker_dag.py
[2022-03-18 17:08:47,189] {logging_mixin.py:109} INFO - [2022-03-18 17:08:47,189] {dag.py:2398} INFO - Sync 2 DAGs
[2022-03-18 17:08:47,197] {logging_mixin.py:109} INFO - [2022-03-18 17:08:47,197] {dag.py:2937} INFO - Setting next_dagrun for example_external_task_marker_child to None
[2022-03-18 17:08:47,197] {logging_mixin.py:109} INFO - [2022-03-18 17:08:47,197] {dag.py:2937} INFO - Setting next_dagrun for example_external_task_marker_parent to None
[2022-03-18 17:08:47,204] {processor.py:171} INFO - Processing /Users/louisekirkham/Documents/linkedin_learning/Ex_Files_Data_Engineering_Foundations/airflow_env/lib/python3.9/site-packages/airflow/example_dags/example_external_task_marker_dag.py took 0.062 seconds
[2022-03-18 17:10:10,896] {processor.py:163} INFO - Started process (PID=46923) to work on /Users/louisekirkham/Documents/linkedin_learning/Ex_Files_Data_Engineering_Foundations/airflow_env/lib/python3.9/site-packages/airflow/example_dags/example_external_task_marker_dag.py
[2022-03-18 17:10:10,897] {processor.py:642} INFO - Processing file /Users/louisekirkham/Documents/linkedin_learning/Ex_Files_Data_Engineering_Foundations/airflow_env/lib/python3.9/site-packages/airflow/example_dags/example_external_task_marker_dag.py for tasks to queue
[2022-03-18 17:10:10,897] {logging_mixin.py:109} INFO - [2022-03-18 17:10:10,897] {dagbag.py:500} INFO - Filling up the DagBag from /Users/louisekirkham/Documents/linkedin_learning/Ex_Files_Data_Engineering_Foundations/airflow_env/lib/python3.9/site-packages/airflow/example_dags/example_external_task_marker_dag.py
[2022-03-18 17:10:10,926] {processor.py:654} INFO - DAG(s) dict_keys(['example_external_task_marker_parent', 'example_external_task_marker_child']) retrieved from /Users/louisekirkham/Documents/linkedin_learning/Ex_Files_Data_Engineering_Foundations/airflow_env/lib/python3.9/site-packages/airflow/example_dags/example_external_task_marker_dag.py
[2022-03-18 17:10:10,943] {logging_mixin.py:109} INFO - [2022-03-18 17:10:10,943] {dag.py:2398} INFO - Sync 2 DAGs
[2022-03-18 17:10:10,951] {logging_mixin.py:109} INFO - [2022-03-18 17:10:10,951] {dag.py:2937} INFO - Setting next_dagrun for example_external_task_marker_child to None
[2022-03-18 17:10:10,951] {logging_mixin.py:109} INFO - [2022-03-18 17:10:10,951] {dag.py:2937} INFO - Setting next_dagrun for example_external_task_marker_parent to None
[2022-03-18 17:10:10,958] {processor.py:171} INFO - Processing /Users/louisekirkham/Documents/linkedin_learning/Ex_Files_Data_Engineering_Foundations/airflow_env/lib/python3.9/site-packages/airflow/example_dags/example_external_task_marker_dag.py took 0.063 seconds
[2022-03-18 17:11:49,174] {processor.py:163} INFO - Started process (PID=47002) to work on /Users/louisekirkham/Documents/linkedin_learning/Ex_Files_Data_Engineering_Foundations/airflow_env/lib/python3.9/site-packages/airflow/example_dags/example_external_task_marker_dag.py
[2022-03-18 17:11:49,176] {processor.py:642} INFO - Processing file /Users/louisekirkham/Documents/linkedin_learning/Ex_Files_Data_Engineering_Foundations/airflow_env/lib/python3.9/site-packages/airflow/example_dags/example_external_task_marker_dag.py for tasks to queue
[2022-03-18 17:11:49,176] {logging_mixin.py:109} INFO - [2022-03-18 17:11:49,176] {dagbag.py:500} INFO - Filling up the DagBag from /Users/louisekirkham/Documents/linkedin_learning/Ex_Files_Data_Engineering_Foundations/airflow_env/lib/python3.9/site-packages/airflow/example_dags/example_external_task_marker_dag.py
[2022-03-18 17:11:49,205] {processor.py:654} INFO - DAG(s) dict_keys(['example_external_task_marker_parent', 'example_external_task_marker_child']) retrieved from /Users/louisekirkham/Documents/linkedin_learning/Ex_Files_Data_Engineering_Foundations/airflow_env/lib/python3.9/site-packages/airflow/example_dags/example_external_task_marker_dag.py
[2022-03-18 17:11:49,222] {logging_mixin.py:109} INFO - [2022-03-18 17:11:49,222] {dag.py:2398} INFO - Sync 2 DAGs
[2022-03-18 17:11:49,230] {logging_mixin.py:109} INFO - [2022-03-18 17:11:49,230] {dag.py:2937} INFO - Setting next_dagrun for example_external_task_marker_child to None
[2022-03-18 17:11:49,230] {logging_mixin.py:109} INFO - [2022-03-18 17:11:49,230] {dag.py:2937} INFO - Setting next_dagrun for example_external_task_marker_parent to None
[2022-03-18 17:11:49,236] {processor.py:171} INFO - Processing /Users/louisekirkham/Documents/linkedin_learning/Ex_Files_Data_Engineering_Foundations/airflow_env/lib/python3.9/site-packages/airflow/example_dags/example_external_task_marker_dag.py took 0.063 seconds
[2022-03-18 17:13:13,730] {processor.py:163} INFO - Started process (PID=47071) to work on /Users/louisekirkham/Documents/linkedin_learning/Ex_Files_Data_Engineering_Foundations/airflow_env/lib/python3.9/site-packages/airflow/example_dags/example_external_task_marker_dag.py
[2022-03-18 17:13:13,732] {processor.py:642} INFO - Processing file /Users/louisekirkham/Documents/linkedin_learning/Ex_Files_Data_Engineering_Foundations/airflow_env/lib/python3.9/site-packages/airflow/example_dags/example_external_task_marker_dag.py for tasks to queue
[2022-03-18 17:13:13,732] {logging_mixin.py:109} INFO - [2022-03-18 17:13:13,732] {dagbag.py:500} INFO - Filling up the DagBag from /Users/louisekirkham/Documents/linkedin_learning/Ex_Files_Data_Engineering_Foundations/airflow_env/lib/python3.9/site-packages/airflow/example_dags/example_external_task_marker_dag.py
[2022-03-18 17:13:13,762] {processor.py:654} INFO - DAG(s) dict_keys(['example_external_task_marker_parent', 'example_external_task_marker_child']) retrieved from /Users/louisekirkham/Documents/linkedin_learning/Ex_Files_Data_Engineering_Foundations/airflow_env/lib/python3.9/site-packages/airflow/example_dags/example_external_task_marker_dag.py
[2022-03-18 17:13:13,780] {logging_mixin.py:109} INFO - [2022-03-18 17:13:13,780] {dag.py:2398} INFO - Sync 2 DAGs
[2022-03-18 17:13:13,788] {logging_mixin.py:109} INFO - [2022-03-18 17:13:13,788] {dag.py:2937} INFO - Setting next_dagrun for example_external_task_marker_child to None
[2022-03-18 17:13:13,789] {logging_mixin.py:109} INFO - [2022-03-18 17:13:13,789] {dag.py:2937} INFO - Setting next_dagrun for example_external_task_marker_parent to None
[2022-03-18 17:13:13,797] {processor.py:171} INFO - Processing /Users/louisekirkham/Documents/linkedin_learning/Ex_Files_Data_Engineering_Foundations/airflow_env/lib/python3.9/site-packages/airflow/example_dags/example_external_task_marker_dag.py took 0.067 seconds
[2022-03-18 17:14:38,574] {processor.py:163} INFO - Started process (PID=47131) to work on /Users/louisekirkham/Documents/linkedin_learning/Ex_Files_Data_Engineering_Foundations/airflow_env/lib/python3.9/site-packages/airflow/example_dags/example_external_task_marker_dag.py
[2022-03-18 17:14:38,575] {processor.py:642} INFO - Processing file /Users/louisekirkham/Documents/linkedin_learning/Ex_Files_Data_Engineering_Foundations/airflow_env/lib/python3.9/site-packages/airflow/example_dags/example_external_task_marker_dag.py for tasks to queue
[2022-03-18 17:14:38,576] {logging_mixin.py:109} INFO - [2022-03-18 17:14:38,576] {dagbag.py:500} INFO - Filling up the DagBag from /Users/louisekirkham/Documents/linkedin_learning/Ex_Files_Data_Engineering_Foundations/airflow_env/lib/python3.9/site-packages/airflow/example_dags/example_external_task_marker_dag.py
[2022-03-18 17:14:38,606] {processor.py:654} INFO - DAG(s) dict_keys(['example_external_task_marker_parent', 'example_external_task_marker_child']) retrieved from /Users/louisekirkham/Documents/linkedin_learning/Ex_Files_Data_Engineering_Foundations/airflow_env/lib/python3.9/site-packages/airflow/example_dags/example_external_task_marker_dag.py
[2022-03-18 17:14:38,622] {logging_mixin.py:109} INFO - [2022-03-18 17:14:38,622] {dag.py:2398} INFO - Sync 2 DAGs
[2022-03-18 17:14:38,628] {logging_mixin.py:109} INFO - [2022-03-18 17:14:38,628] {dag.py:2937} INFO - Setting next_dagrun for example_external_task_marker_child to None
[2022-03-18 17:14:38,629] {logging_mixin.py:109} INFO - [2022-03-18 17:14:38,629] {dag.py:2937} INFO - Setting next_dagrun for example_external_task_marker_parent to None
[2022-03-18 17:14:38,635] {processor.py:171} INFO - Processing /Users/louisekirkham/Documents/linkedin_learning/Ex_Files_Data_Engineering_Foundations/airflow_env/lib/python3.9/site-packages/airflow/example_dags/example_external_task_marker_dag.py took 0.062 seconds
[2022-03-18 17:16:03,777] {processor.py:163} INFO - Started process (PID=47198) to work on /Users/louisekirkham/Documents/linkedin_learning/Ex_Files_Data_Engineering_Foundations/airflow_env/lib/python3.9/site-packages/airflow/example_dags/example_external_task_marker_dag.py
[2022-03-18 17:16:03,778] {processor.py:642} INFO - Processing file /Users/louisekirkham/Documents/linkedin_learning/Ex_Files_Data_Engineering_Foundations/airflow_env/lib/python3.9/site-packages/airflow/example_dags/example_external_task_marker_dag.py for tasks to queue
[2022-03-18 17:16:03,778] {logging_mixin.py:109} INFO - [2022-03-18 17:16:03,778] {dagbag.py:500} INFO - Filling up the DagBag from /Users/louisekirkham/Documents/linkedin_learning/Ex_Files_Data_Engineering_Foundations/airflow_env/lib/python3.9/site-packages/airflow/example_dags/example_external_task_marker_dag.py
[2022-03-18 17:16:03,815] {processor.py:654} INFO - DAG(s) dict_keys(['example_external_task_marker_parent', 'example_external_task_marker_child']) retrieved from /Users/louisekirkham/Documents/linkedin_learning/Ex_Files_Data_Engineering_Foundations/airflow_env/lib/python3.9/site-packages/airflow/example_dags/example_external_task_marker_dag.py
[2022-03-18 17:16:03,835] {logging_mixin.py:109} INFO - [2022-03-18 17:16:03,835] {dag.py:2398} INFO - Sync 2 DAGs
[2022-03-18 17:16:03,843] {logging_mixin.py:109} INFO - [2022-03-18 17:16:03,843] {dag.py:2937} INFO - Setting next_dagrun for example_external_task_marker_child to None
[2022-03-18 17:16:03,843] {logging_mixin.py:109} INFO - [2022-03-18 17:16:03,843] {dag.py:2937} INFO - Setting next_dagrun for example_external_task_marker_parent to None
[2022-03-18 17:16:03,850] {processor.py:171} INFO - Processing /Users/louisekirkham/Documents/linkedin_learning/Ex_Files_Data_Engineering_Foundations/airflow_env/lib/python3.9/site-packages/airflow/example_dags/example_external_task_marker_dag.py took 0.074 seconds
[2022-03-18 17:17:28,694] {processor.py:163} INFO - Started process (PID=47272) to work on /Users/louisekirkham/Documents/linkedin_learning/Ex_Files_Data_Engineering_Foundations/airflow_env/lib/python3.9/site-packages/airflow/example_dags/example_external_task_marker_dag.py
[2022-03-18 17:17:28,694] {processor.py:642} INFO - Processing file /Users/louisekirkham/Documents/linkedin_learning/Ex_Files_Data_Engineering_Foundations/airflow_env/lib/python3.9/site-packages/airflow/example_dags/example_external_task_marker_dag.py for tasks to queue
[2022-03-18 17:17:28,695] {logging_mixin.py:109} INFO - [2022-03-18 17:17:28,694] {dagbag.py:500} INFO - Filling up the DagBag from /Users/louisekirkham/Documents/linkedin_learning/Ex_Files_Data_Engineering_Foundations/airflow_env/lib/python3.9/site-packages/airflow/example_dags/example_external_task_marker_dag.py
[2022-03-18 17:17:28,724] {processor.py:654} INFO - DAG(s) dict_keys(['example_external_task_marker_parent', 'example_external_task_marker_child']) retrieved from /Users/louisekirkham/Documents/linkedin_learning/Ex_Files_Data_Engineering_Foundations/airflow_env/lib/python3.9/site-packages/airflow/example_dags/example_external_task_marker_dag.py
[2022-03-18 17:17:28,740] {logging_mixin.py:109} INFO - [2022-03-18 17:17:28,740] {dag.py:2398} INFO - Sync 2 DAGs
[2022-03-18 17:17:28,748] {logging_mixin.py:109} INFO - [2022-03-18 17:17:28,748] {dag.py:2937} INFO - Setting next_dagrun for example_external_task_marker_child to None
[2022-03-18 17:17:28,749] {logging_mixin.py:109} INFO - [2022-03-18 17:17:28,749] {dag.py:2937} INFO - Setting next_dagrun for example_external_task_marker_parent to None
[2022-03-18 17:17:28,756] {processor.py:171} INFO - Processing /Users/louisekirkham/Documents/linkedin_learning/Ex_Files_Data_Engineering_Foundations/airflow_env/lib/python3.9/site-packages/airflow/example_dags/example_external_task_marker_dag.py took 0.063 seconds
[2022-03-18 17:18:53,167] {processor.py:163} INFO - Started process (PID=47336) to work on /Users/louisekirkham/Documents/linkedin_learning/Ex_Files_Data_Engineering_Foundations/airflow_env/lib/python3.9/site-packages/airflow/example_dags/example_external_task_marker_dag.py
[2022-03-18 17:18:53,169] {processor.py:642} INFO - Processing file /Users/louisekirkham/Documents/linkedin_learning/Ex_Files_Data_Engineering_Foundations/airflow_env/lib/python3.9/site-packages/airflow/example_dags/example_external_task_marker_dag.py for tasks to queue
[2022-03-18 17:18:53,169] {logging_mixin.py:109} INFO - [2022-03-18 17:18:53,169] {dagbag.py:500} INFO - Filling up the DagBag from /Users/louisekirkham/Documents/linkedin_learning/Ex_Files_Data_Engineering_Foundations/airflow_env/lib/python3.9/site-packages/airflow/example_dags/example_external_task_marker_dag.py
[2022-03-18 17:18:53,201] {processor.py:654} INFO - DAG(s) dict_keys(['example_external_task_marker_parent', 'example_external_task_marker_child']) retrieved from /Users/louisekirkham/Documents/linkedin_learning/Ex_Files_Data_Engineering_Foundations/airflow_env/lib/python3.9/site-packages/airflow/example_dags/example_external_task_marker_dag.py
[2022-03-18 17:18:53,218] {logging_mixin.py:109} INFO - [2022-03-18 17:18:53,217] {dag.py:2398} INFO - Sync 2 DAGs
[2022-03-18 17:18:53,227] {logging_mixin.py:109} INFO - [2022-03-18 17:18:53,227] {dag.py:2937} INFO - Setting next_dagrun for example_external_task_marker_child to None
[2022-03-18 17:18:53,228] {logging_mixin.py:109} INFO - [2022-03-18 17:18:53,227] {dag.py:2937} INFO - Setting next_dagrun for example_external_task_marker_parent to None
[2022-03-18 17:18:53,237] {processor.py:171} INFO - Processing /Users/louisekirkham/Documents/linkedin_learning/Ex_Files_Data_Engineering_Foundations/airflow_env/lib/python3.9/site-packages/airflow/example_dags/example_external_task_marker_dag.py took 0.070 seconds
[2022-03-18 17:20:16,584] {processor.py:163} INFO - Started process (PID=47409) to work on /Users/louisekirkham/Documents/linkedin_learning/Ex_Files_Data_Engineering_Foundations/airflow_env/lib/python3.9/site-packages/airflow/example_dags/example_external_task_marker_dag.py
[2022-03-18 17:20:16,584] {processor.py:642} INFO - Processing file /Users/louisekirkham/Documents/linkedin_learning/Ex_Files_Data_Engineering_Foundations/airflow_env/lib/python3.9/site-packages/airflow/example_dags/example_external_task_marker_dag.py for tasks to queue
[2022-03-18 17:20:16,585] {logging_mixin.py:109} INFO - [2022-03-18 17:20:16,585] {dagbag.py:500} INFO - Filling up the DagBag from /Users/louisekirkham/Documents/linkedin_learning/Ex_Files_Data_Engineering_Foundations/airflow_env/lib/python3.9/site-packages/airflow/example_dags/example_external_task_marker_dag.py
[2022-03-18 17:20:16,615] {processor.py:654} INFO - DAG(s) dict_keys(['example_external_task_marker_parent', 'example_external_task_marker_child']) retrieved from /Users/louisekirkham/Documents/linkedin_learning/Ex_Files_Data_Engineering_Foundations/airflow_env/lib/python3.9/site-packages/airflow/example_dags/example_external_task_marker_dag.py
[2022-03-18 17:20:16,630] {logging_mixin.py:109} INFO - [2022-03-18 17:20:16,630] {dag.py:2398} INFO - Sync 2 DAGs
[2022-03-18 17:20:16,637] {logging_mixin.py:109} INFO - [2022-03-18 17:20:16,637] {dag.py:2937} INFO - Setting next_dagrun for example_external_task_marker_child to None
[2022-03-18 17:20:16,637] {logging_mixin.py:109} INFO - [2022-03-18 17:20:16,637] {dag.py:2937} INFO - Setting next_dagrun for example_external_task_marker_parent to None
[2022-03-18 17:20:16,644] {processor.py:171} INFO - Processing /Users/louisekirkham/Documents/linkedin_learning/Ex_Files_Data_Engineering_Foundations/airflow_env/lib/python3.9/site-packages/airflow/example_dags/example_external_task_marker_dag.py took 0.060 seconds
[2022-03-18 17:24:25,826] {processor.py:163} INFO - Started process (PID=47554) to work on /Users/louisekirkham/Documents/linkedin_learning/Ex_Files_Data_Engineering_Foundations/airflow_env/lib/python3.9/site-packages/airflow/example_dags/example_external_task_marker_dag.py
[2022-03-18 17:24:25,827] {processor.py:642} INFO - Processing file /Users/louisekirkham/Documents/linkedin_learning/Ex_Files_Data_Engineering_Foundations/airflow_env/lib/python3.9/site-packages/airflow/example_dags/example_external_task_marker_dag.py for tasks to queue
[2022-03-18 17:24:25,828] {logging_mixin.py:109} INFO - [2022-03-18 17:24:25,828] {dagbag.py:500} INFO - Filling up the DagBag from /Users/louisekirkham/Documents/linkedin_learning/Ex_Files_Data_Engineering_Foundations/airflow_env/lib/python3.9/site-packages/airflow/example_dags/example_external_task_marker_dag.py
[2022-03-18 17:24:25,857] {processor.py:654} INFO - DAG(s) dict_keys(['example_external_task_marker_parent', 'example_external_task_marker_child']) retrieved from /Users/louisekirkham/Documents/linkedin_learning/Ex_Files_Data_Engineering_Foundations/airflow_env/lib/python3.9/site-packages/airflow/example_dags/example_external_task_marker_dag.py
[2022-03-18 17:24:25,875] {logging_mixin.py:109} INFO - [2022-03-18 17:24:25,874] {dag.py:2398} INFO - Sync 2 DAGs
[2022-03-18 17:24:25,882] {logging_mixin.py:109} INFO - [2022-03-18 17:24:25,882] {dag.py:2937} INFO - Setting next_dagrun for example_external_task_marker_child to None
[2022-03-18 17:24:25,882] {logging_mixin.py:109} INFO - [2022-03-18 17:24:25,882] {dag.py:2937} INFO - Setting next_dagrun for example_external_task_marker_parent to None
[2022-03-18 17:24:25,889] {processor.py:171} INFO - Processing /Users/louisekirkham/Documents/linkedin_learning/Ex_Files_Data_Engineering_Foundations/airflow_env/lib/python3.9/site-packages/airflow/example_dags/example_external_task_marker_dag.py took 0.063 seconds
[2022-03-18 17:26:00,013] {processor.py:163} INFO - Started process (PID=47641) to work on /Users/louisekirkham/Documents/linkedin_learning/Ex_Files_Data_Engineering_Foundations/airflow_env/lib/python3.9/site-packages/airflow/example_dags/example_external_task_marker_dag.py
[2022-03-18 17:26:00,014] {processor.py:642} INFO - Processing file /Users/louisekirkham/Documents/linkedin_learning/Ex_Files_Data_Engineering_Foundations/airflow_env/lib/python3.9/site-packages/airflow/example_dags/example_external_task_marker_dag.py for tasks to queue
[2022-03-18 17:26:00,014] {logging_mixin.py:109} INFO - [2022-03-18 17:26:00,014] {dagbag.py:500} INFO - Filling up the DagBag from /Users/louisekirkham/Documents/linkedin_learning/Ex_Files_Data_Engineering_Foundations/airflow_env/lib/python3.9/site-packages/airflow/example_dags/example_external_task_marker_dag.py
[2022-03-18 17:26:00,045] {processor.py:654} INFO - DAG(s) dict_keys(['example_external_task_marker_parent', 'example_external_task_marker_child']) retrieved from /Users/louisekirkham/Documents/linkedin_learning/Ex_Files_Data_Engineering_Foundations/airflow_env/lib/python3.9/site-packages/airflow/example_dags/example_external_task_marker_dag.py
[2022-03-18 17:26:00,061] {logging_mixin.py:109} INFO - [2022-03-18 17:26:00,061] {dag.py:2398} INFO - Sync 2 DAGs
[2022-03-18 17:26:00,069] {logging_mixin.py:109} INFO - [2022-03-18 17:26:00,069] {dag.py:2937} INFO - Setting next_dagrun for example_external_task_marker_child to None
[2022-03-18 17:26:00,069] {logging_mixin.py:109} INFO - [2022-03-18 17:26:00,069] {dag.py:2937} INFO - Setting next_dagrun for example_external_task_marker_parent to None
[2022-03-18 17:26:00,077] {processor.py:171} INFO - Processing /Users/louisekirkham/Documents/linkedin_learning/Ex_Files_Data_Engineering_Foundations/airflow_env/lib/python3.9/site-packages/airflow/example_dags/example_external_task_marker_dag.py took 0.064 seconds
[2022-03-18 17:28:53,084] {processor.py:163} INFO - Started process (PID=47762) to work on /Users/louisekirkham/Documents/linkedin_learning/Ex_Files_Data_Engineering_Foundations/airflow_env/lib/python3.9/site-packages/airflow/example_dags/example_external_task_marker_dag.py
[2022-03-18 17:28:53,084] {processor.py:642} INFO - Processing file /Users/louisekirkham/Documents/linkedin_learning/Ex_Files_Data_Engineering_Foundations/airflow_env/lib/python3.9/site-packages/airflow/example_dags/example_external_task_marker_dag.py for tasks to queue
[2022-03-18 17:28:53,084] {logging_mixin.py:109} INFO - [2022-03-18 17:28:53,084] {dagbag.py:500} INFO - Filling up the DagBag from /Users/louisekirkham/Documents/linkedin_learning/Ex_Files_Data_Engineering_Foundations/airflow_env/lib/python3.9/site-packages/airflow/example_dags/example_external_task_marker_dag.py
[2022-03-18 17:28:53,116] {processor.py:654} INFO - DAG(s) dict_keys(['example_external_task_marker_parent', 'example_external_task_marker_child']) retrieved from /Users/louisekirkham/Documents/linkedin_learning/Ex_Files_Data_Engineering_Foundations/airflow_env/lib/python3.9/site-packages/airflow/example_dags/example_external_task_marker_dag.py
[2022-03-18 17:28:53,135] {logging_mixin.py:109} INFO - [2022-03-18 17:28:53,135] {dag.py:2398} INFO - Sync 2 DAGs
[2022-03-18 17:28:53,143] {logging_mixin.py:109} INFO - [2022-03-18 17:28:53,142] {dag.py:2937} INFO - Setting next_dagrun for example_external_task_marker_child to None
[2022-03-18 17:28:53,143] {logging_mixin.py:109} INFO - [2022-03-18 17:28:53,143] {dag.py:2937} INFO - Setting next_dagrun for example_external_task_marker_parent to None
[2022-03-18 17:28:53,150] {processor.py:171} INFO - Processing /Users/louisekirkham/Documents/linkedin_learning/Ex_Files_Data_Engineering_Foundations/airflow_env/lib/python3.9/site-packages/airflow/example_dags/example_external_task_marker_dag.py took 0.066 seconds
[2022-03-18 17:32:11,165] {processor.py:163} INFO - Started process (PID=47937) to work on /Users/louisekirkham/Documents/linkedin_learning/Ex_Files_Data_Engineering_Foundations/airflow_env/lib/python3.9/site-packages/airflow/example_dags/example_external_task_marker_dag.py
[2022-03-18 17:32:11,166] {processor.py:642} INFO - Processing file /Users/louisekirkham/Documents/linkedin_learning/Ex_Files_Data_Engineering_Foundations/airflow_env/lib/python3.9/site-packages/airflow/example_dags/example_external_task_marker_dag.py for tasks to queue
[2022-03-18 17:32:11,166] {logging_mixin.py:109} INFO - [2022-03-18 17:32:11,166] {dagbag.py:500} INFO - Filling up the DagBag from /Users/louisekirkham/Documents/linkedin_learning/Ex_Files_Data_Engineering_Foundations/airflow_env/lib/python3.9/site-packages/airflow/example_dags/example_external_task_marker_dag.py
[2022-03-18 17:32:11,194] {processor.py:654} INFO - DAG(s) dict_keys(['example_external_task_marker_parent', 'example_external_task_marker_child']) retrieved from /Users/louisekirkham/Documents/linkedin_learning/Ex_Files_Data_Engineering_Foundations/airflow_env/lib/python3.9/site-packages/airflow/example_dags/example_external_task_marker_dag.py
[2022-03-18 17:32:11,210] {logging_mixin.py:109} INFO - [2022-03-18 17:32:11,210] {dag.py:2398} INFO - Sync 2 DAGs
[2022-03-18 17:32:11,217] {logging_mixin.py:109} INFO - [2022-03-18 17:32:11,217] {dag.py:2937} INFO - Setting next_dagrun for example_external_task_marker_child to None
[2022-03-18 17:32:11,217] {logging_mixin.py:109} INFO - [2022-03-18 17:32:11,217] {dag.py:2937} INFO - Setting next_dagrun for example_external_task_marker_parent to None
[2022-03-18 17:32:11,223] {processor.py:171} INFO - Processing /Users/louisekirkham/Documents/linkedin_learning/Ex_Files_Data_Engineering_Foundations/airflow_env/lib/python3.9/site-packages/airflow/example_dags/example_external_task_marker_dag.py took 0.059 seconds
[2022-03-18 17:33:36,541] {processor.py:163} INFO - Started process (PID=48392) to work on /Users/louisekirkham/Documents/linkedin_learning/Ex_Files_Data_Engineering_Foundations/airflow_env/lib/python3.9/site-packages/airflow/example_dags/example_external_task_marker_dag.py
[2022-03-18 17:33:36,541] {processor.py:642} INFO - Processing file /Users/louisekirkham/Documents/linkedin_learning/Ex_Files_Data_Engineering_Foundations/airflow_env/lib/python3.9/site-packages/airflow/example_dags/example_external_task_marker_dag.py for tasks to queue
[2022-03-18 17:33:36,542] {logging_mixin.py:109} INFO - [2022-03-18 17:33:36,542] {dagbag.py:500} INFO - Filling up the DagBag from /Users/louisekirkham/Documents/linkedin_learning/Ex_Files_Data_Engineering_Foundations/airflow_env/lib/python3.9/site-packages/airflow/example_dags/example_external_task_marker_dag.py
[2022-03-18 17:33:36,569] {processor.py:654} INFO - DAG(s) dict_keys(['example_external_task_marker_parent', 'example_external_task_marker_child']) retrieved from /Users/louisekirkham/Documents/linkedin_learning/Ex_Files_Data_Engineering_Foundations/airflow_env/lib/python3.9/site-packages/airflow/example_dags/example_external_task_marker_dag.py
[2022-03-18 17:33:36,586] {logging_mixin.py:109} INFO - [2022-03-18 17:33:36,585] {dag.py:2398} INFO - Sync 2 DAGs
[2022-03-18 17:33:36,593] {logging_mixin.py:109} INFO - [2022-03-18 17:33:36,593] {dag.py:2937} INFO - Setting next_dagrun for example_external_task_marker_child to None
[2022-03-18 17:33:36,593] {logging_mixin.py:109} INFO - [2022-03-18 17:33:36,593] {dag.py:2937} INFO - Setting next_dagrun for example_external_task_marker_parent to None
[2022-03-18 17:33:36,601] {processor.py:171} INFO - Processing /Users/louisekirkham/Documents/linkedin_learning/Ex_Files_Data_Engineering_Foundations/airflow_env/lib/python3.9/site-packages/airflow/example_dags/example_external_task_marker_dag.py took 0.061 seconds
[2022-03-18 17:34:58,602] {processor.py:163} INFO - Started process (PID=48484) to work on /Users/louisekirkham/Documents/linkedin_learning/Ex_Files_Data_Engineering_Foundations/airflow_env/lib/python3.9/site-packages/airflow/example_dags/example_external_task_marker_dag.py
[2022-03-18 17:34:58,602] {processor.py:642} INFO - Processing file /Users/louisekirkham/Documents/linkedin_learning/Ex_Files_Data_Engineering_Foundations/airflow_env/lib/python3.9/site-packages/airflow/example_dags/example_external_task_marker_dag.py for tasks to queue
[2022-03-18 17:34:58,602] {logging_mixin.py:109} INFO - [2022-03-18 17:34:58,602] {dagbag.py:500} INFO - Filling up the DagBag from /Users/louisekirkham/Documents/linkedin_learning/Ex_Files_Data_Engineering_Foundations/airflow_env/lib/python3.9/site-packages/airflow/example_dags/example_external_task_marker_dag.py
[2022-03-18 17:34:58,634] {processor.py:654} INFO - DAG(s) dict_keys(['example_external_task_marker_parent', 'example_external_task_marker_child']) retrieved from /Users/louisekirkham/Documents/linkedin_learning/Ex_Files_Data_Engineering_Foundations/airflow_env/lib/python3.9/site-packages/airflow/example_dags/example_external_task_marker_dag.py
[2022-03-18 17:34:58,652] {logging_mixin.py:109} INFO - [2022-03-18 17:34:58,651] {dag.py:2398} INFO - Sync 2 DAGs
[2022-03-18 17:34:58,660] {logging_mixin.py:109} INFO - [2022-03-18 17:34:58,660] {dag.py:2937} INFO - Setting next_dagrun for example_external_task_marker_child to None
[2022-03-18 17:34:58,661] {logging_mixin.py:109} INFO - [2022-03-18 17:34:58,661] {dag.py:2937} INFO - Setting next_dagrun for example_external_task_marker_parent to None
[2022-03-18 17:34:58,669] {processor.py:171} INFO - Processing /Users/louisekirkham/Documents/linkedin_learning/Ex_Files_Data_Engineering_Foundations/airflow_env/lib/python3.9/site-packages/airflow/example_dags/example_external_task_marker_dag.py took 0.068 seconds
[2022-03-18 17:36:20,560] {processor.py:163} INFO - Started process (PID=48562) to work on /Users/louisekirkham/Documents/linkedin_learning/Ex_Files_Data_Engineering_Foundations/airflow_env/lib/python3.9/site-packages/airflow/example_dags/example_external_task_marker_dag.py
[2022-03-18 17:36:20,560] {processor.py:642} INFO - Processing file /Users/louisekirkham/Documents/linkedin_learning/Ex_Files_Data_Engineering_Foundations/airflow_env/lib/python3.9/site-packages/airflow/example_dags/example_external_task_marker_dag.py for tasks to queue
[2022-03-18 17:36:20,561] {logging_mixin.py:109} INFO - [2022-03-18 17:36:20,561] {dagbag.py:500} INFO - Filling up the DagBag from /Users/louisekirkham/Documents/linkedin_learning/Ex_Files_Data_Engineering_Foundations/airflow_env/lib/python3.9/site-packages/airflow/example_dags/example_external_task_marker_dag.py
[2022-03-18 17:36:20,593] {processor.py:654} INFO - DAG(s) dict_keys(['example_external_task_marker_parent', 'example_external_task_marker_child']) retrieved from /Users/louisekirkham/Documents/linkedin_learning/Ex_Files_Data_Engineering_Foundations/airflow_env/lib/python3.9/site-packages/airflow/example_dags/example_external_task_marker_dag.py
[2022-03-18 17:36:20,612] {logging_mixin.py:109} INFO - [2022-03-18 17:36:20,612] {dag.py:2398} INFO - Sync 2 DAGs
[2022-03-18 17:36:20,624] {logging_mixin.py:109} INFO - [2022-03-18 17:36:20,624] {dag.py:2937} INFO - Setting next_dagrun for example_external_task_marker_child to None
[2022-03-18 17:36:20,624] {logging_mixin.py:109} INFO - [2022-03-18 17:36:20,624] {dag.py:2937} INFO - Setting next_dagrun for example_external_task_marker_parent to None
[2022-03-18 17:36:20,630] {processor.py:171} INFO - Processing /Users/louisekirkham/Documents/linkedin_learning/Ex_Files_Data_Engineering_Foundations/airflow_env/lib/python3.9/site-packages/airflow/example_dags/example_external_task_marker_dag.py took 0.071 seconds
[2022-03-18 17:37:44,945] {processor.py:163} INFO - Started process (PID=48635) to work on /Users/louisekirkham/Documents/linkedin_learning/Ex_Files_Data_Engineering_Foundations/airflow_env/lib/python3.9/site-packages/airflow/example_dags/example_external_task_marker_dag.py
[2022-03-18 17:37:44,946] {processor.py:642} INFO - Processing file /Users/louisekirkham/Documents/linkedin_learning/Ex_Files_Data_Engineering_Foundations/airflow_env/lib/python3.9/site-packages/airflow/example_dags/example_external_task_marker_dag.py for tasks to queue
[2022-03-18 17:37:44,947] {logging_mixin.py:109} INFO - [2022-03-18 17:37:44,947] {dagbag.py:500} INFO - Filling up the DagBag from /Users/louisekirkham/Documents/linkedin_learning/Ex_Files_Data_Engineering_Foundations/airflow_env/lib/python3.9/site-packages/airflow/example_dags/example_external_task_marker_dag.py
[2022-03-18 17:37:44,976] {processor.py:654} INFO - DAG(s) dict_keys(['example_external_task_marker_parent', 'example_external_task_marker_child']) retrieved from /Users/louisekirkham/Documents/linkedin_learning/Ex_Files_Data_Engineering_Foundations/airflow_env/lib/python3.9/site-packages/airflow/example_dags/example_external_task_marker_dag.py
[2022-03-18 17:37:44,992] {logging_mixin.py:109} INFO - [2022-03-18 17:37:44,991] {dag.py:2398} INFO - Sync 2 DAGs
[2022-03-18 17:37:44,999] {logging_mixin.py:109} INFO - [2022-03-18 17:37:44,999] {dag.py:2937} INFO - Setting next_dagrun for example_external_task_marker_child to None
[2022-03-18 17:37:45,000] {logging_mixin.py:109} INFO - [2022-03-18 17:37:45,000] {dag.py:2937} INFO - Setting next_dagrun for example_external_task_marker_parent to None
[2022-03-18 17:37:45,008] {processor.py:171} INFO - Processing /Users/louisekirkham/Documents/linkedin_learning/Ex_Files_Data_Engineering_Foundations/airflow_env/lib/python3.9/site-packages/airflow/example_dags/example_external_task_marker_dag.py took 0.064 seconds
[2022-03-18 17:39:09,879] {processor.py:163} INFO - Started process (PID=48706) to work on /Users/louisekirkham/Documents/linkedin_learning/Ex_Files_Data_Engineering_Foundations/airflow_env/lib/python3.9/site-packages/airflow/example_dags/example_external_task_marker_dag.py
[2022-03-18 17:39:09,880] {processor.py:642} INFO - Processing file /Users/louisekirkham/Documents/linkedin_learning/Ex_Files_Data_Engineering_Foundations/airflow_env/lib/python3.9/site-packages/airflow/example_dags/example_external_task_marker_dag.py for tasks to queue
[2022-03-18 17:39:09,881] {logging_mixin.py:109} INFO - [2022-03-18 17:39:09,881] {dagbag.py:500} INFO - Filling up the DagBag from /Users/louisekirkham/Documents/linkedin_learning/Ex_Files_Data_Engineering_Foundations/airflow_env/lib/python3.9/site-packages/airflow/example_dags/example_external_task_marker_dag.py
[2022-03-18 17:39:09,921] {processor.py:654} INFO - DAG(s) dict_keys(['example_external_task_marker_parent', 'example_external_task_marker_child']) retrieved from /Users/louisekirkham/Documents/linkedin_learning/Ex_Files_Data_Engineering_Foundations/airflow_env/lib/python3.9/site-packages/airflow/example_dags/example_external_task_marker_dag.py
[2022-03-18 17:39:09,946] {logging_mixin.py:109} INFO - [2022-03-18 17:39:09,946] {dag.py:2398} INFO - Sync 2 DAGs
[2022-03-18 17:39:09,957] {logging_mixin.py:109} INFO - [2022-03-18 17:39:09,956] {dag.py:2937} INFO - Setting next_dagrun for example_external_task_marker_child to None
[2022-03-18 17:39:09,957] {logging_mixin.py:109} INFO - [2022-03-18 17:39:09,957] {dag.py:2937} INFO - Setting next_dagrun for example_external_task_marker_parent to None
[2022-03-18 17:39:09,965] {processor.py:171} INFO - Processing /Users/louisekirkham/Documents/linkedin_learning/Ex_Files_Data_Engineering_Foundations/airflow_env/lib/python3.9/site-packages/airflow/example_dags/example_external_task_marker_dag.py took 0.086 seconds
[2022-03-18 17:40:35,920] {processor.py:163} INFO - Started process (PID=48797) to work on /Users/louisekirkham/Documents/linkedin_learning/Ex_Files_Data_Engineering_Foundations/airflow_env/lib/python3.9/site-packages/airflow/example_dags/example_external_task_marker_dag.py
[2022-03-18 17:40:35,920] {processor.py:642} INFO - Processing file /Users/louisekirkham/Documents/linkedin_learning/Ex_Files_Data_Engineering_Foundations/airflow_env/lib/python3.9/site-packages/airflow/example_dags/example_external_task_marker_dag.py for tasks to queue
[2022-03-18 17:40:35,920] {logging_mixin.py:109} INFO - [2022-03-18 17:40:35,920] {dagbag.py:500} INFO - Filling up the DagBag from /Users/louisekirkham/Documents/linkedin_learning/Ex_Files_Data_Engineering_Foundations/airflow_env/lib/python3.9/site-packages/airflow/example_dags/example_external_task_marker_dag.py
[2022-03-18 17:40:35,949] {processor.py:654} INFO - DAG(s) dict_keys(['example_external_task_marker_parent', 'example_external_task_marker_child']) retrieved from /Users/louisekirkham/Documents/linkedin_learning/Ex_Files_Data_Engineering_Foundations/airflow_env/lib/python3.9/site-packages/airflow/example_dags/example_external_task_marker_dag.py
[2022-03-18 17:40:35,966] {logging_mixin.py:109} INFO - [2022-03-18 17:40:35,966] {dag.py:2398} INFO - Sync 2 DAGs
[2022-03-18 17:40:35,973] {logging_mixin.py:109} INFO - [2022-03-18 17:40:35,973] {dag.py:2937} INFO - Setting next_dagrun for example_external_task_marker_child to None
[2022-03-18 17:40:35,973] {logging_mixin.py:109} INFO - [2022-03-18 17:40:35,973] {dag.py:2937} INFO - Setting next_dagrun for example_external_task_marker_parent to None
[2022-03-18 17:40:35,979] {processor.py:171} INFO - Processing /Users/louisekirkham/Documents/linkedin_learning/Ex_Files_Data_Engineering_Foundations/airflow_env/lib/python3.9/site-packages/airflow/example_dags/example_external_task_marker_dag.py took 0.060 seconds
[2022-03-18 17:41:56,750] {processor.py:163} INFO - Started process (PID=48888) to work on /Users/louisekirkham/Documents/linkedin_learning/Ex_Files_Data_Engineering_Foundations/airflow_env/lib/python3.9/site-packages/airflow/example_dags/example_external_task_marker_dag.py
[2022-03-18 17:41:56,751] {processor.py:642} INFO - Processing file /Users/louisekirkham/Documents/linkedin_learning/Ex_Files_Data_Engineering_Foundations/airflow_env/lib/python3.9/site-packages/airflow/example_dags/example_external_task_marker_dag.py for tasks to queue
[2022-03-18 17:41:56,751] {logging_mixin.py:109} INFO - [2022-03-18 17:41:56,751] {dagbag.py:500} INFO - Filling up the DagBag from /Users/louisekirkham/Documents/linkedin_learning/Ex_Files_Data_Engineering_Foundations/airflow_env/lib/python3.9/site-packages/airflow/example_dags/example_external_task_marker_dag.py
[2022-03-18 17:41:56,778] {processor.py:654} INFO - DAG(s) dict_keys(['example_external_task_marker_parent', 'example_external_task_marker_child']) retrieved from /Users/louisekirkham/Documents/linkedin_learning/Ex_Files_Data_Engineering_Foundations/airflow_env/lib/python3.9/site-packages/airflow/example_dags/example_external_task_marker_dag.py
[2022-03-18 17:41:56,794] {logging_mixin.py:109} INFO - [2022-03-18 17:41:56,794] {dag.py:2398} INFO - Sync 2 DAGs
[2022-03-18 17:41:56,801] {logging_mixin.py:109} INFO - [2022-03-18 17:41:56,801] {dag.py:2937} INFO - Setting next_dagrun for example_external_task_marker_child to None
[2022-03-18 17:41:56,801] {logging_mixin.py:109} INFO - [2022-03-18 17:41:56,801] {dag.py:2937} INFO - Setting next_dagrun for example_external_task_marker_parent to None
[2022-03-18 17:41:56,807] {processor.py:171} INFO - Processing /Users/louisekirkham/Documents/linkedin_learning/Ex_Files_Data_Engineering_Foundations/airflow_env/lib/python3.9/site-packages/airflow/example_dags/example_external_task_marker_dag.py took 0.058 seconds
[2022-03-18 17:43:21,144] {processor.py:163} INFO - Started process (PID=48949) to work on /Users/louisekirkham/Documents/linkedin_learning/Ex_Files_Data_Engineering_Foundations/airflow_env/lib/python3.9/site-packages/airflow/example_dags/example_external_task_marker_dag.py
[2022-03-18 17:43:21,144] {processor.py:642} INFO - Processing file /Users/louisekirkham/Documents/linkedin_learning/Ex_Files_Data_Engineering_Foundations/airflow_env/lib/python3.9/site-packages/airflow/example_dags/example_external_task_marker_dag.py for tasks to queue
[2022-03-18 17:43:21,144] {logging_mixin.py:109} INFO - [2022-03-18 17:43:21,144] {dagbag.py:500} INFO - Filling up the DagBag from /Users/louisekirkham/Documents/linkedin_learning/Ex_Files_Data_Engineering_Foundations/airflow_env/lib/python3.9/site-packages/airflow/example_dags/example_external_task_marker_dag.py
[2022-03-18 17:43:21,172] {processor.py:654} INFO - DAG(s) dict_keys(['example_external_task_marker_parent', 'example_external_task_marker_child']) retrieved from /Users/louisekirkham/Documents/linkedin_learning/Ex_Files_Data_Engineering_Foundations/airflow_env/lib/python3.9/site-packages/airflow/example_dags/example_external_task_marker_dag.py
[2022-03-18 17:43:21,187] {logging_mixin.py:109} INFO - [2022-03-18 17:43:21,187] {dag.py:2398} INFO - Sync 2 DAGs
[2022-03-18 17:43:21,195] {logging_mixin.py:109} INFO - [2022-03-18 17:43:21,194] {dag.py:2937} INFO - Setting next_dagrun for example_external_task_marker_child to None
[2022-03-18 17:43:21,195] {logging_mixin.py:109} INFO - [2022-03-18 17:43:21,195] {dag.py:2937} INFO - Setting next_dagrun for example_external_task_marker_parent to None
[2022-03-18 17:43:21,202] {processor.py:171} INFO - Processing /Users/louisekirkham/Documents/linkedin_learning/Ex_Files_Data_Engineering_Foundations/airflow_env/lib/python3.9/site-packages/airflow/example_dags/example_external_task_marker_dag.py took 0.059 seconds
[2022-03-18 17:44:42,737] {processor.py:163} INFO - Started process (PID=49010) to work on /Users/louisekirkham/Documents/linkedin_learning/Ex_Files_Data_Engineering_Foundations/airflow_env/lib/python3.9/site-packages/airflow/example_dags/example_external_task_marker_dag.py
[2022-03-18 17:44:42,737] {processor.py:642} INFO - Processing file /Users/louisekirkham/Documents/linkedin_learning/Ex_Files_Data_Engineering_Foundations/airflow_env/lib/python3.9/site-packages/airflow/example_dags/example_external_task_marker_dag.py for tasks to queue
[2022-03-18 17:44:42,738] {logging_mixin.py:109} INFO - [2022-03-18 17:44:42,738] {dagbag.py:500} INFO - Filling up the DagBag from /Users/louisekirkham/Documents/linkedin_learning/Ex_Files_Data_Engineering_Foundations/airflow_env/lib/python3.9/site-packages/airflow/example_dags/example_external_task_marker_dag.py
[2022-03-18 17:44:42,768] {processor.py:654} INFO - DAG(s) dict_keys(['example_external_task_marker_parent', 'example_external_task_marker_child']) retrieved from /Users/louisekirkham/Documents/linkedin_learning/Ex_Files_Data_Engineering_Foundations/airflow_env/lib/python3.9/site-packages/airflow/example_dags/example_external_task_marker_dag.py
[2022-03-18 17:44:42,785] {logging_mixin.py:109} INFO - [2022-03-18 17:44:42,785] {dag.py:2398} INFO - Sync 2 DAGs
[2022-03-18 17:44:42,792] {logging_mixin.py:109} INFO - [2022-03-18 17:44:42,792] {dag.py:2937} INFO - Setting next_dagrun for example_external_task_marker_child to None
[2022-03-18 17:44:42,793] {logging_mixin.py:109} INFO - [2022-03-18 17:44:42,793] {dag.py:2937} INFO - Setting next_dagrun for example_external_task_marker_parent to None
[2022-03-18 17:44:42,801] {processor.py:171} INFO - Processing /Users/louisekirkham/Documents/linkedin_learning/Ex_Files_Data_Engineering_Foundations/airflow_env/lib/python3.9/site-packages/airflow/example_dags/example_external_task_marker_dag.py took 0.065 seconds
[2022-03-18 17:46:07,794] {processor.py:163} INFO - Started process (PID=49082) to work on /Users/louisekirkham/Documents/linkedin_learning/Ex_Files_Data_Engineering_Foundations/airflow_env/lib/python3.9/site-packages/airflow/example_dags/example_external_task_marker_dag.py
[2022-03-18 17:46:07,794] {processor.py:642} INFO - Processing file /Users/louisekirkham/Documents/linkedin_learning/Ex_Files_Data_Engineering_Foundations/airflow_env/lib/python3.9/site-packages/airflow/example_dags/example_external_task_marker_dag.py for tasks to queue
[2022-03-18 17:46:07,794] {logging_mixin.py:109} INFO - [2022-03-18 17:46:07,794] {dagbag.py:500} INFO - Filling up the DagBag from /Users/louisekirkham/Documents/linkedin_learning/Ex_Files_Data_Engineering_Foundations/airflow_env/lib/python3.9/site-packages/airflow/example_dags/example_external_task_marker_dag.py
[2022-03-18 17:46:07,820] {processor.py:654} INFO - DAG(s) dict_keys(['example_external_task_marker_parent', 'example_external_task_marker_child']) retrieved from /Users/louisekirkham/Documents/linkedin_learning/Ex_Files_Data_Engineering_Foundations/airflow_env/lib/python3.9/site-packages/airflow/example_dags/example_external_task_marker_dag.py
[2022-03-18 17:46:07,835] {logging_mixin.py:109} INFO - [2022-03-18 17:46:07,835] {dag.py:2398} INFO - Sync 2 DAGs
[2022-03-18 17:46:07,842] {logging_mixin.py:109} INFO - [2022-03-18 17:46:07,842] {dag.py:2937} INFO - Setting next_dagrun for example_external_task_marker_child to None
[2022-03-18 17:46:07,842] {logging_mixin.py:109} INFO - [2022-03-18 17:46:07,842] {dag.py:2937} INFO - Setting next_dagrun for example_external_task_marker_parent to None
[2022-03-18 17:46:07,848] {processor.py:171} INFO - Processing /Users/louisekirkham/Documents/linkedin_learning/Ex_Files_Data_Engineering_Foundations/airflow_env/lib/python3.9/site-packages/airflow/example_dags/example_external_task_marker_dag.py took 0.055 seconds
[2022-03-18 17:47:31,810] {processor.py:163} INFO - Started process (PID=49143) to work on /Users/louisekirkham/Documents/linkedin_learning/Ex_Files_Data_Engineering_Foundations/airflow_env/lib/python3.9/site-packages/airflow/example_dags/example_external_task_marker_dag.py
[2022-03-18 17:47:31,811] {processor.py:642} INFO - Processing file /Users/louisekirkham/Documents/linkedin_learning/Ex_Files_Data_Engineering_Foundations/airflow_env/lib/python3.9/site-packages/airflow/example_dags/example_external_task_marker_dag.py for tasks to queue
[2022-03-18 17:47:31,811] {logging_mixin.py:109} INFO - [2022-03-18 17:47:31,811] {dagbag.py:500} INFO - Filling up the DagBag from /Users/louisekirkham/Documents/linkedin_learning/Ex_Files_Data_Engineering_Foundations/airflow_env/lib/python3.9/site-packages/airflow/example_dags/example_external_task_marker_dag.py
[2022-03-18 17:47:31,841] {processor.py:654} INFO - DAG(s) dict_keys(['example_external_task_marker_parent', 'example_external_task_marker_child']) retrieved from /Users/louisekirkham/Documents/linkedin_learning/Ex_Files_Data_Engineering_Foundations/airflow_env/lib/python3.9/site-packages/airflow/example_dags/example_external_task_marker_dag.py
[2022-03-18 17:47:31,857] {logging_mixin.py:109} INFO - [2022-03-18 17:47:31,857] {dag.py:2398} INFO - Sync 2 DAGs
[2022-03-18 17:47:31,864] {logging_mixin.py:109} INFO - [2022-03-18 17:47:31,864] {dag.py:2937} INFO - Setting next_dagrun for example_external_task_marker_child to None
[2022-03-18 17:47:31,864] {logging_mixin.py:109} INFO - [2022-03-18 17:47:31,864] {dag.py:2937} INFO - Setting next_dagrun for example_external_task_marker_parent to None
[2022-03-18 17:47:31,873] {processor.py:171} INFO - Processing /Users/louisekirkham/Documents/linkedin_learning/Ex_Files_Data_Engineering_Foundations/airflow_env/lib/python3.9/site-packages/airflow/example_dags/example_external_task_marker_dag.py took 0.063 seconds
[2022-03-18 17:48:56,854] {processor.py:163} INFO - Started process (PID=50902) to work on /Users/louisekirkham/Documents/linkedin_learning/Ex_Files_Data_Engineering_Foundations/airflow_env/lib/python3.9/site-packages/airflow/example_dags/example_external_task_marker_dag.py
[2022-03-18 17:48:56,855] {processor.py:642} INFO - Processing file /Users/louisekirkham/Documents/linkedin_learning/Ex_Files_Data_Engineering_Foundations/airflow_env/lib/python3.9/site-packages/airflow/example_dags/example_external_task_marker_dag.py for tasks to queue
[2022-03-18 17:48:56,855] {logging_mixin.py:109} INFO - [2022-03-18 17:48:56,855] {dagbag.py:500} INFO - Filling up the DagBag from /Users/louisekirkham/Documents/linkedin_learning/Ex_Files_Data_Engineering_Foundations/airflow_env/lib/python3.9/site-packages/airflow/example_dags/example_external_task_marker_dag.py
[2022-03-18 17:48:56,883] {processor.py:654} INFO - DAG(s) dict_keys(['example_external_task_marker_parent', 'example_external_task_marker_child']) retrieved from /Users/louisekirkham/Documents/linkedin_learning/Ex_Files_Data_Engineering_Foundations/airflow_env/lib/python3.9/site-packages/airflow/example_dags/example_external_task_marker_dag.py
[2022-03-18 17:48:56,899] {logging_mixin.py:109} INFO - [2022-03-18 17:48:56,899] {dag.py:2398} INFO - Sync 2 DAGs
[2022-03-18 17:48:56,906] {logging_mixin.py:109} INFO - [2022-03-18 17:48:56,906] {dag.py:2937} INFO - Setting next_dagrun for example_external_task_marker_child to None
[2022-03-18 17:48:56,907] {logging_mixin.py:109} INFO - [2022-03-18 17:48:56,907] {dag.py:2937} INFO - Setting next_dagrun for example_external_task_marker_parent to None
[2022-03-18 17:48:56,914] {processor.py:171} INFO - Processing /Users/louisekirkham/Documents/linkedin_learning/Ex_Files_Data_Engineering_Foundations/airflow_env/lib/python3.9/site-packages/airflow/example_dags/example_external_task_marker_dag.py took 0.061 seconds
[2022-03-18 17:50:19,772] {processor.py:163} INFO - Started process (PID=50968) to work on /Users/louisekirkham/Documents/linkedin_learning/Ex_Files_Data_Engineering_Foundations/airflow_env/lib/python3.9/site-packages/airflow/example_dags/example_external_task_marker_dag.py
[2022-03-18 17:50:19,773] {processor.py:642} INFO - Processing file /Users/louisekirkham/Documents/linkedin_learning/Ex_Files_Data_Engineering_Foundations/airflow_env/lib/python3.9/site-packages/airflow/example_dags/example_external_task_marker_dag.py for tasks to queue
[2022-03-18 17:50:19,774] {logging_mixin.py:109} INFO - [2022-03-18 17:50:19,774] {dagbag.py:500} INFO - Filling up the DagBag from /Users/louisekirkham/Documents/linkedin_learning/Ex_Files_Data_Engineering_Foundations/airflow_env/lib/python3.9/site-packages/airflow/example_dags/example_external_task_marker_dag.py
[2022-03-18 17:50:19,802] {processor.py:654} INFO - DAG(s) dict_keys(['example_external_task_marker_parent', 'example_external_task_marker_child']) retrieved from /Users/louisekirkham/Documents/linkedin_learning/Ex_Files_Data_Engineering_Foundations/airflow_env/lib/python3.9/site-packages/airflow/example_dags/example_external_task_marker_dag.py
[2022-03-18 17:50:19,817] {logging_mixin.py:109} INFO - [2022-03-18 17:50:19,817] {dag.py:2398} INFO - Sync 2 DAGs
[2022-03-18 17:50:19,824] {logging_mixin.py:109} INFO - [2022-03-18 17:50:19,824] {dag.py:2937} INFO - Setting next_dagrun for example_external_task_marker_child to None
[2022-03-18 17:50:19,824] {logging_mixin.py:109} INFO - [2022-03-18 17:50:19,824] {dag.py:2937} INFO - Setting next_dagrun for example_external_task_marker_parent to None
[2022-03-18 17:50:19,832] {processor.py:171} INFO - Processing /Users/louisekirkham/Documents/linkedin_learning/Ex_Files_Data_Engineering_Foundations/airflow_env/lib/python3.9/site-packages/airflow/example_dags/example_external_task_marker_dag.py took 0.060 seconds
[2022-03-18 17:51:45,714] {processor.py:163} INFO - Started process (PID=51052) to work on /Users/louisekirkham/Documents/linkedin_learning/Ex_Files_Data_Engineering_Foundations/airflow_env/lib/python3.9/site-packages/airflow/example_dags/example_external_task_marker_dag.py
[2022-03-18 17:51:45,714] {processor.py:642} INFO - Processing file /Users/louisekirkham/Documents/linkedin_learning/Ex_Files_Data_Engineering_Foundations/airflow_env/lib/python3.9/site-packages/airflow/example_dags/example_external_task_marker_dag.py for tasks to queue
[2022-03-18 17:51:45,714] {logging_mixin.py:109} INFO - [2022-03-18 17:51:45,714] {dagbag.py:500} INFO - Filling up the DagBag from /Users/louisekirkham/Documents/linkedin_learning/Ex_Files_Data_Engineering_Foundations/airflow_env/lib/python3.9/site-packages/airflow/example_dags/example_external_task_marker_dag.py
[2022-03-18 17:51:45,744] {processor.py:654} INFO - DAG(s) dict_keys(['example_external_task_marker_parent', 'example_external_task_marker_child']) retrieved from /Users/louisekirkham/Documents/linkedin_learning/Ex_Files_Data_Engineering_Foundations/airflow_env/lib/python3.9/site-packages/airflow/example_dags/example_external_task_marker_dag.py
[2022-03-18 17:51:45,762] {logging_mixin.py:109} INFO - [2022-03-18 17:51:45,762] {dag.py:2398} INFO - Sync 2 DAGs
[2022-03-18 17:51:45,769] {logging_mixin.py:109} INFO - [2022-03-18 17:51:45,769] {dag.py:2937} INFO - Setting next_dagrun for example_external_task_marker_child to None
[2022-03-18 17:51:45,770] {logging_mixin.py:109} INFO - [2022-03-18 17:51:45,770] {dag.py:2937} INFO - Setting next_dagrun for example_external_task_marker_parent to None
[2022-03-18 17:51:45,776] {processor.py:171} INFO - Processing /Users/louisekirkham/Documents/linkedin_learning/Ex_Files_Data_Engineering_Foundations/airflow_env/lib/python3.9/site-packages/airflow/example_dags/example_external_task_marker_dag.py took 0.063 seconds
[2022-03-18 17:53:08,926] {processor.py:163} INFO - Started process (PID=51116) to work on /Users/louisekirkham/Documents/linkedin_learning/Ex_Files_Data_Engineering_Foundations/airflow_env/lib/python3.9/site-packages/airflow/example_dags/example_external_task_marker_dag.py
[2022-03-18 17:53:08,926] {processor.py:642} INFO - Processing file /Users/louisekirkham/Documents/linkedin_learning/Ex_Files_Data_Engineering_Foundations/airflow_env/lib/python3.9/site-packages/airflow/example_dags/example_external_task_marker_dag.py for tasks to queue
[2022-03-18 17:53:08,927] {logging_mixin.py:109} INFO - [2022-03-18 17:53:08,926] {dagbag.py:500} INFO - Filling up the DagBag from /Users/louisekirkham/Documents/linkedin_learning/Ex_Files_Data_Engineering_Foundations/airflow_env/lib/python3.9/site-packages/airflow/example_dags/example_external_task_marker_dag.py
[2022-03-18 17:53:08,964] {processor.py:654} INFO - DAG(s) dict_keys(['example_external_task_marker_parent', 'example_external_task_marker_child']) retrieved from /Users/louisekirkham/Documents/linkedin_learning/Ex_Files_Data_Engineering_Foundations/airflow_env/lib/python3.9/site-packages/airflow/example_dags/example_external_task_marker_dag.py
[2022-03-18 17:53:08,982] {logging_mixin.py:109} INFO - [2022-03-18 17:53:08,982] {dag.py:2398} INFO - Sync 2 DAGs
[2022-03-18 17:53:08,991] {logging_mixin.py:109} INFO - [2022-03-18 17:53:08,991] {dag.py:2937} INFO - Setting next_dagrun for example_external_task_marker_child to None
[2022-03-18 17:53:08,991] {logging_mixin.py:109} INFO - [2022-03-18 17:53:08,991] {dag.py:2937} INFO - Setting next_dagrun for example_external_task_marker_parent to None
[2022-03-18 17:53:08,997] {processor.py:171} INFO - Processing /Users/louisekirkham/Documents/linkedin_learning/Ex_Files_Data_Engineering_Foundations/airflow_env/lib/python3.9/site-packages/airflow/example_dags/example_external_task_marker_dag.py took 0.072 seconds
[2022-03-18 17:54:30,882] {processor.py:163} INFO - Started process (PID=51181) to work on /Users/louisekirkham/Documents/linkedin_learning/Ex_Files_Data_Engineering_Foundations/airflow_env/lib/python3.9/site-packages/airflow/example_dags/example_external_task_marker_dag.py
[2022-03-18 17:54:30,884] {processor.py:642} INFO - Processing file /Users/louisekirkham/Documents/linkedin_learning/Ex_Files_Data_Engineering_Foundations/airflow_env/lib/python3.9/site-packages/airflow/example_dags/example_external_task_marker_dag.py for tasks to queue
[2022-03-18 17:54:30,885] {logging_mixin.py:109} INFO - [2022-03-18 17:54:30,884] {dagbag.py:500} INFO - Filling up the DagBag from /Users/louisekirkham/Documents/linkedin_learning/Ex_Files_Data_Engineering_Foundations/airflow_env/lib/python3.9/site-packages/airflow/example_dags/example_external_task_marker_dag.py
[2022-03-18 17:54:30,912] {processor.py:654} INFO - DAG(s) dict_keys(['example_external_task_marker_parent', 'example_external_task_marker_child']) retrieved from /Users/louisekirkham/Documents/linkedin_learning/Ex_Files_Data_Engineering_Foundations/airflow_env/lib/python3.9/site-packages/airflow/example_dags/example_external_task_marker_dag.py
[2022-03-18 17:54:30,930] {logging_mixin.py:109} INFO - [2022-03-18 17:54:30,930] {dag.py:2398} INFO - Sync 2 DAGs
[2022-03-18 17:54:30,938] {logging_mixin.py:109} INFO - [2022-03-18 17:54:30,937] {dag.py:2937} INFO - Setting next_dagrun for example_external_task_marker_child to None
[2022-03-18 17:54:30,938] {logging_mixin.py:109} INFO - [2022-03-18 17:54:30,938] {dag.py:2937} INFO - Setting next_dagrun for example_external_task_marker_parent to None
[2022-03-18 17:54:30,945] {processor.py:171} INFO - Processing /Users/louisekirkham/Documents/linkedin_learning/Ex_Files_Data_Engineering_Foundations/airflow_env/lib/python3.9/site-packages/airflow/example_dags/example_external_task_marker_dag.py took 0.063 seconds
[2022-03-18 17:55:54,608] {processor.py:163} INFO - Started process (PID=51251) to work on /Users/louisekirkham/Documents/linkedin_learning/Ex_Files_Data_Engineering_Foundations/airflow_env/lib/python3.9/site-packages/airflow/example_dags/example_external_task_marker_dag.py
[2022-03-18 17:55:54,609] {processor.py:642} INFO - Processing file /Users/louisekirkham/Documents/linkedin_learning/Ex_Files_Data_Engineering_Foundations/airflow_env/lib/python3.9/site-packages/airflow/example_dags/example_external_task_marker_dag.py for tasks to queue
[2022-03-18 17:55:54,610] {logging_mixin.py:109} INFO - [2022-03-18 17:55:54,610] {dagbag.py:500} INFO - Filling up the DagBag from /Users/louisekirkham/Documents/linkedin_learning/Ex_Files_Data_Engineering_Foundations/airflow_env/lib/python3.9/site-packages/airflow/example_dags/example_external_task_marker_dag.py
[2022-03-18 17:55:54,636] {processor.py:654} INFO - DAG(s) dict_keys(['example_external_task_marker_parent', 'example_external_task_marker_child']) retrieved from /Users/louisekirkham/Documents/linkedin_learning/Ex_Files_Data_Engineering_Foundations/airflow_env/lib/python3.9/site-packages/airflow/example_dags/example_external_task_marker_dag.py
[2022-03-18 17:55:54,651] {logging_mixin.py:109} INFO - [2022-03-18 17:55:54,651] {dag.py:2398} INFO - Sync 2 DAGs
[2022-03-18 17:55:54,658] {logging_mixin.py:109} INFO - [2022-03-18 17:55:54,658] {dag.py:2937} INFO - Setting next_dagrun for example_external_task_marker_child to None
[2022-03-18 17:55:54,658] {logging_mixin.py:109} INFO - [2022-03-18 17:55:54,658] {dag.py:2937} INFO - Setting next_dagrun for example_external_task_marker_parent to None
[2022-03-18 17:55:54,668] {processor.py:171} INFO - Processing /Users/louisekirkham/Documents/linkedin_learning/Ex_Files_Data_Engineering_Foundations/airflow_env/lib/python3.9/site-packages/airflow/example_dags/example_external_task_marker_dag.py took 0.061 seconds
[2022-03-18 17:57:20,099] {processor.py:163} INFO - Started process (PID=51312) to work on /Users/louisekirkham/Documents/linkedin_learning/Ex_Files_Data_Engineering_Foundations/airflow_env/lib/python3.9/site-packages/airflow/example_dags/example_external_task_marker_dag.py
[2022-03-18 17:57:20,099] {processor.py:642} INFO - Processing file /Users/louisekirkham/Documents/linkedin_learning/Ex_Files_Data_Engineering_Foundations/airflow_env/lib/python3.9/site-packages/airflow/example_dags/example_external_task_marker_dag.py for tasks to queue
[2022-03-18 17:57:20,099] {logging_mixin.py:109} INFO - [2022-03-18 17:57:20,099] {dagbag.py:500} INFO - Filling up the DagBag from /Users/louisekirkham/Documents/linkedin_learning/Ex_Files_Data_Engineering_Foundations/airflow_env/lib/python3.9/site-packages/airflow/example_dags/example_external_task_marker_dag.py
[2022-03-18 17:57:20,127] {processor.py:654} INFO - DAG(s) dict_keys(['example_external_task_marker_parent', 'example_external_task_marker_child']) retrieved from /Users/louisekirkham/Documents/linkedin_learning/Ex_Files_Data_Engineering_Foundations/airflow_env/lib/python3.9/site-packages/airflow/example_dags/example_external_task_marker_dag.py
[2022-03-18 17:57:20,142] {logging_mixin.py:109} INFO - [2022-03-18 17:57:20,142] {dag.py:2398} INFO - Sync 2 DAGs
[2022-03-18 17:57:20,149] {logging_mixin.py:109} INFO - [2022-03-18 17:57:20,149] {dag.py:2937} INFO - Setting next_dagrun for example_external_task_marker_child to None
[2022-03-18 17:57:20,149] {logging_mixin.py:109} INFO - [2022-03-18 17:57:20,149] {dag.py:2937} INFO - Setting next_dagrun for example_external_task_marker_parent to None
[2022-03-18 17:57:20,155] {processor.py:171} INFO - Processing /Users/louisekirkham/Documents/linkedin_learning/Ex_Files_Data_Engineering_Foundations/airflow_env/lib/python3.9/site-packages/airflow/example_dags/example_external_task_marker_dag.py took 0.057 seconds
[2022-03-18 17:58:53,826] {processor.py:163} INFO - Started process (PID=51481) to work on /Users/louisekirkham/Documents/linkedin_learning/Ex_Files_Data_Engineering_Foundations/airflow_env/lib/python3.9/site-packages/airflow/example_dags/example_external_task_marker_dag.py
[2022-03-18 17:58:53,826] {processor.py:642} INFO - Processing file /Users/louisekirkham/Documents/linkedin_learning/Ex_Files_Data_Engineering_Foundations/airflow_env/lib/python3.9/site-packages/airflow/example_dags/example_external_task_marker_dag.py for tasks to queue
[2022-03-18 17:58:53,826] {logging_mixin.py:109} INFO - [2022-03-18 17:58:53,826] {dagbag.py:500} INFO - Filling up the DagBag from /Users/louisekirkham/Documents/linkedin_learning/Ex_Files_Data_Engineering_Foundations/airflow_env/lib/python3.9/site-packages/airflow/example_dags/example_external_task_marker_dag.py
[2022-03-18 17:58:53,857] {processor.py:654} INFO - DAG(s) dict_keys(['example_external_task_marker_parent', 'example_external_task_marker_child']) retrieved from /Users/louisekirkham/Documents/linkedin_learning/Ex_Files_Data_Engineering_Foundations/airflow_env/lib/python3.9/site-packages/airflow/example_dags/example_external_task_marker_dag.py
[2022-03-18 17:58:53,874] {logging_mixin.py:109} INFO - [2022-03-18 17:58:53,874] {dag.py:2398} INFO - Sync 2 DAGs
[2022-03-18 17:58:53,882] {logging_mixin.py:109} INFO - [2022-03-18 17:58:53,882] {dag.py:2937} INFO - Setting next_dagrun for example_external_task_marker_child to None
[2022-03-18 17:58:53,882] {logging_mixin.py:109} INFO - [2022-03-18 17:58:53,882] {dag.py:2937} INFO - Setting next_dagrun for example_external_task_marker_parent to None
[2022-03-18 17:58:53,889] {processor.py:171} INFO - Processing /Users/louisekirkham/Documents/linkedin_learning/Ex_Files_Data_Engineering_Foundations/airflow_env/lib/python3.9/site-packages/airflow/example_dags/example_external_task_marker_dag.py took 0.063 seconds
