[2022-03-18 10:37:16,721] {processor.py:163} INFO - Started process (PID=46418) to work on /Users/louisekirkham/Documents/linkedin_learning/Ex_Files_Data_Engineering_Foundations/airflow_env/lib/python3.9/site-packages/airflow/example_dags/example_short_circuit_operator.py
[2022-03-18 10:37:16,721] {processor.py:642} INFO - Processing file /Users/louisekirkham/Documents/linkedin_learning/Ex_Files_Data_Engineering_Foundations/airflow_env/lib/python3.9/site-packages/airflow/example_dags/example_short_circuit_operator.py for tasks to queue
[2022-03-18 10:37:16,722] {logging_mixin.py:109} INFO - [2022-03-18 10:37:16,722] {dagbag.py:500} INFO - Filling up the DagBag from /Users/louisekirkham/Documents/linkedin_learning/Ex_Files_Data_Engineering_Foundations/airflow_env/lib/python3.9/site-packages/airflow/example_dags/example_short_circuit_operator.py
[2022-03-18 10:37:16,771] {processor.py:654} INFO - DAG(s) dict_keys(['example_short_circuit_operator']) retrieved from /Users/louisekirkham/Documents/linkedin_learning/Ex_Files_Data_Engineering_Foundations/airflow_env/lib/python3.9/site-packages/airflow/example_dags/example_short_circuit_operator.py
[2022-03-18 10:37:16,796] {logging_mixin.py:109} INFO - [2022-03-18 10:37:16,795] {dag.py:2398} INFO - Sync 1 DAGs
[2022-03-18 10:37:16,804] {logging_mixin.py:109} INFO - [2022-03-18 10:37:16,804] {dag.py:2937} INFO - Setting next_dagrun for example_short_circuit_operator to 2022-03-17T10:37:16.804606+00:00
[2022-03-18 10:37:16,813] {processor.py:171} INFO - Processing /Users/louisekirkham/Documents/linkedin_learning/Ex_Files_Data_Engineering_Foundations/airflow_env/lib/python3.9/site-packages/airflow/example_dags/example_short_circuit_operator.py took 0.093 seconds
[2022-03-18 10:38:23,297] {processor.py:163} INFO - Started process (PID=46480) to work on /Users/louisekirkham/Documents/linkedin_learning/Ex_Files_Data_Engineering_Foundations/airflow_env/lib/python3.9/site-packages/airflow/example_dags/example_short_circuit_operator.py
[2022-03-18 10:38:23,297] {processor.py:642} INFO - Processing file /Users/louisekirkham/Documents/linkedin_learning/Ex_Files_Data_Engineering_Foundations/airflow_env/lib/python3.9/site-packages/airflow/example_dags/example_short_circuit_operator.py for tasks to queue
[2022-03-18 10:38:23,298] {logging_mixin.py:109} INFO - [2022-03-18 10:38:23,298] {dagbag.py:500} INFO - Filling up the DagBag from /Users/louisekirkham/Documents/linkedin_learning/Ex_Files_Data_Engineering_Foundations/airflow_env/lib/python3.9/site-packages/airflow/example_dags/example_short_circuit_operator.py
[2022-03-18 10:38:23,356] {processor.py:654} INFO - DAG(s) dict_keys(['example_short_circuit_operator']) retrieved from /Users/louisekirkham/Documents/linkedin_learning/Ex_Files_Data_Engineering_Foundations/airflow_env/lib/python3.9/site-packages/airflow/example_dags/example_short_circuit_operator.py
[2022-03-18 10:38:23,378] {logging_mixin.py:109} INFO - [2022-03-18 10:38:23,378] {dag.py:2398} INFO - Sync 1 DAGs
[2022-03-18 10:38:23,388] {logging_mixin.py:109} INFO - [2022-03-18 10:38:23,388] {dag.py:2937} INFO - Setting next_dagrun for example_short_circuit_operator to 2022-03-17T10:38:23.388506+00:00
[2022-03-18 10:38:23,398] {processor.py:171} INFO - Processing /Users/louisekirkham/Documents/linkedin_learning/Ex_Files_Data_Engineering_Foundations/airflow_env/lib/python3.9/site-packages/airflow/example_dags/example_short_circuit_operator.py took 0.102 seconds
[2022-03-18 10:39:46,055] {processor.py:163} INFO - Started process (PID=46550) to work on /Users/louisekirkham/Documents/linkedin_learning/Ex_Files_Data_Engineering_Foundations/airflow_env/lib/python3.9/site-packages/airflow/example_dags/example_short_circuit_operator.py
[2022-03-18 10:39:46,055] {processor.py:642} INFO - Processing file /Users/louisekirkham/Documents/linkedin_learning/Ex_Files_Data_Engineering_Foundations/airflow_env/lib/python3.9/site-packages/airflow/example_dags/example_short_circuit_operator.py for tasks to queue
[2022-03-18 10:39:46,055] {logging_mixin.py:109} INFO - [2022-03-18 10:39:46,055] {dagbag.py:500} INFO - Filling up the DagBag from /Users/louisekirkham/Documents/linkedin_learning/Ex_Files_Data_Engineering_Foundations/airflow_env/lib/python3.9/site-packages/airflow/example_dags/example_short_circuit_operator.py
[2022-03-18 10:39:46,088] {processor.py:654} INFO - DAG(s) dict_keys(['example_short_circuit_operator']) retrieved from /Users/louisekirkham/Documents/linkedin_learning/Ex_Files_Data_Engineering_Foundations/airflow_env/lib/python3.9/site-packages/airflow/example_dags/example_short_circuit_operator.py
[2022-03-18 10:39:46,099] {logging_mixin.py:109} INFO - [2022-03-18 10:39:46,099] {dag.py:2398} INFO - Sync 1 DAGs
[2022-03-18 10:39:46,106] {logging_mixin.py:109} INFO - [2022-03-18 10:39:46,106] {dag.py:2937} INFO - Setting next_dagrun for example_short_circuit_operator to 2022-03-17T10:39:46.106019+00:00
[2022-03-18 10:39:46,113] {processor.py:171} INFO - Processing /Users/louisekirkham/Documents/linkedin_learning/Ex_Files_Data_Engineering_Foundations/airflow_env/lib/python3.9/site-packages/airflow/example_dags/example_short_circuit_operator.py took 0.058 seconds
[2022-03-18 17:06:39,773] {processor.py:163} INFO - Started process (PID=46755) to work on /Users/louisekirkham/Documents/linkedin_learning/Ex_Files_Data_Engineering_Foundations/airflow_env/lib/python3.9/site-packages/airflow/example_dags/example_short_circuit_operator.py
[2022-03-18 17:06:39,775] {processor.py:642} INFO - Processing file /Users/louisekirkham/Documents/linkedin_learning/Ex_Files_Data_Engineering_Foundations/airflow_env/lib/python3.9/site-packages/airflow/example_dags/example_short_circuit_operator.py for tasks to queue
[2022-03-18 17:06:39,776] {logging_mixin.py:109} INFO - [2022-03-18 17:06:39,776] {dagbag.py:500} INFO - Filling up the DagBag from /Users/louisekirkham/Documents/linkedin_learning/Ex_Files_Data_Engineering_Foundations/airflow_env/lib/python3.9/site-packages/airflow/example_dags/example_short_circuit_operator.py
[2022-03-18 17:06:39,823] {processor.py:654} INFO - DAG(s) dict_keys(['example_short_circuit_operator']) retrieved from /Users/louisekirkham/Documents/linkedin_learning/Ex_Files_Data_Engineering_Foundations/airflow_env/lib/python3.9/site-packages/airflow/example_dags/example_short_circuit_operator.py
[2022-03-18 17:06:39,844] {logging_mixin.py:109} INFO - [2022-03-18 17:06:39,844] {dag.py:2398} INFO - Sync 1 DAGs
[2022-03-18 17:06:39,855] {logging_mixin.py:109} INFO - [2022-03-18 17:06:39,854] {dag.py:2937} INFO - Setting next_dagrun for example_short_circuit_operator to 2022-03-17T17:06:39.854774+00:00
[2022-03-18 17:06:39,869] {processor.py:171} INFO - Processing /Users/louisekirkham/Documents/linkedin_learning/Ex_Files_Data_Engineering_Foundations/airflow_env/lib/python3.9/site-packages/airflow/example_dags/example_short_circuit_operator.py took 0.096 seconds
[2022-03-18 17:08:05,245] {processor.py:163} INFO - Started process (PID=46828) to work on /Users/louisekirkham/Documents/linkedin_learning/Ex_Files_Data_Engineering_Foundations/airflow_env/lib/python3.9/site-packages/airflow/example_dags/example_short_circuit_operator.py
[2022-03-18 17:08:05,246] {processor.py:642} INFO - Processing file /Users/louisekirkham/Documents/linkedin_learning/Ex_Files_Data_Engineering_Foundations/airflow_env/lib/python3.9/site-packages/airflow/example_dags/example_short_circuit_operator.py for tasks to queue
[2022-03-18 17:08:05,246] {logging_mixin.py:109} INFO - [2022-03-18 17:08:05,246] {dagbag.py:500} INFO - Filling up the DagBag from /Users/louisekirkham/Documents/linkedin_learning/Ex_Files_Data_Engineering_Foundations/airflow_env/lib/python3.9/site-packages/airflow/example_dags/example_short_circuit_operator.py
[2022-03-18 17:08:05,291] {processor.py:654} INFO - DAG(s) dict_keys(['example_short_circuit_operator']) retrieved from /Users/louisekirkham/Documents/linkedin_learning/Ex_Files_Data_Engineering_Foundations/airflow_env/lib/python3.9/site-packages/airflow/example_dags/example_short_circuit_operator.py
[2022-03-18 17:08:05,309] {logging_mixin.py:109} INFO - [2022-03-18 17:08:05,309] {dag.py:2398} INFO - Sync 1 DAGs
[2022-03-18 17:08:05,320] {logging_mixin.py:109} INFO - [2022-03-18 17:08:05,320] {dag.py:2937} INFO - Setting next_dagrun for example_short_circuit_operator to 2022-03-17T17:08:05.319995+00:00
[2022-03-18 17:08:05,328] {processor.py:171} INFO - Processing /Users/louisekirkham/Documents/linkedin_learning/Ex_Files_Data_Engineering_Foundations/airflow_env/lib/python3.9/site-packages/airflow/example_dags/example_short_circuit_operator.py took 0.084 seconds
[2022-03-18 17:09:34,128] {processor.py:163} INFO - Started process (PID=46900) to work on /Users/louisekirkham/Documents/linkedin_learning/Ex_Files_Data_Engineering_Foundations/airflow_env/lib/python3.9/site-packages/airflow/example_dags/example_short_circuit_operator.py
[2022-03-18 17:09:34,129] {processor.py:642} INFO - Processing file /Users/louisekirkham/Documents/linkedin_learning/Ex_Files_Data_Engineering_Foundations/airflow_env/lib/python3.9/site-packages/airflow/example_dags/example_short_circuit_operator.py for tasks to queue
[2022-03-18 17:09:34,130] {logging_mixin.py:109} INFO - [2022-03-18 17:09:34,130] {dagbag.py:500} INFO - Filling up the DagBag from /Users/louisekirkham/Documents/linkedin_learning/Ex_Files_Data_Engineering_Foundations/airflow_env/lib/python3.9/site-packages/airflow/example_dags/example_short_circuit_operator.py
[2022-03-18 17:09:34,167] {processor.py:654} INFO - DAG(s) dict_keys(['example_short_circuit_operator']) retrieved from /Users/louisekirkham/Documents/linkedin_learning/Ex_Files_Data_Engineering_Foundations/airflow_env/lib/python3.9/site-packages/airflow/example_dags/example_short_circuit_operator.py
[2022-03-18 17:09:34,183] {logging_mixin.py:109} INFO - [2022-03-18 17:09:34,183] {dag.py:2398} INFO - Sync 1 DAGs
[2022-03-18 17:09:34,192] {logging_mixin.py:109} INFO - [2022-03-18 17:09:34,192] {dag.py:2937} INFO - Setting next_dagrun for example_short_circuit_operator to 2022-03-17T17:09:34.191917+00:00
[2022-03-18 17:09:34,198] {processor.py:171} INFO - Processing /Users/louisekirkham/Documents/linkedin_learning/Ex_Files_Data_Engineering_Foundations/airflow_env/lib/python3.9/site-packages/airflow/example_dags/example_short_circuit_operator.py took 0.071 seconds
[2022-03-18 17:11:12,959] {processor.py:163} INFO - Started process (PID=46984) to work on /Users/louisekirkham/Documents/linkedin_learning/Ex_Files_Data_Engineering_Foundations/airflow_env/lib/python3.9/site-packages/airflow/example_dags/example_short_circuit_operator.py
[2022-03-18 17:11:12,961] {processor.py:642} INFO - Processing file /Users/louisekirkham/Documents/linkedin_learning/Ex_Files_Data_Engineering_Foundations/airflow_env/lib/python3.9/site-packages/airflow/example_dags/example_short_circuit_operator.py for tasks to queue
[2022-03-18 17:11:12,961] {logging_mixin.py:109} INFO - [2022-03-18 17:11:12,961] {dagbag.py:500} INFO - Filling up the DagBag from /Users/louisekirkham/Documents/linkedin_learning/Ex_Files_Data_Engineering_Foundations/airflow_env/lib/python3.9/site-packages/airflow/example_dags/example_short_circuit_operator.py
[2022-03-18 17:11:12,997] {processor.py:654} INFO - DAG(s) dict_keys(['example_short_circuit_operator']) retrieved from /Users/louisekirkham/Documents/linkedin_learning/Ex_Files_Data_Engineering_Foundations/airflow_env/lib/python3.9/site-packages/airflow/example_dags/example_short_circuit_operator.py
[2022-03-18 17:11:13,016] {logging_mixin.py:109} INFO - [2022-03-18 17:11:13,015] {dag.py:2398} INFO - Sync 1 DAGs
[2022-03-18 17:11:13,024] {logging_mixin.py:109} INFO - [2022-03-18 17:11:13,024] {dag.py:2937} INFO - Setting next_dagrun for example_short_circuit_operator to 2022-03-17T17:11:13.024024+00:00
[2022-03-18 17:11:13,031] {processor.py:171} INFO - Processing /Users/louisekirkham/Documents/linkedin_learning/Ex_Files_Data_Engineering_Foundations/airflow_env/lib/python3.9/site-packages/airflow/example_dags/example_short_circuit_operator.py took 0.072 seconds
[2022-03-18 17:12:37,971] {processor.py:163} INFO - Started process (PID=47052) to work on /Users/louisekirkham/Documents/linkedin_learning/Ex_Files_Data_Engineering_Foundations/airflow_env/lib/python3.9/site-packages/airflow/example_dags/example_short_circuit_operator.py
[2022-03-18 17:12:37,973] {processor.py:642} INFO - Processing file /Users/louisekirkham/Documents/linkedin_learning/Ex_Files_Data_Engineering_Foundations/airflow_env/lib/python3.9/site-packages/airflow/example_dags/example_short_circuit_operator.py for tasks to queue
[2022-03-18 17:12:37,973] {logging_mixin.py:109} INFO - [2022-03-18 17:12:37,973] {dagbag.py:500} INFO - Filling up the DagBag from /Users/louisekirkham/Documents/linkedin_learning/Ex_Files_Data_Engineering_Foundations/airflow_env/lib/python3.9/site-packages/airflow/example_dags/example_short_circuit_operator.py
[2022-03-18 17:12:38,010] {processor.py:654} INFO - DAG(s) dict_keys(['example_short_circuit_operator']) retrieved from /Users/louisekirkham/Documents/linkedin_learning/Ex_Files_Data_Engineering_Foundations/airflow_env/lib/python3.9/site-packages/airflow/example_dags/example_short_circuit_operator.py
[2022-03-18 17:12:38,024] {logging_mixin.py:109} INFO - [2022-03-18 17:12:38,024] {dag.py:2398} INFO - Sync 1 DAGs
[2022-03-18 17:12:38,031] {logging_mixin.py:109} INFO - [2022-03-18 17:12:38,031] {dag.py:2937} INFO - Setting next_dagrun for example_short_circuit_operator to 2022-03-17T17:12:38.031194+00:00
[2022-03-18 17:12:38,037] {processor.py:171} INFO - Processing /Users/louisekirkham/Documents/linkedin_learning/Ex_Files_Data_Engineering_Foundations/airflow_env/lib/python3.9/site-packages/airflow/example_dags/example_short_circuit_operator.py took 0.067 seconds
[2022-03-18 17:14:01,731] {processor.py:163} INFO - Started process (PID=47111) to work on /Users/louisekirkham/Documents/linkedin_learning/Ex_Files_Data_Engineering_Foundations/airflow_env/lib/python3.9/site-packages/airflow/example_dags/example_short_circuit_operator.py
[2022-03-18 17:14:01,732] {processor.py:642} INFO - Processing file /Users/louisekirkham/Documents/linkedin_learning/Ex_Files_Data_Engineering_Foundations/airflow_env/lib/python3.9/site-packages/airflow/example_dags/example_short_circuit_operator.py for tasks to queue
[2022-03-18 17:14:01,733] {logging_mixin.py:109} INFO - [2022-03-18 17:14:01,732] {dagbag.py:500} INFO - Filling up the DagBag from /Users/louisekirkham/Documents/linkedin_learning/Ex_Files_Data_Engineering_Foundations/airflow_env/lib/python3.9/site-packages/airflow/example_dags/example_short_circuit_operator.py
[2022-03-18 17:14:01,768] {processor.py:654} INFO - DAG(s) dict_keys(['example_short_circuit_operator']) retrieved from /Users/louisekirkham/Documents/linkedin_learning/Ex_Files_Data_Engineering_Foundations/airflow_env/lib/python3.9/site-packages/airflow/example_dags/example_short_circuit_operator.py
[2022-03-18 17:14:01,783] {logging_mixin.py:109} INFO - [2022-03-18 17:14:01,783] {dag.py:2398} INFO - Sync 1 DAGs
[2022-03-18 17:14:01,790] {logging_mixin.py:109} INFO - [2022-03-18 17:14:01,790] {dag.py:2937} INFO - Setting next_dagrun for example_short_circuit_operator to 2022-03-17T17:14:01.790387+00:00
[2022-03-18 17:14:01,796] {processor.py:171} INFO - Processing /Users/louisekirkham/Documents/linkedin_learning/Ex_Files_Data_Engineering_Foundations/airflow_env/lib/python3.9/site-packages/airflow/example_dags/example_short_circuit_operator.py took 0.065 seconds
[2022-03-18 17:15:26,880] {processor.py:163} INFO - Started process (PID=47176) to work on /Users/louisekirkham/Documents/linkedin_learning/Ex_Files_Data_Engineering_Foundations/airflow_env/lib/python3.9/site-packages/airflow/example_dags/example_short_circuit_operator.py
[2022-03-18 17:15:26,881] {processor.py:642} INFO - Processing file /Users/louisekirkham/Documents/linkedin_learning/Ex_Files_Data_Engineering_Foundations/airflow_env/lib/python3.9/site-packages/airflow/example_dags/example_short_circuit_operator.py for tasks to queue
[2022-03-18 17:15:26,881] {logging_mixin.py:109} INFO - [2022-03-18 17:15:26,881] {dagbag.py:500} INFO - Filling up the DagBag from /Users/louisekirkham/Documents/linkedin_learning/Ex_Files_Data_Engineering_Foundations/airflow_env/lib/python3.9/site-packages/airflow/example_dags/example_short_circuit_operator.py
[2022-03-18 17:15:26,919] {processor.py:654} INFO - DAG(s) dict_keys(['example_short_circuit_operator']) retrieved from /Users/louisekirkham/Documents/linkedin_learning/Ex_Files_Data_Engineering_Foundations/airflow_env/lib/python3.9/site-packages/airflow/example_dags/example_short_circuit_operator.py
[2022-03-18 17:15:26,933] {logging_mixin.py:109} INFO - [2022-03-18 17:15:26,933] {dag.py:2398} INFO - Sync 1 DAGs
[2022-03-18 17:15:26,941] {logging_mixin.py:109} INFO - [2022-03-18 17:15:26,941] {dag.py:2937} INFO - Setting next_dagrun for example_short_circuit_operator to 2022-03-17T17:15:26.941723+00:00
[2022-03-18 17:15:26,948] {processor.py:171} INFO - Processing /Users/louisekirkham/Documents/linkedin_learning/Ex_Files_Data_Engineering_Foundations/airflow_env/lib/python3.9/site-packages/airflow/example_dags/example_short_circuit_operator.py took 0.069 seconds
[2022-03-18 17:16:51,641] {processor.py:163} INFO - Started process (PID=47251) to work on /Users/louisekirkham/Documents/linkedin_learning/Ex_Files_Data_Engineering_Foundations/airflow_env/lib/python3.9/site-packages/airflow/example_dags/example_short_circuit_operator.py
[2022-03-18 17:16:51,642] {processor.py:642} INFO - Processing file /Users/louisekirkham/Documents/linkedin_learning/Ex_Files_Data_Engineering_Foundations/airflow_env/lib/python3.9/site-packages/airflow/example_dags/example_short_circuit_operator.py for tasks to queue
[2022-03-18 17:16:51,642] {logging_mixin.py:109} INFO - [2022-03-18 17:16:51,642] {dagbag.py:500} INFO - Filling up the DagBag from /Users/louisekirkham/Documents/linkedin_learning/Ex_Files_Data_Engineering_Foundations/airflow_env/lib/python3.9/site-packages/airflow/example_dags/example_short_circuit_operator.py
[2022-03-18 17:16:51,677] {processor.py:654} INFO - DAG(s) dict_keys(['example_short_circuit_operator']) retrieved from /Users/louisekirkham/Documents/linkedin_learning/Ex_Files_Data_Engineering_Foundations/airflow_env/lib/python3.9/site-packages/airflow/example_dags/example_short_circuit_operator.py
[2022-03-18 17:16:51,691] {logging_mixin.py:109} INFO - [2022-03-18 17:16:51,691] {dag.py:2398} INFO - Sync 1 DAGs
[2022-03-18 17:16:51,700] {logging_mixin.py:109} INFO - [2022-03-18 17:16:51,700] {dag.py:2937} INFO - Setting next_dagrun for example_short_circuit_operator to 2022-03-17T17:16:51.699939+00:00
[2022-03-18 17:16:51,706] {processor.py:171} INFO - Processing /Users/louisekirkham/Documents/linkedin_learning/Ex_Files_Data_Engineering_Foundations/airflow_env/lib/python3.9/site-packages/airflow/example_dags/example_short_circuit_operator.py took 0.066 seconds
[2022-03-18 17:18:16,305] {processor.py:163} INFO - Started process (PID=47317) to work on /Users/louisekirkham/Documents/linkedin_learning/Ex_Files_Data_Engineering_Foundations/airflow_env/lib/python3.9/site-packages/airflow/example_dags/example_short_circuit_operator.py
[2022-03-18 17:18:16,306] {processor.py:642} INFO - Processing file /Users/louisekirkham/Documents/linkedin_learning/Ex_Files_Data_Engineering_Foundations/airflow_env/lib/python3.9/site-packages/airflow/example_dags/example_short_circuit_operator.py for tasks to queue
[2022-03-18 17:18:16,307] {logging_mixin.py:109} INFO - [2022-03-18 17:18:16,307] {dagbag.py:500} INFO - Filling up the DagBag from /Users/louisekirkham/Documents/linkedin_learning/Ex_Files_Data_Engineering_Foundations/airflow_env/lib/python3.9/site-packages/airflow/example_dags/example_short_circuit_operator.py
[2022-03-18 17:18:16,344] {processor.py:654} INFO - DAG(s) dict_keys(['example_short_circuit_operator']) retrieved from /Users/louisekirkham/Documents/linkedin_learning/Ex_Files_Data_Engineering_Foundations/airflow_env/lib/python3.9/site-packages/airflow/example_dags/example_short_circuit_operator.py
[2022-03-18 17:18:16,357] {logging_mixin.py:109} INFO - [2022-03-18 17:18:16,357] {dag.py:2398} INFO - Sync 1 DAGs
[2022-03-18 17:18:16,365] {logging_mixin.py:109} INFO - [2022-03-18 17:18:16,365] {dag.py:2937} INFO - Setting next_dagrun for example_short_circuit_operator to 2022-03-17T17:18:16.364928+00:00
[2022-03-18 17:18:16,372] {processor.py:171} INFO - Processing /Users/louisekirkham/Documents/linkedin_learning/Ex_Files_Data_Engineering_Foundations/airflow_env/lib/python3.9/site-packages/airflow/example_dags/example_short_circuit_operator.py took 0.068 seconds
[2022-03-18 17:19:38,324] {processor.py:163} INFO - Started process (PID=47376) to work on /Users/louisekirkham/Documents/linkedin_learning/Ex_Files_Data_Engineering_Foundations/airflow_env/lib/python3.9/site-packages/airflow/example_dags/example_short_circuit_operator.py
[2022-03-18 17:19:38,325] {processor.py:642} INFO - Processing file /Users/louisekirkham/Documents/linkedin_learning/Ex_Files_Data_Engineering_Foundations/airflow_env/lib/python3.9/site-packages/airflow/example_dags/example_short_circuit_operator.py for tasks to queue
[2022-03-18 17:19:38,325] {logging_mixin.py:109} INFO - [2022-03-18 17:19:38,325] {dagbag.py:500} INFO - Filling up the DagBag from /Users/louisekirkham/Documents/linkedin_learning/Ex_Files_Data_Engineering_Foundations/airflow_env/lib/python3.9/site-packages/airflow/example_dags/example_short_circuit_operator.py
[2022-03-18 17:19:38,360] {processor.py:654} INFO - DAG(s) dict_keys(['example_short_circuit_operator']) retrieved from /Users/louisekirkham/Documents/linkedin_learning/Ex_Files_Data_Engineering_Foundations/airflow_env/lib/python3.9/site-packages/airflow/example_dags/example_short_circuit_operator.py
[2022-03-18 17:19:38,375] {logging_mixin.py:109} INFO - [2022-03-18 17:19:38,375] {dag.py:2398} INFO - Sync 1 DAGs
[2022-03-18 17:19:38,382] {logging_mixin.py:109} INFO - [2022-03-18 17:19:38,382] {dag.py:2937} INFO - Setting next_dagrun for example_short_circuit_operator to 2022-03-17T17:19:38.382563+00:00
[2022-03-18 17:19:38,389] {processor.py:171} INFO - Processing /Users/louisekirkham/Documents/linkedin_learning/Ex_Files_Data_Engineering_Foundations/airflow_env/lib/python3.9/site-packages/airflow/example_dags/example_short_circuit_operator.py took 0.066 seconds
[2022-03-18 17:24:11,725] {processor.py:163} INFO - Started process (PID=47545) to work on /Users/louisekirkham/Documents/linkedin_learning/Ex_Files_Data_Engineering_Foundations/airflow_env/lib/python3.9/site-packages/airflow/example_dags/example_short_circuit_operator.py
[2022-03-18 17:24:11,728] {processor.py:642} INFO - Processing file /Users/louisekirkham/Documents/linkedin_learning/Ex_Files_Data_Engineering_Foundations/airflow_env/lib/python3.9/site-packages/airflow/example_dags/example_short_circuit_operator.py for tasks to queue
[2022-03-18 17:24:11,728] {logging_mixin.py:109} INFO - [2022-03-18 17:24:11,728] {dagbag.py:500} INFO - Filling up the DagBag from /Users/louisekirkham/Documents/linkedin_learning/Ex_Files_Data_Engineering_Foundations/airflow_env/lib/python3.9/site-packages/airflow/example_dags/example_short_circuit_operator.py
[2022-03-18 17:24:11,765] {processor.py:654} INFO - DAG(s) dict_keys(['example_short_circuit_operator']) retrieved from /Users/louisekirkham/Documents/linkedin_learning/Ex_Files_Data_Engineering_Foundations/airflow_env/lib/python3.9/site-packages/airflow/example_dags/example_short_circuit_operator.py
[2022-03-18 17:24:11,780] {logging_mixin.py:109} INFO - [2022-03-18 17:24:11,780] {dag.py:2398} INFO - Sync 1 DAGs
[2022-03-18 17:24:11,788] {logging_mixin.py:109} INFO - [2022-03-18 17:24:11,788] {dag.py:2937} INFO - Setting next_dagrun for example_short_circuit_operator to 2022-03-17T17:24:11.788158+00:00
[2022-03-18 17:24:11,795] {processor.py:171} INFO - Processing /Users/louisekirkham/Documents/linkedin_learning/Ex_Files_Data_Engineering_Foundations/airflow_env/lib/python3.9/site-packages/airflow/example_dags/example_short_circuit_operator.py took 0.070 seconds
[2022-03-18 17:25:28,415] {processor.py:163} INFO - Started process (PID=47612) to work on /Users/louisekirkham/Documents/linkedin_learning/Ex_Files_Data_Engineering_Foundations/airflow_env/lib/python3.9/site-packages/airflow/example_dags/example_short_circuit_operator.py
[2022-03-18 17:25:28,415] {processor.py:642} INFO - Processing file /Users/louisekirkham/Documents/linkedin_learning/Ex_Files_Data_Engineering_Foundations/airflow_env/lib/python3.9/site-packages/airflow/example_dags/example_short_circuit_operator.py for tasks to queue
[2022-03-18 17:25:28,416] {logging_mixin.py:109} INFO - [2022-03-18 17:25:28,416] {dagbag.py:500} INFO - Filling up the DagBag from /Users/louisekirkham/Documents/linkedin_learning/Ex_Files_Data_Engineering_Foundations/airflow_env/lib/python3.9/site-packages/airflow/example_dags/example_short_circuit_operator.py
[2022-03-18 17:25:28,490] {processor.py:654} INFO - DAG(s) dict_keys(['example_short_circuit_operator']) retrieved from /Users/louisekirkham/Documents/linkedin_learning/Ex_Files_Data_Engineering_Foundations/airflow_env/lib/python3.9/site-packages/airflow/example_dags/example_short_circuit_operator.py
[2022-03-18 17:25:28,511] {logging_mixin.py:109} INFO - [2022-03-18 17:25:28,511] {dag.py:2398} INFO - Sync 1 DAGs
[2022-03-18 17:25:28,523] {logging_mixin.py:109} INFO - [2022-03-18 17:25:28,523] {dag.py:2937} INFO - Setting next_dagrun for example_short_circuit_operator to 2022-03-17T17:25:28.523537+00:00
[2022-03-18 17:25:28,531] {processor.py:171} INFO - Processing /Users/louisekirkham/Documents/linkedin_learning/Ex_Files_Data_Engineering_Foundations/airflow_env/lib/python3.9/site-packages/airflow/example_dags/example_short_circuit_operator.py took 0.117 seconds
[2022-03-18 17:28:39,041] {processor.py:163} INFO - Started process (PID=47752) to work on /Users/louisekirkham/Documents/linkedin_learning/Ex_Files_Data_Engineering_Foundations/airflow_env/lib/python3.9/site-packages/airflow/example_dags/example_short_circuit_operator.py
[2022-03-18 17:28:39,041] {processor.py:642} INFO - Processing file /Users/louisekirkham/Documents/linkedin_learning/Ex_Files_Data_Engineering_Foundations/airflow_env/lib/python3.9/site-packages/airflow/example_dags/example_short_circuit_operator.py for tasks to queue
[2022-03-18 17:28:39,042] {logging_mixin.py:109} INFO - [2022-03-18 17:28:39,042] {dagbag.py:500} INFO - Filling up the DagBag from /Users/louisekirkham/Documents/linkedin_learning/Ex_Files_Data_Engineering_Foundations/airflow_env/lib/python3.9/site-packages/airflow/example_dags/example_short_circuit_operator.py
[2022-03-18 17:28:39,076] {processor.py:654} INFO - DAG(s) dict_keys(['example_short_circuit_operator']) retrieved from /Users/louisekirkham/Documents/linkedin_learning/Ex_Files_Data_Engineering_Foundations/airflow_env/lib/python3.9/site-packages/airflow/example_dags/example_short_circuit_operator.py
[2022-03-18 17:28:39,090] {logging_mixin.py:109} INFO - [2022-03-18 17:28:39,090] {dag.py:2398} INFO - Sync 1 DAGs
[2022-03-18 17:28:39,097] {logging_mixin.py:109} INFO - [2022-03-18 17:28:39,097] {dag.py:2937} INFO - Setting next_dagrun for example_short_circuit_operator to 2022-03-17T17:28:39.097521+00:00
[2022-03-18 17:28:39,104] {processor.py:171} INFO - Processing /Users/louisekirkham/Documents/linkedin_learning/Ex_Files_Data_Engineering_Foundations/airflow_env/lib/python3.9/site-packages/airflow/example_dags/example_short_circuit_operator.py took 0.064 seconds
[2022-03-18 17:30:44,705] {processor.py:163} INFO - Started process (PID=47860) to work on /Users/louisekirkham/Documents/linkedin_learning/Ex_Files_Data_Engineering_Foundations/airflow_env/lib/python3.9/site-packages/airflow/example_dags/example_short_circuit_operator.py
[2022-03-18 17:30:44,706] {processor.py:642} INFO - Processing file /Users/louisekirkham/Documents/linkedin_learning/Ex_Files_Data_Engineering_Foundations/airflow_env/lib/python3.9/site-packages/airflow/example_dags/example_short_circuit_operator.py for tasks to queue
[2022-03-18 17:30:44,706] {logging_mixin.py:109} INFO - [2022-03-18 17:30:44,706] {dagbag.py:500} INFO - Filling up the DagBag from /Users/louisekirkham/Documents/linkedin_learning/Ex_Files_Data_Engineering_Foundations/airflow_env/lib/python3.9/site-packages/airflow/example_dags/example_short_circuit_operator.py
[2022-03-18 17:30:44,740] {processor.py:654} INFO - DAG(s) dict_keys(['example_short_circuit_operator']) retrieved from /Users/louisekirkham/Documents/linkedin_learning/Ex_Files_Data_Engineering_Foundations/airflow_env/lib/python3.9/site-packages/airflow/example_dags/example_short_circuit_operator.py
[2022-03-18 17:30:44,753] {logging_mixin.py:109} INFO - [2022-03-18 17:30:44,753] {dag.py:2398} INFO - Sync 1 DAGs
[2022-03-18 17:30:44,759] {logging_mixin.py:109} INFO - [2022-03-18 17:30:44,759] {dag.py:2937} INFO - Setting next_dagrun for example_short_circuit_operator to 2022-03-17T17:30:44.759660+00:00
[2022-03-18 17:30:44,766] {processor.py:171} INFO - Processing /Users/louisekirkham/Documents/linkedin_learning/Ex_Files_Data_Engineering_Foundations/airflow_env/lib/python3.9/site-packages/airflow/example_dags/example_short_circuit_operator.py took 0.062 seconds
[2022-03-18 17:31:57,057] {processor.py:163} INFO - Started process (PID=47930) to work on /Users/louisekirkham/Documents/linkedin_learning/Ex_Files_Data_Engineering_Foundations/airflow_env/lib/python3.9/site-packages/airflow/example_dags/example_short_circuit_operator.py
[2022-03-18 17:31:57,057] {processor.py:642} INFO - Processing file /Users/louisekirkham/Documents/linkedin_learning/Ex_Files_Data_Engineering_Foundations/airflow_env/lib/python3.9/site-packages/airflow/example_dags/example_short_circuit_operator.py for tasks to queue
[2022-03-18 17:31:57,057] {logging_mixin.py:109} INFO - [2022-03-18 17:31:57,057] {dagbag.py:500} INFO - Filling up the DagBag from /Users/louisekirkham/Documents/linkedin_learning/Ex_Files_Data_Engineering_Foundations/airflow_env/lib/python3.9/site-packages/airflow/example_dags/example_short_circuit_operator.py
[2022-03-18 17:31:57,094] {processor.py:654} INFO - DAG(s) dict_keys(['example_short_circuit_operator']) retrieved from /Users/louisekirkham/Documents/linkedin_learning/Ex_Files_Data_Engineering_Foundations/airflow_env/lib/python3.9/site-packages/airflow/example_dags/example_short_circuit_operator.py
[2022-03-18 17:31:57,109] {logging_mixin.py:109} INFO - [2022-03-18 17:31:57,109] {dag.py:2398} INFO - Sync 1 DAGs
[2022-03-18 17:31:57,116] {logging_mixin.py:109} INFO - [2022-03-18 17:31:57,116] {dag.py:2937} INFO - Setting next_dagrun for example_short_circuit_operator to 2022-03-17T17:31:57.116733+00:00
[2022-03-18 17:31:57,124] {processor.py:171} INFO - Processing /Users/louisekirkham/Documents/linkedin_learning/Ex_Files_Data_Engineering_Foundations/airflow_env/lib/python3.9/site-packages/airflow/example_dags/example_short_circuit_operator.py took 0.068 seconds
[2022-03-18 17:33:10,505] {processor.py:163} INFO - Started process (PID=47989) to work on /Users/louisekirkham/Documents/linkedin_learning/Ex_Files_Data_Engineering_Foundations/airflow_env/lib/python3.9/site-packages/airflow/example_dags/example_short_circuit_operator.py
[2022-03-18 17:33:10,506] {processor.py:642} INFO - Processing file /Users/louisekirkham/Documents/linkedin_learning/Ex_Files_Data_Engineering_Foundations/airflow_env/lib/python3.9/site-packages/airflow/example_dags/example_short_circuit_operator.py for tasks to queue
[2022-03-18 17:33:10,506] {logging_mixin.py:109} INFO - [2022-03-18 17:33:10,506] {dagbag.py:500} INFO - Filling up the DagBag from /Users/louisekirkham/Documents/linkedin_learning/Ex_Files_Data_Engineering_Foundations/airflow_env/lib/python3.9/site-packages/airflow/example_dags/example_short_circuit_operator.py
[2022-03-18 17:33:10,542] {processor.py:654} INFO - DAG(s) dict_keys(['example_short_circuit_operator']) retrieved from /Users/louisekirkham/Documents/linkedin_learning/Ex_Files_Data_Engineering_Foundations/airflow_env/lib/python3.9/site-packages/airflow/example_dags/example_short_circuit_operator.py
[2022-03-18 17:33:10,556] {logging_mixin.py:109} INFO - [2022-03-18 17:33:10,555] {dag.py:2398} INFO - Sync 1 DAGs
[2022-03-18 17:33:10,562] {logging_mixin.py:109} INFO - [2022-03-18 17:33:10,562] {dag.py:2937} INFO - Setting next_dagrun for example_short_circuit_operator to 2022-03-17T17:33:10.562702+00:00
[2022-03-18 17:33:10,569] {processor.py:171} INFO - Processing /Users/louisekirkham/Documents/linkedin_learning/Ex_Files_Data_Engineering_Foundations/airflow_env/lib/python3.9/site-packages/airflow/example_dags/example_short_circuit_operator.py took 0.064 seconds
[2022-03-18 17:34:31,634] {processor.py:163} INFO - Started process (PID=48464) to work on /Users/louisekirkham/Documents/linkedin_learning/Ex_Files_Data_Engineering_Foundations/airflow_env/lib/python3.9/site-packages/airflow/example_dags/example_short_circuit_operator.py
[2022-03-18 17:34:31,634] {processor.py:642} INFO - Processing file /Users/louisekirkham/Documents/linkedin_learning/Ex_Files_Data_Engineering_Foundations/airflow_env/lib/python3.9/site-packages/airflow/example_dags/example_short_circuit_operator.py for tasks to queue
[2022-03-18 17:34:31,635] {logging_mixin.py:109} INFO - [2022-03-18 17:34:31,634] {dagbag.py:500} INFO - Filling up the DagBag from /Users/louisekirkham/Documents/linkedin_learning/Ex_Files_Data_Engineering_Foundations/airflow_env/lib/python3.9/site-packages/airflow/example_dags/example_short_circuit_operator.py
[2022-03-18 17:34:31,673] {processor.py:654} INFO - DAG(s) dict_keys(['example_short_circuit_operator']) retrieved from /Users/louisekirkham/Documents/linkedin_learning/Ex_Files_Data_Engineering_Foundations/airflow_env/lib/python3.9/site-packages/airflow/example_dags/example_short_circuit_operator.py
[2022-03-18 17:34:31,689] {logging_mixin.py:109} INFO - [2022-03-18 17:34:31,689] {dag.py:2398} INFO - Sync 1 DAGs
[2022-03-18 17:34:31,698] {logging_mixin.py:109} INFO - [2022-03-18 17:34:31,697] {dag.py:2937} INFO - Setting next_dagrun for example_short_circuit_operator to 2022-03-17T17:34:31.697842+00:00
[2022-03-18 17:34:31,704] {processor.py:171} INFO - Processing /Users/louisekirkham/Documents/linkedin_learning/Ex_Files_Data_Engineering_Foundations/airflow_env/lib/python3.9/site-packages/airflow/example_dags/example_short_circuit_operator.py took 0.071 seconds
[2022-03-18 17:35:53,338] {processor.py:163} INFO - Started process (PID=48548) to work on /Users/louisekirkham/Documents/linkedin_learning/Ex_Files_Data_Engineering_Foundations/airflow_env/lib/python3.9/site-packages/airflow/example_dags/example_short_circuit_operator.py
[2022-03-18 17:35:53,338] {processor.py:642} INFO - Processing file /Users/louisekirkham/Documents/linkedin_learning/Ex_Files_Data_Engineering_Foundations/airflow_env/lib/python3.9/site-packages/airflow/example_dags/example_short_circuit_operator.py for tasks to queue
[2022-03-18 17:35:53,338] {logging_mixin.py:109} INFO - [2022-03-18 17:35:53,338] {dagbag.py:500} INFO - Filling up the DagBag from /Users/louisekirkham/Documents/linkedin_learning/Ex_Files_Data_Engineering_Foundations/airflow_env/lib/python3.9/site-packages/airflow/example_dags/example_short_circuit_operator.py
[2022-03-18 17:35:53,383] {processor.py:654} INFO - DAG(s) dict_keys(['example_short_circuit_operator']) retrieved from /Users/louisekirkham/Documents/linkedin_learning/Ex_Files_Data_Engineering_Foundations/airflow_env/lib/python3.9/site-packages/airflow/example_dags/example_short_circuit_operator.py
[2022-03-18 17:35:53,400] {logging_mixin.py:109} INFO - [2022-03-18 17:35:53,400] {dag.py:2398} INFO - Sync 1 DAGs
[2022-03-18 17:35:53,409] {logging_mixin.py:109} INFO - [2022-03-18 17:35:53,409] {dag.py:2937} INFO - Setting next_dagrun for example_short_circuit_operator to 2022-03-17T17:35:53.409118+00:00
[2022-03-18 17:35:53,416] {processor.py:171} INFO - Processing /Users/louisekirkham/Documents/linkedin_learning/Ex_Files_Data_Engineering_Foundations/airflow_env/lib/python3.9/site-packages/airflow/example_dags/example_short_circuit_operator.py took 0.079 seconds
[2022-03-18 17:37:18,454] {processor.py:163} INFO - Started process (PID=48621) to work on /Users/louisekirkham/Documents/linkedin_learning/Ex_Files_Data_Engineering_Foundations/airflow_env/lib/python3.9/site-packages/airflow/example_dags/example_short_circuit_operator.py
[2022-03-18 17:37:18,454] {processor.py:642} INFO - Processing file /Users/louisekirkham/Documents/linkedin_learning/Ex_Files_Data_Engineering_Foundations/airflow_env/lib/python3.9/site-packages/airflow/example_dags/example_short_circuit_operator.py for tasks to queue
[2022-03-18 17:37:18,454] {logging_mixin.py:109} INFO - [2022-03-18 17:37:18,454] {dagbag.py:500} INFO - Filling up the DagBag from /Users/louisekirkham/Documents/linkedin_learning/Ex_Files_Data_Engineering_Foundations/airflow_env/lib/python3.9/site-packages/airflow/example_dags/example_short_circuit_operator.py
[2022-03-18 17:37:18,497] {processor.py:654} INFO - DAG(s) dict_keys(['example_short_circuit_operator']) retrieved from /Users/louisekirkham/Documents/linkedin_learning/Ex_Files_Data_Engineering_Foundations/airflow_env/lib/python3.9/site-packages/airflow/example_dags/example_short_circuit_operator.py
[2022-03-18 17:37:18,514] {logging_mixin.py:109} INFO - [2022-03-18 17:37:18,514] {dag.py:2398} INFO - Sync 1 DAGs
[2022-03-18 17:37:18,524] {logging_mixin.py:109} INFO - [2022-03-18 17:37:18,524] {dag.py:2937} INFO - Setting next_dagrun for example_short_circuit_operator to 2022-03-17T17:37:18.524301+00:00
[2022-03-18 17:37:18,531] {processor.py:171} INFO - Processing /Users/louisekirkham/Documents/linkedin_learning/Ex_Files_Data_Engineering_Foundations/airflow_env/lib/python3.9/site-packages/airflow/example_dags/example_short_circuit_operator.py took 0.078 seconds
[2022-03-18 17:38:42,484] {processor.py:163} INFO - Started process (PID=48686) to work on /Users/louisekirkham/Documents/linkedin_learning/Ex_Files_Data_Engineering_Foundations/airflow_env/lib/python3.9/site-packages/airflow/example_dags/example_short_circuit_operator.py
[2022-03-18 17:38:42,484] {processor.py:642} INFO - Processing file /Users/louisekirkham/Documents/linkedin_learning/Ex_Files_Data_Engineering_Foundations/airflow_env/lib/python3.9/site-packages/airflow/example_dags/example_short_circuit_operator.py for tasks to queue
[2022-03-18 17:38:42,484] {logging_mixin.py:109} INFO - [2022-03-18 17:38:42,484] {dagbag.py:500} INFO - Filling up the DagBag from /Users/louisekirkham/Documents/linkedin_learning/Ex_Files_Data_Engineering_Foundations/airflow_env/lib/python3.9/site-packages/airflow/example_dags/example_short_circuit_operator.py
[2022-03-18 17:38:42,522] {processor.py:654} INFO - DAG(s) dict_keys(['example_short_circuit_operator']) retrieved from /Users/louisekirkham/Documents/linkedin_learning/Ex_Files_Data_Engineering_Foundations/airflow_env/lib/python3.9/site-packages/airflow/example_dags/example_short_circuit_operator.py
[2022-03-18 17:38:42,536] {logging_mixin.py:109} INFO - [2022-03-18 17:38:42,536] {dag.py:2398} INFO - Sync 1 DAGs
[2022-03-18 17:38:42,545] {logging_mixin.py:109} INFO - [2022-03-18 17:38:42,545] {dag.py:2937} INFO - Setting next_dagrun for example_short_circuit_operator to 2022-03-17T17:38:42.545490+00:00
[2022-03-18 17:38:42,554] {processor.py:171} INFO - Processing /Users/louisekirkham/Documents/linkedin_learning/Ex_Files_Data_Engineering_Foundations/airflow_env/lib/python3.9/site-packages/airflow/example_dags/example_short_circuit_operator.py took 0.071 seconds
[2022-03-18 17:40:09,625] {processor.py:163} INFO - Started process (PID=48760) to work on /Users/louisekirkham/Documents/linkedin_learning/Ex_Files_Data_Engineering_Foundations/airflow_env/lib/python3.9/site-packages/airflow/example_dags/example_short_circuit_operator.py
[2022-03-18 17:40:09,627] {processor.py:642} INFO - Processing file /Users/louisekirkham/Documents/linkedin_learning/Ex_Files_Data_Engineering_Foundations/airflow_env/lib/python3.9/site-packages/airflow/example_dags/example_short_circuit_operator.py for tasks to queue
[2022-03-18 17:40:09,627] {logging_mixin.py:109} INFO - [2022-03-18 17:40:09,627] {dagbag.py:500} INFO - Filling up the DagBag from /Users/louisekirkham/Documents/linkedin_learning/Ex_Files_Data_Engineering_Foundations/airflow_env/lib/python3.9/site-packages/airflow/example_dags/example_short_circuit_operator.py
[2022-03-18 17:40:09,664] {processor.py:654} INFO - DAG(s) dict_keys(['example_short_circuit_operator']) retrieved from /Users/louisekirkham/Documents/linkedin_learning/Ex_Files_Data_Engineering_Foundations/airflow_env/lib/python3.9/site-packages/airflow/example_dags/example_short_circuit_operator.py
[2022-03-18 17:40:09,681] {logging_mixin.py:109} INFO - [2022-03-18 17:40:09,681] {dag.py:2398} INFO - Sync 1 DAGs
[2022-03-18 17:40:09,691] {logging_mixin.py:109} INFO - [2022-03-18 17:40:09,691] {dag.py:2937} INFO - Setting next_dagrun for example_short_circuit_operator to 2022-03-17T17:40:09.691000+00:00
[2022-03-18 17:40:09,697] {processor.py:171} INFO - Processing /Users/louisekirkham/Documents/linkedin_learning/Ex_Files_Data_Engineering_Foundations/airflow_env/lib/python3.9/site-packages/airflow/example_dags/example_short_circuit_operator.py took 0.073 seconds
[2022-03-18 17:41:30,129] {processor.py:163} INFO - Started process (PID=48851) to work on /Users/louisekirkham/Documents/linkedin_learning/Ex_Files_Data_Engineering_Foundations/airflow_env/lib/python3.9/site-packages/airflow/example_dags/example_short_circuit_operator.py
[2022-03-18 17:41:30,130] {processor.py:642} INFO - Processing file /Users/louisekirkham/Documents/linkedin_learning/Ex_Files_Data_Engineering_Foundations/airflow_env/lib/python3.9/site-packages/airflow/example_dags/example_short_circuit_operator.py for tasks to queue
[2022-03-18 17:41:30,130] {logging_mixin.py:109} INFO - [2022-03-18 17:41:30,130] {dagbag.py:500} INFO - Filling up the DagBag from /Users/louisekirkham/Documents/linkedin_learning/Ex_Files_Data_Engineering_Foundations/airflow_env/lib/python3.9/site-packages/airflow/example_dags/example_short_circuit_operator.py
[2022-03-18 17:41:30,170] {processor.py:654} INFO - DAG(s) dict_keys(['example_short_circuit_operator']) retrieved from /Users/louisekirkham/Documents/linkedin_learning/Ex_Files_Data_Engineering_Foundations/airflow_env/lib/python3.9/site-packages/airflow/example_dags/example_short_circuit_operator.py
[2022-03-18 17:41:30,185] {logging_mixin.py:109} INFO - [2022-03-18 17:41:30,185] {dag.py:2398} INFO - Sync 1 DAGs
[2022-03-18 17:41:30,194] {logging_mixin.py:109} INFO - [2022-03-18 17:41:30,194] {dag.py:2937} INFO - Setting next_dagrun for example_short_circuit_operator to 2022-03-17T17:41:30.194317+00:00
[2022-03-18 17:41:30,202] {processor.py:171} INFO - Processing /Users/louisekirkham/Documents/linkedin_learning/Ex_Files_Data_Engineering_Foundations/airflow_env/lib/python3.9/site-packages/airflow/example_dags/example_short_circuit_operator.py took 0.073 seconds
[2022-03-18 17:42:54,781] {processor.py:163} INFO - Started process (PID=48934) to work on /Users/louisekirkham/Documents/linkedin_learning/Ex_Files_Data_Engineering_Foundations/airflow_env/lib/python3.9/site-packages/airflow/example_dags/example_short_circuit_operator.py
[2022-03-18 17:42:54,781] {processor.py:642} INFO - Processing file /Users/louisekirkham/Documents/linkedin_learning/Ex_Files_Data_Engineering_Foundations/airflow_env/lib/python3.9/site-packages/airflow/example_dags/example_short_circuit_operator.py for tasks to queue
[2022-03-18 17:42:54,782] {logging_mixin.py:109} INFO - [2022-03-18 17:42:54,782] {dagbag.py:500} INFO - Filling up the DagBag from /Users/louisekirkham/Documents/linkedin_learning/Ex_Files_Data_Engineering_Foundations/airflow_env/lib/python3.9/site-packages/airflow/example_dags/example_short_circuit_operator.py
[2022-03-18 17:42:54,827] {processor.py:654} INFO - DAG(s) dict_keys(['example_short_circuit_operator']) retrieved from /Users/louisekirkham/Documents/linkedin_learning/Ex_Files_Data_Engineering_Foundations/airflow_env/lib/python3.9/site-packages/airflow/example_dags/example_short_circuit_operator.py
[2022-03-18 17:42:54,845] {logging_mixin.py:109} INFO - [2022-03-18 17:42:54,845] {dag.py:2398} INFO - Sync 1 DAGs
[2022-03-18 17:42:54,852] {logging_mixin.py:109} INFO - [2022-03-18 17:42:54,852] {dag.py:2937} INFO - Setting next_dagrun for example_short_circuit_operator to 2022-03-17T17:42:54.852405+00:00
[2022-03-18 17:42:54,860] {processor.py:171} INFO - Processing /Users/louisekirkham/Documents/linkedin_learning/Ex_Files_Data_Engineering_Foundations/airflow_env/lib/python3.9/site-packages/airflow/example_dags/example_short_circuit_operator.py took 0.080 seconds
[2022-03-18 17:44:15,353] {processor.py:163} INFO - Started process (PID=48994) to work on /Users/louisekirkham/Documents/linkedin_learning/Ex_Files_Data_Engineering_Foundations/airflow_env/lib/python3.9/site-packages/airflow/example_dags/example_short_circuit_operator.py
[2022-03-18 17:44:15,353] {processor.py:642} INFO - Processing file /Users/louisekirkham/Documents/linkedin_learning/Ex_Files_Data_Engineering_Foundations/airflow_env/lib/python3.9/site-packages/airflow/example_dags/example_short_circuit_operator.py for tasks to queue
[2022-03-18 17:44:15,354] {logging_mixin.py:109} INFO - [2022-03-18 17:44:15,353] {dagbag.py:500} INFO - Filling up the DagBag from /Users/louisekirkham/Documents/linkedin_learning/Ex_Files_Data_Engineering_Foundations/airflow_env/lib/python3.9/site-packages/airflow/example_dags/example_short_circuit_operator.py
[2022-03-18 17:44:15,389] {processor.py:654} INFO - DAG(s) dict_keys(['example_short_circuit_operator']) retrieved from /Users/louisekirkham/Documents/linkedin_learning/Ex_Files_Data_Engineering_Foundations/airflow_env/lib/python3.9/site-packages/airflow/example_dags/example_short_circuit_operator.py
[2022-03-18 17:44:15,404] {logging_mixin.py:109} INFO - [2022-03-18 17:44:15,404] {dag.py:2398} INFO - Sync 1 DAGs
[2022-03-18 17:44:15,412] {logging_mixin.py:109} INFO - [2022-03-18 17:44:15,412] {dag.py:2937} INFO - Setting next_dagrun for example_short_circuit_operator to 2022-03-17T17:44:15.412128+00:00
[2022-03-18 17:44:15,419] {processor.py:171} INFO - Processing /Users/louisekirkham/Documents/linkedin_learning/Ex_Files_Data_Engineering_Foundations/airflow_env/lib/python3.9/site-packages/airflow/example_dags/example_short_circuit_operator.py took 0.066 seconds
[2022-03-18 17:45:41,248] {processor.py:163} INFO - Started process (PID=49065) to work on /Users/louisekirkham/Documents/linkedin_learning/Ex_Files_Data_Engineering_Foundations/airflow_env/lib/python3.9/site-packages/airflow/example_dags/example_short_circuit_operator.py
[2022-03-18 17:45:41,248] {processor.py:642} INFO - Processing file /Users/louisekirkham/Documents/linkedin_learning/Ex_Files_Data_Engineering_Foundations/airflow_env/lib/python3.9/site-packages/airflow/example_dags/example_short_circuit_operator.py for tasks to queue
[2022-03-18 17:45:41,248] {logging_mixin.py:109} INFO - [2022-03-18 17:45:41,248] {dagbag.py:500} INFO - Filling up the DagBag from /Users/louisekirkham/Documents/linkedin_learning/Ex_Files_Data_Engineering_Foundations/airflow_env/lib/python3.9/site-packages/airflow/example_dags/example_short_circuit_operator.py
[2022-03-18 17:45:41,287] {processor.py:654} INFO - DAG(s) dict_keys(['example_short_circuit_operator']) retrieved from /Users/louisekirkham/Documents/linkedin_learning/Ex_Files_Data_Engineering_Foundations/airflow_env/lib/python3.9/site-packages/airflow/example_dags/example_short_circuit_operator.py
[2022-03-18 17:45:41,302] {logging_mixin.py:109} INFO - [2022-03-18 17:45:41,302] {dag.py:2398} INFO - Sync 1 DAGs
[2022-03-18 17:45:41,310] {logging_mixin.py:109} INFO - [2022-03-18 17:45:41,310] {dag.py:2937} INFO - Setting next_dagrun for example_short_circuit_operator to 2022-03-17T17:45:41.309909+00:00
[2022-03-18 17:45:41,316] {processor.py:171} INFO - Processing /Users/louisekirkham/Documents/linkedin_learning/Ex_Files_Data_Engineering_Foundations/airflow_env/lib/python3.9/site-packages/airflow/example_dags/example_short_circuit_operator.py took 0.068 seconds
[2022-03-18 17:47:04,077] {processor.py:163} INFO - Started process (PID=49128) to work on /Users/louisekirkham/Documents/linkedin_learning/Ex_Files_Data_Engineering_Foundations/airflow_env/lib/python3.9/site-packages/airflow/example_dags/example_short_circuit_operator.py
[2022-03-18 17:47:04,078] {processor.py:642} INFO - Processing file /Users/louisekirkham/Documents/linkedin_learning/Ex_Files_Data_Engineering_Foundations/airflow_env/lib/python3.9/site-packages/airflow/example_dags/example_short_circuit_operator.py for tasks to queue
[2022-03-18 17:47:04,078] {logging_mixin.py:109} INFO - [2022-03-18 17:47:04,078] {dagbag.py:500} INFO - Filling up the DagBag from /Users/louisekirkham/Documents/linkedin_learning/Ex_Files_Data_Engineering_Foundations/airflow_env/lib/python3.9/site-packages/airflow/example_dags/example_short_circuit_operator.py
[2022-03-18 17:47:04,116] {processor.py:654} INFO - DAG(s) dict_keys(['example_short_circuit_operator']) retrieved from /Users/louisekirkham/Documents/linkedin_learning/Ex_Files_Data_Engineering_Foundations/airflow_env/lib/python3.9/site-packages/airflow/example_dags/example_short_circuit_operator.py
[2022-03-18 17:47:04,132] {logging_mixin.py:109} INFO - [2022-03-18 17:47:04,132] {dag.py:2398} INFO - Sync 1 DAGs
[2022-03-18 17:47:04,141] {logging_mixin.py:109} INFO - [2022-03-18 17:47:04,141] {dag.py:2937} INFO - Setting next_dagrun for example_short_circuit_operator to 2022-03-17T17:47:04.140895+00:00
[2022-03-18 17:47:04,148] {processor.py:171} INFO - Processing /Users/louisekirkham/Documents/linkedin_learning/Ex_Files_Data_Engineering_Foundations/airflow_env/lib/python3.9/site-packages/airflow/example_dags/example_short_circuit_operator.py took 0.072 seconds
[2022-03-18 17:48:28,566] {processor.py:163} INFO - Started process (PID=50183) to work on /Users/louisekirkham/Documents/linkedin_learning/Ex_Files_Data_Engineering_Foundations/airflow_env/lib/python3.9/site-packages/airflow/example_dags/example_short_circuit_operator.py
[2022-03-18 17:48:28,567] {processor.py:642} INFO - Processing file /Users/louisekirkham/Documents/linkedin_learning/Ex_Files_Data_Engineering_Foundations/airflow_env/lib/python3.9/site-packages/airflow/example_dags/example_short_circuit_operator.py for tasks to queue
[2022-03-18 17:48:28,567] {logging_mixin.py:109} INFO - [2022-03-18 17:48:28,567] {dagbag.py:500} INFO - Filling up the DagBag from /Users/louisekirkham/Documents/linkedin_learning/Ex_Files_Data_Engineering_Foundations/airflow_env/lib/python3.9/site-packages/airflow/example_dags/example_short_circuit_operator.py
[2022-03-18 17:48:28,607] {processor.py:654} INFO - DAG(s) dict_keys(['example_short_circuit_operator']) retrieved from /Users/louisekirkham/Documents/linkedin_learning/Ex_Files_Data_Engineering_Foundations/airflow_env/lib/python3.9/site-packages/airflow/example_dags/example_short_circuit_operator.py
[2022-03-18 17:48:28,622] {logging_mixin.py:109} INFO - [2022-03-18 17:48:28,622] {dag.py:2398} INFO - Sync 1 DAGs
[2022-03-18 17:48:28,630] {logging_mixin.py:109} INFO - [2022-03-18 17:48:28,630] {dag.py:2937} INFO - Setting next_dagrun for example_short_circuit_operator to 2022-03-17T17:48:28.630351+00:00
[2022-03-18 17:48:28,638] {processor.py:171} INFO - Processing /Users/louisekirkham/Documents/linkedin_learning/Ex_Files_Data_Engineering_Foundations/airflow_env/lib/python3.9/site-packages/airflow/example_dags/example_short_circuit_operator.py took 0.072 seconds
[2022-03-18 17:49:53,031] {processor.py:163} INFO - Started process (PID=50954) to work on /Users/louisekirkham/Documents/linkedin_learning/Ex_Files_Data_Engineering_Foundations/airflow_env/lib/python3.9/site-packages/airflow/example_dags/example_short_circuit_operator.py
[2022-03-18 17:49:53,032] {processor.py:642} INFO - Processing file /Users/louisekirkham/Documents/linkedin_learning/Ex_Files_Data_Engineering_Foundations/airflow_env/lib/python3.9/site-packages/airflow/example_dags/example_short_circuit_operator.py for tasks to queue
[2022-03-18 17:49:53,032] {logging_mixin.py:109} INFO - [2022-03-18 17:49:53,032] {dagbag.py:500} INFO - Filling up the DagBag from /Users/louisekirkham/Documents/linkedin_learning/Ex_Files_Data_Engineering_Foundations/airflow_env/lib/python3.9/site-packages/airflow/example_dags/example_short_circuit_operator.py
[2022-03-18 17:49:53,073] {processor.py:654} INFO - DAG(s) dict_keys(['example_short_circuit_operator']) retrieved from /Users/louisekirkham/Documents/linkedin_learning/Ex_Files_Data_Engineering_Foundations/airflow_env/lib/python3.9/site-packages/airflow/example_dags/example_short_circuit_operator.py
[2022-03-18 17:49:53,089] {logging_mixin.py:109} INFO - [2022-03-18 17:49:53,089] {dag.py:2398} INFO - Sync 1 DAGs
[2022-03-18 17:49:53,098] {logging_mixin.py:109} INFO - [2022-03-18 17:49:53,098] {dag.py:2937} INFO - Setting next_dagrun for example_short_circuit_operator to 2022-03-17T17:49:53.098766+00:00
[2022-03-18 17:49:53,106] {processor.py:171} INFO - Processing /Users/louisekirkham/Documents/linkedin_learning/Ex_Files_Data_Engineering_Foundations/airflow_env/lib/python3.9/site-packages/airflow/example_dags/example_short_circuit_operator.py took 0.075 seconds
[2022-03-18 17:51:19,269] {processor.py:163} INFO - Started process (PID=51036) to work on /Users/louisekirkham/Documents/linkedin_learning/Ex_Files_Data_Engineering_Foundations/airflow_env/lib/python3.9/site-packages/airflow/example_dags/example_short_circuit_operator.py
[2022-03-18 17:51:19,269] {processor.py:642} INFO - Processing file /Users/louisekirkham/Documents/linkedin_learning/Ex_Files_Data_Engineering_Foundations/airflow_env/lib/python3.9/site-packages/airflow/example_dags/example_short_circuit_operator.py for tasks to queue
[2022-03-18 17:51:19,270] {logging_mixin.py:109} INFO - [2022-03-18 17:51:19,270] {dagbag.py:500} INFO - Filling up the DagBag from /Users/louisekirkham/Documents/linkedin_learning/Ex_Files_Data_Engineering_Foundations/airflow_env/lib/python3.9/site-packages/airflow/example_dags/example_short_circuit_operator.py
[2022-03-18 17:51:19,314] {processor.py:654} INFO - DAG(s) dict_keys(['example_short_circuit_operator']) retrieved from /Users/louisekirkham/Documents/linkedin_learning/Ex_Files_Data_Engineering_Foundations/airflow_env/lib/python3.9/site-packages/airflow/example_dags/example_short_circuit_operator.py
[2022-03-18 17:51:19,331] {logging_mixin.py:109} INFO - [2022-03-18 17:51:19,331] {dag.py:2398} INFO - Sync 1 DAGs
[2022-03-18 17:51:19,339] {logging_mixin.py:109} INFO - [2022-03-18 17:51:19,339] {dag.py:2937} INFO - Setting next_dagrun for example_short_circuit_operator to 2022-03-17T17:51:19.339683+00:00
[2022-03-18 17:51:19,347] {processor.py:171} INFO - Processing /Users/louisekirkham/Documents/linkedin_learning/Ex_Files_Data_Engineering_Foundations/airflow_env/lib/python3.9/site-packages/airflow/example_dags/example_short_circuit_operator.py took 0.079 seconds
[2022-03-18 17:52:42,838] {processor.py:163} INFO - Started process (PID=51100) to work on /Users/louisekirkham/Documents/linkedin_learning/Ex_Files_Data_Engineering_Foundations/airflow_env/lib/python3.9/site-packages/airflow/example_dags/example_short_circuit_operator.py
[2022-03-18 17:52:42,838] {processor.py:642} INFO - Processing file /Users/louisekirkham/Documents/linkedin_learning/Ex_Files_Data_Engineering_Foundations/airflow_env/lib/python3.9/site-packages/airflow/example_dags/example_short_circuit_operator.py for tasks to queue
[2022-03-18 17:52:42,839] {logging_mixin.py:109} INFO - [2022-03-18 17:52:42,839] {dagbag.py:500} INFO - Filling up the DagBag from /Users/louisekirkham/Documents/linkedin_learning/Ex_Files_Data_Engineering_Foundations/airflow_env/lib/python3.9/site-packages/airflow/example_dags/example_short_circuit_operator.py
[2022-03-18 17:52:42,875] {processor.py:654} INFO - DAG(s) dict_keys(['example_short_circuit_operator']) retrieved from /Users/louisekirkham/Documents/linkedin_learning/Ex_Files_Data_Engineering_Foundations/airflow_env/lib/python3.9/site-packages/airflow/example_dags/example_short_circuit_operator.py
[2022-03-18 17:52:42,892] {logging_mixin.py:109} INFO - [2022-03-18 17:52:42,892] {dag.py:2398} INFO - Sync 1 DAGs
[2022-03-18 17:52:42,903] {logging_mixin.py:109} INFO - [2022-03-18 17:52:42,903] {dag.py:2937} INFO - Setting next_dagrun for example_short_circuit_operator to 2022-03-17T17:52:42.903211+00:00
[2022-03-18 17:52:42,911] {processor.py:171} INFO - Processing /Users/louisekirkham/Documents/linkedin_learning/Ex_Files_Data_Engineering_Foundations/airflow_env/lib/python3.9/site-packages/airflow/example_dags/example_short_circuit_operator.py took 0.073 seconds
[2022-03-18 17:54:04,914] {processor.py:163} INFO - Started process (PID=51163) to work on /Users/louisekirkham/Documents/linkedin_learning/Ex_Files_Data_Engineering_Foundations/airflow_env/lib/python3.9/site-packages/airflow/example_dags/example_short_circuit_operator.py
[2022-03-18 17:54:04,914] {processor.py:642} INFO - Processing file /Users/louisekirkham/Documents/linkedin_learning/Ex_Files_Data_Engineering_Foundations/airflow_env/lib/python3.9/site-packages/airflow/example_dags/example_short_circuit_operator.py for tasks to queue
[2022-03-18 17:54:04,915] {logging_mixin.py:109} INFO - [2022-03-18 17:54:04,914] {dagbag.py:500} INFO - Filling up the DagBag from /Users/louisekirkham/Documents/linkedin_learning/Ex_Files_Data_Engineering_Foundations/airflow_env/lib/python3.9/site-packages/airflow/example_dags/example_short_circuit_operator.py
[2022-03-18 17:54:04,966] {processor.py:654} INFO - DAG(s) dict_keys(['example_short_circuit_operator']) retrieved from /Users/louisekirkham/Documents/linkedin_learning/Ex_Files_Data_Engineering_Foundations/airflow_env/lib/python3.9/site-packages/airflow/example_dags/example_short_circuit_operator.py
[2022-03-18 17:54:04,982] {logging_mixin.py:109} INFO - [2022-03-18 17:54:04,982] {dag.py:2398} INFO - Sync 1 DAGs
[2022-03-18 17:54:04,992] {logging_mixin.py:109} INFO - [2022-03-18 17:54:04,992] {dag.py:2937} INFO - Setting next_dagrun for example_short_circuit_operator to 2022-03-17T17:54:04.992200+00:00
[2022-03-18 17:54:05,006] {processor.py:171} INFO - Processing /Users/louisekirkham/Documents/linkedin_learning/Ex_Files_Data_Engineering_Foundations/airflow_env/lib/python3.9/site-packages/airflow/example_dags/example_short_circuit_operator.py took 0.093 seconds
[2022-03-18 17:55:27,371] {processor.py:163} INFO - Started process (PID=51234) to work on /Users/louisekirkham/Documents/linkedin_learning/Ex_Files_Data_Engineering_Foundations/airflow_env/lib/python3.9/site-packages/airflow/example_dags/example_short_circuit_operator.py
[2022-03-18 17:55:27,373] {processor.py:642} INFO - Processing file /Users/louisekirkham/Documents/linkedin_learning/Ex_Files_Data_Engineering_Foundations/airflow_env/lib/python3.9/site-packages/airflow/example_dags/example_short_circuit_operator.py for tasks to queue
[2022-03-18 17:55:27,374] {logging_mixin.py:109} INFO - [2022-03-18 17:55:27,374] {dagbag.py:500} INFO - Filling up the DagBag from /Users/louisekirkham/Documents/linkedin_learning/Ex_Files_Data_Engineering_Foundations/airflow_env/lib/python3.9/site-packages/airflow/example_dags/example_short_circuit_operator.py
[2022-03-18 17:55:27,417] {processor.py:654} INFO - DAG(s) dict_keys(['example_short_circuit_operator']) retrieved from /Users/louisekirkham/Documents/linkedin_learning/Ex_Files_Data_Engineering_Foundations/airflow_env/lib/python3.9/site-packages/airflow/example_dags/example_short_circuit_operator.py
[2022-03-18 17:55:27,433] {logging_mixin.py:109} INFO - [2022-03-18 17:55:27,433] {dag.py:2398} INFO - Sync 1 DAGs
[2022-03-18 17:55:27,440] {logging_mixin.py:109} INFO - [2022-03-18 17:55:27,440] {dag.py:2937} INFO - Setting next_dagrun for example_short_circuit_operator to 2022-03-17T17:55:27.440396+00:00
[2022-03-18 17:55:27,448] {processor.py:171} INFO - Processing /Users/louisekirkham/Documents/linkedin_learning/Ex_Files_Data_Engineering_Foundations/airflow_env/lib/python3.9/site-packages/airflow/example_dags/example_short_circuit_operator.py took 0.077 seconds
[2022-03-18 17:56:53,657] {processor.py:163} INFO - Started process (PID=51298) to work on /Users/louisekirkham/Documents/linkedin_learning/Ex_Files_Data_Engineering_Foundations/airflow_env/lib/python3.9/site-packages/airflow/example_dags/example_short_circuit_operator.py
[2022-03-18 17:56:53,658] {processor.py:642} INFO - Processing file /Users/louisekirkham/Documents/linkedin_learning/Ex_Files_Data_Engineering_Foundations/airflow_env/lib/python3.9/site-packages/airflow/example_dags/example_short_circuit_operator.py for tasks to queue
[2022-03-18 17:56:53,658] {logging_mixin.py:109} INFO - [2022-03-18 17:56:53,658] {dagbag.py:500} INFO - Filling up the DagBag from /Users/louisekirkham/Documents/linkedin_learning/Ex_Files_Data_Engineering_Foundations/airflow_env/lib/python3.9/site-packages/airflow/example_dags/example_short_circuit_operator.py
[2022-03-18 17:56:53,700] {processor.py:654} INFO - DAG(s) dict_keys(['example_short_circuit_operator']) retrieved from /Users/louisekirkham/Documents/linkedin_learning/Ex_Files_Data_Engineering_Foundations/airflow_env/lib/python3.9/site-packages/airflow/example_dags/example_short_circuit_operator.py
[2022-03-18 17:56:53,715] {logging_mixin.py:109} INFO - [2022-03-18 17:56:53,715] {dag.py:2398} INFO - Sync 1 DAGs
[2022-03-18 17:56:53,724] {logging_mixin.py:109} INFO - [2022-03-18 17:56:53,724] {dag.py:2937} INFO - Setting next_dagrun for example_short_circuit_operator to 2022-03-17T17:56:53.724487+00:00
[2022-03-18 17:56:53,732] {processor.py:171} INFO - Processing /Users/louisekirkham/Documents/linkedin_learning/Ex_Files_Data_Engineering_Foundations/airflow_env/lib/python3.9/site-packages/airflow/example_dags/example_short_circuit_operator.py took 0.075 seconds
[2022-03-18 17:58:22,519] {processor.py:163} INFO - Started process (PID=51395) to work on /Users/louisekirkham/Documents/linkedin_learning/Ex_Files_Data_Engineering_Foundations/airflow_env/lib/python3.9/site-packages/airflow/example_dags/example_short_circuit_operator.py
[2022-03-18 17:58:22,521] {processor.py:642} INFO - Processing file /Users/louisekirkham/Documents/linkedin_learning/Ex_Files_Data_Engineering_Foundations/airflow_env/lib/python3.9/site-packages/airflow/example_dags/example_short_circuit_operator.py for tasks to queue
[2022-03-18 17:58:22,521] {logging_mixin.py:109} INFO - [2022-03-18 17:58:22,521] {dagbag.py:500} INFO - Filling up the DagBag from /Users/louisekirkham/Documents/linkedin_learning/Ex_Files_Data_Engineering_Foundations/airflow_env/lib/python3.9/site-packages/airflow/example_dags/example_short_circuit_operator.py
[2022-03-18 17:58:22,556] {processor.py:654} INFO - DAG(s) dict_keys(['example_short_circuit_operator']) retrieved from /Users/louisekirkham/Documents/linkedin_learning/Ex_Files_Data_Engineering_Foundations/airflow_env/lib/python3.9/site-packages/airflow/example_dags/example_short_circuit_operator.py
[2022-03-18 17:58:22,570] {logging_mixin.py:109} INFO - [2022-03-18 17:58:22,570] {dag.py:2398} INFO - Sync 1 DAGs
[2022-03-18 17:58:22,577] {logging_mixin.py:109} INFO - [2022-03-18 17:58:22,577] {dag.py:2937} INFO - Setting next_dagrun for example_short_circuit_operator to 2022-03-17T17:58:22.577254+00:00
[2022-03-18 17:58:22,583] {processor.py:171} INFO - Processing /Users/louisekirkham/Documents/linkedin_learning/Ex_Files_Data_Engineering_Foundations/airflow_env/lib/python3.9/site-packages/airflow/example_dags/example_short_circuit_operator.py took 0.065 seconds
[2022-03-18 17:59:54,893] {processor.py:163} INFO - Started process (PID=51528) to work on /Users/louisekirkham/Documents/linkedin_learning/Ex_Files_Data_Engineering_Foundations/airflow_env/lib/python3.9/site-packages/airflow/example_dags/example_short_circuit_operator.py
[2022-03-18 17:59:54,894] {processor.py:642} INFO - Processing file /Users/louisekirkham/Documents/linkedin_learning/Ex_Files_Data_Engineering_Foundations/airflow_env/lib/python3.9/site-packages/airflow/example_dags/example_short_circuit_operator.py for tasks to queue
[2022-03-18 17:59:54,894] {logging_mixin.py:109} INFO - [2022-03-18 17:59:54,894] {dagbag.py:500} INFO - Filling up the DagBag from /Users/louisekirkham/Documents/linkedin_learning/Ex_Files_Data_Engineering_Foundations/airflow_env/lib/python3.9/site-packages/airflow/example_dags/example_short_circuit_operator.py
[2022-03-18 17:59:54,927] {processor.py:654} INFO - DAG(s) dict_keys(['example_short_circuit_operator']) retrieved from /Users/louisekirkham/Documents/linkedin_learning/Ex_Files_Data_Engineering_Foundations/airflow_env/lib/python3.9/site-packages/airflow/example_dags/example_short_circuit_operator.py
[2022-03-18 17:59:54,940] {logging_mixin.py:109} INFO - [2022-03-18 17:59:54,940] {dag.py:2398} INFO - Sync 1 DAGs
[2022-03-18 17:59:54,947] {logging_mixin.py:109} INFO - [2022-03-18 17:59:54,947] {dag.py:2937} INFO - Setting next_dagrun for example_short_circuit_operator to 2022-03-17T17:59:54.946940+00:00
[2022-03-18 17:59:54,954] {processor.py:171} INFO - Processing /Users/louisekirkham/Documents/linkedin_learning/Ex_Files_Data_Engineering_Foundations/airflow_env/lib/python3.9/site-packages/airflow/example_dags/example_short_circuit_operator.py took 0.061 seconds
[2022-03-18 21:01:48,187] {processor.py:163} INFO - Started process (PID=51654) to work on /Users/louisekirkham/Documents/linkedin_learning/Ex_Files_Data_Engineering_Foundations/airflow_env/lib/python3.9/site-packages/airflow/example_dags/example_short_circuit_operator.py
[2022-03-18 21:01:48,188] {processor.py:642} INFO - Processing file /Users/louisekirkham/Documents/linkedin_learning/Ex_Files_Data_Engineering_Foundations/airflow_env/lib/python3.9/site-packages/airflow/example_dags/example_short_circuit_operator.py for tasks to queue
[2022-03-18 21:01:48,188] {logging_mixin.py:109} INFO - [2022-03-18 21:01:48,188] {dagbag.py:500} INFO - Filling up the DagBag from /Users/louisekirkham/Documents/linkedin_learning/Ex_Files_Data_Engineering_Foundations/airflow_env/lib/python3.9/site-packages/airflow/example_dags/example_short_circuit_operator.py
[2022-03-18 21:01:48,223] {processor.py:654} INFO - DAG(s) dict_keys(['example_short_circuit_operator']) retrieved from /Users/louisekirkham/Documents/linkedin_learning/Ex_Files_Data_Engineering_Foundations/airflow_env/lib/python3.9/site-packages/airflow/example_dags/example_short_circuit_operator.py
[2022-03-18 21:01:48,236] {logging_mixin.py:109} INFO - [2022-03-18 21:01:48,236] {dag.py:2398} INFO - Sync 1 DAGs
[2022-03-18 21:01:48,243] {logging_mixin.py:109} INFO - [2022-03-18 21:01:48,243] {dag.py:2937} INFO - Setting next_dagrun for example_short_circuit_operator to 2022-03-17T21:01:48.243374+00:00
[2022-03-18 21:01:48,250] {processor.py:171} INFO - Processing /Users/louisekirkham/Documents/linkedin_learning/Ex_Files_Data_Engineering_Foundations/airflow_env/lib/python3.9/site-packages/airflow/example_dags/example_short_circuit_operator.py took 0.064 seconds
