[2022-03-18 05:12:45,025] {processor.py:163} INFO - Started process (PID=46205) to work on /Users/louisekirkham/Documents/linkedin_learning/Ex_Files_Data_Engineering_Foundations/airflow_env/lib/python3.9/site-packages/airflow/example_dags/example_branch_labels.py
[2022-03-18 05:12:45,025] {processor.py:642} INFO - Processing file /Users/louisekirkham/Documents/linkedin_learning/Ex_Files_Data_Engineering_Foundations/airflow_env/lib/python3.9/site-packages/airflow/example_dags/example_branch_labels.py for tasks to queue
[2022-03-18 05:12:45,025] {logging_mixin.py:109} INFO - [2022-03-18 05:12:45,025] {dagbag.py:500} INFO - Filling up the DagBag from /Users/louisekirkham/Documents/linkedin_learning/Ex_Files_Data_Engineering_Foundations/airflow_env/lib/python3.9/site-packages/airflow/example_dags/example_branch_labels.py
[2022-03-18 05:12:45,058] {processor.py:654} INFO - DAG(s) dict_keys(['example_branch_labels']) retrieved from /Users/louisekirkham/Documents/linkedin_learning/Ex_Files_Data_Engineering_Foundations/airflow_env/lib/python3.9/site-packages/airflow/example_dags/example_branch_labels.py
[2022-03-18 05:12:45,074] {logging_mixin.py:109} INFO - [2022-03-18 05:12:45,074] {dag.py:2398} INFO - Sync 1 DAGs
[2022-03-18 05:12:45,083] {logging_mixin.py:109} INFO - [2022-03-18 05:12:45,083] {dag.py:2937} INFO - Setting next_dagrun for example_branch_labels to 2022-03-17 00:00:00+00:00
[2022-03-18 05:12:45,089] {processor.py:171} INFO - Processing /Users/louisekirkham/Documents/linkedin_learning/Ex_Files_Data_Engineering_Foundations/airflow_env/lib/python3.9/site-packages/airflow/example_dags/example_branch_labels.py took 0.066 seconds
[2022-03-18 10:38:28,917] {processor.py:163} INFO - Started process (PID=46485) to work on /Users/louisekirkham/Documents/linkedin_learning/Ex_Files_Data_Engineering_Foundations/airflow_env/lib/python3.9/site-packages/airflow/example_dags/example_branch_labels.py
[2022-03-18 10:38:28,918] {processor.py:642} INFO - Processing file /Users/louisekirkham/Documents/linkedin_learning/Ex_Files_Data_Engineering_Foundations/airflow_env/lib/python3.9/site-packages/airflow/example_dags/example_branch_labels.py for tasks to queue
[2022-03-18 10:38:28,918] {logging_mixin.py:109} INFO - [2022-03-18 10:38:28,918] {dagbag.py:500} INFO - Filling up the DagBag from /Users/louisekirkham/Documents/linkedin_learning/Ex_Files_Data_Engineering_Foundations/airflow_env/lib/python3.9/site-packages/airflow/example_dags/example_branch_labels.py
[2022-03-18 10:38:28,951] {processor.py:654} INFO - DAG(s) dict_keys(['example_branch_labels']) retrieved from /Users/louisekirkham/Documents/linkedin_learning/Ex_Files_Data_Engineering_Foundations/airflow_env/lib/python3.9/site-packages/airflow/example_dags/example_branch_labels.py
[2022-03-18 10:38:28,968] {logging_mixin.py:109} INFO - [2022-03-18 10:38:28,968] {dag.py:2398} INFO - Sync 1 DAGs
[2022-03-18 10:38:28,979] {logging_mixin.py:109} INFO - [2022-03-18 10:38:28,979] {dag.py:2937} INFO - Setting next_dagrun for example_branch_labels to 2022-03-17 00:00:00+00:00
[2022-03-18 10:38:28,986] {processor.py:171} INFO - Processing /Users/louisekirkham/Documents/linkedin_learning/Ex_Files_Data_Engineering_Foundations/airflow_env/lib/python3.9/site-packages/airflow/example_dags/example_branch_labels.py took 0.069 seconds
[2022-03-18 10:39:52,118] {processor.py:163} INFO - Started process (PID=46553) to work on /Users/louisekirkham/Documents/linkedin_learning/Ex_Files_Data_Engineering_Foundations/airflow_env/lib/python3.9/site-packages/airflow/example_dags/example_branch_labels.py
[2022-03-18 10:39:52,119] {processor.py:642} INFO - Processing file /Users/louisekirkham/Documents/linkedin_learning/Ex_Files_Data_Engineering_Foundations/airflow_env/lib/python3.9/site-packages/airflow/example_dags/example_branch_labels.py for tasks to queue
[2022-03-18 10:39:52,119] {logging_mixin.py:109} INFO - [2022-03-18 10:39:52,119] {dagbag.py:500} INFO - Filling up the DagBag from /Users/louisekirkham/Documents/linkedin_learning/Ex_Files_Data_Engineering_Foundations/airflow_env/lib/python3.9/site-packages/airflow/example_dags/example_branch_labels.py
[2022-03-18 10:39:52,147] {processor.py:654} INFO - DAG(s) dict_keys(['example_branch_labels']) retrieved from /Users/louisekirkham/Documents/linkedin_learning/Ex_Files_Data_Engineering_Foundations/airflow_env/lib/python3.9/site-packages/airflow/example_dags/example_branch_labels.py
[2022-03-18 10:39:52,162] {logging_mixin.py:109} INFO - [2022-03-18 10:39:52,161] {dag.py:2398} INFO - Sync 1 DAGs
[2022-03-18 10:39:52,169] {logging_mixin.py:109} INFO - [2022-03-18 10:39:52,169] {dag.py:2937} INFO - Setting next_dagrun for example_branch_labels to 2022-03-17 00:00:00+00:00
[2022-03-18 10:39:52,175] {processor.py:171} INFO - Processing /Users/louisekirkham/Documents/linkedin_learning/Ex_Files_Data_Engineering_Foundations/airflow_env/lib/python3.9/site-packages/airflow/example_dags/example_branch_labels.py took 0.057 seconds
[2022-03-18 17:06:47,905] {processor.py:163} INFO - Started process (PID=46763) to work on /Users/louisekirkham/Documents/linkedin_learning/Ex_Files_Data_Engineering_Foundations/airflow_env/lib/python3.9/site-packages/airflow/example_dags/example_branch_labels.py
[2022-03-18 17:06:47,906] {processor.py:642} INFO - Processing file /Users/louisekirkham/Documents/linkedin_learning/Ex_Files_Data_Engineering_Foundations/airflow_env/lib/python3.9/site-packages/airflow/example_dags/example_branch_labels.py for tasks to queue
[2022-03-18 17:06:47,906] {logging_mixin.py:109} INFO - [2022-03-18 17:06:47,906] {dagbag.py:500} INFO - Filling up the DagBag from /Users/louisekirkham/Documents/linkedin_learning/Ex_Files_Data_Engineering_Foundations/airflow_env/lib/python3.9/site-packages/airflow/example_dags/example_branch_labels.py
[2022-03-18 17:06:47,934] {processor.py:654} INFO - DAG(s) dict_keys(['example_branch_labels']) retrieved from /Users/louisekirkham/Documents/linkedin_learning/Ex_Files_Data_Engineering_Foundations/airflow_env/lib/python3.9/site-packages/airflow/example_dags/example_branch_labels.py
[2022-03-18 17:06:47,948] {logging_mixin.py:109} INFO - [2022-03-18 17:06:47,948] {dag.py:2398} INFO - Sync 1 DAGs
[2022-03-18 17:06:47,957] {logging_mixin.py:109} INFO - [2022-03-18 17:06:47,957] {dag.py:2937} INFO - Setting next_dagrun for example_branch_labels to 2022-03-17 00:00:00+00:00
[2022-03-18 17:06:47,962] {processor.py:171} INFO - Processing /Users/louisekirkham/Documents/linkedin_learning/Ex_Files_Data_Engineering_Foundations/airflow_env/lib/python3.9/site-packages/airflow/example_dags/example_branch_labels.py took 0.057 seconds
[2022-03-18 17:08:14,379] {processor.py:163} INFO - Started process (PID=46836) to work on /Users/louisekirkham/Documents/linkedin_learning/Ex_Files_Data_Engineering_Foundations/airflow_env/lib/python3.9/site-packages/airflow/example_dags/example_branch_labels.py
[2022-03-18 17:08:14,379] {processor.py:642} INFO - Processing file /Users/louisekirkham/Documents/linkedin_learning/Ex_Files_Data_Engineering_Foundations/airflow_env/lib/python3.9/site-packages/airflow/example_dags/example_branch_labels.py for tasks to queue
[2022-03-18 17:08:14,380] {logging_mixin.py:109} INFO - [2022-03-18 17:08:14,380] {dagbag.py:500} INFO - Filling up the DagBag from /Users/louisekirkham/Documents/linkedin_learning/Ex_Files_Data_Engineering_Foundations/airflow_env/lib/python3.9/site-packages/airflow/example_dags/example_branch_labels.py
[2022-03-18 17:08:14,411] {processor.py:654} INFO - DAG(s) dict_keys(['example_branch_labels']) retrieved from /Users/louisekirkham/Documents/linkedin_learning/Ex_Files_Data_Engineering_Foundations/airflow_env/lib/python3.9/site-packages/airflow/example_dags/example_branch_labels.py
[2022-03-18 17:08:14,426] {logging_mixin.py:109} INFO - [2022-03-18 17:08:14,426] {dag.py:2398} INFO - Sync 1 DAGs
[2022-03-18 17:08:14,437] {logging_mixin.py:109} INFO - [2022-03-18 17:08:14,437] {dag.py:2937} INFO - Setting next_dagrun for example_branch_labels to 2022-03-17 00:00:00+00:00
[2022-03-18 17:08:14,443] {processor.py:171} INFO - Processing /Users/louisekirkham/Documents/linkedin_learning/Ex_Files_Data_Engineering_Foundations/airflow_env/lib/python3.9/site-packages/airflow/example_dags/example_branch_labels.py took 0.065 seconds
[2022-03-18 17:09:42,532] {processor.py:163} INFO - Started process (PID=46906) to work on /Users/louisekirkham/Documents/linkedin_learning/Ex_Files_Data_Engineering_Foundations/airflow_env/lib/python3.9/site-packages/airflow/example_dags/example_branch_labels.py
[2022-03-18 17:09:42,533] {processor.py:642} INFO - Processing file /Users/louisekirkham/Documents/linkedin_learning/Ex_Files_Data_Engineering_Foundations/airflow_env/lib/python3.9/site-packages/airflow/example_dags/example_branch_labels.py for tasks to queue
[2022-03-18 17:09:42,533] {logging_mixin.py:109} INFO - [2022-03-18 17:09:42,533] {dagbag.py:500} INFO - Filling up the DagBag from /Users/louisekirkham/Documents/linkedin_learning/Ex_Files_Data_Engineering_Foundations/airflow_env/lib/python3.9/site-packages/airflow/example_dags/example_branch_labels.py
[2022-03-18 17:09:42,562] {processor.py:654} INFO - DAG(s) dict_keys(['example_branch_labels']) retrieved from /Users/louisekirkham/Documents/linkedin_learning/Ex_Files_Data_Engineering_Foundations/airflow_env/lib/python3.9/site-packages/airflow/example_dags/example_branch_labels.py
[2022-03-18 17:09:42,576] {logging_mixin.py:109} INFO - [2022-03-18 17:09:42,576] {dag.py:2398} INFO - Sync 1 DAGs
[2022-03-18 17:09:42,586] {logging_mixin.py:109} INFO - [2022-03-18 17:09:42,586] {dag.py:2937} INFO - Setting next_dagrun for example_branch_labels to 2022-03-17 00:00:00+00:00
[2022-03-18 17:09:42,592] {processor.py:171} INFO - Processing /Users/louisekirkham/Documents/linkedin_learning/Ex_Files_Data_Engineering_Foundations/airflow_env/lib/python3.9/site-packages/airflow/example_dags/example_branch_labels.py took 0.061 seconds
[2022-03-18 17:11:20,746] {processor.py:163} INFO - Started process (PID=46988) to work on /Users/louisekirkham/Documents/linkedin_learning/Ex_Files_Data_Engineering_Foundations/airflow_env/lib/python3.9/site-packages/airflow/example_dags/example_branch_labels.py
[2022-03-18 17:11:20,747] {processor.py:642} INFO - Processing file /Users/louisekirkham/Documents/linkedin_learning/Ex_Files_Data_Engineering_Foundations/airflow_env/lib/python3.9/site-packages/airflow/example_dags/example_branch_labels.py for tasks to queue
[2022-03-18 17:11:20,748] {logging_mixin.py:109} INFO - [2022-03-18 17:11:20,747] {dagbag.py:500} INFO - Filling up the DagBag from /Users/louisekirkham/Documents/linkedin_learning/Ex_Files_Data_Engineering_Foundations/airflow_env/lib/python3.9/site-packages/airflow/example_dags/example_branch_labels.py
[2022-03-18 17:11:20,777] {processor.py:654} INFO - DAG(s) dict_keys(['example_branch_labels']) retrieved from /Users/louisekirkham/Documents/linkedin_learning/Ex_Files_Data_Engineering_Foundations/airflow_env/lib/python3.9/site-packages/airflow/example_dags/example_branch_labels.py
[2022-03-18 17:11:20,790] {logging_mixin.py:109} INFO - [2022-03-18 17:11:20,790] {dag.py:2398} INFO - Sync 1 DAGs
[2022-03-18 17:11:20,798] {logging_mixin.py:109} INFO - [2022-03-18 17:11:20,798] {dag.py:2937} INFO - Setting next_dagrun for example_branch_labels to 2022-03-17 00:00:00+00:00
[2022-03-18 17:11:20,805] {processor.py:171} INFO - Processing /Users/louisekirkham/Documents/linkedin_learning/Ex_Files_Data_Engineering_Foundations/airflow_env/lib/python3.9/site-packages/airflow/example_dags/example_branch_labels.py took 0.060 seconds
[2022-03-18 17:12:45,685] {processor.py:163} INFO - Started process (PID=47057) to work on /Users/louisekirkham/Documents/linkedin_learning/Ex_Files_Data_Engineering_Foundations/airflow_env/lib/python3.9/site-packages/airflow/example_dags/example_branch_labels.py
[2022-03-18 17:12:45,687] {processor.py:642} INFO - Processing file /Users/louisekirkham/Documents/linkedin_learning/Ex_Files_Data_Engineering_Foundations/airflow_env/lib/python3.9/site-packages/airflow/example_dags/example_branch_labels.py for tasks to queue
[2022-03-18 17:12:45,687] {logging_mixin.py:109} INFO - [2022-03-18 17:12:45,687] {dagbag.py:500} INFO - Filling up the DagBag from /Users/louisekirkham/Documents/linkedin_learning/Ex_Files_Data_Engineering_Foundations/airflow_env/lib/python3.9/site-packages/airflow/example_dags/example_branch_labels.py
[2022-03-18 17:12:45,714] {processor.py:654} INFO - DAG(s) dict_keys(['example_branch_labels']) retrieved from /Users/louisekirkham/Documents/linkedin_learning/Ex_Files_Data_Engineering_Foundations/airflow_env/lib/python3.9/site-packages/airflow/example_dags/example_branch_labels.py
[2022-03-18 17:12:45,728] {logging_mixin.py:109} INFO - [2022-03-18 17:12:45,728] {dag.py:2398} INFO - Sync 1 DAGs
[2022-03-18 17:12:45,736] {logging_mixin.py:109} INFO - [2022-03-18 17:12:45,736] {dag.py:2937} INFO - Setting next_dagrun for example_branch_labels to 2022-03-17 00:00:00+00:00
[2022-03-18 17:12:45,743] {processor.py:171} INFO - Processing /Users/louisekirkham/Documents/linkedin_learning/Ex_Files_Data_Engineering_Foundations/airflow_env/lib/python3.9/site-packages/airflow/example_dags/example_branch_labels.py took 0.059 seconds
[2022-03-18 17:14:10,587] {processor.py:163} INFO - Started process (PID=47115) to work on /Users/louisekirkham/Documents/linkedin_learning/Ex_Files_Data_Engineering_Foundations/airflow_env/lib/python3.9/site-packages/airflow/example_dags/example_branch_labels.py
[2022-03-18 17:14:10,588] {processor.py:642} INFO - Processing file /Users/louisekirkham/Documents/linkedin_learning/Ex_Files_Data_Engineering_Foundations/airflow_env/lib/python3.9/site-packages/airflow/example_dags/example_branch_labels.py for tasks to queue
[2022-03-18 17:14:10,588] {logging_mixin.py:109} INFO - [2022-03-18 17:14:10,588] {dagbag.py:500} INFO - Filling up the DagBag from /Users/louisekirkham/Documents/linkedin_learning/Ex_Files_Data_Engineering_Foundations/airflow_env/lib/python3.9/site-packages/airflow/example_dags/example_branch_labels.py
[2022-03-18 17:14:10,620] {processor.py:654} INFO - DAG(s) dict_keys(['example_branch_labels']) retrieved from /Users/louisekirkham/Documents/linkedin_learning/Ex_Files_Data_Engineering_Foundations/airflow_env/lib/python3.9/site-packages/airflow/example_dags/example_branch_labels.py
[2022-03-18 17:14:10,636] {logging_mixin.py:109} INFO - [2022-03-18 17:14:10,636] {dag.py:2398} INFO - Sync 1 DAGs
[2022-03-18 17:14:10,645] {logging_mixin.py:109} INFO - [2022-03-18 17:14:10,645] {dag.py:2937} INFO - Setting next_dagrun for example_branch_labels to 2022-03-17 00:00:00+00:00
[2022-03-18 17:14:10,652] {processor.py:171} INFO - Processing /Users/louisekirkham/Documents/linkedin_learning/Ex_Files_Data_Engineering_Foundations/airflow_env/lib/python3.9/site-packages/airflow/example_dags/example_branch_labels.py took 0.065 seconds
[2022-03-18 17:15:35,487] {processor.py:163} INFO - Started process (PID=47180) to work on /Users/louisekirkham/Documents/linkedin_learning/Ex_Files_Data_Engineering_Foundations/airflow_env/lib/python3.9/site-packages/airflow/example_dags/example_branch_labels.py
[2022-03-18 17:15:35,488] {processor.py:642} INFO - Processing file /Users/louisekirkham/Documents/linkedin_learning/Ex_Files_Data_Engineering_Foundations/airflow_env/lib/python3.9/site-packages/airflow/example_dags/example_branch_labels.py for tasks to queue
[2022-03-18 17:15:35,488] {logging_mixin.py:109} INFO - [2022-03-18 17:15:35,488] {dagbag.py:500} INFO - Filling up the DagBag from /Users/louisekirkham/Documents/linkedin_learning/Ex_Files_Data_Engineering_Foundations/airflow_env/lib/python3.9/site-packages/airflow/example_dags/example_branch_labels.py
[2022-03-18 17:15:35,516] {processor.py:654} INFO - DAG(s) dict_keys(['example_branch_labels']) retrieved from /Users/louisekirkham/Documents/linkedin_learning/Ex_Files_Data_Engineering_Foundations/airflow_env/lib/python3.9/site-packages/airflow/example_dags/example_branch_labels.py
[2022-03-18 17:15:35,531] {logging_mixin.py:109} INFO - [2022-03-18 17:15:35,531] {dag.py:2398} INFO - Sync 1 DAGs
[2022-03-18 17:15:35,539] {logging_mixin.py:109} INFO - [2022-03-18 17:15:35,539] {dag.py:2937} INFO - Setting next_dagrun for example_branch_labels to 2022-03-17 00:00:00+00:00
[2022-03-18 17:15:35,546] {processor.py:171} INFO - Processing /Users/louisekirkham/Documents/linkedin_learning/Ex_Files_Data_Engineering_Foundations/airflow_env/lib/python3.9/site-packages/airflow/example_dags/example_branch_labels.py took 0.059 seconds
[2022-03-18 17:17:00,203] {processor.py:163} INFO - Started process (PID=47255) to work on /Users/louisekirkham/Documents/linkedin_learning/Ex_Files_Data_Engineering_Foundations/airflow_env/lib/python3.9/site-packages/airflow/example_dags/example_branch_labels.py
[2022-03-18 17:17:00,204] {processor.py:642} INFO - Processing file /Users/louisekirkham/Documents/linkedin_learning/Ex_Files_Data_Engineering_Foundations/airflow_env/lib/python3.9/site-packages/airflow/example_dags/example_branch_labels.py for tasks to queue
[2022-03-18 17:17:00,205] {logging_mixin.py:109} INFO - [2022-03-18 17:17:00,205] {dagbag.py:500} INFO - Filling up the DagBag from /Users/louisekirkham/Documents/linkedin_learning/Ex_Files_Data_Engineering_Foundations/airflow_env/lib/python3.9/site-packages/airflow/example_dags/example_branch_labels.py
[2022-03-18 17:17:00,234] {processor.py:654} INFO - DAG(s) dict_keys(['example_branch_labels']) retrieved from /Users/louisekirkham/Documents/linkedin_learning/Ex_Files_Data_Engineering_Foundations/airflow_env/lib/python3.9/site-packages/airflow/example_dags/example_branch_labels.py
[2022-03-18 17:17:00,251] {logging_mixin.py:109} INFO - [2022-03-18 17:17:00,251] {dag.py:2398} INFO - Sync 1 DAGs
[2022-03-18 17:17:00,262] {logging_mixin.py:109} INFO - [2022-03-18 17:17:00,261] {dag.py:2937} INFO - Setting next_dagrun for example_branch_labels to 2022-03-17 00:00:00+00:00
[2022-03-18 17:17:00,268] {processor.py:171} INFO - Processing /Users/louisekirkham/Documents/linkedin_learning/Ex_Files_Data_Engineering_Foundations/airflow_env/lib/python3.9/site-packages/airflow/example_dags/example_branch_labels.py took 0.065 seconds
[2022-03-18 17:18:24,946] {processor.py:163} INFO - Started process (PID=47322) to work on /Users/louisekirkham/Documents/linkedin_learning/Ex_Files_Data_Engineering_Foundations/airflow_env/lib/python3.9/site-packages/airflow/example_dags/example_branch_labels.py
[2022-03-18 17:18:24,946] {processor.py:642} INFO - Processing file /Users/louisekirkham/Documents/linkedin_learning/Ex_Files_Data_Engineering_Foundations/airflow_env/lib/python3.9/site-packages/airflow/example_dags/example_branch_labels.py for tasks to queue
[2022-03-18 17:18:24,947] {logging_mixin.py:109} INFO - [2022-03-18 17:18:24,947] {dagbag.py:500} INFO - Filling up the DagBag from /Users/louisekirkham/Documents/linkedin_learning/Ex_Files_Data_Engineering_Foundations/airflow_env/lib/python3.9/site-packages/airflow/example_dags/example_branch_labels.py
[2022-03-18 17:18:24,979] {processor.py:654} INFO - DAG(s) dict_keys(['example_branch_labels']) retrieved from /Users/louisekirkham/Documents/linkedin_learning/Ex_Files_Data_Engineering_Foundations/airflow_env/lib/python3.9/site-packages/airflow/example_dags/example_branch_labels.py
[2022-03-18 17:18:24,995] {logging_mixin.py:109} INFO - [2022-03-18 17:18:24,995] {dag.py:2398} INFO - Sync 1 DAGs
[2022-03-18 17:18:25,004] {logging_mixin.py:109} INFO - [2022-03-18 17:18:25,004] {dag.py:2937} INFO - Setting next_dagrun for example_branch_labels to 2022-03-17 00:00:00+00:00
[2022-03-18 17:18:25,011] {processor.py:171} INFO - Processing /Users/louisekirkham/Documents/linkedin_learning/Ex_Files_Data_Engineering_Foundations/airflow_env/lib/python3.9/site-packages/airflow/example_dags/example_branch_labels.py took 0.066 seconds
[2022-03-18 17:19:46,748] {processor.py:163} INFO - Started process (PID=47384) to work on /Users/louisekirkham/Documents/linkedin_learning/Ex_Files_Data_Engineering_Foundations/airflow_env/lib/python3.9/site-packages/airflow/example_dags/example_branch_labels.py
[2022-03-18 17:19:46,749] {processor.py:642} INFO - Processing file /Users/louisekirkham/Documents/linkedin_learning/Ex_Files_Data_Engineering_Foundations/airflow_env/lib/python3.9/site-packages/airflow/example_dags/example_branch_labels.py for tasks to queue
[2022-03-18 17:19:46,750] {logging_mixin.py:109} INFO - [2022-03-18 17:19:46,750] {dagbag.py:500} INFO - Filling up the DagBag from /Users/louisekirkham/Documents/linkedin_learning/Ex_Files_Data_Engineering_Foundations/airflow_env/lib/python3.9/site-packages/airflow/example_dags/example_branch_labels.py
[2022-03-18 17:19:46,780] {processor.py:654} INFO - DAG(s) dict_keys(['example_branch_labels']) retrieved from /Users/louisekirkham/Documents/linkedin_learning/Ex_Files_Data_Engineering_Foundations/airflow_env/lib/python3.9/site-packages/airflow/example_dags/example_branch_labels.py
[2022-03-18 17:19:46,794] {logging_mixin.py:109} INFO - [2022-03-18 17:19:46,794] {dag.py:2398} INFO - Sync 1 DAGs
[2022-03-18 17:19:46,802] {logging_mixin.py:109} INFO - [2022-03-18 17:19:46,802] {dag.py:2937} INFO - Setting next_dagrun for example_branch_labels to 2022-03-17 00:00:00+00:00
[2022-03-18 17:19:46,811] {processor.py:171} INFO - Processing /Users/louisekirkham/Documents/linkedin_learning/Ex_Files_Data_Engineering_Foundations/airflow_env/lib/python3.9/site-packages/airflow/example_dags/example_branch_labels.py took 0.063 seconds
[2022-03-18 17:24:36,134] {processor.py:163} INFO - Started process (PID=47559) to work on /Users/louisekirkham/Documents/linkedin_learning/Ex_Files_Data_Engineering_Foundations/airflow_env/lib/python3.9/site-packages/airflow/example_dags/example_branch_labels.py
[2022-03-18 17:24:36,135] {processor.py:642} INFO - Processing file /Users/louisekirkham/Documents/linkedin_learning/Ex_Files_Data_Engineering_Foundations/airflow_env/lib/python3.9/site-packages/airflow/example_dags/example_branch_labels.py for tasks to queue
[2022-03-18 17:24:36,135] {logging_mixin.py:109} INFO - [2022-03-18 17:24:36,135] {dagbag.py:500} INFO - Filling up the DagBag from /Users/louisekirkham/Documents/linkedin_learning/Ex_Files_Data_Engineering_Foundations/airflow_env/lib/python3.9/site-packages/airflow/example_dags/example_branch_labels.py
[2022-03-18 17:24:36,168] {processor.py:654} INFO - DAG(s) dict_keys(['example_branch_labels']) retrieved from /Users/louisekirkham/Documents/linkedin_learning/Ex_Files_Data_Engineering_Foundations/airflow_env/lib/python3.9/site-packages/airflow/example_dags/example_branch_labels.py
[2022-03-18 17:24:36,187] {logging_mixin.py:109} INFO - [2022-03-18 17:24:36,187] {dag.py:2398} INFO - Sync 1 DAGs
[2022-03-18 17:24:36,196] {logging_mixin.py:109} INFO - [2022-03-18 17:24:36,196] {dag.py:2937} INFO - Setting next_dagrun for example_branch_labels to 2022-03-17 00:00:00+00:00
[2022-03-18 17:24:36,203] {processor.py:171} INFO - Processing /Users/louisekirkham/Documents/linkedin_learning/Ex_Files_Data_Engineering_Foundations/airflow_env/lib/python3.9/site-packages/airflow/example_dags/example_branch_labels.py took 0.070 seconds
[2022-03-18 17:26:10,882] {processor.py:163} INFO - Started process (PID=47646) to work on /Users/louisekirkham/Documents/linkedin_learning/Ex_Files_Data_Engineering_Foundations/airflow_env/lib/python3.9/site-packages/airflow/example_dags/example_branch_labels.py
[2022-03-18 17:26:10,883] {processor.py:642} INFO - Processing file /Users/louisekirkham/Documents/linkedin_learning/Ex_Files_Data_Engineering_Foundations/airflow_env/lib/python3.9/site-packages/airflow/example_dags/example_branch_labels.py for tasks to queue
[2022-03-18 17:26:10,883] {logging_mixin.py:109} INFO - [2022-03-18 17:26:10,883] {dagbag.py:500} INFO - Filling up the DagBag from /Users/louisekirkham/Documents/linkedin_learning/Ex_Files_Data_Engineering_Foundations/airflow_env/lib/python3.9/site-packages/airflow/example_dags/example_branch_labels.py
[2022-03-18 17:26:10,914] {processor.py:654} INFO - DAG(s) dict_keys(['example_branch_labels']) retrieved from /Users/louisekirkham/Documents/linkedin_learning/Ex_Files_Data_Engineering_Foundations/airflow_env/lib/python3.9/site-packages/airflow/example_dags/example_branch_labels.py
[2022-03-18 17:26:10,929] {logging_mixin.py:109} INFO - [2022-03-18 17:26:10,929] {dag.py:2398} INFO - Sync 1 DAGs
[2022-03-18 17:26:10,937] {logging_mixin.py:109} INFO - [2022-03-18 17:26:10,937] {dag.py:2937} INFO - Setting next_dagrun for example_branch_labels to 2022-03-17 00:00:00+00:00
[2022-03-18 17:26:10,944] {processor.py:171} INFO - Processing /Users/louisekirkham/Documents/linkedin_learning/Ex_Files_Data_Engineering_Foundations/airflow_env/lib/python3.9/site-packages/airflow/example_dags/example_branch_labels.py took 0.063 seconds
[2022-03-18 17:29:03,568] {processor.py:163} INFO - Started process (PID=47769) to work on /Users/louisekirkham/Documents/linkedin_learning/Ex_Files_Data_Engineering_Foundations/airflow_env/lib/python3.9/site-packages/airflow/example_dags/example_branch_labels.py
[2022-03-18 17:29:03,569] {processor.py:642} INFO - Processing file /Users/louisekirkham/Documents/linkedin_learning/Ex_Files_Data_Engineering_Foundations/airflow_env/lib/python3.9/site-packages/airflow/example_dags/example_branch_labels.py for tasks to queue
[2022-03-18 17:29:03,569] {logging_mixin.py:109} INFO - [2022-03-18 17:29:03,569] {dagbag.py:500} INFO - Filling up the DagBag from /Users/louisekirkham/Documents/linkedin_learning/Ex_Files_Data_Engineering_Foundations/airflow_env/lib/python3.9/site-packages/airflow/example_dags/example_branch_labels.py
[2022-03-18 17:29:03,599] {processor.py:654} INFO - DAG(s) dict_keys(['example_branch_labels']) retrieved from /Users/louisekirkham/Documents/linkedin_learning/Ex_Files_Data_Engineering_Foundations/airflow_env/lib/python3.9/site-packages/airflow/example_dags/example_branch_labels.py
[2022-03-18 17:29:03,614] {logging_mixin.py:109} INFO - [2022-03-18 17:29:03,613] {dag.py:2398} INFO - Sync 1 DAGs
[2022-03-18 17:29:03,622] {logging_mixin.py:109} INFO - [2022-03-18 17:29:03,621] {dag.py:2937} INFO - Setting next_dagrun for example_branch_labels to 2022-03-17 00:00:00+00:00
[2022-03-18 17:29:03,629] {processor.py:171} INFO - Processing /Users/louisekirkham/Documents/linkedin_learning/Ex_Files_Data_Engineering_Foundations/airflow_env/lib/python3.9/site-packages/airflow/example_dags/example_branch_labels.py took 0.061 seconds
[2022-03-18 17:32:21,545] {processor.py:163} INFO - Started process (PID=47942) to work on /Users/louisekirkham/Documents/linkedin_learning/Ex_Files_Data_Engineering_Foundations/airflow_env/lib/python3.9/site-packages/airflow/example_dags/example_branch_labels.py
[2022-03-18 17:32:21,546] {processor.py:642} INFO - Processing file /Users/louisekirkham/Documents/linkedin_learning/Ex_Files_Data_Engineering_Foundations/airflow_env/lib/python3.9/site-packages/airflow/example_dags/example_branch_labels.py for tasks to queue
[2022-03-18 17:32:21,546] {logging_mixin.py:109} INFO - [2022-03-18 17:32:21,546] {dagbag.py:500} INFO - Filling up the DagBag from /Users/louisekirkham/Documents/linkedin_learning/Ex_Files_Data_Engineering_Foundations/airflow_env/lib/python3.9/site-packages/airflow/example_dags/example_branch_labels.py
[2022-03-18 17:32:21,573] {processor.py:654} INFO - DAG(s) dict_keys(['example_branch_labels']) retrieved from /Users/louisekirkham/Documents/linkedin_learning/Ex_Files_Data_Engineering_Foundations/airflow_env/lib/python3.9/site-packages/airflow/example_dags/example_branch_labels.py
[2022-03-18 17:32:21,587] {logging_mixin.py:109} INFO - [2022-03-18 17:32:21,587] {dag.py:2398} INFO - Sync 1 DAGs
[2022-03-18 17:32:21,595] {logging_mixin.py:109} INFO - [2022-03-18 17:32:21,595] {dag.py:2937} INFO - Setting next_dagrun for example_branch_labels to 2022-03-17 00:00:00+00:00
[2022-03-18 17:32:21,601] {processor.py:171} INFO - Processing /Users/louisekirkham/Documents/linkedin_learning/Ex_Files_Data_Engineering_Foundations/airflow_env/lib/python3.9/site-packages/airflow/example_dags/example_branch_labels.py took 0.056 seconds
[2022-03-18 17:33:47,028] {processor.py:163} INFO - Started process (PID=48398) to work on /Users/louisekirkham/Documents/linkedin_learning/Ex_Files_Data_Engineering_Foundations/airflow_env/lib/python3.9/site-packages/airflow/example_dags/example_branch_labels.py
[2022-03-18 17:33:47,028] {processor.py:642} INFO - Processing file /Users/louisekirkham/Documents/linkedin_learning/Ex_Files_Data_Engineering_Foundations/airflow_env/lib/python3.9/site-packages/airflow/example_dags/example_branch_labels.py for tasks to queue
[2022-03-18 17:33:47,028] {logging_mixin.py:109} INFO - [2022-03-18 17:33:47,028] {dagbag.py:500} INFO - Filling up the DagBag from /Users/louisekirkham/Documents/linkedin_learning/Ex_Files_Data_Engineering_Foundations/airflow_env/lib/python3.9/site-packages/airflow/example_dags/example_branch_labels.py
[2022-03-18 17:33:47,059] {processor.py:654} INFO - DAG(s) dict_keys(['example_branch_labels']) retrieved from /Users/louisekirkham/Documents/linkedin_learning/Ex_Files_Data_Engineering_Foundations/airflow_env/lib/python3.9/site-packages/airflow/example_dags/example_branch_labels.py
[2022-03-18 17:33:47,072] {logging_mixin.py:109} INFO - [2022-03-18 17:33:47,072] {dag.py:2398} INFO - Sync 1 DAGs
[2022-03-18 17:33:47,081] {logging_mixin.py:109} INFO - [2022-03-18 17:33:47,081] {dag.py:2937} INFO - Setting next_dagrun for example_branch_labels to 2022-03-17 00:00:00+00:00
[2022-03-18 17:33:47,087] {processor.py:171} INFO - Processing /Users/louisekirkham/Documents/linkedin_learning/Ex_Files_Data_Engineering_Foundations/airflow_env/lib/python3.9/site-packages/airflow/example_dags/example_branch_labels.py took 0.060 seconds
[2022-03-18 17:35:08,461] {processor.py:163} INFO - Started process (PID=48490) to work on /Users/louisekirkham/Documents/linkedin_learning/Ex_Files_Data_Engineering_Foundations/airflow_env/lib/python3.9/site-packages/airflow/example_dags/example_branch_labels.py
[2022-03-18 17:35:08,461] {processor.py:642} INFO - Processing file /Users/louisekirkham/Documents/linkedin_learning/Ex_Files_Data_Engineering_Foundations/airflow_env/lib/python3.9/site-packages/airflow/example_dags/example_branch_labels.py for tasks to queue
[2022-03-18 17:35:08,462] {logging_mixin.py:109} INFO - [2022-03-18 17:35:08,462] {dagbag.py:500} INFO - Filling up the DagBag from /Users/louisekirkham/Documents/linkedin_learning/Ex_Files_Data_Engineering_Foundations/airflow_env/lib/python3.9/site-packages/airflow/example_dags/example_branch_labels.py
[2022-03-18 17:35:08,496] {processor.py:654} INFO - DAG(s) dict_keys(['example_branch_labels']) retrieved from /Users/louisekirkham/Documents/linkedin_learning/Ex_Files_Data_Engineering_Foundations/airflow_env/lib/python3.9/site-packages/airflow/example_dags/example_branch_labels.py
[2022-03-18 17:35:08,512] {logging_mixin.py:109} INFO - [2022-03-18 17:35:08,512] {dag.py:2398} INFO - Sync 1 DAGs
[2022-03-18 17:35:08,522] {logging_mixin.py:109} INFO - [2022-03-18 17:35:08,522] {dag.py:2937} INFO - Setting next_dagrun for example_branch_labels to 2022-03-17 00:00:00+00:00
[2022-03-18 17:35:08,529] {processor.py:171} INFO - Processing /Users/louisekirkham/Documents/linkedin_learning/Ex_Files_Data_Engineering_Foundations/airflow_env/lib/python3.9/site-packages/airflow/example_dags/example_branch_labels.py took 0.069 seconds
[2022-03-18 17:36:30,967] {processor.py:163} INFO - Started process (PID=48571) to work on /Users/louisekirkham/Documents/linkedin_learning/Ex_Files_Data_Engineering_Foundations/airflow_env/lib/python3.9/site-packages/airflow/example_dags/example_branch_labels.py
[2022-03-18 17:36:30,967] {processor.py:642} INFO - Processing file /Users/louisekirkham/Documents/linkedin_learning/Ex_Files_Data_Engineering_Foundations/airflow_env/lib/python3.9/site-packages/airflow/example_dags/example_branch_labels.py for tasks to queue
[2022-03-18 17:36:30,968] {logging_mixin.py:109} INFO - [2022-03-18 17:36:30,967] {dagbag.py:500} INFO - Filling up the DagBag from /Users/louisekirkham/Documents/linkedin_learning/Ex_Files_Data_Engineering_Foundations/airflow_env/lib/python3.9/site-packages/airflow/example_dags/example_branch_labels.py
[2022-03-18 17:36:30,995] {processor.py:654} INFO - DAG(s) dict_keys(['example_branch_labels']) retrieved from /Users/louisekirkham/Documents/linkedin_learning/Ex_Files_Data_Engineering_Foundations/airflow_env/lib/python3.9/site-packages/airflow/example_dags/example_branch_labels.py
[2022-03-18 17:36:31,010] {logging_mixin.py:109} INFO - [2022-03-18 17:36:31,010] {dag.py:2398} INFO - Sync 1 DAGs
[2022-03-18 17:36:31,018] {logging_mixin.py:109} INFO - [2022-03-18 17:36:31,018] {dag.py:2937} INFO - Setting next_dagrun for example_branch_labels to 2022-03-17 00:00:00+00:00
[2022-03-18 17:36:31,023] {processor.py:171} INFO - Processing /Users/louisekirkham/Documents/linkedin_learning/Ex_Files_Data_Engineering_Foundations/airflow_env/lib/python3.9/site-packages/airflow/example_dags/example_branch_labels.py took 0.057 seconds
[2022-03-18 17:37:55,621] {processor.py:163} INFO - Started process (PID=48641) to work on /Users/louisekirkham/Documents/linkedin_learning/Ex_Files_Data_Engineering_Foundations/airflow_env/lib/python3.9/site-packages/airflow/example_dags/example_branch_labels.py
[2022-03-18 17:37:55,622] {processor.py:642} INFO - Processing file /Users/louisekirkham/Documents/linkedin_learning/Ex_Files_Data_Engineering_Foundations/airflow_env/lib/python3.9/site-packages/airflow/example_dags/example_branch_labels.py for tasks to queue
[2022-03-18 17:37:55,623] {logging_mixin.py:109} INFO - [2022-03-18 17:37:55,623] {dagbag.py:500} INFO - Filling up the DagBag from /Users/louisekirkham/Documents/linkedin_learning/Ex_Files_Data_Engineering_Foundations/airflow_env/lib/python3.9/site-packages/airflow/example_dags/example_branch_labels.py
[2022-03-18 17:37:55,656] {processor.py:654} INFO - DAG(s) dict_keys(['example_branch_labels']) retrieved from /Users/louisekirkham/Documents/linkedin_learning/Ex_Files_Data_Engineering_Foundations/airflow_env/lib/python3.9/site-packages/airflow/example_dags/example_branch_labels.py
[2022-03-18 17:37:55,675] {logging_mixin.py:109} INFO - [2022-03-18 17:37:55,674] {dag.py:2398} INFO - Sync 1 DAGs
[2022-03-18 17:37:55,684] {logging_mixin.py:109} INFO - [2022-03-18 17:37:55,684] {dag.py:2937} INFO - Setting next_dagrun for example_branch_labels to 2022-03-17 00:00:00+00:00
[2022-03-18 17:37:55,691] {processor.py:171} INFO - Processing /Users/louisekirkham/Documents/linkedin_learning/Ex_Files_Data_Engineering_Foundations/airflow_env/lib/python3.9/site-packages/airflow/example_dags/example_branch_labels.py took 0.071 seconds
[2022-03-18 17:39:20,612] {processor.py:163} INFO - Started process (PID=48718) to work on /Users/louisekirkham/Documents/linkedin_learning/Ex_Files_Data_Engineering_Foundations/airflow_env/lib/python3.9/site-packages/airflow/example_dags/example_branch_labels.py
[2022-03-18 17:39:20,613] {processor.py:642} INFO - Processing file /Users/louisekirkham/Documents/linkedin_learning/Ex_Files_Data_Engineering_Foundations/airflow_env/lib/python3.9/site-packages/airflow/example_dags/example_branch_labels.py for tasks to queue
[2022-03-18 17:39:20,613] {logging_mixin.py:109} INFO - [2022-03-18 17:39:20,613] {dagbag.py:500} INFO - Filling up the DagBag from /Users/louisekirkham/Documents/linkedin_learning/Ex_Files_Data_Engineering_Foundations/airflow_env/lib/python3.9/site-packages/airflow/example_dags/example_branch_labels.py
[2022-03-18 17:39:20,646] {processor.py:654} INFO - DAG(s) dict_keys(['example_branch_labels']) retrieved from /Users/louisekirkham/Documents/linkedin_learning/Ex_Files_Data_Engineering_Foundations/airflow_env/lib/python3.9/site-packages/airflow/example_dags/example_branch_labels.py
[2022-03-18 17:39:20,662] {logging_mixin.py:109} INFO - [2022-03-18 17:39:20,662] {dag.py:2398} INFO - Sync 1 DAGs
[2022-03-18 17:39:20,671] {logging_mixin.py:109} INFO - [2022-03-18 17:39:20,671] {dag.py:2937} INFO - Setting next_dagrun for example_branch_labels to 2022-03-17 00:00:00+00:00
[2022-03-18 17:39:20,679] {processor.py:171} INFO - Processing /Users/louisekirkham/Documents/linkedin_learning/Ex_Files_Data_Engineering_Foundations/airflow_env/lib/python3.9/site-packages/airflow/example_dags/example_branch_labels.py took 0.068 seconds
[2022-03-18 17:40:46,321] {processor.py:163} INFO - Started process (PID=48808) to work on /Users/louisekirkham/Documents/linkedin_learning/Ex_Files_Data_Engineering_Foundations/airflow_env/lib/python3.9/site-packages/airflow/example_dags/example_branch_labels.py
[2022-03-18 17:40:46,321] {processor.py:642} INFO - Processing file /Users/louisekirkham/Documents/linkedin_learning/Ex_Files_Data_Engineering_Foundations/airflow_env/lib/python3.9/site-packages/airflow/example_dags/example_branch_labels.py for tasks to queue
[2022-03-18 17:40:46,321] {logging_mixin.py:109} INFO - [2022-03-18 17:40:46,321] {dagbag.py:500} INFO - Filling up the DagBag from /Users/louisekirkham/Documents/linkedin_learning/Ex_Files_Data_Engineering_Foundations/airflow_env/lib/python3.9/site-packages/airflow/example_dags/example_branch_labels.py
[2022-03-18 17:40:46,352] {processor.py:654} INFO - DAG(s) dict_keys(['example_branch_labels']) retrieved from /Users/louisekirkham/Documents/linkedin_learning/Ex_Files_Data_Engineering_Foundations/airflow_env/lib/python3.9/site-packages/airflow/example_dags/example_branch_labels.py
[2022-03-18 17:40:46,371] {logging_mixin.py:109} INFO - [2022-03-18 17:40:46,371] {dag.py:2398} INFO - Sync 1 DAGs
[2022-03-18 17:40:46,381] {logging_mixin.py:109} INFO - [2022-03-18 17:40:46,381] {dag.py:2937} INFO - Setting next_dagrun for example_branch_labels to 2022-03-17 00:00:00+00:00
[2022-03-18 17:40:46,388] {processor.py:171} INFO - Processing /Users/louisekirkham/Documents/linkedin_learning/Ex_Files_Data_Engineering_Foundations/airflow_env/lib/python3.9/site-packages/airflow/example_dags/example_branch_labels.py took 0.068 seconds
[2022-03-18 17:42:07,290] {processor.py:163} INFO - Started process (PID=48893) to work on /Users/louisekirkham/Documents/linkedin_learning/Ex_Files_Data_Engineering_Foundations/airflow_env/lib/python3.9/site-packages/airflow/example_dags/example_branch_labels.py
[2022-03-18 17:42:07,290] {processor.py:642} INFO - Processing file /Users/louisekirkham/Documents/linkedin_learning/Ex_Files_Data_Engineering_Foundations/airflow_env/lib/python3.9/site-packages/airflow/example_dags/example_branch_labels.py for tasks to queue
[2022-03-18 17:42:07,290] {logging_mixin.py:109} INFO - [2022-03-18 17:42:07,290] {dagbag.py:500} INFO - Filling up the DagBag from /Users/louisekirkham/Documents/linkedin_learning/Ex_Files_Data_Engineering_Foundations/airflow_env/lib/python3.9/site-packages/airflow/example_dags/example_branch_labels.py
[2022-03-18 17:42:07,326] {processor.py:654} INFO - DAG(s) dict_keys(['example_branch_labels']) retrieved from /Users/louisekirkham/Documents/linkedin_learning/Ex_Files_Data_Engineering_Foundations/airflow_env/lib/python3.9/site-packages/airflow/example_dags/example_branch_labels.py
[2022-03-18 17:42:07,344] {logging_mixin.py:109} INFO - [2022-03-18 17:42:07,344] {dag.py:2398} INFO - Sync 1 DAGs
[2022-03-18 17:42:07,355] {logging_mixin.py:109} INFO - [2022-03-18 17:42:07,355] {dag.py:2937} INFO - Setting next_dagrun for example_branch_labels to 2022-03-17 00:00:00+00:00
[2022-03-18 17:42:07,364] {processor.py:171} INFO - Processing /Users/louisekirkham/Documents/linkedin_learning/Ex_Files_Data_Engineering_Foundations/airflow_env/lib/python3.9/site-packages/airflow/example_dags/example_branch_labels.py took 0.074 seconds
[2022-03-18 17:43:31,557] {processor.py:163} INFO - Started process (PID=48955) to work on /Users/louisekirkham/Documents/linkedin_learning/Ex_Files_Data_Engineering_Foundations/airflow_env/lib/python3.9/site-packages/airflow/example_dags/example_branch_labels.py
[2022-03-18 17:43:31,557] {processor.py:642} INFO - Processing file /Users/louisekirkham/Documents/linkedin_learning/Ex_Files_Data_Engineering_Foundations/airflow_env/lib/python3.9/site-packages/airflow/example_dags/example_branch_labels.py for tasks to queue
[2022-03-18 17:43:31,558] {logging_mixin.py:109} INFO - [2022-03-18 17:43:31,558] {dagbag.py:500} INFO - Filling up the DagBag from /Users/louisekirkham/Documents/linkedin_learning/Ex_Files_Data_Engineering_Foundations/airflow_env/lib/python3.9/site-packages/airflow/example_dags/example_branch_labels.py
[2022-03-18 17:43:31,587] {processor.py:654} INFO - DAG(s) dict_keys(['example_branch_labels']) retrieved from /Users/louisekirkham/Documents/linkedin_learning/Ex_Files_Data_Engineering_Foundations/airflow_env/lib/python3.9/site-packages/airflow/example_dags/example_branch_labels.py
[2022-03-18 17:43:31,601] {logging_mixin.py:109} INFO - [2022-03-18 17:43:31,600] {dag.py:2398} INFO - Sync 1 DAGs
[2022-03-18 17:43:31,609] {logging_mixin.py:109} INFO - [2022-03-18 17:43:31,609] {dag.py:2937} INFO - Setting next_dagrun for example_branch_labels to 2022-03-17 00:00:00+00:00
[2022-03-18 17:43:31,616] {processor.py:171} INFO - Processing /Users/louisekirkham/Documents/linkedin_learning/Ex_Files_Data_Engineering_Foundations/airflow_env/lib/python3.9/site-packages/airflow/example_dags/example_branch_labels.py took 0.059 seconds
[2022-03-18 17:44:53,452] {processor.py:163} INFO - Started process (PID=49016) to work on /Users/louisekirkham/Documents/linkedin_learning/Ex_Files_Data_Engineering_Foundations/airflow_env/lib/python3.9/site-packages/airflow/example_dags/example_branch_labels.py
[2022-03-18 17:44:53,452] {processor.py:642} INFO - Processing file /Users/louisekirkham/Documents/linkedin_learning/Ex_Files_Data_Engineering_Foundations/airflow_env/lib/python3.9/site-packages/airflow/example_dags/example_branch_labels.py for tasks to queue
[2022-03-18 17:44:53,453] {logging_mixin.py:109} INFO - [2022-03-18 17:44:53,453] {dagbag.py:500} INFO - Filling up the DagBag from /Users/louisekirkham/Documents/linkedin_learning/Ex_Files_Data_Engineering_Foundations/airflow_env/lib/python3.9/site-packages/airflow/example_dags/example_branch_labels.py
[2022-03-18 17:44:53,482] {processor.py:654} INFO - DAG(s) dict_keys(['example_branch_labels']) retrieved from /Users/louisekirkham/Documents/linkedin_learning/Ex_Files_Data_Engineering_Foundations/airflow_env/lib/python3.9/site-packages/airflow/example_dags/example_branch_labels.py
[2022-03-18 17:44:53,498] {logging_mixin.py:109} INFO - [2022-03-18 17:44:53,498] {dag.py:2398} INFO - Sync 1 DAGs
[2022-03-18 17:44:53,507] {logging_mixin.py:109} INFO - [2022-03-18 17:44:53,507] {dag.py:2937} INFO - Setting next_dagrun for example_branch_labels to 2022-03-17 00:00:00+00:00
[2022-03-18 17:44:53,514] {processor.py:171} INFO - Processing /Users/louisekirkham/Documents/linkedin_learning/Ex_Files_Data_Engineering_Foundations/airflow_env/lib/python3.9/site-packages/airflow/example_dags/example_branch_labels.py took 0.062 seconds
[2022-03-18 17:46:17,896] {processor.py:163} INFO - Started process (PID=49087) to work on /Users/louisekirkham/Documents/linkedin_learning/Ex_Files_Data_Engineering_Foundations/airflow_env/lib/python3.9/site-packages/airflow/example_dags/example_branch_labels.py
[2022-03-18 17:46:17,896] {processor.py:642} INFO - Processing file /Users/louisekirkham/Documents/linkedin_learning/Ex_Files_Data_Engineering_Foundations/airflow_env/lib/python3.9/site-packages/airflow/example_dags/example_branch_labels.py for tasks to queue
[2022-03-18 17:46:17,896] {logging_mixin.py:109} INFO - [2022-03-18 17:46:17,896] {dagbag.py:500} INFO - Filling up the DagBag from /Users/louisekirkham/Documents/linkedin_learning/Ex_Files_Data_Engineering_Foundations/airflow_env/lib/python3.9/site-packages/airflow/example_dags/example_branch_labels.py
[2022-03-18 17:46:17,922] {processor.py:654} INFO - DAG(s) dict_keys(['example_branch_labels']) retrieved from /Users/louisekirkham/Documents/linkedin_learning/Ex_Files_Data_Engineering_Foundations/airflow_env/lib/python3.9/site-packages/airflow/example_dags/example_branch_labels.py
[2022-03-18 17:46:17,936] {logging_mixin.py:109} INFO - [2022-03-18 17:46:17,936] {dag.py:2398} INFO - Sync 1 DAGs
[2022-03-18 17:46:17,944] {logging_mixin.py:109} INFO - [2022-03-18 17:46:17,944] {dag.py:2937} INFO - Setting next_dagrun for example_branch_labels to 2022-03-17 00:00:00+00:00
[2022-03-18 17:46:17,950] {processor.py:171} INFO - Processing /Users/louisekirkham/Documents/linkedin_learning/Ex_Files_Data_Engineering_Foundations/airflow_env/lib/python3.9/site-packages/airflow/example_dags/example_branch_labels.py took 0.055 seconds
[2022-03-18 17:47:42,307] {processor.py:163} INFO - Started process (PID=49155) to work on /Users/louisekirkham/Documents/linkedin_learning/Ex_Files_Data_Engineering_Foundations/airflow_env/lib/python3.9/site-packages/airflow/example_dags/example_branch_labels.py
[2022-03-18 17:47:42,308] {processor.py:642} INFO - Processing file /Users/louisekirkham/Documents/linkedin_learning/Ex_Files_Data_Engineering_Foundations/airflow_env/lib/python3.9/site-packages/airflow/example_dags/example_branch_labels.py for tasks to queue
[2022-03-18 17:47:42,308] {logging_mixin.py:109} INFO - [2022-03-18 17:47:42,308] {dagbag.py:500} INFO - Filling up the DagBag from /Users/louisekirkham/Documents/linkedin_learning/Ex_Files_Data_Engineering_Foundations/airflow_env/lib/python3.9/site-packages/airflow/example_dags/example_branch_labels.py
[2022-03-18 17:47:42,335] {processor.py:654} INFO - DAG(s) dict_keys(['example_branch_labels']) retrieved from /Users/louisekirkham/Documents/linkedin_learning/Ex_Files_Data_Engineering_Foundations/airflow_env/lib/python3.9/site-packages/airflow/example_dags/example_branch_labels.py
[2022-03-18 17:47:42,349] {logging_mixin.py:109} INFO - [2022-03-18 17:47:42,349] {dag.py:2398} INFO - Sync 1 DAGs
[2022-03-18 17:47:42,359] {logging_mixin.py:109} INFO - [2022-03-18 17:47:42,359] {dag.py:2937} INFO - Setting next_dagrun for example_branch_labels to 2022-03-17 00:00:00+00:00
[2022-03-18 17:47:42,366] {processor.py:171} INFO - Processing /Users/louisekirkham/Documents/linkedin_learning/Ex_Files_Data_Engineering_Foundations/airflow_env/lib/python3.9/site-packages/airflow/example_dags/example_branch_labels.py took 0.059 seconds
[2022-03-18 17:49:07,343] {processor.py:163} INFO - Started process (PID=50908) to work on /Users/louisekirkham/Documents/linkedin_learning/Ex_Files_Data_Engineering_Foundations/airflow_env/lib/python3.9/site-packages/airflow/example_dags/example_branch_labels.py
[2022-03-18 17:49:07,345] {processor.py:642} INFO - Processing file /Users/louisekirkham/Documents/linkedin_learning/Ex_Files_Data_Engineering_Foundations/airflow_env/lib/python3.9/site-packages/airflow/example_dags/example_branch_labels.py for tasks to queue
[2022-03-18 17:49:07,346] {logging_mixin.py:109} INFO - [2022-03-18 17:49:07,346] {dagbag.py:500} INFO - Filling up the DagBag from /Users/louisekirkham/Documents/linkedin_learning/Ex_Files_Data_Engineering_Foundations/airflow_env/lib/python3.9/site-packages/airflow/example_dags/example_branch_labels.py
[2022-03-18 17:49:07,372] {processor.py:654} INFO - DAG(s) dict_keys(['example_branch_labels']) retrieved from /Users/louisekirkham/Documents/linkedin_learning/Ex_Files_Data_Engineering_Foundations/airflow_env/lib/python3.9/site-packages/airflow/example_dags/example_branch_labels.py
[2022-03-18 17:49:07,386] {logging_mixin.py:109} INFO - [2022-03-18 17:49:07,386] {dag.py:2398} INFO - Sync 1 DAGs
[2022-03-18 17:49:07,394] {logging_mixin.py:109} INFO - [2022-03-18 17:49:07,394] {dag.py:2937} INFO - Setting next_dagrun for example_branch_labels to 2022-03-17 00:00:00+00:00
[2022-03-18 17:49:07,401] {processor.py:171} INFO - Processing /Users/louisekirkham/Documents/linkedin_learning/Ex_Files_Data_Engineering_Foundations/airflow_env/lib/python3.9/site-packages/airflow/example_dags/example_branch_labels.py took 0.059 seconds
[2022-03-18 17:50:29,878] {processor.py:163} INFO - Started process (PID=50973) to work on /Users/louisekirkham/Documents/linkedin_learning/Ex_Files_Data_Engineering_Foundations/airflow_env/lib/python3.9/site-packages/airflow/example_dags/example_branch_labels.py
[2022-03-18 17:50:29,879] {processor.py:642} INFO - Processing file /Users/louisekirkham/Documents/linkedin_learning/Ex_Files_Data_Engineering_Foundations/airflow_env/lib/python3.9/site-packages/airflow/example_dags/example_branch_labels.py for tasks to queue
[2022-03-18 17:50:29,879] {logging_mixin.py:109} INFO - [2022-03-18 17:50:29,879] {dagbag.py:500} INFO - Filling up the DagBag from /Users/louisekirkham/Documents/linkedin_learning/Ex_Files_Data_Engineering_Foundations/airflow_env/lib/python3.9/site-packages/airflow/example_dags/example_branch_labels.py
[2022-03-18 17:50:29,909] {processor.py:654} INFO - DAG(s) dict_keys(['example_branch_labels']) retrieved from /Users/louisekirkham/Documents/linkedin_learning/Ex_Files_Data_Engineering_Foundations/airflow_env/lib/python3.9/site-packages/airflow/example_dags/example_branch_labels.py
[2022-03-18 17:50:29,922] {logging_mixin.py:109} INFO - [2022-03-18 17:50:29,922] {dag.py:2398} INFO - Sync 1 DAGs
[2022-03-18 17:50:29,932] {logging_mixin.py:109} INFO - [2022-03-18 17:50:29,931] {dag.py:2937} INFO - Setting next_dagrun for example_branch_labels to 2022-03-17 00:00:00+00:00
[2022-03-18 17:50:29,938] {processor.py:171} INFO - Processing /Users/louisekirkham/Documents/linkedin_learning/Ex_Files_Data_Engineering_Foundations/airflow_env/lib/python3.9/site-packages/airflow/example_dags/example_branch_labels.py took 0.060 seconds
[2022-03-18 17:51:55,971] {processor.py:163} INFO - Started process (PID=51057) to work on /Users/louisekirkham/Documents/linkedin_learning/Ex_Files_Data_Engineering_Foundations/airflow_env/lib/python3.9/site-packages/airflow/example_dags/example_branch_labels.py
[2022-03-18 17:51:55,971] {processor.py:642} INFO - Processing file /Users/louisekirkham/Documents/linkedin_learning/Ex_Files_Data_Engineering_Foundations/airflow_env/lib/python3.9/site-packages/airflow/example_dags/example_branch_labels.py for tasks to queue
[2022-03-18 17:51:55,971] {logging_mixin.py:109} INFO - [2022-03-18 17:51:55,971] {dagbag.py:500} INFO - Filling up the DagBag from /Users/louisekirkham/Documents/linkedin_learning/Ex_Files_Data_Engineering_Foundations/airflow_env/lib/python3.9/site-packages/airflow/example_dags/example_branch_labels.py
[2022-03-18 17:51:56,002] {processor.py:654} INFO - DAG(s) dict_keys(['example_branch_labels']) retrieved from /Users/louisekirkham/Documents/linkedin_learning/Ex_Files_Data_Engineering_Foundations/airflow_env/lib/python3.9/site-packages/airflow/example_dags/example_branch_labels.py
[2022-03-18 17:51:56,017] {logging_mixin.py:109} INFO - [2022-03-18 17:51:56,017] {dag.py:2398} INFO - Sync 1 DAGs
[2022-03-18 17:51:56,028] {logging_mixin.py:109} INFO - [2022-03-18 17:51:56,028] {dag.py:2937} INFO - Setting next_dagrun for example_branch_labels to 2022-03-17 00:00:00+00:00
[2022-03-18 17:51:56,035] {processor.py:171} INFO - Processing /Users/louisekirkham/Documents/linkedin_learning/Ex_Files_Data_Engineering_Foundations/airflow_env/lib/python3.9/site-packages/airflow/example_dags/example_branch_labels.py took 0.065 seconds
[2022-03-18 17:53:19,517] {processor.py:163} INFO - Started process (PID=51125) to work on /Users/louisekirkham/Documents/linkedin_learning/Ex_Files_Data_Engineering_Foundations/airflow_env/lib/python3.9/site-packages/airflow/example_dags/example_branch_labels.py
[2022-03-18 17:53:19,517] {processor.py:642} INFO - Processing file /Users/louisekirkham/Documents/linkedin_learning/Ex_Files_Data_Engineering_Foundations/airflow_env/lib/python3.9/site-packages/airflow/example_dags/example_branch_labels.py for tasks to queue
[2022-03-18 17:53:19,518] {logging_mixin.py:109} INFO - [2022-03-18 17:53:19,518] {dagbag.py:500} INFO - Filling up the DagBag from /Users/louisekirkham/Documents/linkedin_learning/Ex_Files_Data_Engineering_Foundations/airflow_env/lib/python3.9/site-packages/airflow/example_dags/example_branch_labels.py
[2022-03-18 17:53:19,550] {processor.py:654} INFO - DAG(s) dict_keys(['example_branch_labels']) retrieved from /Users/louisekirkham/Documents/linkedin_learning/Ex_Files_Data_Engineering_Foundations/airflow_env/lib/python3.9/site-packages/airflow/example_dags/example_branch_labels.py
[2022-03-18 17:53:19,565] {logging_mixin.py:109} INFO - [2022-03-18 17:53:19,565] {dag.py:2398} INFO - Sync 1 DAGs
[2022-03-18 17:53:19,573] {logging_mixin.py:109} INFO - [2022-03-18 17:53:19,573] {dag.py:2937} INFO - Setting next_dagrun for example_branch_labels to 2022-03-17 00:00:00+00:00
[2022-03-18 17:53:19,581] {processor.py:171} INFO - Processing /Users/louisekirkham/Documents/linkedin_learning/Ex_Files_Data_Engineering_Foundations/airflow_env/lib/python3.9/site-packages/airflow/example_dags/example_branch_labels.py took 0.064 seconds
[2022-03-18 17:54:41,358] {processor.py:163} INFO - Started process (PID=51189) to work on /Users/louisekirkham/Documents/linkedin_learning/Ex_Files_Data_Engineering_Foundations/airflow_env/lib/python3.9/site-packages/airflow/example_dags/example_branch_labels.py
[2022-03-18 17:54:41,359] {processor.py:642} INFO - Processing file /Users/louisekirkham/Documents/linkedin_learning/Ex_Files_Data_Engineering_Foundations/airflow_env/lib/python3.9/site-packages/airflow/example_dags/example_branch_labels.py for tasks to queue
[2022-03-18 17:54:41,359] {logging_mixin.py:109} INFO - [2022-03-18 17:54:41,359] {dagbag.py:500} INFO - Filling up the DagBag from /Users/louisekirkham/Documents/linkedin_learning/Ex_Files_Data_Engineering_Foundations/airflow_env/lib/python3.9/site-packages/airflow/example_dags/example_branch_labels.py
[2022-03-18 17:54:41,392] {processor.py:654} INFO - DAG(s) dict_keys(['example_branch_labels']) retrieved from /Users/louisekirkham/Documents/linkedin_learning/Ex_Files_Data_Engineering_Foundations/airflow_env/lib/python3.9/site-packages/airflow/example_dags/example_branch_labels.py
[2022-03-18 17:54:41,407] {logging_mixin.py:109} INFO - [2022-03-18 17:54:41,407] {dag.py:2398} INFO - Sync 1 DAGs
[2022-03-18 17:54:41,417] {logging_mixin.py:109} INFO - [2022-03-18 17:54:41,417] {dag.py:2937} INFO - Setting next_dagrun for example_branch_labels to 2022-03-17 00:00:00+00:00
[2022-03-18 17:54:41,424] {processor.py:171} INFO - Processing /Users/louisekirkham/Documents/linkedin_learning/Ex_Files_Data_Engineering_Foundations/airflow_env/lib/python3.9/site-packages/airflow/example_dags/example_branch_labels.py took 0.066 seconds
[2022-03-18 17:56:05,128] {processor.py:163} INFO - Started process (PID=51260) to work on /Users/louisekirkham/Documents/linkedin_learning/Ex_Files_Data_Engineering_Foundations/airflow_env/lib/python3.9/site-packages/airflow/example_dags/example_branch_labels.py
[2022-03-18 17:56:05,129] {processor.py:642} INFO - Processing file /Users/louisekirkham/Documents/linkedin_learning/Ex_Files_Data_Engineering_Foundations/airflow_env/lib/python3.9/site-packages/airflow/example_dags/example_branch_labels.py for tasks to queue
[2022-03-18 17:56:05,129] {logging_mixin.py:109} INFO - [2022-03-18 17:56:05,129] {dagbag.py:500} INFO - Filling up the DagBag from /Users/louisekirkham/Documents/linkedin_learning/Ex_Files_Data_Engineering_Foundations/airflow_env/lib/python3.9/site-packages/airflow/example_dags/example_branch_labels.py
[2022-03-18 17:56:05,166] {processor.py:654} INFO - DAG(s) dict_keys(['example_branch_labels']) retrieved from /Users/louisekirkham/Documents/linkedin_learning/Ex_Files_Data_Engineering_Foundations/airflow_env/lib/python3.9/site-packages/airflow/example_dags/example_branch_labels.py
[2022-03-18 17:56:05,186] {logging_mixin.py:109} INFO - [2022-03-18 17:56:05,186] {dag.py:2398} INFO - Sync 1 DAGs
[2022-03-18 17:56:05,200] {logging_mixin.py:109} INFO - [2022-03-18 17:56:05,200] {dag.py:2937} INFO - Setting next_dagrun for example_branch_labels to 2022-03-17 00:00:00+00:00
[2022-03-18 17:56:05,207] {processor.py:171} INFO - Processing /Users/louisekirkham/Documents/linkedin_learning/Ex_Files_Data_Engineering_Foundations/airflow_env/lib/python3.9/site-packages/airflow/example_dags/example_branch_labels.py took 0.080 seconds
[2022-03-18 17:57:30,792] {processor.py:163} INFO - Started process (PID=51322) to work on /Users/louisekirkham/Documents/linkedin_learning/Ex_Files_Data_Engineering_Foundations/airflow_env/lib/python3.9/site-packages/airflow/example_dags/example_branch_labels.py
[2022-03-18 17:57:30,793] {processor.py:642} INFO - Processing file /Users/louisekirkham/Documents/linkedin_learning/Ex_Files_Data_Engineering_Foundations/airflow_env/lib/python3.9/site-packages/airflow/example_dags/example_branch_labels.py for tasks to queue
[2022-03-18 17:57:30,793] {logging_mixin.py:109} INFO - [2022-03-18 17:57:30,793] {dagbag.py:500} INFO - Filling up the DagBag from /Users/louisekirkham/Documents/linkedin_learning/Ex_Files_Data_Engineering_Foundations/airflow_env/lib/python3.9/site-packages/airflow/example_dags/example_branch_labels.py
[2022-03-18 17:57:30,827] {processor.py:654} INFO - DAG(s) dict_keys(['example_branch_labels']) retrieved from /Users/louisekirkham/Documents/linkedin_learning/Ex_Files_Data_Engineering_Foundations/airflow_env/lib/python3.9/site-packages/airflow/example_dags/example_branch_labels.py
[2022-03-18 17:57:30,848] {logging_mixin.py:109} INFO - [2022-03-18 17:57:30,847] {dag.py:2398} INFO - Sync 1 DAGs
[2022-03-18 17:57:30,859] {logging_mixin.py:109} INFO - [2022-03-18 17:57:30,859] {dag.py:2937} INFO - Setting next_dagrun for example_branch_labels to 2022-03-17 00:00:00+00:00
[2022-03-18 17:57:30,866] {processor.py:171} INFO - Processing /Users/louisekirkham/Documents/linkedin_learning/Ex_Files_Data_Engineering_Foundations/airflow_env/lib/python3.9/site-packages/airflow/example_dags/example_branch_labels.py took 0.074 seconds
[2022-03-18 17:59:04,585] {processor.py:163} INFO - Started process (PID=51487) to work on /Users/louisekirkham/Documents/linkedin_learning/Ex_Files_Data_Engineering_Foundations/airflow_env/lib/python3.9/site-packages/airflow/example_dags/example_branch_labels.py
[2022-03-18 17:59:04,585] {processor.py:642} INFO - Processing file /Users/louisekirkham/Documents/linkedin_learning/Ex_Files_Data_Engineering_Foundations/airflow_env/lib/python3.9/site-packages/airflow/example_dags/example_branch_labels.py for tasks to queue
[2022-03-18 17:59:04,586] {logging_mixin.py:109} INFO - [2022-03-18 17:59:04,585] {dagbag.py:500} INFO - Filling up the DagBag from /Users/louisekirkham/Documents/linkedin_learning/Ex_Files_Data_Engineering_Foundations/airflow_env/lib/python3.9/site-packages/airflow/example_dags/example_branch_labels.py
[2022-03-18 17:59:04,617] {processor.py:654} INFO - DAG(s) dict_keys(['example_branch_labels']) retrieved from /Users/louisekirkham/Documents/linkedin_learning/Ex_Files_Data_Engineering_Foundations/airflow_env/lib/python3.9/site-packages/airflow/example_dags/example_branch_labels.py
[2022-03-18 17:59:04,633] {logging_mixin.py:109} INFO - [2022-03-18 17:59:04,633] {dag.py:2398} INFO - Sync 1 DAGs
[2022-03-18 17:59:04,642] {logging_mixin.py:109} INFO - [2022-03-18 17:59:04,642] {dag.py:2937} INFO - Setting next_dagrun for example_branch_labels to 2022-03-17 00:00:00+00:00
[2022-03-18 17:59:04,649] {processor.py:171} INFO - Processing /Users/louisekirkham/Documents/linkedin_learning/Ex_Files_Data_Engineering_Foundations/airflow_env/lib/python3.9/site-packages/airflow/example_dags/example_branch_labels.py took 0.065 seconds
