[2022-03-18 10:37:40,040] {processor.py:163} INFO - Started process (PID=46435) to work on /Users/louisekirkham/Documents/linkedin_learning/Ex_Files_Data_Engineering_Foundations/airflow_env/lib/python3.9/site-packages/airflow/example_dags/example_bash_operator.py
[2022-03-18 10:37:40,040] {processor.py:642} INFO - Processing file /Users/louisekirkham/Documents/linkedin_learning/Ex_Files_Data_Engineering_Foundations/airflow_env/lib/python3.9/site-packages/airflow/example_dags/example_bash_operator.py for tasks to queue
[2022-03-18 10:37:40,040] {logging_mixin.py:109} INFO - [2022-03-18 10:37:40,040] {dagbag.py:500} INFO - Filling up the DagBag from /Users/louisekirkham/Documents/linkedin_learning/Ex_Files_Data_Engineering_Foundations/airflow_env/lib/python3.9/site-packages/airflow/example_dags/example_bash_operator.py
[2022-03-18 10:37:40,074] {processor.py:654} INFO - DAG(s) dict_keys(['example_bash_operator']) retrieved from /Users/louisekirkham/Documents/linkedin_learning/Ex_Files_Data_Engineering_Foundations/airflow_env/lib/python3.9/site-packages/airflow/example_dags/example_bash_operator.py
[2022-03-18 10:37:40,090] {logging_mixin.py:109} INFO - [2022-03-18 10:37:40,090] {dag.py:2398} INFO - Sync 1 DAGs
[2022-03-18 10:37:40,100] {logging_mixin.py:109} INFO - [2022-03-18 10:37:40,100] {dag.py:2937} INFO - Setting next_dagrun for example_bash_operator to 2022-03-17 00:00:00+00:00
[2022-03-18 10:37:40,107] {processor.py:171} INFO - Processing /Users/louisekirkham/Documents/linkedin_learning/Ex_Files_Data_Engineering_Foundations/airflow_env/lib/python3.9/site-packages/airflow/example_dags/example_bash_operator.py took 0.068 seconds
[2022-03-18 10:39:07,203] {processor.py:163} INFO - Started process (PID=46504) to work on /Users/louisekirkham/Documents/linkedin_learning/Ex_Files_Data_Engineering_Foundations/airflow_env/lib/python3.9/site-packages/airflow/example_dags/example_bash_operator.py
[2022-03-18 10:39:07,204] {processor.py:642} INFO - Processing file /Users/louisekirkham/Documents/linkedin_learning/Ex_Files_Data_Engineering_Foundations/airflow_env/lib/python3.9/site-packages/airflow/example_dags/example_bash_operator.py for tasks to queue
[2022-03-18 10:39:07,204] {logging_mixin.py:109} INFO - [2022-03-18 10:39:07,204] {dagbag.py:500} INFO - Filling up the DagBag from /Users/louisekirkham/Documents/linkedin_learning/Ex_Files_Data_Engineering_Foundations/airflow_env/lib/python3.9/site-packages/airflow/example_dags/example_bash_operator.py
[2022-03-18 10:39:07,249] {processor.py:654} INFO - DAG(s) dict_keys(['example_bash_operator']) retrieved from /Users/louisekirkham/Documents/linkedin_learning/Ex_Files_Data_Engineering_Foundations/airflow_env/lib/python3.9/site-packages/airflow/example_dags/example_bash_operator.py
[2022-03-18 10:39:07,267] {logging_mixin.py:109} INFO - [2022-03-18 10:39:07,267] {dag.py:2398} INFO - Sync 1 DAGs
[2022-03-18 10:39:07,279] {logging_mixin.py:109} INFO - [2022-03-18 10:39:07,279] {dag.py:2937} INFO - Setting next_dagrun for example_bash_operator to 2022-03-17 00:00:00+00:00
[2022-03-18 10:39:07,291] {processor.py:171} INFO - Processing /Users/louisekirkham/Documents/linkedin_learning/Ex_Files_Data_Engineering_Foundations/airflow_env/lib/python3.9/site-packages/airflow/example_dags/example_bash_operator.py took 0.088 seconds
[2022-03-18 17:05:54,664] {processor.py:163} INFO - Started process (PID=46700) to work on /Users/louisekirkham/Documents/linkedin_learning/Ex_Files_Data_Engineering_Foundations/airflow_env/lib/python3.9/site-packages/airflow/example_dags/example_bash_operator.py
[2022-03-18 17:05:54,665] {processor.py:642} INFO - Processing file /Users/louisekirkham/Documents/linkedin_learning/Ex_Files_Data_Engineering_Foundations/airflow_env/lib/python3.9/site-packages/airflow/example_dags/example_bash_operator.py for tasks to queue
[2022-03-18 17:05:54,665] {logging_mixin.py:109} INFO - [2022-03-18 17:05:54,665] {dagbag.py:500} INFO - Filling up the DagBag from /Users/louisekirkham/Documents/linkedin_learning/Ex_Files_Data_Engineering_Foundations/airflow_env/lib/python3.9/site-packages/airflow/example_dags/example_bash_operator.py
[2022-03-18 17:05:54,696] {processor.py:654} INFO - DAG(s) dict_keys(['example_bash_operator']) retrieved from /Users/louisekirkham/Documents/linkedin_learning/Ex_Files_Data_Engineering_Foundations/airflow_env/lib/python3.9/site-packages/airflow/example_dags/example_bash_operator.py
[2022-03-18 17:05:54,711] {logging_mixin.py:109} INFO - [2022-03-18 17:05:54,711] {dag.py:2398} INFO - Sync 1 DAGs
[2022-03-18 17:05:54,720] {logging_mixin.py:109} INFO - [2022-03-18 17:05:54,720] {dag.py:2937} INFO - Setting next_dagrun for example_bash_operator to 2022-03-17 00:00:00+00:00
[2022-03-18 17:05:54,726] {processor.py:171} INFO - Processing /Users/louisekirkham/Documents/linkedin_learning/Ex_Files_Data_Engineering_Foundations/airflow_env/lib/python3.9/site-packages/airflow/example_dags/example_bash_operator.py took 0.063 seconds
[2022-03-18 17:07:26,531] {processor.py:163} INFO - Started process (PID=46784) to work on /Users/louisekirkham/Documents/linkedin_learning/Ex_Files_Data_Engineering_Foundations/airflow_env/lib/python3.9/site-packages/airflow/example_dags/example_bash_operator.py
[2022-03-18 17:07:26,531] {processor.py:642} INFO - Processing file /Users/louisekirkham/Documents/linkedin_learning/Ex_Files_Data_Engineering_Foundations/airflow_env/lib/python3.9/site-packages/airflow/example_dags/example_bash_operator.py for tasks to queue
[2022-03-18 17:07:26,532] {logging_mixin.py:109} INFO - [2022-03-18 17:07:26,532] {dagbag.py:500} INFO - Filling up the DagBag from /Users/louisekirkham/Documents/linkedin_learning/Ex_Files_Data_Engineering_Foundations/airflow_env/lib/python3.9/site-packages/airflow/example_dags/example_bash_operator.py
[2022-03-18 17:07:26,566] {processor.py:654} INFO - DAG(s) dict_keys(['example_bash_operator']) retrieved from /Users/louisekirkham/Documents/linkedin_learning/Ex_Files_Data_Engineering_Foundations/airflow_env/lib/python3.9/site-packages/airflow/example_dags/example_bash_operator.py
[2022-03-18 17:07:26,581] {logging_mixin.py:109} INFO - [2022-03-18 17:07:26,581] {dag.py:2398} INFO - Sync 1 DAGs
[2022-03-18 17:07:26,590] {logging_mixin.py:109} INFO - [2022-03-18 17:07:26,590] {dag.py:2937} INFO - Setting next_dagrun for example_bash_operator to 2022-03-17 00:00:00+00:00
[2022-03-18 17:07:26,596] {processor.py:171} INFO - Processing /Users/louisekirkham/Documents/linkedin_learning/Ex_Files_Data_Engineering_Foundations/airflow_env/lib/python3.9/site-packages/airflow/example_dags/example_bash_operator.py took 0.066 seconds
[2022-03-18 17:08:55,379] {processor.py:163} INFO - Started process (PID=46861) to work on /Users/louisekirkham/Documents/linkedin_learning/Ex_Files_Data_Engineering_Foundations/airflow_env/lib/python3.9/site-packages/airflow/example_dags/example_bash_operator.py
[2022-03-18 17:08:55,380] {processor.py:642} INFO - Processing file /Users/louisekirkham/Documents/linkedin_learning/Ex_Files_Data_Engineering_Foundations/airflow_env/lib/python3.9/site-packages/airflow/example_dags/example_bash_operator.py for tasks to queue
[2022-03-18 17:08:55,381] {logging_mixin.py:109} INFO - [2022-03-18 17:08:55,381] {dagbag.py:500} INFO - Filling up the DagBag from /Users/louisekirkham/Documents/linkedin_learning/Ex_Files_Data_Engineering_Foundations/airflow_env/lib/python3.9/site-packages/airflow/example_dags/example_bash_operator.py
[2022-03-18 17:08:55,413] {processor.py:654} INFO - DAG(s) dict_keys(['example_bash_operator']) retrieved from /Users/louisekirkham/Documents/linkedin_learning/Ex_Files_Data_Engineering_Foundations/airflow_env/lib/python3.9/site-packages/airflow/example_dags/example_bash_operator.py
[2022-03-18 17:08:55,430] {logging_mixin.py:109} INFO - [2022-03-18 17:08:55,430] {dag.py:2398} INFO - Sync 1 DAGs
[2022-03-18 17:08:55,440] {logging_mixin.py:109} INFO - [2022-03-18 17:08:55,440] {dag.py:2937} INFO - Setting next_dagrun for example_bash_operator to 2022-03-17 00:00:00+00:00
[2022-03-18 17:08:55,447] {processor.py:171} INFO - Processing /Users/louisekirkham/Documents/linkedin_learning/Ex_Files_Data_Engineering_Foundations/airflow_env/lib/python3.9/site-packages/airflow/example_dags/example_bash_operator.py took 0.068 seconds
[2022-03-18 17:10:19,392] {processor.py:163} INFO - Started process (PID=46931) to work on /Users/louisekirkham/Documents/linkedin_learning/Ex_Files_Data_Engineering_Foundations/airflow_env/lib/python3.9/site-packages/airflow/example_dags/example_bash_operator.py
[2022-03-18 17:10:19,392] {processor.py:642} INFO - Processing file /Users/louisekirkham/Documents/linkedin_learning/Ex_Files_Data_Engineering_Foundations/airflow_env/lib/python3.9/site-packages/airflow/example_dags/example_bash_operator.py for tasks to queue
[2022-03-18 17:10:19,392] {logging_mixin.py:109} INFO - [2022-03-18 17:10:19,392] {dagbag.py:500} INFO - Filling up the DagBag from /Users/louisekirkham/Documents/linkedin_learning/Ex_Files_Data_Engineering_Foundations/airflow_env/lib/python3.9/site-packages/airflow/example_dags/example_bash_operator.py
[2022-03-18 17:10:19,424] {processor.py:654} INFO - DAG(s) dict_keys(['example_bash_operator']) retrieved from /Users/louisekirkham/Documents/linkedin_learning/Ex_Files_Data_Engineering_Foundations/airflow_env/lib/python3.9/site-packages/airflow/example_dags/example_bash_operator.py
[2022-03-18 17:10:19,440] {logging_mixin.py:109} INFO - [2022-03-18 17:10:19,439] {dag.py:2398} INFO - Sync 1 DAGs
[2022-03-18 17:10:19,450] {logging_mixin.py:109} INFO - [2022-03-18 17:10:19,450] {dag.py:2937} INFO - Setting next_dagrun for example_bash_operator to 2022-03-17 00:00:00+00:00
[2022-03-18 17:10:19,457] {processor.py:171} INFO - Processing /Users/louisekirkham/Documents/linkedin_learning/Ex_Files_Data_Engineering_Foundations/airflow_env/lib/python3.9/site-packages/airflow/example_dags/example_bash_operator.py took 0.066 seconds
[2022-03-18 17:11:57,388] {processor.py:163} INFO - Started process (PID=47006) to work on /Users/louisekirkham/Documents/linkedin_learning/Ex_Files_Data_Engineering_Foundations/airflow_env/lib/python3.9/site-packages/airflow/example_dags/example_bash_operator.py
[2022-03-18 17:11:57,389] {processor.py:642} INFO - Processing file /Users/louisekirkham/Documents/linkedin_learning/Ex_Files_Data_Engineering_Foundations/airflow_env/lib/python3.9/site-packages/airflow/example_dags/example_bash_operator.py for tasks to queue
[2022-03-18 17:11:57,390] {logging_mixin.py:109} INFO - [2022-03-18 17:11:57,390] {dagbag.py:500} INFO - Filling up the DagBag from /Users/louisekirkham/Documents/linkedin_learning/Ex_Files_Data_Engineering_Foundations/airflow_env/lib/python3.9/site-packages/airflow/example_dags/example_bash_operator.py
[2022-03-18 17:11:57,423] {processor.py:654} INFO - DAG(s) dict_keys(['example_bash_operator']) retrieved from /Users/louisekirkham/Documents/linkedin_learning/Ex_Files_Data_Engineering_Foundations/airflow_env/lib/python3.9/site-packages/airflow/example_dags/example_bash_operator.py
[2022-03-18 17:11:57,440] {logging_mixin.py:109} INFO - [2022-03-18 17:11:57,440] {dag.py:2398} INFO - Sync 1 DAGs
[2022-03-18 17:11:57,449] {logging_mixin.py:109} INFO - [2022-03-18 17:11:57,449] {dag.py:2937} INFO - Setting next_dagrun for example_bash_operator to 2022-03-17 00:00:00+00:00
[2022-03-18 17:11:57,456] {processor.py:171} INFO - Processing /Users/louisekirkham/Documents/linkedin_learning/Ex_Files_Data_Engineering_Foundations/airflow_env/lib/python3.9/site-packages/airflow/example_dags/example_bash_operator.py took 0.069 seconds
[2022-03-18 17:13:22,147] {processor.py:163} INFO - Started process (PID=47075) to work on /Users/louisekirkham/Documents/linkedin_learning/Ex_Files_Data_Engineering_Foundations/airflow_env/lib/python3.9/site-packages/airflow/example_dags/example_bash_operator.py
[2022-03-18 17:13:22,149] {processor.py:642} INFO - Processing file /Users/louisekirkham/Documents/linkedin_learning/Ex_Files_Data_Engineering_Foundations/airflow_env/lib/python3.9/site-packages/airflow/example_dags/example_bash_operator.py for tasks to queue
[2022-03-18 17:13:22,149] {logging_mixin.py:109} INFO - [2022-03-18 17:13:22,149] {dagbag.py:500} INFO - Filling up the DagBag from /Users/louisekirkham/Documents/linkedin_learning/Ex_Files_Data_Engineering_Foundations/airflow_env/lib/python3.9/site-packages/airflow/example_dags/example_bash_operator.py
[2022-03-18 17:13:22,181] {processor.py:654} INFO - DAG(s) dict_keys(['example_bash_operator']) retrieved from /Users/louisekirkham/Documents/linkedin_learning/Ex_Files_Data_Engineering_Foundations/airflow_env/lib/python3.9/site-packages/airflow/example_dags/example_bash_operator.py
[2022-03-18 17:13:22,195] {logging_mixin.py:109} INFO - [2022-03-18 17:13:22,194] {dag.py:2398} INFO - Sync 1 DAGs
[2022-03-18 17:13:22,202] {logging_mixin.py:109} INFO - [2022-03-18 17:13:22,202] {dag.py:2937} INFO - Setting next_dagrun for example_bash_operator to 2022-03-17 00:00:00+00:00
[2022-03-18 17:13:22,209] {processor.py:171} INFO - Processing /Users/louisekirkham/Documents/linkedin_learning/Ex_Files_Data_Engineering_Foundations/airflow_env/lib/python3.9/site-packages/airflow/example_dags/example_bash_operator.py took 0.062 seconds
[2022-03-18 17:14:46,878] {processor.py:163} INFO - Started process (PID=47135) to work on /Users/louisekirkham/Documents/linkedin_learning/Ex_Files_Data_Engineering_Foundations/airflow_env/lib/python3.9/site-packages/airflow/example_dags/example_bash_operator.py
[2022-03-18 17:14:46,879] {processor.py:642} INFO - Processing file /Users/louisekirkham/Documents/linkedin_learning/Ex_Files_Data_Engineering_Foundations/airflow_env/lib/python3.9/site-packages/airflow/example_dags/example_bash_operator.py for tasks to queue
[2022-03-18 17:14:46,880] {logging_mixin.py:109} INFO - [2022-03-18 17:14:46,880] {dagbag.py:500} INFO - Filling up the DagBag from /Users/louisekirkham/Documents/linkedin_learning/Ex_Files_Data_Engineering_Foundations/airflow_env/lib/python3.9/site-packages/airflow/example_dags/example_bash_operator.py
[2022-03-18 17:14:46,916] {processor.py:654} INFO - DAG(s) dict_keys(['example_bash_operator']) retrieved from /Users/louisekirkham/Documents/linkedin_learning/Ex_Files_Data_Engineering_Foundations/airflow_env/lib/python3.9/site-packages/airflow/example_dags/example_bash_operator.py
[2022-03-18 17:14:46,932] {logging_mixin.py:109} INFO - [2022-03-18 17:14:46,932] {dag.py:2398} INFO - Sync 1 DAGs
[2022-03-18 17:14:46,941] {logging_mixin.py:109} INFO - [2022-03-18 17:14:46,941] {dag.py:2937} INFO - Setting next_dagrun for example_bash_operator to 2022-03-17 00:00:00+00:00
[2022-03-18 17:14:46,948] {processor.py:171} INFO - Processing /Users/louisekirkham/Documents/linkedin_learning/Ex_Files_Data_Engineering_Foundations/airflow_env/lib/python3.9/site-packages/airflow/example_dags/example_bash_operator.py took 0.070 seconds
[2022-03-18 17:16:12,131] {processor.py:163} INFO - Started process (PID=47202) to work on /Users/louisekirkham/Documents/linkedin_learning/Ex_Files_Data_Engineering_Foundations/airflow_env/lib/python3.9/site-packages/airflow/example_dags/example_bash_operator.py
[2022-03-18 17:16:12,132] {processor.py:642} INFO - Processing file /Users/louisekirkham/Documents/linkedin_learning/Ex_Files_Data_Engineering_Foundations/airflow_env/lib/python3.9/site-packages/airflow/example_dags/example_bash_operator.py for tasks to queue
[2022-03-18 17:16:12,132] {logging_mixin.py:109} INFO - [2022-03-18 17:16:12,132] {dagbag.py:500} INFO - Filling up the DagBag from /Users/louisekirkham/Documents/linkedin_learning/Ex_Files_Data_Engineering_Foundations/airflow_env/lib/python3.9/site-packages/airflow/example_dags/example_bash_operator.py
[2022-03-18 17:16:12,165] {processor.py:654} INFO - DAG(s) dict_keys(['example_bash_operator']) retrieved from /Users/louisekirkham/Documents/linkedin_learning/Ex_Files_Data_Engineering_Foundations/airflow_env/lib/python3.9/site-packages/airflow/example_dags/example_bash_operator.py
[2022-03-18 17:16:12,180] {logging_mixin.py:109} INFO - [2022-03-18 17:16:12,180] {dag.py:2398} INFO - Sync 1 DAGs
[2022-03-18 17:16:12,188] {logging_mixin.py:109} INFO - [2022-03-18 17:16:12,188] {dag.py:2937} INFO - Setting next_dagrun for example_bash_operator to 2022-03-17 00:00:00+00:00
[2022-03-18 17:16:12,194] {processor.py:171} INFO - Processing /Users/louisekirkham/Documents/linkedin_learning/Ex_Files_Data_Engineering_Foundations/airflow_env/lib/python3.9/site-packages/airflow/example_dags/example_bash_operator.py took 0.064 seconds
[2022-03-18 17:17:36,894] {processor.py:163} INFO - Started process (PID=47276) to work on /Users/louisekirkham/Documents/linkedin_learning/Ex_Files_Data_Engineering_Foundations/airflow_env/lib/python3.9/site-packages/airflow/example_dags/example_bash_operator.py
[2022-03-18 17:17:36,895] {processor.py:642} INFO - Processing file /Users/louisekirkham/Documents/linkedin_learning/Ex_Files_Data_Engineering_Foundations/airflow_env/lib/python3.9/site-packages/airflow/example_dags/example_bash_operator.py for tasks to queue
[2022-03-18 17:17:36,896] {logging_mixin.py:109} INFO - [2022-03-18 17:17:36,896] {dagbag.py:500} INFO - Filling up the DagBag from /Users/louisekirkham/Documents/linkedin_learning/Ex_Files_Data_Engineering_Foundations/airflow_env/lib/python3.9/site-packages/airflow/example_dags/example_bash_operator.py
[2022-03-18 17:17:36,925] {processor.py:654} INFO - DAG(s) dict_keys(['example_bash_operator']) retrieved from /Users/louisekirkham/Documents/linkedin_learning/Ex_Files_Data_Engineering_Foundations/airflow_env/lib/python3.9/site-packages/airflow/example_dags/example_bash_operator.py
[2022-03-18 17:17:36,941] {logging_mixin.py:109} INFO - [2022-03-18 17:17:36,941] {dag.py:2398} INFO - Sync 1 DAGs
[2022-03-18 17:17:36,949] {logging_mixin.py:109} INFO - [2022-03-18 17:17:36,949] {dag.py:2937} INFO - Setting next_dagrun for example_bash_operator to 2022-03-17 00:00:00+00:00
[2022-03-18 17:17:36,955] {processor.py:171} INFO - Processing /Users/louisekirkham/Documents/linkedin_learning/Ex_Files_Data_Engineering_Foundations/airflow_env/lib/python3.9/site-packages/airflow/example_dags/example_bash_operator.py took 0.061 seconds
[2022-03-18 17:19:01,226] {processor.py:163} INFO - Started process (PID=47340) to work on /Users/louisekirkham/Documents/linkedin_learning/Ex_Files_Data_Engineering_Foundations/airflow_env/lib/python3.9/site-packages/airflow/example_dags/example_bash_operator.py
[2022-03-18 17:19:01,227] {processor.py:642} INFO - Processing file /Users/louisekirkham/Documents/linkedin_learning/Ex_Files_Data_Engineering_Foundations/airflow_env/lib/python3.9/site-packages/airflow/example_dags/example_bash_operator.py for tasks to queue
[2022-03-18 17:19:01,227] {logging_mixin.py:109} INFO - [2022-03-18 17:19:01,227] {dagbag.py:500} INFO - Filling up the DagBag from /Users/louisekirkham/Documents/linkedin_learning/Ex_Files_Data_Engineering_Foundations/airflow_env/lib/python3.9/site-packages/airflow/example_dags/example_bash_operator.py
[2022-03-18 17:19:01,257] {processor.py:654} INFO - DAG(s) dict_keys(['example_bash_operator']) retrieved from /Users/louisekirkham/Documents/linkedin_learning/Ex_Files_Data_Engineering_Foundations/airflow_env/lib/python3.9/site-packages/airflow/example_dags/example_bash_operator.py
[2022-03-18 17:19:01,272] {logging_mixin.py:109} INFO - [2022-03-18 17:19:01,272] {dag.py:2398} INFO - Sync 1 DAGs
[2022-03-18 17:19:01,281] {logging_mixin.py:109} INFO - [2022-03-18 17:19:01,281] {dag.py:2937} INFO - Setting next_dagrun for example_bash_operator to 2022-03-17 00:00:00+00:00
[2022-03-18 17:19:01,287] {processor.py:171} INFO - Processing /Users/louisekirkham/Documents/linkedin_learning/Ex_Files_Data_Engineering_Foundations/airflow_env/lib/python3.9/site-packages/airflow/example_dags/example_bash_operator.py took 0.061 seconds
[2022-03-18 17:24:41,957] {processor.py:163} INFO - Started process (PID=47564) to work on /Users/louisekirkham/Documents/linkedin_learning/Ex_Files_Data_Engineering_Foundations/airflow_env/lib/python3.9/site-packages/airflow/example_dags/example_bash_operator.py
[2022-03-18 17:24:41,959] {processor.py:642} INFO - Processing file /Users/louisekirkham/Documents/linkedin_learning/Ex_Files_Data_Engineering_Foundations/airflow_env/lib/python3.9/site-packages/airflow/example_dags/example_bash_operator.py for tasks to queue
[2022-03-18 17:24:41,959] {logging_mixin.py:109} INFO - [2022-03-18 17:24:41,959] {dagbag.py:500} INFO - Filling up the DagBag from /Users/louisekirkham/Documents/linkedin_learning/Ex_Files_Data_Engineering_Foundations/airflow_env/lib/python3.9/site-packages/airflow/example_dags/example_bash_operator.py
[2022-03-18 17:24:41,988] {processor.py:654} INFO - DAG(s) dict_keys(['example_bash_operator']) retrieved from /Users/louisekirkham/Documents/linkedin_learning/Ex_Files_Data_Engineering_Foundations/airflow_env/lib/python3.9/site-packages/airflow/example_dags/example_bash_operator.py
[2022-03-18 17:24:42,003] {logging_mixin.py:109} INFO - [2022-03-18 17:24:42,003] {dag.py:2398} INFO - Sync 1 DAGs
[2022-03-18 17:24:42,012] {logging_mixin.py:109} INFO - [2022-03-18 17:24:42,012] {dag.py:2937} INFO - Setting next_dagrun for example_bash_operator to 2022-03-17 00:00:00+00:00
[2022-03-18 17:24:42,020] {processor.py:171} INFO - Processing /Users/louisekirkham/Documents/linkedin_learning/Ex_Files_Data_Engineering_Foundations/airflow_env/lib/python3.9/site-packages/airflow/example_dags/example_bash_operator.py took 0.064 seconds
[2022-03-18 17:26:17,015] {processor.py:163} INFO - Started process (PID=47649) to work on /Users/louisekirkham/Documents/linkedin_learning/Ex_Files_Data_Engineering_Foundations/airflow_env/lib/python3.9/site-packages/airflow/example_dags/example_bash_operator.py
[2022-03-18 17:26:17,015] {processor.py:642} INFO - Processing file /Users/louisekirkham/Documents/linkedin_learning/Ex_Files_Data_Engineering_Foundations/airflow_env/lib/python3.9/site-packages/airflow/example_dags/example_bash_operator.py for tasks to queue
[2022-03-18 17:26:17,015] {logging_mixin.py:109} INFO - [2022-03-18 17:26:17,015] {dagbag.py:500} INFO - Filling up the DagBag from /Users/louisekirkham/Documents/linkedin_learning/Ex_Files_Data_Engineering_Foundations/airflow_env/lib/python3.9/site-packages/airflow/example_dags/example_bash_operator.py
[2022-03-18 17:26:17,046] {processor.py:654} INFO - DAG(s) dict_keys(['example_bash_operator']) retrieved from /Users/louisekirkham/Documents/linkedin_learning/Ex_Files_Data_Engineering_Foundations/airflow_env/lib/python3.9/site-packages/airflow/example_dags/example_bash_operator.py
[2022-03-18 17:26:17,060] {logging_mixin.py:109} INFO - [2022-03-18 17:26:17,060] {dag.py:2398} INFO - Sync 1 DAGs
[2022-03-18 17:26:17,069] {logging_mixin.py:109} INFO - [2022-03-18 17:26:17,069] {dag.py:2937} INFO - Setting next_dagrun for example_bash_operator to 2022-03-17 00:00:00+00:00
[2022-03-18 17:26:17,075] {processor.py:171} INFO - Processing /Users/louisekirkham/Documents/linkedin_learning/Ex_Files_Data_Engineering_Foundations/airflow_env/lib/python3.9/site-packages/airflow/example_dags/example_bash_operator.py took 0.061 seconds
[2022-03-18 17:29:09,213] {processor.py:163} INFO - Started process (PID=47773) to work on /Users/louisekirkham/Documents/linkedin_learning/Ex_Files_Data_Engineering_Foundations/airflow_env/lib/python3.9/site-packages/airflow/example_dags/example_bash_operator.py
[2022-03-18 17:29:09,213] {processor.py:642} INFO - Processing file /Users/louisekirkham/Documents/linkedin_learning/Ex_Files_Data_Engineering_Foundations/airflow_env/lib/python3.9/site-packages/airflow/example_dags/example_bash_operator.py for tasks to queue
[2022-03-18 17:29:09,213] {logging_mixin.py:109} INFO - [2022-03-18 17:29:09,213] {dagbag.py:500} INFO - Filling up the DagBag from /Users/louisekirkham/Documents/linkedin_learning/Ex_Files_Data_Engineering_Foundations/airflow_env/lib/python3.9/site-packages/airflow/example_dags/example_bash_operator.py
[2022-03-18 17:29:09,244] {processor.py:654} INFO - DAG(s) dict_keys(['example_bash_operator']) retrieved from /Users/louisekirkham/Documents/linkedin_learning/Ex_Files_Data_Engineering_Foundations/airflow_env/lib/python3.9/site-packages/airflow/example_dags/example_bash_operator.py
[2022-03-18 17:29:09,258] {logging_mixin.py:109} INFO - [2022-03-18 17:29:09,258] {dag.py:2398} INFO - Sync 1 DAGs
[2022-03-18 17:29:09,267] {logging_mixin.py:109} INFO - [2022-03-18 17:29:09,267] {dag.py:2937} INFO - Setting next_dagrun for example_bash_operator to 2022-03-17 00:00:00+00:00
[2022-03-18 17:29:09,275] {processor.py:171} INFO - Processing /Users/louisekirkham/Documents/linkedin_learning/Ex_Files_Data_Engineering_Foundations/airflow_env/lib/python3.9/site-packages/airflow/example_dags/example_bash_operator.py took 0.063 seconds
[2022-03-18 17:32:27,377] {processor.py:163} INFO - Started process (PID=47945) to work on /Users/louisekirkham/Documents/linkedin_learning/Ex_Files_Data_Engineering_Foundations/airflow_env/lib/python3.9/site-packages/airflow/example_dags/example_bash_operator.py
[2022-03-18 17:32:27,377] {processor.py:642} INFO - Processing file /Users/louisekirkham/Documents/linkedin_learning/Ex_Files_Data_Engineering_Foundations/airflow_env/lib/python3.9/site-packages/airflow/example_dags/example_bash_operator.py for tasks to queue
[2022-03-18 17:32:27,378] {logging_mixin.py:109} INFO - [2022-03-18 17:32:27,377] {dagbag.py:500} INFO - Filling up the DagBag from /Users/louisekirkham/Documents/linkedin_learning/Ex_Files_Data_Engineering_Foundations/airflow_env/lib/python3.9/site-packages/airflow/example_dags/example_bash_operator.py
[2022-03-18 17:32:27,408] {processor.py:654} INFO - DAG(s) dict_keys(['example_bash_operator']) retrieved from /Users/louisekirkham/Documents/linkedin_learning/Ex_Files_Data_Engineering_Foundations/airflow_env/lib/python3.9/site-packages/airflow/example_dags/example_bash_operator.py
[2022-03-18 17:32:27,424] {logging_mixin.py:109} INFO - [2022-03-18 17:32:27,424] {dag.py:2398} INFO - Sync 1 DAGs
[2022-03-18 17:32:27,433] {logging_mixin.py:109} INFO - [2022-03-18 17:32:27,433] {dag.py:2937} INFO - Setting next_dagrun for example_bash_operator to 2022-03-17 00:00:00+00:00
[2022-03-18 17:32:27,441] {processor.py:171} INFO - Processing /Users/louisekirkham/Documents/linkedin_learning/Ex_Files_Data_Engineering_Foundations/airflow_env/lib/python3.9/site-packages/airflow/example_dags/example_bash_operator.py took 0.065 seconds
[2022-03-18 17:33:52,923] {processor.py:163} INFO - Started process (PID=48407) to work on /Users/louisekirkham/Documents/linkedin_learning/Ex_Files_Data_Engineering_Foundations/airflow_env/lib/python3.9/site-packages/airflow/example_dags/example_bash_operator.py
[2022-03-18 17:33:52,924] {processor.py:642} INFO - Processing file /Users/louisekirkham/Documents/linkedin_learning/Ex_Files_Data_Engineering_Foundations/airflow_env/lib/python3.9/site-packages/airflow/example_dags/example_bash_operator.py for tasks to queue
[2022-03-18 17:33:52,924] {logging_mixin.py:109} INFO - [2022-03-18 17:33:52,924] {dagbag.py:500} INFO - Filling up the DagBag from /Users/louisekirkham/Documents/linkedin_learning/Ex_Files_Data_Engineering_Foundations/airflow_env/lib/python3.9/site-packages/airflow/example_dags/example_bash_operator.py
[2022-03-18 17:33:52,953] {processor.py:654} INFO - DAG(s) dict_keys(['example_bash_operator']) retrieved from /Users/louisekirkham/Documents/linkedin_learning/Ex_Files_Data_Engineering_Foundations/airflow_env/lib/python3.9/site-packages/airflow/example_dags/example_bash_operator.py
[2022-03-18 17:33:52,967] {logging_mixin.py:109} INFO - [2022-03-18 17:33:52,966] {dag.py:2398} INFO - Sync 1 DAGs
[2022-03-18 17:33:52,974] {logging_mixin.py:109} INFO - [2022-03-18 17:33:52,974] {dag.py:2937} INFO - Setting next_dagrun for example_bash_operator to 2022-03-17 00:00:00+00:00
[2022-03-18 17:33:52,982] {processor.py:171} INFO - Processing /Users/louisekirkham/Documents/linkedin_learning/Ex_Files_Data_Engineering_Foundations/airflow_env/lib/python3.9/site-packages/airflow/example_dags/example_bash_operator.py took 0.059 seconds
[2022-03-18 17:35:14,569] {processor.py:163} INFO - Started process (PID=48494) to work on /Users/louisekirkham/Documents/linkedin_learning/Ex_Files_Data_Engineering_Foundations/airflow_env/lib/python3.9/site-packages/airflow/example_dags/example_bash_operator.py
[2022-03-18 17:35:14,570] {processor.py:642} INFO - Processing file /Users/louisekirkham/Documents/linkedin_learning/Ex_Files_Data_Engineering_Foundations/airflow_env/lib/python3.9/site-packages/airflow/example_dags/example_bash_operator.py for tasks to queue
[2022-03-18 17:35:14,570] {logging_mixin.py:109} INFO - [2022-03-18 17:35:14,570] {dagbag.py:500} INFO - Filling up the DagBag from /Users/louisekirkham/Documents/linkedin_learning/Ex_Files_Data_Engineering_Foundations/airflow_env/lib/python3.9/site-packages/airflow/example_dags/example_bash_operator.py
[2022-03-18 17:35:14,599] {processor.py:654} INFO - DAG(s) dict_keys(['example_bash_operator']) retrieved from /Users/louisekirkham/Documents/linkedin_learning/Ex_Files_Data_Engineering_Foundations/airflow_env/lib/python3.9/site-packages/airflow/example_dags/example_bash_operator.py
[2022-03-18 17:35:14,613] {logging_mixin.py:109} INFO - [2022-03-18 17:35:14,613] {dag.py:2398} INFO - Sync 1 DAGs
[2022-03-18 17:35:14,622] {logging_mixin.py:109} INFO - [2022-03-18 17:35:14,622] {dag.py:2937} INFO - Setting next_dagrun for example_bash_operator to 2022-03-17 00:00:00+00:00
[2022-03-18 17:35:14,628] {processor.py:171} INFO - Processing /Users/louisekirkham/Documents/linkedin_learning/Ex_Files_Data_Engineering_Foundations/airflow_env/lib/python3.9/site-packages/airflow/example_dags/example_bash_operator.py took 0.060 seconds
[2022-03-18 17:36:37,118] {processor.py:163} INFO - Started process (PID=48575) to work on /Users/louisekirkham/Documents/linkedin_learning/Ex_Files_Data_Engineering_Foundations/airflow_env/lib/python3.9/site-packages/airflow/example_dags/example_bash_operator.py
[2022-03-18 17:36:37,119] {processor.py:642} INFO - Processing file /Users/louisekirkham/Documents/linkedin_learning/Ex_Files_Data_Engineering_Foundations/airflow_env/lib/python3.9/site-packages/airflow/example_dags/example_bash_operator.py for tasks to queue
[2022-03-18 17:36:37,119] {logging_mixin.py:109} INFO - [2022-03-18 17:36:37,119] {dagbag.py:500} INFO - Filling up the DagBag from /Users/louisekirkham/Documents/linkedin_learning/Ex_Files_Data_Engineering_Foundations/airflow_env/lib/python3.9/site-packages/airflow/example_dags/example_bash_operator.py
[2022-03-18 17:36:37,148] {processor.py:654} INFO - DAG(s) dict_keys(['example_bash_operator']) retrieved from /Users/louisekirkham/Documents/linkedin_learning/Ex_Files_Data_Engineering_Foundations/airflow_env/lib/python3.9/site-packages/airflow/example_dags/example_bash_operator.py
[2022-03-18 17:36:37,162] {logging_mixin.py:109} INFO - [2022-03-18 17:36:37,162] {dag.py:2398} INFO - Sync 1 DAGs
[2022-03-18 17:36:37,170] {logging_mixin.py:109} INFO - [2022-03-18 17:36:37,170] {dag.py:2937} INFO - Setting next_dagrun for example_bash_operator to 2022-03-17 00:00:00+00:00
[2022-03-18 17:36:37,177] {processor.py:171} INFO - Processing /Users/louisekirkham/Documents/linkedin_learning/Ex_Files_Data_Engineering_Foundations/airflow_env/lib/python3.9/site-packages/airflow/example_dags/example_bash_operator.py took 0.059 seconds
[2022-03-18 17:38:01,573] {processor.py:163} INFO - Started process (PID=48644) to work on /Users/louisekirkham/Documents/linkedin_learning/Ex_Files_Data_Engineering_Foundations/airflow_env/lib/python3.9/site-packages/airflow/example_dags/example_bash_operator.py
[2022-03-18 17:38:01,574] {processor.py:642} INFO - Processing file /Users/louisekirkham/Documents/linkedin_learning/Ex_Files_Data_Engineering_Foundations/airflow_env/lib/python3.9/site-packages/airflow/example_dags/example_bash_operator.py for tasks to queue
[2022-03-18 17:38:01,574] {logging_mixin.py:109} INFO - [2022-03-18 17:38:01,574] {dagbag.py:500} INFO - Filling up the DagBag from /Users/louisekirkham/Documents/linkedin_learning/Ex_Files_Data_Engineering_Foundations/airflow_env/lib/python3.9/site-packages/airflow/example_dags/example_bash_operator.py
[2022-03-18 17:38:01,606] {processor.py:654} INFO - DAG(s) dict_keys(['example_bash_operator']) retrieved from /Users/louisekirkham/Documents/linkedin_learning/Ex_Files_Data_Engineering_Foundations/airflow_env/lib/python3.9/site-packages/airflow/example_dags/example_bash_operator.py
[2022-03-18 17:38:01,623] {logging_mixin.py:109} INFO - [2022-03-18 17:38:01,622] {dag.py:2398} INFO - Sync 1 DAGs
[2022-03-18 17:38:01,634] {logging_mixin.py:109} INFO - [2022-03-18 17:38:01,634] {dag.py:2937} INFO - Setting next_dagrun for example_bash_operator to 2022-03-17 00:00:00+00:00
[2022-03-18 17:38:01,640] {processor.py:171} INFO - Processing /Users/louisekirkham/Documents/linkedin_learning/Ex_Files_Data_Engineering_Foundations/airflow_env/lib/python3.9/site-packages/airflow/example_dags/example_bash_operator.py took 0.068 seconds
[2022-03-18 17:39:26,628] {processor.py:163} INFO - Started process (PID=48722) to work on /Users/louisekirkham/Documents/linkedin_learning/Ex_Files_Data_Engineering_Foundations/airflow_env/lib/python3.9/site-packages/airflow/example_dags/example_bash_operator.py
[2022-03-18 17:39:26,629] {processor.py:642} INFO - Processing file /Users/louisekirkham/Documents/linkedin_learning/Ex_Files_Data_Engineering_Foundations/airflow_env/lib/python3.9/site-packages/airflow/example_dags/example_bash_operator.py for tasks to queue
[2022-03-18 17:39:26,629] {logging_mixin.py:109} INFO - [2022-03-18 17:39:26,629] {dagbag.py:500} INFO - Filling up the DagBag from /Users/louisekirkham/Documents/linkedin_learning/Ex_Files_Data_Engineering_Foundations/airflow_env/lib/python3.9/site-packages/airflow/example_dags/example_bash_operator.py
[2022-03-18 17:39:26,663] {processor.py:654} INFO - DAG(s) dict_keys(['example_bash_operator']) retrieved from /Users/louisekirkham/Documents/linkedin_learning/Ex_Files_Data_Engineering_Foundations/airflow_env/lib/python3.9/site-packages/airflow/example_dags/example_bash_operator.py
[2022-03-18 17:39:26,678] {logging_mixin.py:109} INFO - [2022-03-18 17:39:26,678] {dag.py:2398} INFO - Sync 1 DAGs
[2022-03-18 17:39:26,686] {logging_mixin.py:109} INFO - [2022-03-18 17:39:26,686] {dag.py:2937} INFO - Setting next_dagrun for example_bash_operator to 2022-03-17 00:00:00+00:00
[2022-03-18 17:39:26,693] {processor.py:171} INFO - Processing /Users/louisekirkham/Documents/linkedin_learning/Ex_Files_Data_Engineering_Foundations/airflow_env/lib/python3.9/site-packages/airflow/example_dags/example_bash_operator.py took 0.066 seconds
[2022-03-18 17:40:52,534] {processor.py:163} INFO - Started process (PID=48816) to work on /Users/louisekirkham/Documents/linkedin_learning/Ex_Files_Data_Engineering_Foundations/airflow_env/lib/python3.9/site-packages/airflow/example_dags/example_bash_operator.py
[2022-03-18 17:40:52,535] {processor.py:642} INFO - Processing file /Users/louisekirkham/Documents/linkedin_learning/Ex_Files_Data_Engineering_Foundations/airflow_env/lib/python3.9/site-packages/airflow/example_dags/example_bash_operator.py for tasks to queue
[2022-03-18 17:40:52,535] {logging_mixin.py:109} INFO - [2022-03-18 17:40:52,535] {dagbag.py:500} INFO - Filling up the DagBag from /Users/louisekirkham/Documents/linkedin_learning/Ex_Files_Data_Engineering_Foundations/airflow_env/lib/python3.9/site-packages/airflow/example_dags/example_bash_operator.py
[2022-03-18 17:40:52,566] {processor.py:654} INFO - DAG(s) dict_keys(['example_bash_operator']) retrieved from /Users/louisekirkham/Documents/linkedin_learning/Ex_Files_Data_Engineering_Foundations/airflow_env/lib/python3.9/site-packages/airflow/example_dags/example_bash_operator.py
[2022-03-18 17:40:52,580] {logging_mixin.py:109} INFO - [2022-03-18 17:40:52,580] {dag.py:2398} INFO - Sync 1 DAGs
[2022-03-18 17:40:52,588] {logging_mixin.py:109} INFO - [2022-03-18 17:40:52,588] {dag.py:2937} INFO - Setting next_dagrun for example_bash_operator to 2022-03-17 00:00:00+00:00
[2022-03-18 17:40:52,595] {processor.py:171} INFO - Processing /Users/louisekirkham/Documents/linkedin_learning/Ex_Files_Data_Engineering_Foundations/airflow_env/lib/python3.9/site-packages/airflow/example_dags/example_bash_operator.py took 0.061 seconds
[2022-03-18 17:42:13,615] {processor.py:163} INFO - Started process (PID=48896) to work on /Users/louisekirkham/Documents/linkedin_learning/Ex_Files_Data_Engineering_Foundations/airflow_env/lib/python3.9/site-packages/airflow/example_dags/example_bash_operator.py
[2022-03-18 17:42:13,616] {processor.py:642} INFO - Processing file /Users/louisekirkham/Documents/linkedin_learning/Ex_Files_Data_Engineering_Foundations/airflow_env/lib/python3.9/site-packages/airflow/example_dags/example_bash_operator.py for tasks to queue
[2022-03-18 17:42:13,617] {logging_mixin.py:109} INFO - [2022-03-18 17:42:13,617] {dagbag.py:500} INFO - Filling up the DagBag from /Users/louisekirkham/Documents/linkedin_learning/Ex_Files_Data_Engineering_Foundations/airflow_env/lib/python3.9/site-packages/airflow/example_dags/example_bash_operator.py
[2022-03-18 17:42:13,664] {processor.py:654} INFO - DAG(s) dict_keys(['example_bash_operator']) retrieved from /Users/louisekirkham/Documents/linkedin_learning/Ex_Files_Data_Engineering_Foundations/airflow_env/lib/python3.9/site-packages/airflow/example_dags/example_bash_operator.py
[2022-03-18 17:42:13,685] {logging_mixin.py:109} INFO - [2022-03-18 17:42:13,685] {dag.py:2398} INFO - Sync 1 DAGs
[2022-03-18 17:42:13,696] {logging_mixin.py:109} INFO - [2022-03-18 17:42:13,696] {dag.py:2937} INFO - Setting next_dagrun for example_bash_operator to 2022-03-17 00:00:00+00:00
[2022-03-18 17:42:13,702] {processor.py:171} INFO - Processing /Users/louisekirkham/Documents/linkedin_learning/Ex_Files_Data_Engineering_Foundations/airflow_env/lib/python3.9/site-packages/airflow/example_dags/example_bash_operator.py took 0.088 seconds
[2022-03-18 17:43:37,461] {processor.py:163} INFO - Started process (PID=48958) to work on /Users/louisekirkham/Documents/linkedin_learning/Ex_Files_Data_Engineering_Foundations/airflow_env/lib/python3.9/site-packages/airflow/example_dags/example_bash_operator.py
[2022-03-18 17:43:37,461] {processor.py:642} INFO - Processing file /Users/louisekirkham/Documents/linkedin_learning/Ex_Files_Data_Engineering_Foundations/airflow_env/lib/python3.9/site-packages/airflow/example_dags/example_bash_operator.py for tasks to queue
[2022-03-18 17:43:37,462] {logging_mixin.py:109} INFO - [2022-03-18 17:43:37,461] {dagbag.py:500} INFO - Filling up the DagBag from /Users/louisekirkham/Documents/linkedin_learning/Ex_Files_Data_Engineering_Foundations/airflow_env/lib/python3.9/site-packages/airflow/example_dags/example_bash_operator.py
[2022-03-18 17:43:37,491] {processor.py:654} INFO - DAG(s) dict_keys(['example_bash_operator']) retrieved from /Users/louisekirkham/Documents/linkedin_learning/Ex_Files_Data_Engineering_Foundations/airflow_env/lib/python3.9/site-packages/airflow/example_dags/example_bash_operator.py
[2022-03-18 17:43:37,505] {logging_mixin.py:109} INFO - [2022-03-18 17:43:37,505] {dag.py:2398} INFO - Sync 1 DAGs
[2022-03-18 17:43:37,513] {logging_mixin.py:109} INFO - [2022-03-18 17:43:37,513] {dag.py:2937} INFO - Setting next_dagrun for example_bash_operator to 2022-03-17 00:00:00+00:00
[2022-03-18 17:43:37,520] {processor.py:171} INFO - Processing /Users/louisekirkham/Documents/linkedin_learning/Ex_Files_Data_Engineering_Foundations/airflow_env/lib/python3.9/site-packages/airflow/example_dags/example_bash_operator.py took 0.060 seconds
[2022-03-18 17:44:59,653] {processor.py:163} INFO - Started process (PID=49019) to work on /Users/louisekirkham/Documents/linkedin_learning/Ex_Files_Data_Engineering_Foundations/airflow_env/lib/python3.9/site-packages/airflow/example_dags/example_bash_operator.py
[2022-03-18 17:44:59,653] {processor.py:642} INFO - Processing file /Users/louisekirkham/Documents/linkedin_learning/Ex_Files_Data_Engineering_Foundations/airflow_env/lib/python3.9/site-packages/airflow/example_dags/example_bash_operator.py for tasks to queue
[2022-03-18 17:44:59,654] {logging_mixin.py:109} INFO - [2022-03-18 17:44:59,654] {dagbag.py:500} INFO - Filling up the DagBag from /Users/louisekirkham/Documents/linkedin_learning/Ex_Files_Data_Engineering_Foundations/airflow_env/lib/python3.9/site-packages/airflow/example_dags/example_bash_operator.py
[2022-03-18 17:44:59,687] {processor.py:654} INFO - DAG(s) dict_keys(['example_bash_operator']) retrieved from /Users/louisekirkham/Documents/linkedin_learning/Ex_Files_Data_Engineering_Foundations/airflow_env/lib/python3.9/site-packages/airflow/example_dags/example_bash_operator.py
[2022-03-18 17:44:59,703] {logging_mixin.py:109} INFO - [2022-03-18 17:44:59,703] {dag.py:2398} INFO - Sync 1 DAGs
[2022-03-18 17:44:59,712] {logging_mixin.py:109} INFO - [2022-03-18 17:44:59,712] {dag.py:2937} INFO - Setting next_dagrun for example_bash_operator to 2022-03-17 00:00:00+00:00
[2022-03-18 17:44:59,719] {processor.py:171} INFO - Processing /Users/louisekirkham/Documents/linkedin_learning/Ex_Files_Data_Engineering_Foundations/airflow_env/lib/python3.9/site-packages/airflow/example_dags/example_bash_operator.py took 0.067 seconds
[2022-03-18 17:46:23,938] {processor.py:163} INFO - Started process (PID=49090) to work on /Users/louisekirkham/Documents/linkedin_learning/Ex_Files_Data_Engineering_Foundations/airflow_env/lib/python3.9/site-packages/airflow/example_dags/example_bash_operator.py
[2022-03-18 17:46:23,938] {processor.py:642} INFO - Processing file /Users/louisekirkham/Documents/linkedin_learning/Ex_Files_Data_Engineering_Foundations/airflow_env/lib/python3.9/site-packages/airflow/example_dags/example_bash_operator.py for tasks to queue
[2022-03-18 17:46:23,939] {logging_mixin.py:109} INFO - [2022-03-18 17:46:23,939] {dagbag.py:500} INFO - Filling up the DagBag from /Users/louisekirkham/Documents/linkedin_learning/Ex_Files_Data_Engineering_Foundations/airflow_env/lib/python3.9/site-packages/airflow/example_dags/example_bash_operator.py
[2022-03-18 17:46:23,965] {processor.py:654} INFO - DAG(s) dict_keys(['example_bash_operator']) retrieved from /Users/louisekirkham/Documents/linkedin_learning/Ex_Files_Data_Engineering_Foundations/airflow_env/lib/python3.9/site-packages/airflow/example_dags/example_bash_operator.py
[2022-03-18 17:46:23,979] {logging_mixin.py:109} INFO - [2022-03-18 17:46:23,979] {dag.py:2398} INFO - Sync 1 DAGs
[2022-03-18 17:46:23,986] {logging_mixin.py:109} INFO - [2022-03-18 17:46:23,986] {dag.py:2937} INFO - Setting next_dagrun for example_bash_operator to 2022-03-17 00:00:00+00:00
[2022-03-18 17:46:23,994] {processor.py:171} INFO - Processing /Users/louisekirkham/Documents/linkedin_learning/Ex_Files_Data_Engineering_Foundations/airflow_env/lib/python3.9/site-packages/airflow/example_dags/example_bash_operator.py took 0.057 seconds
[2022-03-18 17:47:48,651] {processor.py:163} INFO - Started process (PID=49160) to work on /Users/louisekirkham/Documents/linkedin_learning/Ex_Files_Data_Engineering_Foundations/airflow_env/lib/python3.9/site-packages/airflow/example_dags/example_bash_operator.py
[2022-03-18 17:47:48,651] {processor.py:642} INFO - Processing file /Users/louisekirkham/Documents/linkedin_learning/Ex_Files_Data_Engineering_Foundations/airflow_env/lib/python3.9/site-packages/airflow/example_dags/example_bash_operator.py for tasks to queue
[2022-03-18 17:47:48,651] {logging_mixin.py:109} INFO - [2022-03-18 17:47:48,651] {dagbag.py:500} INFO - Filling up the DagBag from /Users/louisekirkham/Documents/linkedin_learning/Ex_Files_Data_Engineering_Foundations/airflow_env/lib/python3.9/site-packages/airflow/example_dags/example_bash_operator.py
[2022-03-18 17:47:48,685] {processor.py:654} INFO - DAG(s) dict_keys(['example_bash_operator']) retrieved from /Users/louisekirkham/Documents/linkedin_learning/Ex_Files_Data_Engineering_Foundations/airflow_env/lib/python3.9/site-packages/airflow/example_dags/example_bash_operator.py
[2022-03-18 17:47:48,700] {logging_mixin.py:109} INFO - [2022-03-18 17:47:48,700] {dag.py:2398} INFO - Sync 1 DAGs
[2022-03-18 17:47:48,710] {logging_mixin.py:109} INFO - [2022-03-18 17:47:48,709] {dag.py:2937} INFO - Setting next_dagrun for example_bash_operator to 2022-03-17 00:00:00+00:00
[2022-03-18 17:47:48,717] {processor.py:171} INFO - Processing /Users/louisekirkham/Documents/linkedin_learning/Ex_Files_Data_Engineering_Foundations/airflow_env/lib/python3.9/site-packages/airflow/example_dags/example_bash_operator.py took 0.067 seconds
[2022-03-18 17:49:13,200] {processor.py:163} INFO - Started process (PID=50911) to work on /Users/louisekirkham/Documents/linkedin_learning/Ex_Files_Data_Engineering_Foundations/airflow_env/lib/python3.9/site-packages/airflow/example_dags/example_bash_operator.py
[2022-03-18 17:49:13,201] {processor.py:642} INFO - Processing file /Users/louisekirkham/Documents/linkedin_learning/Ex_Files_Data_Engineering_Foundations/airflow_env/lib/python3.9/site-packages/airflow/example_dags/example_bash_operator.py for tasks to queue
[2022-03-18 17:49:13,201] {logging_mixin.py:109} INFO - [2022-03-18 17:49:13,201] {dagbag.py:500} INFO - Filling up the DagBag from /Users/louisekirkham/Documents/linkedin_learning/Ex_Files_Data_Engineering_Foundations/airflow_env/lib/python3.9/site-packages/airflow/example_dags/example_bash_operator.py
[2022-03-18 17:49:13,236] {processor.py:654} INFO - DAG(s) dict_keys(['example_bash_operator']) retrieved from /Users/louisekirkham/Documents/linkedin_learning/Ex_Files_Data_Engineering_Foundations/airflow_env/lib/python3.9/site-packages/airflow/example_dags/example_bash_operator.py
[2022-03-18 17:49:13,253] {logging_mixin.py:109} INFO - [2022-03-18 17:49:13,252] {dag.py:2398} INFO - Sync 1 DAGs
[2022-03-18 17:49:13,262] {logging_mixin.py:109} INFO - [2022-03-18 17:49:13,262] {dag.py:2937} INFO - Setting next_dagrun for example_bash_operator to 2022-03-17 00:00:00+00:00
[2022-03-18 17:49:13,269] {processor.py:171} INFO - Processing /Users/louisekirkham/Documents/linkedin_learning/Ex_Files_Data_Engineering_Foundations/airflow_env/lib/python3.9/site-packages/airflow/example_dags/example_bash_operator.py took 0.069 seconds
[2022-03-18 17:50:36,407] {processor.py:163} INFO - Started process (PID=50978) to work on /Users/louisekirkham/Documents/linkedin_learning/Ex_Files_Data_Engineering_Foundations/airflow_env/lib/python3.9/site-packages/airflow/example_dags/example_bash_operator.py
[2022-03-18 17:50:36,409] {processor.py:642} INFO - Processing file /Users/louisekirkham/Documents/linkedin_learning/Ex_Files_Data_Engineering_Foundations/airflow_env/lib/python3.9/site-packages/airflow/example_dags/example_bash_operator.py for tasks to queue
[2022-03-18 17:50:36,409] {logging_mixin.py:109} INFO - [2022-03-18 17:50:36,409] {dagbag.py:500} INFO - Filling up the DagBag from /Users/louisekirkham/Documents/linkedin_learning/Ex_Files_Data_Engineering_Foundations/airflow_env/lib/python3.9/site-packages/airflow/example_dags/example_bash_operator.py
[2022-03-18 17:50:36,440] {processor.py:654} INFO - DAG(s) dict_keys(['example_bash_operator']) retrieved from /Users/louisekirkham/Documents/linkedin_learning/Ex_Files_Data_Engineering_Foundations/airflow_env/lib/python3.9/site-packages/airflow/example_dags/example_bash_operator.py
[2022-03-18 17:50:36,455] {logging_mixin.py:109} INFO - [2022-03-18 17:50:36,455] {dag.py:2398} INFO - Sync 1 DAGs
[2022-03-18 17:50:36,465] {logging_mixin.py:109} INFO - [2022-03-18 17:50:36,465] {dag.py:2937} INFO - Setting next_dagrun for example_bash_operator to 2022-03-17 00:00:00+00:00
[2022-03-18 17:50:36,471] {processor.py:171} INFO - Processing /Users/louisekirkham/Documents/linkedin_learning/Ex_Files_Data_Engineering_Foundations/airflow_env/lib/python3.9/site-packages/airflow/example_dags/example_bash_operator.py took 0.065 seconds
[2022-03-18 17:52:02,279] {processor.py:163} INFO - Started process (PID=51061) to work on /Users/louisekirkham/Documents/linkedin_learning/Ex_Files_Data_Engineering_Foundations/airflow_env/lib/python3.9/site-packages/airflow/example_dags/example_bash_operator.py
[2022-03-18 17:52:02,280] {processor.py:642} INFO - Processing file /Users/louisekirkham/Documents/linkedin_learning/Ex_Files_Data_Engineering_Foundations/airflow_env/lib/python3.9/site-packages/airflow/example_dags/example_bash_operator.py for tasks to queue
[2022-03-18 17:52:02,280] {logging_mixin.py:109} INFO - [2022-03-18 17:52:02,280] {dagbag.py:500} INFO - Filling up the DagBag from /Users/louisekirkham/Documents/linkedin_learning/Ex_Files_Data_Engineering_Foundations/airflow_env/lib/python3.9/site-packages/airflow/example_dags/example_bash_operator.py
[2022-03-18 17:52:02,314] {processor.py:654} INFO - DAG(s) dict_keys(['example_bash_operator']) retrieved from /Users/louisekirkham/Documents/linkedin_learning/Ex_Files_Data_Engineering_Foundations/airflow_env/lib/python3.9/site-packages/airflow/example_dags/example_bash_operator.py
[2022-03-18 17:52:02,330] {logging_mixin.py:109} INFO - [2022-03-18 17:52:02,330] {dag.py:2398} INFO - Sync 1 DAGs
[2022-03-18 17:52:02,341] {logging_mixin.py:109} INFO - [2022-03-18 17:52:02,341] {dag.py:2937} INFO - Setting next_dagrun for example_bash_operator to 2022-03-17 00:00:00+00:00
[2022-03-18 17:52:02,348] {processor.py:171} INFO - Processing /Users/louisekirkham/Documents/linkedin_learning/Ex_Files_Data_Engineering_Foundations/airflow_env/lib/python3.9/site-packages/airflow/example_dags/example_bash_operator.py took 0.069 seconds
[2022-03-18 17:53:25,072] {processor.py:163} INFO - Started process (PID=51128) to work on /Users/louisekirkham/Documents/linkedin_learning/Ex_Files_Data_Engineering_Foundations/airflow_env/lib/python3.9/site-packages/airflow/example_dags/example_bash_operator.py
[2022-03-18 17:53:25,075] {processor.py:642} INFO - Processing file /Users/louisekirkham/Documents/linkedin_learning/Ex_Files_Data_Engineering_Foundations/airflow_env/lib/python3.9/site-packages/airflow/example_dags/example_bash_operator.py for tasks to queue
[2022-03-18 17:53:25,075] {logging_mixin.py:109} INFO - [2022-03-18 17:53:25,075] {dagbag.py:500} INFO - Filling up the DagBag from /Users/louisekirkham/Documents/linkedin_learning/Ex_Files_Data_Engineering_Foundations/airflow_env/lib/python3.9/site-packages/airflow/example_dags/example_bash_operator.py
[2022-03-18 17:53:25,110] {processor.py:654} INFO - DAG(s) dict_keys(['example_bash_operator']) retrieved from /Users/louisekirkham/Documents/linkedin_learning/Ex_Files_Data_Engineering_Foundations/airflow_env/lib/python3.9/site-packages/airflow/example_dags/example_bash_operator.py
[2022-03-18 17:53:25,128] {logging_mixin.py:109} INFO - [2022-03-18 17:53:25,128] {dag.py:2398} INFO - Sync 1 DAGs
[2022-03-18 17:53:25,139] {logging_mixin.py:109} INFO - [2022-03-18 17:53:25,139] {dag.py:2937} INFO - Setting next_dagrun for example_bash_operator to 2022-03-17 00:00:00+00:00
[2022-03-18 17:53:25,146] {processor.py:171} INFO - Processing /Users/louisekirkham/Documents/linkedin_learning/Ex_Files_Data_Engineering_Foundations/airflow_env/lib/python3.9/site-packages/airflow/example_dags/example_bash_operator.py took 0.075 seconds
[2022-03-18 17:54:47,285] {processor.py:163} INFO - Started process (PID=51197) to work on /Users/louisekirkham/Documents/linkedin_learning/Ex_Files_Data_Engineering_Foundations/airflow_env/lib/python3.9/site-packages/airflow/example_dags/example_bash_operator.py
[2022-03-18 17:54:47,286] {processor.py:642} INFO - Processing file /Users/louisekirkham/Documents/linkedin_learning/Ex_Files_Data_Engineering_Foundations/airflow_env/lib/python3.9/site-packages/airflow/example_dags/example_bash_operator.py for tasks to queue
[2022-03-18 17:54:47,286] {logging_mixin.py:109} INFO - [2022-03-18 17:54:47,286] {dagbag.py:500} INFO - Filling up the DagBag from /Users/louisekirkham/Documents/linkedin_learning/Ex_Files_Data_Engineering_Foundations/airflow_env/lib/python3.9/site-packages/airflow/example_dags/example_bash_operator.py
[2022-03-18 17:54:47,318] {processor.py:654} INFO - DAG(s) dict_keys(['example_bash_operator']) retrieved from /Users/louisekirkham/Documents/linkedin_learning/Ex_Files_Data_Engineering_Foundations/airflow_env/lib/python3.9/site-packages/airflow/example_dags/example_bash_operator.py
[2022-03-18 17:54:47,333] {logging_mixin.py:109} INFO - [2022-03-18 17:54:47,333] {dag.py:2398} INFO - Sync 1 DAGs
[2022-03-18 17:54:47,341] {logging_mixin.py:109} INFO - [2022-03-18 17:54:47,341] {dag.py:2937} INFO - Setting next_dagrun for example_bash_operator to 2022-03-17 00:00:00+00:00
[2022-03-18 17:54:47,347] {processor.py:171} INFO - Processing /Users/louisekirkham/Documents/linkedin_learning/Ex_Files_Data_Engineering_Foundations/airflow_env/lib/python3.9/site-packages/airflow/example_dags/example_bash_operator.py took 0.062 seconds
[2022-03-18 17:56:11,325] {processor.py:163} INFO - Started process (PID=51263) to work on /Users/louisekirkham/Documents/linkedin_learning/Ex_Files_Data_Engineering_Foundations/airflow_env/lib/python3.9/site-packages/airflow/example_dags/example_bash_operator.py
[2022-03-18 17:56:11,326] {processor.py:642} INFO - Processing file /Users/louisekirkham/Documents/linkedin_learning/Ex_Files_Data_Engineering_Foundations/airflow_env/lib/python3.9/site-packages/airflow/example_dags/example_bash_operator.py for tasks to queue
[2022-03-18 17:56:11,327] {logging_mixin.py:109} INFO - [2022-03-18 17:56:11,327] {dagbag.py:500} INFO - Filling up the DagBag from /Users/louisekirkham/Documents/linkedin_learning/Ex_Files_Data_Engineering_Foundations/airflow_env/lib/python3.9/site-packages/airflow/example_dags/example_bash_operator.py
[2022-03-18 17:56:11,363] {processor.py:654} INFO - DAG(s) dict_keys(['example_bash_operator']) retrieved from /Users/louisekirkham/Documents/linkedin_learning/Ex_Files_Data_Engineering_Foundations/airflow_env/lib/python3.9/site-packages/airflow/example_dags/example_bash_operator.py
[2022-03-18 17:56:11,380] {logging_mixin.py:109} INFO - [2022-03-18 17:56:11,379] {dag.py:2398} INFO - Sync 1 DAGs
[2022-03-18 17:56:11,388] {logging_mixin.py:109} INFO - [2022-03-18 17:56:11,388] {dag.py:2937} INFO - Setting next_dagrun for example_bash_operator to 2022-03-17 00:00:00+00:00
[2022-03-18 17:56:11,396] {processor.py:171} INFO - Processing /Users/louisekirkham/Documents/linkedin_learning/Ex_Files_Data_Engineering_Foundations/airflow_env/lib/python3.9/site-packages/airflow/example_dags/example_bash_operator.py took 0.071 seconds
[2022-03-18 17:57:36,787] {processor.py:163} INFO - Started process (PID=51327) to work on /Users/louisekirkham/Documents/linkedin_learning/Ex_Files_Data_Engineering_Foundations/airflow_env/lib/python3.9/site-packages/airflow/example_dags/example_bash_operator.py
[2022-03-18 17:57:36,788] {processor.py:642} INFO - Processing file /Users/louisekirkham/Documents/linkedin_learning/Ex_Files_Data_Engineering_Foundations/airflow_env/lib/python3.9/site-packages/airflow/example_dags/example_bash_operator.py for tasks to queue
[2022-03-18 17:57:36,789] {logging_mixin.py:109} INFO - [2022-03-18 17:57:36,789] {dagbag.py:500} INFO - Filling up the DagBag from /Users/louisekirkham/Documents/linkedin_learning/Ex_Files_Data_Engineering_Foundations/airflow_env/lib/python3.9/site-packages/airflow/example_dags/example_bash_operator.py
[2022-03-18 17:57:36,824] {processor.py:654} INFO - DAG(s) dict_keys(['example_bash_operator']) retrieved from /Users/louisekirkham/Documents/linkedin_learning/Ex_Files_Data_Engineering_Foundations/airflow_env/lib/python3.9/site-packages/airflow/example_dags/example_bash_operator.py
[2022-03-18 17:57:36,839] {logging_mixin.py:109} INFO - [2022-03-18 17:57:36,839] {dag.py:2398} INFO - Sync 1 DAGs
[2022-03-18 17:57:36,848] {logging_mixin.py:109} INFO - [2022-03-18 17:57:36,847] {dag.py:2937} INFO - Setting next_dagrun for example_bash_operator to 2022-03-17 00:00:00+00:00
[2022-03-18 17:57:36,854] {processor.py:171} INFO - Processing /Users/louisekirkham/Documents/linkedin_learning/Ex_Files_Data_Engineering_Foundations/airflow_env/lib/python3.9/site-packages/airflow/example_dags/example_bash_operator.py took 0.068 seconds
[2022-03-18 17:59:10,807] {processor.py:163} INFO - Started process (PID=51490) to work on /Users/louisekirkham/Documents/linkedin_learning/Ex_Files_Data_Engineering_Foundations/airflow_env/lib/python3.9/site-packages/airflow/example_dags/example_bash_operator.py
[2022-03-18 17:59:10,807] {processor.py:642} INFO - Processing file /Users/louisekirkham/Documents/linkedin_learning/Ex_Files_Data_Engineering_Foundations/airflow_env/lib/python3.9/site-packages/airflow/example_dags/example_bash_operator.py for tasks to queue
[2022-03-18 17:59:10,807] {logging_mixin.py:109} INFO - [2022-03-18 17:59:10,807] {dagbag.py:500} INFO - Filling up the DagBag from /Users/louisekirkham/Documents/linkedin_learning/Ex_Files_Data_Engineering_Foundations/airflow_env/lib/python3.9/site-packages/airflow/example_dags/example_bash_operator.py
[2022-03-18 17:59:10,839] {processor.py:654} INFO - DAG(s) dict_keys(['example_bash_operator']) retrieved from /Users/louisekirkham/Documents/linkedin_learning/Ex_Files_Data_Engineering_Foundations/airflow_env/lib/python3.9/site-packages/airflow/example_dags/example_bash_operator.py
[2022-03-18 17:59:10,854] {logging_mixin.py:109} INFO - [2022-03-18 17:59:10,854] {dag.py:2398} INFO - Sync 1 DAGs
[2022-03-18 17:59:10,864] {logging_mixin.py:109} INFO - [2022-03-18 17:59:10,864] {dag.py:2937} INFO - Setting next_dagrun for example_bash_operator to 2022-03-17 00:00:00+00:00
[2022-03-18 17:59:10,871] {processor.py:171} INFO - Processing /Users/louisekirkham/Documents/linkedin_learning/Ex_Files_Data_Engineering_Foundations/airflow_env/lib/python3.9/site-packages/airflow/example_dags/example_bash_operator.py took 0.065 seconds
