[2022-03-18 05:12:46,398] {processor.py:163} INFO - Started process (PID=46216) to work on /Users/louisekirkham/Documents/linkedin_learning/Ex_Files_Data_Engineering_Foundations/airflow_env/lib/python3.9/site-packages/airflow/example_dags/example_branch_day_of_week_operator.py
[2022-03-18 05:12:46,398] {processor.py:642} INFO - Processing file /Users/louisekirkham/Documents/linkedin_learning/Ex_Files_Data_Engineering_Foundations/airflow_env/lib/python3.9/site-packages/airflow/example_dags/example_branch_day_of_week_operator.py for tasks to queue
[2022-03-18 05:12:46,399] {logging_mixin.py:109} INFO - [2022-03-18 05:12:46,398] {dagbag.py:500} INFO - Filling up the DagBag from /Users/louisekirkham/Documents/linkedin_learning/Ex_Files_Data_Engineering_Foundations/airflow_env/lib/python3.9/site-packages/airflow/example_dags/example_branch_day_of_week_operator.py
[2022-03-18 05:12:46,428] {processor.py:654} INFO - DAG(s) dict_keys(['example_weekday_branch_operator']) retrieved from /Users/louisekirkham/Documents/linkedin_learning/Ex_Files_Data_Engineering_Foundations/airflow_env/lib/python3.9/site-packages/airflow/example_dags/example_branch_day_of_week_operator.py
[2022-03-18 05:12:46,441] {logging_mixin.py:109} INFO - [2022-03-18 05:12:46,440] {dag.py:2398} INFO - Sync 1 DAGs
[2022-03-18 05:12:46,448] {logging_mixin.py:109} INFO - [2022-03-18 05:12:46,448] {dag.py:2937} INFO - Setting next_dagrun for example_weekday_branch_operator to 2022-03-17 00:00:00+00:00
[2022-03-18 05:12:46,454] {processor.py:171} INFO - Processing /Users/louisekirkham/Documents/linkedin_learning/Ex_Files_Data_Engineering_Foundations/airflow_env/lib/python3.9/site-packages/airflow/example_dags/example_branch_day_of_week_operator.py took 0.057 seconds
[2022-03-18 10:38:31,129] {processor.py:163} INFO - Started process (PID=46486) to work on /Users/louisekirkham/Documents/linkedin_learning/Ex_Files_Data_Engineering_Foundations/airflow_env/lib/python3.9/site-packages/airflow/example_dags/example_branch_day_of_week_operator.py
[2022-03-18 10:38:31,130] {processor.py:642} INFO - Processing file /Users/louisekirkham/Documents/linkedin_learning/Ex_Files_Data_Engineering_Foundations/airflow_env/lib/python3.9/site-packages/airflow/example_dags/example_branch_day_of_week_operator.py for tasks to queue
[2022-03-18 10:38:31,130] {logging_mixin.py:109} INFO - [2022-03-18 10:38:31,130] {dagbag.py:500} INFO - Filling up the DagBag from /Users/louisekirkham/Documents/linkedin_learning/Ex_Files_Data_Engineering_Foundations/airflow_env/lib/python3.9/site-packages/airflow/example_dags/example_branch_day_of_week_operator.py
[2022-03-18 10:38:31,162] {processor.py:654} INFO - DAG(s) dict_keys(['example_weekday_branch_operator']) retrieved from /Users/louisekirkham/Documents/linkedin_learning/Ex_Files_Data_Engineering_Foundations/airflow_env/lib/python3.9/site-packages/airflow/example_dags/example_branch_day_of_week_operator.py
[2022-03-18 10:38:31,177] {logging_mixin.py:109} INFO - [2022-03-18 10:38:31,177] {dag.py:2398} INFO - Sync 1 DAGs
[2022-03-18 10:38:31,185] {logging_mixin.py:109} INFO - [2022-03-18 10:38:31,185] {dag.py:2937} INFO - Setting next_dagrun for example_weekday_branch_operator to 2022-03-17 00:00:00+00:00
[2022-03-18 10:38:31,192] {processor.py:171} INFO - Processing /Users/louisekirkham/Documents/linkedin_learning/Ex_Files_Data_Engineering_Foundations/airflow_env/lib/python3.9/site-packages/airflow/example_dags/example_branch_day_of_week_operator.py took 0.063 seconds
[2022-03-18 10:39:54,151] {processor.py:163} INFO - Started process (PID=46554) to work on /Users/louisekirkham/Documents/linkedin_learning/Ex_Files_Data_Engineering_Foundations/airflow_env/lib/python3.9/site-packages/airflow/example_dags/example_branch_day_of_week_operator.py
[2022-03-18 10:39:54,151] {processor.py:642} INFO - Processing file /Users/louisekirkham/Documents/linkedin_learning/Ex_Files_Data_Engineering_Foundations/airflow_env/lib/python3.9/site-packages/airflow/example_dags/example_branch_day_of_week_operator.py for tasks to queue
[2022-03-18 10:39:54,151] {logging_mixin.py:109} INFO - [2022-03-18 10:39:54,151] {dagbag.py:500} INFO - Filling up the DagBag from /Users/louisekirkham/Documents/linkedin_learning/Ex_Files_Data_Engineering_Foundations/airflow_env/lib/python3.9/site-packages/airflow/example_dags/example_branch_day_of_week_operator.py
[2022-03-18 10:39:54,175] {processor.py:654} INFO - DAG(s) dict_keys(['example_weekday_branch_operator']) retrieved from /Users/louisekirkham/Documents/linkedin_learning/Ex_Files_Data_Engineering_Foundations/airflow_env/lib/python3.9/site-packages/airflow/example_dags/example_branch_day_of_week_operator.py
[2022-03-18 10:39:54,187] {logging_mixin.py:109} INFO - [2022-03-18 10:39:54,187] {dag.py:2398} INFO - Sync 1 DAGs
[2022-03-18 10:39:54,194] {logging_mixin.py:109} INFO - [2022-03-18 10:39:54,194] {dag.py:2937} INFO - Setting next_dagrun for example_weekday_branch_operator to 2022-03-17 00:00:00+00:00
[2022-03-18 10:39:54,205] {processor.py:171} INFO - Processing /Users/louisekirkham/Documents/linkedin_learning/Ex_Files_Data_Engineering_Foundations/airflow_env/lib/python3.9/site-packages/airflow/example_dags/example_branch_day_of_week_operator.py took 0.055 seconds
[2022-03-18 17:06:50,064] {processor.py:163} INFO - Started process (PID=46764) to work on /Users/louisekirkham/Documents/linkedin_learning/Ex_Files_Data_Engineering_Foundations/airflow_env/lib/python3.9/site-packages/airflow/example_dags/example_branch_day_of_week_operator.py
[2022-03-18 17:06:50,066] {processor.py:642} INFO - Processing file /Users/louisekirkham/Documents/linkedin_learning/Ex_Files_Data_Engineering_Foundations/airflow_env/lib/python3.9/site-packages/airflow/example_dags/example_branch_day_of_week_operator.py for tasks to queue
[2022-03-18 17:06:50,066] {logging_mixin.py:109} INFO - [2022-03-18 17:06:50,066] {dagbag.py:500} INFO - Filling up the DagBag from /Users/louisekirkham/Documents/linkedin_learning/Ex_Files_Data_Engineering_Foundations/airflow_env/lib/python3.9/site-packages/airflow/example_dags/example_branch_day_of_week_operator.py
[2022-03-18 17:06:50,099] {processor.py:654} INFO - DAG(s) dict_keys(['example_weekday_branch_operator']) retrieved from /Users/louisekirkham/Documents/linkedin_learning/Ex_Files_Data_Engineering_Foundations/airflow_env/lib/python3.9/site-packages/airflow/example_dags/example_branch_day_of_week_operator.py
[2022-03-18 17:06:50,114] {logging_mixin.py:109} INFO - [2022-03-18 17:06:50,114] {dag.py:2398} INFO - Sync 1 DAGs
[2022-03-18 17:06:50,124] {logging_mixin.py:109} INFO - [2022-03-18 17:06:50,124] {dag.py:2937} INFO - Setting next_dagrun for example_weekday_branch_operator to 2022-03-17 00:00:00+00:00
[2022-03-18 17:06:50,131] {processor.py:171} INFO - Processing /Users/louisekirkham/Documents/linkedin_learning/Ex_Files_Data_Engineering_Foundations/airflow_env/lib/python3.9/site-packages/airflow/example_dags/example_branch_day_of_week_operator.py took 0.067 seconds
[2022-03-18 17:08:16,718] {processor.py:163} INFO - Started process (PID=46838) to work on /Users/louisekirkham/Documents/linkedin_learning/Ex_Files_Data_Engineering_Foundations/airflow_env/lib/python3.9/site-packages/airflow/example_dags/example_branch_day_of_week_operator.py
[2022-03-18 17:08:16,718] {processor.py:642} INFO - Processing file /Users/louisekirkham/Documents/linkedin_learning/Ex_Files_Data_Engineering_Foundations/airflow_env/lib/python3.9/site-packages/airflow/example_dags/example_branch_day_of_week_operator.py for tasks to queue
[2022-03-18 17:08:16,718] {logging_mixin.py:109} INFO - [2022-03-18 17:08:16,718] {dagbag.py:500} INFO - Filling up the DagBag from /Users/louisekirkham/Documents/linkedin_learning/Ex_Files_Data_Engineering_Foundations/airflow_env/lib/python3.9/site-packages/airflow/example_dags/example_branch_day_of_week_operator.py
[2022-03-18 17:08:16,748] {processor.py:654} INFO - DAG(s) dict_keys(['example_weekday_branch_operator']) retrieved from /Users/louisekirkham/Documents/linkedin_learning/Ex_Files_Data_Engineering_Foundations/airflow_env/lib/python3.9/site-packages/airflow/example_dags/example_branch_day_of_week_operator.py
[2022-03-18 17:08:16,762] {logging_mixin.py:109} INFO - [2022-03-18 17:08:16,762] {dag.py:2398} INFO - Sync 1 DAGs
[2022-03-18 17:08:16,773] {logging_mixin.py:109} INFO - [2022-03-18 17:08:16,773] {dag.py:2937} INFO - Setting next_dagrun for example_weekday_branch_operator to 2022-03-17 00:00:00+00:00
[2022-03-18 17:08:16,781] {processor.py:171} INFO - Processing /Users/louisekirkham/Documents/linkedin_learning/Ex_Files_Data_Engineering_Foundations/airflow_env/lib/python3.9/site-packages/airflow/example_dags/example_branch_day_of_week_operator.py took 0.064 seconds
[2022-03-18 17:09:44,406] {processor.py:163} INFO - Started process (PID=46907) to work on /Users/louisekirkham/Documents/linkedin_learning/Ex_Files_Data_Engineering_Foundations/airflow_env/lib/python3.9/site-packages/airflow/example_dags/example_branch_day_of_week_operator.py
[2022-03-18 17:09:44,407] {processor.py:642} INFO - Processing file /Users/louisekirkham/Documents/linkedin_learning/Ex_Files_Data_Engineering_Foundations/airflow_env/lib/python3.9/site-packages/airflow/example_dags/example_branch_day_of_week_operator.py for tasks to queue
[2022-03-18 17:09:44,408] {logging_mixin.py:109} INFO - [2022-03-18 17:09:44,408] {dagbag.py:500} INFO - Filling up the DagBag from /Users/louisekirkham/Documents/linkedin_learning/Ex_Files_Data_Engineering_Foundations/airflow_env/lib/python3.9/site-packages/airflow/example_dags/example_branch_day_of_week_operator.py
[2022-03-18 17:09:44,439] {processor.py:654} INFO - DAG(s) dict_keys(['example_weekday_branch_operator']) retrieved from /Users/louisekirkham/Documents/linkedin_learning/Ex_Files_Data_Engineering_Foundations/airflow_env/lib/python3.9/site-packages/airflow/example_dags/example_branch_day_of_week_operator.py
[2022-03-18 17:09:44,453] {logging_mixin.py:109} INFO - [2022-03-18 17:09:44,453] {dag.py:2398} INFO - Sync 1 DAGs
[2022-03-18 17:09:44,462] {logging_mixin.py:109} INFO - [2022-03-18 17:09:44,462] {dag.py:2937} INFO - Setting next_dagrun for example_weekday_branch_operator to 2022-03-17 00:00:00+00:00
[2022-03-18 17:09:44,467] {processor.py:171} INFO - Processing /Users/louisekirkham/Documents/linkedin_learning/Ex_Files_Data_Engineering_Foundations/airflow_env/lib/python3.9/site-packages/airflow/example_dags/example_branch_day_of_week_operator.py took 0.062 seconds
[2022-03-18 17:11:22,812] {processor.py:163} INFO - Started process (PID=46989) to work on /Users/louisekirkham/Documents/linkedin_learning/Ex_Files_Data_Engineering_Foundations/airflow_env/lib/python3.9/site-packages/airflow/example_dags/example_branch_day_of_week_operator.py
[2022-03-18 17:11:22,814] {processor.py:642} INFO - Processing file /Users/louisekirkham/Documents/linkedin_learning/Ex_Files_Data_Engineering_Foundations/airflow_env/lib/python3.9/site-packages/airflow/example_dags/example_branch_day_of_week_operator.py for tasks to queue
[2022-03-18 17:11:22,814] {logging_mixin.py:109} INFO - [2022-03-18 17:11:22,814] {dagbag.py:500} INFO - Filling up the DagBag from /Users/louisekirkham/Documents/linkedin_learning/Ex_Files_Data_Engineering_Foundations/airflow_env/lib/python3.9/site-packages/airflow/example_dags/example_branch_day_of_week_operator.py
[2022-03-18 17:11:22,848] {processor.py:654} INFO - DAG(s) dict_keys(['example_weekday_branch_operator']) retrieved from /Users/louisekirkham/Documents/linkedin_learning/Ex_Files_Data_Engineering_Foundations/airflow_env/lib/python3.9/site-packages/airflow/example_dags/example_branch_day_of_week_operator.py
[2022-03-18 17:11:22,862] {logging_mixin.py:109} INFO - [2022-03-18 17:11:22,862] {dag.py:2398} INFO - Sync 1 DAGs
[2022-03-18 17:11:22,870] {logging_mixin.py:109} INFO - [2022-03-18 17:11:22,870] {dag.py:2937} INFO - Setting next_dagrun for example_weekday_branch_operator to 2022-03-17 00:00:00+00:00
[2022-03-18 17:11:22,877] {processor.py:171} INFO - Processing /Users/louisekirkham/Documents/linkedin_learning/Ex_Files_Data_Engineering_Foundations/airflow_env/lib/python3.9/site-packages/airflow/example_dags/example_branch_day_of_week_operator.py took 0.066 seconds
[2022-03-18 17:12:47,575] {processor.py:163} INFO - Started process (PID=47058) to work on /Users/louisekirkham/Documents/linkedin_learning/Ex_Files_Data_Engineering_Foundations/airflow_env/lib/python3.9/site-packages/airflow/example_dags/example_branch_day_of_week_operator.py
[2022-03-18 17:12:47,576] {processor.py:642} INFO - Processing file /Users/louisekirkham/Documents/linkedin_learning/Ex_Files_Data_Engineering_Foundations/airflow_env/lib/python3.9/site-packages/airflow/example_dags/example_branch_day_of_week_operator.py for tasks to queue
[2022-03-18 17:12:47,576] {logging_mixin.py:109} INFO - [2022-03-18 17:12:47,576] {dagbag.py:500} INFO - Filling up the DagBag from /Users/louisekirkham/Documents/linkedin_learning/Ex_Files_Data_Engineering_Foundations/airflow_env/lib/python3.9/site-packages/airflow/example_dags/example_branch_day_of_week_operator.py
[2022-03-18 17:12:47,609] {processor.py:654} INFO - DAG(s) dict_keys(['example_weekday_branch_operator']) retrieved from /Users/louisekirkham/Documents/linkedin_learning/Ex_Files_Data_Engineering_Foundations/airflow_env/lib/python3.9/site-packages/airflow/example_dags/example_branch_day_of_week_operator.py
[2022-03-18 17:12:47,624] {logging_mixin.py:109} INFO - [2022-03-18 17:12:47,624] {dag.py:2398} INFO - Sync 1 DAGs
[2022-03-18 17:12:47,633] {logging_mixin.py:109} INFO - [2022-03-18 17:12:47,633] {dag.py:2937} INFO - Setting next_dagrun for example_weekday_branch_operator to 2022-03-17 00:00:00+00:00
[2022-03-18 17:12:47,643] {processor.py:171} INFO - Processing /Users/louisekirkham/Documents/linkedin_learning/Ex_Files_Data_Engineering_Foundations/airflow_env/lib/python3.9/site-packages/airflow/example_dags/example_branch_day_of_week_operator.py took 0.069 seconds
[2022-03-18 17:14:12,204] {processor.py:163} INFO - Started process (PID=47116) to work on /Users/louisekirkham/Documents/linkedin_learning/Ex_Files_Data_Engineering_Foundations/airflow_env/lib/python3.9/site-packages/airflow/example_dags/example_branch_day_of_week_operator.py
[2022-03-18 17:14:12,206] {processor.py:642} INFO - Processing file /Users/louisekirkham/Documents/linkedin_learning/Ex_Files_Data_Engineering_Foundations/airflow_env/lib/python3.9/site-packages/airflow/example_dags/example_branch_day_of_week_operator.py for tasks to queue
[2022-03-18 17:14:12,206] {logging_mixin.py:109} INFO - [2022-03-18 17:14:12,206] {dagbag.py:500} INFO - Filling up the DagBag from /Users/louisekirkham/Documents/linkedin_learning/Ex_Files_Data_Engineering_Foundations/airflow_env/lib/python3.9/site-packages/airflow/example_dags/example_branch_day_of_week_operator.py
[2022-03-18 17:14:12,238] {processor.py:654} INFO - DAG(s) dict_keys(['example_weekday_branch_operator']) retrieved from /Users/louisekirkham/Documents/linkedin_learning/Ex_Files_Data_Engineering_Foundations/airflow_env/lib/python3.9/site-packages/airflow/example_dags/example_branch_day_of_week_operator.py
[2022-03-18 17:14:12,251] {logging_mixin.py:109} INFO - [2022-03-18 17:14:12,251] {dag.py:2398} INFO - Sync 1 DAGs
[2022-03-18 17:14:12,259] {logging_mixin.py:109} INFO - [2022-03-18 17:14:12,259] {dag.py:2937} INFO - Setting next_dagrun for example_weekday_branch_operator to 2022-03-17 00:00:00+00:00
[2022-03-18 17:14:12,267] {processor.py:171} INFO - Processing /Users/louisekirkham/Documents/linkedin_learning/Ex_Files_Data_Engineering_Foundations/airflow_env/lib/python3.9/site-packages/airflow/example_dags/example_branch_day_of_week_operator.py took 0.063 seconds
[2022-03-18 17:15:37,271] {processor.py:163} INFO - Started process (PID=47181) to work on /Users/louisekirkham/Documents/linkedin_learning/Ex_Files_Data_Engineering_Foundations/airflow_env/lib/python3.9/site-packages/airflow/example_dags/example_branch_day_of_week_operator.py
[2022-03-18 17:15:37,273] {processor.py:642} INFO - Processing file /Users/louisekirkham/Documents/linkedin_learning/Ex_Files_Data_Engineering_Foundations/airflow_env/lib/python3.9/site-packages/airflow/example_dags/example_branch_day_of_week_operator.py for tasks to queue
[2022-03-18 17:15:37,273] {logging_mixin.py:109} INFO - [2022-03-18 17:15:37,273] {dagbag.py:500} INFO - Filling up the DagBag from /Users/louisekirkham/Documents/linkedin_learning/Ex_Files_Data_Engineering_Foundations/airflow_env/lib/python3.9/site-packages/airflow/example_dags/example_branch_day_of_week_operator.py
[2022-03-18 17:15:37,304] {processor.py:654} INFO - DAG(s) dict_keys(['example_weekday_branch_operator']) retrieved from /Users/louisekirkham/Documents/linkedin_learning/Ex_Files_Data_Engineering_Foundations/airflow_env/lib/python3.9/site-packages/airflow/example_dags/example_branch_day_of_week_operator.py
[2022-03-18 17:15:37,319] {logging_mixin.py:109} INFO - [2022-03-18 17:15:37,319] {dag.py:2398} INFO - Sync 1 DAGs
[2022-03-18 17:15:37,327] {logging_mixin.py:109} INFO - [2022-03-18 17:15:37,327] {dag.py:2937} INFO - Setting next_dagrun for example_weekday_branch_operator to 2022-03-17 00:00:00+00:00
[2022-03-18 17:15:37,334] {processor.py:171} INFO - Processing /Users/louisekirkham/Documents/linkedin_learning/Ex_Files_Data_Engineering_Foundations/airflow_env/lib/python3.9/site-packages/airflow/example_dags/example_branch_day_of_week_operator.py took 0.064 seconds
[2022-03-18 17:17:02,116] {processor.py:163} INFO - Started process (PID=47256) to work on /Users/louisekirkham/Documents/linkedin_learning/Ex_Files_Data_Engineering_Foundations/airflow_env/lib/python3.9/site-packages/airflow/example_dags/example_branch_day_of_week_operator.py
[2022-03-18 17:17:02,117] {processor.py:642} INFO - Processing file /Users/louisekirkham/Documents/linkedin_learning/Ex_Files_Data_Engineering_Foundations/airflow_env/lib/python3.9/site-packages/airflow/example_dags/example_branch_day_of_week_operator.py for tasks to queue
[2022-03-18 17:17:02,118] {logging_mixin.py:109} INFO - [2022-03-18 17:17:02,118] {dagbag.py:500} INFO - Filling up the DagBag from /Users/louisekirkham/Documents/linkedin_learning/Ex_Files_Data_Engineering_Foundations/airflow_env/lib/python3.9/site-packages/airflow/example_dags/example_branch_day_of_week_operator.py
[2022-03-18 17:17:02,150] {processor.py:654} INFO - DAG(s) dict_keys(['example_weekday_branch_operator']) retrieved from /Users/louisekirkham/Documents/linkedin_learning/Ex_Files_Data_Engineering_Foundations/airflow_env/lib/python3.9/site-packages/airflow/example_dags/example_branch_day_of_week_operator.py
[2022-03-18 17:17:02,165] {logging_mixin.py:109} INFO - [2022-03-18 17:17:02,165] {dag.py:2398} INFO - Sync 1 DAGs
[2022-03-18 17:17:02,173] {logging_mixin.py:109} INFO - [2022-03-18 17:17:02,173] {dag.py:2937} INFO - Setting next_dagrun for example_weekday_branch_operator to 2022-03-17 00:00:00+00:00
[2022-03-18 17:17:02,180] {processor.py:171} INFO - Processing /Users/louisekirkham/Documents/linkedin_learning/Ex_Files_Data_Engineering_Foundations/airflow_env/lib/python3.9/site-packages/airflow/example_dags/example_branch_day_of_week_operator.py took 0.066 seconds
[2022-03-18 17:18:26,787] {processor.py:163} INFO - Started process (PID=47323) to work on /Users/louisekirkham/Documents/linkedin_learning/Ex_Files_Data_Engineering_Foundations/airflow_env/lib/python3.9/site-packages/airflow/example_dags/example_branch_day_of_week_operator.py
[2022-03-18 17:18:26,788] {processor.py:642} INFO - Processing file /Users/louisekirkham/Documents/linkedin_learning/Ex_Files_Data_Engineering_Foundations/airflow_env/lib/python3.9/site-packages/airflow/example_dags/example_branch_day_of_week_operator.py for tasks to queue
[2022-03-18 17:18:26,789] {logging_mixin.py:109} INFO - [2022-03-18 17:18:26,788] {dagbag.py:500} INFO - Filling up the DagBag from /Users/louisekirkham/Documents/linkedin_learning/Ex_Files_Data_Engineering_Foundations/airflow_env/lib/python3.9/site-packages/airflow/example_dags/example_branch_day_of_week_operator.py
[2022-03-18 17:18:26,818] {processor.py:654} INFO - DAG(s) dict_keys(['example_weekday_branch_operator']) retrieved from /Users/louisekirkham/Documents/linkedin_learning/Ex_Files_Data_Engineering_Foundations/airflow_env/lib/python3.9/site-packages/airflow/example_dags/example_branch_day_of_week_operator.py
[2022-03-18 17:18:26,832] {logging_mixin.py:109} INFO - [2022-03-18 17:18:26,832] {dag.py:2398} INFO - Sync 1 DAGs
[2022-03-18 17:18:26,839] {logging_mixin.py:109} INFO - [2022-03-18 17:18:26,839] {dag.py:2937} INFO - Setting next_dagrun for example_weekday_branch_operator to 2022-03-17 00:00:00+00:00
[2022-03-18 17:18:26,849] {processor.py:171} INFO - Processing /Users/louisekirkham/Documents/linkedin_learning/Ex_Files_Data_Engineering_Foundations/airflow_env/lib/python3.9/site-packages/airflow/example_dags/example_branch_day_of_week_operator.py took 0.063 seconds
[2022-03-18 17:19:49,003] {processor.py:163} INFO - Started process (PID=47385) to work on /Users/louisekirkham/Documents/linkedin_learning/Ex_Files_Data_Engineering_Foundations/airflow_env/lib/python3.9/site-packages/airflow/example_dags/example_branch_day_of_week_operator.py
[2022-03-18 17:19:49,004] {processor.py:642} INFO - Processing file /Users/louisekirkham/Documents/linkedin_learning/Ex_Files_Data_Engineering_Foundations/airflow_env/lib/python3.9/site-packages/airflow/example_dags/example_branch_day_of_week_operator.py for tasks to queue
[2022-03-18 17:19:49,005] {logging_mixin.py:109} INFO - [2022-03-18 17:19:49,004] {dagbag.py:500} INFO - Filling up the DagBag from /Users/louisekirkham/Documents/linkedin_learning/Ex_Files_Data_Engineering_Foundations/airflow_env/lib/python3.9/site-packages/airflow/example_dags/example_branch_day_of_week_operator.py
[2022-03-18 17:19:49,039] {processor.py:654} INFO - DAG(s) dict_keys(['example_weekday_branch_operator']) retrieved from /Users/louisekirkham/Documents/linkedin_learning/Ex_Files_Data_Engineering_Foundations/airflow_env/lib/python3.9/site-packages/airflow/example_dags/example_branch_day_of_week_operator.py
[2022-03-18 17:19:49,053] {logging_mixin.py:109} INFO - [2022-03-18 17:19:49,053] {dag.py:2398} INFO - Sync 1 DAGs
[2022-03-18 17:19:49,062] {logging_mixin.py:109} INFO - [2022-03-18 17:19:49,062] {dag.py:2937} INFO - Setting next_dagrun for example_weekday_branch_operator to 2022-03-17 00:00:00+00:00
[2022-03-18 17:19:49,069] {processor.py:171} INFO - Processing /Users/louisekirkham/Documents/linkedin_learning/Ex_Files_Data_Engineering_Foundations/airflow_env/lib/python3.9/site-packages/airflow/example_dags/example_branch_day_of_week_operator.py took 0.066 seconds
[2022-03-18 17:24:38,180] {processor.py:163} INFO - Started process (PID=47561) to work on /Users/louisekirkham/Documents/linkedin_learning/Ex_Files_Data_Engineering_Foundations/airflow_env/lib/python3.9/site-packages/airflow/example_dags/example_branch_day_of_week_operator.py
[2022-03-18 17:24:38,181] {processor.py:642} INFO - Processing file /Users/louisekirkham/Documents/linkedin_learning/Ex_Files_Data_Engineering_Foundations/airflow_env/lib/python3.9/site-packages/airflow/example_dags/example_branch_day_of_week_operator.py for tasks to queue
[2022-03-18 17:24:38,181] {logging_mixin.py:109} INFO - [2022-03-18 17:24:38,181] {dagbag.py:500} INFO - Filling up the DagBag from /Users/louisekirkham/Documents/linkedin_learning/Ex_Files_Data_Engineering_Foundations/airflow_env/lib/python3.9/site-packages/airflow/example_dags/example_branch_day_of_week_operator.py
[2022-03-18 17:24:38,216] {processor.py:654} INFO - DAG(s) dict_keys(['example_weekday_branch_operator']) retrieved from /Users/louisekirkham/Documents/linkedin_learning/Ex_Files_Data_Engineering_Foundations/airflow_env/lib/python3.9/site-packages/airflow/example_dags/example_branch_day_of_week_operator.py
[2022-03-18 17:24:38,233] {logging_mixin.py:109} INFO - [2022-03-18 17:24:38,233] {dag.py:2398} INFO - Sync 1 DAGs
[2022-03-18 17:24:38,243] {logging_mixin.py:109} INFO - [2022-03-18 17:24:38,243] {dag.py:2937} INFO - Setting next_dagrun for example_weekday_branch_operator to 2022-03-17 00:00:00+00:00
[2022-03-18 17:24:38,250] {processor.py:171} INFO - Processing /Users/louisekirkham/Documents/linkedin_learning/Ex_Files_Data_Engineering_Foundations/airflow_env/lib/python3.9/site-packages/airflow/example_dags/example_branch_day_of_week_operator.py took 0.071 seconds
[2022-03-18 17:26:13,133] {processor.py:163} INFO - Started process (PID=47647) to work on /Users/louisekirkham/Documents/linkedin_learning/Ex_Files_Data_Engineering_Foundations/airflow_env/lib/python3.9/site-packages/airflow/example_dags/example_branch_day_of_week_operator.py
[2022-03-18 17:26:13,133] {processor.py:642} INFO - Processing file /Users/louisekirkham/Documents/linkedin_learning/Ex_Files_Data_Engineering_Foundations/airflow_env/lib/python3.9/site-packages/airflow/example_dags/example_branch_day_of_week_operator.py for tasks to queue
[2022-03-18 17:26:13,133] {logging_mixin.py:109} INFO - [2022-03-18 17:26:13,133] {dagbag.py:500} INFO - Filling up the DagBag from /Users/louisekirkham/Documents/linkedin_learning/Ex_Files_Data_Engineering_Foundations/airflow_env/lib/python3.9/site-packages/airflow/example_dags/example_branch_day_of_week_operator.py
[2022-03-18 17:26:13,167] {processor.py:654} INFO - DAG(s) dict_keys(['example_weekday_branch_operator']) retrieved from /Users/louisekirkham/Documents/linkedin_learning/Ex_Files_Data_Engineering_Foundations/airflow_env/lib/python3.9/site-packages/airflow/example_dags/example_branch_day_of_week_operator.py
[2022-03-18 17:26:13,184] {logging_mixin.py:109} INFO - [2022-03-18 17:26:13,184] {dag.py:2398} INFO - Sync 1 DAGs
[2022-03-18 17:26:13,194] {logging_mixin.py:109} INFO - [2022-03-18 17:26:13,194] {dag.py:2937} INFO - Setting next_dagrun for example_weekday_branch_operator to 2022-03-17 00:00:00+00:00
[2022-03-18 17:26:13,202] {processor.py:171} INFO - Processing /Users/louisekirkham/Documents/linkedin_learning/Ex_Files_Data_Engineering_Foundations/airflow_env/lib/python3.9/site-packages/airflow/example_dags/example_branch_day_of_week_operator.py took 0.070 seconds
[2022-03-18 17:29:05,367] {processor.py:163} INFO - Started process (PID=47770) to work on /Users/louisekirkham/Documents/linkedin_learning/Ex_Files_Data_Engineering_Foundations/airflow_env/lib/python3.9/site-packages/airflow/example_dags/example_branch_day_of_week_operator.py
[2022-03-18 17:29:05,367] {processor.py:642} INFO - Processing file /Users/louisekirkham/Documents/linkedin_learning/Ex_Files_Data_Engineering_Foundations/airflow_env/lib/python3.9/site-packages/airflow/example_dags/example_branch_day_of_week_operator.py for tasks to queue
[2022-03-18 17:29:05,368] {logging_mixin.py:109} INFO - [2022-03-18 17:29:05,368] {dagbag.py:500} INFO - Filling up the DagBag from /Users/louisekirkham/Documents/linkedin_learning/Ex_Files_Data_Engineering_Foundations/airflow_env/lib/python3.9/site-packages/airflow/example_dags/example_branch_day_of_week_operator.py
[2022-03-18 17:29:05,408] {processor.py:654} INFO - DAG(s) dict_keys(['example_weekday_branch_operator']) retrieved from /Users/louisekirkham/Documents/linkedin_learning/Ex_Files_Data_Engineering_Foundations/airflow_env/lib/python3.9/site-packages/airflow/example_dags/example_branch_day_of_week_operator.py
[2022-03-18 17:29:05,427] {logging_mixin.py:109} INFO - [2022-03-18 17:29:05,427] {dag.py:2398} INFO - Sync 1 DAGs
[2022-03-18 17:29:05,442] {logging_mixin.py:109} INFO - [2022-03-18 17:29:05,442] {dag.py:2937} INFO - Setting next_dagrun for example_weekday_branch_operator to 2022-03-17 00:00:00+00:00
[2022-03-18 17:29:05,452] {processor.py:171} INFO - Processing /Users/louisekirkham/Documents/linkedin_learning/Ex_Files_Data_Engineering_Foundations/airflow_env/lib/python3.9/site-packages/airflow/example_dags/example_branch_day_of_week_operator.py took 0.086 seconds
[2022-03-18 17:32:23,456] {processor.py:163} INFO - Started process (PID=47943) to work on /Users/louisekirkham/Documents/linkedin_learning/Ex_Files_Data_Engineering_Foundations/airflow_env/lib/python3.9/site-packages/airflow/example_dags/example_branch_day_of_week_operator.py
[2022-03-18 17:32:23,456] {processor.py:642} INFO - Processing file /Users/louisekirkham/Documents/linkedin_learning/Ex_Files_Data_Engineering_Foundations/airflow_env/lib/python3.9/site-packages/airflow/example_dags/example_branch_day_of_week_operator.py for tasks to queue
[2022-03-18 17:32:23,457] {logging_mixin.py:109} INFO - [2022-03-18 17:32:23,457] {dagbag.py:500} INFO - Filling up the DagBag from /Users/louisekirkham/Documents/linkedin_learning/Ex_Files_Data_Engineering_Foundations/airflow_env/lib/python3.9/site-packages/airflow/example_dags/example_branch_day_of_week_operator.py
[2022-03-18 17:32:23,488] {processor.py:654} INFO - DAG(s) dict_keys(['example_weekday_branch_operator']) retrieved from /Users/louisekirkham/Documents/linkedin_learning/Ex_Files_Data_Engineering_Foundations/airflow_env/lib/python3.9/site-packages/airflow/example_dags/example_branch_day_of_week_operator.py
[2022-03-18 17:32:23,504] {logging_mixin.py:109} INFO - [2022-03-18 17:32:23,503] {dag.py:2398} INFO - Sync 1 DAGs
[2022-03-18 17:32:23,512] {logging_mixin.py:109} INFO - [2022-03-18 17:32:23,512] {dag.py:2937} INFO - Setting next_dagrun for example_weekday_branch_operator to 2022-03-17 00:00:00+00:00
[2022-03-18 17:32:23,519] {processor.py:171} INFO - Processing /Users/louisekirkham/Documents/linkedin_learning/Ex_Files_Data_Engineering_Foundations/airflow_env/lib/python3.9/site-packages/airflow/example_dags/example_branch_day_of_week_operator.py took 0.064 seconds
[2022-03-18 17:33:48,827] {processor.py:163} INFO - Started process (PID=48405) to work on /Users/louisekirkham/Documents/linkedin_learning/Ex_Files_Data_Engineering_Foundations/airflow_env/lib/python3.9/site-packages/airflow/example_dags/example_branch_day_of_week_operator.py
[2022-03-18 17:33:48,827] {processor.py:642} INFO - Processing file /Users/louisekirkham/Documents/linkedin_learning/Ex_Files_Data_Engineering_Foundations/airflow_env/lib/python3.9/site-packages/airflow/example_dags/example_branch_day_of_week_operator.py for tasks to queue
[2022-03-18 17:33:48,827] {logging_mixin.py:109} INFO - [2022-03-18 17:33:48,827] {dagbag.py:500} INFO - Filling up the DagBag from /Users/louisekirkham/Documents/linkedin_learning/Ex_Files_Data_Engineering_Foundations/airflow_env/lib/python3.9/site-packages/airflow/example_dags/example_branch_day_of_week_operator.py
[2022-03-18 17:33:48,855] {processor.py:654} INFO - DAG(s) dict_keys(['example_weekday_branch_operator']) retrieved from /Users/louisekirkham/Documents/linkedin_learning/Ex_Files_Data_Engineering_Foundations/airflow_env/lib/python3.9/site-packages/airflow/example_dags/example_branch_day_of_week_operator.py
[2022-03-18 17:33:48,869] {logging_mixin.py:109} INFO - [2022-03-18 17:33:48,869] {dag.py:2398} INFO - Sync 1 DAGs
[2022-03-18 17:33:48,877] {logging_mixin.py:109} INFO - [2022-03-18 17:33:48,877] {dag.py:2937} INFO - Setting next_dagrun for example_weekday_branch_operator to 2022-03-17 00:00:00+00:00
[2022-03-18 17:33:48,884] {processor.py:171} INFO - Processing /Users/louisekirkham/Documents/linkedin_learning/Ex_Files_Data_Engineering_Foundations/airflow_env/lib/python3.9/site-packages/airflow/example_dags/example_branch_day_of_week_operator.py took 0.058 seconds
[2022-03-18 17:35:10,655] {processor.py:163} INFO - Started process (PID=48491) to work on /Users/louisekirkham/Documents/linkedin_learning/Ex_Files_Data_Engineering_Foundations/airflow_env/lib/python3.9/site-packages/airflow/example_dags/example_branch_day_of_week_operator.py
[2022-03-18 17:35:10,655] {processor.py:642} INFO - Processing file /Users/louisekirkham/Documents/linkedin_learning/Ex_Files_Data_Engineering_Foundations/airflow_env/lib/python3.9/site-packages/airflow/example_dags/example_branch_day_of_week_operator.py for tasks to queue
[2022-03-18 17:35:10,656] {logging_mixin.py:109} INFO - [2022-03-18 17:35:10,656] {dagbag.py:500} INFO - Filling up the DagBag from /Users/louisekirkham/Documents/linkedin_learning/Ex_Files_Data_Engineering_Foundations/airflow_env/lib/python3.9/site-packages/airflow/example_dags/example_branch_day_of_week_operator.py
[2022-03-18 17:35:10,686] {processor.py:654} INFO - DAG(s) dict_keys(['example_weekday_branch_operator']) retrieved from /Users/louisekirkham/Documents/linkedin_learning/Ex_Files_Data_Engineering_Foundations/airflow_env/lib/python3.9/site-packages/airflow/example_dags/example_branch_day_of_week_operator.py
[2022-03-18 17:35:10,702] {logging_mixin.py:109} INFO - [2022-03-18 17:35:10,702] {dag.py:2398} INFO - Sync 1 DAGs
[2022-03-18 17:35:10,712] {logging_mixin.py:109} INFO - [2022-03-18 17:35:10,712] {dag.py:2937} INFO - Setting next_dagrun for example_weekday_branch_operator to 2022-03-17 00:00:00+00:00
[2022-03-18 17:35:10,718] {processor.py:171} INFO - Processing /Users/louisekirkham/Documents/linkedin_learning/Ex_Files_Data_Engineering_Foundations/airflow_env/lib/python3.9/site-packages/airflow/example_dags/example_branch_day_of_week_operator.py took 0.064 seconds
[2022-03-18 17:36:33,119] {processor.py:163} INFO - Started process (PID=48572) to work on /Users/louisekirkham/Documents/linkedin_learning/Ex_Files_Data_Engineering_Foundations/airflow_env/lib/python3.9/site-packages/airflow/example_dags/example_branch_day_of_week_operator.py
[2022-03-18 17:36:33,119] {processor.py:642} INFO - Processing file /Users/louisekirkham/Documents/linkedin_learning/Ex_Files_Data_Engineering_Foundations/airflow_env/lib/python3.9/site-packages/airflow/example_dags/example_branch_day_of_week_operator.py for tasks to queue
[2022-03-18 17:36:33,119] {logging_mixin.py:109} INFO - [2022-03-18 17:36:33,119] {dagbag.py:500} INFO - Filling up the DagBag from /Users/louisekirkham/Documents/linkedin_learning/Ex_Files_Data_Engineering_Foundations/airflow_env/lib/python3.9/site-packages/airflow/example_dags/example_branch_day_of_week_operator.py
[2022-03-18 17:36:33,148] {processor.py:654} INFO - DAG(s) dict_keys(['example_weekday_branch_operator']) retrieved from /Users/louisekirkham/Documents/linkedin_learning/Ex_Files_Data_Engineering_Foundations/airflow_env/lib/python3.9/site-packages/airflow/example_dags/example_branch_day_of_week_operator.py
[2022-03-18 17:36:33,162] {logging_mixin.py:109} INFO - [2022-03-18 17:36:33,162] {dag.py:2398} INFO - Sync 1 DAGs
[2022-03-18 17:36:33,171] {logging_mixin.py:109} INFO - [2022-03-18 17:36:33,170] {dag.py:2937} INFO - Setting next_dagrun for example_weekday_branch_operator to 2022-03-17 00:00:00+00:00
[2022-03-18 17:36:33,178] {processor.py:171} INFO - Processing /Users/louisekirkham/Documents/linkedin_learning/Ex_Files_Data_Engineering_Foundations/airflow_env/lib/python3.9/site-packages/airflow/example_dags/example_branch_day_of_week_operator.py took 0.060 seconds
[2022-03-18 17:37:57,232] {processor.py:163} INFO - Started process (PID=48642) to work on /Users/louisekirkham/Documents/linkedin_learning/Ex_Files_Data_Engineering_Foundations/airflow_env/lib/python3.9/site-packages/airflow/example_dags/example_branch_day_of_week_operator.py
[2022-03-18 17:37:57,233] {processor.py:642} INFO - Processing file /Users/louisekirkham/Documents/linkedin_learning/Ex_Files_Data_Engineering_Foundations/airflow_env/lib/python3.9/site-packages/airflow/example_dags/example_branch_day_of_week_operator.py for tasks to queue
[2022-03-18 17:37:57,233] {logging_mixin.py:109} INFO - [2022-03-18 17:37:57,233] {dagbag.py:500} INFO - Filling up the DagBag from /Users/louisekirkham/Documents/linkedin_learning/Ex_Files_Data_Engineering_Foundations/airflow_env/lib/python3.9/site-packages/airflow/example_dags/example_branch_day_of_week_operator.py
[2022-03-18 17:37:57,266] {processor.py:654} INFO - DAG(s) dict_keys(['example_weekday_branch_operator']) retrieved from /Users/louisekirkham/Documents/linkedin_learning/Ex_Files_Data_Engineering_Foundations/airflow_env/lib/python3.9/site-packages/airflow/example_dags/example_branch_day_of_week_operator.py
[2022-03-18 17:37:57,281] {logging_mixin.py:109} INFO - [2022-03-18 17:37:57,280] {dag.py:2398} INFO - Sync 1 DAGs
[2022-03-18 17:37:57,290] {logging_mixin.py:109} INFO - [2022-03-18 17:37:57,290] {dag.py:2937} INFO - Setting next_dagrun for example_weekday_branch_operator to 2022-03-17 00:00:00+00:00
[2022-03-18 17:37:57,296] {processor.py:171} INFO - Processing /Users/louisekirkham/Documents/linkedin_learning/Ex_Files_Data_Engineering_Foundations/airflow_env/lib/python3.9/site-packages/airflow/example_dags/example_branch_day_of_week_operator.py took 0.065 seconds
[2022-03-18 17:39:22,328] {processor.py:163} INFO - Started process (PID=48719) to work on /Users/louisekirkham/Documents/linkedin_learning/Ex_Files_Data_Engineering_Foundations/airflow_env/lib/python3.9/site-packages/airflow/example_dags/example_branch_day_of_week_operator.py
[2022-03-18 17:39:22,329] {processor.py:642} INFO - Processing file /Users/louisekirkham/Documents/linkedin_learning/Ex_Files_Data_Engineering_Foundations/airflow_env/lib/python3.9/site-packages/airflow/example_dags/example_branch_day_of_week_operator.py for tasks to queue
[2022-03-18 17:39:22,330] {logging_mixin.py:109} INFO - [2022-03-18 17:39:22,330] {dagbag.py:500} INFO - Filling up the DagBag from /Users/louisekirkham/Documents/linkedin_learning/Ex_Files_Data_Engineering_Foundations/airflow_env/lib/python3.9/site-packages/airflow/example_dags/example_branch_day_of_week_operator.py
[2022-03-18 17:39:22,360] {processor.py:654} INFO - DAG(s) dict_keys(['example_weekday_branch_operator']) retrieved from /Users/louisekirkham/Documents/linkedin_learning/Ex_Files_Data_Engineering_Foundations/airflow_env/lib/python3.9/site-packages/airflow/example_dags/example_branch_day_of_week_operator.py
[2022-03-18 17:39:22,375] {logging_mixin.py:109} INFO - [2022-03-18 17:39:22,375] {dag.py:2398} INFO - Sync 1 DAGs
[2022-03-18 17:39:22,383] {logging_mixin.py:109} INFO - [2022-03-18 17:39:22,383] {dag.py:2937} INFO - Setting next_dagrun for example_weekday_branch_operator to 2022-03-17 00:00:00+00:00
[2022-03-18 17:39:22,389] {processor.py:171} INFO - Processing /Users/louisekirkham/Documents/linkedin_learning/Ex_Files_Data_Engineering_Foundations/airflow_env/lib/python3.9/site-packages/airflow/example_dags/example_branch_day_of_week_operator.py took 0.061 seconds
[2022-03-18 17:40:48,222] {processor.py:163} INFO - Started process (PID=48809) to work on /Users/louisekirkham/Documents/linkedin_learning/Ex_Files_Data_Engineering_Foundations/airflow_env/lib/python3.9/site-packages/airflow/example_dags/example_branch_day_of_week_operator.py
[2022-03-18 17:40:48,222] {processor.py:642} INFO - Processing file /Users/louisekirkham/Documents/linkedin_learning/Ex_Files_Data_Engineering_Foundations/airflow_env/lib/python3.9/site-packages/airflow/example_dags/example_branch_day_of_week_operator.py for tasks to queue
[2022-03-18 17:40:48,223] {logging_mixin.py:109} INFO - [2022-03-18 17:40:48,223] {dagbag.py:500} INFO - Filling up the DagBag from /Users/louisekirkham/Documents/linkedin_learning/Ex_Files_Data_Engineering_Foundations/airflow_env/lib/python3.9/site-packages/airflow/example_dags/example_branch_day_of_week_operator.py
[2022-03-18 17:40:48,260] {processor.py:654} INFO - DAG(s) dict_keys(['example_weekday_branch_operator']) retrieved from /Users/louisekirkham/Documents/linkedin_learning/Ex_Files_Data_Engineering_Foundations/airflow_env/lib/python3.9/site-packages/airflow/example_dags/example_branch_day_of_week_operator.py
[2022-03-18 17:40:48,277] {logging_mixin.py:109} INFO - [2022-03-18 17:40:48,277] {dag.py:2398} INFO - Sync 1 DAGs
[2022-03-18 17:40:48,287] {logging_mixin.py:109} INFO - [2022-03-18 17:40:48,287] {dag.py:2937} INFO - Setting next_dagrun for example_weekday_branch_operator to 2022-03-17 00:00:00+00:00
[2022-03-18 17:40:48,296] {processor.py:171} INFO - Processing /Users/louisekirkham/Documents/linkedin_learning/Ex_Files_Data_Engineering_Foundations/airflow_env/lib/python3.9/site-packages/airflow/example_dags/example_branch_day_of_week_operator.py took 0.074 seconds
[2022-03-18 17:42:09,556] {processor.py:163} INFO - Started process (PID=48894) to work on /Users/louisekirkham/Documents/linkedin_learning/Ex_Files_Data_Engineering_Foundations/airflow_env/lib/python3.9/site-packages/airflow/example_dags/example_branch_day_of_week_operator.py
[2022-03-18 17:42:09,557] {processor.py:642} INFO - Processing file /Users/louisekirkham/Documents/linkedin_learning/Ex_Files_Data_Engineering_Foundations/airflow_env/lib/python3.9/site-packages/airflow/example_dags/example_branch_day_of_week_operator.py for tasks to queue
[2022-03-18 17:42:09,557] {logging_mixin.py:109} INFO - [2022-03-18 17:42:09,557] {dagbag.py:500} INFO - Filling up the DagBag from /Users/louisekirkham/Documents/linkedin_learning/Ex_Files_Data_Engineering_Foundations/airflow_env/lib/python3.9/site-packages/airflow/example_dags/example_branch_day_of_week_operator.py
[2022-03-18 17:42:09,586] {processor.py:654} INFO - DAG(s) dict_keys(['example_weekday_branch_operator']) retrieved from /Users/louisekirkham/Documents/linkedin_learning/Ex_Files_Data_Engineering_Foundations/airflow_env/lib/python3.9/site-packages/airflow/example_dags/example_branch_day_of_week_operator.py
[2022-03-18 17:42:09,600] {logging_mixin.py:109} INFO - [2022-03-18 17:42:09,599] {dag.py:2398} INFO - Sync 1 DAGs
[2022-03-18 17:42:09,607] {logging_mixin.py:109} INFO - [2022-03-18 17:42:09,607] {dag.py:2937} INFO - Setting next_dagrun for example_weekday_branch_operator to 2022-03-17 00:00:00+00:00
[2022-03-18 17:42:09,614] {processor.py:171} INFO - Processing /Users/louisekirkham/Documents/linkedin_learning/Ex_Files_Data_Engineering_Foundations/airflow_env/lib/python3.9/site-packages/airflow/example_dags/example_branch_day_of_week_operator.py took 0.058 seconds
[2022-03-18 17:43:33,288] {processor.py:163} INFO - Started process (PID=48956) to work on /Users/louisekirkham/Documents/linkedin_learning/Ex_Files_Data_Engineering_Foundations/airflow_env/lib/python3.9/site-packages/airflow/example_dags/example_branch_day_of_week_operator.py
[2022-03-18 17:43:33,289] {processor.py:642} INFO - Processing file /Users/louisekirkham/Documents/linkedin_learning/Ex_Files_Data_Engineering_Foundations/airflow_env/lib/python3.9/site-packages/airflow/example_dags/example_branch_day_of_week_operator.py for tasks to queue
[2022-03-18 17:43:33,289] {logging_mixin.py:109} INFO - [2022-03-18 17:43:33,289] {dagbag.py:500} INFO - Filling up the DagBag from /Users/louisekirkham/Documents/linkedin_learning/Ex_Files_Data_Engineering_Foundations/airflow_env/lib/python3.9/site-packages/airflow/example_dags/example_branch_day_of_week_operator.py
[2022-03-18 17:43:33,319] {processor.py:654} INFO - DAG(s) dict_keys(['example_weekday_branch_operator']) retrieved from /Users/louisekirkham/Documents/linkedin_learning/Ex_Files_Data_Engineering_Foundations/airflow_env/lib/python3.9/site-packages/airflow/example_dags/example_branch_day_of_week_operator.py
[2022-03-18 17:43:33,334] {logging_mixin.py:109} INFO - [2022-03-18 17:43:33,333] {dag.py:2398} INFO - Sync 1 DAGs
[2022-03-18 17:43:33,342] {logging_mixin.py:109} INFO - [2022-03-18 17:43:33,342] {dag.py:2937} INFO - Setting next_dagrun for example_weekday_branch_operator to 2022-03-17 00:00:00+00:00
[2022-03-18 17:43:33,349] {processor.py:171} INFO - Processing /Users/louisekirkham/Documents/linkedin_learning/Ex_Files_Data_Engineering_Foundations/airflow_env/lib/python3.9/site-packages/airflow/example_dags/example_branch_day_of_week_operator.py took 0.061 seconds
[2022-03-18 17:44:55,653] {processor.py:163} INFO - Started process (PID=49017) to work on /Users/louisekirkham/Documents/linkedin_learning/Ex_Files_Data_Engineering_Foundations/airflow_env/lib/python3.9/site-packages/airflow/example_dags/example_branch_day_of_week_operator.py
[2022-03-18 17:44:55,654] {processor.py:642} INFO - Processing file /Users/louisekirkham/Documents/linkedin_learning/Ex_Files_Data_Engineering_Foundations/airflow_env/lib/python3.9/site-packages/airflow/example_dags/example_branch_day_of_week_operator.py for tasks to queue
[2022-03-18 17:44:55,654] {logging_mixin.py:109} INFO - [2022-03-18 17:44:55,654] {dagbag.py:500} INFO - Filling up the DagBag from /Users/louisekirkham/Documents/linkedin_learning/Ex_Files_Data_Engineering_Foundations/airflow_env/lib/python3.9/site-packages/airflow/example_dags/example_branch_day_of_week_operator.py
[2022-03-18 17:44:55,690] {processor.py:654} INFO - DAG(s) dict_keys(['example_weekday_branch_operator']) retrieved from /Users/louisekirkham/Documents/linkedin_learning/Ex_Files_Data_Engineering_Foundations/airflow_env/lib/python3.9/site-packages/airflow/example_dags/example_branch_day_of_week_operator.py
[2022-03-18 17:44:55,709] {logging_mixin.py:109} INFO - [2022-03-18 17:44:55,708] {dag.py:2398} INFO - Sync 1 DAGs
[2022-03-18 17:44:55,718] {logging_mixin.py:109} INFO - [2022-03-18 17:44:55,718] {dag.py:2937} INFO - Setting next_dagrun for example_weekday_branch_operator to 2022-03-17 00:00:00+00:00
[2022-03-18 17:44:55,726] {processor.py:171} INFO - Processing /Users/louisekirkham/Documents/linkedin_learning/Ex_Files_Data_Engineering_Foundations/airflow_env/lib/python3.9/site-packages/airflow/example_dags/example_branch_day_of_week_operator.py took 0.073 seconds
[2022-03-18 17:46:19,826] {processor.py:163} INFO - Started process (PID=49088) to work on /Users/louisekirkham/Documents/linkedin_learning/Ex_Files_Data_Engineering_Foundations/airflow_env/lib/python3.9/site-packages/airflow/example_dags/example_branch_day_of_week_operator.py
[2022-03-18 17:46:19,826] {processor.py:642} INFO - Processing file /Users/louisekirkham/Documents/linkedin_learning/Ex_Files_Data_Engineering_Foundations/airflow_env/lib/python3.9/site-packages/airflow/example_dags/example_branch_day_of_week_operator.py for tasks to queue
[2022-03-18 17:46:19,826] {logging_mixin.py:109} INFO - [2022-03-18 17:46:19,826] {dagbag.py:500} INFO - Filling up the DagBag from /Users/louisekirkham/Documents/linkedin_learning/Ex_Files_Data_Engineering_Foundations/airflow_env/lib/python3.9/site-packages/airflow/example_dags/example_branch_day_of_week_operator.py
[2022-03-18 17:46:19,852] {processor.py:654} INFO - DAG(s) dict_keys(['example_weekday_branch_operator']) retrieved from /Users/louisekirkham/Documents/linkedin_learning/Ex_Files_Data_Engineering_Foundations/airflow_env/lib/python3.9/site-packages/airflow/example_dags/example_branch_day_of_week_operator.py
[2022-03-18 17:46:19,865] {logging_mixin.py:109} INFO - [2022-03-18 17:46:19,865] {dag.py:2398} INFO - Sync 1 DAGs
[2022-03-18 17:46:19,873] {logging_mixin.py:109} INFO - [2022-03-18 17:46:19,873] {dag.py:2937} INFO - Setting next_dagrun for example_weekday_branch_operator to 2022-03-17 00:00:00+00:00
[2022-03-18 17:46:19,880] {processor.py:171} INFO - Processing /Users/louisekirkham/Documents/linkedin_learning/Ex_Files_Data_Engineering_Foundations/airflow_env/lib/python3.9/site-packages/airflow/example_dags/example_branch_day_of_week_operator.py took 0.055 seconds
[2022-03-18 17:47:44,098] {processor.py:163} INFO - Started process (PID=49157) to work on /Users/louisekirkham/Documents/linkedin_learning/Ex_Files_Data_Engineering_Foundations/airflow_env/lib/python3.9/site-packages/airflow/example_dags/example_branch_day_of_week_operator.py
[2022-03-18 17:47:44,099] {processor.py:642} INFO - Processing file /Users/louisekirkham/Documents/linkedin_learning/Ex_Files_Data_Engineering_Foundations/airflow_env/lib/python3.9/site-packages/airflow/example_dags/example_branch_day_of_week_operator.py for tasks to queue
[2022-03-18 17:47:44,099] {logging_mixin.py:109} INFO - [2022-03-18 17:47:44,099] {dagbag.py:500} INFO - Filling up the DagBag from /Users/louisekirkham/Documents/linkedin_learning/Ex_Files_Data_Engineering_Foundations/airflow_env/lib/python3.9/site-packages/airflow/example_dags/example_branch_day_of_week_operator.py
[2022-03-18 17:47:44,133] {processor.py:654} INFO - DAG(s) dict_keys(['example_weekday_branch_operator']) retrieved from /Users/louisekirkham/Documents/linkedin_learning/Ex_Files_Data_Engineering_Foundations/airflow_env/lib/python3.9/site-packages/airflow/example_dags/example_branch_day_of_week_operator.py
[2022-03-18 17:47:44,149] {logging_mixin.py:109} INFO - [2022-03-18 17:47:44,149] {dag.py:2398} INFO - Sync 1 DAGs
[2022-03-18 17:47:44,160] {logging_mixin.py:109} INFO - [2022-03-18 17:47:44,159] {dag.py:2937} INFO - Setting next_dagrun for example_weekday_branch_operator to 2022-03-17 00:00:00+00:00
[2022-03-18 17:47:44,166] {processor.py:171} INFO - Processing /Users/louisekirkham/Documents/linkedin_learning/Ex_Files_Data_Engineering_Foundations/airflow_env/lib/python3.9/site-packages/airflow/example_dags/example_branch_day_of_week_operator.py took 0.069 seconds
[2022-03-18 17:49:08,747] {processor.py:163} INFO - Started process (PID=50909) to work on /Users/louisekirkham/Documents/linkedin_learning/Ex_Files_Data_Engineering_Foundations/airflow_env/lib/python3.9/site-packages/airflow/example_dags/example_branch_day_of_week_operator.py
[2022-03-18 17:49:08,747] {processor.py:642} INFO - Processing file /Users/louisekirkham/Documents/linkedin_learning/Ex_Files_Data_Engineering_Foundations/airflow_env/lib/python3.9/site-packages/airflow/example_dags/example_branch_day_of_week_operator.py for tasks to queue
[2022-03-18 17:49:08,748] {logging_mixin.py:109} INFO - [2022-03-18 17:49:08,748] {dagbag.py:500} INFO - Filling up the DagBag from /Users/louisekirkham/Documents/linkedin_learning/Ex_Files_Data_Engineering_Foundations/airflow_env/lib/python3.9/site-packages/airflow/example_dags/example_branch_day_of_week_operator.py
[2022-03-18 17:49:08,776] {processor.py:654} INFO - DAG(s) dict_keys(['example_weekday_branch_operator']) retrieved from /Users/louisekirkham/Documents/linkedin_learning/Ex_Files_Data_Engineering_Foundations/airflow_env/lib/python3.9/site-packages/airflow/example_dags/example_branch_day_of_week_operator.py
[2022-03-18 17:49:08,789] {logging_mixin.py:109} INFO - [2022-03-18 17:49:08,789] {dag.py:2398} INFO - Sync 1 DAGs
[2022-03-18 17:49:08,797] {logging_mixin.py:109} INFO - [2022-03-18 17:49:08,797] {dag.py:2937} INFO - Setting next_dagrun for example_weekday_branch_operator to 2022-03-17 00:00:00+00:00
[2022-03-18 17:49:08,803] {processor.py:171} INFO - Processing /Users/louisekirkham/Documents/linkedin_learning/Ex_Files_Data_Engineering_Foundations/airflow_env/lib/python3.9/site-packages/airflow/example_dags/example_branch_day_of_week_operator.py took 0.057 seconds
[2022-03-18 17:50:32,193] {processor.py:163} INFO - Started process (PID=50976) to work on /Users/louisekirkham/Documents/linkedin_learning/Ex_Files_Data_Engineering_Foundations/airflow_env/lib/python3.9/site-packages/airflow/example_dags/example_branch_day_of_week_operator.py
[2022-03-18 17:50:32,194] {processor.py:642} INFO - Processing file /Users/louisekirkham/Documents/linkedin_learning/Ex_Files_Data_Engineering_Foundations/airflow_env/lib/python3.9/site-packages/airflow/example_dags/example_branch_day_of_week_operator.py for tasks to queue
[2022-03-18 17:50:32,195] {logging_mixin.py:109} INFO - [2022-03-18 17:50:32,195] {dagbag.py:500} INFO - Filling up the DagBag from /Users/louisekirkham/Documents/linkedin_learning/Ex_Files_Data_Engineering_Foundations/airflow_env/lib/python3.9/site-packages/airflow/example_dags/example_branch_day_of_week_operator.py
[2022-03-18 17:50:32,230] {processor.py:654} INFO - DAG(s) dict_keys(['example_weekday_branch_operator']) retrieved from /Users/louisekirkham/Documents/linkedin_learning/Ex_Files_Data_Engineering_Foundations/airflow_env/lib/python3.9/site-packages/airflow/example_dags/example_branch_day_of_week_operator.py
[2022-03-18 17:50:32,247] {logging_mixin.py:109} INFO - [2022-03-18 17:50:32,247] {dag.py:2398} INFO - Sync 1 DAGs
[2022-03-18 17:50:32,259] {logging_mixin.py:109} INFO - [2022-03-18 17:50:32,258] {dag.py:2937} INFO - Setting next_dagrun for example_weekday_branch_operator to 2022-03-17 00:00:00+00:00
[2022-03-18 17:50:32,266] {processor.py:171} INFO - Processing /Users/louisekirkham/Documents/linkedin_learning/Ex_Files_Data_Engineering_Foundations/airflow_env/lib/python3.9/site-packages/airflow/example_dags/example_branch_day_of_week_operator.py took 0.073 seconds
[2022-03-18 17:51:57,822] {processor.py:163} INFO - Started process (PID=51058) to work on /Users/louisekirkham/Documents/linkedin_learning/Ex_Files_Data_Engineering_Foundations/airflow_env/lib/python3.9/site-packages/airflow/example_dags/example_branch_day_of_week_operator.py
[2022-03-18 17:51:57,823] {processor.py:642} INFO - Processing file /Users/louisekirkham/Documents/linkedin_learning/Ex_Files_Data_Engineering_Foundations/airflow_env/lib/python3.9/site-packages/airflow/example_dags/example_branch_day_of_week_operator.py for tasks to queue
[2022-03-18 17:51:57,823] {logging_mixin.py:109} INFO - [2022-03-18 17:51:57,823] {dagbag.py:500} INFO - Filling up the DagBag from /Users/louisekirkham/Documents/linkedin_learning/Ex_Files_Data_Engineering_Foundations/airflow_env/lib/python3.9/site-packages/airflow/example_dags/example_branch_day_of_week_operator.py
[2022-03-18 17:51:57,856] {processor.py:654} INFO - DAG(s) dict_keys(['example_weekday_branch_operator']) retrieved from /Users/louisekirkham/Documents/linkedin_learning/Ex_Files_Data_Engineering_Foundations/airflow_env/lib/python3.9/site-packages/airflow/example_dags/example_branch_day_of_week_operator.py
[2022-03-18 17:51:57,871] {logging_mixin.py:109} INFO - [2022-03-18 17:51:57,870] {dag.py:2398} INFO - Sync 1 DAGs
[2022-03-18 17:51:57,879] {logging_mixin.py:109} INFO - [2022-03-18 17:51:57,879] {dag.py:2937} INFO - Setting next_dagrun for example_weekday_branch_operator to 2022-03-17 00:00:00+00:00
[2022-03-18 17:51:57,886] {processor.py:171} INFO - Processing /Users/louisekirkham/Documents/linkedin_learning/Ex_Files_Data_Engineering_Foundations/airflow_env/lib/python3.9/site-packages/airflow/example_dags/example_branch_day_of_week_operator.py took 0.065 seconds
[2022-03-18 17:53:21,335] {processor.py:163} INFO - Started process (PID=51126) to work on /Users/louisekirkham/Documents/linkedin_learning/Ex_Files_Data_Engineering_Foundations/airflow_env/lib/python3.9/site-packages/airflow/example_dags/example_branch_day_of_week_operator.py
[2022-03-18 17:53:21,336] {processor.py:642} INFO - Processing file /Users/louisekirkham/Documents/linkedin_learning/Ex_Files_Data_Engineering_Foundations/airflow_env/lib/python3.9/site-packages/airflow/example_dags/example_branch_day_of_week_operator.py for tasks to queue
[2022-03-18 17:53:21,336] {logging_mixin.py:109} INFO - [2022-03-18 17:53:21,336] {dagbag.py:500} INFO - Filling up the DagBag from /Users/louisekirkham/Documents/linkedin_learning/Ex_Files_Data_Engineering_Foundations/airflow_env/lib/python3.9/site-packages/airflow/example_dags/example_branch_day_of_week_operator.py
[2022-03-18 17:53:21,363] {processor.py:654} INFO - DAG(s) dict_keys(['example_weekday_branch_operator']) retrieved from /Users/louisekirkham/Documents/linkedin_learning/Ex_Files_Data_Engineering_Foundations/airflow_env/lib/python3.9/site-packages/airflow/example_dags/example_branch_day_of_week_operator.py
[2022-03-18 17:53:21,378] {logging_mixin.py:109} INFO - [2022-03-18 17:53:21,378] {dag.py:2398} INFO - Sync 1 DAGs
[2022-03-18 17:53:21,386] {logging_mixin.py:109} INFO - [2022-03-18 17:53:21,386] {dag.py:2937} INFO - Setting next_dagrun for example_weekday_branch_operator to 2022-03-17 00:00:00+00:00
[2022-03-18 17:53:21,393] {processor.py:171} INFO - Processing /Users/louisekirkham/Documents/linkedin_learning/Ex_Files_Data_Engineering_Foundations/airflow_env/lib/python3.9/site-packages/airflow/example_dags/example_branch_day_of_week_operator.py took 0.059 seconds
[2022-03-18 17:54:42,826] {processor.py:163} INFO - Started process (PID=51190) to work on /Users/louisekirkham/Documents/linkedin_learning/Ex_Files_Data_Engineering_Foundations/airflow_env/lib/python3.9/site-packages/airflow/example_dags/example_branch_day_of_week_operator.py
[2022-03-18 17:54:42,827] {processor.py:642} INFO - Processing file /Users/louisekirkham/Documents/linkedin_learning/Ex_Files_Data_Engineering_Foundations/airflow_env/lib/python3.9/site-packages/airflow/example_dags/example_branch_day_of_week_operator.py for tasks to queue
[2022-03-18 17:54:42,828] {logging_mixin.py:109} INFO - [2022-03-18 17:54:42,828] {dagbag.py:500} INFO - Filling up the DagBag from /Users/louisekirkham/Documents/linkedin_learning/Ex_Files_Data_Engineering_Foundations/airflow_env/lib/python3.9/site-packages/airflow/example_dags/example_branch_day_of_week_operator.py
[2022-03-18 17:54:42,860] {processor.py:654} INFO - DAG(s) dict_keys(['example_weekday_branch_operator']) retrieved from /Users/louisekirkham/Documents/linkedin_learning/Ex_Files_Data_Engineering_Foundations/airflow_env/lib/python3.9/site-packages/airflow/example_dags/example_branch_day_of_week_operator.py
[2022-03-18 17:54:42,874] {logging_mixin.py:109} INFO - [2022-03-18 17:54:42,874] {dag.py:2398} INFO - Sync 1 DAGs
[2022-03-18 17:54:42,882] {logging_mixin.py:109} INFO - [2022-03-18 17:54:42,882] {dag.py:2937} INFO - Setting next_dagrun for example_weekday_branch_operator to 2022-03-17 00:00:00+00:00
[2022-03-18 17:54:42,889] {processor.py:171} INFO - Processing /Users/louisekirkham/Documents/linkedin_learning/Ex_Files_Data_Engineering_Foundations/airflow_env/lib/python3.9/site-packages/airflow/example_dags/example_branch_day_of_week_operator.py took 0.063 seconds
[2022-03-18 17:56:07,364] {processor.py:163} INFO - Started process (PID=51261) to work on /Users/louisekirkham/Documents/linkedin_learning/Ex_Files_Data_Engineering_Foundations/airflow_env/lib/python3.9/site-packages/airflow/example_dags/example_branch_day_of_week_operator.py
[2022-03-18 17:56:07,365] {processor.py:642} INFO - Processing file /Users/louisekirkham/Documents/linkedin_learning/Ex_Files_Data_Engineering_Foundations/airflow_env/lib/python3.9/site-packages/airflow/example_dags/example_branch_day_of_week_operator.py for tasks to queue
[2022-03-18 17:56:07,366] {logging_mixin.py:109} INFO - [2022-03-18 17:56:07,366] {dagbag.py:500} INFO - Filling up the DagBag from /Users/louisekirkham/Documents/linkedin_learning/Ex_Files_Data_Engineering_Foundations/airflow_env/lib/python3.9/site-packages/airflow/example_dags/example_branch_day_of_week_operator.py
[2022-03-18 17:56:07,399] {processor.py:654} INFO - DAG(s) dict_keys(['example_weekday_branch_operator']) retrieved from /Users/louisekirkham/Documents/linkedin_learning/Ex_Files_Data_Engineering_Foundations/airflow_env/lib/python3.9/site-packages/airflow/example_dags/example_branch_day_of_week_operator.py
[2022-03-18 17:56:07,414] {logging_mixin.py:109} INFO - [2022-03-18 17:56:07,414] {dag.py:2398} INFO - Sync 1 DAGs
[2022-03-18 17:56:07,423] {logging_mixin.py:109} INFO - [2022-03-18 17:56:07,423] {dag.py:2937} INFO - Setting next_dagrun for example_weekday_branch_operator to 2022-03-17 00:00:00+00:00
[2022-03-18 17:56:07,431] {processor.py:171} INFO - Processing /Users/louisekirkham/Documents/linkedin_learning/Ex_Files_Data_Engineering_Foundations/airflow_env/lib/python3.9/site-packages/airflow/example_dags/example_branch_day_of_week_operator.py took 0.068 seconds
[2022-03-18 17:57:32,410] {processor.py:163} INFO - Started process (PID=51323) to work on /Users/louisekirkham/Documents/linkedin_learning/Ex_Files_Data_Engineering_Foundations/airflow_env/lib/python3.9/site-packages/airflow/example_dags/example_branch_day_of_week_operator.py
[2022-03-18 17:57:32,411] {processor.py:642} INFO - Processing file /Users/louisekirkham/Documents/linkedin_learning/Ex_Files_Data_Engineering_Foundations/airflow_env/lib/python3.9/site-packages/airflow/example_dags/example_branch_day_of_week_operator.py for tasks to queue
[2022-03-18 17:57:32,412] {logging_mixin.py:109} INFO - [2022-03-18 17:57:32,411] {dagbag.py:500} INFO - Filling up the DagBag from /Users/louisekirkham/Documents/linkedin_learning/Ex_Files_Data_Engineering_Foundations/airflow_env/lib/python3.9/site-packages/airflow/example_dags/example_branch_day_of_week_operator.py
[2022-03-18 17:57:32,444] {processor.py:654} INFO - DAG(s) dict_keys(['example_weekday_branch_operator']) retrieved from /Users/louisekirkham/Documents/linkedin_learning/Ex_Files_Data_Engineering_Foundations/airflow_env/lib/python3.9/site-packages/airflow/example_dags/example_branch_day_of_week_operator.py
[2022-03-18 17:57:32,459] {logging_mixin.py:109} INFO - [2022-03-18 17:57:32,459] {dag.py:2398} INFO - Sync 1 DAGs
[2022-03-18 17:57:32,466] {logging_mixin.py:109} INFO - [2022-03-18 17:57:32,466] {dag.py:2937} INFO - Setting next_dagrun for example_weekday_branch_operator to 2022-03-17 00:00:00+00:00
[2022-03-18 17:57:32,473] {processor.py:171} INFO - Processing /Users/louisekirkham/Documents/linkedin_learning/Ex_Files_Data_Engineering_Foundations/airflow_env/lib/python3.9/site-packages/airflow/example_dags/example_branch_day_of_week_operator.py took 0.063 seconds
[2022-03-18 17:59:06,906] {processor.py:163} INFO - Started process (PID=51488) to work on /Users/louisekirkham/Documents/linkedin_learning/Ex_Files_Data_Engineering_Foundations/airflow_env/lib/python3.9/site-packages/airflow/example_dags/example_branch_day_of_week_operator.py
[2022-03-18 17:59:06,906] {processor.py:642} INFO - Processing file /Users/louisekirkham/Documents/linkedin_learning/Ex_Files_Data_Engineering_Foundations/airflow_env/lib/python3.9/site-packages/airflow/example_dags/example_branch_day_of_week_operator.py for tasks to queue
[2022-03-18 17:59:06,907] {logging_mixin.py:109} INFO - [2022-03-18 17:59:06,907] {dagbag.py:500} INFO - Filling up the DagBag from /Users/louisekirkham/Documents/linkedin_learning/Ex_Files_Data_Engineering_Foundations/airflow_env/lib/python3.9/site-packages/airflow/example_dags/example_branch_day_of_week_operator.py
[2022-03-18 17:59:06,976] {processor.py:654} INFO - DAG(s) dict_keys(['example_weekday_branch_operator']) retrieved from /Users/louisekirkham/Documents/linkedin_learning/Ex_Files_Data_Engineering_Foundations/airflow_env/lib/python3.9/site-packages/airflow/example_dags/example_branch_day_of_week_operator.py
[2022-03-18 17:59:07,009] {logging_mixin.py:109} INFO - [2022-03-18 17:59:07,009] {dag.py:2398} INFO - Sync 1 DAGs
[2022-03-18 17:59:07,032] {logging_mixin.py:109} INFO - [2022-03-18 17:59:07,032] {dag.py:2937} INFO - Setting next_dagrun for example_weekday_branch_operator to 2022-03-17 00:00:00+00:00
[2022-03-18 17:59:07,046] {processor.py:171} INFO - Processing /Users/louisekirkham/Documents/linkedin_learning/Ex_Files_Data_Engineering_Foundations/airflow_env/lib/python3.9/site-packages/airflow/example_dags/example_branch_day_of_week_operator.py took 0.142 seconds
