[2022-03-18 10:37:02,777] {processor.py:163} INFO - Started process (PID=46361) to work on /Users/louisekirkham/Documents/linkedin_learning/Ex_Files_Data_Engineering_Foundations/airflow_env/lib/python3.9/site-packages/airflow/example_dags/example_task_group_decorator.py
[2022-03-18 10:37:02,778] {processor.py:642} INFO - Processing file /Users/louisekirkham/Documents/linkedin_learning/Ex_Files_Data_Engineering_Foundations/airflow_env/lib/python3.9/site-packages/airflow/example_dags/example_task_group_decorator.py for tasks to queue
[2022-03-18 10:37:02,778] {logging_mixin.py:109} INFO - [2022-03-18 10:37:02,778] {dagbag.py:500} INFO - Filling up the DagBag from /Users/louisekirkham/Documents/linkedin_learning/Ex_Files_Data_Engineering_Foundations/airflow_env/lib/python3.9/site-packages/airflow/example_dags/example_task_group_decorator.py
[2022-03-18 10:37:02,863] {processor.py:654} INFO - DAG(s) dict_keys(['example_task_group_decorator']) retrieved from /Users/louisekirkham/Documents/linkedin_learning/Ex_Files_Data_Engineering_Foundations/airflow_env/lib/python3.9/site-packages/airflow/example_dags/example_task_group_decorator.py
[2022-03-18 10:37:03,161] {logging_mixin.py:109} INFO - [2022-03-18 10:37:03,160] {dag.py:2398} INFO - Sync 1 DAGs
[2022-03-18 10:37:03,175] {logging_mixin.py:109} INFO - [2022-03-18 10:37:03,175] {dag.py:2937} INFO - Setting next_dagrun for example_task_group_decorator to 2022-03-17T10:37:03.175283+00:00
[2022-03-18 10:37:03,184] {processor.py:171} INFO - Processing /Users/louisekirkham/Documents/linkedin_learning/Ex_Files_Data_Engineering_Foundations/airflow_env/lib/python3.9/site-packages/airflow/example_dags/example_task_group_decorator.py took 0.408 seconds
[2022-03-18 10:38:12,345] {processor.py:163} INFO - Started process (PID=46473) to work on /Users/louisekirkham/Documents/linkedin_learning/Ex_Files_Data_Engineering_Foundations/airflow_env/lib/python3.9/site-packages/airflow/example_dags/example_task_group_decorator.py
[2022-03-18 10:38:12,345] {processor.py:642} INFO - Processing file /Users/louisekirkham/Documents/linkedin_learning/Ex_Files_Data_Engineering_Foundations/airflow_env/lib/python3.9/site-packages/airflow/example_dags/example_task_group_decorator.py for tasks to queue
[2022-03-18 10:38:12,345] {logging_mixin.py:109} INFO - [2022-03-18 10:38:12,345] {dagbag.py:500} INFO - Filling up the DagBag from /Users/louisekirkham/Documents/linkedin_learning/Ex_Files_Data_Engineering_Foundations/airflow_env/lib/python3.9/site-packages/airflow/example_dags/example_task_group_decorator.py
[2022-03-18 10:38:12,387] {processor.py:654} INFO - DAG(s) dict_keys(['example_task_group_decorator']) retrieved from /Users/louisekirkham/Documents/linkedin_learning/Ex_Files_Data_Engineering_Foundations/airflow_env/lib/python3.9/site-packages/airflow/example_dags/example_task_group_decorator.py
[2022-03-18 10:38:12,557] {logging_mixin.py:109} INFO - [2022-03-18 10:38:12,556] {dag.py:2398} INFO - Sync 1 DAGs
[2022-03-18 10:38:12,566] {logging_mixin.py:109} INFO - [2022-03-18 10:38:12,566] {dag.py:2937} INFO - Setting next_dagrun for example_task_group_decorator to 2022-03-17T10:38:12.566221+00:00
[2022-03-18 10:38:12,577] {processor.py:171} INFO - Processing /Users/louisekirkham/Documents/linkedin_learning/Ex_Files_Data_Engineering_Foundations/airflow_env/lib/python3.9/site-packages/airflow/example_dags/example_task_group_decorator.py took 0.233 seconds
[2022-03-18 10:39:36,108] {processor.py:163} INFO - Started process (PID=46542) to work on /Users/louisekirkham/Documents/linkedin_learning/Ex_Files_Data_Engineering_Foundations/airflow_env/lib/python3.9/site-packages/airflow/example_dags/example_task_group_decorator.py
[2022-03-18 10:39:36,109] {processor.py:642} INFO - Processing file /Users/louisekirkham/Documents/linkedin_learning/Ex_Files_Data_Engineering_Foundations/airflow_env/lib/python3.9/site-packages/airflow/example_dags/example_task_group_decorator.py for tasks to queue
[2022-03-18 10:39:36,109] {logging_mixin.py:109} INFO - [2022-03-18 10:39:36,109] {dagbag.py:500} INFO - Filling up the DagBag from /Users/louisekirkham/Documents/linkedin_learning/Ex_Files_Data_Engineering_Foundations/airflow_env/lib/python3.9/site-packages/airflow/example_dags/example_task_group_decorator.py
[2022-03-18 10:39:36,150] {processor.py:654} INFO - DAG(s) dict_keys(['example_task_group_decorator']) retrieved from /Users/louisekirkham/Documents/linkedin_learning/Ex_Files_Data_Engineering_Foundations/airflow_env/lib/python3.9/site-packages/airflow/example_dags/example_task_group_decorator.py
[2022-03-18 10:39:36,322] {logging_mixin.py:109} INFO - [2022-03-18 10:39:36,322] {dag.py:2398} INFO - Sync 1 DAGs
[2022-03-18 10:39:36,331] {logging_mixin.py:109} INFO - [2022-03-18 10:39:36,331] {dag.py:2937} INFO - Setting next_dagrun for example_task_group_decorator to 2022-03-17T10:39:36.331628+00:00
[2022-03-18 10:39:36,339] {processor.py:171} INFO - Processing /Users/louisekirkham/Documents/linkedin_learning/Ex_Files_Data_Engineering_Foundations/airflow_env/lib/python3.9/site-packages/airflow/example_dags/example_task_group_decorator.py took 0.232 seconds
[2022-03-18 17:06:28,813] {processor.py:163} INFO - Started process (PID=46742) to work on /Users/louisekirkham/Documents/linkedin_learning/Ex_Files_Data_Engineering_Foundations/airflow_env/lib/python3.9/site-packages/airflow/example_dags/example_task_group_decorator.py
[2022-03-18 17:06:28,814] {processor.py:642} INFO - Processing file /Users/louisekirkham/Documents/linkedin_learning/Ex_Files_Data_Engineering_Foundations/airflow_env/lib/python3.9/site-packages/airflow/example_dags/example_task_group_decorator.py for tasks to queue
[2022-03-18 17:06:28,815] {logging_mixin.py:109} INFO - [2022-03-18 17:06:28,814] {dagbag.py:500} INFO - Filling up the DagBag from /Users/louisekirkham/Documents/linkedin_learning/Ex_Files_Data_Engineering_Foundations/airflow_env/lib/python3.9/site-packages/airflow/example_dags/example_task_group_decorator.py
[2022-03-18 17:06:28,866] {processor.py:654} INFO - DAG(s) dict_keys(['example_task_group_decorator']) retrieved from /Users/louisekirkham/Documents/linkedin_learning/Ex_Files_Data_Engineering_Foundations/airflow_env/lib/python3.9/site-packages/airflow/example_dags/example_task_group_decorator.py
[2022-03-18 17:06:29,053] {logging_mixin.py:109} INFO - [2022-03-18 17:06:29,053] {dag.py:2398} INFO - Sync 1 DAGs
[2022-03-18 17:06:29,063] {logging_mixin.py:109} INFO - [2022-03-18 17:06:29,063] {dag.py:2937} INFO - Setting next_dagrun for example_task_group_decorator to 2022-03-17T17:06:29.063035+00:00
[2022-03-18 17:06:29,072] {processor.py:171} INFO - Processing /Users/louisekirkham/Documents/linkedin_learning/Ex_Files_Data_Engineering_Foundations/airflow_env/lib/python3.9/site-packages/airflow/example_dags/example_task_group_decorator.py took 0.259 seconds
[2022-03-18 17:07:53,704] {processor.py:163} INFO - Started process (PID=46818) to work on /Users/louisekirkham/Documents/linkedin_learning/Ex_Files_Data_Engineering_Foundations/airflow_env/lib/python3.9/site-packages/airflow/example_dags/example_task_group_decorator.py
[2022-03-18 17:07:53,704] {processor.py:642} INFO - Processing file /Users/louisekirkham/Documents/linkedin_learning/Ex_Files_Data_Engineering_Foundations/airflow_env/lib/python3.9/site-packages/airflow/example_dags/example_task_group_decorator.py for tasks to queue
[2022-03-18 17:07:53,705] {logging_mixin.py:109} INFO - [2022-03-18 17:07:53,705] {dagbag.py:500} INFO - Filling up the DagBag from /Users/louisekirkham/Documents/linkedin_learning/Ex_Files_Data_Engineering_Foundations/airflow_env/lib/python3.9/site-packages/airflow/example_dags/example_task_group_decorator.py
[2022-03-18 17:07:53,785] {processor.py:654} INFO - DAG(s) dict_keys(['example_task_group_decorator']) retrieved from /Users/louisekirkham/Documents/linkedin_learning/Ex_Files_Data_Engineering_Foundations/airflow_env/lib/python3.9/site-packages/airflow/example_dags/example_task_group_decorator.py
[2022-03-18 17:07:54,105] {logging_mixin.py:109} INFO - [2022-03-18 17:07:54,105] {dag.py:2398} INFO - Sync 1 DAGs
[2022-03-18 17:07:54,122] {logging_mixin.py:109} INFO - [2022-03-18 17:07:54,122] {dag.py:2937} INFO - Setting next_dagrun for example_task_group_decorator to 2022-03-17T17:07:54.122065+00:00
[2022-03-18 17:07:54,133] {processor.py:171} INFO - Processing /Users/louisekirkham/Documents/linkedin_learning/Ex_Files_Data_Engineering_Foundations/airflow_env/lib/python3.9/site-packages/airflow/example_dags/example_task_group_decorator.py took 0.430 seconds
[2022-03-18 17:09:24,036] {processor.py:163} INFO - Started process (PID=46894) to work on /Users/louisekirkham/Documents/linkedin_learning/Ex_Files_Data_Engineering_Foundations/airflow_env/lib/python3.9/site-packages/airflow/example_dags/example_task_group_decorator.py
[2022-03-18 17:09:24,037] {processor.py:642} INFO - Processing file /Users/louisekirkham/Documents/linkedin_learning/Ex_Files_Data_Engineering_Foundations/airflow_env/lib/python3.9/site-packages/airflow/example_dags/example_task_group_decorator.py for tasks to queue
[2022-03-18 17:09:24,037] {logging_mixin.py:109} INFO - [2022-03-18 17:09:24,037] {dagbag.py:500} INFO - Filling up the DagBag from /Users/louisekirkham/Documents/linkedin_learning/Ex_Files_Data_Engineering_Foundations/airflow_env/lib/python3.9/site-packages/airflow/example_dags/example_task_group_decorator.py
[2022-03-18 17:09:24,087] {processor.py:654} INFO - DAG(s) dict_keys(['example_task_group_decorator']) retrieved from /Users/louisekirkham/Documents/linkedin_learning/Ex_Files_Data_Engineering_Foundations/airflow_env/lib/python3.9/site-packages/airflow/example_dags/example_task_group_decorator.py
[2022-03-18 17:09:24,287] {logging_mixin.py:109} INFO - [2022-03-18 17:09:24,287] {dag.py:2398} INFO - Sync 1 DAGs
[2022-03-18 17:09:24,297] {logging_mixin.py:109} INFO - [2022-03-18 17:09:24,297] {dag.py:2937} INFO - Setting next_dagrun for example_task_group_decorator to 2022-03-17T17:09:24.297016+00:00
[2022-03-18 17:09:24,305] {processor.py:171} INFO - Processing /Users/louisekirkham/Documents/linkedin_learning/Ex_Files_Data_Engineering_Foundations/airflow_env/lib/python3.9/site-packages/airflow/example_dags/example_task_group_decorator.py took 0.271 seconds
[2022-03-18 17:11:02,844] {processor.py:163} INFO - Started process (PID=46975) to work on /Users/louisekirkham/Documents/linkedin_learning/Ex_Files_Data_Engineering_Foundations/airflow_env/lib/python3.9/site-packages/airflow/example_dags/example_task_group_decorator.py
[2022-03-18 17:11:02,845] {processor.py:642} INFO - Processing file /Users/louisekirkham/Documents/linkedin_learning/Ex_Files_Data_Engineering_Foundations/airflow_env/lib/python3.9/site-packages/airflow/example_dags/example_task_group_decorator.py for tasks to queue
[2022-03-18 17:11:02,846] {logging_mixin.py:109} INFO - [2022-03-18 17:11:02,846] {dagbag.py:500} INFO - Filling up the DagBag from /Users/louisekirkham/Documents/linkedin_learning/Ex_Files_Data_Engineering_Foundations/airflow_env/lib/python3.9/site-packages/airflow/example_dags/example_task_group_decorator.py
[2022-03-18 17:11:02,894] {processor.py:654} INFO - DAG(s) dict_keys(['example_task_group_decorator']) retrieved from /Users/louisekirkham/Documents/linkedin_learning/Ex_Files_Data_Engineering_Foundations/airflow_env/lib/python3.9/site-packages/airflow/example_dags/example_task_group_decorator.py
[2022-03-18 17:11:03,104] {logging_mixin.py:109} INFO - [2022-03-18 17:11:03,103] {dag.py:2398} INFO - Sync 1 DAGs
[2022-03-18 17:11:03,112] {logging_mixin.py:109} INFO - [2022-03-18 17:11:03,112] {dag.py:2937} INFO - Setting next_dagrun for example_task_group_decorator to 2022-03-17T17:11:03.112593+00:00
[2022-03-18 17:11:03,120] {processor.py:171} INFO - Processing /Users/louisekirkham/Documents/linkedin_learning/Ex_Files_Data_Engineering_Foundations/airflow_env/lib/python3.9/site-packages/airflow/example_dags/example_task_group_decorator.py took 0.277 seconds
[2022-03-18 17:12:27,492] {processor.py:163} INFO - Started process (PID=47038) to work on /Users/louisekirkham/Documents/linkedin_learning/Ex_Files_Data_Engineering_Foundations/airflow_env/lib/python3.9/site-packages/airflow/example_dags/example_task_group_decorator.py
[2022-03-18 17:12:27,493] {processor.py:642} INFO - Processing file /Users/louisekirkham/Documents/linkedin_learning/Ex_Files_Data_Engineering_Foundations/airflow_env/lib/python3.9/site-packages/airflow/example_dags/example_task_group_decorator.py for tasks to queue
[2022-03-18 17:12:27,493] {logging_mixin.py:109} INFO - [2022-03-18 17:12:27,493] {dagbag.py:500} INFO - Filling up the DagBag from /Users/louisekirkham/Documents/linkedin_learning/Ex_Files_Data_Engineering_Foundations/airflow_env/lib/python3.9/site-packages/airflow/example_dags/example_task_group_decorator.py
[2022-03-18 17:12:27,537] {processor.py:654} INFO - DAG(s) dict_keys(['example_task_group_decorator']) retrieved from /Users/louisekirkham/Documents/linkedin_learning/Ex_Files_Data_Engineering_Foundations/airflow_env/lib/python3.9/site-packages/airflow/example_dags/example_task_group_decorator.py
[2022-03-18 17:12:27,702] {logging_mixin.py:109} INFO - [2022-03-18 17:12:27,701] {dag.py:2398} INFO - Sync 1 DAGs
[2022-03-18 17:12:27,710] {logging_mixin.py:109} INFO - [2022-03-18 17:12:27,709] {dag.py:2937} INFO - Setting next_dagrun for example_task_group_decorator to 2022-03-17T17:12:27.709858+00:00
[2022-03-18 17:12:27,717] {processor.py:171} INFO - Processing /Users/louisekirkham/Documents/linkedin_learning/Ex_Files_Data_Engineering_Foundations/airflow_env/lib/python3.9/site-packages/airflow/example_dags/example_task_group_decorator.py took 0.226 seconds
[2022-03-18 17:13:51,859] {processor.py:163} INFO - Started process (PID=47106) to work on /Users/louisekirkham/Documents/linkedin_learning/Ex_Files_Data_Engineering_Foundations/airflow_env/lib/python3.9/site-packages/airflow/example_dags/example_task_group_decorator.py
[2022-03-18 17:13:51,860] {processor.py:642} INFO - Processing file /Users/louisekirkham/Documents/linkedin_learning/Ex_Files_Data_Engineering_Foundations/airflow_env/lib/python3.9/site-packages/airflow/example_dags/example_task_group_decorator.py for tasks to queue
[2022-03-18 17:13:51,861] {logging_mixin.py:109} INFO - [2022-03-18 17:13:51,861] {dagbag.py:500} INFO - Filling up the DagBag from /Users/louisekirkham/Documents/linkedin_learning/Ex_Files_Data_Engineering_Foundations/airflow_env/lib/python3.9/site-packages/airflow/example_dags/example_task_group_decorator.py
[2022-03-18 17:13:51,901] {processor.py:654} INFO - DAG(s) dict_keys(['example_task_group_decorator']) retrieved from /Users/louisekirkham/Documents/linkedin_learning/Ex_Files_Data_Engineering_Foundations/airflow_env/lib/python3.9/site-packages/airflow/example_dags/example_task_group_decorator.py
[2022-03-18 17:13:52,063] {logging_mixin.py:109} INFO - [2022-03-18 17:13:52,063] {dag.py:2398} INFO - Sync 1 DAGs
[2022-03-18 17:13:52,070] {logging_mixin.py:109} INFO - [2022-03-18 17:13:52,070] {dag.py:2937} INFO - Setting next_dagrun for example_task_group_decorator to 2022-03-17T17:13:52.070478+00:00
[2022-03-18 17:13:52,079] {processor.py:171} INFO - Processing /Users/louisekirkham/Documents/linkedin_learning/Ex_Files_Data_Engineering_Foundations/airflow_env/lib/python3.9/site-packages/airflow/example_dags/example_task_group_decorator.py took 0.221 seconds
[2022-03-18 17:15:17,142] {processor.py:163} INFO - Started process (PID=47167) to work on /Users/louisekirkham/Documents/linkedin_learning/Ex_Files_Data_Engineering_Foundations/airflow_env/lib/python3.9/site-packages/airflow/example_dags/example_task_group_decorator.py
[2022-03-18 17:15:17,143] {processor.py:642} INFO - Processing file /Users/louisekirkham/Documents/linkedin_learning/Ex_Files_Data_Engineering_Foundations/airflow_env/lib/python3.9/site-packages/airflow/example_dags/example_task_group_decorator.py for tasks to queue
[2022-03-18 17:15:17,143] {logging_mixin.py:109} INFO - [2022-03-18 17:15:17,143] {dagbag.py:500} INFO - Filling up the DagBag from /Users/louisekirkham/Documents/linkedin_learning/Ex_Files_Data_Engineering_Foundations/airflow_env/lib/python3.9/site-packages/airflow/example_dags/example_task_group_decorator.py
[2022-03-18 17:15:17,200] {processor.py:654} INFO - DAG(s) dict_keys(['example_task_group_decorator']) retrieved from /Users/louisekirkham/Documents/linkedin_learning/Ex_Files_Data_Engineering_Foundations/airflow_env/lib/python3.9/site-packages/airflow/example_dags/example_task_group_decorator.py
[2022-03-18 17:15:17,400] {logging_mixin.py:109} INFO - [2022-03-18 17:15:17,399] {dag.py:2398} INFO - Sync 1 DAGs
[2022-03-18 17:15:17,409] {logging_mixin.py:109} INFO - [2022-03-18 17:15:17,409] {dag.py:2937} INFO - Setting next_dagrun for example_task_group_decorator to 2022-03-17T17:15:17.409686+00:00
[2022-03-18 17:15:17,418] {processor.py:171} INFO - Processing /Users/louisekirkham/Documents/linkedin_learning/Ex_Files_Data_Engineering_Foundations/airflow_env/lib/python3.9/site-packages/airflow/example_dags/example_task_group_decorator.py took 0.277 seconds
[2022-03-18 17:16:42,077] {processor.py:163} INFO - Started process (PID=47242) to work on /Users/louisekirkham/Documents/linkedin_learning/Ex_Files_Data_Engineering_Foundations/airflow_env/lib/python3.9/site-packages/airflow/example_dags/example_task_group_decorator.py
[2022-03-18 17:16:42,078] {processor.py:642} INFO - Processing file /Users/louisekirkham/Documents/linkedin_learning/Ex_Files_Data_Engineering_Foundations/airflow_env/lib/python3.9/site-packages/airflow/example_dags/example_task_group_decorator.py for tasks to queue
[2022-03-18 17:16:42,079] {logging_mixin.py:109} INFO - [2022-03-18 17:16:42,079] {dagbag.py:500} INFO - Filling up the DagBag from /Users/louisekirkham/Documents/linkedin_learning/Ex_Files_Data_Engineering_Foundations/airflow_env/lib/python3.9/site-packages/airflow/example_dags/example_task_group_decorator.py
[2022-03-18 17:16:42,128] {processor.py:654} INFO - DAG(s) dict_keys(['example_task_group_decorator']) retrieved from /Users/louisekirkham/Documents/linkedin_learning/Ex_Files_Data_Engineering_Foundations/airflow_env/lib/python3.9/site-packages/airflow/example_dags/example_task_group_decorator.py
[2022-03-18 17:16:42,315] {logging_mixin.py:109} INFO - [2022-03-18 17:16:42,315] {dag.py:2398} INFO - Sync 1 DAGs
[2022-03-18 17:16:42,324] {logging_mixin.py:109} INFO - [2022-03-18 17:16:42,324] {dag.py:2937} INFO - Setting next_dagrun for example_task_group_decorator to 2022-03-17T17:16:42.324222+00:00
[2022-03-18 17:16:42,333] {processor.py:171} INFO - Processing /Users/louisekirkham/Documents/linkedin_learning/Ex_Files_Data_Engineering_Foundations/airflow_env/lib/python3.9/site-packages/airflow/example_dags/example_task_group_decorator.py took 0.256 seconds
[2022-03-18 17:18:06,418] {processor.py:163} INFO - Started process (PID=47312) to work on /Users/louisekirkham/Documents/linkedin_learning/Ex_Files_Data_Engineering_Foundations/airflow_env/lib/python3.9/site-packages/airflow/example_dags/example_task_group_decorator.py
[2022-03-18 17:18:06,419] {processor.py:642} INFO - Processing file /Users/louisekirkham/Documents/linkedin_learning/Ex_Files_Data_Engineering_Foundations/airflow_env/lib/python3.9/site-packages/airflow/example_dags/example_task_group_decorator.py for tasks to queue
[2022-03-18 17:18:06,419] {logging_mixin.py:109} INFO - [2022-03-18 17:18:06,419] {dagbag.py:500} INFO - Filling up the DagBag from /Users/louisekirkham/Documents/linkedin_learning/Ex_Files_Data_Engineering_Foundations/airflow_env/lib/python3.9/site-packages/airflow/example_dags/example_task_group_decorator.py
[2022-03-18 17:18:06,460] {processor.py:654} INFO - DAG(s) dict_keys(['example_task_group_decorator']) retrieved from /Users/louisekirkham/Documents/linkedin_learning/Ex_Files_Data_Engineering_Foundations/airflow_env/lib/python3.9/site-packages/airflow/example_dags/example_task_group_decorator.py
[2022-03-18 17:18:06,628] {logging_mixin.py:109} INFO - [2022-03-18 17:18:06,628] {dag.py:2398} INFO - Sync 1 DAGs
[2022-03-18 17:18:06,636] {logging_mixin.py:109} INFO - [2022-03-18 17:18:06,636] {dag.py:2937} INFO - Setting next_dagrun for example_task_group_decorator to 2022-03-17T17:18:06.636103+00:00
[2022-03-18 17:18:06,643] {processor.py:171} INFO - Processing /Users/louisekirkham/Documents/linkedin_learning/Ex_Files_Data_Engineering_Foundations/airflow_env/lib/python3.9/site-packages/airflow/example_dags/example_task_group_decorator.py took 0.226 seconds
[2022-03-18 17:19:28,096] {processor.py:163} INFO - Started process (PID=47368) to work on /Users/louisekirkham/Documents/linkedin_learning/Ex_Files_Data_Engineering_Foundations/airflow_env/lib/python3.9/site-packages/airflow/example_dags/example_task_group_decorator.py
[2022-03-18 17:19:28,097] {processor.py:642} INFO - Processing file /Users/louisekirkham/Documents/linkedin_learning/Ex_Files_Data_Engineering_Foundations/airflow_env/lib/python3.9/site-packages/airflow/example_dags/example_task_group_decorator.py for tasks to queue
[2022-03-18 17:19:28,097] {logging_mixin.py:109} INFO - [2022-03-18 17:19:28,097] {dagbag.py:500} INFO - Filling up the DagBag from /Users/louisekirkham/Documents/linkedin_learning/Ex_Files_Data_Engineering_Foundations/airflow_env/lib/python3.9/site-packages/airflow/example_dags/example_task_group_decorator.py
[2022-03-18 17:19:28,142] {processor.py:654} INFO - DAG(s) dict_keys(['example_task_group_decorator']) retrieved from /Users/louisekirkham/Documents/linkedin_learning/Ex_Files_Data_Engineering_Foundations/airflow_env/lib/python3.9/site-packages/airflow/example_dags/example_task_group_decorator.py
[2022-03-18 17:19:28,326] {logging_mixin.py:109} INFO - [2022-03-18 17:19:28,326] {dag.py:2398} INFO - Sync 1 DAGs
[2022-03-18 17:19:28,335] {logging_mixin.py:109} INFO - [2022-03-18 17:19:28,335] {dag.py:2937} INFO - Setting next_dagrun for example_task_group_decorator to 2022-03-17T17:19:28.334977+00:00
[2022-03-18 17:19:28,342] {processor.py:171} INFO - Processing /Users/louisekirkham/Documents/linkedin_learning/Ex_Files_Data_Engineering_Foundations/airflow_env/lib/python3.9/site-packages/airflow/example_dags/example_task_group_decorator.py took 0.247 seconds
[2022-03-18 17:24:01,029] {processor.py:163} INFO - Started process (PID=47535) to work on /Users/louisekirkham/Documents/linkedin_learning/Ex_Files_Data_Engineering_Foundations/airflow_env/lib/python3.9/site-packages/airflow/example_dags/example_task_group_decorator.py
[2022-03-18 17:24:01,030] {processor.py:642} INFO - Processing file /Users/louisekirkham/Documents/linkedin_learning/Ex_Files_Data_Engineering_Foundations/airflow_env/lib/python3.9/site-packages/airflow/example_dags/example_task_group_decorator.py for tasks to queue
[2022-03-18 17:24:01,031] {logging_mixin.py:109} INFO - [2022-03-18 17:24:01,030] {dagbag.py:500} INFO - Filling up the DagBag from /Users/louisekirkham/Documents/linkedin_learning/Ex_Files_Data_Engineering_Foundations/airflow_env/lib/python3.9/site-packages/airflow/example_dags/example_task_group_decorator.py
[2022-03-18 17:24:01,090] {processor.py:654} INFO - DAG(s) dict_keys(['example_task_group_decorator']) retrieved from /Users/louisekirkham/Documents/linkedin_learning/Ex_Files_Data_Engineering_Foundations/airflow_env/lib/python3.9/site-packages/airflow/example_dags/example_task_group_decorator.py
[2022-03-18 17:24:01,350] {logging_mixin.py:109} INFO - [2022-03-18 17:24:01,350] {dag.py:2398} INFO - Sync 1 DAGs
[2022-03-18 17:24:01,363] {logging_mixin.py:109} INFO - [2022-03-18 17:24:01,363] {dag.py:2937} INFO - Setting next_dagrun for example_task_group_decorator to 2022-03-17T17:24:01.362929+00:00
[2022-03-18 17:24:01,373] {processor.py:171} INFO - Processing /Users/louisekirkham/Documents/linkedin_learning/Ex_Files_Data_Engineering_Foundations/airflow_env/lib/python3.9/site-packages/airflow/example_dags/example_task_group_decorator.py took 0.344 seconds
[2022-03-18 17:25:18,391] {processor.py:163} INFO - Started process (PID=47606) to work on /Users/louisekirkham/Documents/linkedin_learning/Ex_Files_Data_Engineering_Foundations/airflow_env/lib/python3.9/site-packages/airflow/example_dags/example_task_group_decorator.py
[2022-03-18 17:25:18,391] {processor.py:642} INFO - Processing file /Users/louisekirkham/Documents/linkedin_learning/Ex_Files_Data_Engineering_Foundations/airflow_env/lib/python3.9/site-packages/airflow/example_dags/example_task_group_decorator.py for tasks to queue
[2022-03-18 17:25:18,392] {logging_mixin.py:109} INFO - [2022-03-18 17:25:18,392] {dagbag.py:500} INFO - Filling up the DagBag from /Users/louisekirkham/Documents/linkedin_learning/Ex_Files_Data_Engineering_Foundations/airflow_env/lib/python3.9/site-packages/airflow/example_dags/example_task_group_decorator.py
[2022-03-18 17:25:18,449] {processor.py:654} INFO - DAG(s) dict_keys(['example_task_group_decorator']) retrieved from /Users/louisekirkham/Documents/linkedin_learning/Ex_Files_Data_Engineering_Foundations/airflow_env/lib/python3.9/site-packages/airflow/example_dags/example_task_group_decorator.py
[2022-03-18 17:25:18,631] {logging_mixin.py:109} INFO - [2022-03-18 17:25:18,631] {dag.py:2398} INFO - Sync 1 DAGs
[2022-03-18 17:25:18,640] {logging_mixin.py:109} INFO - [2022-03-18 17:25:18,639] {dag.py:2937} INFO - Setting next_dagrun for example_task_group_decorator to 2022-03-17T17:25:18.639838+00:00
[2022-03-18 17:25:18,647] {processor.py:171} INFO - Processing /Users/louisekirkham/Documents/linkedin_learning/Ex_Files_Data_Engineering_Foundations/airflow_env/lib/python3.9/site-packages/airflow/example_dags/example_task_group_decorator.py took 0.257 seconds
[2022-03-18 17:26:47,039] {processor.py:163} INFO - Started process (PID=47680) to work on /Users/louisekirkham/Documents/linkedin_learning/Ex_Files_Data_Engineering_Foundations/airflow_env/lib/python3.9/site-packages/airflow/example_dags/example_task_group_decorator.py
[2022-03-18 17:26:47,039] {processor.py:642} INFO - Processing file /Users/louisekirkham/Documents/linkedin_learning/Ex_Files_Data_Engineering_Foundations/airflow_env/lib/python3.9/site-packages/airflow/example_dags/example_task_group_decorator.py for tasks to queue
[2022-03-18 17:26:47,042] {logging_mixin.py:109} INFO - [2022-03-18 17:26:47,042] {dagbag.py:500} INFO - Filling up the DagBag from /Users/louisekirkham/Documents/linkedin_learning/Ex_Files_Data_Engineering_Foundations/airflow_env/lib/python3.9/site-packages/airflow/example_dags/example_task_group_decorator.py
[2022-03-18 17:26:47,092] {processor.py:654} INFO - DAG(s) dict_keys(['example_task_group_decorator']) retrieved from /Users/louisekirkham/Documents/linkedin_learning/Ex_Files_Data_Engineering_Foundations/airflow_env/lib/python3.9/site-packages/airflow/example_dags/example_task_group_decorator.py
[2022-03-18 17:26:47,270] {logging_mixin.py:109} INFO - [2022-03-18 17:26:47,269] {dag.py:2398} INFO - Sync 1 DAGs
[2022-03-18 17:26:47,279] {logging_mixin.py:109} INFO - [2022-03-18 17:26:47,278] {dag.py:2937} INFO - Setting next_dagrun for example_task_group_decorator to 2022-03-17T17:26:47.278843+00:00
[2022-03-18 17:26:47,286] {processor.py:171} INFO - Processing /Users/louisekirkham/Documents/linkedin_learning/Ex_Files_Data_Engineering_Foundations/airflow_env/lib/python3.9/site-packages/airflow/example_dags/example_task_group_decorator.py took 0.248 seconds
[2022-03-18 17:28:29,021] {processor.py:163} INFO - Started process (PID=47746) to work on /Users/louisekirkham/Documents/linkedin_learning/Ex_Files_Data_Engineering_Foundations/airflow_env/lib/python3.9/site-packages/airflow/example_dags/example_task_group_decorator.py
[2022-03-18 17:28:29,021] {processor.py:642} INFO - Processing file /Users/louisekirkham/Documents/linkedin_learning/Ex_Files_Data_Engineering_Foundations/airflow_env/lib/python3.9/site-packages/airflow/example_dags/example_task_group_decorator.py for tasks to queue
[2022-03-18 17:28:29,022] {logging_mixin.py:109} INFO - [2022-03-18 17:28:29,022] {dagbag.py:500} INFO - Filling up the DagBag from /Users/louisekirkham/Documents/linkedin_learning/Ex_Files_Data_Engineering_Foundations/airflow_env/lib/python3.9/site-packages/airflow/example_dags/example_task_group_decorator.py
[2022-03-18 17:28:29,064] {processor.py:654} INFO - DAG(s) dict_keys(['example_task_group_decorator']) retrieved from /Users/louisekirkham/Documents/linkedin_learning/Ex_Files_Data_Engineering_Foundations/airflow_env/lib/python3.9/site-packages/airflow/example_dags/example_task_group_decorator.py
[2022-03-18 17:28:29,233] {logging_mixin.py:109} INFO - [2022-03-18 17:28:29,233] {dag.py:2398} INFO - Sync 1 DAGs
[2022-03-18 17:28:29,242] {logging_mixin.py:109} INFO - [2022-03-18 17:28:29,242] {dag.py:2937} INFO - Setting next_dagrun for example_task_group_decorator to 2022-03-17T17:28:29.242643+00:00
[2022-03-18 17:28:29,250] {processor.py:171} INFO - Processing /Users/louisekirkham/Documents/linkedin_learning/Ex_Files_Data_Engineering_Foundations/airflow_env/lib/python3.9/site-packages/airflow/example_dags/example_task_group_decorator.py took 0.229 seconds
[2022-03-18 17:30:34,970] {processor.py:163} INFO - Started process (PID=47849) to work on /Users/louisekirkham/Documents/linkedin_learning/Ex_Files_Data_Engineering_Foundations/airflow_env/lib/python3.9/site-packages/airflow/example_dags/example_task_group_decorator.py
[2022-03-18 17:30:34,970] {processor.py:642} INFO - Processing file /Users/louisekirkham/Documents/linkedin_learning/Ex_Files_Data_Engineering_Foundations/airflow_env/lib/python3.9/site-packages/airflow/example_dags/example_task_group_decorator.py for tasks to queue
[2022-03-18 17:30:34,971] {logging_mixin.py:109} INFO - [2022-03-18 17:30:34,971] {dagbag.py:500} INFO - Filling up the DagBag from /Users/louisekirkham/Documents/linkedin_learning/Ex_Files_Data_Engineering_Foundations/airflow_env/lib/python3.9/site-packages/airflow/example_dags/example_task_group_decorator.py
[2022-03-18 17:30:35,023] {processor.py:654} INFO - DAG(s) dict_keys(['example_task_group_decorator']) retrieved from /Users/louisekirkham/Documents/linkedin_learning/Ex_Files_Data_Engineering_Foundations/airflow_env/lib/python3.9/site-packages/airflow/example_dags/example_task_group_decorator.py
[2022-03-18 17:30:35,198] {logging_mixin.py:109} INFO - [2022-03-18 17:30:35,197] {dag.py:2398} INFO - Sync 1 DAGs
[2022-03-18 17:30:35,208] {logging_mixin.py:109} INFO - [2022-03-18 17:30:35,208] {dag.py:2937} INFO - Setting next_dagrun for example_task_group_decorator to 2022-03-17T17:30:35.207923+00:00
[2022-03-18 17:30:35,218] {processor.py:171} INFO - Processing /Users/louisekirkham/Documents/linkedin_learning/Ex_Files_Data_Engineering_Foundations/airflow_env/lib/python3.9/site-packages/airflow/example_dags/example_task_group_decorator.py took 0.249 seconds
[2022-03-18 17:31:46,794] {processor.py:163} INFO - Started process (PID=47925) to work on /Users/louisekirkham/Documents/linkedin_learning/Ex_Files_Data_Engineering_Foundations/airflow_env/lib/python3.9/site-packages/airflow/example_dags/example_task_group_decorator.py
[2022-03-18 17:31:46,794] {processor.py:642} INFO - Processing file /Users/louisekirkham/Documents/linkedin_learning/Ex_Files_Data_Engineering_Foundations/airflow_env/lib/python3.9/site-packages/airflow/example_dags/example_task_group_decorator.py for tasks to queue
[2022-03-18 17:31:46,795] {logging_mixin.py:109} INFO - [2022-03-18 17:31:46,795] {dagbag.py:500} INFO - Filling up the DagBag from /Users/louisekirkham/Documents/linkedin_learning/Ex_Files_Data_Engineering_Foundations/airflow_env/lib/python3.9/site-packages/airflow/example_dags/example_task_group_decorator.py
[2022-03-18 17:31:46,839] {processor.py:654} INFO - DAG(s) dict_keys(['example_task_group_decorator']) retrieved from /Users/louisekirkham/Documents/linkedin_learning/Ex_Files_Data_Engineering_Foundations/airflow_env/lib/python3.9/site-packages/airflow/example_dags/example_task_group_decorator.py
[2022-03-18 17:31:47,007] {logging_mixin.py:109} INFO - [2022-03-18 17:31:47,007] {dag.py:2398} INFO - Sync 1 DAGs
[2022-03-18 17:31:47,016] {logging_mixin.py:109} INFO - [2022-03-18 17:31:47,016] {dag.py:2937} INFO - Setting next_dagrun for example_task_group_decorator to 2022-03-17T17:31:47.016611+00:00
[2022-03-18 17:31:47,025] {processor.py:171} INFO - Processing /Users/louisekirkham/Documents/linkedin_learning/Ex_Files_Data_Engineering_Foundations/airflow_env/lib/python3.9/site-packages/airflow/example_dags/example_task_group_decorator.py took 0.232 seconds
[2022-03-18 17:32:59,736] {processor.py:163} INFO - Started process (PID=47984) to work on /Users/louisekirkham/Documents/linkedin_learning/Ex_Files_Data_Engineering_Foundations/airflow_env/lib/python3.9/site-packages/airflow/example_dags/example_task_group_decorator.py
[2022-03-18 17:32:59,736] {processor.py:642} INFO - Processing file /Users/louisekirkham/Documents/linkedin_learning/Ex_Files_Data_Engineering_Foundations/airflow_env/lib/python3.9/site-packages/airflow/example_dags/example_task_group_decorator.py for tasks to queue
[2022-03-18 17:32:59,736] {logging_mixin.py:109} INFO - [2022-03-18 17:32:59,736] {dagbag.py:500} INFO - Filling up the DagBag from /Users/louisekirkham/Documents/linkedin_learning/Ex_Files_Data_Engineering_Foundations/airflow_env/lib/python3.9/site-packages/airflow/example_dags/example_task_group_decorator.py
[2022-03-18 17:32:59,787] {processor.py:654} INFO - DAG(s) dict_keys(['example_task_group_decorator']) retrieved from /Users/louisekirkham/Documents/linkedin_learning/Ex_Files_Data_Engineering_Foundations/airflow_env/lib/python3.9/site-packages/airflow/example_dags/example_task_group_decorator.py
[2022-03-18 17:32:59,986] {logging_mixin.py:109} INFO - [2022-03-18 17:32:59,986] {dag.py:2398} INFO - Sync 1 DAGs
[2022-03-18 17:32:59,994] {logging_mixin.py:109} INFO - [2022-03-18 17:32:59,994] {dag.py:2937} INFO - Setting next_dagrun for example_task_group_decorator to 2022-03-17T17:32:59.994646+00:00
[2022-03-18 17:33:00,005] {processor.py:171} INFO - Processing /Users/louisekirkham/Documents/linkedin_learning/Ex_Files_Data_Engineering_Foundations/airflow_env/lib/python3.9/site-packages/airflow/example_dags/example_task_group_decorator.py took 0.269 seconds
[2022-03-18 17:34:21,560] {processor.py:163} INFO - Started process (PID=48448) to work on /Users/louisekirkham/Documents/linkedin_learning/Ex_Files_Data_Engineering_Foundations/airflow_env/lib/python3.9/site-packages/airflow/example_dags/example_task_group_decorator.py
[2022-03-18 17:34:21,560] {processor.py:642} INFO - Processing file /Users/louisekirkham/Documents/linkedin_learning/Ex_Files_Data_Engineering_Foundations/airflow_env/lib/python3.9/site-packages/airflow/example_dags/example_task_group_decorator.py for tasks to queue
[2022-03-18 17:34:21,561] {logging_mixin.py:109} INFO - [2022-03-18 17:34:21,561] {dagbag.py:500} INFO - Filling up the DagBag from /Users/louisekirkham/Documents/linkedin_learning/Ex_Files_Data_Engineering_Foundations/airflow_env/lib/python3.9/site-packages/airflow/example_dags/example_task_group_decorator.py
[2022-03-18 17:34:21,605] {processor.py:654} INFO - DAG(s) dict_keys(['example_task_group_decorator']) retrieved from /Users/louisekirkham/Documents/linkedin_learning/Ex_Files_Data_Engineering_Foundations/airflow_env/lib/python3.9/site-packages/airflow/example_dags/example_task_group_decorator.py
[2022-03-18 17:34:21,779] {logging_mixin.py:109} INFO - [2022-03-18 17:34:21,779] {dag.py:2398} INFO - Sync 1 DAGs
[2022-03-18 17:34:21,788] {logging_mixin.py:109} INFO - [2022-03-18 17:34:21,788] {dag.py:2937} INFO - Setting next_dagrun for example_task_group_decorator to 2022-03-17T17:34:21.788038+00:00
[2022-03-18 17:34:21,796] {processor.py:171} INFO - Processing /Users/louisekirkham/Documents/linkedin_learning/Ex_Files_Data_Engineering_Foundations/airflow_env/lib/python3.9/site-packages/airflow/example_dags/example_task_group_decorator.py took 0.237 seconds
[2022-03-18 17:35:43,358] {processor.py:163} INFO - Started process (PID=48535) to work on /Users/louisekirkham/Documents/linkedin_learning/Ex_Files_Data_Engineering_Foundations/airflow_env/lib/python3.9/site-packages/airflow/example_dags/example_task_group_decorator.py
[2022-03-18 17:35:43,358] {processor.py:642} INFO - Processing file /Users/louisekirkham/Documents/linkedin_learning/Ex_Files_Data_Engineering_Foundations/airflow_env/lib/python3.9/site-packages/airflow/example_dags/example_task_group_decorator.py for tasks to queue
[2022-03-18 17:35:43,359] {logging_mixin.py:109} INFO - [2022-03-18 17:35:43,359] {dagbag.py:500} INFO - Filling up the DagBag from /Users/louisekirkham/Documents/linkedin_learning/Ex_Files_Data_Engineering_Foundations/airflow_env/lib/python3.9/site-packages/airflow/example_dags/example_task_group_decorator.py
[2022-03-18 17:35:43,402] {processor.py:654} INFO - DAG(s) dict_keys(['example_task_group_decorator']) retrieved from /Users/louisekirkham/Documents/linkedin_learning/Ex_Files_Data_Engineering_Foundations/airflow_env/lib/python3.9/site-packages/airflow/example_dags/example_task_group_decorator.py
[2022-03-18 17:35:43,583] {logging_mixin.py:109} INFO - [2022-03-18 17:35:43,583] {dag.py:2398} INFO - Sync 1 DAGs
[2022-03-18 17:35:43,592] {logging_mixin.py:109} INFO - [2022-03-18 17:35:43,592] {dag.py:2937} INFO - Setting next_dagrun for example_task_group_decorator to 2022-03-17T17:35:43.592598+00:00
[2022-03-18 17:35:43,600] {processor.py:171} INFO - Processing /Users/louisekirkham/Documents/linkedin_learning/Ex_Files_Data_Engineering_Foundations/airflow_env/lib/python3.9/site-packages/airflow/example_dags/example_task_group_decorator.py took 0.242 seconds
[2022-03-18 17:37:08,351] {processor.py:163} INFO - Started process (PID=48616) to work on /Users/louisekirkham/Documents/linkedin_learning/Ex_Files_Data_Engineering_Foundations/airflow_env/lib/python3.9/site-packages/airflow/example_dags/example_task_group_decorator.py
[2022-03-18 17:37:08,352] {processor.py:642} INFO - Processing file /Users/louisekirkham/Documents/linkedin_learning/Ex_Files_Data_Engineering_Foundations/airflow_env/lib/python3.9/site-packages/airflow/example_dags/example_task_group_decorator.py for tasks to queue
[2022-03-18 17:37:08,352] {logging_mixin.py:109} INFO - [2022-03-18 17:37:08,352] {dagbag.py:500} INFO - Filling up the DagBag from /Users/louisekirkham/Documents/linkedin_learning/Ex_Files_Data_Engineering_Foundations/airflow_env/lib/python3.9/site-packages/airflow/example_dags/example_task_group_decorator.py
[2022-03-18 17:37:08,397] {processor.py:654} INFO - DAG(s) dict_keys(['example_task_group_decorator']) retrieved from /Users/louisekirkham/Documents/linkedin_learning/Ex_Files_Data_Engineering_Foundations/airflow_env/lib/python3.9/site-packages/airflow/example_dags/example_task_group_decorator.py
[2022-03-18 17:37:08,582] {logging_mixin.py:109} INFO - [2022-03-18 17:37:08,581] {dag.py:2398} INFO - Sync 1 DAGs
[2022-03-18 17:37:08,590] {logging_mixin.py:109} INFO - [2022-03-18 17:37:08,590] {dag.py:2937} INFO - Setting next_dagrun for example_task_group_decorator to 2022-03-17T17:37:08.590470+00:00
[2022-03-18 17:37:08,598] {processor.py:171} INFO - Processing /Users/louisekirkham/Documents/linkedin_learning/Ex_Files_Data_Engineering_Foundations/airflow_env/lib/python3.9/site-packages/airflow/example_dags/example_task_group_decorator.py took 0.248 seconds
[2022-03-18 17:38:32,429] {processor.py:163} INFO - Started process (PID=48678) to work on /Users/louisekirkham/Documents/linkedin_learning/Ex_Files_Data_Engineering_Foundations/airflow_env/lib/python3.9/site-packages/airflow/example_dags/example_task_group_decorator.py
[2022-03-18 17:38:32,429] {processor.py:642} INFO - Processing file /Users/louisekirkham/Documents/linkedin_learning/Ex_Files_Data_Engineering_Foundations/airflow_env/lib/python3.9/site-packages/airflow/example_dags/example_task_group_decorator.py for tasks to queue
[2022-03-18 17:38:32,429] {logging_mixin.py:109} INFO - [2022-03-18 17:38:32,429] {dagbag.py:500} INFO - Filling up the DagBag from /Users/louisekirkham/Documents/linkedin_learning/Ex_Files_Data_Engineering_Foundations/airflow_env/lib/python3.9/site-packages/airflow/example_dags/example_task_group_decorator.py
[2022-03-18 17:38:32,474] {processor.py:654} INFO - DAG(s) dict_keys(['example_task_group_decorator']) retrieved from /Users/louisekirkham/Documents/linkedin_learning/Ex_Files_Data_Engineering_Foundations/airflow_env/lib/python3.9/site-packages/airflow/example_dags/example_task_group_decorator.py
[2022-03-18 17:38:32,642] {logging_mixin.py:109} INFO - [2022-03-18 17:38:32,642] {dag.py:2398} INFO - Sync 1 DAGs
[2022-03-18 17:38:32,654] {logging_mixin.py:109} INFO - [2022-03-18 17:38:32,654] {dag.py:2937} INFO - Setting next_dagrun for example_task_group_decorator to 2022-03-17T17:38:32.653954+00:00
[2022-03-18 17:38:32,661] {processor.py:171} INFO - Processing /Users/louisekirkham/Documents/linkedin_learning/Ex_Files_Data_Engineering_Foundations/airflow_env/lib/python3.9/site-packages/airflow/example_dags/example_task_group_decorator.py took 0.233 seconds
[2022-03-18 17:39:59,094] {processor.py:163} INFO - Started process (PID=48755) to work on /Users/louisekirkham/Documents/linkedin_learning/Ex_Files_Data_Engineering_Foundations/airflow_env/lib/python3.9/site-packages/airflow/example_dags/example_task_group_decorator.py
[2022-03-18 17:39:59,095] {processor.py:642} INFO - Processing file /Users/louisekirkham/Documents/linkedin_learning/Ex_Files_Data_Engineering_Foundations/airflow_env/lib/python3.9/site-packages/airflow/example_dags/example_task_group_decorator.py for tasks to queue
[2022-03-18 17:39:59,095] {logging_mixin.py:109} INFO - [2022-03-18 17:39:59,095] {dagbag.py:500} INFO - Filling up the DagBag from /Users/louisekirkham/Documents/linkedin_learning/Ex_Files_Data_Engineering_Foundations/airflow_env/lib/python3.9/site-packages/airflow/example_dags/example_task_group_decorator.py
[2022-03-18 17:39:59,139] {processor.py:654} INFO - DAG(s) dict_keys(['example_task_group_decorator']) retrieved from /Users/louisekirkham/Documents/linkedin_learning/Ex_Files_Data_Engineering_Foundations/airflow_env/lib/python3.9/site-packages/airflow/example_dags/example_task_group_decorator.py
[2022-03-18 17:39:59,309] {logging_mixin.py:109} INFO - [2022-03-18 17:39:59,309] {dag.py:2398} INFO - Sync 1 DAGs
[2022-03-18 17:39:59,318] {logging_mixin.py:109} INFO - [2022-03-18 17:39:59,318] {dag.py:2937} INFO - Setting next_dagrun for example_task_group_decorator to 2022-03-17T17:39:59.318645+00:00
[2022-03-18 17:39:59,327] {processor.py:171} INFO - Processing /Users/louisekirkham/Documents/linkedin_learning/Ex_Files_Data_Engineering_Foundations/airflow_env/lib/python3.9/site-packages/airflow/example_dags/example_task_group_decorator.py took 0.234 seconds
[2022-03-18 17:41:20,419] {processor.py:163} INFO - Started process (PID=48846) to work on /Users/louisekirkham/Documents/linkedin_learning/Ex_Files_Data_Engineering_Foundations/airflow_env/lib/python3.9/site-packages/airflow/example_dags/example_task_group_decorator.py
[2022-03-18 17:41:20,419] {processor.py:642} INFO - Processing file /Users/louisekirkham/Documents/linkedin_learning/Ex_Files_Data_Engineering_Foundations/airflow_env/lib/python3.9/site-packages/airflow/example_dags/example_task_group_decorator.py for tasks to queue
[2022-03-18 17:41:20,420] {logging_mixin.py:109} INFO - [2022-03-18 17:41:20,420] {dagbag.py:500} INFO - Filling up the DagBag from /Users/louisekirkham/Documents/linkedin_learning/Ex_Files_Data_Engineering_Foundations/airflow_env/lib/python3.9/site-packages/airflow/example_dags/example_task_group_decorator.py
[2022-03-18 17:41:20,462] {processor.py:654} INFO - DAG(s) dict_keys(['example_task_group_decorator']) retrieved from /Users/louisekirkham/Documents/linkedin_learning/Ex_Files_Data_Engineering_Foundations/airflow_env/lib/python3.9/site-packages/airflow/example_dags/example_task_group_decorator.py
[2022-03-18 17:41:20,631] {logging_mixin.py:109} INFO - [2022-03-18 17:41:20,630] {dag.py:2398} INFO - Sync 1 DAGs
[2022-03-18 17:41:20,638] {logging_mixin.py:109} INFO - [2022-03-18 17:41:20,638] {dag.py:2937} INFO - Setting next_dagrun for example_task_group_decorator to 2022-03-17T17:41:20.638679+00:00
[2022-03-18 17:41:20,646] {processor.py:171} INFO - Processing /Users/louisekirkham/Documents/linkedin_learning/Ex_Files_Data_Engineering_Foundations/airflow_env/lib/python3.9/site-packages/airflow/example_dags/example_task_group_decorator.py took 0.228 seconds
[2022-03-18 17:42:44,925] {processor.py:163} INFO - Started process (PID=48929) to work on /Users/louisekirkham/Documents/linkedin_learning/Ex_Files_Data_Engineering_Foundations/airflow_env/lib/python3.9/site-packages/airflow/example_dags/example_task_group_decorator.py
[2022-03-18 17:42:44,926] {processor.py:642} INFO - Processing file /Users/louisekirkham/Documents/linkedin_learning/Ex_Files_Data_Engineering_Foundations/airflow_env/lib/python3.9/site-packages/airflow/example_dags/example_task_group_decorator.py for tasks to queue
[2022-03-18 17:42:44,927] {logging_mixin.py:109} INFO - [2022-03-18 17:42:44,927] {dagbag.py:500} INFO - Filling up the DagBag from /Users/louisekirkham/Documents/linkedin_learning/Ex_Files_Data_Engineering_Foundations/airflow_env/lib/python3.9/site-packages/airflow/example_dags/example_task_group_decorator.py
[2022-03-18 17:42:44,975] {processor.py:654} INFO - DAG(s) dict_keys(['example_task_group_decorator']) retrieved from /Users/louisekirkham/Documents/linkedin_learning/Ex_Files_Data_Engineering_Foundations/airflow_env/lib/python3.9/site-packages/airflow/example_dags/example_task_group_decorator.py
[2022-03-18 17:42:45,211] {logging_mixin.py:109} INFO - [2022-03-18 17:42:45,211] {dag.py:2398} INFO - Sync 1 DAGs
[2022-03-18 17:42:45,221] {logging_mixin.py:109} INFO - [2022-03-18 17:42:45,221] {dag.py:2937} INFO - Setting next_dagrun for example_task_group_decorator to 2022-03-17T17:42:45.221080+00:00
[2022-03-18 17:42:45,230] {processor.py:171} INFO - Processing /Users/louisekirkham/Documents/linkedin_learning/Ex_Files_Data_Engineering_Foundations/airflow_env/lib/python3.9/site-packages/airflow/example_dags/example_task_group_decorator.py took 0.305 seconds
[2022-03-18 17:44:05,410] {processor.py:163} INFO - Started process (PID=48989) to work on /Users/louisekirkham/Documents/linkedin_learning/Ex_Files_Data_Engineering_Foundations/airflow_env/lib/python3.9/site-packages/airflow/example_dags/example_task_group_decorator.py
[2022-03-18 17:44:05,411] {processor.py:642} INFO - Processing file /Users/louisekirkham/Documents/linkedin_learning/Ex_Files_Data_Engineering_Foundations/airflow_env/lib/python3.9/site-packages/airflow/example_dags/example_task_group_decorator.py for tasks to queue
[2022-03-18 17:44:05,411] {logging_mixin.py:109} INFO - [2022-03-18 17:44:05,411] {dagbag.py:500} INFO - Filling up the DagBag from /Users/louisekirkham/Documents/linkedin_learning/Ex_Files_Data_Engineering_Foundations/airflow_env/lib/python3.9/site-packages/airflow/example_dags/example_task_group_decorator.py
[2022-03-18 17:44:05,454] {processor.py:654} INFO - DAG(s) dict_keys(['example_task_group_decorator']) retrieved from /Users/louisekirkham/Documents/linkedin_learning/Ex_Files_Data_Engineering_Foundations/airflow_env/lib/python3.9/site-packages/airflow/example_dags/example_task_group_decorator.py
[2022-03-18 17:44:05,619] {logging_mixin.py:109} INFO - [2022-03-18 17:44:05,619] {dag.py:2398} INFO - Sync 1 DAGs
[2022-03-18 17:44:05,627] {logging_mixin.py:109} INFO - [2022-03-18 17:44:05,627] {dag.py:2937} INFO - Setting next_dagrun for example_task_group_decorator to 2022-03-17T17:44:05.626907+00:00
[2022-03-18 17:44:05,635] {processor.py:171} INFO - Processing /Users/louisekirkham/Documents/linkedin_learning/Ex_Files_Data_Engineering_Foundations/airflow_env/lib/python3.9/site-packages/airflow/example_dags/example_task_group_decorator.py took 0.225 seconds
[2022-03-18 17:45:31,027] {processor.py:163} INFO - Started process (PID=49056) to work on /Users/louisekirkham/Documents/linkedin_learning/Ex_Files_Data_Engineering_Foundations/airflow_env/lib/python3.9/site-packages/airflow/example_dags/example_task_group_decorator.py
[2022-03-18 17:45:31,027] {processor.py:642} INFO - Processing file /Users/louisekirkham/Documents/linkedin_learning/Ex_Files_Data_Engineering_Foundations/airflow_env/lib/python3.9/site-packages/airflow/example_dags/example_task_group_decorator.py for tasks to queue
[2022-03-18 17:45:31,027] {logging_mixin.py:109} INFO - [2022-03-18 17:45:31,027] {dagbag.py:500} INFO - Filling up the DagBag from /Users/louisekirkham/Documents/linkedin_learning/Ex_Files_Data_Engineering_Foundations/airflow_env/lib/python3.9/site-packages/airflow/example_dags/example_task_group_decorator.py
[2022-03-18 17:45:31,073] {processor.py:654} INFO - DAG(s) dict_keys(['example_task_group_decorator']) retrieved from /Users/louisekirkham/Documents/linkedin_learning/Ex_Files_Data_Engineering_Foundations/airflow_env/lib/python3.9/site-packages/airflow/example_dags/example_task_group_decorator.py
[2022-03-18 17:45:31,253] {logging_mixin.py:109} INFO - [2022-03-18 17:45:31,253] {dag.py:2398} INFO - Sync 1 DAGs
[2022-03-18 17:45:31,262] {logging_mixin.py:109} INFO - [2022-03-18 17:45:31,262] {dag.py:2937} INFO - Setting next_dagrun for example_task_group_decorator to 2022-03-17T17:45:31.262573+00:00
[2022-03-18 17:45:31,270] {processor.py:171} INFO - Processing /Users/louisekirkham/Documents/linkedin_learning/Ex_Files_Data_Engineering_Foundations/airflow_env/lib/python3.9/site-packages/airflow/example_dags/example_task_group_decorator.py took 0.244 seconds
[2022-03-18 17:46:53,739] {processor.py:163} INFO - Started process (PID=49121) to work on /Users/louisekirkham/Documents/linkedin_learning/Ex_Files_Data_Engineering_Foundations/airflow_env/lib/python3.9/site-packages/airflow/example_dags/example_task_group_decorator.py
[2022-03-18 17:46:53,741] {processor.py:642} INFO - Processing file /Users/louisekirkham/Documents/linkedin_learning/Ex_Files_Data_Engineering_Foundations/airflow_env/lib/python3.9/site-packages/airflow/example_dags/example_task_group_decorator.py for tasks to queue
[2022-03-18 17:46:53,741] {logging_mixin.py:109} INFO - [2022-03-18 17:46:53,741] {dagbag.py:500} INFO - Filling up the DagBag from /Users/louisekirkham/Documents/linkedin_learning/Ex_Files_Data_Engineering_Foundations/airflow_env/lib/python3.9/site-packages/airflow/example_dags/example_task_group_decorator.py
[2022-03-18 17:46:53,781] {processor.py:654} INFO - DAG(s) dict_keys(['example_task_group_decorator']) retrieved from /Users/louisekirkham/Documents/linkedin_learning/Ex_Files_Data_Engineering_Foundations/airflow_env/lib/python3.9/site-packages/airflow/example_dags/example_task_group_decorator.py
[2022-03-18 17:46:53,950] {logging_mixin.py:109} INFO - [2022-03-18 17:46:53,950] {dag.py:2398} INFO - Sync 1 DAGs
[2022-03-18 17:46:53,958] {logging_mixin.py:109} INFO - [2022-03-18 17:46:53,958] {dag.py:2937} INFO - Setting next_dagrun for example_task_group_decorator to 2022-03-17T17:46:53.958152+00:00
[2022-03-18 17:46:53,965] {processor.py:171} INFO - Processing /Users/louisekirkham/Documents/linkedin_learning/Ex_Files_Data_Engineering_Foundations/airflow_env/lib/python3.9/site-packages/airflow/example_dags/example_task_group_decorator.py took 0.226 seconds
[2022-03-18 17:48:18,318] {processor.py:163} INFO - Started process (PID=49224) to work on /Users/louisekirkham/Documents/linkedin_learning/Ex_Files_Data_Engineering_Foundations/airflow_env/lib/python3.9/site-packages/airflow/example_dags/example_task_group_decorator.py
[2022-03-18 17:48:18,319] {processor.py:642} INFO - Processing file /Users/louisekirkham/Documents/linkedin_learning/Ex_Files_Data_Engineering_Foundations/airflow_env/lib/python3.9/site-packages/airflow/example_dags/example_task_group_decorator.py for tasks to queue
[2022-03-18 17:48:18,319] {logging_mixin.py:109} INFO - [2022-03-18 17:48:18,319] {dagbag.py:500} INFO - Filling up the DagBag from /Users/louisekirkham/Documents/linkedin_learning/Ex_Files_Data_Engineering_Foundations/airflow_env/lib/python3.9/site-packages/airflow/example_dags/example_task_group_decorator.py
[2022-03-18 17:48:18,374] {processor.py:654} INFO - DAG(s) dict_keys(['example_task_group_decorator']) retrieved from /Users/louisekirkham/Documents/linkedin_learning/Ex_Files_Data_Engineering_Foundations/airflow_env/lib/python3.9/site-packages/airflow/example_dags/example_task_group_decorator.py
[2022-03-18 17:48:18,609] {logging_mixin.py:109} INFO - [2022-03-18 17:48:18,609] {dag.py:2398} INFO - Sync 1 DAGs
[2022-03-18 17:48:18,621] {logging_mixin.py:109} INFO - [2022-03-18 17:48:18,620] {dag.py:2937} INFO - Setting next_dagrun for example_task_group_decorator to 2022-03-17T17:48:18.620823+00:00
[2022-03-18 17:48:18,629] {processor.py:171} INFO - Processing /Users/louisekirkham/Documents/linkedin_learning/Ex_Files_Data_Engineering_Foundations/airflow_env/lib/python3.9/site-packages/airflow/example_dags/example_task_group_decorator.py took 0.312 seconds
[2022-03-18 17:49:42,251] {processor.py:163} INFO - Started process (PID=50946) to work on /Users/louisekirkham/Documents/linkedin_learning/Ex_Files_Data_Engineering_Foundations/airflow_env/lib/python3.9/site-packages/airflow/example_dags/example_task_group_decorator.py
[2022-03-18 17:49:42,251] {processor.py:642} INFO - Processing file /Users/louisekirkham/Documents/linkedin_learning/Ex_Files_Data_Engineering_Foundations/airflow_env/lib/python3.9/site-packages/airflow/example_dags/example_task_group_decorator.py for tasks to queue
[2022-03-18 17:49:42,252] {logging_mixin.py:109} INFO - [2022-03-18 17:49:42,252] {dagbag.py:500} INFO - Filling up the DagBag from /Users/louisekirkham/Documents/linkedin_learning/Ex_Files_Data_Engineering_Foundations/airflow_env/lib/python3.9/site-packages/airflow/example_dags/example_task_group_decorator.py
[2022-03-18 17:49:42,296] {processor.py:654} INFO - DAG(s) dict_keys(['example_task_group_decorator']) retrieved from /Users/louisekirkham/Documents/linkedin_learning/Ex_Files_Data_Engineering_Foundations/airflow_env/lib/python3.9/site-packages/airflow/example_dags/example_task_group_decorator.py
[2022-03-18 17:49:42,505] {logging_mixin.py:109} INFO - [2022-03-18 17:49:42,505] {dag.py:2398} INFO - Sync 1 DAGs
[2022-03-18 17:49:42,514] {logging_mixin.py:109} INFO - [2022-03-18 17:49:42,514] {dag.py:2937} INFO - Setting next_dagrun for example_task_group_decorator to 2022-03-17T17:49:42.513904+00:00
[2022-03-18 17:49:42,522] {processor.py:171} INFO - Processing /Users/louisekirkham/Documents/linkedin_learning/Ex_Files_Data_Engineering_Foundations/airflow_env/lib/python3.9/site-packages/airflow/example_dags/example_task_group_decorator.py took 0.271 seconds
[2022-03-18 17:51:08,701] {processor.py:163} INFO - Started process (PID=51031) to work on /Users/louisekirkham/Documents/linkedin_learning/Ex_Files_Data_Engineering_Foundations/airflow_env/lib/python3.9/site-packages/airflow/example_dags/example_task_group_decorator.py
[2022-03-18 17:51:08,701] {processor.py:642} INFO - Processing file /Users/louisekirkham/Documents/linkedin_learning/Ex_Files_Data_Engineering_Foundations/airflow_env/lib/python3.9/site-packages/airflow/example_dags/example_task_group_decorator.py for tasks to queue
[2022-03-18 17:51:08,702] {logging_mixin.py:109} INFO - [2022-03-18 17:51:08,702] {dagbag.py:500} INFO - Filling up the DagBag from /Users/louisekirkham/Documents/linkedin_learning/Ex_Files_Data_Engineering_Foundations/airflow_env/lib/python3.9/site-packages/airflow/example_dags/example_task_group_decorator.py
[2022-03-18 17:51:08,762] {processor.py:654} INFO - DAG(s) dict_keys(['example_task_group_decorator']) retrieved from /Users/louisekirkham/Documents/linkedin_learning/Ex_Files_Data_Engineering_Foundations/airflow_env/lib/python3.9/site-packages/airflow/example_dags/example_task_group_decorator.py
[2022-03-18 17:51:08,980] {logging_mixin.py:109} INFO - [2022-03-18 17:51:08,979] {dag.py:2398} INFO - Sync 1 DAGs
[2022-03-18 17:51:08,989] {logging_mixin.py:109} INFO - [2022-03-18 17:51:08,989] {dag.py:2937} INFO - Setting next_dagrun for example_task_group_decorator to 2022-03-17T17:51:08.989176+00:00
[2022-03-18 17:51:08,998] {processor.py:171} INFO - Processing /Users/louisekirkham/Documents/linkedin_learning/Ex_Files_Data_Engineering_Foundations/airflow_env/lib/python3.9/site-packages/airflow/example_dags/example_task_group_decorator.py took 0.298 seconds
[2022-03-18 17:52:32,645] {processor.py:163} INFO - Started process (PID=51095) to work on /Users/louisekirkham/Documents/linkedin_learning/Ex_Files_Data_Engineering_Foundations/airflow_env/lib/python3.9/site-packages/airflow/example_dags/example_task_group_decorator.py
[2022-03-18 17:52:32,645] {processor.py:642} INFO - Processing file /Users/louisekirkham/Documents/linkedin_learning/Ex_Files_Data_Engineering_Foundations/airflow_env/lib/python3.9/site-packages/airflow/example_dags/example_task_group_decorator.py for tasks to queue
[2022-03-18 17:52:32,645] {logging_mixin.py:109} INFO - [2022-03-18 17:52:32,645] {dagbag.py:500} INFO - Filling up the DagBag from /Users/louisekirkham/Documents/linkedin_learning/Ex_Files_Data_Engineering_Foundations/airflow_env/lib/python3.9/site-packages/airflow/example_dags/example_task_group_decorator.py
[2022-03-18 17:52:32,694] {processor.py:654} INFO - DAG(s) dict_keys(['example_task_group_decorator']) retrieved from /Users/louisekirkham/Documents/linkedin_learning/Ex_Files_Data_Engineering_Foundations/airflow_env/lib/python3.9/site-packages/airflow/example_dags/example_task_group_decorator.py
[2022-03-18 17:52:32,873] {logging_mixin.py:109} INFO - [2022-03-18 17:52:32,873] {dag.py:2398} INFO - Sync 1 DAGs
[2022-03-18 17:52:32,882] {logging_mixin.py:109} INFO - [2022-03-18 17:52:32,881] {dag.py:2937} INFO - Setting next_dagrun for example_task_group_decorator to 2022-03-17T17:52:32.881871+00:00
[2022-03-18 17:52:32,889] {processor.py:171} INFO - Processing /Users/louisekirkham/Documents/linkedin_learning/Ex_Files_Data_Engineering_Foundations/airflow_env/lib/python3.9/site-packages/airflow/example_dags/example_task_group_decorator.py took 0.245 seconds
[2022-03-18 17:53:54,216] {processor.py:163} INFO - Started process (PID=51158) to work on /Users/louisekirkham/Documents/linkedin_learning/Ex_Files_Data_Engineering_Foundations/airflow_env/lib/python3.9/site-packages/airflow/example_dags/example_task_group_decorator.py
[2022-03-18 17:53:54,218] {processor.py:642} INFO - Processing file /Users/louisekirkham/Documents/linkedin_learning/Ex_Files_Data_Engineering_Foundations/airflow_env/lib/python3.9/site-packages/airflow/example_dags/example_task_group_decorator.py for tasks to queue
[2022-03-18 17:53:54,218] {logging_mixin.py:109} INFO - [2022-03-18 17:53:54,218] {dagbag.py:500} INFO - Filling up the DagBag from /Users/louisekirkham/Documents/linkedin_learning/Ex_Files_Data_Engineering_Foundations/airflow_env/lib/python3.9/site-packages/airflow/example_dags/example_task_group_decorator.py
[2022-03-18 17:53:54,267] {processor.py:654} INFO - DAG(s) dict_keys(['example_task_group_decorator']) retrieved from /Users/louisekirkham/Documents/linkedin_learning/Ex_Files_Data_Engineering_Foundations/airflow_env/lib/python3.9/site-packages/airflow/example_dags/example_task_group_decorator.py
[2022-03-18 17:53:54,482] {logging_mixin.py:109} INFO - [2022-03-18 17:53:54,481] {dag.py:2398} INFO - Sync 1 DAGs
[2022-03-18 17:53:54,490] {logging_mixin.py:109} INFO - [2022-03-18 17:53:54,490] {dag.py:2937} INFO - Setting next_dagrun for example_task_group_decorator to 2022-03-17T17:53:54.490547+00:00
[2022-03-18 17:53:54,500] {processor.py:171} INFO - Processing /Users/louisekirkham/Documents/linkedin_learning/Ex_Files_Data_Engineering_Foundations/airflow_env/lib/python3.9/site-packages/airflow/example_dags/example_task_group_decorator.py took 0.285 seconds
[2022-03-18 17:55:16,579] {processor.py:163} INFO - Started process (PID=51229) to work on /Users/louisekirkham/Documents/linkedin_learning/Ex_Files_Data_Engineering_Foundations/airflow_env/lib/python3.9/site-packages/airflow/example_dags/example_task_group_decorator.py
[2022-03-18 17:55:16,580] {processor.py:642} INFO - Processing file /Users/louisekirkham/Documents/linkedin_learning/Ex_Files_Data_Engineering_Foundations/airflow_env/lib/python3.9/site-packages/airflow/example_dags/example_task_group_decorator.py for tasks to queue
[2022-03-18 17:55:16,581] {logging_mixin.py:109} INFO - [2022-03-18 17:55:16,581] {dagbag.py:500} INFO - Filling up the DagBag from /Users/louisekirkham/Documents/linkedin_learning/Ex_Files_Data_Engineering_Foundations/airflow_env/lib/python3.9/site-packages/airflow/example_dags/example_task_group_decorator.py
[2022-03-18 17:55:16,627] {processor.py:654} INFO - DAG(s) dict_keys(['example_task_group_decorator']) retrieved from /Users/louisekirkham/Documents/linkedin_learning/Ex_Files_Data_Engineering_Foundations/airflow_env/lib/python3.9/site-packages/airflow/example_dags/example_task_group_decorator.py
[2022-03-18 17:55:16,817] {logging_mixin.py:109} INFO - [2022-03-18 17:55:16,817] {dag.py:2398} INFO - Sync 1 DAGs
[2022-03-18 17:55:16,827] {logging_mixin.py:109} INFO - [2022-03-18 17:55:16,827] {dag.py:2937} INFO - Setting next_dagrun for example_task_group_decorator to 2022-03-17T17:55:16.827622+00:00
[2022-03-18 17:55:16,835] {processor.py:171} INFO - Processing /Users/louisekirkham/Documents/linkedin_learning/Ex_Files_Data_Engineering_Foundations/airflow_env/lib/python3.9/site-packages/airflow/example_dags/example_task_group_decorator.py took 0.257 seconds
[2022-03-18 17:56:43,175] {processor.py:163} INFO - Started process (PID=51293) to work on /Users/louisekirkham/Documents/linkedin_learning/Ex_Files_Data_Engineering_Foundations/airflow_env/lib/python3.9/site-packages/airflow/example_dags/example_task_group_decorator.py
[2022-03-18 17:56:43,177] {processor.py:642} INFO - Processing file /Users/louisekirkham/Documents/linkedin_learning/Ex_Files_Data_Engineering_Foundations/airflow_env/lib/python3.9/site-packages/airflow/example_dags/example_task_group_decorator.py for tasks to queue
[2022-03-18 17:56:43,177] {logging_mixin.py:109} INFO - [2022-03-18 17:56:43,177] {dagbag.py:500} INFO - Filling up the DagBag from /Users/louisekirkham/Documents/linkedin_learning/Ex_Files_Data_Engineering_Foundations/airflow_env/lib/python3.9/site-packages/airflow/example_dags/example_task_group_decorator.py
[2022-03-18 17:56:43,231] {processor.py:654} INFO - DAG(s) dict_keys(['example_task_group_decorator']) retrieved from /Users/louisekirkham/Documents/linkedin_learning/Ex_Files_Data_Engineering_Foundations/airflow_env/lib/python3.9/site-packages/airflow/example_dags/example_task_group_decorator.py
[2022-03-18 17:56:43,426] {logging_mixin.py:109} INFO - [2022-03-18 17:56:43,426] {dag.py:2398} INFO - Sync 1 DAGs
[2022-03-18 17:56:43,436] {logging_mixin.py:109} INFO - [2022-03-18 17:56:43,436] {dag.py:2937} INFO - Setting next_dagrun for example_task_group_decorator to 2022-03-17T17:56:43.436159+00:00
[2022-03-18 17:56:43,445] {processor.py:171} INFO - Processing /Users/louisekirkham/Documents/linkedin_learning/Ex_Files_Data_Engineering_Foundations/airflow_env/lib/python3.9/site-packages/airflow/example_dags/example_task_group_decorator.py took 0.270 seconds
[2022-03-18 17:58:12,567] {processor.py:163} INFO - Started process (PID=51385) to work on /Users/louisekirkham/Documents/linkedin_learning/Ex_Files_Data_Engineering_Foundations/airflow_env/lib/python3.9/site-packages/airflow/example_dags/example_task_group_decorator.py
[2022-03-18 17:58:12,568] {processor.py:642} INFO - Processing file /Users/louisekirkham/Documents/linkedin_learning/Ex_Files_Data_Engineering_Foundations/airflow_env/lib/python3.9/site-packages/airflow/example_dags/example_task_group_decorator.py for tasks to queue
[2022-03-18 17:58:12,569] {logging_mixin.py:109} INFO - [2022-03-18 17:58:12,569] {dagbag.py:500} INFO - Filling up the DagBag from /Users/louisekirkham/Documents/linkedin_learning/Ex_Files_Data_Engineering_Foundations/airflow_env/lib/python3.9/site-packages/airflow/example_dags/example_task_group_decorator.py
[2022-03-18 17:58:12,640] {processor.py:654} INFO - DAG(s) dict_keys(['example_task_group_decorator']) retrieved from /Users/louisekirkham/Documents/linkedin_learning/Ex_Files_Data_Engineering_Foundations/airflow_env/lib/python3.9/site-packages/airflow/example_dags/example_task_group_decorator.py
[2022-03-18 17:58:12,876] {logging_mixin.py:109} INFO - [2022-03-18 17:58:12,875] {dag.py:2398} INFO - Sync 1 DAGs
[2022-03-18 17:58:12,884] {logging_mixin.py:109} INFO - [2022-03-18 17:58:12,884] {dag.py:2937} INFO - Setting next_dagrun for example_task_group_decorator to 2022-03-17T17:58:12.884598+00:00
[2022-03-18 17:58:12,896] {processor.py:171} INFO - Processing /Users/louisekirkham/Documents/linkedin_learning/Ex_Files_Data_Engineering_Foundations/airflow_env/lib/python3.9/site-packages/airflow/example_dags/example_task_group_decorator.py took 0.329 seconds
[2022-03-18 17:59:44,951] {processor.py:163} INFO - Started process (PID=51522) to work on /Users/louisekirkham/Documents/linkedin_learning/Ex_Files_Data_Engineering_Foundations/airflow_env/lib/python3.9/site-packages/airflow/example_dags/example_task_group_decorator.py
[2022-03-18 17:59:44,952] {processor.py:642} INFO - Processing file /Users/louisekirkham/Documents/linkedin_learning/Ex_Files_Data_Engineering_Foundations/airflow_env/lib/python3.9/site-packages/airflow/example_dags/example_task_group_decorator.py for tasks to queue
[2022-03-18 17:59:44,952] {logging_mixin.py:109} INFO - [2022-03-18 17:59:44,952] {dagbag.py:500} INFO - Filling up the DagBag from /Users/louisekirkham/Documents/linkedin_learning/Ex_Files_Data_Engineering_Foundations/airflow_env/lib/python3.9/site-packages/airflow/example_dags/example_task_group_decorator.py
[2022-03-18 17:59:45,000] {processor.py:654} INFO - DAG(s) dict_keys(['example_task_group_decorator']) retrieved from /Users/louisekirkham/Documents/linkedin_learning/Ex_Files_Data_Engineering_Foundations/airflow_env/lib/python3.9/site-packages/airflow/example_dags/example_task_group_decorator.py
[2022-03-18 17:59:45,180] {logging_mixin.py:109} INFO - [2022-03-18 17:59:45,179] {dag.py:2398} INFO - Sync 1 DAGs
[2022-03-18 17:59:45,186] {logging_mixin.py:109} INFO - [2022-03-18 17:59:45,186] {dag.py:2937} INFO - Setting next_dagrun for example_task_group_decorator to 2022-03-17T17:59:45.186748+00:00
[2022-03-18 17:59:45,194] {processor.py:171} INFO - Processing /Users/louisekirkham/Documents/linkedin_learning/Ex_Files_Data_Engineering_Foundations/airflow_env/lib/python3.9/site-packages/airflow/example_dags/example_task_group_decorator.py took 0.244 seconds
[2022-03-18 21:01:38,146] {processor.py:163} INFO - Started process (PID=51639) to work on /Users/louisekirkham/Documents/linkedin_learning/Ex_Files_Data_Engineering_Foundations/airflow_env/lib/python3.9/site-packages/airflow/example_dags/example_task_group_decorator.py
[2022-03-18 21:01:38,147] {processor.py:642} INFO - Processing file /Users/louisekirkham/Documents/linkedin_learning/Ex_Files_Data_Engineering_Foundations/airflow_env/lib/python3.9/site-packages/airflow/example_dags/example_task_group_decorator.py for tasks to queue
[2022-03-18 21:01:38,147] {logging_mixin.py:109} INFO - [2022-03-18 21:01:38,147] {dagbag.py:500} INFO - Filling up the DagBag from /Users/louisekirkham/Documents/linkedin_learning/Ex_Files_Data_Engineering_Foundations/airflow_env/lib/python3.9/site-packages/airflow/example_dags/example_task_group_decorator.py
[2022-03-18 21:01:38,194] {processor.py:654} INFO - DAG(s) dict_keys(['example_task_group_decorator']) retrieved from /Users/louisekirkham/Documents/linkedin_learning/Ex_Files_Data_Engineering_Foundations/airflow_env/lib/python3.9/site-packages/airflow/example_dags/example_task_group_decorator.py
[2022-03-18 21:01:38,376] {logging_mixin.py:109} INFO - [2022-03-18 21:01:38,376] {dag.py:2398} INFO - Sync 1 DAGs
[2022-03-18 21:01:38,383] {logging_mixin.py:109} INFO - [2022-03-18 21:01:38,383] {dag.py:2937} INFO - Setting next_dagrun for example_task_group_decorator to 2022-03-17T21:01:38.383409+00:00
[2022-03-18 21:01:38,391] {processor.py:171} INFO - Processing /Users/louisekirkham/Documents/linkedin_learning/Ex_Files_Data_Engineering_Foundations/airflow_env/lib/python3.9/site-packages/airflow/example_dags/example_task_group_decorator.py took 0.245 seconds
