[2022-03-18 10:36:53,140] {processor.py:163} INFO - Started process (PID=46336) to work on /Users/louisekirkham/Documents/linkedin_learning/Ex_Files_Data_Engineering_Foundations/airflow_env/lib/python3.9/site-packages/airflow/example_dags/example_xcom.py
[2022-03-18 10:36:53,141] {processor.py:642} INFO - Processing file /Users/louisekirkham/Documents/linkedin_learning/Ex_Files_Data_Engineering_Foundations/airflow_env/lib/python3.9/site-packages/airflow/example_dags/example_xcom.py for tasks to queue
[2022-03-18 10:36:53,141] {logging_mixin.py:109} INFO - [2022-03-18 10:36:53,141] {dagbag.py:500} INFO - Filling up the DagBag from /Users/louisekirkham/Documents/linkedin_learning/Ex_Files_Data_Engineering_Foundations/airflow_env/lib/python3.9/site-packages/airflow/example_dags/example_xcom.py
[2022-03-18 10:36:53,205] {processor.py:654} INFO - DAG(s) dict_keys(['example_xcom']) retrieved from /Users/louisekirkham/Documents/linkedin_learning/Ex_Files_Data_Engineering_Foundations/airflow_env/lib/python3.9/site-packages/airflow/example_dags/example_xcom.py
[2022-03-18 10:36:53,478] {logging_mixin.py:109} INFO - [2022-03-18 10:36:53,478] {dag.py:2398} INFO - Sync 1 DAGs
[2022-03-18 10:36:53,490] {logging_mixin.py:109} INFO - [2022-03-18 10:36:53,490] {dag.py:2937} INFO - Setting next_dagrun for example_xcom to 2021-01-01T00:00:00+00:00
[2022-03-18 10:36:53,502] {processor.py:171} INFO - Processing /Users/louisekirkham/Documents/linkedin_learning/Ex_Files_Data_Engineering_Foundations/airflow_env/lib/python3.9/site-packages/airflow/example_dags/example_xcom.py took 0.362 seconds
[2022-03-18 10:38:04,653] {processor.py:163} INFO - Started process (PID=46465) to work on /Users/louisekirkham/Documents/linkedin_learning/Ex_Files_Data_Engineering_Foundations/airflow_env/lib/python3.9/site-packages/airflow/example_dags/example_xcom.py
[2022-03-18 10:38:04,653] {processor.py:642} INFO - Processing file /Users/louisekirkham/Documents/linkedin_learning/Ex_Files_Data_Engineering_Foundations/airflow_env/lib/python3.9/site-packages/airflow/example_dags/example_xcom.py for tasks to queue
[2022-03-18 10:38:04,654] {logging_mixin.py:109} INFO - [2022-03-18 10:38:04,654] {dagbag.py:500} INFO - Filling up the DagBag from /Users/louisekirkham/Documents/linkedin_learning/Ex_Files_Data_Engineering_Foundations/airflow_env/lib/python3.9/site-packages/airflow/example_dags/example_xcom.py
[2022-03-18 10:38:04,692] {processor.py:654} INFO - DAG(s) dict_keys(['example_xcom']) retrieved from /Users/louisekirkham/Documents/linkedin_learning/Ex_Files_Data_Engineering_Foundations/airflow_env/lib/python3.9/site-packages/airflow/example_dags/example_xcom.py
[2022-03-18 10:38:04,861] {logging_mixin.py:109} INFO - [2022-03-18 10:38:04,861] {dag.py:2398} INFO - Sync 1 DAGs
[2022-03-18 10:38:04,869] {logging_mixin.py:109} INFO - [2022-03-18 10:38:04,868] {dag.py:2937} INFO - Setting next_dagrun for example_xcom to 2021-01-01T00:00:00+00:00
[2022-03-18 10:38:04,875] {processor.py:171} INFO - Processing /Users/louisekirkham/Documents/linkedin_learning/Ex_Files_Data_Engineering_Foundations/airflow_env/lib/python3.9/site-packages/airflow/example_dags/example_xcom.py took 0.223 seconds
[2022-03-18 10:39:27,628] {processor.py:163} INFO - Started process (PID=46529) to work on /Users/louisekirkham/Documents/linkedin_learning/Ex_Files_Data_Engineering_Foundations/airflow_env/lib/python3.9/site-packages/airflow/example_dags/example_xcom.py
[2022-03-18 10:39:27,628] {processor.py:642} INFO - Processing file /Users/louisekirkham/Documents/linkedin_learning/Ex_Files_Data_Engineering_Foundations/airflow_env/lib/python3.9/site-packages/airflow/example_dags/example_xcom.py for tasks to queue
[2022-03-18 10:39:27,629] {logging_mixin.py:109} INFO - [2022-03-18 10:39:27,628] {dagbag.py:500} INFO - Filling up the DagBag from /Users/louisekirkham/Documents/linkedin_learning/Ex_Files_Data_Engineering_Foundations/airflow_env/lib/python3.9/site-packages/airflow/example_dags/example_xcom.py
[2022-03-18 10:39:27,673] {processor.py:654} INFO - DAG(s) dict_keys(['example_xcom']) retrieved from /Users/louisekirkham/Documents/linkedin_learning/Ex_Files_Data_Engineering_Foundations/airflow_env/lib/python3.9/site-packages/airflow/example_dags/example_xcom.py
[2022-03-18 10:39:27,863] {logging_mixin.py:109} INFO - [2022-03-18 10:39:27,862] {dag.py:2398} INFO - Sync 1 DAGs
[2022-03-18 10:39:27,871] {logging_mixin.py:109} INFO - [2022-03-18 10:39:27,871] {dag.py:2937} INFO - Setting next_dagrun for example_xcom to 2021-01-01T00:00:00+00:00
[2022-03-18 10:39:27,879] {processor.py:171} INFO - Processing /Users/louisekirkham/Documents/linkedin_learning/Ex_Files_Data_Engineering_Foundations/airflow_env/lib/python3.9/site-packages/airflow/example_dags/example_xcom.py took 0.252 seconds
[2022-03-18 17:06:20,593] {processor.py:163} INFO - Started process (PID=46731) to work on /Users/louisekirkham/Documents/linkedin_learning/Ex_Files_Data_Engineering_Foundations/airflow_env/lib/python3.9/site-packages/airflow/example_dags/example_xcom.py
[2022-03-18 17:06:20,595] {processor.py:642} INFO - Processing file /Users/louisekirkham/Documents/linkedin_learning/Ex_Files_Data_Engineering_Foundations/airflow_env/lib/python3.9/site-packages/airflow/example_dags/example_xcom.py for tasks to queue
[2022-03-18 17:06:20,595] {logging_mixin.py:109} INFO - [2022-03-18 17:06:20,595] {dagbag.py:500} INFO - Filling up the DagBag from /Users/louisekirkham/Documents/linkedin_learning/Ex_Files_Data_Engineering_Foundations/airflow_env/lib/python3.9/site-packages/airflow/example_dags/example_xcom.py
[2022-03-18 17:06:20,635] {processor.py:654} INFO - DAG(s) dict_keys(['example_xcom']) retrieved from /Users/louisekirkham/Documents/linkedin_learning/Ex_Files_Data_Engineering_Foundations/airflow_env/lib/python3.9/site-packages/airflow/example_dags/example_xcom.py
[2022-03-18 17:06:20,828] {logging_mixin.py:109} INFO - [2022-03-18 17:06:20,827] {dag.py:2398} INFO - Sync 1 DAGs
[2022-03-18 17:06:20,835] {logging_mixin.py:109} INFO - [2022-03-18 17:06:20,835] {dag.py:2937} INFO - Setting next_dagrun for example_xcom to 2021-01-01T00:00:00+00:00
[2022-03-18 17:06:20,842] {processor.py:171} INFO - Processing /Users/louisekirkham/Documents/linkedin_learning/Ex_Files_Data_Engineering_Foundations/airflow_env/lib/python3.9/site-packages/airflow/example_dags/example_xcom.py took 0.250 seconds
[2022-03-18 17:07:06,365] {processor.py:163} INFO - Started process (PID=46772) to work on /Users/louisekirkham/Documents/linkedin_learning/Ex_Files_Data_Engineering_Foundations/airflow_env/lib/python3.9/site-packages/airflow/example_dags/example_xcom.py
[2022-03-18 17:07:06,365] {processor.py:642} INFO - Processing file /Users/louisekirkham/Documents/linkedin_learning/Ex_Files_Data_Engineering_Foundations/airflow_env/lib/python3.9/site-packages/airflow/example_dags/example_xcom.py for tasks to queue
[2022-03-18 17:07:06,365] {logging_mixin.py:109} INFO - [2022-03-18 17:07:06,365] {dagbag.py:500} INFO - Filling up the DagBag from /Users/louisekirkham/Documents/linkedin_learning/Ex_Files_Data_Engineering_Foundations/airflow_env/lib/python3.9/site-packages/airflow/example_dags/example_xcom.py
[2022-03-18 17:07:06,410] {processor.py:654} INFO - DAG(s) dict_keys(['example_xcom']) retrieved from /Users/louisekirkham/Documents/linkedin_learning/Ex_Files_Data_Engineering_Foundations/airflow_env/lib/python3.9/site-packages/airflow/example_dags/example_xcom.py
[2022-03-18 17:07:06,576] {logging_mixin.py:109} INFO - [2022-03-18 17:07:06,576] {dag.py:2398} INFO - Sync 1 DAGs
[2022-03-18 17:07:06,584] {logging_mixin.py:109} INFO - [2022-03-18 17:07:06,584] {dag.py:2937} INFO - Setting next_dagrun for example_xcom to 2021-01-01T00:00:00+00:00
[2022-03-18 17:07:06,590] {processor.py:171} INFO - Processing /Users/louisekirkham/Documents/linkedin_learning/Ex_Files_Data_Engineering_Foundations/airflow_env/lib/python3.9/site-packages/airflow/example_dags/example_xcom.py took 0.226 seconds
[2022-03-18 17:08:32,532] {processor.py:163} INFO - Started process (PID=46847) to work on /Users/louisekirkham/Documents/linkedin_learning/Ex_Files_Data_Engineering_Foundations/airflow_env/lib/python3.9/site-packages/airflow/example_dags/example_xcom.py
[2022-03-18 17:08:32,533] {processor.py:642} INFO - Processing file /Users/louisekirkham/Documents/linkedin_learning/Ex_Files_Data_Engineering_Foundations/airflow_env/lib/python3.9/site-packages/airflow/example_dags/example_xcom.py for tasks to queue
[2022-03-18 17:08:32,533] {logging_mixin.py:109} INFO - [2022-03-18 17:08:32,533] {dagbag.py:500} INFO - Filling up the DagBag from /Users/louisekirkham/Documents/linkedin_learning/Ex_Files_Data_Engineering_Foundations/airflow_env/lib/python3.9/site-packages/airflow/example_dags/example_xcom.py
[2022-03-18 17:08:32,578] {processor.py:654} INFO - DAG(s) dict_keys(['example_xcom']) retrieved from /Users/louisekirkham/Documents/linkedin_learning/Ex_Files_Data_Engineering_Foundations/airflow_env/lib/python3.9/site-packages/airflow/example_dags/example_xcom.py
[2022-03-18 17:08:32,761] {logging_mixin.py:109} INFO - [2022-03-18 17:08:32,760] {dag.py:2398} INFO - Sync 1 DAGs
[2022-03-18 17:08:32,769] {logging_mixin.py:109} INFO - [2022-03-18 17:08:32,769] {dag.py:2937} INFO - Setting next_dagrun for example_xcom to 2021-01-01T00:00:00+00:00
[2022-03-18 17:08:32,778] {processor.py:171} INFO - Processing /Users/louisekirkham/Documents/linkedin_learning/Ex_Files_Data_Engineering_Foundations/airflow_env/lib/python3.9/site-packages/airflow/example_dags/example_xcom.py took 0.246 seconds
[2022-03-18 17:09:17,798] {processor.py:163} INFO - Started process (PID=46891) to work on /Users/louisekirkham/Documents/linkedin_learning/Ex_Files_Data_Engineering_Foundations/airflow_env/lib/python3.9/site-packages/airflow/example_dags/example_xcom.py
[2022-03-18 17:09:17,799] {processor.py:642} INFO - Processing file /Users/louisekirkham/Documents/linkedin_learning/Ex_Files_Data_Engineering_Foundations/airflow_env/lib/python3.9/site-packages/airflow/example_dags/example_xcom.py for tasks to queue
[2022-03-18 17:09:17,800] {logging_mixin.py:109} INFO - [2022-03-18 17:09:17,800] {dagbag.py:500} INFO - Filling up the DagBag from /Users/louisekirkham/Documents/linkedin_learning/Ex_Files_Data_Engineering_Foundations/airflow_env/lib/python3.9/site-packages/airflow/example_dags/example_xcom.py
[2022-03-18 17:09:17,838] {processor.py:654} INFO - DAG(s) dict_keys(['example_xcom']) retrieved from /Users/louisekirkham/Documents/linkedin_learning/Ex_Files_Data_Engineering_Foundations/airflow_env/lib/python3.9/site-packages/airflow/example_dags/example_xcom.py
[2022-03-18 17:09:18,007] {logging_mixin.py:109} INFO - [2022-03-18 17:09:18,007] {dag.py:2398} INFO - Sync 1 DAGs
[2022-03-18 17:09:18,016] {logging_mixin.py:109} INFO - [2022-03-18 17:09:18,016] {dag.py:2937} INFO - Setting next_dagrun for example_xcom to 2021-01-01T00:00:00+00:00
[2022-03-18 17:09:18,024] {processor.py:171} INFO - Processing /Users/louisekirkham/Documents/linkedin_learning/Ex_Files_Data_Engineering_Foundations/airflow_env/lib/python3.9/site-packages/airflow/example_dags/example_xcom.py took 0.226 seconds
[2022-03-18 17:10:56,811] {processor.py:163} INFO - Started process (PID=46972) to work on /Users/louisekirkham/Documents/linkedin_learning/Ex_Files_Data_Engineering_Foundations/airflow_env/lib/python3.9/site-packages/airflow/example_dags/example_xcom.py
[2022-03-18 17:10:56,812] {processor.py:642} INFO - Processing file /Users/louisekirkham/Documents/linkedin_learning/Ex_Files_Data_Engineering_Foundations/airflow_env/lib/python3.9/site-packages/airflow/example_dags/example_xcom.py for tasks to queue
[2022-03-18 17:10:56,812] {logging_mixin.py:109} INFO - [2022-03-18 17:10:56,812] {dagbag.py:500} INFO - Filling up the DagBag from /Users/louisekirkham/Documents/linkedin_learning/Ex_Files_Data_Engineering_Foundations/airflow_env/lib/python3.9/site-packages/airflow/example_dags/example_xcom.py
[2022-03-18 17:10:56,868] {processor.py:654} INFO - DAG(s) dict_keys(['example_xcom']) retrieved from /Users/louisekirkham/Documents/linkedin_learning/Ex_Files_Data_Engineering_Foundations/airflow_env/lib/python3.9/site-packages/airflow/example_dags/example_xcom.py
[2022-03-18 17:10:57,087] {logging_mixin.py:109} INFO - [2022-03-18 17:10:57,087] {dag.py:2398} INFO - Sync 1 DAGs
[2022-03-18 17:10:57,099] {logging_mixin.py:109} INFO - [2022-03-18 17:10:57,098] {dag.py:2937} INFO - Setting next_dagrun for example_xcom to 2021-01-01T00:00:00+00:00
[2022-03-18 17:10:57,107] {processor.py:171} INFO - Processing /Users/louisekirkham/Documents/linkedin_learning/Ex_Files_Data_Engineering_Foundations/airflow_env/lib/python3.9/site-packages/airflow/example_dags/example_xcom.py took 0.297 seconds
[2022-03-18 17:12:22,120] {processor.py:163} INFO - Started process (PID=47034) to work on /Users/louisekirkham/Documents/linkedin_learning/Ex_Files_Data_Engineering_Foundations/airflow_env/lib/python3.9/site-packages/airflow/example_dags/example_xcom.py
[2022-03-18 17:12:22,121] {processor.py:642} INFO - Processing file /Users/louisekirkham/Documents/linkedin_learning/Ex_Files_Data_Engineering_Foundations/airflow_env/lib/python3.9/site-packages/airflow/example_dags/example_xcom.py for tasks to queue
[2022-03-18 17:12:22,121] {logging_mixin.py:109} INFO - [2022-03-18 17:12:22,121] {dagbag.py:500} INFO - Filling up the DagBag from /Users/louisekirkham/Documents/linkedin_learning/Ex_Files_Data_Engineering_Foundations/airflow_env/lib/python3.9/site-packages/airflow/example_dags/example_xcom.py
[2022-03-18 17:12:22,162] {processor.py:654} INFO - DAG(s) dict_keys(['example_xcom']) retrieved from /Users/louisekirkham/Documents/linkedin_learning/Ex_Files_Data_Engineering_Foundations/airflow_env/lib/python3.9/site-packages/airflow/example_dags/example_xcom.py
[2022-03-18 17:12:22,384] {logging_mixin.py:109} INFO - [2022-03-18 17:12:22,384] {dag.py:2398} INFO - Sync 1 DAGs
[2022-03-18 17:12:22,393] {logging_mixin.py:109} INFO - [2022-03-18 17:12:22,392] {dag.py:2937} INFO - Setting next_dagrun for example_xcom to 2021-01-01T00:00:00+00:00
[2022-03-18 17:12:22,399] {processor.py:171} INFO - Processing /Users/louisekirkham/Documents/linkedin_learning/Ex_Files_Data_Engineering_Foundations/airflow_env/lib/python3.9/site-packages/airflow/example_dags/example_xcom.py took 0.280 seconds
[2022-03-18 17:13:45,469] {processor.py:163} INFO - Started process (PID=47101) to work on /Users/louisekirkham/Documents/linkedin_learning/Ex_Files_Data_Engineering_Foundations/airflow_env/lib/python3.9/site-packages/airflow/example_dags/example_xcom.py
[2022-03-18 17:13:45,470] {processor.py:642} INFO - Processing file /Users/louisekirkham/Documents/linkedin_learning/Ex_Files_Data_Engineering_Foundations/airflow_env/lib/python3.9/site-packages/airflow/example_dags/example_xcom.py for tasks to queue
[2022-03-18 17:13:45,470] {logging_mixin.py:109} INFO - [2022-03-18 17:13:45,470] {dagbag.py:500} INFO - Filling up the DagBag from /Users/louisekirkham/Documents/linkedin_learning/Ex_Files_Data_Engineering_Foundations/airflow_env/lib/python3.9/site-packages/airflow/example_dags/example_xcom.py
[2022-03-18 17:13:45,514] {processor.py:654} INFO - DAG(s) dict_keys(['example_xcom']) retrieved from /Users/louisekirkham/Documents/linkedin_learning/Ex_Files_Data_Engineering_Foundations/airflow_env/lib/python3.9/site-packages/airflow/example_dags/example_xcom.py
[2022-03-18 17:13:45,689] {logging_mixin.py:109} INFO - [2022-03-18 17:13:45,689] {dag.py:2398} INFO - Sync 1 DAGs
[2022-03-18 17:13:45,697] {logging_mixin.py:109} INFO - [2022-03-18 17:13:45,697] {dag.py:2937} INFO - Setting next_dagrun for example_xcom to 2021-01-01T00:00:00+00:00
[2022-03-18 17:13:45,705] {processor.py:171} INFO - Processing /Users/louisekirkham/Documents/linkedin_learning/Ex_Files_Data_Engineering_Foundations/airflow_env/lib/python3.9/site-packages/airflow/example_dags/example_xcom.py took 0.236 seconds
[2022-03-18 17:15:10,500] {processor.py:163} INFO - Started process (PID=47161) to work on /Users/louisekirkham/Documents/linkedin_learning/Ex_Files_Data_Engineering_Foundations/airflow_env/lib/python3.9/site-packages/airflow/example_dags/example_xcom.py
[2022-03-18 17:15:10,501] {processor.py:642} INFO - Processing file /Users/louisekirkham/Documents/linkedin_learning/Ex_Files_Data_Engineering_Foundations/airflow_env/lib/python3.9/site-packages/airflow/example_dags/example_xcom.py for tasks to queue
[2022-03-18 17:15:10,502] {logging_mixin.py:109} INFO - [2022-03-18 17:15:10,502] {dagbag.py:500} INFO - Filling up the DagBag from /Users/louisekirkham/Documents/linkedin_learning/Ex_Files_Data_Engineering_Foundations/airflow_env/lib/python3.9/site-packages/airflow/example_dags/example_xcom.py
[2022-03-18 17:15:10,547] {processor.py:654} INFO - DAG(s) dict_keys(['example_xcom']) retrieved from /Users/louisekirkham/Documents/linkedin_learning/Ex_Files_Data_Engineering_Foundations/airflow_env/lib/python3.9/site-packages/airflow/example_dags/example_xcom.py
[2022-03-18 17:15:10,731] {logging_mixin.py:109} INFO - [2022-03-18 17:15:10,730] {dag.py:2398} INFO - Sync 1 DAGs
[2022-03-18 17:15:10,739] {logging_mixin.py:109} INFO - [2022-03-18 17:15:10,739] {dag.py:2937} INFO - Setting next_dagrun for example_xcom to 2021-01-01T00:00:00+00:00
[2022-03-18 17:15:10,747] {processor.py:171} INFO - Processing /Users/louisekirkham/Documents/linkedin_learning/Ex_Files_Data_Engineering_Foundations/airflow_env/lib/python3.9/site-packages/airflow/example_dags/example_xcom.py took 0.247 seconds
[2022-03-18 17:16:35,355] {processor.py:163} INFO - Started process (PID=47237) to work on /Users/louisekirkham/Documents/linkedin_learning/Ex_Files_Data_Engineering_Foundations/airflow_env/lib/python3.9/site-packages/airflow/example_dags/example_xcom.py
[2022-03-18 17:16:35,355] {processor.py:642} INFO - Processing file /Users/louisekirkham/Documents/linkedin_learning/Ex_Files_Data_Engineering_Foundations/airflow_env/lib/python3.9/site-packages/airflow/example_dags/example_xcom.py for tasks to queue
[2022-03-18 17:16:35,356] {logging_mixin.py:109} INFO - [2022-03-18 17:16:35,356] {dagbag.py:500} INFO - Filling up the DagBag from /Users/louisekirkham/Documents/linkedin_learning/Ex_Files_Data_Engineering_Foundations/airflow_env/lib/python3.9/site-packages/airflow/example_dags/example_xcom.py
[2022-03-18 17:16:35,396] {processor.py:654} INFO - DAG(s) dict_keys(['example_xcom']) retrieved from /Users/louisekirkham/Documents/linkedin_learning/Ex_Files_Data_Engineering_Foundations/airflow_env/lib/python3.9/site-packages/airflow/example_dags/example_xcom.py
[2022-03-18 17:16:35,575] {logging_mixin.py:109} INFO - [2022-03-18 17:16:35,575] {dag.py:2398} INFO - Sync 1 DAGs
[2022-03-18 17:16:35,582] {logging_mixin.py:109} INFO - [2022-03-18 17:16:35,582] {dag.py:2937} INFO - Setting next_dagrun for example_xcom to 2021-01-01T00:00:00+00:00
[2022-03-18 17:16:35,590] {processor.py:171} INFO - Processing /Users/louisekirkham/Documents/linkedin_learning/Ex_Files_Data_Engineering_Foundations/airflow_env/lib/python3.9/site-packages/airflow/example_dags/example_xcom.py took 0.236 seconds
[2022-03-18 17:18:00,010] {processor.py:163} INFO - Started process (PID=47309) to work on /Users/louisekirkham/Documents/linkedin_learning/Ex_Files_Data_Engineering_Foundations/airflow_env/lib/python3.9/site-packages/airflow/example_dags/example_xcom.py
[2022-03-18 17:18:00,011] {processor.py:642} INFO - Processing file /Users/louisekirkham/Documents/linkedin_learning/Ex_Files_Data_Engineering_Foundations/airflow_env/lib/python3.9/site-packages/airflow/example_dags/example_xcom.py for tasks to queue
[2022-03-18 17:18:00,011] {logging_mixin.py:109} INFO - [2022-03-18 17:18:00,011] {dagbag.py:500} INFO - Filling up the DagBag from /Users/louisekirkham/Documents/linkedin_learning/Ex_Files_Data_Engineering_Foundations/airflow_env/lib/python3.9/site-packages/airflow/example_dags/example_xcom.py
[2022-03-18 17:18:00,050] {processor.py:654} INFO - DAG(s) dict_keys(['example_xcom']) retrieved from /Users/louisekirkham/Documents/linkedin_learning/Ex_Files_Data_Engineering_Foundations/airflow_env/lib/python3.9/site-packages/airflow/example_dags/example_xcom.py
[2022-03-18 17:18:00,221] {logging_mixin.py:109} INFO - [2022-03-18 17:18:00,221] {dag.py:2398} INFO - Sync 1 DAGs
[2022-03-18 17:18:00,229] {logging_mixin.py:109} INFO - [2022-03-18 17:18:00,229] {dag.py:2937} INFO - Setting next_dagrun for example_xcom to 2021-01-01T00:00:00+00:00
[2022-03-18 17:18:00,236] {processor.py:171} INFO - Processing /Users/louisekirkham/Documents/linkedin_learning/Ex_Files_Data_Engineering_Foundations/airflow_env/lib/python3.9/site-packages/airflow/example_dags/example_xcom.py took 0.227 seconds
[2022-03-18 17:19:21,982] {processor.py:163} INFO - Started process (PID=47365) to work on /Users/louisekirkham/Documents/linkedin_learning/Ex_Files_Data_Engineering_Foundations/airflow_env/lib/python3.9/site-packages/airflow/example_dags/example_xcom.py
[2022-03-18 17:19:21,983] {processor.py:642} INFO - Processing file /Users/louisekirkham/Documents/linkedin_learning/Ex_Files_Data_Engineering_Foundations/airflow_env/lib/python3.9/site-packages/airflow/example_dags/example_xcom.py for tasks to queue
[2022-03-18 17:19:21,984] {logging_mixin.py:109} INFO - [2022-03-18 17:19:21,984] {dagbag.py:500} INFO - Filling up the DagBag from /Users/louisekirkham/Documents/linkedin_learning/Ex_Files_Data_Engineering_Foundations/airflow_env/lib/python3.9/site-packages/airflow/example_dags/example_xcom.py
[2022-03-18 17:19:22,026] {processor.py:654} INFO - DAG(s) dict_keys(['example_xcom']) retrieved from /Users/louisekirkham/Documents/linkedin_learning/Ex_Files_Data_Engineering_Foundations/airflow_env/lib/python3.9/site-packages/airflow/example_dags/example_xcom.py
[2022-03-18 17:19:22,199] {logging_mixin.py:109} INFO - [2022-03-18 17:19:22,199] {dag.py:2398} INFO - Sync 1 DAGs
[2022-03-18 17:19:22,207] {logging_mixin.py:109} INFO - [2022-03-18 17:19:22,207] {dag.py:2937} INFO - Setting next_dagrun for example_xcom to 2021-01-01T00:00:00+00:00
[2022-03-18 17:19:22,214] {processor.py:171} INFO - Processing /Users/louisekirkham/Documents/linkedin_learning/Ex_Files_Data_Engineering_Foundations/airflow_env/lib/python3.9/site-packages/airflow/example_dags/example_xcom.py took 0.233 seconds
[2022-03-18 17:23:52,336] {processor.py:163} INFO - Started process (PID=47530) to work on /Users/louisekirkham/Documents/linkedin_learning/Ex_Files_Data_Engineering_Foundations/airflow_env/lib/python3.9/site-packages/airflow/example_dags/example_xcom.py
[2022-03-18 17:23:52,338] {processor.py:642} INFO - Processing file /Users/louisekirkham/Documents/linkedin_learning/Ex_Files_Data_Engineering_Foundations/airflow_env/lib/python3.9/site-packages/airflow/example_dags/example_xcom.py for tasks to queue
[2022-03-18 17:23:52,338] {logging_mixin.py:109} INFO - [2022-03-18 17:23:52,338] {dagbag.py:500} INFO - Filling up the DagBag from /Users/louisekirkham/Documents/linkedin_learning/Ex_Files_Data_Engineering_Foundations/airflow_env/lib/python3.9/site-packages/airflow/example_dags/example_xcom.py
[2022-03-18 17:23:52,376] {processor.py:654} INFO - DAG(s) dict_keys(['example_xcom']) retrieved from /Users/louisekirkham/Documents/linkedin_learning/Ex_Files_Data_Engineering_Foundations/airflow_env/lib/python3.9/site-packages/airflow/example_dags/example_xcom.py
[2022-03-18 17:23:52,541] {logging_mixin.py:109} INFO - [2022-03-18 17:23:52,541] {dag.py:2398} INFO - Sync 1 DAGs
[2022-03-18 17:23:52,550] {logging_mixin.py:109} INFO - [2022-03-18 17:23:52,550] {dag.py:2937} INFO - Setting next_dagrun for example_xcom to 2021-01-01T00:00:00+00:00
[2022-03-18 17:23:52,556] {processor.py:171} INFO - Processing /Users/louisekirkham/Documents/linkedin_learning/Ex_Files_Data_Engineering_Foundations/airflow_env/lib/python3.9/site-packages/airflow/example_dags/example_xcom.py took 0.221 seconds
[2022-03-18 17:25:09,919] {processor.py:163} INFO - Started process (PID=47600) to work on /Users/louisekirkham/Documents/linkedin_learning/Ex_Files_Data_Engineering_Foundations/airflow_env/lib/python3.9/site-packages/airflow/example_dags/example_xcom.py
[2022-03-18 17:25:09,919] {processor.py:642} INFO - Processing file /Users/louisekirkham/Documents/linkedin_learning/Ex_Files_Data_Engineering_Foundations/airflow_env/lib/python3.9/site-packages/airflow/example_dags/example_xcom.py for tasks to queue
[2022-03-18 17:25:09,920] {logging_mixin.py:109} INFO - [2022-03-18 17:25:09,920] {dagbag.py:500} INFO - Filling up the DagBag from /Users/louisekirkham/Documents/linkedin_learning/Ex_Files_Data_Engineering_Foundations/airflow_env/lib/python3.9/site-packages/airflow/example_dags/example_xcom.py
[2022-03-18 17:25:09,964] {processor.py:654} INFO - DAG(s) dict_keys(['example_xcom']) retrieved from /Users/louisekirkham/Documents/linkedin_learning/Ex_Files_Data_Engineering_Foundations/airflow_env/lib/python3.9/site-packages/airflow/example_dags/example_xcom.py
[2022-03-18 17:25:10,162] {logging_mixin.py:109} INFO - [2022-03-18 17:25:10,161] {dag.py:2398} INFO - Sync 1 DAGs
[2022-03-18 17:25:10,172] {logging_mixin.py:109} INFO - [2022-03-18 17:25:10,172] {dag.py:2937} INFO - Setting next_dagrun for example_xcom to 2021-01-01T00:00:00+00:00
[2022-03-18 17:25:10,181] {processor.py:171} INFO - Processing /Users/louisekirkham/Documents/linkedin_learning/Ex_Files_Data_Engineering_Foundations/airflow_env/lib/python3.9/site-packages/airflow/example_dags/example_xcom.py took 0.263 seconds
[2022-03-18 17:25:56,741] {processor.py:163} INFO - Started process (PID=47639) to work on /Users/louisekirkham/Documents/linkedin_learning/Ex_Files_Data_Engineering_Foundations/airflow_env/lib/python3.9/site-packages/airflow/example_dags/example_xcom.py
[2022-03-18 17:25:56,741] {processor.py:642} INFO - Processing file /Users/louisekirkham/Documents/linkedin_learning/Ex_Files_Data_Engineering_Foundations/airflow_env/lib/python3.9/site-packages/airflow/example_dags/example_xcom.py for tasks to queue
[2022-03-18 17:25:56,741] {logging_mixin.py:109} INFO - [2022-03-18 17:25:56,741] {dagbag.py:500} INFO - Filling up the DagBag from /Users/louisekirkham/Documents/linkedin_learning/Ex_Files_Data_Engineering_Foundations/airflow_env/lib/python3.9/site-packages/airflow/example_dags/example_xcom.py
[2022-03-18 17:25:56,788] {processor.py:654} INFO - DAG(s) dict_keys(['example_xcom']) retrieved from /Users/louisekirkham/Documents/linkedin_learning/Ex_Files_Data_Engineering_Foundations/airflow_env/lib/python3.9/site-packages/airflow/example_dags/example_xcom.py
[2022-03-18 17:25:56,972] {logging_mixin.py:109} INFO - [2022-03-18 17:25:56,972] {dag.py:2398} INFO - Sync 1 DAGs
[2022-03-18 17:25:56,981] {logging_mixin.py:109} INFO - [2022-03-18 17:25:56,981] {dag.py:2937} INFO - Setting next_dagrun for example_xcom to 2021-01-01T00:00:00+00:00
[2022-03-18 17:25:56,989] {processor.py:171} INFO - Processing /Users/louisekirkham/Documents/linkedin_learning/Ex_Files_Data_Engineering_Foundations/airflow_env/lib/python3.9/site-packages/airflow/example_dags/example_xcom.py took 0.249 seconds
[2022-03-18 17:28:20,638] {processor.py:163} INFO - Started process (PID=47742) to work on /Users/louisekirkham/Documents/linkedin_learning/Ex_Files_Data_Engineering_Foundations/airflow_env/lib/python3.9/site-packages/airflow/example_dags/example_xcom.py
[2022-03-18 17:28:20,639] {processor.py:642} INFO - Processing file /Users/louisekirkham/Documents/linkedin_learning/Ex_Files_Data_Engineering_Foundations/airflow_env/lib/python3.9/site-packages/airflow/example_dags/example_xcom.py for tasks to queue
[2022-03-18 17:28:20,639] {logging_mixin.py:109} INFO - [2022-03-18 17:28:20,639] {dagbag.py:500} INFO - Filling up the DagBag from /Users/louisekirkham/Documents/linkedin_learning/Ex_Files_Data_Engineering_Foundations/airflow_env/lib/python3.9/site-packages/airflow/example_dags/example_xcom.py
[2022-03-18 17:28:20,679] {processor.py:654} INFO - DAG(s) dict_keys(['example_xcom']) retrieved from /Users/louisekirkham/Documents/linkedin_learning/Ex_Files_Data_Engineering_Foundations/airflow_env/lib/python3.9/site-packages/airflow/example_dags/example_xcom.py
[2022-03-18 17:28:20,841] {logging_mixin.py:109} INFO - [2022-03-18 17:28:20,840] {dag.py:2398} INFO - Sync 1 DAGs
[2022-03-18 17:28:20,849] {logging_mixin.py:109} INFO - [2022-03-18 17:28:20,849] {dag.py:2937} INFO - Setting next_dagrun for example_xcom to 2021-01-01T00:00:00+00:00
[2022-03-18 17:28:20,858] {processor.py:171} INFO - Processing /Users/louisekirkham/Documents/linkedin_learning/Ex_Files_Data_Engineering_Foundations/airflow_env/lib/python3.9/site-packages/airflow/example_dags/example_xcom.py took 0.220 seconds
[2022-03-18 17:30:26,390] {processor.py:163} INFO - Started process (PID=47842) to work on /Users/louisekirkham/Documents/linkedin_learning/Ex_Files_Data_Engineering_Foundations/airflow_env/lib/python3.9/site-packages/airflow/example_dags/example_xcom.py
[2022-03-18 17:30:26,390] {processor.py:642} INFO - Processing file /Users/louisekirkham/Documents/linkedin_learning/Ex_Files_Data_Engineering_Foundations/airflow_env/lib/python3.9/site-packages/airflow/example_dags/example_xcom.py for tasks to queue
[2022-03-18 17:30:26,391] {logging_mixin.py:109} INFO - [2022-03-18 17:30:26,391] {dagbag.py:500} INFO - Filling up the DagBag from /Users/louisekirkham/Documents/linkedin_learning/Ex_Files_Data_Engineering_Foundations/airflow_env/lib/python3.9/site-packages/airflow/example_dags/example_xcom.py
[2022-03-18 17:30:26,438] {processor.py:654} INFO - DAG(s) dict_keys(['example_xcom']) retrieved from /Users/louisekirkham/Documents/linkedin_learning/Ex_Files_Data_Engineering_Foundations/airflow_env/lib/python3.9/site-packages/airflow/example_dags/example_xcom.py
[2022-03-18 17:30:26,609] {logging_mixin.py:109} INFO - [2022-03-18 17:30:26,609] {dag.py:2398} INFO - Sync 1 DAGs
[2022-03-18 17:30:26,618] {logging_mixin.py:109} INFO - [2022-03-18 17:30:26,617] {dag.py:2937} INFO - Setting next_dagrun for example_xcom to 2021-01-01T00:00:00+00:00
[2022-03-18 17:30:26,625] {processor.py:171} INFO - Processing /Users/louisekirkham/Documents/linkedin_learning/Ex_Files_Data_Engineering_Foundations/airflow_env/lib/python3.9/site-packages/airflow/example_dags/example_xcom.py took 0.236 seconds
[2022-03-18 17:31:39,061] {processor.py:163} INFO - Started process (PID=47920) to work on /Users/louisekirkham/Documents/linkedin_learning/Ex_Files_Data_Engineering_Foundations/airflow_env/lib/python3.9/site-packages/airflow/example_dags/example_xcom.py
[2022-03-18 17:31:39,061] {processor.py:642} INFO - Processing file /Users/louisekirkham/Documents/linkedin_learning/Ex_Files_Data_Engineering_Foundations/airflow_env/lib/python3.9/site-packages/airflow/example_dags/example_xcom.py for tasks to queue
[2022-03-18 17:31:39,062] {logging_mixin.py:109} INFO - [2022-03-18 17:31:39,062] {dagbag.py:500} INFO - Filling up the DagBag from /Users/louisekirkham/Documents/linkedin_learning/Ex_Files_Data_Engineering_Foundations/airflow_env/lib/python3.9/site-packages/airflow/example_dags/example_xcom.py
[2022-03-18 17:31:39,105] {processor.py:654} INFO - DAG(s) dict_keys(['example_xcom']) retrieved from /Users/louisekirkham/Documents/linkedin_learning/Ex_Files_Data_Engineering_Foundations/airflow_env/lib/python3.9/site-packages/airflow/example_dags/example_xcom.py
[2022-03-18 17:31:39,288] {logging_mixin.py:109} INFO - [2022-03-18 17:31:39,288] {dag.py:2398} INFO - Sync 1 DAGs
[2022-03-18 17:31:39,296] {logging_mixin.py:109} INFO - [2022-03-18 17:31:39,296] {dag.py:2937} INFO - Setting next_dagrun for example_xcom to 2021-01-01T00:00:00+00:00
[2022-03-18 17:31:39,304] {processor.py:171} INFO - Processing /Users/louisekirkham/Documents/linkedin_learning/Ex_Files_Data_Engineering_Foundations/airflow_env/lib/python3.9/site-packages/airflow/example_dags/example_xcom.py took 0.243 seconds
[2022-03-18 17:32:52,133] {processor.py:163} INFO - Started process (PID=47978) to work on /Users/louisekirkham/Documents/linkedin_learning/Ex_Files_Data_Engineering_Foundations/airflow_env/lib/python3.9/site-packages/airflow/example_dags/example_xcom.py
[2022-03-18 17:32:52,135] {processor.py:642} INFO - Processing file /Users/louisekirkham/Documents/linkedin_learning/Ex_Files_Data_Engineering_Foundations/airflow_env/lib/python3.9/site-packages/airflow/example_dags/example_xcom.py for tasks to queue
[2022-03-18 17:32:52,136] {logging_mixin.py:109} INFO - [2022-03-18 17:32:52,135] {dagbag.py:500} INFO - Filling up the DagBag from /Users/louisekirkham/Documents/linkedin_learning/Ex_Files_Data_Engineering_Foundations/airflow_env/lib/python3.9/site-packages/airflow/example_dags/example_xcom.py
[2022-03-18 17:32:52,183] {processor.py:654} INFO - DAG(s) dict_keys(['example_xcom']) retrieved from /Users/louisekirkham/Documents/linkedin_learning/Ex_Files_Data_Engineering_Foundations/airflow_env/lib/python3.9/site-packages/airflow/example_dags/example_xcom.py
[2022-03-18 17:32:52,378] {logging_mixin.py:109} INFO - [2022-03-18 17:32:52,378] {dag.py:2398} INFO - Sync 1 DAGs
[2022-03-18 17:32:52,386] {logging_mixin.py:109} INFO - [2022-03-18 17:32:52,386] {dag.py:2937} INFO - Setting next_dagrun for example_xcom to 2021-01-01T00:00:00+00:00
[2022-03-18 17:32:52,392] {processor.py:171} INFO - Processing /Users/louisekirkham/Documents/linkedin_learning/Ex_Files_Data_Engineering_Foundations/airflow_env/lib/python3.9/site-packages/airflow/example_dags/example_xcom.py took 0.261 seconds
[2022-03-18 17:34:13,329] {processor.py:163} INFO - Started process (PID=48444) to work on /Users/louisekirkham/Documents/linkedin_learning/Ex_Files_Data_Engineering_Foundations/airflow_env/lib/python3.9/site-packages/airflow/example_dags/example_xcom.py
[2022-03-18 17:34:13,330] {processor.py:642} INFO - Processing file /Users/louisekirkham/Documents/linkedin_learning/Ex_Files_Data_Engineering_Foundations/airflow_env/lib/python3.9/site-packages/airflow/example_dags/example_xcom.py for tasks to queue
[2022-03-18 17:34:13,330] {logging_mixin.py:109} INFO - [2022-03-18 17:34:13,330] {dagbag.py:500} INFO - Filling up the DagBag from /Users/louisekirkham/Documents/linkedin_learning/Ex_Files_Data_Engineering_Foundations/airflow_env/lib/python3.9/site-packages/airflow/example_dags/example_xcom.py
[2022-03-18 17:34:13,377] {processor.py:654} INFO - DAG(s) dict_keys(['example_xcom']) retrieved from /Users/louisekirkham/Documents/linkedin_learning/Ex_Files_Data_Engineering_Foundations/airflow_env/lib/python3.9/site-packages/airflow/example_dags/example_xcom.py
[2022-03-18 17:34:13,577] {logging_mixin.py:109} INFO - [2022-03-18 17:34:13,577] {dag.py:2398} INFO - Sync 1 DAGs
[2022-03-18 17:34:13,585] {logging_mixin.py:109} INFO - [2022-03-18 17:34:13,585] {dag.py:2937} INFO - Setting next_dagrun for example_xcom to 2021-01-01T00:00:00+00:00
[2022-03-18 17:34:13,593] {processor.py:171} INFO - Processing /Users/louisekirkham/Documents/linkedin_learning/Ex_Files_Data_Engineering_Foundations/airflow_env/lib/python3.9/site-packages/airflow/example_dags/example_xcom.py took 0.264 seconds
[2022-03-18 17:35:35,804] {processor.py:163} INFO - Started process (PID=48528) to work on /Users/louisekirkham/Documents/linkedin_learning/Ex_Files_Data_Engineering_Foundations/airflow_env/lib/python3.9/site-packages/airflow/example_dags/example_xcom.py
[2022-03-18 17:35:35,804] {processor.py:642} INFO - Processing file /Users/louisekirkham/Documents/linkedin_learning/Ex_Files_Data_Engineering_Foundations/airflow_env/lib/python3.9/site-packages/airflow/example_dags/example_xcom.py for tasks to queue
[2022-03-18 17:35:35,804] {logging_mixin.py:109} INFO - [2022-03-18 17:35:35,804] {dagbag.py:500} INFO - Filling up the DagBag from /Users/louisekirkham/Documents/linkedin_learning/Ex_Files_Data_Engineering_Foundations/airflow_env/lib/python3.9/site-packages/airflow/example_dags/example_xcom.py
[2022-03-18 17:35:35,843] {processor.py:654} INFO - DAG(s) dict_keys(['example_xcom']) retrieved from /Users/louisekirkham/Documents/linkedin_learning/Ex_Files_Data_Engineering_Foundations/airflow_env/lib/python3.9/site-packages/airflow/example_dags/example_xcom.py
[2022-03-18 17:35:36,005] {logging_mixin.py:109} INFO - [2022-03-18 17:35:36,005] {dag.py:2398} INFO - Sync 1 DAGs
[2022-03-18 17:35:36,014] {logging_mixin.py:109} INFO - [2022-03-18 17:35:36,014] {dag.py:2937} INFO - Setting next_dagrun for example_xcom to 2021-01-01T00:00:00+00:00
[2022-03-18 17:35:36,020] {processor.py:171} INFO - Processing /Users/louisekirkham/Documents/linkedin_learning/Ex_Files_Data_Engineering_Foundations/airflow_env/lib/python3.9/site-packages/airflow/example_dags/example_xcom.py took 0.217 seconds
[2022-03-18 17:36:59,955] {processor.py:163} INFO - Started process (PID=48612) to work on /Users/louisekirkham/Documents/linkedin_learning/Ex_Files_Data_Engineering_Foundations/airflow_env/lib/python3.9/site-packages/airflow/example_dags/example_xcom.py
[2022-03-18 17:36:59,955] {processor.py:642} INFO - Processing file /Users/louisekirkham/Documents/linkedin_learning/Ex_Files_Data_Engineering_Foundations/airflow_env/lib/python3.9/site-packages/airflow/example_dags/example_xcom.py for tasks to queue
[2022-03-18 17:36:59,955] {logging_mixin.py:109} INFO - [2022-03-18 17:36:59,955] {dagbag.py:500} INFO - Filling up the DagBag from /Users/louisekirkham/Documents/linkedin_learning/Ex_Files_Data_Engineering_Foundations/airflow_env/lib/python3.9/site-packages/airflow/example_dags/example_xcom.py
[2022-03-18 17:36:59,992] {processor.py:654} INFO - DAG(s) dict_keys(['example_xcom']) retrieved from /Users/louisekirkham/Documents/linkedin_learning/Ex_Files_Data_Engineering_Foundations/airflow_env/lib/python3.9/site-packages/airflow/example_dags/example_xcom.py
[2022-03-18 17:37:00,162] {logging_mixin.py:109} INFO - [2022-03-18 17:37:00,162] {dag.py:2398} INFO - Sync 1 DAGs
[2022-03-18 17:37:00,170] {logging_mixin.py:109} INFO - [2022-03-18 17:37:00,170] {dag.py:2937} INFO - Setting next_dagrun for example_xcom to 2021-01-01T00:00:00+00:00
[2022-03-18 17:37:00,178] {processor.py:171} INFO - Processing /Users/louisekirkham/Documents/linkedin_learning/Ex_Files_Data_Engineering_Foundations/airflow_env/lib/python3.9/site-packages/airflow/example_dags/example_xcom.py took 0.224 seconds
[2022-03-18 17:38:23,873] {processor.py:163} INFO - Started process (PID=48672) to work on /Users/louisekirkham/Documents/linkedin_learning/Ex_Files_Data_Engineering_Foundations/airflow_env/lib/python3.9/site-packages/airflow/example_dags/example_xcom.py
[2022-03-18 17:38:23,873] {processor.py:642} INFO - Processing file /Users/louisekirkham/Documents/linkedin_learning/Ex_Files_Data_Engineering_Foundations/airflow_env/lib/python3.9/site-packages/airflow/example_dags/example_xcom.py for tasks to queue
[2022-03-18 17:38:23,874] {logging_mixin.py:109} INFO - [2022-03-18 17:38:23,874] {dagbag.py:500} INFO - Filling up the DagBag from /Users/louisekirkham/Documents/linkedin_learning/Ex_Files_Data_Engineering_Foundations/airflow_env/lib/python3.9/site-packages/airflow/example_dags/example_xcom.py
[2022-03-18 17:38:23,920] {processor.py:654} INFO - DAG(s) dict_keys(['example_xcom']) retrieved from /Users/louisekirkham/Documents/linkedin_learning/Ex_Files_Data_Engineering_Foundations/airflow_env/lib/python3.9/site-packages/airflow/example_dags/example_xcom.py
[2022-03-18 17:38:24,125] {logging_mixin.py:109} INFO - [2022-03-18 17:38:24,125] {dag.py:2398} INFO - Sync 1 DAGs
[2022-03-18 17:38:24,133] {logging_mixin.py:109} INFO - [2022-03-18 17:38:24,133] {dag.py:2937} INFO - Setting next_dagrun for example_xcom to 2021-01-01T00:00:00+00:00
[2022-03-18 17:38:24,142] {processor.py:171} INFO - Processing /Users/louisekirkham/Documents/linkedin_learning/Ex_Files_Data_Engineering_Foundations/airflow_env/lib/python3.9/site-packages/airflow/example_dags/example_xcom.py took 0.270 seconds
[2022-03-18 17:39:51,330] {processor.py:163} INFO - Started process (PID=48751) to work on /Users/louisekirkham/Documents/linkedin_learning/Ex_Files_Data_Engineering_Foundations/airflow_env/lib/python3.9/site-packages/airflow/example_dags/example_xcom.py
[2022-03-18 17:39:51,331] {processor.py:642} INFO - Processing file /Users/louisekirkham/Documents/linkedin_learning/Ex_Files_Data_Engineering_Foundations/airflow_env/lib/python3.9/site-packages/airflow/example_dags/example_xcom.py for tasks to queue
[2022-03-18 17:39:51,332] {logging_mixin.py:109} INFO - [2022-03-18 17:39:51,332] {dagbag.py:500} INFO - Filling up the DagBag from /Users/louisekirkham/Documents/linkedin_learning/Ex_Files_Data_Engineering_Foundations/airflow_env/lib/python3.9/site-packages/airflow/example_dags/example_xcom.py
[2022-03-18 17:39:51,374] {processor.py:654} INFO - DAG(s) dict_keys(['example_xcom']) retrieved from /Users/louisekirkham/Documents/linkedin_learning/Ex_Files_Data_Engineering_Foundations/airflow_env/lib/python3.9/site-packages/airflow/example_dags/example_xcom.py
[2022-03-18 17:39:51,547] {logging_mixin.py:109} INFO - [2022-03-18 17:39:51,547] {dag.py:2398} INFO - Sync 1 DAGs
[2022-03-18 17:39:51,556] {logging_mixin.py:109} INFO - [2022-03-18 17:39:51,556] {dag.py:2937} INFO - Setting next_dagrun for example_xcom to 2021-01-01T00:00:00+00:00
[2022-03-18 17:39:51,566] {processor.py:171} INFO - Processing /Users/louisekirkham/Documents/linkedin_learning/Ex_Files_Data_Engineering_Foundations/airflow_env/lib/python3.9/site-packages/airflow/example_dags/example_xcom.py took 0.236 seconds
[2022-03-18 17:41:12,748] {processor.py:163} INFO - Started process (PID=48841) to work on /Users/louisekirkham/Documents/linkedin_learning/Ex_Files_Data_Engineering_Foundations/airflow_env/lib/python3.9/site-packages/airflow/example_dags/example_xcom.py
[2022-03-18 17:41:12,749] {processor.py:642} INFO - Processing file /Users/louisekirkham/Documents/linkedin_learning/Ex_Files_Data_Engineering_Foundations/airflow_env/lib/python3.9/site-packages/airflow/example_dags/example_xcom.py for tasks to queue
[2022-03-18 17:41:12,749] {logging_mixin.py:109} INFO - [2022-03-18 17:41:12,749] {dagbag.py:500} INFO - Filling up the DagBag from /Users/louisekirkham/Documents/linkedin_learning/Ex_Files_Data_Engineering_Foundations/airflow_env/lib/python3.9/site-packages/airflow/example_dags/example_xcom.py
[2022-03-18 17:41:12,793] {processor.py:654} INFO - DAG(s) dict_keys(['example_xcom']) retrieved from /Users/louisekirkham/Documents/linkedin_learning/Ex_Files_Data_Engineering_Foundations/airflow_env/lib/python3.9/site-packages/airflow/example_dags/example_xcom.py
[2022-03-18 17:41:12,977] {logging_mixin.py:109} INFO - [2022-03-18 17:41:12,977] {dag.py:2398} INFO - Sync 1 DAGs
[2022-03-18 17:41:12,987] {logging_mixin.py:109} INFO - [2022-03-18 17:41:12,987] {dag.py:2937} INFO - Setting next_dagrun for example_xcom to 2021-01-01T00:00:00+00:00
[2022-03-18 17:41:12,995] {processor.py:171} INFO - Processing /Users/louisekirkham/Documents/linkedin_learning/Ex_Files_Data_Engineering_Foundations/airflow_env/lib/python3.9/site-packages/airflow/example_dags/example_xcom.py took 0.247 seconds
[2022-03-18 17:42:36,256] {processor.py:163} INFO - Started process (PID=48924) to work on /Users/louisekirkham/Documents/linkedin_learning/Ex_Files_Data_Engineering_Foundations/airflow_env/lib/python3.9/site-packages/airflow/example_dags/example_xcom.py
[2022-03-18 17:42:36,256] {processor.py:642} INFO - Processing file /Users/louisekirkham/Documents/linkedin_learning/Ex_Files_Data_Engineering_Foundations/airflow_env/lib/python3.9/site-packages/airflow/example_dags/example_xcom.py for tasks to queue
[2022-03-18 17:42:36,256] {logging_mixin.py:109} INFO - [2022-03-18 17:42:36,256] {dagbag.py:500} INFO - Filling up the DagBag from /Users/louisekirkham/Documents/linkedin_learning/Ex_Files_Data_Engineering_Foundations/airflow_env/lib/python3.9/site-packages/airflow/example_dags/example_xcom.py
[2022-03-18 17:42:36,295] {processor.py:654} INFO - DAG(s) dict_keys(['example_xcom']) retrieved from /Users/louisekirkham/Documents/linkedin_learning/Ex_Files_Data_Engineering_Foundations/airflow_env/lib/python3.9/site-packages/airflow/example_dags/example_xcom.py
[2022-03-18 17:42:36,461] {logging_mixin.py:109} INFO - [2022-03-18 17:42:36,460] {dag.py:2398} INFO - Sync 1 DAGs
[2022-03-18 17:42:36,468] {logging_mixin.py:109} INFO - [2022-03-18 17:42:36,468] {dag.py:2937} INFO - Setting next_dagrun for example_xcom to 2021-01-01T00:00:00+00:00
[2022-03-18 17:42:36,477] {processor.py:171} INFO - Processing /Users/louisekirkham/Documents/linkedin_learning/Ex_Files_Data_Engineering_Foundations/airflow_env/lib/python3.9/site-packages/airflow/example_dags/example_xcom.py took 0.221 seconds
[2022-03-18 17:43:57,794] {processor.py:163} INFO - Started process (PID=48985) to work on /Users/louisekirkham/Documents/linkedin_learning/Ex_Files_Data_Engineering_Foundations/airflow_env/lib/python3.9/site-packages/airflow/example_dags/example_xcom.py
[2022-03-18 17:43:57,795] {processor.py:642} INFO - Processing file /Users/louisekirkham/Documents/linkedin_learning/Ex_Files_Data_Engineering_Foundations/airflow_env/lib/python3.9/site-packages/airflow/example_dags/example_xcom.py for tasks to queue
[2022-03-18 17:43:57,795] {logging_mixin.py:109} INFO - [2022-03-18 17:43:57,795] {dagbag.py:500} INFO - Filling up the DagBag from /Users/louisekirkham/Documents/linkedin_learning/Ex_Files_Data_Engineering_Foundations/airflow_env/lib/python3.9/site-packages/airflow/example_dags/example_xcom.py
[2022-03-18 17:43:57,831] {processor.py:654} INFO - DAG(s) dict_keys(['example_xcom']) retrieved from /Users/louisekirkham/Documents/linkedin_learning/Ex_Files_Data_Engineering_Foundations/airflow_env/lib/python3.9/site-packages/airflow/example_dags/example_xcom.py
[2022-03-18 17:43:57,985] {logging_mixin.py:109} INFO - [2022-03-18 17:43:57,985] {dag.py:2398} INFO - Sync 1 DAGs
[2022-03-18 17:43:57,994] {logging_mixin.py:109} INFO - [2022-03-18 17:43:57,994] {dag.py:2937} INFO - Setting next_dagrun for example_xcom to 2021-01-01T00:00:00+00:00
[2022-03-18 17:43:58,000] {processor.py:171} INFO - Processing /Users/louisekirkham/Documents/linkedin_learning/Ex_Files_Data_Engineering_Foundations/airflow_env/lib/python3.9/site-packages/airflow/example_dags/example_xcom.py took 0.206 seconds
[2022-03-18 17:45:22,636] {processor.py:163} INFO - Started process (PID=49047) to work on /Users/louisekirkham/Documents/linkedin_learning/Ex_Files_Data_Engineering_Foundations/airflow_env/lib/python3.9/site-packages/airflow/example_dags/example_xcom.py
[2022-03-18 17:45:22,636] {processor.py:642} INFO - Processing file /Users/louisekirkham/Documents/linkedin_learning/Ex_Files_Data_Engineering_Foundations/airflow_env/lib/python3.9/site-packages/airflow/example_dags/example_xcom.py for tasks to queue
[2022-03-18 17:45:22,637] {logging_mixin.py:109} INFO - [2022-03-18 17:45:22,637] {dagbag.py:500} INFO - Filling up the DagBag from /Users/louisekirkham/Documents/linkedin_learning/Ex_Files_Data_Engineering_Foundations/airflow_env/lib/python3.9/site-packages/airflow/example_dags/example_xcom.py
[2022-03-18 17:45:22,677] {processor.py:654} INFO - DAG(s) dict_keys(['example_xcom']) retrieved from /Users/louisekirkham/Documents/linkedin_learning/Ex_Files_Data_Engineering_Foundations/airflow_env/lib/python3.9/site-packages/airflow/example_dags/example_xcom.py
[2022-03-18 17:45:22,851] {logging_mixin.py:109} INFO - [2022-03-18 17:45:22,850] {dag.py:2398} INFO - Sync 1 DAGs
[2022-03-18 17:45:22,858] {logging_mixin.py:109} INFO - [2022-03-18 17:45:22,858] {dag.py:2937} INFO - Setting next_dagrun for example_xcom to 2021-01-01T00:00:00+00:00
[2022-03-18 17:45:22,865] {processor.py:171} INFO - Processing /Users/louisekirkham/Documents/linkedin_learning/Ex_Files_Data_Engineering_Foundations/airflow_env/lib/python3.9/site-packages/airflow/example_dags/example_xcom.py took 0.230 seconds
[2022-03-18 17:46:45,548] {processor.py:163} INFO - Started process (PID=49115) to work on /Users/louisekirkham/Documents/linkedin_learning/Ex_Files_Data_Engineering_Foundations/airflow_env/lib/python3.9/site-packages/airflow/example_dags/example_xcom.py
[2022-03-18 17:46:45,549] {processor.py:642} INFO - Processing file /Users/louisekirkham/Documents/linkedin_learning/Ex_Files_Data_Engineering_Foundations/airflow_env/lib/python3.9/site-packages/airflow/example_dags/example_xcom.py for tasks to queue
[2022-03-18 17:46:45,549] {logging_mixin.py:109} INFO - [2022-03-18 17:46:45,549] {dagbag.py:500} INFO - Filling up the DagBag from /Users/louisekirkham/Documents/linkedin_learning/Ex_Files_Data_Engineering_Foundations/airflow_env/lib/python3.9/site-packages/airflow/example_dags/example_xcom.py
[2022-03-18 17:46:45,593] {processor.py:654} INFO - DAG(s) dict_keys(['example_xcom']) retrieved from /Users/louisekirkham/Documents/linkedin_learning/Ex_Files_Data_Engineering_Foundations/airflow_env/lib/python3.9/site-packages/airflow/example_dags/example_xcom.py
[2022-03-18 17:46:45,787] {logging_mixin.py:109} INFO - [2022-03-18 17:46:45,787] {dag.py:2398} INFO - Sync 1 DAGs
[2022-03-18 17:46:45,796] {logging_mixin.py:109} INFO - [2022-03-18 17:46:45,796] {dag.py:2937} INFO - Setting next_dagrun for example_xcom to 2021-01-01T00:00:00+00:00
[2022-03-18 17:46:45,803] {processor.py:171} INFO - Processing /Users/louisekirkham/Documents/linkedin_learning/Ex_Files_Data_Engineering_Foundations/airflow_env/lib/python3.9/site-packages/airflow/example_dags/example_xcom.py took 0.256 seconds
[2022-03-18 17:48:09,623] {processor.py:163} INFO - Started process (PID=49199) to work on /Users/louisekirkham/Documents/linkedin_learning/Ex_Files_Data_Engineering_Foundations/airflow_env/lib/python3.9/site-packages/airflow/example_dags/example_xcom.py
[2022-03-18 17:48:09,623] {processor.py:642} INFO - Processing file /Users/louisekirkham/Documents/linkedin_learning/Ex_Files_Data_Engineering_Foundations/airflow_env/lib/python3.9/site-packages/airflow/example_dags/example_xcom.py for tasks to queue
[2022-03-18 17:48:09,623] {logging_mixin.py:109} INFO - [2022-03-18 17:48:09,623] {dagbag.py:500} INFO - Filling up the DagBag from /Users/louisekirkham/Documents/linkedin_learning/Ex_Files_Data_Engineering_Foundations/airflow_env/lib/python3.9/site-packages/airflow/example_dags/example_xcom.py
[2022-03-18 17:48:09,669] {processor.py:654} INFO - DAG(s) dict_keys(['example_xcom']) retrieved from /Users/louisekirkham/Documents/linkedin_learning/Ex_Files_Data_Engineering_Foundations/airflow_env/lib/python3.9/site-packages/airflow/example_dags/example_xcom.py
[2022-03-18 17:48:09,867] {logging_mixin.py:109} INFO - [2022-03-18 17:48:09,867] {dag.py:2398} INFO - Sync 1 DAGs
[2022-03-18 17:48:09,877] {logging_mixin.py:109} INFO - [2022-03-18 17:48:09,877] {dag.py:2937} INFO - Setting next_dagrun for example_xcom to 2021-01-01T00:00:00+00:00
[2022-03-18 17:48:09,885] {processor.py:171} INFO - Processing /Users/louisekirkham/Documents/linkedin_learning/Ex_Files_Data_Engineering_Foundations/airflow_env/lib/python3.9/site-packages/airflow/example_dags/example_xcom.py took 0.262 seconds
[2022-03-18 17:49:34,583] {processor.py:163} INFO - Started process (PID=50941) to work on /Users/louisekirkham/Documents/linkedin_learning/Ex_Files_Data_Engineering_Foundations/airflow_env/lib/python3.9/site-packages/airflow/example_dags/example_xcom.py
[2022-03-18 17:49:34,583] {processor.py:642} INFO - Processing file /Users/louisekirkham/Documents/linkedin_learning/Ex_Files_Data_Engineering_Foundations/airflow_env/lib/python3.9/site-packages/airflow/example_dags/example_xcom.py for tasks to queue
[2022-03-18 17:49:34,584] {logging_mixin.py:109} INFO - [2022-03-18 17:49:34,584] {dagbag.py:500} INFO - Filling up the DagBag from /Users/louisekirkham/Documents/linkedin_learning/Ex_Files_Data_Engineering_Foundations/airflow_env/lib/python3.9/site-packages/airflow/example_dags/example_xcom.py
[2022-03-18 17:49:34,628] {processor.py:654} INFO - DAG(s) dict_keys(['example_xcom']) retrieved from /Users/louisekirkham/Documents/linkedin_learning/Ex_Files_Data_Engineering_Foundations/airflow_env/lib/python3.9/site-packages/airflow/example_dags/example_xcom.py
[2022-03-18 17:49:34,814] {logging_mixin.py:109} INFO - [2022-03-18 17:49:34,814] {dag.py:2398} INFO - Sync 1 DAGs
[2022-03-18 17:49:34,823] {logging_mixin.py:109} INFO - [2022-03-18 17:49:34,823] {dag.py:2937} INFO - Setting next_dagrun for example_xcom to 2021-01-01T00:00:00+00:00
[2022-03-18 17:49:34,831] {processor.py:171} INFO - Processing /Users/louisekirkham/Documents/linkedin_learning/Ex_Files_Data_Engineering_Foundations/airflow_env/lib/python3.9/site-packages/airflow/example_dags/example_xcom.py took 0.249 seconds
[2022-03-18 17:51:00,813] {processor.py:163} INFO - Started process (PID=51027) to work on /Users/louisekirkham/Documents/linkedin_learning/Ex_Files_Data_Engineering_Foundations/airflow_env/lib/python3.9/site-packages/airflow/example_dags/example_xcom.py
[2022-03-18 17:51:00,813] {processor.py:642} INFO - Processing file /Users/louisekirkham/Documents/linkedin_learning/Ex_Files_Data_Engineering_Foundations/airflow_env/lib/python3.9/site-packages/airflow/example_dags/example_xcom.py for tasks to queue
[2022-03-18 17:51:00,813] {logging_mixin.py:109} INFO - [2022-03-18 17:51:00,813] {dagbag.py:500} INFO - Filling up the DagBag from /Users/louisekirkham/Documents/linkedin_learning/Ex_Files_Data_Engineering_Foundations/airflow_env/lib/python3.9/site-packages/airflow/example_dags/example_xcom.py
[2022-03-18 17:51:00,854] {processor.py:654} INFO - DAG(s) dict_keys(['example_xcom']) retrieved from /Users/louisekirkham/Documents/linkedin_learning/Ex_Files_Data_Engineering_Foundations/airflow_env/lib/python3.9/site-packages/airflow/example_dags/example_xcom.py
[2022-03-18 17:51:01,020] {logging_mixin.py:109} INFO - [2022-03-18 17:51:01,020] {dag.py:2398} INFO - Sync 1 DAGs
[2022-03-18 17:51:01,028] {logging_mixin.py:109} INFO - [2022-03-18 17:51:01,028] {dag.py:2937} INFO - Setting next_dagrun for example_xcom to 2021-01-01T00:00:00+00:00
[2022-03-18 17:51:01,036] {processor.py:171} INFO - Processing /Users/louisekirkham/Documents/linkedin_learning/Ex_Files_Data_Engineering_Foundations/airflow_env/lib/python3.9/site-packages/airflow/example_dags/example_xcom.py took 0.224 seconds
[2022-03-18 17:52:24,955] {processor.py:163} INFO - Started process (PID=51091) to work on /Users/louisekirkham/Documents/linkedin_learning/Ex_Files_Data_Engineering_Foundations/airflow_env/lib/python3.9/site-packages/airflow/example_dags/example_xcom.py
[2022-03-18 17:52:24,957] {processor.py:642} INFO - Processing file /Users/louisekirkham/Documents/linkedin_learning/Ex_Files_Data_Engineering_Foundations/airflow_env/lib/python3.9/site-packages/airflow/example_dags/example_xcom.py for tasks to queue
[2022-03-18 17:52:24,957] {logging_mixin.py:109} INFO - [2022-03-18 17:52:24,957] {dagbag.py:500} INFO - Filling up the DagBag from /Users/louisekirkham/Documents/linkedin_learning/Ex_Files_Data_Engineering_Foundations/airflow_env/lib/python3.9/site-packages/airflow/example_dags/example_xcom.py
[2022-03-18 17:52:25,000] {processor.py:654} INFO - DAG(s) dict_keys(['example_xcom']) retrieved from /Users/louisekirkham/Documents/linkedin_learning/Ex_Files_Data_Engineering_Foundations/airflow_env/lib/python3.9/site-packages/airflow/example_dags/example_xcom.py
[2022-03-18 17:52:25,168] {logging_mixin.py:109} INFO - [2022-03-18 17:52:25,168] {dag.py:2398} INFO - Sync 1 DAGs
[2022-03-18 17:52:25,175] {logging_mixin.py:109} INFO - [2022-03-18 17:52:25,175] {dag.py:2937} INFO - Setting next_dagrun for example_xcom to 2021-01-01T00:00:00+00:00
[2022-03-18 17:52:25,183] {processor.py:171} INFO - Processing /Users/louisekirkham/Documents/linkedin_learning/Ex_Files_Data_Engineering_Foundations/airflow_env/lib/python3.9/site-packages/airflow/example_dags/example_xcom.py took 0.229 seconds
[2022-03-18 17:53:46,663] {processor.py:163} INFO - Started process (PID=51154) to work on /Users/louisekirkham/Documents/linkedin_learning/Ex_Files_Data_Engineering_Foundations/airflow_env/lib/python3.9/site-packages/airflow/example_dags/example_xcom.py
[2022-03-18 17:53:46,664] {processor.py:642} INFO - Processing file /Users/louisekirkham/Documents/linkedin_learning/Ex_Files_Data_Engineering_Foundations/airflow_env/lib/python3.9/site-packages/airflow/example_dags/example_xcom.py for tasks to queue
[2022-03-18 17:53:46,664] {logging_mixin.py:109} INFO - [2022-03-18 17:53:46,664] {dagbag.py:500} INFO - Filling up the DagBag from /Users/louisekirkham/Documents/linkedin_learning/Ex_Files_Data_Engineering_Foundations/airflow_env/lib/python3.9/site-packages/airflow/example_dags/example_xcom.py
[2022-03-18 17:53:46,720] {processor.py:654} INFO - DAG(s) dict_keys(['example_xcom']) retrieved from /Users/louisekirkham/Documents/linkedin_learning/Ex_Files_Data_Engineering_Foundations/airflow_env/lib/python3.9/site-packages/airflow/example_dags/example_xcom.py
[2022-03-18 17:53:46,929] {logging_mixin.py:109} INFO - [2022-03-18 17:53:46,929] {dag.py:2398} INFO - Sync 1 DAGs
[2022-03-18 17:53:46,938] {logging_mixin.py:109} INFO - [2022-03-18 17:53:46,938] {dag.py:2937} INFO - Setting next_dagrun for example_xcom to 2021-01-01T00:00:00+00:00
[2022-03-18 17:53:46,947] {processor.py:171} INFO - Processing /Users/louisekirkham/Documents/linkedin_learning/Ex_Files_Data_Engineering_Foundations/airflow_env/lib/python3.9/site-packages/airflow/example_dags/example_xcom.py took 0.285 seconds
[2022-03-18 17:55:08,995] {processor.py:163} INFO - Started process (PID=51223) to work on /Users/louisekirkham/Documents/linkedin_learning/Ex_Files_Data_Engineering_Foundations/airflow_env/lib/python3.9/site-packages/airflow/example_dags/example_xcom.py
[2022-03-18 17:55:08,997] {processor.py:642} INFO - Processing file /Users/louisekirkham/Documents/linkedin_learning/Ex_Files_Data_Engineering_Foundations/airflow_env/lib/python3.9/site-packages/airflow/example_dags/example_xcom.py for tasks to queue
[2022-03-18 17:55:08,997] {logging_mixin.py:109} INFO - [2022-03-18 17:55:08,997] {dagbag.py:500} INFO - Filling up the DagBag from /Users/louisekirkham/Documents/linkedin_learning/Ex_Files_Data_Engineering_Foundations/airflow_env/lib/python3.9/site-packages/airflow/example_dags/example_xcom.py
[2022-03-18 17:55:09,036] {processor.py:654} INFO - DAG(s) dict_keys(['example_xcom']) retrieved from /Users/louisekirkham/Documents/linkedin_learning/Ex_Files_Data_Engineering_Foundations/airflow_env/lib/python3.9/site-packages/airflow/example_dags/example_xcom.py
[2022-03-18 17:55:09,197] {logging_mixin.py:109} INFO - [2022-03-18 17:55:09,197] {dag.py:2398} INFO - Sync 1 DAGs
[2022-03-18 17:55:09,205] {logging_mixin.py:109} INFO - [2022-03-18 17:55:09,204] {dag.py:2937} INFO - Setting next_dagrun for example_xcom to 2021-01-01T00:00:00+00:00
[2022-03-18 17:55:09,212] {processor.py:171} INFO - Processing /Users/louisekirkham/Documents/linkedin_learning/Ex_Files_Data_Engineering_Foundations/airflow_env/lib/python3.9/site-packages/airflow/example_dags/example_xcom.py took 0.218 seconds
[2022-03-18 17:56:35,477] {processor.py:163} INFO - Started process (PID=51289) to work on /Users/louisekirkham/Documents/linkedin_learning/Ex_Files_Data_Engineering_Foundations/airflow_env/lib/python3.9/site-packages/airflow/example_dags/example_xcom.py
[2022-03-18 17:56:35,478] {processor.py:642} INFO - Processing file /Users/louisekirkham/Documents/linkedin_learning/Ex_Files_Data_Engineering_Foundations/airflow_env/lib/python3.9/site-packages/airflow/example_dags/example_xcom.py for tasks to queue
[2022-03-18 17:56:35,478] {logging_mixin.py:109} INFO - [2022-03-18 17:56:35,478] {dagbag.py:500} INFO - Filling up the DagBag from /Users/louisekirkham/Documents/linkedin_learning/Ex_Files_Data_Engineering_Foundations/airflow_env/lib/python3.9/site-packages/airflow/example_dags/example_xcom.py
[2022-03-18 17:56:35,526] {processor.py:654} INFO - DAG(s) dict_keys(['example_xcom']) retrieved from /Users/louisekirkham/Documents/linkedin_learning/Ex_Files_Data_Engineering_Foundations/airflow_env/lib/python3.9/site-packages/airflow/example_dags/example_xcom.py
[2022-03-18 17:56:35,723] {logging_mixin.py:109} INFO - [2022-03-18 17:56:35,723] {dag.py:2398} INFO - Sync 1 DAGs
[2022-03-18 17:56:35,734] {logging_mixin.py:109} INFO - [2022-03-18 17:56:35,734] {dag.py:2937} INFO - Setting next_dagrun for example_xcom to 2021-01-01T00:00:00+00:00
[2022-03-18 17:56:35,744] {processor.py:171} INFO - Processing /Users/louisekirkham/Documents/linkedin_learning/Ex_Files_Data_Engineering_Foundations/airflow_env/lib/python3.9/site-packages/airflow/example_dags/example_xcom.py took 0.268 seconds
[2022-03-18 17:58:03,971] {processor.py:163} INFO - Started process (PID=51381) to work on /Users/louisekirkham/Documents/linkedin_learning/Ex_Files_Data_Engineering_Foundations/airflow_env/lib/python3.9/site-packages/airflow/example_dags/example_xcom.py
[2022-03-18 17:58:03,972] {processor.py:642} INFO - Processing file /Users/louisekirkham/Documents/linkedin_learning/Ex_Files_Data_Engineering_Foundations/airflow_env/lib/python3.9/site-packages/airflow/example_dags/example_xcom.py for tasks to queue
[2022-03-18 17:58:03,972] {logging_mixin.py:109} INFO - [2022-03-18 17:58:03,972] {dagbag.py:500} INFO - Filling up the DagBag from /Users/louisekirkham/Documents/linkedin_learning/Ex_Files_Data_Engineering_Foundations/airflow_env/lib/python3.9/site-packages/airflow/example_dags/example_xcom.py
[2022-03-18 17:58:04,016] {processor.py:654} INFO - DAG(s) dict_keys(['example_xcom']) retrieved from /Users/louisekirkham/Documents/linkedin_learning/Ex_Files_Data_Engineering_Foundations/airflow_env/lib/python3.9/site-packages/airflow/example_dags/example_xcom.py
[2022-03-18 17:58:04,189] {logging_mixin.py:109} INFO - [2022-03-18 17:58:04,189] {dag.py:2398} INFO - Sync 1 DAGs
[2022-03-18 17:58:04,197] {logging_mixin.py:109} INFO - [2022-03-18 17:58:04,197] {dag.py:2937} INFO - Setting next_dagrun for example_xcom to 2021-01-01T00:00:00+00:00
[2022-03-18 17:58:04,204] {processor.py:171} INFO - Processing /Users/louisekirkham/Documents/linkedin_learning/Ex_Files_Data_Engineering_Foundations/airflow_env/lib/python3.9/site-packages/airflow/example_dags/example_xcom.py took 0.234 seconds
[2022-03-18 17:59:35,732] {processor.py:163} INFO - Started process (PID=51516) to work on /Users/louisekirkham/Documents/linkedin_learning/Ex_Files_Data_Engineering_Foundations/airflow_env/lib/python3.9/site-packages/airflow/example_dags/example_xcom.py
[2022-03-18 17:59:35,733] {processor.py:642} INFO - Processing file /Users/louisekirkham/Documents/linkedin_learning/Ex_Files_Data_Engineering_Foundations/airflow_env/lib/python3.9/site-packages/airflow/example_dags/example_xcom.py for tasks to queue
[2022-03-18 17:59:35,733] {logging_mixin.py:109} INFO - [2022-03-18 17:59:35,733] {dagbag.py:500} INFO - Filling up the DagBag from /Users/louisekirkham/Documents/linkedin_learning/Ex_Files_Data_Engineering_Foundations/airflow_env/lib/python3.9/site-packages/airflow/example_dags/example_xcom.py
[2022-03-18 17:59:35,784] {processor.py:654} INFO - DAG(s) dict_keys(['example_xcom']) retrieved from /Users/louisekirkham/Documents/linkedin_learning/Ex_Files_Data_Engineering_Foundations/airflow_env/lib/python3.9/site-packages/airflow/example_dags/example_xcom.py
[2022-03-18 17:59:36,003] {logging_mixin.py:109} INFO - [2022-03-18 17:59:36,003] {dag.py:2398} INFO - Sync 1 DAGs
[2022-03-18 17:59:36,014] {logging_mixin.py:109} INFO - [2022-03-18 17:59:36,014] {dag.py:2937} INFO - Setting next_dagrun for example_xcom to 2021-01-01T00:00:00+00:00
[2022-03-18 17:59:36,022] {processor.py:171} INFO - Processing /Users/louisekirkham/Documents/linkedin_learning/Ex_Files_Data_Engineering_Foundations/airflow_env/lib/python3.9/site-packages/airflow/example_dags/example_xcom.py took 0.291 seconds
[2022-03-18 21:01:30,046] {processor.py:163} INFO - Started process (PID=51622) to work on /Users/louisekirkham/Documents/linkedin_learning/Ex_Files_Data_Engineering_Foundations/airflow_env/lib/python3.9/site-packages/airflow/example_dags/example_xcom.py
[2022-03-18 21:01:30,048] {processor.py:642} INFO - Processing file /Users/louisekirkham/Documents/linkedin_learning/Ex_Files_Data_Engineering_Foundations/airflow_env/lib/python3.9/site-packages/airflow/example_dags/example_xcom.py for tasks to queue
[2022-03-18 21:01:30,049] {logging_mixin.py:109} INFO - [2022-03-18 21:01:30,048] {dagbag.py:500} INFO - Filling up the DagBag from /Users/louisekirkham/Documents/linkedin_learning/Ex_Files_Data_Engineering_Foundations/airflow_env/lib/python3.9/site-packages/airflow/example_dags/example_xcom.py
[2022-03-18 21:01:30,086] {processor.py:654} INFO - DAG(s) dict_keys(['example_xcom']) retrieved from /Users/louisekirkham/Documents/linkedin_learning/Ex_Files_Data_Engineering_Foundations/airflow_env/lib/python3.9/site-packages/airflow/example_dags/example_xcom.py
[2022-03-18 21:01:30,256] {logging_mixin.py:109} INFO - [2022-03-18 21:01:30,256] {dag.py:2398} INFO - Sync 1 DAGs
[2022-03-18 21:01:30,263] {logging_mixin.py:109} INFO - [2022-03-18 21:01:30,263] {dag.py:2937} INFO - Setting next_dagrun for example_xcom to 2021-01-01T00:00:00+00:00
[2022-03-18 21:01:30,269] {processor.py:171} INFO - Processing /Users/louisekirkham/Documents/linkedin_learning/Ex_Files_Data_Engineering_Foundations/airflow_env/lib/python3.9/site-packages/airflow/example_dags/example_xcom.py took 0.224 seconds
