[2022-03-18 10:36:48,327] {processor.py:163} INFO - Started process (PID=46327) to work on /Users/louisekirkham/Documents/linkedin_learning/Ex_Files_Data_Engineering_Foundations/airflow_env/lib/python3.9/site-packages/airflow/example_dags/tutorial.py
[2022-03-18 10:36:48,328] {processor.py:642} INFO - Processing file /Users/louisekirkham/Documents/linkedin_learning/Ex_Files_Data_Engineering_Foundations/airflow_env/lib/python3.9/site-packages/airflow/example_dags/tutorial.py for tasks to queue
[2022-03-18 10:36:48,328] {logging_mixin.py:109} INFO - [2022-03-18 10:36:48,328] {dagbag.py:500} INFO - Filling up the DagBag from /Users/louisekirkham/Documents/linkedin_learning/Ex_Files_Data_Engineering_Foundations/airflow_env/lib/python3.9/site-packages/airflow/example_dags/tutorial.py
[2022-03-18 10:36:48,362] {processor.py:654} INFO - DAG(s) dict_keys(['tutorial']) retrieved from /Users/louisekirkham/Documents/linkedin_learning/Ex_Files_Data_Engineering_Foundations/airflow_env/lib/python3.9/site-packages/airflow/example_dags/tutorial.py
[2022-03-18 10:36:48,380] {logging_mixin.py:109} INFO - [2022-03-18 10:36:48,379] {dag.py:2398} INFO - Sync 1 DAGs
[2022-03-18 10:36:48,389] {logging_mixin.py:109} INFO - [2022-03-18 10:36:48,389] {dag.py:2937} INFO - Setting next_dagrun for tutorial to 2022-03-17T10:36:48.388923+00:00
[2022-03-18 10:36:48,397] {processor.py:171} INFO - Processing /Users/louisekirkham/Documents/linkedin_learning/Ex_Files_Data_Engineering_Foundations/airflow_env/lib/python3.9/site-packages/airflow/example_dags/tutorial.py took 0.070 seconds
[2022-03-18 10:38:00,246] {processor.py:163} INFO - Started process (PID=46461) to work on /Users/louisekirkham/Documents/linkedin_learning/Ex_Files_Data_Engineering_Foundations/airflow_env/lib/python3.9/site-packages/airflow/example_dags/tutorial.py
[2022-03-18 10:38:00,246] {processor.py:642} INFO - Processing file /Users/louisekirkham/Documents/linkedin_learning/Ex_Files_Data_Engineering_Foundations/airflow_env/lib/python3.9/site-packages/airflow/example_dags/tutorial.py for tasks to queue
[2022-03-18 10:38:00,247] {logging_mixin.py:109} INFO - [2022-03-18 10:38:00,247] {dagbag.py:500} INFO - Filling up the DagBag from /Users/louisekirkham/Documents/linkedin_learning/Ex_Files_Data_Engineering_Foundations/airflow_env/lib/python3.9/site-packages/airflow/example_dags/tutorial.py
[2022-03-18 10:38:00,274] {processor.py:654} INFO - DAG(s) dict_keys(['tutorial']) retrieved from /Users/louisekirkham/Documents/linkedin_learning/Ex_Files_Data_Engineering_Foundations/airflow_env/lib/python3.9/site-packages/airflow/example_dags/tutorial.py
[2022-03-18 10:38:00,288] {logging_mixin.py:109} INFO - [2022-03-18 10:38:00,288] {dag.py:2398} INFO - Sync 1 DAGs
[2022-03-18 10:38:00,294] {logging_mixin.py:109} INFO - [2022-03-18 10:38:00,294] {dag.py:2937} INFO - Setting next_dagrun for tutorial to 2022-03-17T10:38:00.294770+00:00
[2022-03-18 10:38:00,302] {processor.py:171} INFO - Processing /Users/louisekirkham/Documents/linkedin_learning/Ex_Files_Data_Engineering_Foundations/airflow_env/lib/python3.9/site-packages/airflow/example_dags/tutorial.py took 0.056 seconds
[2022-03-18 10:38:43,774] {processor.py:163} INFO - Started process (PID=46492) to work on /Users/louisekirkham/Documents/linkedin_learning/Ex_Files_Data_Engineering_Foundations/airflow_env/lib/python3.9/site-packages/airflow/example_dags/tutorial.py
[2022-03-18 10:38:43,775] {processor.py:642} INFO - Processing file /Users/louisekirkham/Documents/linkedin_learning/Ex_Files_Data_Engineering_Foundations/airflow_env/lib/python3.9/site-packages/airflow/example_dags/tutorial.py for tasks to queue
[2022-03-18 10:38:43,775] {logging_mixin.py:109} INFO - [2022-03-18 10:38:43,775] {dagbag.py:500} INFO - Filling up the DagBag from /Users/louisekirkham/Documents/linkedin_learning/Ex_Files_Data_Engineering_Foundations/airflow_env/lib/python3.9/site-packages/airflow/example_dags/tutorial.py
[2022-03-18 10:38:43,809] {processor.py:654} INFO - DAG(s) dict_keys(['tutorial']) retrieved from /Users/louisekirkham/Documents/linkedin_learning/Ex_Files_Data_Engineering_Foundations/airflow_env/lib/python3.9/site-packages/airflow/example_dags/tutorial.py
[2022-03-18 10:38:43,827] {logging_mixin.py:109} INFO - [2022-03-18 10:38:43,826] {dag.py:2398} INFO - Sync 1 DAGs
[2022-03-18 10:38:43,836] {logging_mixin.py:109} INFO - [2022-03-18 10:38:43,836] {dag.py:2937} INFO - Setting next_dagrun for tutorial to 2022-03-17T10:38:43.836191+00:00
[2022-03-18 10:38:43,844] {processor.py:171} INFO - Processing /Users/louisekirkham/Documents/linkedin_learning/Ex_Files_Data_Engineering_Foundations/airflow_env/lib/python3.9/site-packages/airflow/example_dags/tutorial.py took 0.071 seconds
[2022-03-18 17:05:29,810] {processor.py:163} INFO - Started process (PID=46646) to work on /Users/louisekirkham/Documents/linkedin_learning/Ex_Files_Data_Engineering_Foundations/airflow_env/lib/python3.9/site-packages/airflow/example_dags/tutorial.py
[2022-03-18 17:05:29,811] {processor.py:642} INFO - Processing file /Users/louisekirkham/Documents/linkedin_learning/Ex_Files_Data_Engineering_Foundations/airflow_env/lib/python3.9/site-packages/airflow/example_dags/tutorial.py for tasks to queue
[2022-03-18 17:05:29,811] {logging_mixin.py:109} INFO - [2022-03-18 17:05:29,811] {dagbag.py:500} INFO - Filling up the DagBag from /Users/louisekirkham/Documents/linkedin_learning/Ex_Files_Data_Engineering_Foundations/airflow_env/lib/python3.9/site-packages/airflow/example_dags/tutorial.py
[2022-03-18 17:05:29,863] {processor.py:654} INFO - DAG(s) dict_keys(['tutorial']) retrieved from /Users/louisekirkham/Documents/linkedin_learning/Ex_Files_Data_Engineering_Foundations/airflow_env/lib/python3.9/site-packages/airflow/example_dags/tutorial.py
[2022-03-18 17:05:29,886] {logging_mixin.py:109} INFO - [2022-03-18 17:05:29,886] {dag.py:2398} INFO - Sync 1 DAGs
[2022-03-18 17:05:29,896] {logging_mixin.py:109} INFO - [2022-03-18 17:05:29,896] {dag.py:2937} INFO - Setting next_dagrun for tutorial to 2022-03-17T17:05:29.895905+00:00
[2022-03-18 17:05:29,904] {processor.py:171} INFO - Processing /Users/louisekirkham/Documents/linkedin_learning/Ex_Files_Data_Engineering_Foundations/airflow_env/lib/python3.9/site-packages/airflow/example_dags/tutorial.py took 0.094 seconds
[2022-03-18 17:06:16,105] {processor.py:163} INFO - Started process (PID=46728) to work on /Users/louisekirkham/Documents/linkedin_learning/Ex_Files_Data_Engineering_Foundations/airflow_env/lib/python3.9/site-packages/airflow/example_dags/tutorial.py
[2022-03-18 17:06:16,105] {processor.py:642} INFO - Processing file /Users/louisekirkham/Documents/linkedin_learning/Ex_Files_Data_Engineering_Foundations/airflow_env/lib/python3.9/site-packages/airflow/example_dags/tutorial.py for tasks to queue
[2022-03-18 17:06:16,105] {logging_mixin.py:109} INFO - [2022-03-18 17:06:16,105] {dagbag.py:500} INFO - Filling up the DagBag from /Users/louisekirkham/Documents/linkedin_learning/Ex_Files_Data_Engineering_Foundations/airflow_env/lib/python3.9/site-packages/airflow/example_dags/tutorial.py
[2022-03-18 17:06:16,138] {processor.py:654} INFO - DAG(s) dict_keys(['tutorial']) retrieved from /Users/louisekirkham/Documents/linkedin_learning/Ex_Files_Data_Engineering_Foundations/airflow_env/lib/python3.9/site-packages/airflow/example_dags/tutorial.py
[2022-03-18 17:06:16,154] {logging_mixin.py:109} INFO - [2022-03-18 17:06:16,154] {dag.py:2398} INFO - Sync 1 DAGs
[2022-03-18 17:06:16,162] {logging_mixin.py:109} INFO - [2022-03-18 17:06:16,162] {dag.py:2937} INFO - Setting next_dagrun for tutorial to 2022-03-17T17:06:16.162431+00:00
[2022-03-18 17:06:16,170] {processor.py:171} INFO - Processing /Users/louisekirkham/Documents/linkedin_learning/Ex_Files_Data_Engineering_Foundations/airflow_env/lib/python3.9/site-packages/airflow/example_dags/tutorial.py took 0.066 seconds
[2022-03-18 17:07:02,287] {processor.py:163} INFO - Started process (PID=46770) to work on /Users/louisekirkham/Documents/linkedin_learning/Ex_Files_Data_Engineering_Foundations/airflow_env/lib/python3.9/site-packages/airflow/example_dags/tutorial.py
[2022-03-18 17:07:02,287] {processor.py:642} INFO - Processing file /Users/louisekirkham/Documents/linkedin_learning/Ex_Files_Data_Engineering_Foundations/airflow_env/lib/python3.9/site-packages/airflow/example_dags/tutorial.py for tasks to queue
[2022-03-18 17:07:02,287] {logging_mixin.py:109} INFO - [2022-03-18 17:07:02,287] {dagbag.py:500} INFO - Filling up the DagBag from /Users/louisekirkham/Documents/linkedin_learning/Ex_Files_Data_Engineering_Foundations/airflow_env/lib/python3.9/site-packages/airflow/example_dags/tutorial.py
[2022-03-18 17:07:02,315] {processor.py:654} INFO - DAG(s) dict_keys(['tutorial']) retrieved from /Users/louisekirkham/Documents/linkedin_learning/Ex_Files_Data_Engineering_Foundations/airflow_env/lib/python3.9/site-packages/airflow/example_dags/tutorial.py
[2022-03-18 17:07:02,329] {logging_mixin.py:109} INFO - [2022-03-18 17:07:02,328] {dag.py:2398} INFO - Sync 1 DAGs
[2022-03-18 17:07:02,336] {logging_mixin.py:109} INFO - [2022-03-18 17:07:02,336] {dag.py:2937} INFO - Setting next_dagrun for tutorial to 2022-03-17T17:07:02.336568+00:00
[2022-03-18 17:07:02,343] {processor.py:171} INFO - Processing /Users/louisekirkham/Documents/linkedin_learning/Ex_Files_Data_Engineering_Foundations/airflow_env/lib/python3.9/site-packages/airflow/example_dags/tutorial.py took 0.057 seconds
[2022-03-18 17:07:45,041] {processor.py:163} INFO - Started process (PID=46810) to work on /Users/louisekirkham/Documents/linkedin_learning/Ex_Files_Data_Engineering_Foundations/airflow_env/lib/python3.9/site-packages/airflow/example_dags/tutorial.py
[2022-03-18 17:07:45,042] {processor.py:642} INFO - Processing file /Users/louisekirkham/Documents/linkedin_learning/Ex_Files_Data_Engineering_Foundations/airflow_env/lib/python3.9/site-packages/airflow/example_dags/tutorial.py for tasks to queue
[2022-03-18 17:07:45,042] {logging_mixin.py:109} INFO - [2022-03-18 17:07:45,042] {dagbag.py:500} INFO - Filling up the DagBag from /Users/louisekirkham/Documents/linkedin_learning/Ex_Files_Data_Engineering_Foundations/airflow_env/lib/python3.9/site-packages/airflow/example_dags/tutorial.py
[2022-03-18 17:07:45,069] {processor.py:654} INFO - DAG(s) dict_keys(['tutorial']) retrieved from /Users/louisekirkham/Documents/linkedin_learning/Ex_Files_Data_Engineering_Foundations/airflow_env/lib/python3.9/site-packages/airflow/example_dags/tutorial.py
[2022-03-18 17:07:45,082] {logging_mixin.py:109} INFO - [2022-03-18 17:07:45,082] {dag.py:2398} INFO - Sync 1 DAGs
[2022-03-18 17:07:45,089] {logging_mixin.py:109} INFO - [2022-03-18 17:07:45,089] {dag.py:2937} INFO - Setting next_dagrun for tutorial to 2022-03-17T17:07:45.089341+00:00
[2022-03-18 17:07:45,096] {processor.py:171} INFO - Processing /Users/louisekirkham/Documents/linkedin_learning/Ex_Files_Data_Engineering_Foundations/airflow_env/lib/python3.9/site-packages/airflow/example_dags/tutorial.py took 0.055 seconds
[2022-03-18 17:08:27,929] {processor.py:163} INFO - Started process (PID=46845) to work on /Users/louisekirkham/Documents/linkedin_learning/Ex_Files_Data_Engineering_Foundations/airflow_env/lib/python3.9/site-packages/airflow/example_dags/tutorial.py
[2022-03-18 17:08:27,930] {processor.py:642} INFO - Processing file /Users/louisekirkham/Documents/linkedin_learning/Ex_Files_Data_Engineering_Foundations/airflow_env/lib/python3.9/site-packages/airflow/example_dags/tutorial.py for tasks to queue
[2022-03-18 17:08:27,930] {logging_mixin.py:109} INFO - [2022-03-18 17:08:27,930] {dagbag.py:500} INFO - Filling up the DagBag from /Users/louisekirkham/Documents/linkedin_learning/Ex_Files_Data_Engineering_Foundations/airflow_env/lib/python3.9/site-packages/airflow/example_dags/tutorial.py
[2022-03-18 17:08:27,959] {processor.py:654} INFO - DAG(s) dict_keys(['tutorial']) retrieved from /Users/louisekirkham/Documents/linkedin_learning/Ex_Files_Data_Engineering_Foundations/airflow_env/lib/python3.9/site-packages/airflow/example_dags/tutorial.py
[2022-03-18 17:08:27,974] {logging_mixin.py:109} INFO - [2022-03-18 17:08:27,974] {dag.py:2398} INFO - Sync 1 DAGs
[2022-03-18 17:08:27,983] {logging_mixin.py:109} INFO - [2022-03-18 17:08:27,983] {dag.py:2937} INFO - Setting next_dagrun for tutorial to 2022-03-17T17:08:27.983576+00:00
[2022-03-18 17:08:27,990] {processor.py:171} INFO - Processing /Users/louisekirkham/Documents/linkedin_learning/Ex_Files_Data_Engineering_Foundations/airflow_env/lib/python3.9/site-packages/airflow/example_dags/tutorial.py took 0.062 seconds
[2022-03-18 17:09:13,708] {processor.py:163} INFO - Started process (PID=46889) to work on /Users/louisekirkham/Documents/linkedin_learning/Ex_Files_Data_Engineering_Foundations/airflow_env/lib/python3.9/site-packages/airflow/example_dags/tutorial.py
[2022-03-18 17:09:13,709] {processor.py:642} INFO - Processing file /Users/louisekirkham/Documents/linkedin_learning/Ex_Files_Data_Engineering_Foundations/airflow_env/lib/python3.9/site-packages/airflow/example_dags/tutorial.py for tasks to queue
[2022-03-18 17:09:13,709] {logging_mixin.py:109} INFO - [2022-03-18 17:09:13,709] {dagbag.py:500} INFO - Filling up the DagBag from /Users/louisekirkham/Documents/linkedin_learning/Ex_Files_Data_Engineering_Foundations/airflow_env/lib/python3.9/site-packages/airflow/example_dags/tutorial.py
[2022-03-18 17:09:13,739] {processor.py:654} INFO - DAG(s) dict_keys(['tutorial']) retrieved from /Users/louisekirkham/Documents/linkedin_learning/Ex_Files_Data_Engineering_Foundations/airflow_env/lib/python3.9/site-packages/airflow/example_dags/tutorial.py
[2022-03-18 17:09:13,753] {logging_mixin.py:109} INFO - [2022-03-18 17:09:13,753] {dag.py:2398} INFO - Sync 1 DAGs
[2022-03-18 17:09:13,760] {logging_mixin.py:109} INFO - [2022-03-18 17:09:13,760] {dag.py:2937} INFO - Setting next_dagrun for tutorial to 2022-03-17T17:09:13.760610+00:00
[2022-03-18 17:09:13,767] {processor.py:171} INFO - Processing /Users/louisekirkham/Documents/linkedin_learning/Ex_Files_Data_Engineering_Foundations/airflow_env/lib/python3.9/site-packages/airflow/example_dags/tutorial.py took 0.059 seconds
[2022-03-18 17:09:56,625] {processor.py:163} INFO - Started process (PID=46915) to work on /Users/louisekirkham/Documents/linkedin_learning/Ex_Files_Data_Engineering_Foundations/airflow_env/lib/python3.9/site-packages/airflow/example_dags/tutorial.py
[2022-03-18 17:09:56,626] {processor.py:642} INFO - Processing file /Users/louisekirkham/Documents/linkedin_learning/Ex_Files_Data_Engineering_Foundations/airflow_env/lib/python3.9/site-packages/airflow/example_dags/tutorial.py for tasks to queue
[2022-03-18 17:09:56,627] {logging_mixin.py:109} INFO - [2022-03-18 17:09:56,626] {dagbag.py:500} INFO - Filling up the DagBag from /Users/louisekirkham/Documents/linkedin_learning/Ex_Files_Data_Engineering_Foundations/airflow_env/lib/python3.9/site-packages/airflow/example_dags/tutorial.py
[2022-03-18 17:09:56,655] {processor.py:654} INFO - DAG(s) dict_keys(['tutorial']) retrieved from /Users/louisekirkham/Documents/linkedin_learning/Ex_Files_Data_Engineering_Foundations/airflow_env/lib/python3.9/site-packages/airflow/example_dags/tutorial.py
[2022-03-18 17:09:56,668] {logging_mixin.py:109} INFO - [2022-03-18 17:09:56,668] {dag.py:2398} INFO - Sync 1 DAGs
[2022-03-18 17:09:56,676] {logging_mixin.py:109} INFO - [2022-03-18 17:09:56,676] {dag.py:2937} INFO - Setting next_dagrun for tutorial to 2022-03-17T17:09:56.676055+00:00
[2022-03-18 17:09:56,682] {processor.py:171} INFO - Processing /Users/louisekirkham/Documents/linkedin_learning/Ex_Files_Data_Engineering_Foundations/airflow_env/lib/python3.9/site-packages/airflow/example_dags/tutorial.py took 0.058 seconds
[2022-03-18 17:10:51,099] {processor.py:163} INFO - Started process (PID=46956) to work on /Users/louisekirkham/Documents/linkedin_learning/Ex_Files_Data_Engineering_Foundations/airflow_env/lib/python3.9/site-packages/airflow/example_dags/tutorial.py
[2022-03-18 17:10:51,100] {processor.py:642} INFO - Processing file /Users/louisekirkham/Documents/linkedin_learning/Ex_Files_Data_Engineering_Foundations/airflow_env/lib/python3.9/site-packages/airflow/example_dags/tutorial.py for tasks to queue
[2022-03-18 17:10:51,101] {logging_mixin.py:109} INFO - [2022-03-18 17:10:51,100] {dagbag.py:500} INFO - Filling up the DagBag from /Users/louisekirkham/Documents/linkedin_learning/Ex_Files_Data_Engineering_Foundations/airflow_env/lib/python3.9/site-packages/airflow/example_dags/tutorial.py
[2022-03-18 17:10:51,156] {processor.py:654} INFO - DAG(s) dict_keys(['tutorial']) retrieved from /Users/louisekirkham/Documents/linkedin_learning/Ex_Files_Data_Engineering_Foundations/airflow_env/lib/python3.9/site-packages/airflow/example_dags/tutorial.py
[2022-03-18 17:10:51,175] {logging_mixin.py:109} INFO - [2022-03-18 17:10:51,175] {dag.py:2398} INFO - Sync 1 DAGs
[2022-03-18 17:10:51,188] {logging_mixin.py:109} INFO - [2022-03-18 17:10:51,188] {dag.py:2937} INFO - Setting next_dagrun for tutorial to 2022-03-17T17:10:51.188319+00:00
[2022-03-18 17:10:51,200] {processor.py:171} INFO - Processing /Users/louisekirkham/Documents/linkedin_learning/Ex_Files_Data_Engineering_Foundations/airflow_env/lib/python3.9/site-packages/airflow/example_dags/tutorial.py took 0.101 seconds
[2022-03-18 17:11:35,390] {processor.py:163} INFO - Started process (PID=46995) to work on /Users/louisekirkham/Documents/linkedin_learning/Ex_Files_Data_Engineering_Foundations/airflow_env/lib/python3.9/site-packages/airflow/example_dags/tutorial.py
[2022-03-18 17:11:35,391] {processor.py:642} INFO - Processing file /Users/louisekirkham/Documents/linkedin_learning/Ex_Files_Data_Engineering_Foundations/airflow_env/lib/python3.9/site-packages/airflow/example_dags/tutorial.py for tasks to queue
[2022-03-18 17:11:35,392] {logging_mixin.py:109} INFO - [2022-03-18 17:11:35,392] {dagbag.py:500} INFO - Filling up the DagBag from /Users/louisekirkham/Documents/linkedin_learning/Ex_Files_Data_Engineering_Foundations/airflow_env/lib/python3.9/site-packages/airflow/example_dags/tutorial.py
[2022-03-18 17:11:35,419] {processor.py:654} INFO - DAG(s) dict_keys(['tutorial']) retrieved from /Users/louisekirkham/Documents/linkedin_learning/Ex_Files_Data_Engineering_Foundations/airflow_env/lib/python3.9/site-packages/airflow/example_dags/tutorial.py
[2022-03-18 17:11:35,433] {logging_mixin.py:109} INFO - [2022-03-18 17:11:35,433] {dag.py:2398} INFO - Sync 1 DAGs
[2022-03-18 17:11:35,440] {logging_mixin.py:109} INFO - [2022-03-18 17:11:35,440] {dag.py:2937} INFO - Setting next_dagrun for tutorial to 2022-03-17T17:11:35.440223+00:00
[2022-03-18 17:11:35,447] {processor.py:171} INFO - Processing /Users/louisekirkham/Documents/linkedin_learning/Ex_Files_Data_Engineering_Foundations/airflow_env/lib/python3.9/site-packages/airflow/example_dags/tutorial.py took 0.057 seconds
[2022-03-18 17:12:17,612] {processor.py:163} INFO - Started process (PID=47032) to work on /Users/louisekirkham/Documents/linkedin_learning/Ex_Files_Data_Engineering_Foundations/airflow_env/lib/python3.9/site-packages/airflow/example_dags/tutorial.py
[2022-03-18 17:12:17,613] {processor.py:642} INFO - Processing file /Users/louisekirkham/Documents/linkedin_learning/Ex_Files_Data_Engineering_Foundations/airflow_env/lib/python3.9/site-packages/airflow/example_dags/tutorial.py for tasks to queue
[2022-03-18 17:12:17,614] {logging_mixin.py:109} INFO - [2022-03-18 17:12:17,614] {dagbag.py:500} INFO - Filling up the DagBag from /Users/louisekirkham/Documents/linkedin_learning/Ex_Files_Data_Engineering_Foundations/airflow_env/lib/python3.9/site-packages/airflow/example_dags/tutorial.py
[2022-03-18 17:12:17,652] {processor.py:654} INFO - DAG(s) dict_keys(['tutorial']) retrieved from /Users/louisekirkham/Documents/linkedin_learning/Ex_Files_Data_Engineering_Foundations/airflow_env/lib/python3.9/site-packages/airflow/example_dags/tutorial.py
[2022-03-18 17:12:17,669] {logging_mixin.py:109} INFO - [2022-03-18 17:12:17,669] {dag.py:2398} INFO - Sync 1 DAGs
[2022-03-18 17:12:17,679] {logging_mixin.py:109} INFO - [2022-03-18 17:12:17,679] {dag.py:2937} INFO - Setting next_dagrun for tutorial to 2022-03-17T17:12:17.679218+00:00
[2022-03-18 17:12:17,689] {processor.py:171} INFO - Processing /Users/louisekirkham/Documents/linkedin_learning/Ex_Files_Data_Engineering_Foundations/airflow_env/lib/python3.9/site-packages/airflow/example_dags/tutorial.py took 0.077 seconds
[2022-03-18 17:12:59,640] {processor.py:163} INFO - Started process (PID=47064) to work on /Users/louisekirkham/Documents/linkedin_learning/Ex_Files_Data_Engineering_Foundations/airflow_env/lib/python3.9/site-packages/airflow/example_dags/tutorial.py
[2022-03-18 17:12:59,641] {processor.py:642} INFO - Processing file /Users/louisekirkham/Documents/linkedin_learning/Ex_Files_Data_Engineering_Foundations/airflow_env/lib/python3.9/site-packages/airflow/example_dags/tutorial.py for tasks to queue
[2022-03-18 17:12:59,641] {logging_mixin.py:109} INFO - [2022-03-18 17:12:59,641] {dagbag.py:500} INFO - Filling up the DagBag from /Users/louisekirkham/Documents/linkedin_learning/Ex_Files_Data_Engineering_Foundations/airflow_env/lib/python3.9/site-packages/airflow/example_dags/tutorial.py
[2022-03-18 17:12:59,669] {processor.py:654} INFO - DAG(s) dict_keys(['tutorial']) retrieved from /Users/louisekirkham/Documents/linkedin_learning/Ex_Files_Data_Engineering_Foundations/airflow_env/lib/python3.9/site-packages/airflow/example_dags/tutorial.py
[2022-03-18 17:12:59,683] {logging_mixin.py:109} INFO - [2022-03-18 17:12:59,683] {dag.py:2398} INFO - Sync 1 DAGs
[2022-03-18 17:12:59,690] {logging_mixin.py:109} INFO - [2022-03-18 17:12:59,690] {dag.py:2937} INFO - Setting next_dagrun for tutorial to 2022-03-17T17:12:59.690528+00:00
[2022-03-18 17:12:59,697] {processor.py:171} INFO - Processing /Users/louisekirkham/Documents/linkedin_learning/Ex_Files_Data_Engineering_Foundations/airflow_env/lib/python3.9/site-packages/airflow/example_dags/tutorial.py took 0.058 seconds
[2022-03-18 17:13:41,817] {processor.py:163} INFO - Started process (PID=47099) to work on /Users/louisekirkham/Documents/linkedin_learning/Ex_Files_Data_Engineering_Foundations/airflow_env/lib/python3.9/site-packages/airflow/example_dags/tutorial.py
[2022-03-18 17:13:41,818] {processor.py:642} INFO - Processing file /Users/louisekirkham/Documents/linkedin_learning/Ex_Files_Data_Engineering_Foundations/airflow_env/lib/python3.9/site-packages/airflow/example_dags/tutorial.py for tasks to queue
[2022-03-18 17:13:41,819] {logging_mixin.py:109} INFO - [2022-03-18 17:13:41,819] {dagbag.py:500} INFO - Filling up the DagBag from /Users/louisekirkham/Documents/linkedin_learning/Ex_Files_Data_Engineering_Foundations/airflow_env/lib/python3.9/site-packages/airflow/example_dags/tutorial.py
[2022-03-18 17:13:41,848] {processor.py:654} INFO - DAG(s) dict_keys(['tutorial']) retrieved from /Users/louisekirkham/Documents/linkedin_learning/Ex_Files_Data_Engineering_Foundations/airflow_env/lib/python3.9/site-packages/airflow/example_dags/tutorial.py
[2022-03-18 17:13:41,864] {logging_mixin.py:109} INFO - [2022-03-18 17:13:41,863] {dag.py:2398} INFO - Sync 1 DAGs
[2022-03-18 17:13:41,871] {logging_mixin.py:109} INFO - [2022-03-18 17:13:41,871] {dag.py:2937} INFO - Setting next_dagrun for tutorial to 2022-03-17T17:13:41.870960+00:00
[2022-03-18 17:13:41,878] {processor.py:171} INFO - Processing /Users/louisekirkham/Documents/linkedin_learning/Ex_Files_Data_Engineering_Foundations/airflow_env/lib/python3.9/site-packages/airflow/example_dags/tutorial.py took 0.062 seconds
[2022-03-18 17:14:24,147] {processor.py:163} INFO - Started process (PID=47122) to work on /Users/louisekirkham/Documents/linkedin_learning/Ex_Files_Data_Engineering_Foundations/airflow_env/lib/python3.9/site-packages/airflow/example_dags/tutorial.py
[2022-03-18 17:14:24,149] {processor.py:642} INFO - Processing file /Users/louisekirkham/Documents/linkedin_learning/Ex_Files_Data_Engineering_Foundations/airflow_env/lib/python3.9/site-packages/airflow/example_dags/tutorial.py for tasks to queue
[2022-03-18 17:14:24,149] {logging_mixin.py:109} INFO - [2022-03-18 17:14:24,149] {dagbag.py:500} INFO - Filling up the DagBag from /Users/louisekirkham/Documents/linkedin_learning/Ex_Files_Data_Engineering_Foundations/airflow_env/lib/python3.9/site-packages/airflow/example_dags/tutorial.py
[2022-03-18 17:14:24,177] {processor.py:654} INFO - DAG(s) dict_keys(['tutorial']) retrieved from /Users/louisekirkham/Documents/linkedin_learning/Ex_Files_Data_Engineering_Foundations/airflow_env/lib/python3.9/site-packages/airflow/example_dags/tutorial.py
[2022-03-18 17:14:24,190] {logging_mixin.py:109} INFO - [2022-03-18 17:14:24,190] {dag.py:2398} INFO - Sync 1 DAGs
[2022-03-18 17:14:24,197] {logging_mixin.py:109} INFO - [2022-03-18 17:14:24,197] {dag.py:2937} INFO - Setting next_dagrun for tutorial to 2022-03-17T17:14:24.197097+00:00
[2022-03-18 17:14:24,203] {processor.py:171} INFO - Processing /Users/louisekirkham/Documents/linkedin_learning/Ex_Files_Data_Engineering_Foundations/airflow_env/lib/python3.9/site-packages/airflow/example_dags/tutorial.py took 0.056 seconds
[2022-03-18 17:15:06,931] {processor.py:163} INFO - Started process (PID=47159) to work on /Users/louisekirkham/Documents/linkedin_learning/Ex_Files_Data_Engineering_Foundations/airflow_env/lib/python3.9/site-packages/airflow/example_dags/tutorial.py
[2022-03-18 17:15:06,933] {processor.py:642} INFO - Processing file /Users/louisekirkham/Documents/linkedin_learning/Ex_Files_Data_Engineering_Foundations/airflow_env/lib/python3.9/site-packages/airflow/example_dags/tutorial.py for tasks to queue
[2022-03-18 17:15:06,934] {logging_mixin.py:109} INFO - [2022-03-18 17:15:06,933] {dagbag.py:500} INFO - Filling up the DagBag from /Users/louisekirkham/Documents/linkedin_learning/Ex_Files_Data_Engineering_Foundations/airflow_env/lib/python3.9/site-packages/airflow/example_dags/tutorial.py
[2022-03-18 17:15:06,962] {processor.py:654} INFO - DAG(s) dict_keys(['tutorial']) retrieved from /Users/louisekirkham/Documents/linkedin_learning/Ex_Files_Data_Engineering_Foundations/airflow_env/lib/python3.9/site-packages/airflow/example_dags/tutorial.py
[2022-03-18 17:15:06,975] {logging_mixin.py:109} INFO - [2022-03-18 17:15:06,975] {dag.py:2398} INFO - Sync 1 DAGs
[2022-03-18 17:15:06,983] {logging_mixin.py:109} INFO - [2022-03-18 17:15:06,983] {dag.py:2937} INFO - Setting next_dagrun for tutorial to 2022-03-17T17:15:06.983394+00:00
[2022-03-18 17:15:06,989] {processor.py:171} INFO - Processing /Users/louisekirkham/Documents/linkedin_learning/Ex_Files_Data_Engineering_Foundations/airflow_env/lib/python3.9/site-packages/airflow/example_dags/tutorial.py took 0.059 seconds
[2022-03-18 17:15:49,585] {processor.py:163} INFO - Started process (PID=47188) to work on /Users/louisekirkham/Documents/linkedin_learning/Ex_Files_Data_Engineering_Foundations/airflow_env/lib/python3.9/site-packages/airflow/example_dags/tutorial.py
[2022-03-18 17:15:49,586] {processor.py:642} INFO - Processing file /Users/louisekirkham/Documents/linkedin_learning/Ex_Files_Data_Engineering_Foundations/airflow_env/lib/python3.9/site-packages/airflow/example_dags/tutorial.py for tasks to queue
[2022-03-18 17:15:49,586] {logging_mixin.py:109} INFO - [2022-03-18 17:15:49,586] {dagbag.py:500} INFO - Filling up the DagBag from /Users/louisekirkham/Documents/linkedin_learning/Ex_Files_Data_Engineering_Foundations/airflow_env/lib/python3.9/site-packages/airflow/example_dags/tutorial.py
[2022-03-18 17:15:49,617] {processor.py:654} INFO - DAG(s) dict_keys(['tutorial']) retrieved from /Users/louisekirkham/Documents/linkedin_learning/Ex_Files_Data_Engineering_Foundations/airflow_env/lib/python3.9/site-packages/airflow/example_dags/tutorial.py
[2022-03-18 17:15:49,633] {logging_mixin.py:109} INFO - [2022-03-18 17:15:49,633] {dag.py:2398} INFO - Sync 1 DAGs
[2022-03-18 17:15:49,641] {logging_mixin.py:109} INFO - [2022-03-18 17:15:49,641] {dag.py:2937} INFO - Setting next_dagrun for tutorial to 2022-03-17T17:15:49.641588+00:00
[2022-03-18 17:15:49,648] {processor.py:171} INFO - Processing /Users/louisekirkham/Documents/linkedin_learning/Ex_Files_Data_Engineering_Foundations/airflow_env/lib/python3.9/site-packages/airflow/example_dags/tutorial.py took 0.064 seconds
[2022-03-18 17:16:31,624] {processor.py:163} INFO - Started process (PID=47235) to work on /Users/louisekirkham/Documents/linkedin_learning/Ex_Files_Data_Engineering_Foundations/airflow_env/lib/python3.9/site-packages/airflow/example_dags/tutorial.py
[2022-03-18 17:16:31,625] {processor.py:642} INFO - Processing file /Users/louisekirkham/Documents/linkedin_learning/Ex_Files_Data_Engineering_Foundations/airflow_env/lib/python3.9/site-packages/airflow/example_dags/tutorial.py for tasks to queue
[2022-03-18 17:16:31,625] {logging_mixin.py:109} INFO - [2022-03-18 17:16:31,625] {dagbag.py:500} INFO - Filling up the DagBag from /Users/louisekirkham/Documents/linkedin_learning/Ex_Files_Data_Engineering_Foundations/airflow_env/lib/python3.9/site-packages/airflow/example_dags/tutorial.py
[2022-03-18 17:16:31,655] {processor.py:654} INFO - DAG(s) dict_keys(['tutorial']) retrieved from /Users/louisekirkham/Documents/linkedin_learning/Ex_Files_Data_Engineering_Foundations/airflow_env/lib/python3.9/site-packages/airflow/example_dags/tutorial.py
[2022-03-18 17:16:31,670] {logging_mixin.py:109} INFO - [2022-03-18 17:16:31,670] {dag.py:2398} INFO - Sync 1 DAGs
[2022-03-18 17:16:31,677] {logging_mixin.py:109} INFO - [2022-03-18 17:16:31,677] {dag.py:2937} INFO - Setting next_dagrun for tutorial to 2022-03-17T17:16:31.677721+00:00
[2022-03-18 17:16:31,683] {processor.py:171} INFO - Processing /Users/louisekirkham/Documents/linkedin_learning/Ex_Files_Data_Engineering_Foundations/airflow_env/lib/python3.9/site-packages/airflow/example_dags/tutorial.py took 0.060 seconds
[2022-03-18 17:17:14,094] {processor.py:163} INFO - Started process (PID=47262) to work on /Users/louisekirkham/Documents/linkedin_learning/Ex_Files_Data_Engineering_Foundations/airflow_env/lib/python3.9/site-packages/airflow/example_dags/tutorial.py
[2022-03-18 17:17:14,095] {processor.py:642} INFO - Processing file /Users/louisekirkham/Documents/linkedin_learning/Ex_Files_Data_Engineering_Foundations/airflow_env/lib/python3.9/site-packages/airflow/example_dags/tutorial.py for tasks to queue
[2022-03-18 17:17:14,095] {logging_mixin.py:109} INFO - [2022-03-18 17:17:14,095] {dagbag.py:500} INFO - Filling up the DagBag from /Users/louisekirkham/Documents/linkedin_learning/Ex_Files_Data_Engineering_Foundations/airflow_env/lib/python3.9/site-packages/airflow/example_dags/tutorial.py
[2022-03-18 17:17:14,122] {processor.py:654} INFO - DAG(s) dict_keys(['tutorial']) retrieved from /Users/louisekirkham/Documents/linkedin_learning/Ex_Files_Data_Engineering_Foundations/airflow_env/lib/python3.9/site-packages/airflow/example_dags/tutorial.py
[2022-03-18 17:17:14,135] {logging_mixin.py:109} INFO - [2022-03-18 17:17:14,135] {dag.py:2398} INFO - Sync 1 DAGs
[2022-03-18 17:17:14,143] {logging_mixin.py:109} INFO - [2022-03-18 17:17:14,143] {dag.py:2937} INFO - Setting next_dagrun for tutorial to 2022-03-17T17:17:14.142904+00:00
[2022-03-18 17:17:14,150] {processor.py:171} INFO - Processing /Users/louisekirkham/Documents/linkedin_learning/Ex_Files_Data_Engineering_Foundations/airflow_env/lib/python3.9/site-packages/airflow/example_dags/tutorial.py took 0.056 seconds
[2022-03-18 17:17:56,305] {processor.py:163} INFO - Started process (PID=47307) to work on /Users/louisekirkham/Documents/linkedin_learning/Ex_Files_Data_Engineering_Foundations/airflow_env/lib/python3.9/site-packages/airflow/example_dags/tutorial.py
[2022-03-18 17:17:56,306] {processor.py:642} INFO - Processing file /Users/louisekirkham/Documents/linkedin_learning/Ex_Files_Data_Engineering_Foundations/airflow_env/lib/python3.9/site-packages/airflow/example_dags/tutorial.py for tasks to queue
[2022-03-18 17:17:56,307] {logging_mixin.py:109} INFO - [2022-03-18 17:17:56,306] {dagbag.py:500} INFO - Filling up the DagBag from /Users/louisekirkham/Documents/linkedin_learning/Ex_Files_Data_Engineering_Foundations/airflow_env/lib/python3.9/site-packages/airflow/example_dags/tutorial.py
[2022-03-18 17:17:56,332] {processor.py:654} INFO - DAG(s) dict_keys(['tutorial']) retrieved from /Users/louisekirkham/Documents/linkedin_learning/Ex_Files_Data_Engineering_Foundations/airflow_env/lib/python3.9/site-packages/airflow/example_dags/tutorial.py
[2022-03-18 17:17:56,347] {logging_mixin.py:109} INFO - [2022-03-18 17:17:56,347] {dag.py:2398} INFO - Sync 1 DAGs
[2022-03-18 17:17:56,354] {logging_mixin.py:109} INFO - [2022-03-18 17:17:56,354] {dag.py:2937} INFO - Setting next_dagrun for tutorial to 2022-03-17T17:17:56.354222+00:00
[2022-03-18 17:17:56,360] {processor.py:171} INFO - Processing /Users/louisekirkham/Documents/linkedin_learning/Ex_Files_Data_Engineering_Foundations/airflow_env/lib/python3.9/site-packages/airflow/example_dags/tutorial.py took 0.055 seconds
[2022-03-18 17:18:38,807] {processor.py:163} INFO - Started process (PID=47329) to work on /Users/louisekirkham/Documents/linkedin_learning/Ex_Files_Data_Engineering_Foundations/airflow_env/lib/python3.9/site-packages/airflow/example_dags/tutorial.py
[2022-03-18 17:18:38,808] {processor.py:642} INFO - Processing file /Users/louisekirkham/Documents/linkedin_learning/Ex_Files_Data_Engineering_Foundations/airflow_env/lib/python3.9/site-packages/airflow/example_dags/tutorial.py for tasks to queue
[2022-03-18 17:18:38,808] {logging_mixin.py:109} INFO - [2022-03-18 17:18:38,808] {dagbag.py:500} INFO - Filling up the DagBag from /Users/louisekirkham/Documents/linkedin_learning/Ex_Files_Data_Engineering_Foundations/airflow_env/lib/python3.9/site-packages/airflow/example_dags/tutorial.py
[2022-03-18 17:18:38,841] {processor.py:654} INFO - DAG(s) dict_keys(['tutorial']) retrieved from /Users/louisekirkham/Documents/linkedin_learning/Ex_Files_Data_Engineering_Foundations/airflow_env/lib/python3.9/site-packages/airflow/example_dags/tutorial.py
[2022-03-18 17:18:38,855] {logging_mixin.py:109} INFO - [2022-03-18 17:18:38,855] {dag.py:2398} INFO - Sync 1 DAGs
[2022-03-18 17:18:38,862] {logging_mixin.py:109} INFO - [2022-03-18 17:18:38,862] {dag.py:2937} INFO - Setting next_dagrun for tutorial to 2022-03-17T17:18:38.862045+00:00
[2022-03-18 17:18:38,869] {processor.py:171} INFO - Processing /Users/louisekirkham/Documents/linkedin_learning/Ex_Files_Data_Engineering_Foundations/airflow_env/lib/python3.9/site-packages/airflow/example_dags/tutorial.py took 0.063 seconds
[2022-03-18 17:20:02,804] {processor.py:163} INFO - Started process (PID=47400) to work on /Users/louisekirkham/Documents/linkedin_learning/Ex_Files_Data_Engineering_Foundations/airflow_env/lib/python3.9/site-packages/airflow/example_dags/tutorial.py
[2022-03-18 17:20:02,804] {processor.py:642} INFO - Processing file /Users/louisekirkham/Documents/linkedin_learning/Ex_Files_Data_Engineering_Foundations/airflow_env/lib/python3.9/site-packages/airflow/example_dags/tutorial.py for tasks to queue
[2022-03-18 17:20:02,804] {logging_mixin.py:109} INFO - [2022-03-18 17:20:02,804] {dagbag.py:500} INFO - Filling up the DagBag from /Users/louisekirkham/Documents/linkedin_learning/Ex_Files_Data_Engineering_Foundations/airflow_env/lib/python3.9/site-packages/airflow/example_dags/tutorial.py
[2022-03-18 17:20:02,834] {processor.py:654} INFO - DAG(s) dict_keys(['tutorial']) retrieved from /Users/louisekirkham/Documents/linkedin_learning/Ex_Files_Data_Engineering_Foundations/airflow_env/lib/python3.9/site-packages/airflow/example_dags/tutorial.py
[2022-03-18 17:20:02,848] {logging_mixin.py:109} INFO - [2022-03-18 17:20:02,848] {dag.py:2398} INFO - Sync 1 DAGs
[2022-03-18 17:20:02,856] {logging_mixin.py:109} INFO - [2022-03-18 17:20:02,856] {dag.py:2937} INFO - Setting next_dagrun for tutorial to 2022-03-17T17:20:02.856788+00:00
[2022-03-18 17:20:02,866] {processor.py:171} INFO - Processing /Users/louisekirkham/Documents/linkedin_learning/Ex_Files_Data_Engineering_Foundations/airflow_env/lib/python3.9/site-packages/airflow/example_dags/tutorial.py took 0.063 seconds
[2022-03-18 17:23:48,774] {processor.py:163} INFO - Started process (PID=47528) to work on /Users/louisekirkham/Documents/linkedin_learning/Ex_Files_Data_Engineering_Foundations/airflow_env/lib/python3.9/site-packages/airflow/example_dags/tutorial.py
[2022-03-18 17:23:48,775] {processor.py:642} INFO - Processing file /Users/louisekirkham/Documents/linkedin_learning/Ex_Files_Data_Engineering_Foundations/airflow_env/lib/python3.9/site-packages/airflow/example_dags/tutorial.py for tasks to queue
[2022-03-18 17:23:48,776] {logging_mixin.py:109} INFO - [2022-03-18 17:23:48,776] {dagbag.py:500} INFO - Filling up the DagBag from /Users/louisekirkham/Documents/linkedin_learning/Ex_Files_Data_Engineering_Foundations/airflow_env/lib/python3.9/site-packages/airflow/example_dags/tutorial.py
[2022-03-18 17:23:48,817] {processor.py:654} INFO - DAG(s) dict_keys(['tutorial']) retrieved from /Users/louisekirkham/Documents/linkedin_learning/Ex_Files_Data_Engineering_Foundations/airflow_env/lib/python3.9/site-packages/airflow/example_dags/tutorial.py
[2022-03-18 17:23:48,831] {logging_mixin.py:109} INFO - [2022-03-18 17:23:48,831] {dag.py:2398} INFO - Sync 1 DAGs
[2022-03-18 17:23:48,838] {logging_mixin.py:109} INFO - [2022-03-18 17:23:48,838] {dag.py:2937} INFO - Setting next_dagrun for tutorial to 2022-03-17T17:23:48.838673+00:00
[2022-03-18 17:23:48,845] {processor.py:171} INFO - Processing /Users/louisekirkham/Documents/linkedin_learning/Ex_Files_Data_Engineering_Foundations/airflow_env/lib/python3.9/site-packages/airflow/example_dags/tutorial.py took 0.071 seconds
[2022-03-18 17:25:05,457] {processor.py:163} INFO - Started process (PID=47597) to work on /Users/louisekirkham/Documents/linkedin_learning/Ex_Files_Data_Engineering_Foundations/airflow_env/lib/python3.9/site-packages/airflow/example_dags/tutorial.py
[2022-03-18 17:25:05,457] {processor.py:642} INFO - Processing file /Users/louisekirkham/Documents/linkedin_learning/Ex_Files_Data_Engineering_Foundations/airflow_env/lib/python3.9/site-packages/airflow/example_dags/tutorial.py for tasks to queue
[2022-03-18 17:25:05,458] {logging_mixin.py:109} INFO - [2022-03-18 17:25:05,457] {dagbag.py:500} INFO - Filling up the DagBag from /Users/louisekirkham/Documents/linkedin_learning/Ex_Files_Data_Engineering_Foundations/airflow_env/lib/python3.9/site-packages/airflow/example_dags/tutorial.py
[2022-03-18 17:25:05,493] {processor.py:654} INFO - DAG(s) dict_keys(['tutorial']) retrieved from /Users/louisekirkham/Documents/linkedin_learning/Ex_Files_Data_Engineering_Foundations/airflow_env/lib/python3.9/site-packages/airflow/example_dags/tutorial.py
[2022-03-18 17:25:05,510] {logging_mixin.py:109} INFO - [2022-03-18 17:25:05,510] {dag.py:2398} INFO - Sync 1 DAGs
[2022-03-18 17:25:05,518] {logging_mixin.py:109} INFO - [2022-03-18 17:25:05,517] {dag.py:2937} INFO - Setting next_dagrun for tutorial to 2022-03-17T17:25:05.517877+00:00
[2022-03-18 17:25:05,526] {processor.py:171} INFO - Processing /Users/louisekirkham/Documents/linkedin_learning/Ex_Files_Data_Engineering_Foundations/airflow_env/lib/python3.9/site-packages/airflow/example_dags/tutorial.py took 0.070 seconds
[2022-03-18 17:25:52,048] {processor.py:163} INFO - Started process (PID=47637) to work on /Users/louisekirkham/Documents/linkedin_learning/Ex_Files_Data_Engineering_Foundations/airflow_env/lib/python3.9/site-packages/airflow/example_dags/tutorial.py
[2022-03-18 17:25:52,050] {processor.py:642} INFO - Processing file /Users/louisekirkham/Documents/linkedin_learning/Ex_Files_Data_Engineering_Foundations/airflow_env/lib/python3.9/site-packages/airflow/example_dags/tutorial.py for tasks to queue
[2022-03-18 17:25:52,050] {logging_mixin.py:109} INFO - [2022-03-18 17:25:52,050] {dagbag.py:500} INFO - Filling up the DagBag from /Users/louisekirkham/Documents/linkedin_learning/Ex_Files_Data_Engineering_Foundations/airflow_env/lib/python3.9/site-packages/airflow/example_dags/tutorial.py
[2022-03-18 17:25:52,084] {processor.py:654} INFO - DAG(s) dict_keys(['tutorial']) retrieved from /Users/louisekirkham/Documents/linkedin_learning/Ex_Files_Data_Engineering_Foundations/airflow_env/lib/python3.9/site-packages/airflow/example_dags/tutorial.py
[2022-03-18 17:25:52,101] {logging_mixin.py:109} INFO - [2022-03-18 17:25:52,101] {dag.py:2398} INFO - Sync 1 DAGs
[2022-03-18 17:25:52,109] {logging_mixin.py:109} INFO - [2022-03-18 17:25:52,109] {dag.py:2937} INFO - Setting next_dagrun for tutorial to 2022-03-17T17:25:52.109762+00:00
[2022-03-18 17:25:52,118] {processor.py:171} INFO - Processing /Users/louisekirkham/Documents/linkedin_learning/Ex_Files_Data_Engineering_Foundations/airflow_env/lib/python3.9/site-packages/airflow/example_dags/tutorial.py took 0.070 seconds
[2022-03-18 17:26:37,019] {processor.py:163} INFO - Started process (PID=47673) to work on /Users/louisekirkham/Documents/linkedin_learning/Ex_Files_Data_Engineering_Foundations/airflow_env/lib/python3.9/site-packages/airflow/example_dags/tutorial.py
[2022-03-18 17:26:37,020] {processor.py:642} INFO - Processing file /Users/louisekirkham/Documents/linkedin_learning/Ex_Files_Data_Engineering_Foundations/airflow_env/lib/python3.9/site-packages/airflow/example_dags/tutorial.py for tasks to queue
[2022-03-18 17:26:37,021] {logging_mixin.py:109} INFO - [2022-03-18 17:26:37,021] {dagbag.py:500} INFO - Filling up the DagBag from /Users/louisekirkham/Documents/linkedin_learning/Ex_Files_Data_Engineering_Foundations/airflow_env/lib/python3.9/site-packages/airflow/example_dags/tutorial.py
[2022-03-18 17:26:37,055] {processor.py:654} INFO - DAG(s) dict_keys(['tutorial']) retrieved from /Users/louisekirkham/Documents/linkedin_learning/Ex_Files_Data_Engineering_Foundations/airflow_env/lib/python3.9/site-packages/airflow/example_dags/tutorial.py
[2022-03-18 17:26:37,072] {logging_mixin.py:109} INFO - [2022-03-18 17:26:37,072] {dag.py:2398} INFO - Sync 1 DAGs
[2022-03-18 17:26:37,082] {logging_mixin.py:109} INFO - [2022-03-18 17:26:37,082] {dag.py:2937} INFO - Setting next_dagrun for tutorial to 2022-03-17T17:26:37.082430+00:00
[2022-03-18 17:26:37,089] {processor.py:171} INFO - Processing /Users/louisekirkham/Documents/linkedin_learning/Ex_Files_Data_Engineering_Foundations/airflow_env/lib/python3.9/site-packages/airflow/example_dags/tutorial.py took 0.071 seconds
[2022-03-18 17:28:17,128] {processor.py:163} INFO - Started process (PID=47740) to work on /Users/louisekirkham/Documents/linkedin_learning/Ex_Files_Data_Engineering_Foundations/airflow_env/lib/python3.9/site-packages/airflow/example_dags/tutorial.py
[2022-03-18 17:28:17,129] {processor.py:642} INFO - Processing file /Users/louisekirkham/Documents/linkedin_learning/Ex_Files_Data_Engineering_Foundations/airflow_env/lib/python3.9/site-packages/airflow/example_dags/tutorial.py for tasks to queue
[2022-03-18 17:28:17,129] {logging_mixin.py:109} INFO - [2022-03-18 17:28:17,129] {dagbag.py:500} INFO - Filling up the DagBag from /Users/louisekirkham/Documents/linkedin_learning/Ex_Files_Data_Engineering_Foundations/airflow_env/lib/python3.9/site-packages/airflow/example_dags/tutorial.py
[2022-03-18 17:28:17,163] {processor.py:654} INFO - DAG(s) dict_keys(['tutorial']) retrieved from /Users/louisekirkham/Documents/linkedin_learning/Ex_Files_Data_Engineering_Foundations/airflow_env/lib/python3.9/site-packages/airflow/example_dags/tutorial.py
[2022-03-18 17:28:17,179] {logging_mixin.py:109} INFO - [2022-03-18 17:28:17,179] {dag.py:2398} INFO - Sync 1 DAGs
[2022-03-18 17:28:17,187] {logging_mixin.py:109} INFO - [2022-03-18 17:28:17,187] {dag.py:2937} INFO - Setting next_dagrun for tutorial to 2022-03-17T17:28:17.187144+00:00
[2022-03-18 17:28:17,194] {processor.py:171} INFO - Processing /Users/louisekirkham/Documents/linkedin_learning/Ex_Files_Data_Engineering_Foundations/airflow_env/lib/python3.9/site-packages/airflow/example_dags/tutorial.py took 0.067 seconds
[2022-03-18 17:30:22,710] {processor.py:163} INFO - Started process (PID=47840) to work on /Users/louisekirkham/Documents/linkedin_learning/Ex_Files_Data_Engineering_Foundations/airflow_env/lib/python3.9/site-packages/airflow/example_dags/tutorial.py
[2022-03-18 17:30:22,710] {processor.py:642} INFO - Processing file /Users/louisekirkham/Documents/linkedin_learning/Ex_Files_Data_Engineering_Foundations/airflow_env/lib/python3.9/site-packages/airflow/example_dags/tutorial.py for tasks to queue
[2022-03-18 17:30:22,710] {logging_mixin.py:109} INFO - [2022-03-18 17:30:22,710] {dagbag.py:500} INFO - Filling up the DagBag from /Users/louisekirkham/Documents/linkedin_learning/Ex_Files_Data_Engineering_Foundations/airflow_env/lib/python3.9/site-packages/airflow/example_dags/tutorial.py
[2022-03-18 17:30:22,740] {processor.py:654} INFO - DAG(s) dict_keys(['tutorial']) retrieved from /Users/louisekirkham/Documents/linkedin_learning/Ex_Files_Data_Engineering_Foundations/airflow_env/lib/python3.9/site-packages/airflow/example_dags/tutorial.py
[2022-03-18 17:30:22,756] {logging_mixin.py:109} INFO - [2022-03-18 17:30:22,756] {dag.py:2398} INFO - Sync 1 DAGs
[2022-03-18 17:30:22,765] {logging_mixin.py:109} INFO - [2022-03-18 17:30:22,764] {dag.py:2937} INFO - Setting next_dagrun for tutorial to 2022-03-17T17:30:22.764847+00:00
[2022-03-18 17:30:22,772] {processor.py:171} INFO - Processing /Users/louisekirkham/Documents/linkedin_learning/Ex_Files_Data_Engineering_Foundations/airflow_env/lib/python3.9/site-packages/airflow/example_dags/tutorial.py took 0.063 seconds
[2022-03-18 17:31:34,378] {processor.py:163} INFO - Started process (PID=47918) to work on /Users/louisekirkham/Documents/linkedin_learning/Ex_Files_Data_Engineering_Foundations/airflow_env/lib/python3.9/site-packages/airflow/example_dags/tutorial.py
[2022-03-18 17:31:34,378] {processor.py:642} INFO - Processing file /Users/louisekirkham/Documents/linkedin_learning/Ex_Files_Data_Engineering_Foundations/airflow_env/lib/python3.9/site-packages/airflow/example_dags/tutorial.py for tasks to queue
[2022-03-18 17:31:34,379] {logging_mixin.py:109} INFO - [2022-03-18 17:31:34,379] {dagbag.py:500} INFO - Filling up the DagBag from /Users/louisekirkham/Documents/linkedin_learning/Ex_Files_Data_Engineering_Foundations/airflow_env/lib/python3.9/site-packages/airflow/example_dags/tutorial.py
[2022-03-18 17:31:34,411] {processor.py:654} INFO - DAG(s) dict_keys(['tutorial']) retrieved from /Users/louisekirkham/Documents/linkedin_learning/Ex_Files_Data_Engineering_Foundations/airflow_env/lib/python3.9/site-packages/airflow/example_dags/tutorial.py
[2022-03-18 17:31:34,428] {logging_mixin.py:109} INFO - [2022-03-18 17:31:34,428] {dag.py:2398} INFO - Sync 1 DAGs
[2022-03-18 17:31:34,436] {logging_mixin.py:109} INFO - [2022-03-18 17:31:34,436] {dag.py:2937} INFO - Setting next_dagrun for tutorial to 2022-03-17T17:31:34.436127+00:00
[2022-03-18 17:31:34,442] {processor.py:171} INFO - Processing /Users/louisekirkham/Documents/linkedin_learning/Ex_Files_Data_Engineering_Foundations/airflow_env/lib/python3.9/site-packages/airflow/example_dags/tutorial.py took 0.065 seconds
[2022-03-18 17:32:47,516] {processor.py:163} INFO - Started process (PID=47975) to work on /Users/louisekirkham/Documents/linkedin_learning/Ex_Files_Data_Engineering_Foundations/airflow_env/lib/python3.9/site-packages/airflow/example_dags/tutorial.py
[2022-03-18 17:32:47,517] {processor.py:642} INFO - Processing file /Users/louisekirkham/Documents/linkedin_learning/Ex_Files_Data_Engineering_Foundations/airflow_env/lib/python3.9/site-packages/airflow/example_dags/tutorial.py for tasks to queue
[2022-03-18 17:32:47,517] {logging_mixin.py:109} INFO - [2022-03-18 17:32:47,517] {dagbag.py:500} INFO - Filling up the DagBag from /Users/louisekirkham/Documents/linkedin_learning/Ex_Files_Data_Engineering_Foundations/airflow_env/lib/python3.9/site-packages/airflow/example_dags/tutorial.py
[2022-03-18 17:32:47,543] {processor.py:654} INFO - DAG(s) dict_keys(['tutorial']) retrieved from /Users/louisekirkham/Documents/linkedin_learning/Ex_Files_Data_Engineering_Foundations/airflow_env/lib/python3.9/site-packages/airflow/example_dags/tutorial.py
[2022-03-18 17:32:47,556] {logging_mixin.py:109} INFO - [2022-03-18 17:32:47,556] {dag.py:2398} INFO - Sync 1 DAGs
[2022-03-18 17:32:47,562] {logging_mixin.py:109} INFO - [2022-03-18 17:32:47,562] {dag.py:2937} INFO - Setting next_dagrun for tutorial to 2022-03-17T17:32:47.562649+00:00
[2022-03-18 17:32:47,569] {processor.py:171} INFO - Processing /Users/louisekirkham/Documents/linkedin_learning/Ex_Files_Data_Engineering_Foundations/airflow_env/lib/python3.9/site-packages/airflow/example_dags/tutorial.py took 0.054 seconds
[2022-03-18 17:33:30,495] {processor.py:163} INFO - Started process (PID=48072) to work on /Users/louisekirkham/Documents/linkedin_learning/Ex_Files_Data_Engineering_Foundations/airflow_env/lib/python3.9/site-packages/airflow/example_dags/tutorial.py
[2022-03-18 17:33:30,496] {processor.py:642} INFO - Processing file /Users/louisekirkham/Documents/linkedin_learning/Ex_Files_Data_Engineering_Foundations/airflow_env/lib/python3.9/site-packages/airflow/example_dags/tutorial.py for tasks to queue
[2022-03-18 17:33:30,496] {logging_mixin.py:109} INFO - [2022-03-18 17:33:30,496] {dagbag.py:500} INFO - Filling up the DagBag from /Users/louisekirkham/Documents/linkedin_learning/Ex_Files_Data_Engineering_Foundations/airflow_env/lib/python3.9/site-packages/airflow/example_dags/tutorial.py
[2022-03-18 17:33:30,525] {processor.py:654} INFO - DAG(s) dict_keys(['tutorial']) retrieved from /Users/louisekirkham/Documents/linkedin_learning/Ex_Files_Data_Engineering_Foundations/airflow_env/lib/python3.9/site-packages/airflow/example_dags/tutorial.py
[2022-03-18 17:33:30,539] {logging_mixin.py:109} INFO - [2022-03-18 17:33:30,538] {dag.py:2398} INFO - Sync 1 DAGs
[2022-03-18 17:33:30,546] {logging_mixin.py:109} INFO - [2022-03-18 17:33:30,546] {dag.py:2937} INFO - Setting next_dagrun for tutorial to 2022-03-17T17:33:30.546110+00:00
[2022-03-18 17:33:30,553] {processor.py:171} INFO - Processing /Users/louisekirkham/Documents/linkedin_learning/Ex_Files_Data_Engineering_Foundations/airflow_env/lib/python3.9/site-packages/airflow/example_dags/tutorial.py took 0.058 seconds
[2022-03-18 17:34:52,329] {processor.py:163} INFO - Started process (PID=48479) to work on /Users/louisekirkham/Documents/linkedin_learning/Ex_Files_Data_Engineering_Foundations/airflow_env/lib/python3.9/site-packages/airflow/example_dags/tutorial.py
[2022-03-18 17:34:52,329] {processor.py:642} INFO - Processing file /Users/louisekirkham/Documents/linkedin_learning/Ex_Files_Data_Engineering_Foundations/airflow_env/lib/python3.9/site-packages/airflow/example_dags/tutorial.py for tasks to queue
[2022-03-18 17:34:52,330] {logging_mixin.py:109} INFO - [2022-03-18 17:34:52,330] {dagbag.py:500} INFO - Filling up the DagBag from /Users/louisekirkham/Documents/linkedin_learning/Ex_Files_Data_Engineering_Foundations/airflow_env/lib/python3.9/site-packages/airflow/example_dags/tutorial.py
[2022-03-18 17:34:52,361] {processor.py:654} INFO - DAG(s) dict_keys(['tutorial']) retrieved from /Users/louisekirkham/Documents/linkedin_learning/Ex_Files_Data_Engineering_Foundations/airflow_env/lib/python3.9/site-packages/airflow/example_dags/tutorial.py
[2022-03-18 17:34:52,377] {logging_mixin.py:109} INFO - [2022-03-18 17:34:52,377] {dag.py:2398} INFO - Sync 1 DAGs
[2022-03-18 17:34:52,385] {logging_mixin.py:109} INFO - [2022-03-18 17:34:52,385] {dag.py:2937} INFO - Setting next_dagrun for tutorial to 2022-03-17T17:34:52.384895+00:00
[2022-03-18 17:34:52,392] {processor.py:171} INFO - Processing /Users/louisekirkham/Documents/linkedin_learning/Ex_Files_Data_Engineering_Foundations/airflow_env/lib/python3.9/site-packages/airflow/example_dags/tutorial.py took 0.064 seconds
[2022-03-18 17:36:13,874] {processor.py:163} INFO - Started process (PID=48558) to work on /Users/louisekirkham/Documents/linkedin_learning/Ex_Files_Data_Engineering_Foundations/airflow_env/lib/python3.9/site-packages/airflow/example_dags/tutorial.py
[2022-03-18 17:36:13,874] {processor.py:642} INFO - Processing file /Users/louisekirkham/Documents/linkedin_learning/Ex_Files_Data_Engineering_Foundations/airflow_env/lib/python3.9/site-packages/airflow/example_dags/tutorial.py for tasks to queue
[2022-03-18 17:36:13,874] {logging_mixin.py:109} INFO - [2022-03-18 17:36:13,874] {dagbag.py:500} INFO - Filling up the DagBag from /Users/louisekirkham/Documents/linkedin_learning/Ex_Files_Data_Engineering_Foundations/airflow_env/lib/python3.9/site-packages/airflow/example_dags/tutorial.py
[2022-03-18 17:36:13,901] {processor.py:654} INFO - DAG(s) dict_keys(['tutorial']) retrieved from /Users/louisekirkham/Documents/linkedin_learning/Ex_Files_Data_Engineering_Foundations/airflow_env/lib/python3.9/site-packages/airflow/example_dags/tutorial.py
[2022-03-18 17:36:13,915] {logging_mixin.py:109} INFO - [2022-03-18 17:36:13,914] {dag.py:2398} INFO - Sync 1 DAGs
[2022-03-18 17:36:13,921] {logging_mixin.py:109} INFO - [2022-03-18 17:36:13,921] {dag.py:2937} INFO - Setting next_dagrun for tutorial to 2022-03-17T17:36:13.921752+00:00
[2022-03-18 17:36:13,929] {processor.py:171} INFO - Processing /Users/louisekirkham/Documents/linkedin_learning/Ex_Files_Data_Engineering_Foundations/airflow_env/lib/python3.9/site-packages/airflow/example_dags/tutorial.py took 0.055 seconds
[2022-03-18 17:36:56,334] {processor.py:163} INFO - Started process (PID=48610) to work on /Users/louisekirkham/Documents/linkedin_learning/Ex_Files_Data_Engineering_Foundations/airflow_env/lib/python3.9/site-packages/airflow/example_dags/tutorial.py
[2022-03-18 17:36:56,334] {processor.py:642} INFO - Processing file /Users/louisekirkham/Documents/linkedin_learning/Ex_Files_Data_Engineering_Foundations/airflow_env/lib/python3.9/site-packages/airflow/example_dags/tutorial.py for tasks to queue
[2022-03-18 17:36:56,334] {logging_mixin.py:109} INFO - [2022-03-18 17:36:56,334] {dagbag.py:500} INFO - Filling up the DagBag from /Users/louisekirkham/Documents/linkedin_learning/Ex_Files_Data_Engineering_Foundations/airflow_env/lib/python3.9/site-packages/airflow/example_dags/tutorial.py
[2022-03-18 17:36:56,361] {processor.py:654} INFO - DAG(s) dict_keys(['tutorial']) retrieved from /Users/louisekirkham/Documents/linkedin_learning/Ex_Files_Data_Engineering_Foundations/airflow_env/lib/python3.9/site-packages/airflow/example_dags/tutorial.py
[2022-03-18 17:36:56,374] {logging_mixin.py:109} INFO - [2022-03-18 17:36:56,374] {dag.py:2398} INFO - Sync 1 DAGs
[2022-03-18 17:36:56,381] {logging_mixin.py:109} INFO - [2022-03-18 17:36:56,381] {dag.py:2937} INFO - Setting next_dagrun for tutorial to 2022-03-17T17:36:56.381478+00:00
[2022-03-18 17:36:56,387] {processor.py:171} INFO - Processing /Users/louisekirkham/Documents/linkedin_learning/Ex_Files_Data_Engineering_Foundations/airflow_env/lib/python3.9/site-packages/airflow/example_dags/tutorial.py took 0.054 seconds
[2022-03-18 17:37:38,679] {processor.py:163} INFO - Started process (PID=48632) to work on /Users/louisekirkham/Documents/linkedin_learning/Ex_Files_Data_Engineering_Foundations/airflow_env/lib/python3.9/site-packages/airflow/example_dags/tutorial.py
[2022-03-18 17:37:38,680] {processor.py:642} INFO - Processing file /Users/louisekirkham/Documents/linkedin_learning/Ex_Files_Data_Engineering_Foundations/airflow_env/lib/python3.9/site-packages/airflow/example_dags/tutorial.py for tasks to queue
[2022-03-18 17:37:38,680] {logging_mixin.py:109} INFO - [2022-03-18 17:37:38,680] {dagbag.py:500} INFO - Filling up the DagBag from /Users/louisekirkham/Documents/linkedin_learning/Ex_Files_Data_Engineering_Foundations/airflow_env/lib/python3.9/site-packages/airflow/example_dags/tutorial.py
[2022-03-18 17:37:38,710] {processor.py:654} INFO - DAG(s) dict_keys(['tutorial']) retrieved from /Users/louisekirkham/Documents/linkedin_learning/Ex_Files_Data_Engineering_Foundations/airflow_env/lib/python3.9/site-packages/airflow/example_dags/tutorial.py
[2022-03-18 17:37:38,724] {logging_mixin.py:109} INFO - [2022-03-18 17:37:38,724] {dag.py:2398} INFO - Sync 1 DAGs
[2022-03-18 17:37:38,732] {logging_mixin.py:109} INFO - [2022-03-18 17:37:38,732] {dag.py:2937} INFO - Setting next_dagrun for tutorial to 2022-03-17T17:37:38.732768+00:00
[2022-03-18 17:37:38,739] {processor.py:171} INFO - Processing /Users/louisekirkham/Documents/linkedin_learning/Ex_Files_Data_Engineering_Foundations/airflow_env/lib/python3.9/site-packages/airflow/example_dags/tutorial.py took 0.060 seconds
[2022-03-18 17:38:20,284] {processor.py:163} INFO - Started process (PID=48670) to work on /Users/louisekirkham/Documents/linkedin_learning/Ex_Files_Data_Engineering_Foundations/airflow_env/lib/python3.9/site-packages/airflow/example_dags/tutorial.py
[2022-03-18 17:38:20,285] {processor.py:642} INFO - Processing file /Users/louisekirkham/Documents/linkedin_learning/Ex_Files_Data_Engineering_Foundations/airflow_env/lib/python3.9/site-packages/airflow/example_dags/tutorial.py for tasks to queue
[2022-03-18 17:38:20,285] {logging_mixin.py:109} INFO - [2022-03-18 17:38:20,285] {dagbag.py:500} INFO - Filling up the DagBag from /Users/louisekirkham/Documents/linkedin_learning/Ex_Files_Data_Engineering_Foundations/airflow_env/lib/python3.9/site-packages/airflow/example_dags/tutorial.py
[2022-03-18 17:38:20,315] {processor.py:654} INFO - DAG(s) dict_keys(['tutorial']) retrieved from /Users/louisekirkham/Documents/linkedin_learning/Ex_Files_Data_Engineering_Foundations/airflow_env/lib/python3.9/site-packages/airflow/example_dags/tutorial.py
[2022-03-18 17:38:20,330] {logging_mixin.py:109} INFO - [2022-03-18 17:38:20,330] {dag.py:2398} INFO - Sync 1 DAGs
[2022-03-18 17:38:20,337] {logging_mixin.py:109} INFO - [2022-03-18 17:38:20,337] {dag.py:2937} INFO - Setting next_dagrun for tutorial to 2022-03-17T17:38:20.337454+00:00
[2022-03-18 17:38:20,346] {processor.py:171} INFO - Processing /Users/louisekirkham/Documents/linkedin_learning/Ex_Files_Data_Engineering_Foundations/airflow_env/lib/python3.9/site-packages/airflow/example_dags/tutorial.py took 0.062 seconds
[2022-03-18 17:39:03,561] {processor.py:163} INFO - Started process (PID=48698) to work on /Users/louisekirkham/Documents/linkedin_learning/Ex_Files_Data_Engineering_Foundations/airflow_env/lib/python3.9/site-packages/airflow/example_dags/tutorial.py
[2022-03-18 17:39:03,561] {processor.py:642} INFO - Processing file /Users/louisekirkham/Documents/linkedin_learning/Ex_Files_Data_Engineering_Foundations/airflow_env/lib/python3.9/site-packages/airflow/example_dags/tutorial.py for tasks to queue
[2022-03-18 17:39:03,562] {logging_mixin.py:109} INFO - [2022-03-18 17:39:03,562] {dagbag.py:500} INFO - Filling up the DagBag from /Users/louisekirkham/Documents/linkedin_learning/Ex_Files_Data_Engineering_Foundations/airflow_env/lib/python3.9/site-packages/airflow/example_dags/tutorial.py
[2022-03-18 17:39:03,602] {processor.py:654} INFO - DAG(s) dict_keys(['tutorial']) retrieved from /Users/louisekirkham/Documents/linkedin_learning/Ex_Files_Data_Engineering_Foundations/airflow_env/lib/python3.9/site-packages/airflow/example_dags/tutorial.py
[2022-03-18 17:39:03,619] {logging_mixin.py:109} INFO - [2022-03-18 17:39:03,619] {dag.py:2398} INFO - Sync 1 DAGs
[2022-03-18 17:39:03,630] {logging_mixin.py:109} INFO - [2022-03-18 17:39:03,630] {dag.py:2937} INFO - Setting next_dagrun for tutorial to 2022-03-17T17:39:03.630062+00:00
[2022-03-18 17:39:03,639] {processor.py:171} INFO - Processing /Users/louisekirkham/Documents/linkedin_learning/Ex_Files_Data_Engineering_Foundations/airflow_env/lib/python3.9/site-packages/airflow/example_dags/tutorial.py took 0.079 seconds
[2022-03-18 17:39:46,821] {processor.py:163} INFO - Started process (PID=48748) to work on /Users/louisekirkham/Documents/linkedin_learning/Ex_Files_Data_Engineering_Foundations/airflow_env/lib/python3.9/site-packages/airflow/example_dags/tutorial.py
[2022-03-18 17:39:46,823] {processor.py:642} INFO - Processing file /Users/louisekirkham/Documents/linkedin_learning/Ex_Files_Data_Engineering_Foundations/airflow_env/lib/python3.9/site-packages/airflow/example_dags/tutorial.py for tasks to queue
[2022-03-18 17:39:46,823] {logging_mixin.py:109} INFO - [2022-03-18 17:39:46,823] {dagbag.py:500} INFO - Filling up the DagBag from /Users/louisekirkham/Documents/linkedin_learning/Ex_Files_Data_Engineering_Foundations/airflow_env/lib/python3.9/site-packages/airflow/example_dags/tutorial.py
[2022-03-18 17:39:46,856] {processor.py:654} INFO - DAG(s) dict_keys(['tutorial']) retrieved from /Users/louisekirkham/Documents/linkedin_learning/Ex_Files_Data_Engineering_Foundations/airflow_env/lib/python3.9/site-packages/airflow/example_dags/tutorial.py
[2022-03-18 17:39:46,871] {logging_mixin.py:109} INFO - [2022-03-18 17:39:46,871] {dag.py:2398} INFO - Sync 1 DAGs
[2022-03-18 17:39:46,879] {logging_mixin.py:109} INFO - [2022-03-18 17:39:46,879] {dag.py:2937} INFO - Setting next_dagrun for tutorial to 2022-03-17T17:39:46.878946+00:00
[2022-03-18 17:39:46,887] {processor.py:171} INFO - Processing /Users/louisekirkham/Documents/linkedin_learning/Ex_Files_Data_Engineering_Foundations/airflow_env/lib/python3.9/site-packages/airflow/example_dags/tutorial.py took 0.066 seconds
[2022-03-18 17:40:29,706] {processor.py:163} INFO - Started process (PID=48794) to work on /Users/louisekirkham/Documents/linkedin_learning/Ex_Files_Data_Engineering_Foundations/airflow_env/lib/python3.9/site-packages/airflow/example_dags/tutorial.py
[2022-03-18 17:40:29,706] {processor.py:642} INFO - Processing file /Users/louisekirkham/Documents/linkedin_learning/Ex_Files_Data_Engineering_Foundations/airflow_env/lib/python3.9/site-packages/airflow/example_dags/tutorial.py for tasks to queue
[2022-03-18 17:40:29,707] {logging_mixin.py:109} INFO - [2022-03-18 17:40:29,707] {dagbag.py:500} INFO - Filling up the DagBag from /Users/louisekirkham/Documents/linkedin_learning/Ex_Files_Data_Engineering_Foundations/airflow_env/lib/python3.9/site-packages/airflow/example_dags/tutorial.py
[2022-03-18 17:40:29,738] {processor.py:654} INFO - DAG(s) dict_keys(['tutorial']) retrieved from /Users/louisekirkham/Documents/linkedin_learning/Ex_Files_Data_Engineering_Foundations/airflow_env/lib/python3.9/site-packages/airflow/example_dags/tutorial.py
[2022-03-18 17:40:29,753] {logging_mixin.py:109} INFO - [2022-03-18 17:40:29,753] {dag.py:2398} INFO - Sync 1 DAGs
[2022-03-18 17:40:29,761] {logging_mixin.py:109} INFO - [2022-03-18 17:40:29,761] {dag.py:2937} INFO - Setting next_dagrun for tutorial to 2022-03-17T17:40:29.760893+00:00
[2022-03-18 17:40:29,767] {processor.py:171} INFO - Processing /Users/louisekirkham/Documents/linkedin_learning/Ex_Files_Data_Engineering_Foundations/airflow_env/lib/python3.9/site-packages/airflow/example_dags/tutorial.py took 0.062 seconds
[2022-03-18 17:41:50,643] {processor.py:163} INFO - Started process (PID=48884) to work on /Users/louisekirkham/Documents/linkedin_learning/Ex_Files_Data_Engineering_Foundations/airflow_env/lib/python3.9/site-packages/airflow/example_dags/tutorial.py
[2022-03-18 17:41:50,644] {processor.py:642} INFO - Processing file /Users/louisekirkham/Documents/linkedin_learning/Ex_Files_Data_Engineering_Foundations/airflow_env/lib/python3.9/site-packages/airflow/example_dags/tutorial.py for tasks to queue
[2022-03-18 17:41:50,644] {logging_mixin.py:109} INFO - [2022-03-18 17:41:50,644] {dagbag.py:500} INFO - Filling up the DagBag from /Users/louisekirkham/Documents/linkedin_learning/Ex_Files_Data_Engineering_Foundations/airflow_env/lib/python3.9/site-packages/airflow/example_dags/tutorial.py
[2022-03-18 17:41:50,673] {processor.py:654} INFO - DAG(s) dict_keys(['tutorial']) retrieved from /Users/louisekirkham/Documents/linkedin_learning/Ex_Files_Data_Engineering_Foundations/airflow_env/lib/python3.9/site-packages/airflow/example_dags/tutorial.py
[2022-03-18 17:41:50,687] {logging_mixin.py:109} INFO - [2022-03-18 17:41:50,687] {dag.py:2398} INFO - Sync 1 DAGs
[2022-03-18 17:41:50,694] {logging_mixin.py:109} INFO - [2022-03-18 17:41:50,694] {dag.py:2937} INFO - Setting next_dagrun for tutorial to 2022-03-17T17:41:50.694374+00:00
[2022-03-18 17:41:50,700] {processor.py:171} INFO - Processing /Users/louisekirkham/Documents/linkedin_learning/Ex_Files_Data_Engineering_Foundations/airflow_env/lib/python3.9/site-packages/airflow/example_dags/tutorial.py took 0.057 seconds
[2022-03-18 17:42:32,715] {processor.py:163} INFO - Started process (PID=48922) to work on /Users/louisekirkham/Documents/linkedin_learning/Ex_Files_Data_Engineering_Foundations/airflow_env/lib/python3.9/site-packages/airflow/example_dags/tutorial.py
[2022-03-18 17:42:32,715] {processor.py:642} INFO - Processing file /Users/louisekirkham/Documents/linkedin_learning/Ex_Files_Data_Engineering_Foundations/airflow_env/lib/python3.9/site-packages/airflow/example_dags/tutorial.py for tasks to queue
[2022-03-18 17:42:32,715] {logging_mixin.py:109} INFO - [2022-03-18 17:42:32,715] {dagbag.py:500} INFO - Filling up the DagBag from /Users/louisekirkham/Documents/linkedin_learning/Ex_Files_Data_Engineering_Foundations/airflow_env/lib/python3.9/site-packages/airflow/example_dags/tutorial.py
[2022-03-18 17:42:32,745] {processor.py:654} INFO - DAG(s) dict_keys(['tutorial']) retrieved from /Users/louisekirkham/Documents/linkedin_learning/Ex_Files_Data_Engineering_Foundations/airflow_env/lib/python3.9/site-packages/airflow/example_dags/tutorial.py
[2022-03-18 17:42:32,758] {logging_mixin.py:109} INFO - [2022-03-18 17:42:32,758] {dag.py:2398} INFO - Sync 1 DAGs
[2022-03-18 17:42:32,766] {logging_mixin.py:109} INFO - [2022-03-18 17:42:32,766] {dag.py:2937} INFO - Setting next_dagrun for tutorial to 2022-03-17T17:42:32.766178+00:00
[2022-03-18 17:42:32,772] {processor.py:171} INFO - Processing /Users/louisekirkham/Documents/linkedin_learning/Ex_Files_Data_Engineering_Foundations/airflow_env/lib/python3.9/site-packages/airflow/example_dags/tutorial.py took 0.058 seconds
[2022-03-18 17:43:15,042] {processor.py:163} INFO - Started process (PID=48946) to work on /Users/louisekirkham/Documents/linkedin_learning/Ex_Files_Data_Engineering_Foundations/airflow_env/lib/python3.9/site-packages/airflow/example_dags/tutorial.py
[2022-03-18 17:43:15,043] {processor.py:642} INFO - Processing file /Users/louisekirkham/Documents/linkedin_learning/Ex_Files_Data_Engineering_Foundations/airflow_env/lib/python3.9/site-packages/airflow/example_dags/tutorial.py for tasks to queue
[2022-03-18 17:43:15,043] {logging_mixin.py:109} INFO - [2022-03-18 17:43:15,043] {dagbag.py:500} INFO - Filling up the DagBag from /Users/louisekirkham/Documents/linkedin_learning/Ex_Files_Data_Engineering_Foundations/airflow_env/lib/python3.9/site-packages/airflow/example_dags/tutorial.py
[2022-03-18 17:43:15,073] {processor.py:654} INFO - DAG(s) dict_keys(['tutorial']) retrieved from /Users/louisekirkham/Documents/linkedin_learning/Ex_Files_Data_Engineering_Foundations/airflow_env/lib/python3.9/site-packages/airflow/example_dags/tutorial.py
[2022-03-18 17:43:15,087] {logging_mixin.py:109} INFO - [2022-03-18 17:43:15,087] {dag.py:2398} INFO - Sync 1 DAGs
[2022-03-18 17:43:15,094] {logging_mixin.py:109} INFO - [2022-03-18 17:43:15,094] {dag.py:2937} INFO - Setting next_dagrun for tutorial to 2022-03-17T17:43:15.094522+00:00
[2022-03-18 17:43:15,102] {processor.py:171} INFO - Processing /Users/louisekirkham/Documents/linkedin_learning/Ex_Files_Data_Engineering_Foundations/airflow_env/lib/python3.9/site-packages/airflow/example_dags/tutorial.py took 0.060 seconds
[2022-03-18 17:44:36,262] {processor.py:163} INFO - Started process (PID=49004) to work on /Users/louisekirkham/Documents/linkedin_learning/Ex_Files_Data_Engineering_Foundations/airflow_env/lib/python3.9/site-packages/airflow/example_dags/tutorial.py
[2022-03-18 17:44:36,262] {processor.py:642} INFO - Processing file /Users/louisekirkham/Documents/linkedin_learning/Ex_Files_Data_Engineering_Foundations/airflow_env/lib/python3.9/site-packages/airflow/example_dags/tutorial.py for tasks to queue
[2022-03-18 17:44:36,262] {logging_mixin.py:109} INFO - [2022-03-18 17:44:36,262] {dagbag.py:500} INFO - Filling up the DagBag from /Users/louisekirkham/Documents/linkedin_learning/Ex_Files_Data_Engineering_Foundations/airflow_env/lib/python3.9/site-packages/airflow/example_dags/tutorial.py
[2022-03-18 17:44:36,296] {processor.py:654} INFO - DAG(s) dict_keys(['tutorial']) retrieved from /Users/louisekirkham/Documents/linkedin_learning/Ex_Files_Data_Engineering_Foundations/airflow_env/lib/python3.9/site-packages/airflow/example_dags/tutorial.py
[2022-03-18 17:44:36,316] {logging_mixin.py:109} INFO - [2022-03-18 17:44:36,315] {dag.py:2398} INFO - Sync 1 DAGs
[2022-03-18 17:44:36,328] {logging_mixin.py:109} INFO - [2022-03-18 17:44:36,328] {dag.py:2937} INFO - Setting next_dagrun for tutorial to 2022-03-17T17:44:36.328398+00:00
[2022-03-18 17:44:36,339] {processor.py:171} INFO - Processing /Users/louisekirkham/Documents/linkedin_learning/Ex_Files_Data_Engineering_Foundations/airflow_env/lib/python3.9/site-packages/airflow/example_dags/tutorial.py took 0.078 seconds
[2022-03-18 17:45:18,951] {processor.py:163} INFO - Started process (PID=49045) to work on /Users/louisekirkham/Documents/linkedin_learning/Ex_Files_Data_Engineering_Foundations/airflow_env/lib/python3.9/site-packages/airflow/example_dags/tutorial.py
[2022-03-18 17:45:18,952] {processor.py:642} INFO - Processing file /Users/louisekirkham/Documents/linkedin_learning/Ex_Files_Data_Engineering_Foundations/airflow_env/lib/python3.9/site-packages/airflow/example_dags/tutorial.py for tasks to queue
[2022-03-18 17:45:18,952] {logging_mixin.py:109} INFO - [2022-03-18 17:45:18,952] {dagbag.py:500} INFO - Filling up the DagBag from /Users/louisekirkham/Documents/linkedin_learning/Ex_Files_Data_Engineering_Foundations/airflow_env/lib/python3.9/site-packages/airflow/example_dags/tutorial.py
[2022-03-18 17:45:18,979] {processor.py:654} INFO - DAG(s) dict_keys(['tutorial']) retrieved from /Users/louisekirkham/Documents/linkedin_learning/Ex_Files_Data_Engineering_Foundations/airflow_env/lib/python3.9/site-packages/airflow/example_dags/tutorial.py
[2022-03-18 17:45:18,992] {logging_mixin.py:109} INFO - [2022-03-18 17:45:18,992] {dag.py:2398} INFO - Sync 1 DAGs
[2022-03-18 17:45:18,999] {logging_mixin.py:109} INFO - [2022-03-18 17:45:18,999] {dag.py:2937} INFO - Setting next_dagrun for tutorial to 2022-03-17T17:45:18.999076+00:00
[2022-03-18 17:45:19,005] {processor.py:171} INFO - Processing /Users/louisekirkham/Documents/linkedin_learning/Ex_Files_Data_Engineering_Foundations/airflow_env/lib/python3.9/site-packages/airflow/example_dags/tutorial.py took 0.054 seconds
[2022-03-18 17:46:01,764] {processor.py:163} INFO - Started process (PID=49079) to work on /Users/louisekirkham/Documents/linkedin_learning/Ex_Files_Data_Engineering_Foundations/airflow_env/lib/python3.9/site-packages/airflow/example_dags/tutorial.py
[2022-03-18 17:46:01,766] {processor.py:642} INFO - Processing file /Users/louisekirkham/Documents/linkedin_learning/Ex_Files_Data_Engineering_Foundations/airflow_env/lib/python3.9/site-packages/airflow/example_dags/tutorial.py for tasks to queue
[2022-03-18 17:46:01,766] {logging_mixin.py:109} INFO - [2022-03-18 17:46:01,766] {dagbag.py:500} INFO - Filling up the DagBag from /Users/louisekirkham/Documents/linkedin_learning/Ex_Files_Data_Engineering_Foundations/airflow_env/lib/python3.9/site-packages/airflow/example_dags/tutorial.py
[2022-03-18 17:46:01,792] {processor.py:654} INFO - DAG(s) dict_keys(['tutorial']) retrieved from /Users/louisekirkham/Documents/linkedin_learning/Ex_Files_Data_Engineering_Foundations/airflow_env/lib/python3.9/site-packages/airflow/example_dags/tutorial.py
[2022-03-18 17:46:01,805] {logging_mixin.py:109} INFO - [2022-03-18 17:46:01,805] {dag.py:2398} INFO - Sync 1 DAGs
[2022-03-18 17:46:01,811] {logging_mixin.py:109} INFO - [2022-03-18 17:46:01,811] {dag.py:2937} INFO - Setting next_dagrun for tutorial to 2022-03-17T17:46:01.811498+00:00
[2022-03-18 17:46:01,816] {processor.py:171} INFO - Processing /Users/louisekirkham/Documents/linkedin_learning/Ex_Files_Data_Engineering_Foundations/airflow_env/lib/python3.9/site-packages/airflow/example_dags/tutorial.py took 0.053 seconds
[2022-03-18 17:47:25,626] {processor.py:163} INFO - Started process (PID=49140) to work on /Users/louisekirkham/Documents/linkedin_learning/Ex_Files_Data_Engineering_Foundations/airflow_env/lib/python3.9/site-packages/airflow/example_dags/tutorial.py
[2022-03-18 17:47:25,627] {processor.py:642} INFO - Processing file /Users/louisekirkham/Documents/linkedin_learning/Ex_Files_Data_Engineering_Foundations/airflow_env/lib/python3.9/site-packages/airflow/example_dags/tutorial.py for tasks to queue
[2022-03-18 17:47:25,627] {logging_mixin.py:109} INFO - [2022-03-18 17:47:25,627] {dagbag.py:500} INFO - Filling up the DagBag from /Users/louisekirkham/Documents/linkedin_learning/Ex_Files_Data_Engineering_Foundations/airflow_env/lib/python3.9/site-packages/airflow/example_dags/tutorial.py
[2022-03-18 17:47:25,664] {processor.py:654} INFO - DAG(s) dict_keys(['tutorial']) retrieved from /Users/louisekirkham/Documents/linkedin_learning/Ex_Files_Data_Engineering_Foundations/airflow_env/lib/python3.9/site-packages/airflow/example_dags/tutorial.py
[2022-03-18 17:47:25,681] {logging_mixin.py:109} INFO - [2022-03-18 17:47:25,681] {dag.py:2398} INFO - Sync 1 DAGs
[2022-03-18 17:47:25,693] {logging_mixin.py:109} INFO - [2022-03-18 17:47:25,693] {dag.py:2937} INFO - Setting next_dagrun for tutorial to 2022-03-17T17:47:25.693103+00:00
[2022-03-18 17:47:25,701] {processor.py:171} INFO - Processing /Users/louisekirkham/Documents/linkedin_learning/Ex_Files_Data_Engineering_Foundations/airflow_env/lib/python3.9/site-packages/airflow/example_dags/tutorial.py took 0.075 seconds
[2022-03-18 17:48:49,039] {processor.py:163} INFO - Started process (PID=50896) to work on /Users/louisekirkham/Documents/linkedin_learning/Ex_Files_Data_Engineering_Foundations/airflow_env/lib/python3.9/site-packages/airflow/example_dags/tutorial.py
[2022-03-18 17:48:49,041] {processor.py:642} INFO - Processing file /Users/louisekirkham/Documents/linkedin_learning/Ex_Files_Data_Engineering_Foundations/airflow_env/lib/python3.9/site-packages/airflow/example_dags/tutorial.py for tasks to queue
[2022-03-18 17:48:49,041] {logging_mixin.py:109} INFO - [2022-03-18 17:48:49,041] {dagbag.py:500} INFO - Filling up the DagBag from /Users/louisekirkham/Documents/linkedin_learning/Ex_Files_Data_Engineering_Foundations/airflow_env/lib/python3.9/site-packages/airflow/example_dags/tutorial.py
[2022-03-18 17:48:49,068] {processor.py:654} INFO - DAG(s) dict_keys(['tutorial']) retrieved from /Users/louisekirkham/Documents/linkedin_learning/Ex_Files_Data_Engineering_Foundations/airflow_env/lib/python3.9/site-packages/airflow/example_dags/tutorial.py
[2022-03-18 17:48:49,081] {logging_mixin.py:109} INFO - [2022-03-18 17:48:49,080] {dag.py:2398} INFO - Sync 1 DAGs
[2022-03-18 17:48:49,088] {logging_mixin.py:109} INFO - [2022-03-18 17:48:49,088] {dag.py:2937} INFO - Setting next_dagrun for tutorial to 2022-03-17T17:48:49.087948+00:00
[2022-03-18 17:48:49,097] {processor.py:171} INFO - Processing /Users/louisekirkham/Documents/linkedin_learning/Ex_Files_Data_Engineering_Foundations/airflow_env/lib/python3.9/site-packages/airflow/example_dags/tutorial.py took 0.058 seconds
[2022-03-18 17:49:32,234] {processor.py:163} INFO - Started process (PID=50940) to work on /Users/louisekirkham/Documents/linkedin_learning/Ex_Files_Data_Engineering_Foundations/airflow_env/lib/python3.9/site-packages/airflow/example_dags/tutorial.py
[2022-03-18 17:49:32,235] {processor.py:642} INFO - Processing file /Users/louisekirkham/Documents/linkedin_learning/Ex_Files_Data_Engineering_Foundations/airflow_env/lib/python3.9/site-packages/airflow/example_dags/tutorial.py for tasks to queue
[2022-03-18 17:49:32,236] {logging_mixin.py:109} INFO - [2022-03-18 17:49:32,236] {dagbag.py:500} INFO - Filling up the DagBag from /Users/louisekirkham/Documents/linkedin_learning/Ex_Files_Data_Engineering_Foundations/airflow_env/lib/python3.9/site-packages/airflow/example_dags/tutorial.py
[2022-03-18 17:49:32,266] {processor.py:654} INFO - DAG(s) dict_keys(['tutorial']) retrieved from /Users/louisekirkham/Documents/linkedin_learning/Ex_Files_Data_Engineering_Foundations/airflow_env/lib/python3.9/site-packages/airflow/example_dags/tutorial.py
[2022-03-18 17:49:32,283] {logging_mixin.py:109} INFO - [2022-03-18 17:49:32,283] {dag.py:2398} INFO - Sync 1 DAGs
[2022-03-18 17:49:32,293] {logging_mixin.py:109} INFO - [2022-03-18 17:49:32,293] {dag.py:2937} INFO - Setting next_dagrun for tutorial to 2022-03-17T17:49:32.293053+00:00
[2022-03-18 17:49:32,302] {processor.py:171} INFO - Processing /Users/louisekirkham/Documents/linkedin_learning/Ex_Files_Data_Engineering_Foundations/airflow_env/lib/python3.9/site-packages/airflow/example_dags/tutorial.py took 0.068 seconds
[2022-03-18 17:50:56,146] {processor.py:163} INFO - Started process (PID=51020) to work on /Users/louisekirkham/Documents/linkedin_learning/Ex_Files_Data_Engineering_Foundations/airflow_env/lib/python3.9/site-packages/airflow/example_dags/tutorial.py
[2022-03-18 17:50:56,146] {processor.py:642} INFO - Processing file /Users/louisekirkham/Documents/linkedin_learning/Ex_Files_Data_Engineering_Foundations/airflow_env/lib/python3.9/site-packages/airflow/example_dags/tutorial.py for tasks to queue
[2022-03-18 17:50:56,147] {logging_mixin.py:109} INFO - [2022-03-18 17:50:56,146] {dagbag.py:500} INFO - Filling up the DagBag from /Users/louisekirkham/Documents/linkedin_learning/Ex_Files_Data_Engineering_Foundations/airflow_env/lib/python3.9/site-packages/airflow/example_dags/tutorial.py
[2022-03-18 17:50:56,174] {processor.py:654} INFO - DAG(s) dict_keys(['tutorial']) retrieved from /Users/louisekirkham/Documents/linkedin_learning/Ex_Files_Data_Engineering_Foundations/airflow_env/lib/python3.9/site-packages/airflow/example_dags/tutorial.py
[2022-03-18 17:50:56,187] {logging_mixin.py:109} INFO - [2022-03-18 17:50:56,187] {dag.py:2398} INFO - Sync 1 DAGs
[2022-03-18 17:50:56,194] {logging_mixin.py:109} INFO - [2022-03-18 17:50:56,194] {dag.py:2937} INFO - Setting next_dagrun for tutorial to 2022-03-17T17:50:56.194763+00:00
[2022-03-18 17:50:56,202] {processor.py:171} INFO - Processing /Users/louisekirkham/Documents/linkedin_learning/Ex_Files_Data_Engineering_Foundations/airflow_env/lib/python3.9/site-packages/airflow/example_dags/tutorial.py took 0.057 seconds
[2022-03-18 17:51:39,549] {processor.py:163} INFO - Started process (PID=51049) to work on /Users/louisekirkham/Documents/linkedin_learning/Ex_Files_Data_Engineering_Foundations/airflow_env/lib/python3.9/site-packages/airflow/example_dags/tutorial.py
[2022-03-18 17:51:39,550] {processor.py:642} INFO - Processing file /Users/louisekirkham/Documents/linkedin_learning/Ex_Files_Data_Engineering_Foundations/airflow_env/lib/python3.9/site-packages/airflow/example_dags/tutorial.py for tasks to queue
[2022-03-18 17:51:39,551] {logging_mixin.py:109} INFO - [2022-03-18 17:51:39,551] {dagbag.py:500} INFO - Filling up the DagBag from /Users/louisekirkham/Documents/linkedin_learning/Ex_Files_Data_Engineering_Foundations/airflow_env/lib/python3.9/site-packages/airflow/example_dags/tutorial.py
[2022-03-18 17:51:39,583] {processor.py:654} INFO - DAG(s) dict_keys(['tutorial']) retrieved from /Users/louisekirkham/Documents/linkedin_learning/Ex_Files_Data_Engineering_Foundations/airflow_env/lib/python3.9/site-packages/airflow/example_dags/tutorial.py
[2022-03-18 17:51:39,598] {logging_mixin.py:109} INFO - [2022-03-18 17:51:39,598] {dag.py:2398} INFO - Sync 1 DAGs
[2022-03-18 17:51:39,607] {logging_mixin.py:109} INFO - [2022-03-18 17:51:39,607] {dag.py:2937} INFO - Setting next_dagrun for tutorial to 2022-03-17T17:51:39.606937+00:00
[2022-03-18 17:51:39,614] {processor.py:171} INFO - Processing /Users/louisekirkham/Documents/linkedin_learning/Ex_Files_Data_Engineering_Foundations/airflow_env/lib/python3.9/site-packages/airflow/example_dags/tutorial.py took 0.065 seconds
[2022-03-18 17:52:20,480] {processor.py:163} INFO - Started process (PID=51089) to work on /Users/louisekirkham/Documents/linkedin_learning/Ex_Files_Data_Engineering_Foundations/airflow_env/lib/python3.9/site-packages/airflow/example_dags/tutorial.py
[2022-03-18 17:52:20,481] {processor.py:642} INFO - Processing file /Users/louisekirkham/Documents/linkedin_learning/Ex_Files_Data_Engineering_Foundations/airflow_env/lib/python3.9/site-packages/airflow/example_dags/tutorial.py for tasks to queue
[2022-03-18 17:52:20,482] {logging_mixin.py:109} INFO - [2022-03-18 17:52:20,482] {dagbag.py:500} INFO - Filling up the DagBag from /Users/louisekirkham/Documents/linkedin_learning/Ex_Files_Data_Engineering_Foundations/airflow_env/lib/python3.9/site-packages/airflow/example_dags/tutorial.py
[2022-03-18 17:52:20,511] {processor.py:654} INFO - DAG(s) dict_keys(['tutorial']) retrieved from /Users/louisekirkham/Documents/linkedin_learning/Ex_Files_Data_Engineering_Foundations/airflow_env/lib/python3.9/site-packages/airflow/example_dags/tutorial.py
[2022-03-18 17:52:20,526] {logging_mixin.py:109} INFO - [2022-03-18 17:52:20,526] {dag.py:2398} INFO - Sync 1 DAGs
[2022-03-18 17:52:20,533] {logging_mixin.py:109} INFO - [2022-03-18 17:52:20,533] {dag.py:2937} INFO - Setting next_dagrun for tutorial to 2022-03-17T17:52:20.533306+00:00
[2022-03-18 17:52:20,540] {processor.py:171} INFO - Processing /Users/louisekirkham/Documents/linkedin_learning/Ex_Files_Data_Engineering_Foundations/airflow_env/lib/python3.9/site-packages/airflow/example_dags/tutorial.py took 0.061 seconds
[2022-03-18 17:53:02,951] {processor.py:163} INFO - Started process (PID=51112) to work on /Users/louisekirkham/Documents/linkedin_learning/Ex_Files_Data_Engineering_Foundations/airflow_env/lib/python3.9/site-packages/airflow/example_dags/tutorial.py
[2022-03-18 17:53:02,952] {processor.py:642} INFO - Processing file /Users/louisekirkham/Documents/linkedin_learning/Ex_Files_Data_Engineering_Foundations/airflow_env/lib/python3.9/site-packages/airflow/example_dags/tutorial.py for tasks to queue
[2022-03-18 17:53:02,952] {logging_mixin.py:109} INFO - [2022-03-18 17:53:02,952] {dagbag.py:500} INFO - Filling up the DagBag from /Users/louisekirkham/Documents/linkedin_learning/Ex_Files_Data_Engineering_Foundations/airflow_env/lib/python3.9/site-packages/airflow/example_dags/tutorial.py
[2022-03-18 17:53:02,979] {processor.py:654} INFO - DAG(s) dict_keys(['tutorial']) retrieved from /Users/louisekirkham/Documents/linkedin_learning/Ex_Files_Data_Engineering_Foundations/airflow_env/lib/python3.9/site-packages/airflow/example_dags/tutorial.py
[2022-03-18 17:53:02,992] {logging_mixin.py:109} INFO - [2022-03-18 17:53:02,992] {dag.py:2398} INFO - Sync 1 DAGs
[2022-03-18 17:53:03,000] {logging_mixin.py:109} INFO - [2022-03-18 17:53:03,000] {dag.py:2937} INFO - Setting next_dagrun for tutorial to 2022-03-17T17:53:03.000370+00:00
[2022-03-18 17:53:03,008] {processor.py:171} INFO - Processing /Users/louisekirkham/Documents/linkedin_learning/Ex_Files_Data_Engineering_Foundations/airflow_env/lib/python3.9/site-packages/airflow/example_dags/tutorial.py took 0.057 seconds
[2022-03-18 17:54:25,614] {processor.py:163} INFO - Started process (PID=51178) to work on /Users/louisekirkham/Documents/linkedin_learning/Ex_Files_Data_Engineering_Foundations/airflow_env/lib/python3.9/site-packages/airflow/example_dags/tutorial.py
[2022-03-18 17:54:25,615] {processor.py:642} INFO - Processing file /Users/louisekirkham/Documents/linkedin_learning/Ex_Files_Data_Engineering_Foundations/airflow_env/lib/python3.9/site-packages/airflow/example_dags/tutorial.py for tasks to queue
[2022-03-18 17:54:25,615] {logging_mixin.py:109} INFO - [2022-03-18 17:54:25,615] {dagbag.py:500} INFO - Filling up the DagBag from /Users/louisekirkham/Documents/linkedin_learning/Ex_Files_Data_Engineering_Foundations/airflow_env/lib/python3.9/site-packages/airflow/example_dags/tutorial.py
[2022-03-18 17:54:25,644] {processor.py:654} INFO - DAG(s) dict_keys(['tutorial']) retrieved from /Users/louisekirkham/Documents/linkedin_learning/Ex_Files_Data_Engineering_Foundations/airflow_env/lib/python3.9/site-packages/airflow/example_dags/tutorial.py
[2022-03-18 17:54:25,659] {logging_mixin.py:109} INFO - [2022-03-18 17:54:25,659] {dag.py:2398} INFO - Sync 1 DAGs
[2022-03-18 17:54:25,666] {logging_mixin.py:109} INFO - [2022-03-18 17:54:25,666] {dag.py:2937} INFO - Setting next_dagrun for tutorial to 2022-03-17T17:54:25.666349+00:00
[2022-03-18 17:54:25,673] {processor.py:171} INFO - Processing /Users/louisekirkham/Documents/linkedin_learning/Ex_Files_Data_Engineering_Foundations/airflow_env/lib/python3.9/site-packages/airflow/example_dags/tutorial.py took 0.060 seconds
[2022-03-18 17:55:48,159] {processor.py:163} INFO - Started process (PID=51248) to work on /Users/louisekirkham/Documents/linkedin_learning/Ex_Files_Data_Engineering_Foundations/airflow_env/lib/python3.9/site-packages/airflow/example_dags/tutorial.py
[2022-03-18 17:55:48,160] {processor.py:642} INFO - Processing file /Users/louisekirkham/Documents/linkedin_learning/Ex_Files_Data_Engineering_Foundations/airflow_env/lib/python3.9/site-packages/airflow/example_dags/tutorial.py for tasks to queue
[2022-03-18 17:55:48,161] {logging_mixin.py:109} INFO - [2022-03-18 17:55:48,161] {dagbag.py:500} INFO - Filling up the DagBag from /Users/louisekirkham/Documents/linkedin_learning/Ex_Files_Data_Engineering_Foundations/airflow_env/lib/python3.9/site-packages/airflow/example_dags/tutorial.py
[2022-03-18 17:55:48,196] {processor.py:654} INFO - DAG(s) dict_keys(['tutorial']) retrieved from /Users/louisekirkham/Documents/linkedin_learning/Ex_Files_Data_Engineering_Foundations/airflow_env/lib/python3.9/site-packages/airflow/example_dags/tutorial.py
[2022-03-18 17:55:48,215] {logging_mixin.py:109} INFO - [2022-03-18 17:55:48,215] {dag.py:2398} INFO - Sync 1 DAGs
[2022-03-18 17:55:48,224] {logging_mixin.py:109} INFO - [2022-03-18 17:55:48,224] {dag.py:2937} INFO - Setting next_dagrun for tutorial to 2022-03-17T17:55:48.224497+00:00
[2022-03-18 17:55:48,232] {processor.py:171} INFO - Processing /Users/louisekirkham/Documents/linkedin_learning/Ex_Files_Data_Engineering_Foundations/airflow_env/lib/python3.9/site-packages/airflow/example_dags/tutorial.py took 0.074 seconds
[2022-03-18 17:56:30,783] {processor.py:163} INFO - Started process (PID=51287) to work on /Users/louisekirkham/Documents/linkedin_learning/Ex_Files_Data_Engineering_Foundations/airflow_env/lib/python3.9/site-packages/airflow/example_dags/tutorial.py
[2022-03-18 17:56:30,784] {processor.py:642} INFO - Processing file /Users/louisekirkham/Documents/linkedin_learning/Ex_Files_Data_Engineering_Foundations/airflow_env/lib/python3.9/site-packages/airflow/example_dags/tutorial.py for tasks to queue
[2022-03-18 17:56:30,785] {logging_mixin.py:109} INFO - [2022-03-18 17:56:30,785] {dagbag.py:500} INFO - Filling up the DagBag from /Users/louisekirkham/Documents/linkedin_learning/Ex_Files_Data_Engineering_Foundations/airflow_env/lib/python3.9/site-packages/airflow/example_dags/tutorial.py
[2022-03-18 17:56:30,814] {processor.py:654} INFO - DAG(s) dict_keys(['tutorial']) retrieved from /Users/louisekirkham/Documents/linkedin_learning/Ex_Files_Data_Engineering_Foundations/airflow_env/lib/python3.9/site-packages/airflow/example_dags/tutorial.py
[2022-03-18 17:56:30,827] {logging_mixin.py:109} INFO - [2022-03-18 17:56:30,827] {dag.py:2398} INFO - Sync 1 DAGs
[2022-03-18 17:56:30,834] {logging_mixin.py:109} INFO - [2022-03-18 17:56:30,834] {dag.py:2937} INFO - Setting next_dagrun for tutorial to 2022-03-17T17:56:30.834687+00:00
[2022-03-18 17:56:30,841] {processor.py:171} INFO - Processing /Users/louisekirkham/Documents/linkedin_learning/Ex_Files_Data_Engineering_Foundations/airflow_env/lib/python3.9/site-packages/airflow/example_dags/tutorial.py took 0.059 seconds
[2022-03-18 17:57:14,033] {processor.py:163} INFO - Started process (PID=51309) to work on /Users/louisekirkham/Documents/linkedin_learning/Ex_Files_Data_Engineering_Foundations/airflow_env/lib/python3.9/site-packages/airflow/example_dags/tutorial.py
[2022-03-18 17:57:14,033] {processor.py:642} INFO - Processing file /Users/louisekirkham/Documents/linkedin_learning/Ex_Files_Data_Engineering_Foundations/airflow_env/lib/python3.9/site-packages/airflow/example_dags/tutorial.py for tasks to queue
[2022-03-18 17:57:14,033] {logging_mixin.py:109} INFO - [2022-03-18 17:57:14,033] {dagbag.py:500} INFO - Filling up the DagBag from /Users/louisekirkham/Documents/linkedin_learning/Ex_Files_Data_Engineering_Foundations/airflow_env/lib/python3.9/site-packages/airflow/example_dags/tutorial.py
[2022-03-18 17:57:14,061] {processor.py:654} INFO - DAG(s) dict_keys(['tutorial']) retrieved from /Users/louisekirkham/Documents/linkedin_learning/Ex_Files_Data_Engineering_Foundations/airflow_env/lib/python3.9/site-packages/airflow/example_dags/tutorial.py
[2022-03-18 17:57:14,075] {logging_mixin.py:109} INFO - [2022-03-18 17:57:14,075] {dag.py:2398} INFO - Sync 1 DAGs
[2022-03-18 17:57:14,083] {logging_mixin.py:109} INFO - [2022-03-18 17:57:14,082] {dag.py:2937} INFO - Setting next_dagrun for tutorial to 2022-03-17T17:57:14.082862+00:00
[2022-03-18 17:57:14,088] {processor.py:171} INFO - Processing /Users/louisekirkham/Documents/linkedin_learning/Ex_Files_Data_Engineering_Foundations/airflow_env/lib/python3.9/site-packages/airflow/example_dags/tutorial.py took 0.056 seconds
[2022-03-18 17:57:59,669] {processor.py:163} INFO - Started process (PID=51379) to work on /Users/louisekirkham/Documents/linkedin_learning/Ex_Files_Data_Engineering_Foundations/airflow_env/lib/python3.9/site-packages/airflow/example_dags/tutorial.py
[2022-03-18 17:57:59,671] {processor.py:642} INFO - Processing file /Users/louisekirkham/Documents/linkedin_learning/Ex_Files_Data_Engineering_Foundations/airflow_env/lib/python3.9/site-packages/airflow/example_dags/tutorial.py for tasks to queue
[2022-03-18 17:57:59,671] {logging_mixin.py:109} INFO - [2022-03-18 17:57:59,671] {dagbag.py:500} INFO - Filling up the DagBag from /Users/louisekirkham/Documents/linkedin_learning/Ex_Files_Data_Engineering_Foundations/airflow_env/lib/python3.9/site-packages/airflow/example_dags/tutorial.py
[2022-03-18 17:57:59,703] {processor.py:654} INFO - DAG(s) dict_keys(['tutorial']) retrieved from /Users/louisekirkham/Documents/linkedin_learning/Ex_Files_Data_Engineering_Foundations/airflow_env/lib/python3.9/site-packages/airflow/example_dags/tutorial.py
[2022-03-18 17:57:59,717] {logging_mixin.py:109} INFO - [2022-03-18 17:57:59,717] {dag.py:2398} INFO - Sync 1 DAGs
[2022-03-18 17:57:59,724] {logging_mixin.py:109} INFO - [2022-03-18 17:57:59,724] {dag.py:2937} INFO - Setting next_dagrun for tutorial to 2022-03-17T17:57:59.724763+00:00
[2022-03-18 17:57:59,731] {processor.py:171} INFO - Processing /Users/louisekirkham/Documents/linkedin_learning/Ex_Files_Data_Engineering_Foundations/airflow_env/lib/python3.9/site-packages/airflow/example_dags/tutorial.py took 0.063 seconds
[2022-03-18 17:58:47,419] {processor.py:163} INFO - Started process (PID=51475) to work on /Users/louisekirkham/Documents/linkedin_learning/Ex_Files_Data_Engineering_Foundations/airflow_env/lib/python3.9/site-packages/airflow/example_dags/tutorial.py
[2022-03-18 17:58:47,419] {processor.py:642} INFO - Processing file /Users/louisekirkham/Documents/linkedin_learning/Ex_Files_Data_Engineering_Foundations/airflow_env/lib/python3.9/site-packages/airflow/example_dags/tutorial.py for tasks to queue
[2022-03-18 17:58:47,420] {logging_mixin.py:109} INFO - [2022-03-18 17:58:47,420] {dagbag.py:500} INFO - Filling up the DagBag from /Users/louisekirkham/Documents/linkedin_learning/Ex_Files_Data_Engineering_Foundations/airflow_env/lib/python3.9/site-packages/airflow/example_dags/tutorial.py
[2022-03-18 17:58:47,455] {processor.py:654} INFO - DAG(s) dict_keys(['tutorial']) retrieved from /Users/louisekirkham/Documents/linkedin_learning/Ex_Files_Data_Engineering_Foundations/airflow_env/lib/python3.9/site-packages/airflow/example_dags/tutorial.py
[2022-03-18 17:58:47,470] {logging_mixin.py:109} INFO - [2022-03-18 17:58:47,470] {dag.py:2398} INFO - Sync 1 DAGs
[2022-03-18 17:58:47,479] {logging_mixin.py:109} INFO - [2022-03-18 17:58:47,479] {dag.py:2937} INFO - Setting next_dagrun for tutorial to 2022-03-17T17:58:47.479688+00:00
[2022-03-18 17:58:47,487] {processor.py:171} INFO - Processing /Users/louisekirkham/Documents/linkedin_learning/Ex_Files_Data_Engineering_Foundations/airflow_env/lib/python3.9/site-packages/airflow/example_dags/tutorial.py took 0.069 seconds
[2022-03-18 17:59:30,567] {processor.py:163} INFO - Started process (PID=51514) to work on /Users/louisekirkham/Documents/linkedin_learning/Ex_Files_Data_Engineering_Foundations/airflow_env/lib/python3.9/site-packages/airflow/example_dags/tutorial.py
[2022-03-18 17:59:30,568] {processor.py:642} INFO - Processing file /Users/louisekirkham/Documents/linkedin_learning/Ex_Files_Data_Engineering_Foundations/airflow_env/lib/python3.9/site-packages/airflow/example_dags/tutorial.py for tasks to queue
[2022-03-18 17:59:30,568] {logging_mixin.py:109} INFO - [2022-03-18 17:59:30,568] {dagbag.py:500} INFO - Filling up the DagBag from /Users/louisekirkham/Documents/linkedin_learning/Ex_Files_Data_Engineering_Foundations/airflow_env/lib/python3.9/site-packages/airflow/example_dags/tutorial.py
[2022-03-18 17:59:30,599] {processor.py:654} INFO - DAG(s) dict_keys(['tutorial']) retrieved from /Users/louisekirkham/Documents/linkedin_learning/Ex_Files_Data_Engineering_Foundations/airflow_env/lib/python3.9/site-packages/airflow/example_dags/tutorial.py
[2022-03-18 17:59:30,614] {logging_mixin.py:109} INFO - [2022-03-18 17:59:30,614] {dag.py:2398} INFO - Sync 1 DAGs
[2022-03-18 17:59:30,622] {logging_mixin.py:109} INFO - [2022-03-18 17:59:30,622] {dag.py:2937} INFO - Setting next_dagrun for tutorial to 2022-03-17T17:59:30.622097+00:00
[2022-03-18 17:59:30,630] {processor.py:171} INFO - Processing /Users/louisekirkham/Documents/linkedin_learning/Ex_Files_Data_Engineering_Foundations/airflow_env/lib/python3.9/site-packages/airflow/example_dags/tutorial.py took 0.063 seconds
[2022-03-18 21:01:26,247] {processor.py:163} INFO - Started process (PID=51620) to work on /Users/louisekirkham/Documents/linkedin_learning/Ex_Files_Data_Engineering_Foundations/airflow_env/lib/python3.9/site-packages/airflow/example_dags/tutorial.py
[2022-03-18 21:01:26,248] {processor.py:642} INFO - Processing file /Users/louisekirkham/Documents/linkedin_learning/Ex_Files_Data_Engineering_Foundations/airflow_env/lib/python3.9/site-packages/airflow/example_dags/tutorial.py for tasks to queue
[2022-03-18 21:01:26,248] {logging_mixin.py:109} INFO - [2022-03-18 21:01:26,248] {dagbag.py:500} INFO - Filling up the DagBag from /Users/louisekirkham/Documents/linkedin_learning/Ex_Files_Data_Engineering_Foundations/airflow_env/lib/python3.9/site-packages/airflow/example_dags/tutorial.py
[2022-03-18 21:01:26,285] {processor.py:654} INFO - DAG(s) dict_keys(['tutorial']) retrieved from /Users/louisekirkham/Documents/linkedin_learning/Ex_Files_Data_Engineering_Foundations/airflow_env/lib/python3.9/site-packages/airflow/example_dags/tutorial.py
[2022-03-18 21:01:26,301] {logging_mixin.py:109} INFO - [2022-03-18 21:01:26,301] {dag.py:2398} INFO - Sync 1 DAGs
[2022-03-18 21:01:26,310] {logging_mixin.py:109} INFO - [2022-03-18 21:01:26,310] {dag.py:2937} INFO - Setting next_dagrun for tutorial to 2022-03-17T21:01:26.309540+00:00
[2022-03-18 21:01:26,317] {processor.py:171} INFO - Processing /Users/louisekirkham/Documents/linkedin_learning/Ex_Files_Data_Engineering_Foundations/airflow_env/lib/python3.9/site-packages/airflow/example_dags/tutorial.py took 0.071 seconds
